[2025-02-15T17:17:34.754+0000] {processor.py:186} INFO - Started process (PID=76) to work on /home/airflow/.local/lib/python3.12/site-packages/airflow/example_dags/example_kubernetes_executor.py
[2025-02-15T17:17:34.757+0000] {processor.py:914} INFO - Processing file /home/airflow/.local/lib/python3.12/site-packages/airflow/example_dags/example_kubernetes_executor.py for tasks to queue
[2025-02-15T17:17:34.760+0000] {logging_mixin.py:190} INFO - [2025-02-15T17:17:34.760+0000] {dagbag.py:588} INFO - Filling up the DagBag from /home/airflow/.local/lib/python3.12/site-packages/airflow/example_dags/example_kubernetes_executor.py
[2025-02-15T17:17:35.093+0000] {processor.py:925} INFO - DAG(s) 'example_kubernetes_executor' retrieved from /home/airflow/.local/lib/python3.12/site-packages/airflow/example_dags/example_kubernetes_executor.py
[2025-02-15T17:17:35.201+0000] {logging_mixin.py:190} INFO - [2025-02-15T17:17:35.200+0000] {dag.py:3239} INFO - Sync 1 DAGs
[2025-02-15T17:17:35.256+0000] {logging_mixin.py:190} INFO - [2025-02-15T17:17:35.255+0000] {dag.py:4180} INFO - Setting next_dagrun for example_kubernetes_executor to None, run_after=None
[2025-02-15T17:17:35.311+0000] {processor.py:208} INFO - Processing /home/airflow/.local/lib/python3.12/site-packages/airflow/example_dags/example_kubernetes_executor.py took 0.575 seconds
[2025-02-15T17:19:17.063+0000] {processor.py:186} INFO - Started process (PID=134) to work on /home/airflow/.local/lib/python3.12/site-packages/airflow/example_dags/example_kubernetes_executor.py
[2025-02-15T17:19:17.069+0000] {processor.py:914} INFO - Processing file /home/airflow/.local/lib/python3.12/site-packages/airflow/example_dags/example_kubernetes_executor.py for tasks to queue
[2025-02-15T17:19:17.078+0000] {logging_mixin.py:190} INFO - [2025-02-15T17:19:17.078+0000] {dagbag.py:588} INFO - Filling up the DagBag from /home/airflow/.local/lib/python3.12/site-packages/airflow/example_dags/example_kubernetes_executor.py
[2025-02-15T17:19:17.123+0000] {processor.py:925} INFO - DAG(s) 'example_kubernetes_executor' retrieved from /home/airflow/.local/lib/python3.12/site-packages/airflow/example_dags/example_kubernetes_executor.py
[2025-02-15T17:19:17.210+0000] {logging_mixin.py:190} INFO - [2025-02-15T17:19:17.209+0000] {dag.py:3239} INFO - Sync 1 DAGs
[2025-02-15T17:19:17.285+0000] {logging_mixin.py:190} INFO - [2025-02-15T17:19:17.285+0000] {dag.py:4180} INFO - Setting next_dagrun for example_kubernetes_executor to None, run_after=None
[2025-02-15T17:19:17.312+0000] {processor.py:208} INFO - Processing /home/airflow/.local/lib/python3.12/site-packages/airflow/example_dags/example_kubernetes_executor.py took 0.278 seconds
[2025-02-15T17:19:53.825+0000] {processor.py:186} INFO - Started process (PID=201) to work on /home/airflow/.local/lib/python3.12/site-packages/airflow/example_dags/example_kubernetes_executor.py
[2025-02-15T17:19:53.827+0000] {processor.py:914} INFO - Processing file /home/airflow/.local/lib/python3.12/site-packages/airflow/example_dags/example_kubernetes_executor.py for tasks to queue
[2025-02-15T17:19:53.831+0000] {logging_mixin.py:190} INFO - [2025-02-15T17:19:53.830+0000] {dagbag.py:588} INFO - Filling up the DagBag from /home/airflow/.local/lib/python3.12/site-packages/airflow/example_dags/example_kubernetes_executor.py
[2025-02-15T17:19:53.896+0000] {processor.py:925} INFO - DAG(s) 'example_kubernetes_executor' retrieved from /home/airflow/.local/lib/python3.12/site-packages/airflow/example_dags/example_kubernetes_executor.py
[2025-02-15T17:19:53.975+0000] {logging_mixin.py:190} INFO - [2025-02-15T17:19:53.974+0000] {dag.py:3239} INFO - Sync 1 DAGs
[2025-02-15T17:19:54.030+0000] {logging_mixin.py:190} INFO - [2025-02-15T17:19:54.030+0000] {dag.py:4180} INFO - Setting next_dagrun for example_kubernetes_executor to None, run_after=None
[2025-02-15T17:19:54.128+0000] {processor.py:208} INFO - Processing /home/airflow/.local/lib/python3.12/site-packages/airflow/example_dags/example_kubernetes_executor.py took 0.332 seconds
[2025-02-15T17:20:25.555+0000] {processor.py:186} INFO - Started process (PID=259) to work on /home/airflow/.local/lib/python3.12/site-packages/airflow/example_dags/example_kubernetes_executor.py
[2025-02-15T17:20:25.566+0000] {processor.py:914} INFO - Processing file /home/airflow/.local/lib/python3.12/site-packages/airflow/example_dags/example_kubernetes_executor.py for tasks to queue
[2025-02-15T17:20:25.569+0000] {logging_mixin.py:190} INFO - [2025-02-15T17:20:25.568+0000] {dagbag.py:588} INFO - Filling up the DagBag from /home/airflow/.local/lib/python3.12/site-packages/airflow/example_dags/example_kubernetes_executor.py
[2025-02-15T17:20:25.614+0000] {processor.py:925} INFO - DAG(s) 'example_kubernetes_executor' retrieved from /home/airflow/.local/lib/python3.12/site-packages/airflow/example_dags/example_kubernetes_executor.py
[2025-02-15T17:20:25.654+0000] {logging_mixin.py:190} INFO - [2025-02-15T17:20:25.654+0000] {dag.py:3239} INFO - Sync 1 DAGs
[2025-02-15T17:20:25.685+0000] {logging_mixin.py:190} INFO - [2025-02-15T17:20:25.685+0000] {dag.py:4180} INFO - Setting next_dagrun for example_kubernetes_executor to None, run_after=None
[2025-02-15T17:20:25.725+0000] {processor.py:208} INFO - Processing /home/airflow/.local/lib/python3.12/site-packages/airflow/example_dags/example_kubernetes_executor.py took 0.183 seconds
[2025-02-15T17:21:03.956+0000] {processor.py:186} INFO - Started process (PID=324) to work on /home/airflow/.local/lib/python3.12/site-packages/airflow/example_dags/example_kubernetes_executor.py
[2025-02-15T17:21:03.961+0000] {processor.py:914} INFO - Processing file /home/airflow/.local/lib/python3.12/site-packages/airflow/example_dags/example_kubernetes_executor.py for tasks to queue
[2025-02-15T17:21:03.966+0000] {logging_mixin.py:190} INFO - [2025-02-15T17:21:03.965+0000] {dagbag.py:588} INFO - Filling up the DagBag from /home/airflow/.local/lib/python3.12/site-packages/airflow/example_dags/example_kubernetes_executor.py
[2025-02-15T17:21:04.014+0000] {processor.py:925} INFO - DAG(s) 'example_kubernetes_executor' retrieved from /home/airflow/.local/lib/python3.12/site-packages/airflow/example_dags/example_kubernetes_executor.py
[2025-02-15T17:21:04.070+0000] {logging_mixin.py:190} INFO - [2025-02-15T17:21:04.070+0000] {dag.py:3239} INFO - Sync 1 DAGs
[2025-02-15T17:21:04.768+0000] {logging_mixin.py:190} INFO - [2025-02-15T17:21:04.768+0000] {dag.py:4180} INFO - Setting next_dagrun for example_kubernetes_executor to None, run_after=None
[2025-02-15T17:21:07.190+0000] {processor.py:208} INFO - Processing /home/airflow/.local/lib/python3.12/site-packages/airflow/example_dags/example_kubernetes_executor.py took 3.263 seconds
[2025-02-15T17:21:37.730+0000] {processor.py:186} INFO - Started process (PID=382) to work on /home/airflow/.local/lib/python3.12/site-packages/airflow/example_dags/example_kubernetes_executor.py
[2025-02-15T17:21:37.731+0000] {processor.py:914} INFO - Processing file /home/airflow/.local/lib/python3.12/site-packages/airflow/example_dags/example_kubernetes_executor.py for tasks to queue
[2025-02-15T17:21:37.736+0000] {logging_mixin.py:190} INFO - [2025-02-15T17:21:37.736+0000] {dagbag.py:588} INFO - Filling up the DagBag from /home/airflow/.local/lib/python3.12/site-packages/airflow/example_dags/example_kubernetes_executor.py
[2025-02-15T17:21:37.813+0000] {processor.py:925} INFO - DAG(s) 'example_kubernetes_executor' retrieved from /home/airflow/.local/lib/python3.12/site-packages/airflow/example_dags/example_kubernetes_executor.py
[2025-02-15T17:21:37.862+0000] {logging_mixin.py:190} INFO - [2025-02-15T17:21:37.862+0000] {dag.py:3239} INFO - Sync 1 DAGs
[2025-02-15T17:21:38.024+0000] {logging_mixin.py:190} INFO - [2025-02-15T17:21:38.024+0000] {dag.py:4180} INFO - Setting next_dagrun for example_kubernetes_executor to None, run_after=None
[2025-02-15T17:21:40.988+0000] {processor.py:208} INFO - Processing /home/airflow/.local/lib/python3.12/site-packages/airflow/example_dags/example_kubernetes_executor.py took 3.297 seconds
[2025-02-15T17:22:12.428+0000] {processor.py:186} INFO - Started process (PID=441) to work on /home/airfl