[2025-02-15T17:17:12.907+0000] {processor.py:186} INFO - Started process (PID=30) to work on /home/airflow/.local/lib/python3.12/site-packages/airflow/example_dags/example_display_name.py
[2025-02-15T17:17:12.908+0000] {processor.py:914} INFO - Processing file /home/airflow/.local/lib/python3.12/site-packages/airflow/example_dags/example_display_name.py for tasks to queue
[2025-02-15T17:17:12.911+0000] {logging_mixin.py:190} INFO - [2025-02-15T17:17:12.911+0000] {dagbag.py:588} INFO - Filling up the DagBag from /home/airflow/.local/lib/python3.12/site-packages/airflow/example_dags/example_display_name.py
[2025-02-15T17:17:12.919+0000] {processor.py:925} INFO - DAG(s) 'example_display_name' retrieved from /home/airflow/.local/lib/python3.12/site-packages/airflow/example_dags/example_display_name.py
[2025-02-15T17:17:12.948+0000] {logging_mixin.py:190} INFO - [2025-02-15T17:17:12.948+0000] {dag.py:3239} INFO - Sync 1 DAGs
[2025-02-15T17:17:12.964+0000] {logging_mixin.py:190} INFO - [2025-02-15T17:17:12.963+0000] {dag.py:4180} INFO - Setting next_dagrun for example_display_name to None, run_after=None
[2025-02-15T17:17:13.060+0000] {processor.py:208} INFO - Processing /home/airflow/.local/lib/python3.12/site-packages/airflow/example_dags/example_display_name.py took 0.162 seconds
[2025-02-15T17:17:46.291+0000] {processor.py:186} INFO - Started process (PID=88) to work on /home/airflow/.local/lib/python3.12/site-packages/airflow/example_dags/example_display_name.py
[2025-02-15T17:17:46.293+0000] {processor.py:914} INFO - Processing file /home/airflow/.local/lib/python3.12/site-packages/airflow/example_dags/example_display_name.py for tasks to queue
[2025-02-15T17:17:46.301+0000] {logging_mixin.py:190} INFO - [2025-02-15T17:17:46.301+0000] {dagbag.py:588} INFO - Filling up the DagBag from /home/airflow/.local/lib/python3.12/site-packages/airflow/example_dags/example_display_name.py
[2025-02-15T17:17:46.323+0000] {processor.py:925} INFO - DAG(s) 'example_display_name' retrieved from /home/airflow/.local/lib/python3.12/site-packages/airflow/example_dags/example_display_name.py
[2025-02-15T17:17:46.372+0000] {logging_mixin.py:190} INFO - [2025-02-15T17:17:46.371+0000] {dag.py:3239} INFO - Sync 1 DAGs
[2025-02-15T17:17:46.407+0000] {logging_mixin.py:190} INFO - [2025-02-15T17:17:46.407+0000] {dag.py:4180} INFO - Setting next_dagrun for example_display_name to None, run_after=None
[2025-02-15T17:17:48.164+0000] {processor.py:208} INFO - Processing /home/airflow/.local/lib/python3.12/site-packages/airflow/example_dags/example_display_name.py took 1.908 seconds
[2025-02-15T17:19:17.931+0000] {processor.py:186} INFO - Started process (PID=138) to work on /home/airflow/.local/lib/python3.12/site-packages/airflow/example_dags/example_display_name.py
[2025-02-15T17:19:17.933+0000] {processor.py:914} INFO - Processing file /home/airflow/.local/lib/python3.12/site-packages/airflow/example_dags/example_display_name.py for tasks to queue
[2025-02-15T17:19:17.936+0000] {logging_mixin.py:190} INFO - [2025-02-15T17:19:17.935+0000] {dagbag.py:588} INFO - Filling up the DagBag from /home/airflow/.local/lib/python3.12/site-packages/airflow/example_dags/example_display_name.py
[2025-02-15T17:19:17.949+0000] {processor.py:925} INFO - DAG(s) 'example_display_name' retrieved from /home/airflow/.local/lib/python3.12/site-packages/airflow/example_dags/example_display_name.py
[2025-02-15T17:19:18.024+0000] {logging_mixin.py:190} INFO - [2025-02-15T17:19:18.021+0000] {dag.py:3239} INFO - Sync 1 DAGs
[2025-02-15T17:19:18.098+0000] {logging_mixin.py:190} INFO - [2025-02-15T17:19:18.098+0000] {dag.py:4180} INFO - Setting next_dagrun for example_display_name to None, run_after=None
[2025-02-15T17:19:18.170+0000] {processor.py:208} INFO - Processing /home/airflow/.local/lib/python3.12/site-packages/airflow/example_dags/example_display_name.py took 0.259 seconds
[2025-02-15T17:19:50.064+0000] {processor.py:186} INFO - Started process (PID=190) to work on /home/airflow/.local/lib/python3.12/site-packages/airflow/example_dags/example_display_name.py
[2025-02-15T17:19:50.065+0000] {processor.py:914} INFO - Processing file /home/airflow/.local/lib/python3.12/site-packages/airflow/example_dags/example_display_name.py for tasks to queue
[2025-02-15T17:19:50.069+0000] {logging_mixin.py:190} INFO - [2025-02-15T17:19:50.068+0000] {dagbag.py:588} INFO - Filling up the DagBag from /home/airflow/.local/lib/python3.12/site-packages/airflow/example_dags/example_display_name.py
[2025-02-15T17:19:50.102+0000] {processor.py:925} INFO - DAG(s) 'example_display_name' retrieved from /home/airflow/.local/lib/python3.12/site-packages/airflow/example_dags/example_display_name.py
[2025-02-15T17:19:50.147+0000] {logging_mixin.py:190} INFO - [2025-02-15T17:19:50.146+0000] {dag.py:3239} INFO - Sync 1 DAGs
[2025-02-15T17:19:50.196+0000] {logging_mixin.py:190} INFO - [2025-02-15T17:19:50.195+0000] {dag.py:4180} INFO - Setting next_dagrun for example_display_name to None, run_after=None
[2025-02-15T17:19:50.285+0000] {processor.py:208} INFO - Processing /home/airflow/.local/lib/python3.12/site-packages/airflow/example_dags/example_display_name.py took 0.228 seconds
[2025-02-15T17:20:21.803+0000] {processor.py:186} INFO - Started process (PID=248) to work on /home/airflow/.local/lib/python3.12/site-packages/airflow/example_dags/example_display_name.py
[2025-02-15T17:20:21.805+0000] {processor.py:914} INFO - Processing file /home/airflow/.local/lib/python3.12/site-packages/airflow/example_dags/example_display_name.py for tasks to queue
[2025-02-15T17:20:21.812+0000] {logging_mixin.py:190} INFO - [2025-02-15T17:20:21.811+0000] {dagbag.py:588} INFO - Filling up the DagBag from /home/airflow/.local/lib/python3.12/site-packages/airflow/example_dags/example_display_name.py
[2025-02-15T17:20:21.827+0000] {processor.py:925} INFO - DAG(s) 'example_display_name' retrieved from /home/airflow/.local/lib/python3.12/site-packages/airflow/example_dags/example_display_name.py
[2025-02-15T17:20:21.861+0000] {logging_mixin.py:190} INFO - [2025-02-15T17:20:21.857+0000] {dag.py:3239} INFO - Sync 1 DAGs
[2025-02-15T17:20:21.900+0000] {logging_mixin.py:190} INFO - [2025-02-15T17:20:21.900+0000] {dag.py:4180} INFO - Setting next_dagrun for example_display_name to None, run_after=None
[2025-02-15T17:20:21.945+0000] {processor.py:208} INFO - Processing /home/airflow/.local/lib/python3.12/site-packages/airflow/example_dags/example_display_name.py took 0.150 seconds
[2025-02-15T17:20:52.973+0000] {processor.py:186} INFO - Started process (PID=306) to work on /home/airflow/.local/lib/python3.12/site-packages/airflow/example_dags/example_display_name.py
[2025-02-15T17:20:52.976+0000] {processor.py:914} INFO - Processing file /home/airflow/.local/lib/python3.12/site-packages/airflow/example_dags/example_display_name.py for tasks to queue
[2025-02-15T17:20:52.985+0000] {logging_mixin.py:190} INFO - [2025-02-15T17:20:52.985+0000] {dagbag.py:588} INFO - Filling up the DagBag from /home/airflow/.local/lib/python3.12/site-packages/airflow/example_dags/example_display_name.py
[2025-02-15T17:20:53.023+0000] {processor.py:925} INFO - DAG(s) 'example_display_name' retrieved from /home/airflow/.local/lib/python3.12/site-packages/airflow/example_dags/example_display_name.py
[2025-02-15T17:20:53.125+0000] {logging_mixin.py:190} INFO - [2025-02-15T17:20:53.121+0000] {dag.py:3239} INFO - Sync 1 DAGs
[2025-02-15T17:20:53.184+0000] {logging_mixin.py:190} INFO - [2025-02-15T17:20:53.184+0000] {dag.py:4180} INFO - Setting next_dagrun for example_display_name to None, run_after=None
[2025-02-15T17:20:53.830+0000] {processor.py:208} INFO - Processing /home/airflow/.local/lib/python3.12/site-packages/airflow/example_dags/example_display_name.py took 0.874 seconds
[2025-02-15T17:21:25.552+0000] {processor.py:186} INFO - Started process (PID=361) to work on /home/airflow/.local/lib/python3.12/site-packages/airflow/example_dags/example_display_name.py
[2025-02-15T17:21:25.561+0000] {processor.py:914} INFO - Processing file /home/airflow/.local/lib/python3.12/site-packages/airflow/example_dags/example_display_name.py for tasks to queue
[2025-02-15T17:21:25.568+0000] {logging_mixin.py:190} INFO - [2025-02-15T17:21:25.568+0000] {dagbag.py:588} INFO - Filling up the DagBag from /home/airflow/.local/lib/python3.12/site-packages/airflow/example_dags/example_display_name.py
[2025-02-15T17:21:25.587+0000] {processor.py:925} INFO - DAG(s) 'example_display_name' retrieved from /home/airflow/.local/lib/python3.12/site-packages/airflow/example_dags/example_display_name.py
[2025-02-15T17:21:25.621+0000] {logging_mixin.py:190} INFO - [2025-02-15T17:21:25.621+0000] {dag.py:3239} INFO - Sync 1 DAGs
[2025-02-15T17:21:25.648+0000] {logging_mixin.py:190} INFO - [2025-02-15T17:21:25.648+0000] {dag.py:4180} INFO - Setting next_dagrun for example_display_name to None, run_after=None
[2025-02-15T17:21:25.696+0000] {processor.py:208} INFO - Processing /home/airflow/.local/lib/python3.12/site-packages/airflow/example_dags/example_display_name.py took 0.150 seconds
[2025-02-15T17:22:01.886+0000] {processor.py:186} INFO - Started process (PID=417) to work on /home/airflow/.local/lib/python3.12/site-packages/airflow/example_dags/example_display_name.py
[2025-02-15T17:22:01.892+0000] {processor.py:914} INFO - Processing file /home/airflow/.local/lib/python3.12/site-packages/airflow/example_dags/example_display_name.py for tasks to queue
[2025-02-15T17:22:01.894+0000] {logging_mixin.py:190} INFO - [2025-02-15T17:22:01.894+0000] {dagbag.py:588} INFO - Filling up the DagBag from /home/airflow/.local/lib/python3.12/site-packages/airflow/example_dags/example_display_name.py
[2025-02-15T17:22:01.963+0000] {processor.py:925} INFO - DAG(s) 'example_display_name' retrieved from /home/airflow/.local/lib/python3.12/site-packages/airflow/example_dags/example_display_name.py
[2025-02-15T17:22:02.068+0000] {logging_mixin.py:190} INFO - [2025-02-15T17:22:02.065+0000] {dag.py:3239} INFO - Sync 1 DAGs
[2025-02-15T17:22:02.131+0000] {logging_mixin.py:190} INFO - [2025-02-15T17:22:02.131+0000] {dag.py:4180} INFO - Setting next_dagrun for example_display_name to None, run_after=None
[2025-02-15T17:22:02.188+0000] {processor.py:208} INFO - Processing /home/airflow/.local/lib/python3.12/site-packages/airflow/example_dags/example_display_name.py took 0.321 seconds
[2025-02-15T17:22:33.471+0000] {processor.py:186} INFO - Started process (PID=472) to work on /home/airflow/.local/lib/python3.12/site-packages/airflow/example_dags/example_display_name.py
[2025-02-15T17:22:33.473+0000] {processor.py:914} INFO - Processing file /home/airflow/.local/lib/python3.12/site-packages/airflow/example_dags/example_display_name.py for tasks to queue
[2025-02-15T17:22:33.476+0000] {logging_mixin.py:190} INFO - [2025-02-15T17:22:33.476+0000] {dagbag.py:588} INFO - Filling up the DagBag from /home/airflow/.local/lib/python3.12/site-packages/airflow/example_dags/example_display_name.py
[2025-02-15T17:22:33.488+0000] {processor.py:925} INFO - DAG(s) 'example_display_name' retrieved from /home/airflow/.local/lib/python3.12/site-packages/airflow/example_dags/example_display_name.py
[2025-02-15T17:22:33.517+0000] {logging_mixin.py:190} INFO - [2025-02-15T17:22:33.516+0000] {dag.py:3239} INFO - Sync 1 DAGs
[2025-02-15T17:22:33.794+0000] {logging_mixin.py:190} INFO - [2025-02-15T17:22:33.794+0000] {dag.py:4180} INFO - Setting next_dagrun for example_display_name to None, run_after=None
[2025-02-15T17:22:33.830+0000] {processor.py:208} INFO - Processing /home/airflow/.local/lib/python3.12/site-packages/airflow/example_dags/example_display_name.py took 0.374 seconds
[2025-02-15T17:23:05.348+0000] {processor.py:186} INFO - Started process (PID=530) to work on /home/airflow/.local/lib/python3.12/site-packages/airflow/example_dags/example_display_name.py
[2025-02-15T17:23:05.356+0000] {processor.py:914} INFO - Processing file /home/airflow/.local/lib/python3.12/site-packages/airflow/example_dags/example_display_name.py for tasks to queue
[2025-02-15T17:23:05.366+0000] {logging_mixin.py:190} INFO - [2025-02-15T17:23:05.365+0000] {dagbag.py:588} INFO - Filling up the DagBag from /home/airflow/.local/lib/python3.12/site-packages/airflow/example_dags/example_di