[2025-02-15T17:17:23.294+0000] {processor.py:186} INFO - Started process (PID=57) to work on /home/airflow/.local/lib/python3.12/site-packages/airflow/example_dags/example_dag_decorator.py
[2025-02-15T17:17:23.295+0000] {processor.py:914} INFO - Processing file /home/airflow/.local/lib/python3.12/site-packages/airflow/example_dags/example_dag_decorator.py for tasks to queue
[2025-02-15T17:17:23.300+0000] {logging_mixin.py:190} INFO - [2025-02-15T17:17:23.300+0000] {dagbag.py:588} INFO - Filling up the DagBag from /home/airflow/.local/lib/python3.12/site-packages/airflow/example_dags/example_dag_decorator.py
[2025-02-15T17:17:25.856+0000] {processor.py:925} INFO - DAG(s) 'example_dag_decorator' retrieved from /home/airflow/.local/lib/python3.12/site-packages/airflow/example_dags/example_dag_decorator.py
[2025-02-15T17:17:26.526+0000] {logging_mixin.py:190} INFO - [2025-02-15T17:17:26.525+0000] {dag.py:3239} INFO - Sync 1 DAGs
[2025-02-15T17:17:26.560+0000] {logging_mixin.py:190} INFO - [2025-02-15T17:17:26.559+0000] {dag.py:4180} INFO - Setting next_dagrun for example_dag_decorator to None, run_after=None
[2025-02-15T17:17:26.723+0000] {processor.py:208} INFO - Processing /home/airflow/.local/lib/python3.12/site-packages/airflow/example_dags/example_dag_decorator.py took 3.438 seconds
[2025-02-15T17:18:49.331+0000] {processor.py:186} INFO - Started process (PID=115) to work on /home/airflow/.local/lib/python3.12/site-packages/airflow/example_dags/example_dag_decorator.py
[2025-02-15T17:18:49.337+0000] {processor.py:914} INFO - Processing file /home/airflow/.local/lib/python3.12/site-packages/airflow/example_dags/example_dag_decorator.py for tasks to queue
[2025-02-15T17:18:49.340+0000] {logging_mixin.py:190} INFO - [2025-02-15T17:18:49.339+0000] {dagbag.py:588} INFO - Filling up the DagBag from /home/airflow/.local/lib/python3.12/site-packages/airflow/example_dags/example_dag_decorator.py
[2025-02-15T17:18:50.389+0000] {processor.py:925} INFO - DAG(s) 'example_dag_decorator' retrieved from /home/airflow/.local/lib/python3.12/site-packages/airflow/example_dags/example_dag_decorator.py
[2025-02-15T17:18:50.863+0000] {logging_mixin.py:190} INFO - [2025-02-15T17:18:50.862+0000] {dag.py:3239} INFO - Sync 1 DAGs
[2025-02-15T17:18:50.917+0000] {logging_mixin.py:190} INFO - [2025-02-15T17:18:50.909+0000] {dag.py:4180} INFO - Setting next_dagrun for example_dag_decorator to None, run_after=None
[2025-02-15T17:18:56.848+0000] {processor.py:208} INFO - Processing /home/airflow/.local/lib/python3.12/site-packages/airflow/example_dags/example_dag_decorator.py took 7.538 seconds
[2025-02-15T17:19:27.870+0000] {processor.py:186} INFO - Started process (PID=174) to work on /home/airflow/.local/lib/python3.12/site-packages/airflow/example_dags/example_dag_decorator.py
[2025-02-15T17:19:27.871+0000] {processor.py:914} INFO - Processing file /home/airflow/.local/lib/python3.12/site-packages/airflow/example_dags/example_dag_decorator.py for tasks to queue
[2025-02-15T17:19:27.874+0000] {logging_mixin.py:190} INFO - [2025-02-15T17:19:27.874+0000] {dagbag.py:588} INFO - Filling up the DagBag from /home/airflow/.local/lib/python3.12/site-packages/airflow/example_dags/example_dag_decorator.py
[2025-02-15T17:19:28.757+0000] {processor.py:925} INFO - DAG(s) 'example_dag_decorator' retrieved from /home/airflow/.local/lib/python3.12/site-packages/airflow/example_dags/example_dag_decorator.py
[2025-02-15T17:19:28.911+0000] {logging_mixin.py:190} INFO - [2025-02-15T17:19:28.910+0000] {dag.py:3239} INFO - Sync 1 DAGs
[2025-02-15T17:19:28.929+0000] {logging_mixin.py:190} INFO - [2025-02-15T17:19:28.929+0000] {dag.py:4180} INFO - Setting next_dagrun for example_dag_decorator to None, run_after=None
[2025-02-15T17:19:29.558+0000] {processor.py:208} INFO - Processing /home/airflow/.local/lib/python3.12/site-packages/airflow/example_dags/example_dag_decorator.py took 1.721 seconds
[2025-02-15T17:20:04.939+0000] {processor.py:186} INFO - Started process (PID=223) to work on /home/airflow/.local/lib/python3.12/site-packages/airflow/example_dags/example_dag_decorator.py
[2025-02-15T17:20:04.944+0000] {processor.py:914} INFO - Processing file /home/airflow/.local/lib/python3.12/site-packages/airflow/example_dags/example_dag_decorator.py for tasks to queue
[2025-02-15T17:20:04.947+0000] {logging_mixin.py:190} INFO - [2025-02-15T17:20:04.947+0000] {dagbag.py:588} INFO - Filling up the DagBag from /home/airflow/.local/lib/python3.12/site-packages/airflow/example_dags/example_dag_decorator.py
[2025-02-15T17:20:05.494+0000] {processor.py:925} INFO - DAG(s) 'example_dag_decorator' retrieved from /home/airflow/.local/lib/python3.12/site-packages/airflow/example_dags/example_dag_decorator.py
[2025-02-15T17:20:05.766+0000] {logging_mixin.py:190} INFO - [2025-02-15T17:20:05.765+0000] {dag.py:3239} INFO - Sync 1 DAGs
[2025-02-15T17:20:05.810+0000] {logging_mixin.py:190} INFO - [2025-02-15T17:20:05.810+0000] {dag.py:4180} INFO - Setting next_dagrun for example_dag_decorator to None, run_after=None
[2025-02-15T17:20:06.105+0000] {processor.py:208} INFO - Processing /home/airflow/.local/lib/python3.12/site-packages/airflow/example_dags/example_dag_decorator.py took 1.184 seconds
[2025-02-15T17:20:36.295+0000] {processor.py:186} INFO - Started process (PID=281) to work on /home/airflow/.local/lib/python3.12/site-packages/airflow/example_dags/example_dag_decorator.py
[2025-02-15T17:20:36.296+0000] {processor.py:914} INFO - Processing file /home/airflow/.local/lib/python3.12/site-packages/airflow/example_dags/example_dag_decorator.py for tasks to queue
[2025-02-15T17:20:36.303+0000] {logging_mixin.py:190} INFO - [2025-02-15T17:20:36.303+0000] {dagbag.py:588} INFO - Filling up the DagBag from /home/airflow/.local/lib/python3.12/site-packages/airflow/example_dags/example_dag_decorator.py
[2025-02-15T17:20:37.401+0000] {processor.py:925} INFO - DAG(s) 'example_dag_decorator' retrieved from /home/airflow/.local/lib/python3.12/site-packages/airflow/example_dags/example_dag_decorator.py
[2025-02-15T17:20:37.685+0000] {logging_mixin.py:190} INFO - [2025-02-15T17:20:37.684+0000] {dag.py:3239} INFO - Sync 1 DAGs
[2025-02-15T17:20:37.749+0000] {logging_mixin.py:190} INFO - [2025-02-15T17:20:37.748+0000] {dag.py:4180} INFO - Setting next_dagrun for example_dag_decorator to None, run_after=None
[2025-02-15T17:20:38.061+0000] {processor.py:208} INFO - Processing /home/airflow/.local/lib/python3.12/site-packages/airflow/example_dags/example_dag_decorator.py took 1.775 seconds
[2025-02-15T17:21:13.396+0000] {processor.py:186} INFO - Started process (PID=339) to work on /home/airflow/.local/lib/python3.12/site-packages/airflow/example_dags/example_dag_decorator.py
[2025-02-15T17:21:13.397+0000] {processor.py:914} INFO - Processing file /home/airflow/.local/lib/python3.12/site-packages/airflow/example_dags/example_dag_decorator.py for tasks to queue
[2025-02-15T17:21:13.399+0000] {logging_mixin.py:190} INFO - [2025-02-15T17:21:13.399+0000] {dagbag.py:588} INFO - Filling up the DagBag from /home/airflow/.local/lib/python3.12/site-packages/airflow/example_dags/example_dag_decorator.py
[2025-02-15T17:21:14.575+0000] {processor.py:925} INFO - DAG(s) 'example_dag_decorator' retrieved from /home/airflow/.local/lib/python3.12/site-packages/airflow/example_dags/example_dag_decorator.py
[2025-02-15T17:21:15.282+0000] {logging_mixin.py:190} INFO - [2025-02-15T17:21:15.281+0000] {dag.py:3239} INFO - Sync 1 DAGs
[2025-02-15T17:21:15.393+0000] {logging_mixin.py:190} INFO - [2025-02-15T17:21:15.393+0000] {dag.py:4180} INFO - Setting next_dagrun for example_dag_decorator to None, run_after=None
[2025-02-15T17:21:19.280+0000] {processor.py:208} INFO - Processing /home/airflow/.local/lib/python3.12/site-packages/airflow/example_dags/example_dag_decorator.py took 5.900 seconds
[2025-02-15T17:21:50.836+0000] {processor.py:186} INFO - Started process (PID=398) to work on /home/airflow/.local/lib/python3.12/site-packages/airflow/example_dags/example_dag_decorator.py
[2025-02-15T17:21:50.846+0000] {processor.py:914} INFO - Processing file /home/airflow/.local/lib/python3.12/site-packages/airflow/example_dags/example_dag_decorator.p