[2025-02-15T17:17:16.084+0000] {processor.py:186} INFO - Started process (PID=39) to work on /home/airflow/.local/lib/python3.12/site-packages/airflow/example_dags/example_local_kubernetes_executor.py
[2025-02-15T17:17:16.085+0000] {processor.py:914} INFO - Processing file /home/airflow/.local/lib/python3.12/site-packages/airflow/example_dags/example_local_kubernetes_executor.py for tasks to queue
[2025-02-15T17:17:16.087+0000] {logging_mixin.py:190} INFO - [2025-02-15T17:17:16.087+0000] {dagbag.py:588} INFO - Filling up the DagBag from /home/airflow/.local/lib/python3.12/site-packages/airflow/example_dags/example_local_kubernetes_executor.py
[2025-02-15T17:17:16.149+0000] {processor.py:925} INFO - DAG(s) 'example_local_kubernetes_executor' retrieved from /home/airflow/.local/lib/python3.12/site-packages/airflow/example_dags/example_local_kubernetes_executor.py
[2025-02-15T17:17:16.227+0000] {logging_mixin.py:190} INFO - [2025-02-15T17:17:16.227+0000] {dag.py:3239} INFO - Sync 1 DAGs
[2025-02-15T17:17:16.291+0000] {logging_mixin.py:190} INFO - [2025-02-15T17:17:16.289+0000] {dag.py:4180} INFO - Setting next_dagrun for example_local_kubernetes_executor to None, run_after=None
[2025-02-15T17:17:16.468+0000] {processor.py:208} INFO - Processing /home/airflow/.local/lib/python3.12/site-packages/airflow/example_dags/example_local_kubernetes_executor.py took 0.409 seconds
[2025-02-15T17:18:01.474+0000] {processor.py:186} INFO - Started process (PID=97) to work on /home/airflow/.local/lib/python3.12/site-packages/airflow/example_dags/example_local_kubernetes_executor.py
[2025-02-15T17:18:01.475+0000] {processor.py:914} INFO - Processing file /home/airflow/.local/lib/python3.12/site-packages/airflow/example_dags/example_local_kubernetes_executor.py for tasks to queue
[2025-02-15T17:18:01.482+0000] {logging_mixin.py:190} INFO - [2025-02-15T17:18:01.482+0000] {dagbag.py:588} INFO - Filling up the DagBag from /home/airflow/.local/lib/python3.12/site-packages/airflow/example_dags/example_local_kubernetes_executor.py
[2025-02-15T17:18:01.503+0000] {processor.py:925} INFO - DAG(s) 'example_local_kubernetes_executor' retrieved from /home/airflow/.local/lib/python3.12/site-packages/airflow/example_dags/example_local_kubernetes_executor.py
[2025-02-15T17:18:01.566+0000] {logging_mixin.py:190} INFO - [2025-02-15T17:18:01.565+0000] {dag.py:3239} INFO - Sync 1 DAGs
[2025-02-15T17:18:01.612+0000] {logging_mixin.py:190} INFO - [2025-02-15T17:18:01.611+0000] {dag.py:4180} INFO - Setting next_dagrun for example_local_kubernetes_executor to None, run_after=None
[2025-02-15T17:18:04.473+0000] {processor.py:208} INFO - Processing /home/airflow/.local/lib/python3.12/site-packages/airflow/example_dags/example_local_kubernetes_executor.py took 3.026 seconds
[2025-02-15T17:19:19.711+0000] {processor.py:186} INFO - Started process (PID=147) to work on /home/airflow/.local/lib/python3.12/site-packages/airflow/example_dags/example_local_kubernetes_executor.py
[2025-02-15T17:19:19.712+0000] {processor.py:914} INFO - Processing file /home/airflow/.local/lib/python3.12/site-packages/airflow/example_dags/example_local_kubernetes_executor.py for tasks to queue
[2025-02-15T17:19:19.714+0000] {logging_mixin.py:190} INFO - [2025-02-15T17:19:19.714+0000] {dagbag.py:588} INFO - Filling up the DagBag from /home/airflow/.local/lib/python3.12/site-packages/airflow/example_dags/example_local_kubernetes_executor.py
[2025-02-15T17:19:19.724+0000] {processor.py:925} INFO - DAG(s) 'example_local_kubernetes_executor' retrieved from /home/airflow/.local/lib/python3.12/site-packages/airflow/example_dags/example_local_kubernetes_executor.py
[2025-02-15T17:19:19.746+0000] {logging_mixin.py:190} INFO - [2025-02-15T17:19:19.746+0000] {dag.py:3239} INFO - Sync 1 DAGs
[2025-02-15T17:19:19.760+0000] {logging_mixin.py:190} INFO - [2025-02-15T17:19:19.760+0000] {dag.py:4180} INFO - Setting next_dagrun for example_local_kubernetes_executor to None, run_after=None
[2025-02-15T17:19:20.011+0000] {processor.py:208} INFO - Processing /home/airflow/.local/lib/python3.12/site-packages/airflow/example_dags/example_local_kubernetes_executor.py took 0.308 seconds
[2025-02-15T17:19:55.012+0000] {processor.py:186} INFO - Started process (PID=205) to work on /home/airflow/.local/lib/python3.12/site-packages/airflow/example_dags/example_local_kubernetes_executor.py
[2025-02-15T17:19:55.032+0000] {processor.py:914} INFO - Processing file /home/airflow/.local/lib/python3.12/site-packages/airflow/example_dags/example_local_kubernetes_executor.py for tasks to queue
[2025-02-15T17:19:55.034+0000] {logging_mixin.py:190} INFO - [2025-02-15T17:19:55.034+0000] {dagbag.py:588} INFO - Filling up the DagBag from /home/airflow/.local/lib/python3.12/site-packages/airflow/example_dags/example_local_kubernetes_executor.py
[2025-02-15T17:19:55.043+0000] {processor.py:925} INFO - DAG(s) 'example_local_kubernetes_executor' retrieved from /home/airflow/.local/lib/python3.12/site-packages/airflow/example_dags/example_local_kubernetes_executor.py
[2025-02-15T17:19:55.059+0000] {logging_mixin.py:190} INFO - [2025-02-15T17:19:55.059+0000] {dag.py:3239} INFO - Sync 1 DAGs
[2025-02-15T17:19:55.073+0000] {logging_mixin.py:190} INFO - [2025-02-15T17:19:55.073+0000] {dag.py:4180} INFO - Setting next_dagrun for example_local_kubernetes_executor to None, run_after=None
[2025-02-15T17:19:56.467+0000] {processor.py:208} INFO - Processing /home/airflow/.local/lib/python3.12/site-packages/airflow/example_dags/example_local_kubernetes_executor.py took 1.460 seconds
[2025-02-15T17:20:27.283+0000] {processor.py:186} INFO - Started process (PID=263) to work on /home/airflow/.local/lib/python3.12/site-packages/airflow/example_dags/example_local_kubernetes_executor.py
[2025-02-15T17:20:27.290+0000] {processor.py:914} INFO - Processing file /home/airflow/.local/lib/python3.12/site-packages/airflow/example_dags/example_local_kubernetes_executor.py for tasks to queue
[2025-02-15T17:20:27.292+0000] {logging_mixin.py:190} INFO - [2025-02-15T17:20:27.292+0000] {dagbag.py:588} INFO - Filling up the DagBag from /home/airflow/.local/lib/python3.12/site-packages/airflow/example_dags/example_local_kubernetes_executor.py
[2025-02-15T17:20:27.329+0000] {processor.py:925} INFO - DAG(s) 'example_local_kubernetes_executor' retrieved from /home/airflow/.local/lib/python3.12/site-packages/airflow/example_dags/example_local_kubernetes_executor.py
[2025-02-15T17:20:27.439+0000] {logging_mixin.py:190} INFO - [2025-02-15T17:20:27.438+0000] {dag.py:3239} INFO - Sync 1 DAGs
[2025-02-15T17:20:27.512+0000] {logging_mixin.py:190} INFO - [2025-02-15T17:20:27.512+0000] {dag.py:4180} INFO - Setting next_dagrun for example_local_kubernetes_executor to None, run_after=None
[2025-02-15T17:20:27.597+0000] {processor.py:208} INFO - Processing /home/airflow/.local/lib/python3.12/site-packages/airflow/example_dags/example_local_kubernetes_executor.py took 0.329 seconds
[2025-02-15T17:21:01.236+0000] {processor.py:186} INFO - Started process (PID=319) to work on /home/airflow/.local/lib/python3.12/site-packages/airflow/example_dags/example_local_kubernetes_executor.py
[2025-02-15T17:21:01.242+0000] {processor.py:914} INFO - Processing file /home/airflow/.local/lib/python3.12/site-packages/airflow/example_dags/example_local_kubernetes_executor.py for tasks to queue
[2025-02-15T17:21:01.250+0000] {logging_mixin.py:190} INFO - [2025-02-15T17:21:01.250+0000] {dagbag.py:588} INFO - Filling up the DagBag from /home/airflow/.local/lib/python3.12/site-packages/airflow/example_dags/example_local_kubernetes_executor.py
[2025-02-15T17:21:01.285+0000] {processor.py:925} INFO - DAG(s) 'example_local_kubernetes_executor' retrieved from /home/airflow/.local/lib/python3.12/site-packages/airflow/example_dags/example_local_kubernetes_executor.py
[2025-02-15T17:21:01.496+0000] {logging_mixin.py:190} INFO - [2025-02-15T17:21:01.495+0000] {dag.py:3239} INFO - Sync 1 DAGs
[2025-02-15T17:21:01.946+0000] {logging_mixin.py:190} INFO - [2025-02-15T17:21:01.946+0000] {dag.py:4180} INFO - Setting next_dagrun for example_local_kubernetes_executor to None, run_after=None
[2025-02-15T17:21:02.059+0000] {processor.py:208} INFO - Processing /home/airflow/.local/lib/python3.12/site-packages/airflow/example_dags/example_local_kubernetes_executor.py took 0.844 seconds
[2025-02-15T17:21:32.879+0000] {processor.py:186} INFO - Started process (PID=377) to work on /home/airflow/.local/lib/python3.12/site-packages/airflow/example_dags/example_local_kubernetes_executor.py
[2025-02-15T17:21:32.880+0000] {processor.py:914} INFO - Processing file /home/airflow/.local/lib/python3.12/site-packages/airflow/example_dags/example_local_kubernetes_executor.py for tasks to queue
[2025-02-15T17:21:32.890+0000] {logging_mixin.py:190} INFO - [2025-02-15T17:21:32.889+0000] {dagbag.py:588} INFO - Filling up the DagBag from /home/airflow/.local/lib/python3.12/site-packages/airflow/example_dags/example_local_kubernetes_executor.py
[2025-02-15T17:21:32.945+0000] {processor.py:925} INFO - DAG(s) 'example_local_kubernetes_executor' retrieved from /home/airflow/.local/lib/python3.12/site-packages/airflow/example_dags/example_local_kubernetes_executor.py
[2025-02-15T17:21:33.153+0000] {logging_mixin.py:190} INFO - [2025-02-15T17:21:33.142+0000] {dag.py:3239} INFO - Sync 1 DAGs
[2025-02-15T17:21:33.226+0000] {logging_mixin.py:190} INFO - [2025-02-15T17:21:33.225+0000] {dag.py:4180} INFO - Setting next_dagrun for example_local_kubernetes_executor to None, run_after=None
[2025-02-15T17:21:35.513+0000] {processor.py:208} INFO - Processing /home/airflow/.local/lib/python3.12/site-packages/airflow/example_dags/example_local_kubernetes_executor.py took 2.743 seconds
[2025-02-15T17:22:06.059+0000] {processor.py:186} INFO - Started process (PID=433) to work on /home/airflow/.local/lib/python3.12/site-packages/airflow/example_dags/example_local_kubernetes_executor.py
[2025-02-15T17:22:06.070+0000] {processor.py:914} INFO - Processing file /home/airflow/.local/lib/python3.12/site-packages/airflow/example_dags/example_local_kubernetes_executor.py for tasks to queue
[2025-02-15T17:22:06.073+0000] {logging_mixin.py:190} INFO - [2025-02-15T17:22:06.073+0000] {dagbag.py:588} INFO - Filling up the DagBag from /home/airflow/.local/lib/python3.12/site-packages/airflow/example_dags/example_local_kubernetes_executor.py
[2025-02-15T17:22:06.113+0000] {processor.py:925} INFO - DAG(s) 'example_local_kubernetes_executor' retrieved from /home/airflow/.local/lib/python3.12/site-packages/airflow/example_dags/example_local_kubernetes_executor.py
[2025-02-15T17:22:06.142+0000] {logging_mixin.py:190} INFO - [2025-02-15T17:22:06.141+0000] {dag.py:3239} INFO - Sync 1 DAGs
[2025-02-15T17:22:06.160+0000] {logging_mixin.py:190} INFO - [2025-02-15T17:22:06.160+0000] {dag.py:4180} INFO - Setting next_dagrun for example_local_kubernetes_executor to None, run_after=None
[2025-02-15T17:22:06.193+0000] {processor.py:208} INFO - Processing /home/airflow/.local/lib/python3.12/site-packages/airflow/example_dags/example_local_kubernetes_executor.py took 0.151 seconds
[2025-02-15T17:22:39.656+0000] {processor.py:186} INFO - Started process (PID=484) to work on /home/airflow/.local/lib/python3.12/site-packages/airflow/example_dags/example_local_kubernetes_executor.py
[2025-02-15T17:22:39.663+0000] {processor.py:914} INFO - Processing file /home/airflow/.local/lib/python3.12/site-packages/airflow/example_dags/example_local_kubernetes_executor.py for tasks to queue
[2025-02-15T17:22:39.665+0000] {logging_mixin.py:190} INFO - [2025-02-15T17:22:39.665+0000] {dagbag.py:588} INFO - Filling up the DagBag from /home/airflow/.local/lib/python3.12/site-packages/airflow/example_dags/example_local_kubernetes_executor.py
[2025-02-15T17:22:39.689+0000] {processor.py:925} INFO - DAG(s) 'example_local_kubernetes_executor' retrieved from /home/airflow/.local/lib/python3.12/site-packages/airflow/example_dags/example_local_kubernetes_executor.py
[2025-02-15T17:22:40.401+0000] {logging_mixin.py:190} INFO - [2025-02-15T17:22:40.398+0000] {dag.py:3239} INFO - Sync 1 DAGs
[2025-02-15T17:22:40.432+0000] {logging_mixin.py:190} INFO - [2025-02-15T17:22:40.432+0000] {dag.py:4180} INFO - Setting next_dagrun for example_local_kubernetes_executor