[2025-02-15T17:17:19.811+0000] {processor.py:186} INFO - Started process (PID=47) to work on /home/airflow/.local/lib/python3.12/site-packages/airflow/example_dags/example_branch_labels.py
[2025-02-15T17:17:19.829+0000] {processor.py:914} INFO - Processing file /home/airflow/.local/lib/python3.12/site-packages/airflow/example_dags/example_branch_labels.py for tasks to queue
[2025-02-15T17:17:19.831+0000] {logging_mixin.py:190} INFO - [2025-02-15T17:17:19.831+0000] {dagbag.py:588} INFO - Filling up the DagBag from /home/airflow/.local/lib/python3.12/site-packages/airflow/example_dags/example_branch_labels.py
[2025-02-15T17:17:19.863+0000] {processor.py:925} INFO - DAG(s) 'example_branch_labels' retrieved from /home/airflow/.local/lib/python3.12/site-packages/airflow/example_dags/example_branch_labels.py
[2025-02-15T17:17:19.956+0000] {logging_mixin.py:190} INFO - [2025-02-15T17:17:19.955+0000] {dag.py:3239} INFO - Sync 1 DAGs
[2025-02-15T17:17:20.030+0000] {logging_mixin.py:190} INFO - [2025-02-15T17:17:20.029+0000] {dag.py:4180} INFO - Setting next_dagrun for example_branch_labels to 2025-02-14 00:00:00+00:00, run_after=2025-02-15 00:00:00+00:00
[2025-02-15T17:17:20.099+0000] {processor.py:208} INFO - Processing /home/airflow/.local/lib/python3.12/site-packages/airflow/example_dags/example_branch_labels.py took 0.311 seconds
[2025-02-15T17:18:18.712+0000] {processor.py:186} INFO - Started process (PID=105) to work on /home/airflow/.local/lib/python3.12/site-packages/airflow/example_dags/example_branch_labels.py
[2025-02-15T17:18:18.716+0000] {processor.py:914} INFO - Processing file /home/airflow/.local/lib/python3.12/site-packages/airflow/example_dags/example_branch_labels.py for tasks to queue
[2025-02-15T17:18:18.719+0000] {logging_mixin.py:190} INFO - [2025-02-15T17:18:18.719+0000] {dagbag.py:588} INFO - Filling up the DagBag from /home/airflow/.local/lib/python3.12/site-packages/airflow/example_dags/example_branch_labels.py
[2025-02-15T17:18:18.761+0000] {processor.py:925} INFO - DAG(s) 'example_branch_labels' retrieved from /home/airflow/.local/lib/python3.12/site-packages/airflow/example_dags/example_branch_labels.py
[2025-02-15T17:18:18.802+0000] {logging_mixin.py:190} INFO - [2025-02-15T17:18:18.801+0000] {dag.py:3239} INFO - Sync 1 DAGs
[2025-02-15T17:18:20.700+0000] {logging_mixin.py:190} INFO - [2025-02-15T17:18:20.699+0000] {dag.py:4180} INFO - Setting next_dagrun for example_branch_labels to 2025-02-14 00:00:00+00:00, run_after=2025-02-15 00:00:00+00:00
[2025-02-15T17:18:27.379+0000] {processor.py:208} INFO - Processing /home/airflow/.local/lib/python3.12/site-packages/airflow/example_dags/example_branch_labels.py took 8.687 seconds
[2025-02-15T17:19:22.214+0000] {processor.py:186} INFO - Started process (PID=155) to work on /home/airflow/.local/lib/python3.12/site-packages/airflow/example_dags/example_branch_labels.py
[2025-02-15T17:19:22.215+0000] {processor.py:914} INFO - Processing file /home/airflow/.local/lib/python3.12/site-packages/airflow/example_dags/example_branch_labels.py for tasks to queue
[2025-02-15T17:19:22.217+0000] {logging_mixin.py:190} INFO - [2025-02-15T17:19:22.217+0000] {dagbag.py:588} INFO - Filling up the DagBag from /home/airflow/.local/lib/python3.12/site-packages/airflow/example_dags/example_branch_labels.py
[2025-02-15T17:19:22.249+0000] {processor.py:925} INFO - DAG(s) 'example_branch_labels' retrieved from /home/airflow/.local/lib/python3.12/site-packages/airflow/example_dags/example_branch_labels.py
[2025-02-15T17:19:22.280+0000] {logging_mixin.py:190} INFO - [2025-02-15T17:19:22.279+0000] {dag.py:3239} INFO - Sync 1 DAGs
[2025-02-15T17:19:22.320+0000] {logging_mixin.py:190} INFO - [2025-02-15T17:19:22.320+0000] {dag.py:4180} INFO - Setting next_dagrun for example_branch_labels to 2025-02-14 00:00:00+00:00, run_after=2025-02-15 00:00:00+00:00
[2025-02-15T17:19:22.344+0000] {processor.py:208} INFO - Processing /home/airflow/.local/lib/python3.12/site-packages/airflow/example_dags/example_branch_labels.py took 0.145 seconds
[2025-02-15T17:20:00.035+0000] {processor.py:186} INFO - Started process (PID=213) to work on /home/airflow/.local/lib/python3.12/site-packages/airflow/example_dags/example_branch_labels.py
[2025-02-15T17:20:00.041+0000] {processor.py:914} INFO - Processing file /home/airflow/.local/lib/python3.12/site-packages/airflow/example_dags/example_branch_labels.py for tasks to queue
[2025-02-15T17:20:00.050+0000] {logging_mixin.py:190} INFO - [2025-02-15T17:20:00.049+0000] {dagbag.py:588} INFO - Filling up the DagBag from /home/airflow/.local/lib/python3.12/site-packages/airflow/example_dags/example_branch_labels.py
[2025-02-15T17:20:00.112+0000] {processor.py:925} INFO - DAG(s) 'example_branch_labels' retrieved from /home/airflow/.local/lib/python3.12/site-packages/airflow/example_dags/example_branch_labels.py
[2025-02-15T17:20:00.141+0000] {logging_mixin.py:190} INFO - [2025-02-15T17:20:00.141+0000] {dag.py:3239} INFO - Sync 1 DAGs
[2025-02-15T17:20:00.174+0000] {logging_mixin.py:190} INFO - [2025-02-15T17:20:00.173+0000] {dag.py:4180} INFO - Setting next_dagrun for example_branch_labels to 2025-02-14 00:00:00+00:00, run_after=2025-02-15 00:00:00+00:00
[2025-02-15T17:20:00.295+0000] {processor.py:208} INFO - Processing /home/airflow/.local/lib/python3.12/site-packages/airflow/example_dags/example_branch_labels.py took 0.288 seconds
[2025-02-15T17:20:33.723+0000] {processor.py:186} INFO - Started process (PID=271) to work on /home/airflow/.local/lib/python3.12/site-packages/airflow/example_dags/example_branch_labels.py
[2025-02-15T17:20:33.725+0000] {processor.py:914} INFO - Processing file /home/airflow/.local/lib/python3.12/site-packages/airflow/example_dags/example_branch_labels.py for tasks to queue
[2025-02-15T17:20:33.728+0000] {logging_mixin.py:190} INFO - [2025-02-15T17:20:33.727+0000] {dagbag.py:588} INFO - Filling up the DagBag from /home/airflow/.local/lib/python3.12/site-packages/airflow/example_dags/example_branch_labels.py
[2025-02-15T17:20:33.743+0000] {processor.py:925} INFO - DAG(s) 'example_branch_labels' retrieved from /home/airflow/.local/lib/python3.12/site-packages/airflow/example_dags/example_branch_labels.py
[2025-02-15T17:20:33.768+0000] {logging_mixin.py:190} INFO - [2025-02-15T17:20:33.768+0000] {dag.py:3239} INFO - Sync 1 DAGs
[2025-02-15T17:20:33.813+0000] {logging_mixin.py:190} INFO - [2025-02-15T17:20:33.812+0000] {dag.py:4180} INFO - Setting next_dagrun for example_branch_labels to 2025-02-14 00:00:00+00:00, run_after=2025-02-15 00:00:00+00:00
[2025-02-15T17:20:33.929+0000] {processor.py:208} INFO - Processing /home/airflow/.local/lib/python3.12/site-packages/airflow/example_dags/example_branch_labels.py took 0.214 seconds
[2025-02-15T17:21:08.923+0000] {processor.py:186} INFO - Started process (PID=329) to work on /home/airflow/.local/lib/python3.12/site-packages/airflow/example_dags/example_branch_labels.py
[2025-02-15T17:21:08.924+0000] {processor.py:914} INFO - Processing file /home/airflow/.local/lib/python3.12/site-packages/airflow/example_dags/example_branch_labels.py for tasks to queue
[2025-02-15T17:21:08.941+0000] {logging_mixin.py:190} INFO - [2025-02-15T17:21:08.941+0000] {dagbag.py:588} INFO - Filling up the DagBag from /home/airflow/.local/lib/python3.12/site-packages/airflow/example_dags/example_branch_labels.py
[2025-02-15T17:21:08.969+0000] {processor.py:925} INFO - DAG(s) 'example_branch_labels' retrieved from /home/airflow/.local/lib/python3.12/site-packages/airflow/example_dags/example_branch_labels.py
[2025-02-15T17:21:09.021+0000] {logging_mixin.py:190} INFO - [2025-02-15T17:21:09.021+0000] {dag.py:3239} INFO - Sync 1 DAGs
[2025-02-15T17:21:09.960+0000] {logging_mixin.py:190} INFO - [2025-02-15T17:21:09.960+0000] {dag.py:4180} INFO - Setting next_dagrun for example_branch_labels to 2025-02-14 00:00:00+00:00, run_after=2025-02-15 00:00:00+00:00
[2025-02-15T17:21:11.552+0000] {processor.py:208} INFO - Processing /home/airflow/.local/lib/python3.12/site-packages/airflow/example_dags/example_branch_labels.py took 2.639 seconds
[2025-02-15T17:21:42.284+0000] {processor.py:186} INFO - Started process (PID=387) to work on /home/airflow/.local/lib/python3.12/site-packages/airflow/example_dags/example_branch_labels.py
[2025-02-15T17:21:42.301+0000] {processor.py:914} INFO - Processing file /home/airflow/.local/lib/python3.12/site-packages/airflow/example_dags/example_branch_labels.py for tasks to queue
[2025-02-15T17:21:42.304+0000] {logging_mixin.py:190} INFO - [2025-02-15T17:21:42.304+0000] {dagbag.py:588} INFO - Filling up the DagBag from /home/airflow/.local/lib/python3.12/site-packages/airflow/example_dags/example_branch_labels.py
[2025-02-15T17:21:42.325+0000] {processor.py:925} INFO - DAG(s) 'example_branch_labels' retrieved from /home/airflow/.local/lib/python3.12/site-packages/airflow/example_dags/example_branch_labels.py
[2025-02-15T17:21:42.442+0000] {logging_mixin.py:190} INFO - [2025-02-15T17:21:42.441+0000] {dag.py:3239} INFO - Sync 1 DAGs
[2025-02-15T17:21:42.507+0000] {logging_mixin.py:190} INFO - [2025-02-15T17:21:42.507+0000] {dag.py:4180} INFO - Setting next_dagrun for example_branch_labels to 2025-02-14 00:00:00+00:00, run_after=2025-02-15 00:00:00+00:00
[2025-02-15T17:21:44.695+0000] {processor.py:208} INFO - Processing /home/airflow/.local/lib/python3.12/site-packages/airflow/example_dags/example_branch_labels.py took 2.443 seconds
[2025-02-15T17:22:15.092+0000] {processor.py:186} INFO - Started process (PID=445) to work on /home/airflow/.local/lib/python3.12/site-packages/airflow/example_dags/example_branch_labels.py
[2025-02-15T17:22:15.093+0000] {processor.py:914} INFO - Processing file /home/airflow/.local/lib/python3.12/site-packages/airflow/example_dags/example_branch_labels.py for tasks to queue
[2025-02-15T17:22:15.095+0000] {logging_mixin.py:190} INFO - [2025-02-15T17:22:15.095+0000] {dagbag.py:588} INFO - Filling up the DagBag from /home/airflow/.local/lib/python3.12/site-packages/airflow/example_dags/example_branch_labels.py
[2025-02-15T17:22:15.132+0000] {processor.py:925} INFO - DAG(s) 'example_branch_labels' retrieved from /home/airflow/.local/lib/python3.12/site-packages/airflow/example_dags/example_branch_labels.py
[2025-02-15T17:22:15.186+0000] {logging_mixin.py:190} INFO - [2025-02-15T17:22:15.186+0000] {dag.py:3239} INFO - Sync 1 DAGs
[2025-02-15T17:22:15.328+0000] {logging_mixin.py:190} INFO - [2025-02-15T17:22:15.327+0000] {dag.py:4180} INFO - Setting next_dagrun for example_branch_labels to 2025-02-14 00:00:00+00:00, run_after=2025-02-15 00:00:00+00:00
[2025-02-15T17:22:15.384+0000] {processor.py:208} INFO - Processing /home/airflow/.local/lib/python3.12/site-packages/airflow/example_dags/example_branch_labels.py took 0.310 seconds
[2025-02-15T17:22:49.110+0000] {processor.py:186} INFO - Started process (PID=502) to work on /home/airflow/.local/lib/python3.12/site-packages/airflow/example_dags/example_branch_labels.py
[2025-02-15T17:22:49.118+0000] {processor.py:914} INFO - Processing file /home/airflow/.local/lib/python3.12/site-packages/airflow/example_dags/example_branch_labels.py for tasks to queue
[2025-02-15T17:22:49.124+0000] {logging_mixin.py:190} INFO - [2025-02-15T17:22:49.123+0000] {dagbag.py:588} INFO - Filling up the DagBag from /home/airflow/.local/lib/python3.12/site-packages/airflow/example_dags/example_branch_labels.py
[2025-02-15T17:22:49.161+0000] {processor.py:925} INFO - DAG(s) 'example_branch_labels' retrieved from /home/airflow/.local/lib/python3.12/site-packages/airflow/example_dags/example_branch_labels.py
[2025-02-15T17:22:49.222+0000] {logging_mixin.py:190} INFO - [2025-02-15T17:22:49.221+0000] {dag.py:3239} INFO - Sync 1 DAGs
[2025-02-15T17:22:49.302+0000] {logging_mixin.py:190} INFO - [2025-02-15T17:22:49.302+0000] {dag.py:4180} INFO - Setting next_dagrun for example_branch_labels to 2025-02-14 00:00:00+00:00, run_after=2025-02-15 00:00:00+00:00
[2025-02-15T17:22:49.358+0000] {processor.py:208} INFO - Processing /home/airflow/.local/lib/python3.12/site-packages/airflow/example_dags/example_branch_labels.py took 0.282 seconds
[2025-02-15T17:23:26.560+0000] {processor.py:186} INFO - Started process (PID=559) to work on /home/airflow/.local/lib/python3.12/site-packages/airflow/examp