[2025-02-15T17:17:37.495+0000] {processor.py:186} INFO - Started process (PID=80) to work on /home/airflow/.local/lib/python3.12/site-packages/airflow/example_dags/example_task_group_decorator.py
[2025-02-15T17:17:37.496+0000] {processor.py:914} INFO - Processing file /home/airflow/.local/lib/python3.12/site-packages/airflow/example_dags/example_task_group_decorator.py for tasks to queue
[2025-02-15T17:17:37.506+0000] {logging_mixin.py:190} INFO - [2025-02-15T17:17:37.505+0000] {dagbag.py:588} INFO - Filling up the DagBag from /home/airflow/.local/lib/python3.12/site-packages/airflow/example_dags/example_task_group_decorator.py
[2025-02-15T17:17:37.558+0000] {processor.py:925} INFO - DAG(s) 'example_task_group_decorator' retrieved from /home/airflow/.local/lib/python3.12/site-packages/airflow/example_dags/example_task_group_decorator.py
[2025-02-15T17:17:37.691+0000] {logging_mixin.py:190} INFO - [2025-02-15T17:17:37.690+0000] {dag.py:3239} INFO - Sync 1 DAGs
[2025-02-15T17:17:37.864+0000] {logging_mixin.py:190} INFO - [2025-02-15T17:17:37.863+0000] {dag.py:4180} INFO - Setting next_dagrun for example_task_group_decorator to None, run_after=None
[2025-02-15T17:17:44.660+0000] {processor.py:208} INFO - Processing /home/airflow/.local/lib/python3.12/site-packages/airflow/example_dags/example_task_group_decorator.py took 7.198 seconds
[2025-02-15T17:19:24.332+0000] {processor.py:186} INFO - Started process (PID=165) to work on /home/airflow/.local/lib/python3.12/site-packages/airflow/example_dags/example_task_group_decorator.py
[2025-02-15T17:19:24.343+0000] {processor.py:914} INFO - Processing file /home/airflow/.local/lib/python3.12/site-packages/airflow/example_dags/example_task_group_decorator.py for tasks to queue
[2025-02-15T17:19:24.349+0000] {logging_mixin.py:190} INFO - [2025-02-15T17:19:24.347+0000] {dagbag.py:588} INFO - Filling up the DagBag from /home/airflow/.local/lib/python3.12/site-packages/airflow/example_dags/example_task_group_decorator.py
[2025-02-15T17:19:24.409+0000] {processor.py:925} INFO - DAG(s) 'example_task_group_decorator' retrieved from /home/airflow/.local/lib/python3.12/site-packages/airflow/example_dags/example_task_group_decorator.py
[2025-02-15T17:19:24.501+0000] {logging_mixin.py:190} INFO - [2025-02-15T17:19:24.496+0000] {dag.py:3239} INFO - Sync 1 DAGs
[2025-02-15T17:19:24.549+0000] {logging_mixin.py:190} INFO - [2025-02-15T17:19:24.546+0000] {dag.py:4180} INFO - Setting next_dagrun for example_task_group_decorator to None, run_after=None
[2025-02-15T17:19:24.610+0000] {processor.py:208} INFO - Processing /home/airflow/.local/lib/python3.12/site-packages/airflow/example_dags/example_task_group_decorator.py took 0.288 seconds
[2025-02-15T17:20:08.814+0000] {processor.py:186} INFO - Started process (PID=230) to work on /home/airflow/.local/lib/python3.12/site-packages/airflow/example_dags/example_task_group_decorator.py
[2025-02-15T17:20:08.816+0000] {processor.py:914} INFO - Processing file /home/airflow/.local/lib/python3.12/site-packages/airflow/example_dags/example_task_group_decorator.py for tasks to queue
[2025-02-15T17:20:08.819+0000] {logging_mixin.py:190} INFO - [2025-02-15T17:20:08.818+0000] {dagbag.py:588} INFO - Filling up the DagBag from /home/airflow/.local/lib/python3.12/site-packages/airflow/example_dags/example_task_group_decorator.py
[2025-02-15T17:20:08.917+0000] {processor.py:925} INFO - DAG(s) 'example_task_group_decorator' retrieved from /home/airflow/.local/lib/python3.12/site-packages/airflow/example_dags/example_task_group_decorator.py
[2025-02-15T17:20:08.963+0000] {logging_mixin.py:190} INFO - [2025-02-15T17:20:08.962+0000] {dag.py:3239} INFO - Sync 1 DAGs
[2025-02-15T17:20:08.998+0000] {logging_mixin.py:190} INFO - [2025-02-15T17:20:08.998+0000] {dag.py:4180} INFO - Setting next_dagrun for example_task_group_decorator to None, run_after=None
[2025-02-15T17:20:09.574+0000] {processor.py:208} INFO - Processing /home/airflow/.local/lib/python3.12/site-packages/airflow/example_dags/example_task_group_decorator.py took 0.777 seconds
[2025-02-15T17:20:40.607+0000] {processor.py:186} INFO - Started process (PID=288) to work on /home/airflow/.local/lib/python3.12/site-packages/airflow/example_dags/example_task_group_decorator.py
[2025-02-15T17:20:40.612+0000] {processor.py:914} INFO - Processing file /home/airflow/.local/lib/python3.12/site-packages/airflow/example_dags/example_task_group_decorator.py for tasks to queue
[2025-02-15T17:20:40.619+0000] {logging_mixin.py:190} INFO - [2025-02-15T17:20:40.619+0000] {dagbag.py:588} INFO - Filling up the DagBag from /home/airflow/.local/lib/python3.12/site-packages/airflow/example_dags/example_task_group_decorator.py
[2025-02-15T17:20:40.675+0000] {processor.py:925} INFO - DAG(s) 'example_task_group_decorator' retrieved from /home/airflow/.local/lib/python3.12/site-packages/airflow/example_dags/example_task_group_decorator.py
[2025-02-15T17:20:40.830+0000] {logging_mixin.py:190} INFO - [2025-02-15T17:20:40.820+0000] {dag.py:3239} INFO - Sync 1 DAGs
[2025-02-15T17:20:40.938+0000] {logging_mixin.py:190} INFO - [2025-02-15T17:20:40.937+0000] {dag.py:4180} INFO - Setting next_dagrun for example_task_group_decorator to None, run_after=None
[2025-02-15T17:20:41.258+0000] {processor.py:208} INFO - Processing /home/airflow/.local/lib/python3.12/site-packages/airflow/example_dags/example_task_group_decorator.py took 0.673 seconds
[2025-02-15T17:21:20.134+0000] {processor.py:186} INFO - Started process (PID=346) to work on /home/airflow/.local/lib/python3.12/site-packages/airflow/example_dags/example_task_group_decorator.py
[2025-02-15T17:21:20.135+0000] {processor.py:914} INFO - Processing file /home/airflow/.local/lib/python3.12/site-packages/airflow/example_dags/example_task_group_decorator.py for tasks to queue
[2025-02-15T17:21:20.138+0000] {logging_mixin.py:190} INFO - [2025-02-15T17:21:20.137+0000] {dagbag.py:588} INFO - Filling up the DagBag from /home/airflow/.local/lib/python3.12/site-packages/airflow/example_dags/example_task_group_decorator.py
[2025-02-15T17:21:20.187+0000] {processor.py:925} INFO - DAG(s) 'example_task_group_decorator' retrieved from /home/airflow/.local/lib/python3.12/site-packages/airflow/example_dags/example_task_group_decorator.py
[2025-02-15T17:21:20.321+0000] {logging_mixin.py:190} INFO - [2025-02-15T17:21:20.320+0000] {dag.py:3239} INFO - Sync 1 DAGs
[2025-02-15T17:21:20.402+0000] {logging_mixin.py:190} INFO - [2025-02-15T17:21:20.402+0000] {dag.py:4180} INFO - Setting next_dagrun for example_task_group_decorator to None, run_after=None
[2025-02-15T17:21:20.493+0000] {processor.py:208} INFO - Processing /home/airflow/.local/lib/python3.12/site-packages/airflow/example_dags/example_task_group_decorator.py took 0.375 seconds
[2025-02-15T17:21:54.610+0000] {processor.py:186} INFO - Started process (PID=403) to work on /home/airflow/.local/lib/python3.12/site-packages/airflow/example_dags/example_task_group_decorator.py
[2025-02-15T17:21:54.611+0000] {processor.py:914} INFO - Processing file /home/airflow/.local/lib/python3.12/site-packages/airflow/example_dags/example_task_group_decorator.py for tasks to queue
[2025-02-15T17:21:54.614+0000] {logging_mixin.py:190} INFO - [2025-02-15T17:21:54.613+0000] {dagbag.py:588} INFO - Filling up the DagBag from /home/airflow/.local/lib/python3.12/site-packages/airflow/example_dags/example_task_group_decorator.py
[2025-02-15T17:21:54.667+0000] {processor.py:925} INFO - DAG(s) 'example_task_group_decorator' retrieved from /home/airflow/.local/lib/python3.12/site-packages/airflow/example_dags/example_task_group_decorator.py
[2025-02-15T17:21:54.949+0000] {logging_mixin.py:190} INFO - [2025-02-15T17:21:54.743+0000] {dag.py:3239} INFO - Sync 1 DAGs
[2025-02-15T17:21:55.597+0000] {logging_mixin.py:190} INFO - [2025-02-15T17:21:55.597+0000] {dag.py:4180} INFO - Setting next_dagrun for example_task_group_decorator to None, run_after=None
[2025-02-15T17:21:56.684+0000] {processor.py:208} INFO - Processing /home/airflow/.local/lib/python3.12/site-packages/airflow/example_dags/example_task_group_decorator.py took 2.082 seconds
[2025-02-15T17:22:27.548+0000] {processor.py:186} INFO - Starte