[2025-02-15T17:17:28.317+0000] {processor.py:186} INFO - Started process (PID=63) to work on /home/airflow/.local/lib/python3.12/site-packages/airflow/example_dags/example_sensors.py
[2025-02-15T17:17:28.336+0000] {processor.py:914} INFO - Processing file /home/airflow/.local/lib/python3.12/site-packages/airflow/example_dags/example_sensors.py for tasks to queue
[2025-02-15T17:17:28.343+0000] {logging_mixin.py:190} INFO - [2025-02-15T17:17:28.343+0000] {dagbag.py:588} INFO - Filling up the DagBag from /home/airflow/.local/lib/python3.12/site-packages/airflow/example_dags/example_sensors.py
[2025-02-15T17:17:28.393+0000] {processor.py:925} INFO - DAG(s) 'example_sensors' retrieved from /home/airflow/.local/lib/python3.12/site-packages/airflow/example_dags/example_sensors.py
[2025-02-15T17:17:28.439+0000] {logging_mixin.py:190} INFO - [2025-02-15T17:17:28.438+0000] {dag.py:3239} INFO - Sync 1 DAGs
[2025-02-15T17:17:28.522+0000] {logging_mixin.py:190} INFO - [2025-02-15T17:17:28.522+0000] {dag.py:4180} INFO - Setting next_dagrun for example_sensors to None, run_after=None
[2025-02-15T17:17:28.725+0000] {processor.py:208} INFO - Processing /home/airflow/.local/lib/python3.12/site-packages/airflow/example_dags/example_sensors.py took 0.455 seconds
[2025-02-15T17:19:01.291+0000] {processor.py:186} INFO - Started process (PID=121) to work on /home/airflow/.local/lib/python3.12/site-packages/airflow/example_dags/example_sensors.py
[2025-02-15T17:19:01.297+0000] {processor.py:914} INFO - Processing file /home/airflow/.local/lib/python3.12/site-packages/airflow/example_dags/example_sensors.py for tasks to queue
[2025-02-15T17:19:01.305+0000] {logging_mixin.py:190} INFO - [2025-02-15T17:19:01.301+0000] {dagbag.py:588} INFO - Filling up the DagBag from /home/airflow/.local/lib/python3.12/site-packages/airflow/example_dags/example_sensors.py
[2025-02-15T17:19:01.382+0000] {processor.py:925} INFO - DAG(s) 'example_sensors' retrieved from /home/airflow/.local/lib/python3.12/site-packages/airflow/example_dags/example_sensors.py
[2025-02-15T17:19:01.543+0000] {logging_mixin.py:190} INFO - [2025-02-15T17:19:01.542+0000] {dag.py:3239} INFO - Sync 1 DAGs
[2025-02-15T17:19:01.662+0000] {logging_mixin.py:190} INFO - [2025-02-15T17:19:01.662+0000] {dag.py:4180} INFO - Setting next_dagrun for example_sensors to None, run_after=None
[2025-02-15T17:19:05.493+0000] {processor.py:208} INFO - Processing /home/airflow/.local/lib/python3.12/site-packages/airflow/example_dags/example_sensors.py took 4.249 seconds
[2025-02-15T17:19:36.394+0000] {processor.py:186} INFO - Started process (PID=179) to work on /home/airflow/.local/lib/python3.12/site-packages/airflow/example_dags/example_sensors.py
[2025-02-15T17:19:36.697+0000] {processor.py:914} INFO - Processing file /home/airflow/.local/lib/python3.12/site-packages/airflow/example_dags/example_sensors.py for tasks to queue
[2025-02-15T17:19:36.700+0000] {logging_mixin.py:190} INFO - [2025-02-15T17:19:36.699+0000] {dagbag.py:588} INFO - Filling up the DagBag from /home/airflow/.local/lib/python3.12/site-packages/airflow/example_dags/example_sensors.py
[2025-02-15T17:19:36.714+0000] {processor.py:925} INFO - DAG(s) 'example_sensors' retrieved from /home/airflow/.local/lib/python3.12/site-packages/airflow/example_dags/example_sensors.py
[2025-02-15T17:19:36.805+0000] {logging_mixin.py:190} INFO - [2025-02-15T17:19:36.805+0000] {dag.py:3239} INFO - Sync 1 DAGs
[2025-02-15T17:19:36.904+0000] {logging_mixin.py:190} INFO - [2025-02-15T17:19:36.903+0000] {dag.py:4180} INFO - Setting next_dagrun for example_sensors to None, run_after=None
[2025-02-15T17:19:37.621+0000] {processor.py:208} INFO - Processing /home/airflow/.local/lib/python3.12/site-packages/airflow/example_dags/example_sensors.py took 1.250 seconds
[2025-02-15T17:20:10.488+0000] {processor.py:186} INFO - Started process (PID=237) to work on /home/airflow/.local/lib/python3.12/site-packages/airflow/example_dags/example_sensors.py
[2025-02-15T17:20:10.490+0000] {processor.py:914} INFO - Processing file /home/airflow/.local/lib/python3.12/site-packages/airflow/example_dags/example_sensors.py for tasks to queue
[2025-02-15T17:20:10.492+0000] {logging_mixin.py:190} INFO - [2025-02-15T17:20:10.492+0000] {dagbag.py:588} INFO - Filling up the DagBag from /home/airflow/.local/lib/python3.12/site-packages/airflow/example_dags/example_sensors.py
[2025-02-15T17:20:10.506+0000] {processor.py:925} INFO - DAG(s) 'example_sensors' retrieved from /home/airflow/.local/lib/python3.12/site-packages/airflow/example_dags/example_sensors.py
[2025-02-15T17:20:10.528+0000] {logging_mixin.py:190} INFO - [2025-02-15T17:20:10.528+0000] {dag.py:3239} INFO - Sync 1 DAGs
[2025-02-15T17:20:10.808+0000] {logging_mixin.py:190} INFO - [2025-02-15T17:20:10.808+0000] {dag.py:4180} INFO - Setting next_dagrun for example_sensors to None, run_after=None
[2025-02-15T17:20:10.847+0000] {processor.py:208} INFO - Processing /home/airflow/.local/lib/python3.12/site-packages/airflow/example_dags/example_sensors.py took 0.365 seconds
[2025-02-15T17:20:42.594+0000] {processor.py:186} INFO - Started process (PID=295) to work on /home/airflow/.local/lib/python3.12/site-packages/airflow/example_dags/example_sensors.py
[2025-02-15T17:20:42.595+0000] {processor.py:914} INFO - Processing file /home/airflow/.local/lib/python3.12/site-packages/airflow/example_dags/example_sensors.py for tasks to queue
[2025-02-15T17:20:42.598+0000] {logging_mixin.py:190} INFO - [2025-02-15T17:20:42.597+0000] {dagbag.py:588} INFO - Filling up the DagBag from /home/airflow/.local/lib/python3.12/site-packages/airflow/example_dags/example_sensors.py
[2025-02-15T17:20:42.615+0000] {processor.py:925} INFO - DAG(s) 'example_sensors' retrieved from /home/airflow/.local/lib/python3.12/site-packages/airflow/example_dags/example_sensors.py
[2025-02-15T17:20:42.661+0000] {logging_mixin.py:190} INFO - [2025-02-15T17:20:42.661+0000] {dag.py:3239} INFO - Sync 1 DAGs
[2025-02-15T17:20:42.683+0000] {logging_mixin.py:190} INFO - [2025-02-15T17:20:42.683+0000] {dag.py:4180} INFO - Setting next_dagrun for example_sensors to None, run_after=None
[2025-02-15T17:20:43.591+0000] {processor.py:208} INFO - Processing /home/airflow/.local/lib/python3.12/site-packages/airflow/example_dags/example_sensors.py took 1.005 seconds
[2025-02-15T17:21:23.341+0000] {processor.py:186} INFO - Started process (PID=353) to work on /home/airflow/.local/lib/python3.12/site-packages/airflow/example_dags/example_sensors.py
[2025-02-15T17:21:23.351+0000] {processor.py:914} INFO - Processing file /home/airflow/.local/lib/python3.12/site-packages/airflow/example_dags/example_sensors.py for tasks to queue
[2025-02-15T17:21:23.357+0000] {logging_mixin.py:190} INFO - [2025-02-15T17:21:23.356+0000] {dagbag.py:588} INFO - Filling up the DagBag from /home/airflow/.local/lib/python3.12/site-packages/airflow/example_dags/example_sensors.py
[2025-02-15T17:21:23.375+0000] {processor.py:925} INFO - DAG(s) 'example_sensors' retrieved from /home/airflow/.local/lib/python3.12/site-packages/airflow/example_dags/example_sensors.py
[2025-02-15T17:21:23.417+0000] {logging_mixin.py:190} INFO - [2025-02-15T17:21:23.417+0000] {dag.py:3239} INFO - Sync 1 DAGs
[2025-02-15T17:21:23.440+0000] {logging_mixin.py:190} INFO - [2025-02-15T17:21:23.440+0000] {dag.py:4180} INFO - Setting next_dagrun for example_sensors to None, run_after=None
[2025-02-15T17:21:23.466+0000] {processor.py:208} INFO - Processing /home/airflow/.local/lib/python3.12/site-packages/airflow/example_dags/example_sensors.py took 0.132 seconds
[2025-02-15T17:21:56.848+0000] {processor.py:186} INFO - Started process (PID=405) to work on /home/airflow/.local/lib/python3.12/site-packages/airflow/example_dags/example_sensors.py
[2025-02-15T17:21:56.849+0000] {processor.py:914} INFO - Processing file /home/airflow/.local/lib/python3.12/site-packages/airflow/example_dags/example_sensors.py for tasks to queue
[2025-02-15T17:21:56.853+0000] {logging_mixin.py:190} INFO - [2025-02-15T17:21:56.852+0000] {dagbag.py:588} INFO - Filling up the DagBag from /home/airflow/.local/lib/python3.12/site-packages/airflow/example_dags/example_sensors.py
[2025-02-15