[2025-02-15T17:17:22.403+0000] {processor.py:186} INFO - Started process (PID=53) to work on /home/airflow/.local/lib/python3.12/site-packages/airflow/example_dags/example_task_group.py
[2025-02-15T17:17:22.422+0000] {processor.py:914} INFO - Processing file /home/airflow/.local/lib/python3.12/site-packages/airflow/example_dags/example_task_group.py for tasks to queue
[2025-02-15T17:17:22.428+0000] {logging_mixin.py:190} INFO - [2025-02-15T17:17:22.424+0000] {dagbag.py:588} INFO - Filling up the DagBag from /home/airflow/.local/lib/python3.12/site-packages/airflow/example_dags/example_task_group.py
[2025-02-15T17:17:22.459+0000] {processor.py:925} INFO - DAG(s) 'example_task_group' retrieved from /home/airflow/.local/lib/python3.12/site-packages/airflow/example_dags/example_task_group.py
[2025-02-15T17:17:22.505+0000] {logging_mixin.py:190} INFO - [2025-02-15T17:17:22.505+0000] {dag.py:3239} INFO - Sync 1 DAGs
[2025-02-15T17:17:22.528+0000] {logging_mixin.py:190} INFO - [2025-02-15T17:17:22.528+0000] {dag.py:4180} INFO - Setting next_dagrun for example_task_group to None, run_after=None
[2025-02-15T17:17:22.575+0000] {processor.py:208} INFO - Processing /home/airflow/.local/lib/python3.12/site-packages/airflow/example_dags/example_task_group.py took 0.187 seconds
[2025-02-15T17:18:43.089+0000] {processor.py:186} INFO - Started process (PID=111) to work on /home/airflow/.local/lib/python3.12/site-packages/airflow/example_dags/example_task_group.py
[2025-02-15T17:18:43.110+0000] {processor.py:914} INFO - Processing file /home/airflow/.local/lib/python3.12/site-packages/airflow/example_dags/example_task_group.py for tasks to queue
[2025-02-15T17:18:43.126+0000] {logging_mixin.py:190} INFO - [2025-02-15T17:18:43.125+0000] {dagbag.py:588} INFO - Filling up the DagBag from /home/airflow/.local/lib/python3.12/site-packages/airflow/example_dags/example_task_group.py
[2025-02-15T17:18:43.249+0000] {processor.py:925} INFO - DAG(s) 'example_task_group' retrieved from /home/airflow/.local/lib/python3.12/site-packages/airflow/example_dags/example_task_group.py
[2025-02-15T17:18:43.399+0000] {logging_mixin.py:190} INFO - [2025-02-15T17:18:43.399+0000] {dag.py:3239} INFO - Sync 1 DAGs
[2025-02-15T17:18:43.500+0000] {logging_mixin.py:190} INFO - [2025-02-15T17:18:43.499+0000] {dag.py:4180} INFO - Setting next_dagrun for example_task_group to None, run_after=None
[2025-02-15T17:18:46.995+0000] {processor.py:208} INFO - Processing /home/airflow/.local/lib/python3.12/site-packages/airflow/example_dags/example_task_group.py took 3.915 seconds
[2025-02-15T17:19:23.287+0000] {processor.py:186} INFO - Started process (PID=161) to work on /home/airflow/.local/lib/python3.12/site-packages/airflow/example_dags/example_task_group.py
[2025-02-15T17:19:23.289+0000] {processor.py:914} INFO - Processing file /home/airflow/.local/lib/python3.12/site-packages/airflow/example_dags/example_task_group.py for tasks to queue
[2025-02-15T17:19:23.295+0000] {logging_mixin.py:190} INFO - [2025-02-15T17:19:23.295+0000] {dagbag.py:588} INFO - Filling up the DagBag from /home/airflow/.local/lib/python3.12/site-packages/airflow/example_dags/example_task_group.py
[2025-02-15T17:19:23.341+0000] {processor.py:925} INFO - DAG(s) 'example_task_group' retrieved from /home/airflow/.local/lib/python3.12/site-packages/airflow/example_dags/example_task_group.py
[2025-02-15T17:19:23.481+0000] {logging_mixin.py:190} INFO - [2025-02-15T17:19:23.481+0000] {dag.py:3239} INFO - Sync 1 DAGs
[2025-02-15T17:19:23.519+0000] {logging_mixin.py:190} INFO - [2025-02-15T17:19:23.519+0000] {dag.py:4180} INFO - Setting next_dagrun for example_task_group to None, run_after=None
[2025-02-15T17:19:23.581+0000] {processor.py:208} INFO - Processing /home/airflow/.local/lib/python3.12/site-packages/airflow/example_dags/example_task_group.py took 0.322 seconds
[2025-02-15T17:20:01.929+0000] {processor.py:186} INFO - Started process (PID=219) to work on /home/airflow/.local/lib/python3.12/site-packages/airflow/example_dags/example_task_group.py
[2025-02-15T17:20:01.933+0000] {processor.py:914} INFO - Processing file /home/airflow/.local/lib/python3.12/site-packages/airflow/example_dags/example_task_group.py for tasks to queue
[2025-02-15T17:20:01.939+0000] {logging_mixin.py:190} INFO - [2025-02-15T17:20:01.939+0000] {dagbag.py:588} INFO - Filling up the DagBag from /home/airflow/.local/lib/python3.12/site-packages/airflow/example_dags/example_task_group.py
[2025-02-15T17:20:01.963+0000] {processor.py:925} INFO - DAG(s) 'example_task_group' retrieved from /home/airflow/.local/lib/python3.12/site-packages/airflow/example_dags/example_task_group.py
[2025-02-15T17:20:02.068+0000] {logging_mixin.py:190} INFO - [2025-02-15T17:20:02.067+0000] {dag.py:3239} INFO - Sync 1 DAGs
[2025-02-15T17:20:02.156+0000] {logging_mixin.py:190} INFO - [2025-02-15T17:20:02.156+0000] {dag.py:4180} INFO - Setting next_dagrun for example_task_group to None, run_after=None
[2025-02-15T17:20:02.275+0000] {processor.py:208} INFO - Processing /home/airflow/.local/lib/python3.12/site-packages/airflow/example_dags/example_task_group.py took 0.357 seconds
[2025-02-15T17:20:35.034+0000] {processor.py:186} INFO - Started process (PID=277) to work on /home/airflow/.local/lib/python3.12/site-packages/airflow/example_dags/example_task_group.py
[2025-02-15T17:20:35.040+0000] {processor.py:914} INFO - Processing file /home/airflow/.local/lib/python3.12/site-packages/airflow/example_dags/example_task_group.py for tasks to queue
[2025-02-15T17:20:35.046+0000] {logging_mixin.py:190} INFO - [2025-02-15T17:20:35.046+0000] {dagbag.py:588} INFO - Filling up the DagBag from /home/airflow/.local/lib/python3.12/site-packages/airflow/example_dags/example_task_group.py
[2025-02-15T17:20:35.078+0000] {processor.py:925} INFO - DAG(s) 'example_task_group' retrieved from /home/airflow/.local/lib/python3.12/site-packages/airflow/example_dags/example_task_group.py
[2025-02-15T17:20:35.121+0000] {logging_mixin.py:190} INFO - [2025-02-15T17:20:35.121+0000] {dag.py:3239} INFO - Sync 1 DAGs
[2025-02-15T17:20:35.151+0000] {logging_mixin.py:190} INFO - [2025-02-15T17:20:35.151+0000] {dag.py:4180} INFO - Setting next_dagrun for example_task_group to None, run_after=None
[2025-02-15T17:20:35.213+0000] {processor.py:208} INFO - Processing /home/airflow/.local/lib/python3.12/site-packages/airflow/example_dags/example_task_group.py took 0.196 seconds
[2025-02-15T17:21:12.764+0000] {processor.py:186} INFO - Started process (PID=335) to work on /home/airflow/.local/lib/python3.12/site-packages/airflow/example_dags/example_task_group.py
[2025-02-15T17:21:12.765+0000] {processor.py:914} INFO - Processing file /home/airflow/.local/lib/python3.12/site-packages/airflow/example_dags/example_task_group.py for tasks to queue
[2025-02-15T17:21:12.767+0000] {logging_mixin.py:190} INFO - [2025-02-15T17:21:12.767+0000] {dagbag.py:588} INFO - Filling up the DagBag from /home/airflow/.local/lib/python3.12/site-packages/airflow/example_dags/example_task_group.py
[2025-02-15T17:21:12.778+0000] {processor.py:925} INFO - DAG(s) 'example_task_group' retrieved from /home/airflow/.local/lib/python3.12/site-packages/airflow/example_dags/example_task_group.py
[2025-02-15T17:21:12.842+0000] {logging_mixin.py:190} INFO - [2025-02-15T17:21:12.841+0000] {dag.py:3239} INFO - Sync 1 DAGs
[2025-02-15T17:21:12.877+0000] {logging_mixin.py:190} INFO - [2025-02-15T17:21:12.877+0000] {dag.py:4180} INFO - Setting next_dagrun for example_task_group to None, run_after=None
[2025-02-15T17:21:12.926+0000] {processor.py:208} INFO - Processing /home/airflow/.local/lib/python3.12/site-packages/airflow/example_dags/example_task_group.py took 0.202 seconds
[2025-02-15T17:21:46.782+0000] {processor.py:186} INFO - Started process (PID=393) to work on /home/airflow/.local/lib/python3.12/site-packages/airflow/example_dags/example_task_group.py
[2025-02-15T17:21:46.782+0000] {processor.py:914} INFO - Processing file /home/airflow/.local/lib/python3.12/site-packages/airflow/example_dags/example_task_group.py for tasks to queue
[2025-02-15T17:21:46.785+0000] {logging_mixin.py:190} INFO - [2025-02-15T17:21:46.785+0000] {dagbag.py:588} INF