[2025-02-15T17:17:15.380+0000] {processor.py:186} INFO - Started process (PID=35) to work on /home/airflow/.local/lib/python3.12/site-packages/airflow/example_dags/example_setup_teardown.py
[2025-02-15T17:17:15.384+0000] {processor.py:914} INFO - Processing file /home/airflow/.local/lib/python3.12/site-packages/airflow/example_dags/example_setup_teardown.py for tasks to queue
[2025-02-15T17:17:15.392+0000] {logging_mixin.py:190} INFO - [2025-02-15T17:17:15.391+0000] {dagbag.py:588} INFO - Filling up the DagBag from /home/airflow/.local/lib/python3.12/site-packages/airflow/example_dags/example_setup_teardown.py
[2025-02-15T17:17:15.423+0000] {processor.py:925} INFO - DAG(s) 'example_setup_teardown' retrieved from /home/airflow/.local/lib/python3.12/site-packages/airflow/example_dags/example_setup_teardown.py
[2025-02-15T17:17:15.524+0000] {logging_mixin.py:190} INFO - [2025-02-15T17:17:15.524+0000] {dag.py:3239} INFO - Sync 1 DAGs
[2025-02-15T17:17:15.558+0000] {logging_mixin.py:190} INFO - [2025-02-15T17:17:15.558+0000] {dag.py:4180} INFO - Setting next_dagrun for example_setup_teardown to None, run_after=None
[2025-02-15T17:17:15.595+0000] {processor.py:208} INFO - Processing /home/airflow/.local/lib/python3.12/site-packages/airflow/example_dags/example_setup_teardown.py took 0.232 seconds
[2025-02-15T17:17:55.101+0000] {processor.py:186} INFO - Started process (PID=93) to work on /home/airflow/.local/lib/python3.12/site-packages/airflow/example_dags/example_setup_teardown.py
[2025-02-15T17:17:55.102+0000] {processor.py:914} INFO - Processing file /home/airflow/.local/lib/python3.12/site-packages/airflow/example_dags/example_setup_teardown.py for tasks to queue
[2025-02-15T17:17:55.113+0000] {logging_mixin.py:190} INFO - [2025-02-15T17:17:55.111+0000] {dagbag.py:588} INFO - Filling up the DagBag from /home/airflow/.local/lib/python3.12/site-packages/airflow/example_dags/example_setup_teardown.py
[2025-02-15T17:17:55.159+0000] {processor.py:925} INFO - DAG(s) 'example_setup_teardown' retrieved from /home/airflow/.local/lib/python3.12/site-packages/airflow/example_dags/example_setup_teardown.py
[2025-02-15T17:17:55.254+0000] {logging_mixin.py:190} INFO - [2025-02-15T17:17:55.254+0000] {dag.py:3239} INFO - Sync 1 DAGs
[2025-02-15T17:17:55.322+0000] {logging_mixin.py:190} INFO - [2025-02-15T17:17:55.321+0000] {dag.py:4180} INFO - Setting next_dagrun for example_setup_teardown to None, run_after=None
[2025-02-15T17:17:57.768+0000] {processor.py:208} INFO - Processing /home/airflow/.local/lib/python3.12/site-packages/airflow/example_dags/example_setup_teardown.py took 2.704 seconds
[2025-02-15T17:19:18.856+0000] {processor.py:186} INFO - Started process (PID=143) to work on /home/airflow/.local/lib/python3.12/site-packages/airflow/example_dags/example_setup_teardown.py
[2025-02-15T17:19:18.857+0000] {processor.py:914} INFO - Processing file /home/airflow/.local/lib/python3.12/site-packages/airflow/example_dags/example_setup_teardown.py for tasks to queue
[2025-02-15T17:19:18.859+0000] {logging_mixin.py:190} INFO - [2025-02-15T17:19:18.859+0000] {dagbag.py:588} INFO - Filling up the DagBag from /home/airflow/.local/lib/python3.12/site-packages/airflow/example_dags/example_setup_teardown.py
[2025-02-15T17:19:18.866+0000] {processor.py:925} INFO - DAG(s) 'example_setup_teardown' retrieved from /home/airflow/.local/lib/python3.12/site-packages/airflow/example_dags/example_setup_teardown.py
[2025-02-15T17:19:18.885+0000] {logging_mixin.py:190} INFO - [2025-02-15T17:19:18.885+0000] {dag.py:3239} INFO - Sync 1 DAGs
[2025-02-15T17:19:18.896+0000] {logging_mixin.py:190} INFO - [2025-02-15T17:19:18.896+0000] {dag.py:4180} INFO - Setting next_dagrun for example_setup_teardown to None, run_after=None
[2025-02-15T17:19:19.021+0000] {processor.py:208} INFO - Processing /home/airflow/.local/lib/python3.12/site-packages/airflow/example_dags/example_setup_teardown.py took 0.169 seconds
[2025-02-15T17:19:51.137+0000] {processor.py:186} INFO - Started process (PID=195) to work on /home/airflow/.local/lib/python3.12/site-packages/airflow/example_dags/example_setup_teardown.py
[2025-02-15T17:19:51.143+0000] {processor.py:914} INFO - Processing file /home/airflow/.local/lib/python3.12/site-packages/airflow/example_dags/example_setup_teardown.py for tasks to queue
[2025-02-15T17:19:51.155+0000] {logging_mixin.py:190} INFO - [2025-02-15T17:19:51.145+0000] {dagbag.py:588} INFO - Filling up the DagBag from /home/airflow/.local/lib/python3.12/site-packages/airflow/example_dags/example_setup_teardown.py
[2025-02-15T17:19:51.222+0000] {processor.py:925} INFO - DAG(s) 'example_setup_teardown' retrieved from /home/airflow/.local/lib/python3.12/site-packages/airflow/example_dags/example_setup_teardown.py
[2025-02-15T17:19:51.406+0000] {logging_mixin.py:190} INFO - [2025-02-15T17:19:51.406+0000] {dag.py:3239} INFO - Sync 1 DAGs
[2025-02-15T17:19:51.464+0000] {logging_mixin.py:190} INFO - [2025-02-15T17:19:51.463+0000] {dag.py:4180} INFO - Setting next_dagrun for example_setup_teardown to None, run_after=None
[2025-02-15T17:19:52.987+0000] {processor.py:208} INFO - Processing /home/airflow/.local/lib/python3.12/site-packages/airflow/example_dags/example_setup_teardown.py took 1.892 seconds
[2025-02-15T17:20:23.706+0000] {processor.py:186} INFO - Started process (PID=253) to work on /home/airflow/.local/lib/python3.12/site-packages/airflow/example_dags/example_setup_teardown.py
[2025-02-15T17:20:23.709+0000] {processor.py:914} INFO - Processing file /home/airflow/.local/lib/python3.12/site-packages/airflow/example_dags/example_setup_teardown.py for tasks to queue
[2025-02-15T17:20:23.713+0000] {logging_mixin.py:190} INFO - [2025-02-15T17:20:23.712+0000] {dagbag.py:588} INFO - Filling up the DagBag from /home/airflow/.local/lib/python3.12/site-packages/airflow/example_dags/example_setup_teardown.py
[2025-02-15T17:20:23.730+0000] {processor.py:925} INFO - DAG(s) 'example_setup_teardown' retrieved from /home/airflow/.local/lib/python3.12/site-packages/airflow/example_dags/example_setup_teardown.py
[2025-02-15T17:20:23.794+0000] {logging_mixin.py:190} INFO - [2025-02-15T17:20:23.794+0000] {dag.py:3239} INFO - Sync 1 DAGs
[2025-02-15T17:20:23.857+0000] {logging_mixin.py:190} INFO - [2025-02-15T17:20:23.857+0000] {dag.py:4180} INFO - Setting next_dagrun for example_setup_teardown to None, run_after=None
[2025-02-15T17:20:23.937+0000] {processor.py:208} INFO - Processing /home/airflow/.local/lib/python3.12/site-packages/airflow/example_dags/example_setup_teardown.py took 0.265 seconds
[2025-02-15T17:20:55.668+0000] {processor.py:186} INFO - Started process (PID=311) to work on /home/airflow/.local/lib/python3.12/site-packages/airflow/example_dags/example_setup_teardown.py
[2025-02-15T17:20:55.671+0000] {processor.py:914} INFO - Processing file /home/airflow/.local/lib/python3.12/site-packages/airflow/example_dags/example_setup_teardown.py for tasks to queue
[2025-02-15T17:20:55.674+0000] {logging_mixin.py:190} INFO - [2025-02-15T17:20:55.673+0000] {dagbag.py:588} INFO - Filling up the DagBag from /home/airflow/.local/lib/python3.12/site-packages/airflow/example_dags/example_setup_teardown.py
[2025-02-15T17:20:55.709+0000] {processor.py:925} INFO - DAG(s) 'example_setup_teardown' retrieved from /home/airflow/.local/lib/python3.12/site-packages/airflow/example_dags/example_setup_teardown.py
[2025-02-15T17:20:55.780+0000] {logging_mixin.py:190} INFO - [2025-02-15T17:20:55.779+0000] {dag.py:3239} INFO - Sync 1 DAGs
[2025-02-15T17:20:55.883+0000] {logging_mixin.py:190} INFO - [2025-02-15T17:20:55.883+0000] {dag.py:4180} INFO - Setting next_dagrun for example_setup_teardown to None, run_after=None
[2025-02-15T17:20:56.584+0000] {processor.py:208} INFO - Processing /home/airflow/.local/lib/python3.12/site-packages/airflow/example_dags/example_setup_teardown.py took 0.941 seconds
[2025-02-15T17:21:26.805+0000] {processor.py:186} INFO - Started process (PID=369) to work on /home/airflow/.local/lib/python3.12/site-packages/airflow/example_dags/example_setup_teardown.py
[2025-02-15T17:21:26.814+0000] {processor.py:914} INFO - Processing file /home/airflow/.local/lib/python3.12/site-packages/airflow/example_dags/example_setup_teardown.py for tasks to queue
[2025-02-15T17:21:26.820+0000] {logging_mixin.py:190} INFO - [2025-02-15T17:21:26.820+0000] {dagbag.py:588} INFO - Filling up the DagBag from /home/airflow/.local/lib/python3.12/site-packages/airflow/example_dags/example_setup_teardown.py
[2025-02-15T17:21:26.834+0000] {processor.py:925} INFO - DAG(s) 'example_setup_teardown' retrieved from /home/airflow/.local/lib/python3.12/site-packages/airflow/example_dags/example_setup_teardown.py
[2025-02-15T17:21:26.890+0000] {logging_mixin.py:190} INFO - [2025-02-15T17:21:26.889+0000] {dag.py:3239} INFO - Sync 1 DAGs
[2025-02-15T17:21:26.906+0000] {logging_mixin.py:190} INFO - [2025-02-15T17:21:26.906+0000] {dag.py:4180} INFO - Setting next_dagrun for example_setup_teardown to None, run_after=None
[2025-02-15T17:21:27.051+0000] {processor.py:208} INFO - Processing /home/airflow/.local/lib/python3.12/site-packages/airflow/example_dags/example_setup_teardown.py took 0.261 seconds
[2025-02-15T17:22:03.664+0000] {processor.py:186} INFO - Started process (PID=422) to work on /home/airflow/.local/lib/python3.12/site-packages/airflow/example_dags/example_setup_teardown.py
[2025-02-15T17:22:03.666+0000] {processor.py:914} INFO - Processing file /home/airflow/.local/lib/python3.12/site-packages/airflow/example_dags/example_setup_teardown.py for tasks to queue
[2025-02-15T17:22:03.669+0000] {logging_mixin.py:190} INFO - [2025-02-15T17:22:03.669+0000] {dagbag.py:588} INFO - Filling up the DagBag from /home/airflow/.local/lib/python3.12/site-packages/airflow/example_dags/example_setup_teardown.py
[2025-02-15T17:22:03.681+0000] {processor.py:925} INFO - DAG(s) 'example_setup_teardown' retrieved from /home/airflow/.local/lib/python3.12/site-packages/airflow/example_dags/example_setup_teardown.py
[2025-02-15T17:22:03.704+0000] {logging_mixin.py:190} INFO - [2025-02-15T17:22:03.704+0000] {dag.py:3239} INFO - Sync 1 DAGs
[2025-02-15T17:22:03.721+0000] {logging_mixin.py:190} INFO - [2025-02-15T17:22:03.720+0000] {dag.py:4180} INFO - Setting next_dagrun for example_setup_teardown to None, run_after=None
[2025-02-15T17:22:04.536+0000] {processor.py:208} INFO - Processing /home/airflow/.local/lib/python3.12/site-packages/airflow/example_dags/example_setup_teardown.py took 0.909 seconds
[2025-02-15T17:22:37.190+0000] {processor.py:186} INFO - Started process (PID=480) to work on /home/airflow/.local/lib/python3.12/site-packages/airflow/example_dags/example_setup_teardown.py
[2025-02-15T17:22:37.192+0000] {processor.py:914} INFO - Processing file /home/airflow/.local/lib/python3.12/site-packages/airflow/example_dags/example_setup_teardown.py for tasks to queue
[2025-02-15T17:22:37.195+0000] {logging_mixin.py:190} INFO - [2025-02-15T17:22:37.195+0000] {dagbag.py:588} INFO - Filling up the DagBag from /home/airflow/.local/lib/python3.12/site-packages/airflow/example_dags/example_setup_teardown.py
[2025-02-15T17:22:37.217+0000] {processor.py:925} INFO - DAG(s) 'example_setup_teardown' retrieved from /home/airflow/.local/lib/python3.12/site-packages/airflow/example_dags/example_setup_teardown.py
[2025-02-15T17:22:37.690+0000] {logging_mixin.py:190} INFO - [2025-02-15T17:22:37.690+0000] {dag.py:3239} INFO - Sync 1 DAGs
[2025-02-15T17:22:37.724+0000] {logging_mixin.py:190} INFO - [2025-02-15T17:22:37.723+0000] {dag.py:4180} INFO - Setting next_dagrun for example_setup_teardown to None, run_after=None
[2025-02-15T17:22:37.957+0000] {processor.py:208} INFO - Processing /home/airflow/.local/lib/python3.12/site-packages/airflow/example_dags/example_setup_teardown.py took 0.789 seconds
[2025-02-15T17:23:09.604+0000] {processor.py:186} INFO - Started process (PID=538) to work on /home/airflow/.local/lib/python3.12/site-packages/airflow/example_dags/example_setup_teardown.py
[2025-02-15T17:23:09.606+0000] {processor.py:914} INFO - Processing file /home/airflow/.local/lib/python3.12/site-packages/airflow/example_dags/example_setup_teardown.py for tasks to queue
[2025-02-15T17:23:09.612+0000] {logging_mixin.py:190} INFO - [2025-02-15T17:23:09.612+0000] {