[2025-02-15T17:17:16.992+0000] {processor.py:186} INFO - Started process (PID=42) to work on /home/airflow/.local/lib/python3.12/site-packages/airflow/example_dags/example_dataset_alias.py
[2025-02-15T17:17:16.993+0000] {processor.py:914} INFO - Processing file /home/airflow/.local/lib/python3.12/site-packages/airflow/example_dags/example_dataset_alias.py for tasks to queue
[2025-02-15T17:17:17.000+0000] {logging_mixin.py:190} INFO - [2025-02-15T17:17:16.999+0000] {dagbag.py:588} INFO - Filling up the DagBag from /home/airflow/.local/lib/python3.12/site-packages/airflow/example_dags/example_dataset_alias.py
[2025-02-15T17:17:19.379+0000] {processor.py:925} INFO - DAG(s) 'dataset_alias_example_alias_producer', 'dataset_alias_example_alias_consumer', 'dataset_s3_bucket_consumer', 'dataset_s3_bucket_producer' retrieved from /home/airflow/.local/lib/python3.12/site-packages/airflow/example_dags/example_dataset_alias.py
[2025-02-15T17:17:19.475+0000] {logging_mixin.py:190} INFO - [2025-02-15T17:17:19.469+0000] {dag.py:3239} INFO - Sync 4 DAGs
[2025-02-15T17:17:19.514+0000] {logging_mixin.py:190} INFO - [2025-02-15T17:17:19.514+0000] {dag.py:4180} INFO - Setting next_dagrun for dataset_alias_example_alias_consumer to None, run_after=None
[2025-02-15T17:17:19.517+0000] {logging_mixin.py:190} INFO - [2025-02-15T17:17:19.517+0000] {dag.py:4180} INFO - Setting next_dagrun for dataset_alias_example_alias_producer to None, run_after=None
[2025-02-15T17:17:19.527+0000] {logging_mixin.py:190} INFO - [2025-02-15T17:17:19.522+0000] {dag.py:4180} INFO - Setting next_dagrun for dataset_s3_bucket_consumer to None, run_after=None
[2025-02-15T17:17:19.528+0000] {logging_mixin.py:190} INFO - [2025-02-15T17:17:19.528+0000] {dag.py:4180} INFO - Setting next_dagrun for dataset_s3_bucket_producer to None, run_after=None
[2025-02-15T17:17:19.637+0000] {processor.py:208} INFO - Processing /home/airflow/.local/lib/python3.12/site-packages/airflow/example_dags/example_dataset_alias.py took 2.654 seconds
[2025-02-15T17:18:13.835+0000] {processor.py:186} INFO - Started process (PID=103) to work on /home/airflow/.local/lib/python3.12/site-packages/airflow/example_dags/example_dataset_alias.py
[2025-02-15T17:18:14.377+0000] {processor.py:914} INFO - Processing file /home/airflow/.local/lib/python3.12/site-packages/airflow/example_dags/example_dataset_alias.py for tasks to queue
[2025-02-15T17:18:14.411+0000] {logging_mixin.py:190} INFO - [2025-02-15T17:18:14.410+0000] {dagbag.py:588} INFO - Filling up the DagBag from /home/airflow/.local/lib/python3.12/site-packages/airflow/example_dags/example_dataset_alias.py
[2025-02-15T17:18:15.937+0000] {processor.py:925} INFO - DAG(s) 'dataset_alias_example_alias_producer', 'dataset_s3_bucket_consumer', 'dataset_alias_example_alias_consumer', 'dataset_s3_bucket_producer' retrieved from /home/airflow/.local/lib/python3.12/site-packages/airflow/example_dags/example_dataset_alias.py
[2025-02-15T17:18:16.057+0000] {logging_mixin.py:190} INFO - [2025-02-15T17:18:16.056+0000] {dag.py:3239} INFO - Sync 4 DAGs
[2025-02-15T17:18:16.146+0000] {logging_mixin.py:190} INFO - [2025-02-15T17:18:16.145+0000] {dag.py:4180} INFO - Setting next_dagrun for dataset_alias_example_alias_consumer to None, run_after=None
[2025-02-15T17:18:16.166+0000] {logging_mixin.py:190} INFO - [2025-02-15T17:18:16.165+0000] {dag.py:4180} INFO - Setting next_dagrun for dataset_alias_example_alias_producer to None, run_after=None
[2025-02-15T17:18:16.167+0000] {logging_mixin.py:190} INFO - [2025-02-15T17:18:16.167+0000] {dag.py:4180} INFO - Setting next_dagrun for dataset_s3_bucket_consumer to None, run_after=None
[2025-02-15T17:18:16.172+0000] {logging_mixin.py:190} INFO - [2025-02-15T17:18:16.172+0000] {dag.py:4180} INFO - Setting next_dagrun for dataset_s3_bucket_producer to None, run_after=None
[2025-02-15T17:18:18.496+0000] {processor.py:208} INFO - Processing /home/airflow/.local/lib/python3.12/site-packages/airflow/example_dags/example_dataset_alias.py took 4.681 seconds
[2025-02-15T17:19:20.642+0000] {processor.py:186} INFO - Started process (PID=150) to work on /home/airflow/.local/lib/python3.12/site-packages/airflow/example_dags/example_dataset_alias.py
[2025-02-15T17:19:20.646+0000] {processor.py:914} INFO - Processing file /home/airflow/.local/lib/python3.12/site-packages/airflow/example_dags/example_dataset_alias.py for tasks to queue
[2025-02-15T17:19:20.652+0000] {logging_mixin.py:190} INFO - [2025-02-15T17:19:20.652+0000] {dagbag.py:588} INFO - Filling up the DagBag from /home/airflow/.local/lib/python3.12/site-packages/airflow/example_dags/example_dataset_alias.py
[2025-02-15T17:19:21.513+0000] {processor.py:925} INFO - DAG(s) 'dataset_s3_bucket_producer', 'dataset_alias_example_alias_consumer', 'dataset_alias_example_alias_producer', 'dataset_s3_bucket_consumer' retrieved from /home/airflow/.local/lib/python3.12/site-packages/airflow/example_dags/example_dataset_alias.py
[2025-02-15T17:19:21.573+0000] {logging_mixin.py:190} INFO - [2025-02-15T17:19:21.573+0000] {dag.py:3239} INFO - Sync 4 DAGs
[2025-02-15T17:19:21.708+0000] {logging_mixin.py:190} INFO - [2025-02-15T17:19:21.707+0000] {dag.py:4180} INFO - Setting next_dagrun for dataset_alias_example_alias_consumer to None, run_after=None
[2025-02-15T17:19:21.713+0000] {logging_mixin.py:190} INFO - [2025-02-15T17:19:21.713+0000] {dag.py:4180} INFO - Setting next_dagrun for dataset_alias_example_alias_producer to None, run_after=None
[2025-02-15T17:19:21.725+0000] {logging_mixin.py:190} INFO - [2025-02-15T17:19:21.725+0000] {dag.py:4180} INFO - Setting next_dagrun for dataset_s3_bucket_consumer to None, run_after=None
[2025-02-15T17:19:21.727+0000] {logging_mixin.py:190} INFO - [2025-02-15T17:19:21.727+0000] {dag.py:4180} INFO - Setting next_dagrun for dataset_s3_bucket_producer to None, run_after=None
[2025-02-15T17:19:21.819+0000] {processor.py:208} INFO - Processing /home/airflow/.local/lib/python3.12/site-packages/airflow/example_dags/example_dataset_alias.py took 1.211 seconds
[2025-02-15T17:19:57.216+0000] {processor.py:186} INFO - Started process (PID=208) to work on /home/airflow/.local/lib/python3.12/site-packages/airflow/example_dags/example_dataset_alias.py
[2025-02-15T17:19:57.218+0000] {processor.py:914} INFO - Processing file /home/airflow/.local/lib/python3.12/site-packages/airflow/example_dags/example_dataset_alias.py for tasks to queue
[2025-02-15T17:19:57.220+0000] {logging_mixin.py:190} INFO - [2025-02-15T17:19:57.220+0000] {dagbag.py:588} INFO - Filling up the DagBag from /home/airflow/.local/lib/python3.12/site-packages/airflow/example_dags/example_dataset_alias.py
[2025-02-15T17:19:57.707+0000] {processor.py:925} INFO - DAG(s) 'dataset_s3_bucket_consumer', 'dataset_alias_example_alias_consumer', 'dataset_alias_example_alias_producer', 'dataset_s3_bucket_producer' retrieved from /home/airflow/.local/lib/python3.12/site-packages/airflow/example_dags/example_dataset_alias.py
[2025-02-15T17:19:57.736+0000] {logging_mixin.py:190} INFO - [2025-02-15T17:19:57.736+0000] {dag.py:3239} INFO - Sync 4 DAGs
[2025-02-15T17:19:57.773+0000] {logging_mixin.py:190} INFO - [2025-02-15T17:19:57.773+0000] {dag.py:4180} INFO - Setting next_dagrun for dataset_alias_example_alias_consumer to None, run_after=None
[2025-02-15T17:19:57.778+0000] {logging_mixin.py:190} INFO - [2025-02-15T17:19:57.778+0000] {dag.py:4180} INFO - Setting next_dagrun for dataset_alias_example_alias_producer to None, run_after=None
[2025-02-15T17:19:57.779+0000] {logging_mixin.py:190} INFO - [2025-02-15T17:19:57.779+0000] {dag.py:4180} INFO - Setting next_dagrun for dataset_s3_bucket_consumer to None, run_after=None
[2025-02-15T17:19:57.783+0000] {logging_mixin.py:190} INFO - [2025-02-15T17:19:57.783+0000] {dag.py:4180} INFO - Setting next_dagrun for dataset_s3_bucket_producer to None, run_after=None
[2025-02-15T17:19:58.292+0000] {processor.py:208} INFO - Processing /home/airflow/.local/lib/python3.12/site-packages/airflow/example_dags/example_dataset_alias.py took 1.084 seconds
[2025-02-15T17:20:28.743+0000] {processor.py:186} INFO - Started process (PID=266) to work on /home/airflow/.local/lib/python3.12/site-packages/airflow/example_dags/example_dataset_alias.py
[2025-02-15T17:20:28.747+0000] {processor.py:914} INFO - Processing file /home/airflow/.local/lib/python3.12/site-packages/airflow/example_dags/example_dataset_alias.py for tasks to queue
[2025-02-15T17:20:28.750+0000] {logging_mixin.py:190} INFO - [2025-02-15T17:20:28.749+0000] {dagbag.py:588} INFO - Filling up the DagBag from /home/airflow/.local/lib/python3.12/site-packages/airflow/example_dags/example_dataset_alias.py
[2025-02-15T17:20:29.445+0000] {processor.py:925} INFO - DAG(s) 'dataset_alias_example_alias_producer', 'dataset_alias_example_alias_consumer', 'dataset_s3_bucket_consumer', 'dataset_s3_bucket_producer' retrieved from /home/airflow/.local/lib/python3.12/site-packages/airflow/example_dags/example_dataset_alias.py
[2025-02-15T17:20:29.473+0000] {logging_mixin.py:190} INFO - [2025-02-15T17:20:29.472+0000] {dag.py:3239} INFO - Sync 4 DAGs
[2025-02-15T17:20:29.504+0000] {logging_mixin.py:190} INFO - [2025-02-15T17:20:29.504+0000] {dag.py:4180} INFO - Setting next_dagrun for dataset_alias_example_alias_consumer to None, run_after=None
[2025-02-15T17:20:29.507+0000] {logging_mixin.py:190} INFO - [2025-02-15T17:20:29.507+0000] {dag.py:4180} INFO - Setting next_dagrun for dataset_alias_example_alias_producer to None, run_after=None
[2025-02-15T17:20:29.508+0000] {logging_mixin.py:190} INFO - [2025-02-15T17:20:29.508+0000] {dag.py:4180} INFO - Setting next_dagrun for dataset_s3_bucket_consumer to None, run_after=None
[2025-02-15T17:20:29.510+0000] {logging_mixin.py:190} INFO - [2025-02-15T17:20:29.509+0000] {dag.py:4180} INFO - Setting next_dagrun for dataset_s3_bucket_producer to None, run_after=None
[2025-02-15T17:20:29.556+0000] {processor.py:208} INFO - Processing /home/airflow/.local/lib/python3.12/site-packages/airflow/example_dags/example_dataset_alias.py took 0.847 seconds
[2025-02-15T17:21:02.642+0000] {processor.py:186} INFO - Started process (PID=322) to work on /home/airflow/.local/lib/python3.12/site-packages/airflow/example_dags/example_dataset_alias.py
[2025-02-15T17:21:02.643+0000] {processor.py:914} INFO - Processing file /home/airflow/.local/lib/python3.12/site-packages/airflow/example_dags/example_dataset_alias.py for tasks to queue
[2025-02-15T17:21:02.645+0000] {logging_mixin.py:190} INFO - [2025-02-15T17:21:02.645+0000] {dagbag.py:588} INFO - Filling up the DagBag from /home/airflow/.local/lib/python3.12/site-packages/airflow/example_dags/example_dataset_alias.py
[2025-02-15T17:21:03.414+0000] {processor.py:925} INFO - DAG(s) 'dataset_alias_example_alias_consumer', 'dataset_s3_bucket_consumer', 'dataset_s3_bucket_producer', 'dataset_alias_example_alias_producer' retrieved from /home/airflow/.local/lib/python3.12/site-packages/airflow/example_dags/example_dataset_alias.py
[2025-02-15T17:21:03.509+0000] {logging_mixin.py:190} INFO - [2025-02-15T17:21:03.505+0000] {dag.py:3239} INFO - Sync 4 DAGs
[2025-02-15T17:21:03.640+0000] {logging_mixin.py:190} INFO - [2025-02-15T17:21:03.639+0000] {dag.py:4180} INFO - Setting next_dagrun for dataset_alias_example_alias_consumer to None, run_after=None
[2025-02-15T17:21:03.658+0000] {logging_mixin.py:190} INFO - [2025-02-15T17:21:03.658+0000] {dag.py:4180} INFO - Setting next_dagrun for dataset_alias_example_alias_producer to None, run_after=None
[2025-02-15T17:21:03.661+0000] {logging_mixin.py:190} INFO - [2025-02-15T17:21:03.661+0000] {dag.py:4180} INFO - Setting next_dagrun for dataset_s3_bucket_consumer to None, run_after=None
[2025-02-15T17:21:03.665+0000] {logging_mixin.py:190} INFO - [2025-02-15T17:21:03.665+0000] {dag.py:4180} INFO - Setting next_dagrun for dataset_s3_bucket_producer to None, run_after=None
[2025-02-15T17:21:03.777+0000] {processor.py:208} INFO - Processing /home/airflow/.local/lib/python3.12/site-packages/airflow/example_dags/example_dataset_alias.py took 1.143 seconds
[2025-02-15T17:21:36.059+0000] {processor.py:186} INFO - Started process (PID=380) to work on /home/airflow/.local/lib/python3.12/site-packages/airflow/example_dags/example_dataset_alias.py
[2025-02-15T17:21:36.063+0000] {processor.py:914} INFO - Processing file /home/airflow/.local/lib/python3.12/site-packages/airflow/example_dags/example_dataset_alias.py for tasks to queue
[2025-02-15T17:21:36.080+0000] {logging_mixin.py:190} INFO - [2025-02-15T17:21:36.080+0000] {dagbag.py:588} INFO - Filling up the DagBag from /home/airflow/.local/lib/python3.12/site-packages/airflow/example_dags/example_dataset_alias.py
[2025-02-15T17:21:36.797+0000] {processor.py:925} INFO - DAG(s) 'dataset_alias_example_alias_consumer', 'dataset_s3_bucket_producer', 'dataset_s3_bucket_consumer', 'dataset_alias_example_alias_producer' retrieved from /home/airflow/.local/lib/python3.12/site-packages/airflow/example_dags/example_dataset_alias.py
[2025-02-15T17:21:36.834+0000] {logging_mixin.py:190} INFO - [2025-02-15T17:21:36.834+0000] {dag.py:3239} INFO - Sync 4 DAGs
[2025-02-15T17:21:36.921+0000] {logging_mixin.py:190} INFO - [2025-02-15T17:21:36.921+0000] {dag.py:4180} INFO - Setting next_dagrun for dataset_alias_example_alias_consumer to None, run_after=None
[2025-02-15T17:21:36.924+0000] {logging_mixin.py:190} INFO - [2025-02-15T17:21:36.924+0000] {dag.py:4180} INFO - Setting next_dagrun for dataset_alias_example_alias_producer to None, run_after=None
[2025-02-15T17:21:36.926+0000] {logging_mixin.py:190} INFO - [2025-02-15T17:21:36.926+0000] {dag.py:4180} INFO - Setting next_dagrun for dataset_s3_bucket_consumer to None, run_after=None
[2025-02-15T17:21:36.928+0000] {logging_mixin.py:190} INFO - [2025-02-15T17:21:36.927+0000] {dag.py:4180} INFO - Setting next_dagrun for dataset_s3_bucket_producer to None, run_after=None
[2025-02-15T17:21:36.957+0000] {processor.py:208} INFO - Processing /home/airflow/.local/lib/python3.12/site-packages/airflow/example_dags/example_dataset_alias.py took 0.916 seconds
[2025-02-15T17:22:07.451+0000] {processor.py:186} INFO - Started process (PID=438) to work on /home/airflow/.local/lib/python3.12/site-packages/airflow/example_dags/example_dataset_alias.py
[2025-02-15T17:22:07.457+0000] {processor.py:914} INFO - Processing file /home/airflow/.local/lib/python3.12/site-packages/airflow/example_dags/example_dataset_alias.py for tasks to queue
[2025-02-15T17:22:07.460+0000] {logging_mixin.py:190} INFO - [2025-02-15T17:22:07.459+0000] {dagbag.py:588} INFO - Filling up the DagBag from /home/airflow/.local/lib/python3.12/site-packages/airflow/example_dags/example_dataset_alias.py
[2025-02-15T17:22:08.434+0000] {processor.py:925} INFO - DAG(s) 'dataset_s3_bucket_consumer', 'dataset_s3_bucket_producer', 'dataset_alias_example_alias_consumer', 'dataset_alias_example_alias_producer' retrieved from /home/airflow/.local/lib/python3.12/site-packages/airflow/example_dags/example_dataset_alias.py
[2025-02-15T17:22:08.501+0000] {logging_mixin.py:190} INFO - [2025-02-15T17:22:08.500+0000] {dag.py:3239} INFO - Sync 4 DAGs
[2025-02-15T17:22:08.580+0000] {logging_mixin.py:190} INFO - [2025-02-15T17:22:08.580+0000] {dag.py:4180} INFO - Setting next_dagrun for dataset_alias_example_alias_consumer to None, run_after=None
[2025-02-15T17:22:08.584+0000] {logging_mixin.py:190} INFO - [2025-02-15T17:22:08.584+0000] {dag.py:4180} INFO - Setting next_dagrun for dataset_alias_example_alias_producer to None, run_after=None
[2025-02-15T17:22:08.595+0000] {logging_mixin.py:190} INFO - [2025-02-15T17:22:08.595+0000] {dag.py:4180} INFO - Setting next_dagrun for dataset_s3_bucket_consumer to None, run_after=None
[2025-02-15T17:22:08.599+0000] {logging_mixin.py:190} INFO - [2025-02-15T17:22:08.599+0000] {dag.py:4180} INFO - Setting next_dagrun for dataset_s3_bucket_producer to None, run_after=None
[2025-02-15T17:22:12.134+0000] {processor.py:208} INFO - Processing /home/airflow/.local/lib/python3.12/site-packages/airflow/example_dags/example_dataset_alias.py took 4.695 seconds
[2025-02-15T17:22:44.581+0000] {processor.py:186} INFO - Started process (PID=494) to work on /home/airflow/.local/lib/python3.12/site-packages/airflow/example_dags/example_dataset_alias.py
[2025-02-15T17:22:44.589+0000] {processor.py:914} INFO - Processing file /home/airflow/.local/lib/python3.12/site-p