[2025-02-15T17:17:36.090+0000] {processor.py:186} INFO - Started process (PID=79) to work on /home/airflow/.local/lib/python3.12/site-packages/airflow/example_dags/example_outlet_event_extra.py
[2025-02-15T17:17:36.091+0000] {processor.py:914} INFO - Processing file /home/airflow/.local/lib/python3.12/site-packages/airflow/example_dags/example_outlet_event_extra.py for tasks to queue
[2025-02-15T17:17:36.105+0000] {logging_mixin.py:190} INFO - [2025-02-15T17:17:36.105+0000] {dagbag.py:588} INFO - Filling up the DagBag from /home/airflow/.local/lib/python3.12/site-packages/airflow/example_dags/example_outlet_event_extra.py
[2025-02-15T17:17:38.064+0000] {processor.py:925} INFO - DAG(s) 'dataset_with_extra_by_context', 'dataset_with_extra_by_yield', 'dataset_with_extra_from_classic_operator' retrieved from /home/airflow/.local/lib/python3.12/site-packages/airflow/example_dags/example_outlet_event_extra.py
[2025-02-15T17:17:38.193+0000] {logging_mixin.py:190} INFO - [2025-02-15T17:17:38.193+0000] {dag.py:3239} INFO - Sync 3 DAGs
[2025-02-15T17:17:38.288+0000] {logging_mixin.py:190} INFO - [2025-02-15T17:17:38.288+0000] {dag.py:4180} INFO - Setting next_dagrun for dataset_with_extra_by_context to 2025-02-14 00:00:00+00:00, run_after=2025-02-15 00:00:00+00:00
[2025-02-15T17:17:38.300+0000] {logging_mixin.py:190} INFO - [2025-02-15T17:17:38.300+0000] {dag.py:4180} INFO - Setting next_dagrun for dataset_with_extra_by_yield to 2025-02-14 00:00:00+00:00, run_after=2025-02-15 00:00:00+00:00
[2025-02-15T17:17:38.316+0000] {logging_mixin.py:190} INFO - [2025-02-15T17:17:38.316+0000] {dag.py:4180} INFO - Setting next_dagrun for dataset_with_extra_from_classic_operator to 2025-02-14 00:00:00+00:00, run_after=2025-02-15 00:00:00+00:00
[2025-02-15T17:17:45.821+0000] {processor.py:208} INFO - Processing /home/airflow/.local/lib/python3.12/site-packages/airflow/example_dags/example_outlet_event_extra.py took 9.770 seconds
[2025-02-15T17:19:24.310+0000] {processor.py:186} INFO - Started process (PID=164) to work on /home/airflow/.local/lib/python3.12/site-packages/airflow/example_dags/example_outlet_event_extra.py
[2025-02-15T17:19:24.311+0000] {processor.py:914} INFO - Processing file /home/airflow/.local/lib/python3.12/site-packages/airflow/example_dags/example_outlet_event_extra.py for tasks to queue
[2025-02-15T17:19:24.314+0000] {logging_mixin.py:190} INFO - [2025-02-15T17:19:24.313+0000] {dagbag.py:588} INFO - Filling up the DagBag from /home/airflow/.local/lib/python3.12/site-packages/airflow/example_dags/example_outlet_event_extra.py
[2025-02-15T17:19:25.649+0000] {processor.py:925} INFO - DAG(s) 'dataset_with_extra_by_yield', 'dataset_with_extra_from_classic_operator', 'dataset_with_extra_by_context' retrieved from /home/airflow/.local/lib/python3.12/site-packages/airflow/example_dags/example_outlet_event_extra.py
[2025-02-15T17:19:25.699+0000] {logging_mixin.py:190} INFO - [2025-02-15T17:19:25.699+0000] {dag.py:3239} INFO - Sync 3 DAGs
[2025-02-15T17:19:25.742+0000] {logging_mixin.py:190} INFO - [2025-02-15T17:19:25.741+0000] {dag.py:4180} INFO - Setting next_dagrun for dataset_with_extra_by_context to 2025-02-14 00:00:00+00:00, run_after=2025-02-15 00:00:00+00:00
[2025-02-15T17:19:25.762+0000] {logging_mixin.py:190} INFO - [2025-02-15T17:19:25.756+0000] {dag.py:4180} INFO - Setting next_dagrun for dataset_with_extra_by_yield to 2025-02-14 00:00:00+00:00, run_after=2025-02-15 00:00:00+00:00
[2025-02-15T17:19:25.772+0000] {logging_mixin.py:190} INFO - [2025-02-15T17:19:25.769+0000] {dag.py:4180} INFO - Setting next_dagrun for dataset_with_extra_from_classic_operator to 2025-02-14 00:00:00+00:00, run_after=2025-02-15 00:00:00+00:00
[2025-02-15T17:19:25.856+0000] {processor.py:208} INFO - Processing /home/airflow/.local/lib/python3.12/site-packages/airflow/example_dags/example_outlet_event_extra.py took 1.561 seconds
[2025-02-15T17:20:08.011+0000] {processor.py:186} INFO - Started process (PID=229) to work on /home/airflow/.local/lib/python3.12/site-packages/airflow/example_dags/example_outlet_event_extra.py
[2025-02-15T17:20:08.017+0000] {processor.py:914} INFO - Processing file /home/airflow/.local/lib/python3.12/site-packages/airflow/example_dags/example_outlet_event_extra.py for tasks to queue
[2025-02-15T17:20:08.020+0000] {logging_mixin.py:190} INFO - [2025-02-15T17:20:08.019+0000] {dagbag.py:588} INFO - Filling up the DagBag from /home/airflow/.local/lib/python3.12/site-packages/airflow/example_dags/example_outlet_event_extra.py
[2025-02-15T17:20:08.873+0000] {processor.py:925} INFO - DAG(s) 'dataset_with_extra_from_classic_operator', 'dataset_with_extra_by_yield', 'dataset_with_extra_by_context' retrieved from /home/airflow/.local/lib/python3.12/site-packages/airflow/example_dags/example_outlet_event_extra.py
[2025-02-15T17:20:08.920+0000] {logging_mixin.py:190} INFO - [2025-02-15T17:20:08.920+0000] {dag.py:3239} INFO - Sync 3 DAGs
[2025-02-15T17:20:08.981+0000] {logging_mixin.py:190} INFO - [2025-02-15T17:20:08.980+0000] {dag.py:4180} INFO - Setting next_dagrun for dataset_with_extra_by_context to 2025-02-14 00:00:00+00:00, run_after=2025-02-15 00:00:00+00:00
[2025-02-15T17:20:08.995+0000] {logging_mixin.py:190} INFO - [2025-02-15T17:20:08.995+0000] {dag.py:4180} INFO - Setting next_dagrun for dataset_with_extra_by_yield to 2025-02-14 00:00:00+00:00, run_after=2025-02-15 00:00:00+00:00
[2025-02-15T17:20:09.001+0000] {logging_mixin.py:190} INFO - [2025-02-15T17:20:09.001+0000] {dag.py:4180} INFO - Setting next_dagrun for dataset_with_extra_from_classic_operator to 2025-02-14 00:00:00+00:00, run_after=2025-02-15 00:00:00+00:00
[2025-02-15T17:20:09.061+0000] {processor.py:208} INFO - Processing /home/airflow/.local/lib/python3.12/site-packages/airflow/example_dags/example_outlet_event_extra.py took 1.065 seconds
[2025-02-15T17:20:39.643+0000] {processor.py:186} INFO - Started process (PID=287) to work on /home/airflow/.local/lib/python3.12/site-packages/airflow/example_dags/example_outlet_event_extra.py
[2025-02-15T17:20:39.648+0000] {processor.py:914} INFO - Processing file /home/airflow/.local/lib/python3.12/site-packages/airflow/example_dags/example_outlet_event_extra.py for tasks to queue
[2025-02-15T17:20:39.658+0000] {logging_mixin.py:190} INFO - [2025-02-15T17:20:39.657+0000] {dagbag.py:588} INFO - Filling up the DagBag from /home/airflow/.local/lib/python3.12/site-packages/airflow/example_dags/example_outlet_event_extra.py
[2025-02-15T17:20:40.455+0000] {processor.py:925} INFO - DAG(s) 'dataset_with_extra_by_yield', 'dataset_with_extra_by_context', 'dataset_with_extra_from_classic_operator' retrieved from /home/airflow/.local/lib/python3.12/site-packages/airflow/example_dags/example_outlet_event_extra.py
[2025-02-15T17:20:40.510+0000] {logging_mixin.py:190} INFO - [2025-02-15T17:20:40.510+0000] {dag.py:3239} INFO - Sync 3 DAGs
[2025-02-15T17:20:40.579+0000] {logging_mixin.py:190} INFO - [2025-02-15T17:20:40.579+0000] {dag.py:4180} INFO - Setting next_dagrun for dataset_with_extra_by_context to 2025-02-14 00:00:00+00:00, run_after=2025-02-15 00:00:00+00:00
[2025-02-15T17:20:40.592+0000] {logging_mixin.py:190} INFO - [2025-02-15T17:20:40.592+0000] {dag.py:4180} INFO - Setting next_dagrun for dataset_with_extra_by_yield to 2025-02-14 00:00:00+00:00, run_after=2025-02-15 00:00:00+00:00
[2025-02-15T17:20:40.603+0000] {logging_mixin.py:190} INFO - [2025-02-15T17:20:40.603+0000] {dag.py:4180} INFO - Setting next_dagrun for dataset_with_extra_from_classic_operator to 2025-02-14 00:00:00+00:00, run_after=2025-02-15 00:00:00+00:00
[2025-02-15T17:20:40.659+0000] {processor.py:208} INFO - Processing /home/airflow/.local/lib/python3.12/site-packages/airflow/example_dags/example_outlet_event_extra.py took 1.059 seconds
[2025-02-15T17:21:19.831+0000] {processor.py:186} INFO - Started process (PID=345) to work on /home/airflow/.local/lib/python3.12/site-packages/airflow/example_dags/example_outlet_event_extra.py
[2025-02-15T17:21:19.841+0000] {processor.py:914} INFO - Processing file /home/airflow/.local/lib/python3.12/site-packages/airflow/example_dags/example_outlet_event_extra.py for tasks to queue
[2025-02-15T17:21:19.843+0000] {logging_mixin.py:190} INFO - [2025-02-15T17:21:19.843+0000] {dagbag.py:588} INFO - Filling up the DagBag from /home/airflow/.local/lib/python3.12/site-packages/airflow/example_dags/example_outlet_event_extra.py
[2025-02-15T17:21:20.803+0000] {processor.py:925} INFO - DAG(s) 'dataset_with_extra_by_context', 'dataset_with_extra_by_yield', 'dataset_with_extra_from_classic_operator' retrieved from /home/airflow/.local/lib/python3.12/site-packages/airflow/example_dags/example_outlet_event_extra.py
[2025-02-15T17:21:20.903+0000] {logging_mixin.py:190} INFO - [2025-02-15T17:21:20.903+0000] {dag.py:3239} INFO - Sync 3 DAGs
[2025-02-15T17:21:20.989+0000] {logging_mixin.py:190} INFO - [2025-02-15T17:21:20.989+0000] {dag.py:4180} INFO - Setting next_dagrun for dataset_with_extra_by_context to 2025-02-14 00:00:00+00:00, run_after=2025-02-15 00:00:00+00:00
[2025-02-15T17:21:20.998+0000] {logging_mixin.py:190} INFO - [2025-02-15T17:21:20.996+0000] {dag.py:4180} INFO - Setting next_dagrun for dataset_with_extra_by_yield to 2025-02-14 00:00:00+00:00, run_after=2025-02-15 00:00:00+00:00
[2025-02-15T17:21:21.003+0000] {logging_mixin.py:190} INFO - [2025-02-15T17:21:21.003+0000] {dag.py:4180} INFO - Setting next_dagrun for dataset_with_extra_from_classic_operator to 2025-02-14 00:00:00+00:00, run_after=2025-02-15 00:00:00+00:00
[2025-02-15T17:21:23.224+0000] {processor.py:208} INFO - Processing /home/airflow/.local/lib/python3.12/site-packages/airflow/example_dags/example_outlet_event_extra.py took 3.405 seconds
[2025-02-15T17:21:59.132+0000] {processor.py:186} INFO - Started process (PID=409) to work on /home/airflow/.local/lib/python3.12/site-packages/airflow/example_dags/example_outlet_event_extra.py
[2025-02-15T17:21:59.133+0000] {processor.py:914} INFO - Processing file /home/airflow/.local/lib/python3.12/site-packages/airflow/example_dags/example_outlet_event_extra.py for tasks to queue
[2025-02-15T17:21:59.142+0000] {logging_mixin.py:190} INFO - [2025-02-15T17:21:59.141+0000] {dagbag.py:588} INFO - Filling up the DagBag from /home/airflow/.local/lib/python3.12/site-packages/airflow/example_dags/example_outlet_event_extra.py
[2025-02-15T17:21:59.958+0000] {processor.py:925} INFO - DAG(s) 'dataset_with_extra_by_yield', 'dataset_with_extra_by_context', 'dataset_with_extra_from_classic_operator' retrieved from /home/airflow/.local/lib/python3.12/site-packages/airflow/example_dags/example_outlet_event_extra.py
[2025-02-15T17:22:00.007+0000] {logging_mixin.py:190} INFO - [2025-02-15T17:22:00.007+0000] {dag.py:3239} INFO - Sync 3 DAGs
[2025-02-15T17:22:00.075+0000] {logging_mixin.py:190} INFO - [2025-02-15T17:22:00.074+0000] {dag.py:4180} INFO - Setting next_dagrun for dataset_with_extra_by_context to 2025-02-14 00:00:00+00:00, run_after=2025-02-15 00:00:00+00:00
[2025-02-15T17:22:00.086+0000] {logging_mixin.py:190} INFO - [2025-02-15T17:22:00.086+0000] {dag.py:4180} INFO - Setting next_dagrun for dataset_with_extra_by_yield to 2025-02-14 00:00:00+00:00, run_after=2025-02-15 00:00:00+00:00
[2025-02-15T17:22:00.100+0000] {logging_mixin.py:190} INFO - [2025-02-15T17:22:00.100+0000] {dag.py:4180} INFO - Setting next_dagrun for dataset_with_extra_from_classic_operator to 2025-02-14 00:00:00+00:00, run_after=2025-02-15 00:00:00+00:00
[2025-02-15T17:22:00.190+0000] {processor.py:208} INFO - Processing /home/airflow/.local/lib/python3.12/site-packages/airflow/example_dags/example_outlet_event_extra.py took 1.068 seconds
[2025-02-15T17:22:30.886+0000] {processor.py:186} INFO - Started process (PID=466) to work on /home/airflow/.local/lib/python3.12/site-packages/airflow/example_dags/example_outlet_event_extra.py
[2025-02-15T17:22:30.887+0000] {processor.py:914} INFO - Processing file /home/airflow/.local/lib/python3.12/site-packages/airflow/example_dags/example_outlet_event_extra.py for tasks to queue
[2025-02-15T17:22:30.892+0000] {logging_mixin.py:190} INFO - [2025-02-15T17:22:30.892+0000] {dagbag.py:588} INFO - Filling up the DagBag from /home/airflow/.local/lib/python3.12/site-packages/airflow/example_dags/example_outlet_event_extra.py
[2025-02-15T17:22:31.834