[2025-02-15T17:17:31.868+0000] {processor.py:186} INFO - Started process (PID=72) to work on /home/airflow/.local/lib/python3.12/site-packages/airflow/example_dags/example_workday_timetable.py
[2025-02-15T17:17:31.871+0000] {processor.py:914} INFO - Processing file /home/airflow/.local/lib/python3.12/site-packages/airflow/example_dags/example_workday_timetable.py for tasks to queue
[2025-02-15T17:17:31.883+0000] {logging_mixin.py:190} INFO - [2025-02-15T17:17:31.878+0000] {dagbag.py:588} INFO - Filling up the DagBag from /home/airflow/.local/lib/python3.12/site-packages/airflow/example_dags/example_workday_timetable.py
[2025-02-15T17:17:31.904+0000] {processor.py:925} INFO - DAG(s) 'example_workday_timetable' retrieved from /home/airflow/.local/lib/python3.12/site-packages/airflow/example_dags/example_workday_timetable.py
[2025-02-15T17:17:31.944+0000] {logging_mixin.py:190} INFO - [2025-02-15T17:17:31.944+0000] {dag.py:3239} INFO - Sync 1 DAGs
[2025-02-15T17:17:32.100+0000] {logging_mixin.py:190} INFO - [2025-02-15T17:17:32.100+0000] {dag.py:4180} INFO - Setting next_dagrun for example_workday_timetable to 2021-01-04 00:00:00+00:00, run_after=2021-01-05 00:00:00+00:00
[2025-02-15T17:17:32.120+0000] {processor.py:208} INFO - Processing /home/airflow/.local/lib/python3.12/site-packages/airflow/example_dags/example_workday_timetable.py took 0.265 seconds
[2025-02-15T17:19:15.266+0000] {processor.py:186} INFO - Started process (PID=130) to work on /home/airflow/.local/lib/python3.12/site-packages/airflow/example_dags/example_workday_timetable.py
[2025-02-15T17:19:15.270+0000] {processor.py:914} INFO - Processing file /home/airflow/.local/lib/python3.12/site-packages/airflow/example_dags/example_workday_timetable.py for tasks to queue
[2025-02-15T17:19:15.275+0000] {logging_mixin.py:190} INFO - [2025-02-15T17:19:15.274+0000] {dagbag.py:588} INFO - Filling up the DagBag from /home/airflow/.local/lib/python3.12/site-packages/airflow/example_dags/example_workday_timetable.py
[2025-02-15T17:19:15.292+0000] {processor.py:925} INFO - DAG(s) 'example_workday_timetable' retrieved from /home/airflow/.local/lib/python3.12/site-packages/airflow/example_dags/example_workday_timetable.py
[2025-02-15T17:19:15.347+0000] {logging_mixin.py:190} INFO - [2025-02-15T17:19:15.347+0000] {dag.py:3239} INFO - Sync 1 DAGs
[2025-02-15T17:19:15.491+0000] {logging_mixin.py:190} INFO - [2025-02-15T17:19:15.490+0000] {dag.py:4180} INFO - Setting next_dagrun for example_workday_timetable to 2021-01-04 00:00:00+00:00, run_after=2021-01-05 00:00:00+00:00
[2025-02-15T17:19:16.398+0000] {processor.py:208} INFO - Processing /home/airflow/.local/lib/python3.12/site-packages/airflow/example_dags/example_workday_timetable.py took 1.147 seconds
[2025-02-15T17:19:53.101+0000] {processor.py:186} INFO - Started process (PID=197) to work on /home/airflow/.local/lib/python3.12/site-packages/airflow/example_dags/example_workday_timetable.py
[2025-02-15T17:19:53.107+0000] {processor.py:914} INFO - Processing file /home/airflow/.local/lib/python3.12/site-packages/airflow/example_dags/example_workday_timetable.py for tasks to queue
[2025-02-15T17:19:53.110+0000] {logging_mixin.py:190} INFO - [2025-02-15T17:19:53.110+0000] {dagbag.py:588} INFO - Filling up the DagBag from /home/airflow/.local/lib/python3.12/site-packages/airflow/example_dags/example_workday_timetable.py
[2025-02-15T17:19:53.128+0000] {processor.py:925} INFO - DAG(s) 'example_workday_timetable' retrieved from /home/airflow/.local/lib/python3.12/site-packages/airflow/example_dags/example_workday_timetable.py
[2025-02-15T17:19:53.193+0000] {logging_mixin.py:190} INFO - [2025-02-15T17:19:53.186+0000] {dag.py:3239} INFO - Sync 1 DAGs
[2025-02-15T17:19:53.423+0000] {logging_mixin.py:190} INFO - [2025-02-15T17:19:53.423+0000] {dag.py:4180} INFO - Setting next_dagrun for example_workday_timetable to 2021-01-04 00:00:00+00:00, run_after=2021-01-05 00:00:00+00:00
[2025-02-15T17:19:53.497+0000] {processor.py:208} INFO - Processing /home/airflow/.local/lib/python3.12/site-packages/airflow/example_dags/example_workday_timetable.py took 0.443 seconds
[2025-02-15T17:20:24.086+0000] {processor.py:186} INFO - Started process (PID=255) to work on /home/airflow/.local/lib/python3.12/site-packages/airflow/example_dags/example_workday_timetable.py
[2025-02-15T17:20:24.087+0000] {processor.py:914} INFO - Processing file /home/airflow/.local/lib/python3.12/site-packages/airflow/example_dags/example_workday_timetable.py for tasks to queue
[2025-02-15T17:20:24.093+0000] {logging_mixin.py:190} INFO - [2025-02-15T17:20:24.092+0000] {dagbag.py:588} INFO - Filling up the DagBag from /home/airflow/.local/lib/python3.12/site-packages/airflow/example_dags/example_workday_timetable.py
[2025-02-15T17:20:24.115+0000] {processor.py:925} INFO - DAG(s) 'example_workday_timetable' retrieved from /home/airflow/.local/lib/python3.12/site-packages/airflow/example_dags/example_workday_timetable.py
[2025-02-15T17:20:24.170+0000] {logging_mixin.py:190} INFO - [2025-02-15T17:20:24.169+0000] {dag.py:3239} INFO - Sync 1 DAGs
[2025-02-15T17:20:24.474+0000] {logging_mixin.py:190} INFO - [2025-02-15T17:20:24.474+0000] {dag.py:4180} INFO - Setting next_dagrun for example_workday_timetable to 2021-01-04 00:00:00+00:00, run_after=2021-01-05 00:00:00+00:00
[2025-02-15T17:20:25.150+0000] {processor.py:208} INFO - Processing /home/airflow/.local/lib/python3.12/site-packages/airflow/example_dags/example_workday_timetable.py took 1.109 seconds
[2025-02-15T17:20:56.753+0000] {processor.py:186} INFO - Started process (PID=313) to work on /home/airflow/.local/lib/python3.12/site-packages/airflow/example_dags/example_workday_timetable.py
[2025-02-15T17:20:56.755+0000] {processor.py:914} INFO - Processing file /home/airflow/.local/lib/python3.12/site-packages/airflow/example_dags/example_workday_timetable.py for tasks to queue
[2025-02-15T17:20:56.758+0000] {logging_mixin.py:190} INFO - [2025-02-15T17:20:56.758+0000] {dagbag.py:588} INFO - Filling up the DagBag from /home/airflow/.local/lib/python3.12/site-packages/airflow/example_dags/example_workday_timetable.py
[2025-02-15T17:20:56.782+0000] {processor.py:925} INFO - DAG(s) 'example_workday_timetable' retrieved from /home/airflow/.local/lib/python3.12/site-packages/airflow/example_dags/example_workday_timetable.py
[2025-02-15T17:20:56.845+0000] {logging_mixin.py:190} INFO - [2025-02-15T17:20:56.844+0000] {dag.py:3239} INFO - Sync 1 DAGs
[2025-02-15T17:20:57.580+0000] {logging_mixin.py:190} INFO - [2025-02-15T17:20:57.579+0000] {dag.py:4180} INFO - Setting next_dagrun for example_workday_timetable to 2021-01-04 00:00:00+00:00, run_after=2021-01-05 00:00:00+00:00
[2025-02-15T17:20:58.560+0000] {processor.py:208} INFO - Processing /home/airflow/.local/lib/python3.12/site-packages/airflow/example_dags/example_workday_timetable.py took 1.825 seconds
[2025-02-15T17:21:28.656+0000] {processor.py:186} INFO - Started process (PID=371) to work on /home/airflow/.local/lib/python3.12/site-packages/airflow/example_dags/example_workday_timetable.py
[2025-02-15T17:21:28.657+0000] {processor.py:914} INFO - Processing file /home/airflow/.local/lib/python3.12/site-packages/airflow/example_dags/example_workday_timetable.py for tasks to queue
[2025-02-15T17:21:28.659+0000] {logging_mixin.py:190} INFO - [2025-02-15T17:21:28.659+0000] {dagbag.py:588} INFO - Filling up the DagBag from /home/airflow/.local/lib/python3.12/site-packages/airflow/example_dags/example_workday_timetable.py
[2025-02-15T17:21:28.665+0000] {processor.py:925} INFO - DAG(s) 'example_workday_timetable' retrieved from /home/airflow/.local/lib/python3.12/site-packages/airflow/example_dags/example_workday_timetable.py
[2025-02-15T17:21:28.699+0000] {logging_mixin.py:190} INFO - [2025-02-15T17:21:28.698+0000] {dag.py:3239} INFO - Sync 1 DAGs
[2025-02-15T17:21:28.782+0000] {logging_mixin.py:190} INFO - [2025-02-15T17:21:28.782+0000] {dag.py:4180} INFO - Setting next_dagrun for example_workday_timetable to 2021-01-04 00:00:00+00:00, run_after=2021-01-05 00:00:00+00:00
[2025-02-15T17:21:28.814+0000] {processor.py:208} INFO - Processing /home/airflow/.local/lib/python3.12/site-packages/airflow/example_dags/example_workday_timetable.py took 0.168 seconds
[2025-02-15T17:22:05.498+0000] {processor.py:186} INFO - Started process (PID=429) to work on /home/airflow/.local/lib/python3.12/site-packages/airflow/example_dags/example_workday_timetable.py
[2025-02-15T17:22:05.499+0000] {processor.py:914} INFO - Processing file /home/airflow/.local/lib/python3.12/site-packages/airflow/example_dags/example_workday_timetable.py for tasks to queue
[2025-02-15T17:22:05.503+0000] {logging_mixin.py:190} INFO - [2025-02-15T17:22:05.503+0000] {dagbag.py:588} INFO - Filling up the DagBag from /home/airflow/.local/lib/python3.12/site-packages/airflow/example_dags/example_workday_timetable.py
[2025-02-15T17:22:05.509+0000] {processor.py:925} INFO - DAG(s) 'example_workday_timetable' retrieved from /home/airflow/.local/lib/python3.12/site-packages/airflow/example_dags/example_workday_timetable.py
[2025-02-15T17:22:05.544+0000] {logging_mixin.py:190} INFO - [2025-02-15T17:22:05.543+0000] {dag.py:3239} INFO - Sync 1 DAGs
[2025-02-15T17:22:05.668+0000] {logging_mixin.py:190} INFO - [2025-02-15T17:22:05.668+0000] {dag.py:4180} INFO - Setting next_dagrun for example_workday_timetable to 2021-01-04 00:00:00+00:00, run_after=2021-01-05 00:00:00+00:00
[2025-02-15T17:22:05.756+0000] {processor.py:208} INFO - Processing /home/airflow/.local/lib/python3.12/site-packages/airflow/example_dags/example_workday_timetable.py took 0.264 seconds
[2025-02-15T17:22:43.226+0000] {processor.py:186} INFO - Started process (PID=491) to work on /home/airflow/.local/lib/python3.12/site-packages/airflow/example_dags/example_workday_timetable.py
[2025-02-15T17:22:43.233+0000] {processor.py:914} INFO - Processing file /home/airflow/.local/lib/python3.12/site-packages/airflow/example_dags/example_workday_timetable.py for tasks to queue
[2025-02-15T17:22:43.236+0000] {logging_mixin.py:190} INFO - [2025-02-15T17:22:43.236+0000] {dagbag.py:588} INFO - Filling up the DagBag from /home/airflow/.local/lib/python3.12/site-packages/airflow/example_dags/example_workday_timetable.py
[2025-02-15T17:22:43.243+0000] {processor.py:925} INFO - DAG(s) 'example_workday_timetable' retrieved from /home/airflow/.local/lib/python3.12/site-packages/airflow/example_dags/example_workday_timetable.py
[2025-02-15T17:22:43.702+0000] {logging_mixin.py:190} INFO - [2025-02-15T17:22:43.702+0000] {dag.py:3239} INFO - Sync 1 DAGs
[2025-02-15T17:22:43.923+0000] {logging_mixin.py:190} INFO - [2025-02-15T17:22:43.923+0000] {dag.py:4180} INFO - Setting next_dagrun for example_workday_timetable to 2021-01-04 00:00:00+00:00, run_after=2021-01-05 00:00:00+00:00
[2025-02-15T17:22:44.005+0000] {processor.py:208} INFO - Processing /home/airflow/.local/lib/python3.12/site-packages/airflow/example_dags/example_workday_timetable.py took 0.792 seconds
[2025-02-15T17:23:42.767+0000] {processor.py:186} INFO - Started process (PID=584) to work on /home/airflow/.local/lib/python3.12/site-packages/airflow/example_dags/example_workday_timetable.py
[2025-02-15T17:23:42.768+0000] {processor.py:914} INFO - Processing file /home/airflow/.local/lib/python3.12/site-packages/airflow/example_dags/example_workday_timetable.py for tasks to queue
[2025-02-15T17:23:42.770+0000] {logging_mixin.py:190} INFO - [2025-02-15T17:23:42.770+0000] {dagbag.py:588} INFO - Filling up the DagBag from /home/airflow/.local/lib/python3.12/site-packages/airflow/example_dags/example_workday_timetable.py
[2025-02-15T17:23:42.790+0000] {processor.py:925} INFO - DAG(s) 'example_workday_timetable' retrieved from /home/airflow/.local/lib/python3.12/site-packages/airflow/example_dags/example_workday_timetable.py
[2025-02-15T17:23:42.925+0000] {logging_mixin.py:190} INFO - [2025-02-15T17:23:42.925+0000] {dag.py:3239} INFO - Sync 1 DAGs
[2025-02-15T17:23:43.247+0000] {logging_mixin.py:190} INFO - [2025-02-15T17:23:43.247+0000] {dag.py:4180} INFO - Setting next_dagrun for example_workday_timetable to 2021-01-04 00:00:00+00:00, run_after=2021-01-05 00:00:00+00:00
[2025-02-15T17:23:43.304+0000] {processor.py:208} INFO - Processing /home/airflow/.local/lib