[2025-02-15T17:17:15.438+0000] {processor.py:186} INFO - Started process (PID=36) to work on /home/airflow/.local/lib/python3.12/site-packages/airflow/example_dags/example_subdag_operator.py
[2025-02-15T17:17:15.439+0000] {processor.py:914} INFO - Processing file /home/airflow/.local/lib/python3.12/site-packages/airflow/example_dags/example_subdag_operator.py for tasks to queue
[2025-02-15T17:17:15.443+0000] {logging_mixin.py:190} INFO - [2025-02-15T17:17:15.442+0000] {dagbag.py:588} INFO - Filling up the DagBag from /home/airflow/.local/lib/python3.12/site-packages/airflow/example_dags/example_subdag_operator.py
[2025-02-15T17:17:15.535+0000] {processor.py:925} INFO - DAG(s) 'example_subdag_operator.section-1', 'example_subdag_operator.section-2', 'example_subdag_operator' retrieved from /home/airflow/.local/lib/python3.12/site-packages/airflow/example_dags/example_subdag_operator.py
[2025-02-15T17:17:15.572+0000] {logging_mixin.py:190} INFO - [2025-02-15T17:17:15.571+0000] {dag.py:3239} INFO - Sync 3 DAGs
[2025-02-15T17:17:15.680+0000] {logging_mixin.py:190} INFO - [2025-02-15T17:17:15.679+0000] {dag.py:4180} INFO - Setting next_dagrun for example_subdag_operator to 2022-01-01 00:00:00+00:00, run_after=2022-01-01 00:00:00+00:00
[2025-02-15T17:17:15.691+0000] {logging_mixin.py:190} INFO - [2025-02-15T17:17:15.691+0000] {dag.py:4180} INFO - Setting next_dagrun for example_subdag_operator.section-1 to None, run_after=None
[2025-02-15T17:17:15.693+0000] {logging_mixin.py:190} INFO - [2025-02-15T17:17:15.693+0000] {dag.py:4180} INFO - Setting next_dagrun for example_subdag_operator.section-2 to None, run_after=None
[2025-02-15T17:17:15.707+0000] {logging_mixin.py:190} INFO - [2025-02-15T17:17:15.707+0000] {dag.py:3239} INFO - Sync 2 DAGs
[2025-02-15T17:17:15.767+0000] {logging_mixin.py:190} INFO - [2025-02-15T17:17:15.766+0000] {dag.py:4180} INFO - Setting next_dagrun for example_subdag_operator.section-1 to None, run_after=None
[2025-02-15T17:17:15.767+0000] {logging_mixin.py:190} INFO - [2025-02-15T17:17:15.767+0000] {dag.py:4180} INFO - Setting next_dagrun for example_subdag_operator.section-2 to None, run_after=None
[2025-02-15T17:17:15.818+0000] {processor.py:208} INFO - Processing /home/airflow/.local/lib/python3.12/site-packages/airflow/example_dags/example_subdag_operator.py took 0.392 seconds
[2025-02-15T17:17:55.118+0000] {processor.py:186} INFO - Started process (PID=94) to work on /home/airflow/.local/lib/python3.12/site-packages/airflow/example_dags/example_subdag_operator.py
[2025-02-15T17:17:55.120+0000] {processor.py:914} INFO - Processing file /home/airflow/.local/lib/python3.12/site-packages/airflow/example_dags/example_subdag_operator.py for tasks to queue
[2025-02-15T17:17:55.135+0000] {logging_mixin.py:190} INFO - [2025-02-15T17:17:55.134+0000] {dagbag.py:588} INFO - Filling up the DagBag from /home/airflow/.local/lib/python3.12/site-packages/airflow/example_dags/example_subdag_operator.py
[2025-02-15T17:17:55.305+0000] {processor.py:925} INFO - DAG(s) 'example_subdag_operator.section-1', 'example_subdag_operator.section-2', 'example_subdag_operator' retrieved from /home/airflow/.local/lib/python3.12/site-packages/airflow/example_dags/example_subdag_operator.py
[2025-02-15T17:17:55.389+0000] {logging_mixin.py:190} INFO - [2025-02-15T17:17:55.388+0000] {dag.py:3239} INFO - Sync 3 DAGs
[2025-02-15T17:17:55.493+0000] {logging_mixin.py:190} INFO - [2025-02-15T17:17:55.493+0000] {dag.py:4180} INFO - Setting next_dagrun for example_subdag_operator to 2022-01-01 00:00:00+00:00, run_after=2022-01-01 00:00:00+00:00
[2025-02-15T17:17:55.518+0000] {logging_mixin.py:190} INFO - [2025-02-15T17:17:55.518+0000] {dag.py:4180} INFO - Setting next_dagrun for example_subdag_operator.section-1 to None, run_after=None
[2025-02-15T17:17:55.522+0000] {logging_mixin.py:190} INFO - [2025-02-15T17:17:55.522+0000] {dag.py:4180} INFO - Setting next_dagrun for example_subdag_operator.section-2 to None, run_after=None
[2025-02-15T17:17:55.544+0000] {logging_mixin.py:190} INFO - [2025-02-15T17:17:55.544+0000] {dag.py:3239} INFO - Sync 2 DAGs
[2025-02-15T17:17:55.557+0000] {logging_mixin.py:190} INFO - [2025-02-15T17:17:55.557+0000] {dag.py:4180} INFO - Setting next_dagrun for example_subdag_operator.section-1 to None, run_after=None
[2025-02-15T17:17:55.558+0000] {logging_mixin.py:190} INFO - [2025-02-15T17:17:55.558+0000] {dag.py:4180} INFO - Setting next_dagrun for example_subdag_operator.section-2 to None, run_after=None
[2025-02-15T17:17:57.758+0000] {processor.py:208} INFO - Processing /home/airflow/.local/lib/python3.12/site-packages/airflow/example_dags/example_subdag_operator.py took 2.661 seconds
[2025-02-15T17:19:19.105+0000] {processor.py:186} INFO - Started process (PID=144) to work on /home/airflow/.local/lib/python3.12/site-packages/airflow/example_dags/example_subdag_operator.py
[2025-02-15T17:19:19.106+0000] {processor.py:914} INFO - Processing file /home/airflow/.local/lib/python3.12/site-packages/airflow/example_dags/example_subdag_operator.py for tasks to queue
[2025-02-15T17:19:19.108+0000] {logging_mixin.py:190} INFO - [2025-02-15T17:19:19.108+0000] {dagbag.py:588} INFO - Filling up the DagBag from /home/airflow/.local/lib/python3.12/site-packages/airflow/example_dags/example_subdag_operator.py
[2025-02-15T17:19:19.133+0000] {processor.py:925} INFO - DAG(s) 'example_subdag_operator.section-1', 'example_subdag_operator.section-2', 'example_subdag_operator' retrieved from /home/airflow/.local/lib/python3.12/site-packages/airflow/example_dags/example_subdag_operator.py
[2025-02-15T17:19:19.148+0000] {logging_mixin.py:190} INFO - [2025-02-15T17:19:19.148+0000] {dag.py:3239} INFO - Sync 3 DAGs
[2025-02-15T17:19:19.177+0000] {logging_mixin.py:190} INFO - [2025-02-15T17:19:19.177+0000] {dag.py:4180} INFO - Setting next_dagrun for example_subdag_operator to 2022-01-01 00:00:00+00:00, run_after=2022-01-01 00:00:00+00:00
[2025-02-15T17:19:19.181+0000] {logging_mixin.py:190} INFO - [2025-02-15T17:19:19.181+0000] {dag.py:4180} INFO - Setting next_dagrun for example_subdag_operator.section-1 to None, run_after=None
[2025-02-15T17:19:19.182+0000] {logging_mixin.py:190} INFO - [2025-02-15T17:19:19.182+0000] {dag.py:4180} INFO - Setting next_dagrun for example_subdag_operator.section-2 to None, run_after=None
[2025-02-15T17:19:19.192+0000] {logging_mixin.py:190} INFO - [2025-02-15T17:19:19.189+0000] {dag.py:3239} INFO - Sync 2 DAGs
[2025-02-15T17:19:19.197+0000] {logging_mixin.py:190} INFO - [2025-02-15T17:19:19.197+0000] {dag.py:4180} INFO - Setting next_dagrun for example_subdag_operator.section-1 to None, run_after=None
[2025-02-15T17:19:19.198+0000] {logging_mixin.py:190} INFO - [2025-02-15T17:19:19.198+0000] {dag.py:4180} INFO - Setting next_dagrun for example_subdag_operator.section-2 to None, run_after=None
[2025-02-15T17:19:19.297+0000] {processor.py:208} INFO - Processing /home/airflow/.local/lib/python3.12/site-packages/airflow/example_dags/example_subdag_operator.py took 0.204 seconds
[2025-02-15T17:19:52.555+0000] {processor.py:186} INFO - Started process (PID=196) to work on /home/airflow/.local/lib/python3.12/site-packages/airflow/example_dags/example_subdag_operator.py
[2025-02-15T17:19:52.556+0000] {processor.py:914} INFO - Processing file /home/airflow/.local/lib/python3.12/site-packages/airflow/example_dags/example_subdag_operator.py for tasks to queue
[2025-02-15T17:19:52.558+0000] {logging_mixin.py:190} INFO - [2025-02-15T17:19:52.558+0000] {dagbag.py:588} INFO - Filling up the DagBag from /home/airflow/.local/lib/python3.12/site-packages/airflow/example_dags/example_subdag_operator.py
[2025-02-15T17:19:52.589+0000] {processor.py:925} INFO - DAG(s) 'example_subdag_operator.section-1', 'example_subdag_operator.section-2', 'example_subdag_operator' retrieved from /home/airflow/.local/lib/python3.12/site-packages/airflow/example_dags/example_subdag_operator.py
[2025-02-15T17:19:52.610+0000] {logging_mixin.py:190} INFO - [2025-02-15T17:19:52.610+0000] {dag.py:3239} INFO - Sync 3 DAGs
[2025-02-15T17:19:52.631+0000] {logging_mixin.py:190} INFO - [2025-02-15T17:19:52.631+0000] {dag.py:4180} INFO - Setting next_dagrun for example_subdag_operator to 2022-01-01 00:00:00+00:00, run_after=2022-01-01 00:00:00+00:00
[2025-02-15T17:19:52.634+0000] {logging_mixin.py:190} INFO - [2025-02-15T17:19:52.634+0000] {dag.py:4180} INFO - Setting next_dagrun for example_subdag_operator.section-1 to None, run_after=None
[2025-02-15T17:19:52.635+0000] {logging_mixin.py:190} INFO - [2025-02-15T17:19:52.635+0000] {dag.py:4180} INFO - Setting next_dagrun for example_subdag_operator.section-2 to None, run_after=None
[2025-02-15T17:19:52.641+0000] {logging_mixin.py:190} INFO - [2025-02-15T17:19:52.640+0000] {dag.py:3239} INFO - Sync 2 DAGs
[2025-02-15T17:19:52.646+0000] {logging_mixin.py:190} INFO - [2025-02-15T17:19:52.645+0000] {dag.py:4180} INFO - Setting next_dagrun for example_subdag_operator.section-1 to None, run_after=None
[2025-02-15T17:19:52.647+0000] {logging_mixin.py:190} INFO - [2025-02-15T17:19:52.646+0000] {dag.py:4180} INFO - Setting next_dagrun for example_subdag_operator.section-2 to None, run_after=None
[2025-02-15T17:19:53.005+0000] {processor.py:208} INFO - Processing /home/airflow/.local/lib/python3.12/site-packages/airflow/example_dags/example_subdag_operator.py took 0.456 seconds
[2025-02-15T17:20:23.716+0000] {processor.py:186} INFO - Started process (PID=254) to work on /home/airflow/.local/lib/python3.12/site-packages/airflow/example_dags/example_subdag_operator.py
[2025-02-15T17:20:23.726+0000] {processor.py:914} INFO - Processing file /home/airflow/.local/lib/python3.12/site-packages/airflow/example_dags/example_subdag_operator.py for tasks to queue
[2025-02-15T17:20:23.730+0000] {logging_mixin.py:190} INFO - [2025-02-15T17:20:23.729+0000] {dagbag.py:588} INFO - Filling up the DagBag from /home/airflow/.local/lib/python3.12/site-packages/airflow/example_dags/example_subdag_operator.py
[2025-02-15T17:20:23.792+0000] {processor.py:925} INFO - DAG(s) 'example_subdag_operator.section-1', 'example_subdag_operator.section-2', 'example_subdag_operator' retrieved from /home/airflow/.local/lib/python3.12/site-packages/airflow/example_dags/example_subdag_operator.py
[2025-02-15T17:20:23.871+0000] {logging_mixin.py:190} INFO - [2025-02-15T17:20:23.869+0000] {dag.py:3239} INFO - Sync 3 DAGs
[2025-02-15T17:20:23.956+0000] {logging_mixin.py:190} INFO - [2025-02-15T17:20:23.945+0000] {dag.py:4180} INFO - Setting next_dagrun for example_subdag_operator to 2022-01-01 00:00:00+00:00, run_after=2022-01-01 00:00:00+00:00
[2025-02-15T17:20:23.977+0000] {logging_mixin.py:190} INFO - [2025-02-15T17:20:23.977+0000] {dag.py:4180} INFO - Setting next_dagrun for example_subdag_operator.section-1 to None, run_after=None
[2025-02-15T17:20:23.982+0000] {logging_mixin.py:190} INFO - [2025-02-15T17:20:23.982+0000] {dag.py:4180} INFO - Setting next_dagrun for example_subdag_operator.section-2 to None, run_after=None
[2025-02-15T17:20:23.993+0000] {logging_mixin.py:190} INFO - [2025-02-15T17:20:23.993+0000] {dag.py:3239} INFO - Sync 2 DAGs
[2025-02-15T17:20:24.029+0000] {logging_mixin.py:190} INFO - [2025-02-15T17:20:24.029+0000] {dag.py:4180} INFO - Setting next_dagrun for example_subdag_operator.section-1 to None, run_after=None
[2025-02-15T17:20:24.032+0000] {logging_mixin.py:190} INFO - [2025-02-15T17:20:24.032+0000] {dag.py:4180} INFO - Setting next_dagrun for example_subdag_operator.section-2 to None, run_after=None
[2025-02-15T17:20:24.046+0000] {processor.py:208} INFO - Processing /home/airflow/.local/lib/python3.12/site-packages/airflow/example_dags/example_subdag_operator.py took 0.347 seconds
[2025-02-15T17:20:55.910+0000] {processor.py:186} INFO - Started process (PID=312) to work on /home/airflow/.local/lib/python3.12/site-packages/airflow/example_dags/example_subdag_operator.py
[2025-02-15T17:20:55.912+0000] {processor.py:914} INFO - Processing file /home/airflow/.local/lib/python3.12/site-packages/airflow/example_dags/example_subdag_operator.py for tasks to queue
[2025-02-15T17:20:55.915+0000] {logging_mixin.py:190} INFO - [2025-02-15T17:20:55.915+0000] {dagbag.py:588} INFO - Filling up the DagBag from /home/airflow/.local/lib/python3.12/site-packages/airflow/example_dags/example_subdag_operator.py
[2025-02-15T17:20:56.059+0000] {processor.py:925} INFO - DAG(s) 'example_subdag_operator.section-1', 'example_subdag_operator.section-2', 'example_subdag_operator' retrieved from /home/airflow/.local/lib/python3.12/site-packages/airflow/example_dags/example_subdag_operator.py
[2025-02-15T17:20:56.177+0000] {logging_mixin.py:190} INFO - [2025-02-15T17:20:56.168+0000] {dag.py:3239} INFO - Sync 3 DAGs
[2025-02-15T17:20:56.887+0000] {logging_mixin.py:190} INFO - [2025-02-15T17:20:56.887+0000] {dag.py:4180} INFO - Setting next_dagrun for example_subdag_operator to 2022-01-01 00:00:00+00:00, run_after=2022-01-01 00:00:00+00:00
[2025-02-15T17:20:56.896+0000] {logging_mixin.py:190} INFO - [2025-02-15T17:20:56.896+0000] {dag.py:4180} INFO - Setting next_dagrun for example_subdag_operator.section-1 to None, run_after=None
[2025-02-15T17:20:56.904+0000] {logging_mixin.py:190} INFO - [2025-02-15T17:20:56.904+0000] {dag.py:4180} INFO - Setting next_dagrun for example_subdag_operator.section-2 to None, run_after=None
[2025-02-15T17:20:56.922+0000] {logging_mixin.py:190} INFO - [2025-02-15T17:20:56.921+0000] {dag.py:3239} INFO - Sync 2 DAGs
[2025-02-15T17:20:56.964+0000] {logging_mixin.py:190} INFO - [2025-02-15T17:20:56.963+0000] {dag.py:4180} INFO - Setting next_dagrun for example_subdag_operator.section-1 to None, run_after=None
[2025-02-15T17:20:56.964+0000] {logging_mixin.py:190} INFO - [2025-02-15T17:20:56.964+0000] {dag.py:4180} INFO - Setting next_dagrun for example_subdag_operator.section-2 to None, run_after=None
[2025-02-15T17:20:57.037+0000] {processor.py:208} INFO - Processing /home/airflow/.local/lib/python3.12/site-packages/airflow/example_dags/example_subdag_operator.py took 1.139 seconds
[2025-02-15T17:21:27.108+0000] {processor.py:186} INFO - Started process (PID=370) to work on /home/airflow/.local/lib/python3.12/site-packages/airflow/example_dags/example_subdag_operator.py
[2025-02-15T17:21:27.109+0000] {processor.py:914} INFO - Processing file /home/airflow/.local/lib/python3.12/site-packages/airflow/example_dags/example_subdag_operator.py for tasks to queue
[2025-02-15T17:21:27.113+0000] {logging_mixin.py:190} INFO - [2025-02-15T17:21:27.113+0000] {dagbag.py:588} INFO - Filling up the DagBag from /home/airflow/.local/lib/python3.12/site-packages/airflow/example_dags/example_subdag_operator.py
[2025-02-15T17:21:27.144+0000] {processor.py:925} INFO - DAG(s) 'example_subdag_operator.section-1', 'example_subdag_operator.section-2', 'example_subdag_operator' retrieved from /home/airflow/.local/lib/python3.12/site-packages/airflow/example_dags/example_subdag_operator.py
[2025-02-15T17:21:27.203+0000] {logging_mixin.py:190} INFO - [2025-02-15T17:21:27.202+0000] {dag.py:3239} INFO - Sync 3 DAGs
[2025-02-15T17:21:27.236+0000] {logging_mixin.py:190} INFO - [2025-02-15T17:21:27.236+0000] {dag.py:4180} INFO - Setting next_dagrun for example_subdag_operator to 2022-01-01 00:00:00+00:00, run_after=2022-01-01 00:00:00+00:00
[2025-02-15T17:21:27.241+0000] {logging_mixin.py:190} INFO - [2025-02-15T17:21:27.241+0000] {dag.py:4180} INFO - Setting next_dagrun for example_subdag_operator.section-1 to None, run_after=None
[2025-02-15T17:21:27.242+0000] {logging_mixin.py:190} INFO - [2025-02-15T17:21:27.242+0000] {dag.py:4180} INFO - Setting next_dagrun for example_subdag_operator.section-2 to None, run_after=None
[2025-02-15T17:21:27.251+0000] {logging_mixin.py:190} INFO - [2025-02-15T17:21:27.251+0000] {dag.py:3239} INFO - Sync 2 DAGs
[2025-02-15T17:21:27.272+0000] {logging_mixin.py:190} INFO - [2025-02-15T17:21:27.272+0000] {dag.py:4180} INFO - Setting next_dagrun for example_subdag_operator.section-1 to None, run_after=None
[2025-02-15T17:21:27.274+0000] {logging_mixin.py:190} INFO - [2025-02-15T17:21:27.274+0000] {dag.py:4180} INFO - Setting next_dagrun for example_subdag_operator.section-2 to None, run_after=None
[2025-02-15T17:21:27.590+0000] {processor.py:208} INFO - Processing /home/airflow/.local/lib/python3.12/site-packages/airflow/example_dags/example_subdag_operator.py took 0.490 seconds
[2025-02-15T17:22:04.617+0000] {processor.py:186} INFO - Started process (PID=423) to work on /home/airflow/.local/lib/python3.12/site-packages/airflow/example_dags/example_subdag_operator.py
[2025-02-15T17:22:04.618+0000] {processor.py:914} INFO - Processing file /home/airflow/.local/lib/python3.12/site-packages/airflow/example_dags/example_subdag_operator.py for tasks to queue
[2025-02-15T17:22:04.620+0000] {logging_mixin.py:190} INFO - [2025-02-15T17:22:04.620+0000] {dagbag.py:588} INFO - Filling up the DagBag from /home/airflow/.local/lib/python3.12/site-packages/airflow/example_dags/example_subdag_operator.py
[2025-02-15T17:22:04.661+0000] {processor.py:925} INFO - DAG(s) 'example_subdag_operator.section-1', 'example_subdag_operator.section-2', 'example_subdag_operator' retrieved from /home/airflow/.local/lib/python3.12/site-packages/airflow/example_dags/example_subdag_operator.py
[2025-02-15T17:22:04.681+0000] {logging_mixin.py:190} INFO - [2025-02-15T17:22:04.680+0000] {dag.py:3239} INFO - Sync 3 DAGs
[2025-02-15T17:22:04.721+0000] {logging_mixin.py:190} INFO - [2025-02-15T17:22:04.720+0000] {dag.py:4180} INFO - Setting next_dagrun for example_subdag_operator to 2022-01-01 00:00:00+00:00, run_after=2022-01-01 00:00:00+00:00
[2025-02-15T17:22:04.725+0000] {logging_mixin.py:190} INFO - [2025-02-15T17:22:04.725+0000] {dag.py:4180} INFO - Setting next_dagrun for example_subdag_operator.section-1 to None, run_after=None
[2025-02-15T17:22:04.726+0000] {logging_mixin.py:190} INFO - [2025-02-15T17:22:04.726+0000] {dag.py:4180} INFO - Setting next_dagrun for example_subdag_operator.section-2 to None, run_after=None
[2025-02-15T17:22:04.734+0000] {logging_mixin.py:190} INFO - [2025-02-15T17:22:04.734+0000] {dag.py:3239} INFO - Sync 2 DAGs
[2025-02-15T17:22:04.740+0000] {logging_mixin.py:190} INFO - [2025-02-15T17:22:04.740+0000] {dag.py:4180} INFO - Setting next_dagrun for example_subdag_operator.section-1 to None, run_after=None
[2025-02-15T17:22:04.740+0000] {logging_mixin.py:190} INFO - [2025-02-15T17:22:04.740+0000] {dag.py:4180} INFO - Setting next_dagrun for example_subdag_operator.section-2 to None, run_after=None
[2025-02-15T17:22:04.757+0000] {processor.py:208} INFO - Processing /home/airflow/.local/lib/python3.12/site-packages/airflow/example_dags/example_subdag_operator.py took 0.147 seconds
[2025-02-15T17:22:38.066+0000] {processor.py:186} INFO - Started process (PID=481) to work on /home/airflow/.local/lib/python3.12/site-packages/airflow/example_dags/example_subdag_operator.py
[2025-02-15T17:22:38.073+0000] {processor.py:914} INFO - Processing file /home/airflow/.local/lib/python3.12/site-packages/airflow/example_dags/example_subdag_operator.py for tasks to queue
[2025-02-15T17:22:38.075+0000] {logging_mixin.py:190} INFO - [2025-02-15T17:22:38.075+0000] {dagbag.py:588} INFO - Filling up the DagBag from /home/airflow/.local/lib/python3.12/site-packages/airflow/example_dags/example_subdag_operator.py
[2025-02-15T17:22:38.118+0000] {processor.py:925} INFO - DAG(s) 'example_subdag_operator.section-1', 'example_subdag_operator.section-2', 'example_subdag_operator' retrieved from /home/airflow/.local/lib/python3.12/site-packages/airflow/example_dags/example_subdag_operator.py
[2025-02-15T17:22:38.515+0000] {logging_mixin.py:190} INFO - [2025-02-15T17:22:38.514+0000] {dag.py:3239} INFO - Sync 3 DAGs
[2025-02-15T17:22:38.574+0000] {logging_mixin.py:190} INFO - [2025-02-15T17:22:38.574+0000] {dag.py:4180} INFO - Setting next_dagrun for example_subdag_operator to 2022-01-01 00:00:00+00:00, run_after=2022-01-01 00:00:00+00:00
[2025-02-15T17:22:38.594+0000] {logging_mixin.py:190} INFO - [2025-02-15T17:22:38.593+0000] {dag.py:4180} INFO - Setting next_dagrun for example_subdag_operator.section-1 to None, run_after=None
[2025-02-15T17:22:38.596+0000] {logging_mixin.py:190} INFO - [2025-02-15T17:22:38.595+0000] {dag.py:4180} INFO - Setting next_dagrun for example_subdag_operator.section-2 to None, run_after=None
[2025-02-15T17:22:38.635+0000] {logging_mixin.py:190} INFO - [2025-02-15T17:22:38.635+0000] {dag.py:3239} INFO - 