[2025-02-15T17:17:26.768+0000] {processor.py:186} INFO - Started process (PID=59) to work on /home/airflow/.local/lib/python3.12/site-packages/airflow/example_dags/example_python_decorator.py
[2025-02-15T17:17:26.789+0000] {processor.py:914} INFO - Processing file /home/airflow/.local/lib/python3.12/site-packages/airflow/example_dags/example_python_decorator.py for tasks to queue
[2025-02-15T17:17:26.792+0000] {logging_mixin.py:190} INFO - [2025-02-15T17:17:26.791+0000] {dagbag.py:588} INFO - Filling up the DagBag from /home/airflow/.local/lib/python3.12/site-packages/airflow/example_dags/example_python_decorator.py
[2025-02-15T17:17:26.836+0000] {processor.py:925} INFO - DAG(s) 'example_python_decorator' retrieved from /home/airflow/.local/lib/python3.12/site-packages/airflow/example_dags/example_python_decorator.py
[2025-02-15T17:17:27.441+0000] {logging_mixin.py:190} INFO - [2025-02-15T17:17:27.441+0000] {dag.py:3239} INFO - Sync 1 DAGs
[2025-02-15T17:17:27.514+0000] {logging_mixin.py:190} INFO - [2025-02-15T17:17:27.513+0000] {dag.py:4180} INFO - Setting next_dagrun for example_python_decorator to None, run_after=None
[2025-02-15T17:17:28.076+0000] {processor.py:208} INFO - Processing /home/airflow/.local/lib/python3.12/site-packages/airflow/example_dags/example_python_decorator.py took 1.345 seconds
[2025-02-15T17:18:54.860+0000] {processor.py:186} INFO - Started process (PID=117) to work on /home/airflow/.local/lib/python3.12/site-packages/airflow/example_dags/example_python_decorator.py
[2025-02-15T17:18:54.879+0000] {processor.py:914} INFO - Processing file /home/airflow/.local/lib/python3.12/site-packages/airflow/example_dags/example_python_decorator.py for tasks to queue
[2025-02-15T17:18:54.882+0000] {logging_mixin.py:190} INFO - [2025-02-15T17:18:54.881+0000] {dagbag.py:588} INFO - Filling up the DagBag from /home/airflow/.local/lib/python3.12/site-packages/airflow/example_dags/example_python_decorator.py
[2025-02-15T17:18:54.932+0000] {processor.py:925} INFO - DAG(s) 'example_python_decorator' retrieved from /home/airflow/.local/lib/python3.12/site-packages/airflow/example_dags/example_python_decorator.py
[2025-02-15T17:18:54.990+0000] {logging_mixin.py:190} INFO - [2025-02-15T17:18:54.989+0000] {dag.py:3239} INFO - Sync 1 DAGs
[2025-02-15T17:18:55.035+0000] {logging_mixin.py:190} INFO - [2025-02-15T17:18:55.035+0000] {dag.py:4180} INFO - Setting next_dagrun for example_python_decorator to None, run_after=None
[2025-02-15T17:18:56.978+0000] {processor.py:208} INFO - Processing /home/airflow/.local/lib/python3.12/site-packages/airflow/example_dags/example_python_decorator.py took 2.128 seconds
[2025-02-15T17:19:29.074+0000] {processor.py:186} INFO - Started process (PID=175) to work on /home/airflow/.local/lib/python3.12/site-packages/airflow/example_dags/example_python_decorator.py
[2025-02-15T17:19:29.075+0000] {processor.py:914} INFO - Processing file /home/airflow/.local/lib/python3.12/site-packages/airflow/example_dags/example_python_decorator.py for tasks to queue
[2025-02-15T17:19:29.077+0000] {logging_mixin.py:190} INFO - [2025-02-15T17:19:29.076+0000] {dagbag.py:588} INFO - Filling up the DagBag from /home/airflow/.local/lib/python3.12/site-packages/airflow/example_dags/example_python_decorator.py
[2025-02-15T17:19:29.094+0000] {processor.py:925} INFO - DAG(s) 'example_python_decorator' retrieved from /home/airflow/.local/lib/python3.12/site-packages/airflow/example_dags/example_python_decorator.py
[2025-02-15T17:19:29.121+0000] {logging_mixin.py:190} INFO - [2025-02-15T17:19:29.121+0000] {dag.py:3239} INFO - Sync 1 DAGs
[2025-02-15T17:19:29.140+0000] {logging_mixin.py:190} INFO - [2025-02-15T17:19:29.139+0000] {dag.py:4180} INFO - Setting next_dagrun for example_python_decorator to None, run_after=None
[2025-02-15T17:19:29.575+0000] {processor.py:208} INFO - Processing /home/airflow/.local/lib/python3.12/site-packages/airflow/example_dags/example_python_decorator.py took 0.506 seconds
[2025-02-15T17:20:06.184+0000] {processor.py:186} INFO - Started process (PID=225) to work on /home/airflow/.local/lib/python3.12/site-packages/airflow/example_dags/example_python_decorator.py
[2025-02-15T17:20:06.186+0000] {processor.py:914} INFO - Processing file /home/airflow/.local/lib/python3.12/site-packages/airflow/example_dags/example_python_decorator.py for tasks to queue
[2025-02-15T17:20:06.189+0000] {logging_mixin.py:190} INFO - [2025-02-15T17:20:06.188+0000] {dagbag.py:588} INFO - Filling up the DagBag from /home/airflow/.local/lib/python3.12/site-packages/airflow/example_dags/example_python_decorator.py
[2025-02-15T17:20:06.205+0000] {processor.py:925} INFO - DAG(s) 'example_python_decorator' retrieved from /home/airflow/.local/lib/python3.12/site-packages/airflow/example_dags/example_python_decorator.py
[2025-02-15T17:20:06.248+0000] {logging_mixin.py:190} INFO - [2025-02-15T17:20:06.247+0000] {dag.py:3239} INFO - Sync 1 DAGs
[2025-02-15T17:20:06.271+0000] {logging_mixin.py:190} INFO - [2025-02-15T17:20:06.271+0000] {dag.py:4180} INFO - Setting next_dagrun for example_python_decorator to None, run_after=None
[2025-02-15T17:20:07.580+0000] {processor.py:208} INFO - Processing /home/airflow/.local/lib/python3.12/site-packages/airflow/example_dags/example_python_decorator.py took 1.419 seconds
[2025-02-15T17:20:38.190+0000] {processor.py:186} INFO - Started process (PID=283) to work on /home/airflow/.local/lib/python3.12/site-packages/airflow/example_dags/example_python_decorator.py
[2025-02-15T17:20:38.202+0000] {processor.py:914} INFO - Processing file /home/airflow/.local/lib/python3.12/site-packages/airflow/example_dags/example_python_decorator.py for tasks to queue
[2025-02-15T17:20:38.205+0000] {logging_mixin.py:190} INFO - [2025-02-15T17:20:38.204+0000] {dagbag.py:588} INFO - Filling up the DagBag from /home/airflow/.local/lib/python3.12/site-packages/airflow/example_dags/example_python_decorator.py
[2025-02-15T17:20:38.282+0000] {processor.py:925} INFO - DAG(s) 'example_python_decorator' retrieved from /home/airflow/.local/lib/python3.12/site-packages/airflow/example_dags/example_python_decorator.py
[2025-02-15T17:20:38.400+0000] {logging_mixin.py:190} INFO - [2025-02-15T17:20:38.399+0000] {dag.py:3239} INFO - Sync 1 DAGs
[2025-02-15T17:20:38.450+0000] {logging_mixin.py:190} INFO - [2025-02-15T17:20:38.450+0000] {dag.py:4180} INFO - Setting next_dagrun for example_python_decorator to None, run_after=None
[2025-02-15T17:20:38.963+0000] {processor.py:208} INFO - Processing /home/airflow/.local/lib/python3.12/site-packages/airflow/example_dags/example_python_decorator.py took 0.783 seconds
[2025-02-15T17:21:15.264+0000] {processor.py:186} INFO - Started process (PID=341) to work on /home/airflow/.local/lib/python3.12/site-packages/airflow/example_dags/example_python_decorator.py
[2025-02-15T17:21:15.282+0000] {processor.py:914} INFO - Processing file /home/airflow/.local/lib/python3.12/site-packages/airflow/example_dags/example_python_decorator.py for tasks to queue
[2025-02-15T17:21:15.289+0000] {logging_mixin.py:190} INFO - [2025-02-15T17:21:15.284+0000] {dagbag.py:588} INFO - Filling up the DagBag from /home/airflow/.local/lib/python3.12/site-packages/airflow/example_dags/example_python_decorator.py
[2025-02-15T17:21:15.380+0000] {processor.py:925} INFO - DAG(s) 'example_python_decorator' retrieved from /home/airflow/.local/lib/python3.12/site-packages/airflow/example_dags/example_python_decorator.py
[2025-02-15T17:21:15.511+0000] {logging_mixin.py:190} INFO - [2025-02-15T17:21:15.511+0000] {dag.py:3239} INFO - Sync 1 DAGs
[2025-02-15T17:21:15.558+0000] {logging_mixin.py:190} INFO - [2025-02-15T17:21:15.558+0000] {dag.py:4180} INFO - Setting next_dagrun for example_python_decorator to None, run_after=None
[2025-02-15T17:21:19.288+0000] {processor.py:208} INFO - Processing /home/airflow/.local/lib/python3.12/site-packages/airflow/example_dags/example_python_decorator.py took 4.058 seconds
[2025-02-15T17:21:51.415+0000] {processor.py:186} INFO - Started process (PID=399) to work on /home/airflow/.local/lib/python3.12/site-packages/airflow/example_dags/example_python_decorator.py
[2025-02-15T17:21:51.425+0000] {proces