[2025-02-15T17:17:16.637+0000] {processor.py:186} INFO - Started process (PID=41) to work on /home/airflow/.local/lib/python3.12/site-packages/airflow/example_dags/example_branch_python_dop_operator_3.py
[2025-02-15T17:17:16.643+0000] {processor.py:914} INFO - Processing file /home/airflow/.local/lib/python3.12/site-packages/airflow/example_dags/example_branch_python_dop_operator_3.py for tasks to queue
[2025-02-15T17:17:16.646+0000] {logging_mixin.py:190} INFO - [2025-02-15T17:17:16.646+0000] {dagbag.py:588} INFO - Filling up the DagBag from /home/airflow/.local/lib/python3.12/site-packages/airflow/example_dags/example_branch_python_dop_operator_3.py
[2025-02-15T17:17:16.696+0000] {processor.py:925} INFO - DAG(s) 'example_branch_dop_operator_v3' retrieved from /home/airflow/.local/lib/python3.12/site-packages/airflow/example_dags/example_branch_python_dop_operator_3.py
[2025-02-15T17:17:16.732+0000] {logging_mixin.py:190} INFO - [2025-02-15T17:17:16.731+0000] {dag.py:3239} INFO - Sync 1 DAGs
[2025-02-15T17:17:16.791+0000] {logging_mixin.py:190} INFO - [2025-02-15T17:17:16.791+0000] {dag.py:4180} INFO - Setting next_dagrun for example_branch_dop_operator_v3 to 2025-02-15 17:16:00+00:00, run_after=2025-02-15 17:17:00+00:00
[2025-02-15T17:17:16.886+0000] {processor.py:208} INFO - Processing /home/airflow/.local/lib/python3.12/site-packages/airflow/example_dags/example_branch_python_dop_operator_3.py took 0.290 seconds
[2025-02-15T17:18:04.579+0000] {processor.py:186} INFO - Started process (PID=99) to work on /home/airflow/.local/lib/python3.12/site-packages/airflow/example_dags/example_branch_python_dop_operator_3.py
[2025-02-15T17:18:04.585+0000] {processor.py:914} INFO - Processing file /home/airflow/.local/lib/python3.12/site-packages/airflow/example_dags/example_branch_python_dop_operator_3.py for tasks to queue
[2025-02-15T17:18:04.588+0000] {logging_mixin.py:190} INFO - [2025-02-15T17:18:04.588+0000] {dagbag.py:588} INFO - Filling up the DagBag from /home/airflow/.local/lib/python3.12/site-packages/airflow/example_dags/example_branch_python_dop_operator_3.py
[2025-02-15T17:18:04.611+0000] {processor.py:925} INFO - DAG(s) 'example_branch_dop_operator_v3' retrieved from /home/airflow/.local/lib/python3.12/site-packages/airflow/example_dags/example_branch_python_dop_operator_3.py
[2025-02-15T17:18:04.675+0000] {logging_mixin.py:190} INFO - [2025-02-15T17:18:04.674+0000] {dag.py:3239} INFO - Sync 1 DAGs
[2025-02-15T17:18:04.771+0000] {logging_mixin.py:190} INFO - [2025-02-15T17:18:04.769+0000] {dag.py:4180} INFO - Setting next_dagrun for example_branch_dop_operator_v3 to 2025-02-15 17:17:00+00:00, run_after=2025-02-15 17:18:00+00:00
[2025-02-15T17:18:06.113+0000] {processor.py:208} INFO - Processing /home/airflow/.local/lib/python3.12/site-packages/airflow/example_dags/example_branch_python_dop_operator_3.py took 1.546 seconds
[2025-02-15T17:19:20.163+0000] {processor.py:186} INFO - Started process (PID=149) to work on /home/airflow/.local/lib/python3.12/site-packages/airflow/example_dags/example_branch_python_dop_operator_3.py
[2025-02-15T17:19:20.176+0000] {processor.py:914} INFO - Processing file /home/airflow/.local/lib/python3.12/site-packages/airflow/example_dags/example_branch_python_dop_operator_3.py for tasks to queue
[2025-02-15T17:19:20.182+0000] {logging_mixin.py:190} INFO - [2025-02-15T17:19:20.180+0000] {dagbag.py:588} INFO - Filling up the DagBag from /home/airflow/.local/lib/python3.12/site-packages/airflow/example_dags/example_branch_python_dop_operator_3.py
[2025-02-15T17:19:20.290+0000] {processor.py:925} INFO - DAG(s) 'example_branch_dop_operator_v3' retrieved from /home/airflow/.local/lib/python3.12/site-packages/airflow/example_dags/example_branch_python_dop_operator_3.py
[2025-02-15T17:19:20.392+0000] {logging_mixin.py:190} INFO - [2025-02-15T17:19:20.391+0000] {dag.py:3239} INFO - Sync 1 DAGs
[2025-02-15T17:19:20.496+0000] {logging_mixin.py:190} INFO - [2025-02-15T17:19:20.496+0000] {dag.py:4180} INFO - Setting next_dagrun for example_branch_dop_operator_v3 to 2025-02-15 17:18:00+00:00, run_after=2025-02-15 17:19:00+00:00
[2025-02-15T17:19:20.541+0000] {processor.py:208} INFO - Processing /home/airflow/.local/lib/python3.12/site-packages/airflow/example_dags/example_branch_python_dop_operator_3.py took 0.405 seconds
[2025-02-15T17:19:56.741+0000] {processor.py:186} INFO - Started process (PID=207) to work on /home/airflow/.local/lib/python3.12/site-packages/airflow/example_dags/example_branch_python_dop_operator_3.py
[2025-02-15T17:19:56.747+0000] {processor.py:914} INFO - Processing file /home/airflow/.local/lib/python3.12/site-packages/airflow/example_dags/example_branch_python_dop_operator_3.py for tasks to queue
[2025-02-15T17:19:56.750+0000] {logging_mixin.py:190} INFO - [2025-02-15T17:19:56.749+0000] {dagbag.py:588} INFO - Filling up the DagBag from /home/airflow/.local/lib/python3.12/site-packages/airflow/example_dags/example_branch_python_dop_operator_3.py
[2025-02-15T17:19:56.771+0000] {processor.py:925} INFO - DAG(s) 'example_branch_dop_operator_v3' retrieved from /home/airflow/.local/lib/python3.12/site-packages/airflow/example_dags/example_branch_python_dop_operator_3.py
[2025-02-15T17:19:56.817+0000] {logging_mixin.py:190} INFO - [2025-02-15T17:19:56.816+0000] {dag.py:3239} INFO - Sync 1 DAGs
[2025-02-15T17:19:56.877+0000] {logging_mixin.py:190} INFO - [2025-02-15T17:19:56.877+0000] {dag.py:4180} INFO - Setting next_dagrun for example_branch_dop_operator_v3 to 2025-02-15 17:18:00+00:00, run_after=2025-02-15 17:19:00+00:00
[2025-02-15T17:19:58.313+0000] {processor.py:208} INFO - Processing /home/airflow/.local/lib/python3.12/site-packages/airflow/example_dags/example_branch_python_dop_operator_3.py took 1.593 seconds
[2025-02-15T17:20:28.679+0000] {processor.py:186} INFO - Started process (PID=265) to work on /home/airflow/.local/lib/python3.12/site-packages/airflow/example_dags/example_branch_python_dop_operator_3.py
[2025-02-15T17:20:28.682+0000] {processor.py:914} INFO - Processing file /home/airflow/.local/lib/python3.12/site-packages/airflow/example_dags/example_branch_python_dop_operator_3.py for tasks to queue
[2025-02-15T17:20:28.691+0000] {logging_mixin.py:190} INFO - [2025-02-15T17:20:28.691+0000] {dagbag.py:588} INFO - Filling up the DagBag from /home/airflow/.local/lib/python3.12/site-packages/airflow/example_dags/example_branch_python_dop_operator_3.py
[2025-02-15T17:20:28.747+0000] {processor.py:925} INFO - DAG(s) 'example_branch_dop_operator_v3' retrieved from /home/airflow/.local/lib/python3.12/site-packages/airflow/example_dags/example_branch_python_dop_operator_3.py
[2025-02-15T17:20:28.816+0000] {logging_mixin.py:190} INFO - [2025-02-15T17:20:28.815+0000] {dag.py:3239} INFO - Sync 1 DAGs
[2025-02-15T17:20:28.904+0000] {logging_mixin.py:190} INFO - [2025-02-15T17:20:28.904+0000] {dag.py:4180} INFO - Setting next_dagrun for example_branch_dop_operator_v3 to 2025-02-15 17:19:00+00:00, run_after=2025-02-15 17:20:00+00:00
[2025-02-15T17:20:28.977+0000] {processor.py:208} INFO - Processing /home/airflow/.local/lib/python3.12/site-packages/airflow/example_dags/example_branch_python_dop_operator_3.py took 0.310 seconds
[2025-02-15T17:21:02.292+0000] {processor.py:186} INFO - Started process (PID=321) to work on /home/airflow/.local/lib/python3.12/site-packages/airflow/example_dags/example_branch_python_dop_operator_3.py
[2025-02-15T17:21:02.296+0000] {processor.py:914} INFO - Processing file /home/airflow/.local/lib/python3.12/site-packages/airflow/example_dags/example_branch_python_dop_operator_3.py for tasks to queue
[2025-02-15T17:21:02.301+0000] {logging_mixin.py:190} INFO - [2025-02-15T17:21:02.300+0000] {dagbag.py:588} INFO - Filling up the DagBag from /home/airflow/.local/lib/python3.12/site-packages/airflow/example_dags/example_branch_python_dop_operator_3.py
[2025-02-15T17:21:02.335+0000] {processor.py:925} INFO - DAG(s) 'example_branch_dop_operator_v3' retrieved from /home/airflow/.local/lib/python3.12/site-packages/airflow/example_dags/example_branch_python_dop_operator_3.py
[2025-02-15T17:21:02.375+0000] {logging_mixin.py:190} INFO - [2025-02-15T17:21:02.374+0000] {dag.py:3239} INFO - Sync 1 DAGs
[2025-02-15T17:21:02.979+0000] {logging_mixin.py:190} INFO - [2025-02-15T17:21:02.979+0000] {dag.py:4180} INFO - Setting next_dagrun for example_branch_dop_operator_v3 to 2025-02-15 17:20:00+00:00, run_after=2025-02-15 17:21:00+00:00
[2025-02-15T17:21:03.045+0000] {processor.py:208} INFO - Processing /home/airflow/.local/lib/python3.12/site-packages/airflow/example_dags/example_branch_python_dop_operator_3.py took 0.762 seconds
[2025-02-15T17:21:35.663+0000] {processor.py:186} INFO - Started process (PID=379) to work on /home/airflow/.local/lib/python3.12/site-packages/airflow/example_dags/example_branch_python_dop_operator_3.py
[2025-02-15T17:21:35.665+0000] {processor.py:914} INFO - Processing file /home/airflow/.local/lib/python3.12/site-packages/airflow/example_dags/example_branch_python_dop_operator_3.py for tasks to queue
[2025-02-15T17:21:35.673+0000] {logging_mixin.py:190} INFO - [2025-02-15T17:21:35.673+0000] {dagbag.py:588} INFO - Filling up the DagBag from /home/airflow/.local/lib/python3.12/site-packages/airflow/example_dags/example_branch_python_dop_operator_3.py
[2025-02-15T17:21:35.703+0000] {processor.py:925} INFO - DAG(s) 'example_branch_dop_operator_v3' retrieved from /home/airflow/.local/lib/python3.12/site-packages/airflow/example_dags/example_branch_python_dop_operator_3.py
[2025-02-15T17:21:35.739+0000] {logging_mixin.py:190} INFO - [2025-02-15T17:21:35.738+0000] {dag.py:3239} INFO - Sync 1 DAGs
[2025-02-15T17:21:35.802+0000] {logging_mixin.py:190} INFO - [2025-02-15T17:21:35.801+0000] {dag.py:4180} INFO - Setting next_dagrun for example_branch_dop_operator_v3 to 2025-02-15 17:20:00+00:00, run_after=2025-02-15 17:21:00+00:00
[2025-02-15T17:21:35.852+0000] {processor.py:208} INFO - Processing /home/airflow/.local/lib/python3.12/site-packages/airflow/example_dags/example_branch_python_dop_operator_3.py took 0.233 seconds
[2025-02-15T17:22:07.422+0000] {processor.py:186} INFO - Started process (PID=437) to work on /home/airflow/.local/lib/python3.12/site-packages/airflow/example_dags/example_branch_python_dop_operator_3.py
[2025-02-15T17:22:07.444+0000] {processor.py:914} INFO - Processing file /home/airflow/.local/lib/python3.12/site-packages/airflow/example_dags/example_branch_python_dop_operator_3.py for tasks to queue
[2025-02-15T17:22:07.447+0000] {logging_mixin.py:190} INFO - [2025-02-15T17:22:07.446+0000] {dagbag.py:588} INFO - Filling up the DagBag from /home/airflow/.local/lib/python3.12/site-packages/airflow/example_dags/example_branch_python_dop_operator_3.py
[2025-02-15T17:22:07.504+0000] {processor.py:925} INFO - DAG(s) 'example_branch_dop_operator_v3' retrieved from /home/airflow/.local/lib/python3.12/site-packages/airflow/example_dags/example_branch_python_dop_operator_3.py
[2025-02-15T17:22:07.558+0000] {logging_mixin.py:190} INFO - [2025-02-15T17:22:07.557+0000] {dag.py:3239} INFO - Sync 1 DAGs
[2025-02-15T17:22:07.600+0000] {logging_mixin.py:190} INFO - [2025-02-15T17:22:07.600+0000] {dag.py:4180} INFO - Setting next_dagrun for example_branch_dop_operator_v3 to 2025-02-15 17:21:00+00:00, run_after=2025-02-15 17:22:00+00:00
[2025-02-15T17:22:07.649+0000] {processor.py:208} INFO - Processing /home/airflow/.local/lib/python3.12/site-packages/airflow/example_dags/example_branch_python_dop_operator_3.py took 0.233 seconds
[2025-02-15T17:22:44.129+0000] {processor.py:186} INFO - Started process (PID=493) to work on /home/airflow/.local/lib/python3.12/site-packages/airflow/example_dags/example_branch_python_dop_operator_3.py
[2025-02-15T17:22:44.132+0000] {processor.py:914} INFO - Processing file /home/airflow/.local/lib/python3.12/site-packages/airflow/example_dags/example_branch_python_dop_operator_3.py for tasks to queue
[2025-02-15T17:22:44.139+0000] {logging_mixin.py:190} INFO - [2025-02-15T17:22:44.138+0000] {dagbag.py:588} INFO - Filling up the DagBag from /home/airflow/.local/lib/python3.12/site-packages/airflow/example_dags/example_branch_python_dop_operator_3.py
[2025-02-15T17:22:44.160+0000] {processor.py:925} INFO - DAG(s) 'example_branch_dop_operator_v3' retr