[2025-02-15T17:17:17.804+0000] {processor.py:186} INFO - Started process (PID=44) to work on /home/airflow/.local/lib/python3.12/site-packages/airflow/example_dags/example_skip_dag.py
[2025-02-15T17:17:17.821+0000] {processor.py:914} INFO - Processing file /home/airflow/.local/lib/python3.12/site-packages/airflow/example_dags/example_skip_dag.py for tasks to queue
[2025-02-15T17:17:17.841+0000] {logging_mixin.py:190} INFO - [2025-02-15T17:17:17.840+0000] {dagbag.py:588} INFO - Filling up the DagBag from /home/airflow/.local/lib/python3.12/site-packages/airflow/example_dags/example_skip_dag.py
[2025-02-15T17:17:18.016+0000] {processor.py:925} INFO - DAG(s) 'example_skip_dag' retrieved from /home/airflow/.local/lib/python3.12/site-packages/airflow/example_dags/example_skip_dag.py
[2025-02-15T17:17:18.205+0000] {logging_mixin.py:190} INFO - [2025-02-15T17:17:18.196+0000] {dag.py:3239} INFO - Sync 1 DAGs
[2025-02-15T17:17:18.377+0000] {logging_mixin.py:190} INFO - [2025-02-15T17:17:18.377+0000] {dag.py:4180} INFO - Setting next_dagrun for example_skip_dag to 2025-02-14 00:00:00+00:00, run_after=2025-02-15 00:00:00+00:00
[2025-02-15T17:17:18.497+0000] {processor.py:208} INFO - Processing /home/airflow/.local/lib/python3.12/site-packages/airflow/example_dags/example_skip_dag.py took 0.746 seconds
[2025-02-15T17:18:06.285+0000] {processor.py:186} INFO - Started process (PID=101) to work on /home/airflow/.local/lib/python3.12/site-packages/airflow/example_dags/example_skip_dag.py
[2025-02-15T17:18:06.290+0000] {processor.py:914} INFO - Processing file /home/airflow/.local/lib/python3.12/site-packages/airflow/example_dags/example_skip_dag.py for tasks to queue
[2025-02-15T17:18:06.297+0000] {logging_mixin.py:190} INFO - [2025-02-15T17:18:06.296+0000] {dagbag.py:588} INFO - Filling up the DagBag from /home/airflow/.local/lib/python3.12/site-packages/airflow/example_dags/example_skip_dag.py
[2025-02-15T17:18:06.338+0000] {processor.py:925} INFO - DAG(s) 'example_skip_dag' retrieved from /home/airflow/.local/lib/python3.12/site-packages/airflow/example_dags/example_skip_dag.py
[2025-02-15T17:18:06.431+0000] {logging_mixin.py:190} INFO - [2025-02-15T17:18:06.428+0000] {dag.py:3239} INFO - Sync 1 DAGs
[2025-02-15T17:18:06.505+0000] {logging_mixin.py:190} INFO - [2025-02-15T17:18:06.504+0000] {dag.py:4180} INFO - Setting next_dagrun for example_skip_dag to 2025-02-14 00:00:00+00:00, run_after=2025-02-15 00:00:00+00:00
[2025-02-15T17:18:13.775+0000] {processor.py:208} INFO - Processing /home/airflow/.local/lib/python3.12/site-packages/airflow/example_dags/example_skip_dag.py took 7.514 seconds
[2025-02-15T17:19:21.576+0000] {processor.py:186} INFO - Started process (PID=152) to work on /home/airflow/.local/lib/python3.12/site-packages/airflow/example_dags/example_skip_dag.py
[2025-02-15T17:19:21.593+0000] {processor.py:914} INFO - Processing file /home/airflow/.local/lib/python3.12/site-packages/airflow/example_dags/example_skip_dag.py for tasks to queue
[2025-02-15T17:19:21.599+0000] {logging_mixin.py:190} INFO - [2025-02-15T17:19:21.598+0000] {dagbag.py:588} INFO - Filling up the DagBag from /home/airflow/.local/lib/python3.12/site-packages/airflow/example_dags/example_skip_dag.py
[2025-02-15T17:19:21.639+0000] {processor.py:925} INFO - DAG(s) 'example_skip_dag' retrieved from /home/airflow/.local/lib/python3.12/site-packages/airflow/example_dags/example_skip_dag.py
[2025-02-15T17:19:21.729+0000] {logging_mixin.py:190} INFO - [2025-02-15T17:19:21.728+0000] {dag.py:3239} INFO - Sync 1 DAGs
[2025-02-15T17:19:21.841+0000] {logging_mixin.py:190} INFO - [2025-02-15T17:19:21.840+0000] {dag.py:4180} INFO - Setting next_dagrun for example_skip_dag to 2025-02-14 00:00:00+00:00, run_after=2025-02-15 00:00:00+00:00
[2025-02-15T17:19:21.909+0000] {processor.py:208} INFO - Processing /home/airflow/.local/lib/python3.12/site-packages/airflow/example_dags/example_skip_dag.py took 0.390 seconds
[2025-02-15T17:19:58.833+0000] {processor.py:186} INFO - Started process (PID=210) to work on /home/airflow/.local/lib/python3.12/site-packages/airflow/example_dags/example_skip_dag.py
[2025-02-15T17:19:58.840+0000] {processor.py:914} INFO - Processing file /home/airflow/.local/lib/python3.12/site-packages/airflow/example_dags/example_skip_dag.py for tasks to queue
[2025-02-15T17:19:58.850+0000] {logging_mixin.py:190} INFO - [2025-02-15T17:19:58.850+0000] {dagbag.py:588} INFO - Filling up the DagBag from /home/airflow/.local/lib/python3.12/site-packages/airflow/example_dags/example_skip_dag.py
[2025-02-15T17:19:58.876+0000] {processor.py:925} INFO - DAG(s) 'example_skip_dag' retrieved from /home/airflow/.local/lib/python3.12/site-packages/airflow/example_dags/example_skip_dag.py
[2025-02-15T17:19:58.967+0000] {logging_mixin.py:190} INFO - [2025-02-15T17:19:58.966+0000] {dag.py:3239} INFO - Sync 1 DAGs
[2025-02-15T17:19:59.174+0000] {logging_mixin.py:190} INFO - [2025-02-15T17:19:59.174+0000] {dag.py:4180} INFO - Setting next_dagrun for example_skip_dag to 2025-02-14 00:00:00+00:00, run_after=2025-02-15 00:00:00+00:00
[2025-02-15T17:19:59.873+0000] {processor.py:208} INFO - Processing /home/airflow/.local/lib/python3.12/site-packages/airflow/example_dags/example_skip_dag.py took 1.060 seconds
[2025-02-15T17:20:30.437+0000] {processor.py:186} INFO - Started process (PID=268) to work on /home/airflow/.local/lib/python3.12/site-packages/airflow/example_dags/example_skip_dag.py
[2025-02-15T17:20:30.438+0000] {processor.py:914} INFO - Processing file /home/airflow/.local/lib/python3.12/site-packages/airflow/example_dags/example_skip_dag.py for tasks to queue
[2025-02-15T17:20:30.444+0000] {logging_mixin.py:190} INFO - [2025-02-15T17:20:30.444+0000] {dagbag.py:588} INFO - Filling up the DagBag from /home/airflow/.local/lib/python3.12/site-packages/airflow/example_dags/example_skip_dag.py
[2025-02-15T17:20:30.474+0000] {processor.py:925} INFO - DAG(s) 'example_skip_dag' retrieved from /home/airflow/.local/lib/python3.12/site-packages/airflow/example_dags/example_skip_dag.py
[2025-02-15T17:20:30.672+0000] {logging_mixin.py:190} INFO - [2025-02-15T17:20:30.671+0000] {dag.py:3239} INFO - Sync 1 DAGs
[2025-02-15T17:20:30.923+0000] {logging_mixin.py:190} INFO - [2025-02-15T17:20:30.923+0000] {dag.py:4180} INFO - Setting next_dagrun for example_skip_dag to 2025-02-14 00:00:00+00:00, run_after=2025-02-15 00:00:00+00:00
[2025-02-15T17:20:33.215+0000] {processor.py:208} INFO - Processing /home/airflow/.local/lib/python3.12/site-packages/airflow/example_dags/example_skip_dag.py took 2.799 seconds
[2025-02-15T17:21:07.382+0000] {processor.py:186} INFO - Started process (PID=326) to work on /home/airflow/.local/lib/python3.12/site-packages/airflow/example_dags/example_skip_dag.py
[2025-02-15T17:21:07.390+0000] {processor.py:914} INFO - Processing file /home/airflow/.local/lib/python3.12/site-packages/airflow/example_dags/example_skip_dag.py for tasks to queue
[2025-02-15T17:21:07.397+0000] {logging_mixin.py:190} INFO - [2025-02-15T17:21:07.397+0000] {dagbag.py:588} INFO - Filling up the DagBag from /home/airflow/.local/lib/python3.12/site-packages/airflow/example_dags/example_skip_dag.py
[2025-02-15T17:21:07.417+0000] {processor.py:925} INFO - DAG(s) 'example_skip_dag' retrieved from /home/airflow/.local/lib/python3.12/site-packages/airflow/example_dags/example_skip_dag.py
[2025-02-15T17:21:07.483+0000] {logging_mixin.py:190} INFO - [2025-02-15T17:21:07.482+0000] {dag.py:3239} INFO - Sync 1 DAGs
[2025-02-15T17:21:08.145+0000] {logging_mixin.py:190} INFO - [2025-02-15T17:21:08.145+0000] {dag.py:4180} INFO - Setting next_dagrun for example_skip_dag to 2025-02-14 00:00:00+00:00, run_after=2025-02-15 00:00:00+00:00
[2025-02-15T17:21:08.180+0000] {processor.py:208} INFO - Processing /home/airflow/.local/lib/python3.12/site-packages/airflow/example_dags/example_skip_dag.py took 0.808 seconds
[2025-02-15T17:21:41.082+0000] {processor.py:186} INFO - Started process (PID=383) to work on /home/airflow/.local/lib/python3.12/site-packages/airflow/example_dags/example_skip_dag.py
[2025-02-15T17:21:41.085+0000] {processor.py:914} INFO - Processing file /home/airflow/.local/lib/python3.12/site-packages/airflow/example_dags/example_skip_dag.py for tasks to queue
[2025-02-15T17:21:41.088+0000] {logging_mixin.py:190} INFO - [2025-02-15T17:21:41.088+0000] {dagbag.py:588} INFO - Filling up the DagBag from /home/airflow/.local/lib/python3.12/site-packages/airflow/example_dags/example_skip_dag.py
[2025-02-15T17:21:41.097+0000] {processor.py:925} INFO - DAG(s) 'example_skip_dag' retrieved from /home/airflow/.local/lib/python3.12/site-packages/airflow/example_dags/example_skip_dag.py
[2025-02-15T17:21:41.154+0000] {logging_mixin.py:190} INFO - [2025-02-15T17:21:41.153+0000] {dag.py:3239} INFO - Sync 1 DAGs
[2025-02-15T17:21:41.241+0000] {logging_mixin.py:190} INFO - [2025-02-15T17:21:41.241+0000] {dag.py:4180} INFO - Setting next_dagrun for example_skip_dag to 2025-02-14 00:00:00+00:00, run_after=2025-02-15 00:00:00+00:00
[2025-02-15T17:21:41.508+0000] {processor.py:208} INFO - Processing /home/airflow/.local/lib/python3.12/site-packages/airflow/example_dags/example_skip_dag.py took 0.436 seconds
[2025-02-15T17:22:12.335+0000] {processor.py:186} INFO - Started process (PID=440) to work on /home/airflow/.local/lib/python3.12/site-packages/airflow/example_dags/example_skip_dag.py
[2025-02-15T17:22:12.336+0000] {processor.py:914} INFO - Processing file /home/airflow/.local/lib/python3.12/site-packages/airflow/example_dags/example_skip_dag.py for tasks to queue
[2025-02-15T17:22:12.339+0000] {logging_mixin.py:190} INFO - [2025-02-15T17:22:12.339+0000] {dagbag.py:588} INFO - Filling up the DagBag from /home/airflow/.local/lib/python3.12/site-packages/airflow/example_dags/example_skip_dag.py
[2025-02-15T17:22:12.398+0000] {processor.py:925} INFO - DAG(s) 'example_skip_dag' retrieved from /home/airflow/.local/lib/python3.12/site-packages/airflow/example_dags/example_skip_dag.py
[2025-02-15T17:22:12.464+0000] {logging_mixin.py:190} INFO - [2025-02-15T17:22:12.463+0000] {dag.py:3239} INFO - Sync 1 DAGs
[2025-02-15T17:22:12.544+0000] {logging_mixin.py:190} INFO - [2025-02-15T17:22:12.544+0000] {dag.py:4180} INFO - Setting next_dagrun for example_skip_dag to 2025-02-14 00:00:00+00:00, run_after=2025-02-15 00:00:00+00:00
[2025-02-15T17:22:12.992+0000] {processor.py:208} INFO - Processing /home/airflow/.local/lib/python3.12/site-packages/airflow/example_dags/example_skip_dag.py took 0.678 seconds
[2025-02-15T17:22:46.072+0000] {processor.py:186} INFO - Started process (PID=496) to work on /home/airflow/.local/lib/python3.12/site-packages/airflow/example_dags/example_skip_dag.py
[2025-02-15T17:22:46.093+0000] {processor.py:914} INFO - Processing file /home/airflow/.local/lib/python3.12/site-packages/airflow/example_dags/example_skip_dag.py for tasks to queue
[2025-02-15T17:22:46.097+0000] {logging_mixin.py:190} INFO - [2025-02-15T17:22:46.097+0000] {dagbag.py:588} INFO - Filling up the DagBag from /home/airflow/.local/lib/python3.12/site-packages/airflow/example_dags/example_skip_dag.py
[2025-02-15T17:22:46.158+0000] {processor.py:925} INFO - DAG(s) 'example_skip_dag' retrieved from /home/airflow/.local/lib/python3.12/site-packages/airflow/example_dags/example_skip_dag.py
[2025-02-15T17:22:46.842+0000] {logging_mixin.py:190} INFO - [2025-02-15T17:22:46.841+0000] {dag.py:3239} INFO - Sync 1 DAGs
[2025-02-15T17:22:46.880+0000] {logging_mixin.py:190} INFO - [2025-02-15T17:22:46.880+0000] {dag.py:4180} INFO - Setting next_dagrun for example_skip_dag to 2025-02-14 00:00:00+00:00, run_after=2025-02-15 00:00:00+00:00
[2025-02-15T17:22:46.913+0000] {processor.py:208} INFO - Processing /home/airflow/.local/lib/python3.12/site-packages/airflow/example_dags/example_skip_dag.py took 0.864 seconds
[2025-02-15T17:23:23.907+0000] {processor.py:186} INFO - Started process (PID=556) to work on /home/airflow/.local/lib/python3.12/site-packages/airflow/example_dags/example_skip_dag.py
[2025-02-15T17:23:23.912+0000] {processor.py:914} INFO - Processing file /home/airflow/.local/lib/python3.12/site-packages/airflow/example_dags/example_skip_dag.py for tasks to queue
[2025-02-15T17:23:23.922+0000] {logging_mixin.py:190} INFO - [2025-02-15T17:23:23.921+0000] {dagbag.py:5