[2025-02-15T17:17:20.999+0000] {processor.py:186} INFO - Started process (PID=50) to work on /home/airflow/.local/lib/python3.12/site-packages/airflow/example_dags/example_xcomargs.py
[2025-02-15T17:17:21.000+0000] {processor.py:914} INFO - Processing file /home/airflow/.local/lib/python3.12/site-packages/airflow/example_dags/example_xcomargs.py for tasks to queue
[2025-02-15T17:17:21.002+0000] {logging_mixin.py:190} INFO - [2025-02-15T17:17:21.001+0000] {dagbag.py:588} INFO - Filling up the DagBag from /home/airflow/.local/lib/python3.12/site-packages/airflow/example_dags/example_xcomargs.py
[2025-02-15T17:17:21.114+0000] {processor.py:925} INFO - DAG(s) 'example_xcom_args_with_operators', 'example_xcom_args' retrieved from /home/airflow/.local/lib/python3.12/site-packages/airflow/example_dags/example_xcomargs.py
[2025-02-15T17:17:21.223+0000] {logging_mixin.py:190} INFO - [2025-02-15T17:17:21.221+0000] {dag.py:3239} INFO - Sync 2 DAGs
[2025-02-15T17:17:21.280+0000] {logging_mixin.py:190} INFO - [2025-02-15T17:17:21.280+0000] {dag.py:4180} INFO - Setting next_dagrun for example_xcom_args to None, run_after=None
[2025-02-15T17:17:21.303+0000] {logging_mixin.py:190} INFO - [2025-02-15T17:17:21.303+0000] {dag.py:4180} INFO - Setting next_dagrun for example_xcom_args_with_operators to None, run_after=None
[2025-02-15T17:17:21.362+0000] {processor.py:208} INFO - Processing /home/airflow/.local/lib/python3.12/site-packages/airflow/example_dags/example_xcomargs.py took 0.368 seconds
[2025-02-15T17:18:28.028+0000] {processor.py:186} INFO - Started process (PID=108) to work on /home/airflow/.local/lib/python3.12/site-packages/airflow/example_dags/example_xcomargs.py
[2025-02-15T17:18:28.132+0000] {processor.py:914} INFO - Processing file /home/airflow/.local/lib/python3.12/site-packages/airflow/example_dags/example_xcomargs.py for tasks to queue
[2025-02-15T17:18:28.135+0000] {logging_mixin.py:190} INFO - [2025-02-15T17:18:28.135+0000] {dagbag.py:588} INFO - Filling up the DagBag from /home/airflow/.local/lib/python3.12/site-packages/airflow/example_dags/example_xcomargs.py
[2025-02-15T17:18:28.281+0000] {processor.py:925} INFO - DAG(s) 'example_xcom_args', 'example_xcom_args_with_operators' retrieved from /home/airflow/.local/lib/python3.12/site-packages/airflow/example_dags/example_xcomargs.py
[2025-02-15T17:18:28.383+0000] {logging_mixin.py:190} INFO - [2025-02-15T17:18:28.382+0000] {dag.py:3239} INFO - Sync 2 DAGs
[2025-02-15T17:18:28.416+0000] {logging_mixin.py:190} INFO - [2025-02-15T17:18:28.416+0000] {dag.py:4180} INFO - Setting next_dagrun for example_xcom_args to None, run_after=None
[2025-02-15T17:18:28.421+0000] {logging_mixin.py:190} INFO - [2025-02-15T17:18:28.421+0000] {dag.py:4180} INFO - Setting next_dagrun for example_xcom_args_with_operators to None, run_after=None
[2025-02-15T17:18:39.464+0000] {processor.py:208} INFO - Processing /home/airflow/.local/lib/python3.12/site-packages/airflow/example_dags/example_xcomargs.py took 11.482 seconds
[2025-02-15T17:19:22.547+0000] {processor.py:186} INFO - Started process (PID=158) to work on /home/airflow/.local/lib/python3.12/site-packages/airflow/example_dags/example_xcomargs.py
[2025-02-15T17:19:22.551+0000] {processor.py:914} INFO - Processing file /home/airflow/.local/lib/python3.12/site-packages/airflow/example_dags/example_xcomargs.py for tasks to queue
[2025-02-15T17:19:22.564+0000] {logging_mixin.py:190} INFO - [2025-02-15T17:19:22.558+0000] {dagbag.py:588} INFO - Filling up the DagBag from /home/airflow/.local/lib/python3.12/site-packages/airflow/example_dags/example_xcomargs.py
[2025-02-15T17:19:22.618+0000] {processor.py:925} INFO - DAG(s) 'example_xcom_args', 'example_xcom_args_with_operators' retrieved from /home/airflow/.local/lib/python3.12/site-packages/airflow/example_dags/example_xcomargs.py
[2025-02-15T17:19:22.675+0000] {logging_mixin.py:190} INFO - [2025-02-15T17:19:22.675+0000] {dag.py:3239} INFO - Sync 2 DAGs
[2025-02-15T17:19:22.712+0000] {logging_mixin.py:190} INFO - [2025-02-15T17:19:22.712+0000] {dag.py:4180} INFO - Setting next_dagrun for example_xcom_args to None, run_after=None
[2025-02-15T17:19:22.724+0000] {logging_mixin.py:190} INFO - [2025-02-15T17:19:22.716+0000] {dag.py:4180} INFO - Setting next_dagrun for example_xcom_args_with_operators to None, run_after=None
[2025-02-15T17:19:22.768+0000] {processor.py:208} INFO - Processing /home/airflow/.local/lib/python3.12/site-packages/airflow/example_dags/example_xcomargs.py took 0.245 seconds
[2025-02-15T17:20:00.596+0000] {processor.py:186} INFO - Started process (PID=216) to work on /home/airflow/.local/lib/python3.12/site-packages/airflow/example_dags/example_xcomargs.py
[2025-02-15T17:20:00.605+0000] {processor.py:914} INFO - Processing file /home/airflow/.local/lib/python3.12/site-packages/airflow/example_dags/example_xcomargs.py for tasks to queue
[2025-02-15T17:20:00.607+0000] {logging_mixin.py:190} INFO - [2025-02-15T17:20:00.607+0000] {dagbag.py:588} INFO - Filling up the DagBag from /home/airflow/.local/lib/python3.12/site-packages/airflow/example_dags/example_xcomargs.py
[2025-02-15T17:20:00.637+0000] {processor.py:925} INFO - DAG(s) 'example_xcom_args', 'example_xcom_args_with_operators' retrieved from /home/airflow/.local/lib/python3.12/site-packages/airflow/example_dags/example_xcomargs.py
[2025-02-15T17:20:00.719+0000] {logging_mixin.py:190} INFO - [2025-02-15T17:20:00.719+0000] {dag.py:3239} INFO - Sync 2 DAGs
[2025-02-15T17:20:00.779+0000] {logging_mixin.py:190} INFO - [2025-02-15T17:20:00.779+0000] {dag.py:4180} INFO - Setting next_dagrun for example_xcom_args to None, run_after=None
[2025-02-15T17:20:00.794+0000] {logging_mixin.py:190} INFO - [2025-02-15T17:20:00.794+0000] {dag.py:4180} INFO - Setting next_dagrun for example_xcom_args_with_operators to None, run_after=None
[2025-02-15T17:20:00.852+0000] {processor.py:208} INFO - Processing /home/airflow/.local/lib/python3.12/site-packages/airflow/example_dags/example_xcomargs.py took 0.262 seconds
[2025-02-15T17:20:34.273+0000] {processor.py:186} INFO - Started process (PID=274) to work on /home/airflow/.local/lib/python3.12/site-packages/airflow/example_dags/example_xcomargs.py
[2025-02-15T17:20:34.276+0000] {processor.py:914} INFO - Processing file /home/airflow/.local/lib/python3.12/site-packages/airflow/example_dags/example_xcomargs.py for tasks to queue
[2025-02-15T17:20:34.281+0000] {logging_mixin.py:190} INFO - [2025-02-15T17:20:34.281+0000] {dagbag.py:588} INFO - Filling up the DagBag from /home/airflow/.local/lib/python3.12/site-packages/airflow/example_dags/example_xcomargs.py
[2025-02-15T17:20:34.318+0000] {processor.py:925} INFO - DAG(s) 'example_xcom_args_with_operators', 'example_xcom_args' retrieved from /home/airflow/.local/lib/python3.12/site-packages/airflow/example_dags/example_xcomargs.py
[2025-02-15T17:20:34.398+0000] {logging_mixin.py:190} INFO - [2025-02-15T17:20:34.392+0000] {dag.py:3239} INFO - Sync 2 DAGs
[2025-02-15T17:20:34.452+0000] {logging_mixin.py:190} INFO - [2025-02-15T17:20:34.452+0000] {dag.py:4180} INFO - Setting next_dagrun for example_xcom_args to None, run_after=None
[2025-02-15T17:20:34.482+0000] {logging_mixin.py:190} INFO - [2025-02-15T17:20:34.482+0000] {dag.py:4180} INFO - Setting next_dagrun for example_xcom_args_with_operators to None, run_after=None
[2025-02-15T17:20:34.544+0000] {processor.py:208} INFO - Processing /home/airflow/.local/lib/python3.12/site-packages/airflow/example_dags/example_xcomargs.py took 0.287 seconds
[2025-02-15T17:21:12.081+0000] {processor.py:186} INFO - Started process (PID=332) to work on /home/airflow/.local/lib/python3.12/site-packages/airflow/example_dags/example_xcomargs.py
[2025-02-15T17:21:12.083+0000] {processor.py:914} INFO - Processing file /home/airflow/.local/lib/python3.12/site-packages/airflow/example_dags/example_xcomargs.py for tasks to queue
[2025-02-15T17:21:12.088+0000] {logging_mixin.py:190} INFO - [2025-02-15T17:21:12.088+0000] {dagbag.py:588} INFO - Filling up the DagBag from /home/airflow/.local/lib/python3.12/site-packages/airflow/example_dags/example_xcomargs.py
[2025-02-15T17:21:12.128+0000] {processor.py:925} INFO - DAG(s) 'example_xcom_args_with_operators', 'example_xcom_args' retrieved from /home/airflow/.local/lib/python3.12/site-packages/airflow/example_dags/example_xcomargs.py
[2025-02-15T17:21:12.232+0000] {logging_mixin.py:190} INFO - [2025-02-15T17:21:12.232+0000] {dag.py:3239} INFO - Sync 2 DAGs
[2025-02-15T17:21:12.300+0000] {logging_mixin.py:190} INFO - [2025-02-15T17:21:12.299+0000] {dag.py:4180} INFO - Setting next_dagrun for example_xcom_args to None, run_after=None
[2025-02-15T17:21:12.308+0000] {logging_mixin.py:190} INFO - [2025-02-15T17:21:12.308+0000] {dag.py:4180} INFO - Setting next_dagrun for example_xcom_args_with_operators to None, run_after=None
[2025-02-15T17:21:12.358+0000] {processor.py:208} INFO - Processing /home/airflow/.local/lib/python3.12/site-packages/airflow/example_dags/example_xcomargs.py took 0.291 seconds
[2025-02-15T17:21:45.334+0000] {processor.py:186} INFO - Started process (PID=390) to work on /home/airflow/.local/lib/python3.12/site-packages/airflow/example_dags/example_xcomargs.py
[2025-02-15T17:21:45.336+0000] {processor.py:914} INFO - Processing file /home/airflow/.local/lib/python3.12/site-packages/airflow/example_dags/example_xcomargs.py for tasks to queue
[2025-02-15T17:21:45.338+0000] {logging_mixin.py:190} INFO - [2025-02-15T17:21:45.338+0000] {dagbag.py:588} INFO - Filling up the DagBag from /home/airflow/.local/lib/python3.12/site-packages/airflow/example_dags/example_xcomargs.py
[2025-02-15T17:21:45.355+0000] {processor.py:925} INFO - DAG(s) 'example_xcom_args', 'example_xcom_args_with_operators' retrieved from /home/airflow/.local/lib/python3.12/site-packages/airflow/example_dags/example_xcomargs.py
[2025-02-15T17:21:45.421+0000] {logging_mixin.py:190} INFO - [2025-02-15T17:21:45.421+0000] {dag.py:3239} INFO - Sync 2 DAGs
[2025-02-15T17:21:45.452+0000] {logging_mixin.py:190} INFO - [2025-02-15T17:21:45.452+0000] {dag.py:4180} INFO - Setting next_dagrun for example_xcom_args to None, run_after=None
[2025-02-15T17:21:45.465+0000] {logging_mixin.py:190} INFO - [2025-02-15T17:21:45.465+0000] {dag.py:4180} INFO - Setting next_dagrun for example_xcom_args_with_operators to None, run_after=None
[2025-02-15T17:21:45.945+0000] {processor.py:208} INFO - Processing /home/airflow/.local/lib/python3.12/site-packages/airflow/example_dags/example_xcomargs.py took 0.641 seconds
[2025-02-15T17:22:16.453+0000] {processor.py:186} INFO - Started process (PID=448) to work on /home/airflow/.local/lib/python3.12/site-packages/airflow/example_dags/example_xcomargs.py
[2025-02-15T17:22:16.454+0000] {processor.py:914} INFO - Processing file /home/airflow/.local/lib/python3.12/site-packages/airflow/example_dags/example_xcomargs.py for tasks to queue
[2025-02-15T17:22:16.457+0000] {logging_mixin.py:190} INFO - [2025-02-15T17:22:16.457+0000] {dagbag.py:588} INFO - Filling up the DagBag from /home/airflow/.local/lib/python3.12/site-packages/airflow/example_dags/example_xcomargs.py
[2025-02-15T17:22:16.470+0000] {processor.py:925} INFO - DAG(s) 'example_xcom_args_with_operators', 'example_xcom_args' retrieved from /home/airflow/.local/lib/python3.12/site-packages/airflow/example_dags/example_xcomargs.py
[2025-02-15T17:22:16.498+0000] {logging_mixin.py:190} INFO - [2025-02-15T17:22:16.498+0000] {dag.py:3239} INFO - Sync 2 DAGs
[2025-02-15T17:22:16.518+0000] {logging_mixin.py:190} INFO - [2025-02-15T17:22:16.518+0000] {dag.py:4180} INFO - Setting next_dagrun for example_xcom_args to None, run_after=None
[2025-02-15T17:22:16.523+0000] {logging_mixin.py:190} INFO - [2025-02-15T17:22:16.523+0000] {dag.py:4180} INFO - Setting next_dagrun for example_xcom_args_with_operators to None, run_after=None
[2025-02-15T17:22:18.698+0000] {processor.py:208} INFO - Processing /home/airflow/.local/lib/python3.12/site-packages/airflow/example_dags/example_xcomargs.py took 2.252 seconds
[2025-02-15T17:22:50.055+0000] {processor.py:186} INFO - Started process (PID=505) to work on /home/airflow/.local/lib/python3.12/site-packages/airflow/example_dags/example_xcomargs.py
[2025-02-15T17:22:50.055+0000] {processor.py:914} INFO - Processing file /home/