[2025-02-15T17:17:32.185+0000] {processor.py:186} INFO - Started process (PID=74) to work on /home/airflow/.local/lib/python3.12/site-packages/airflow/example_dags/example_python_operator.py
[2025-02-15T17:17:32.186+0000] {processor.py:914} INFO - Processing file /home/airflow/.local/lib/python3.12/site-packages/airflow/example_dags/example_python_operator.py for tasks to queue
[2025-02-15T17:17:32.192+0000] {logging_mixin.py:190} INFO - [2025-02-15T17:17:32.192+0000] {dagbag.py:588} INFO - Filling up the DagBag from /home/airflow/.local/lib/python3.12/site-packages/airflow/example_dags/example_python_operator.py
[2025-02-15T17:17:32.222+0000] {processor.py:925} INFO - DAG(s) 'example_python_operator' retrieved from /home/airflow/.local/lib/python3.12/site-packages/airflow/example_dags/example_python_operator.py
[2025-02-15T17:17:32.477+0000] {logging_mixin.py:190} INFO - [2025-02-15T17:17:32.477+0000] {dag.py:3239} INFO - Sync 1 DAGs
[2025-02-15T17:17:33.372+0000] {logging_mixin.py:190} INFO - [2025-02-15T17:17:33.372+0000] {dag.py:4180} INFO - Setting next_dagrun for example_python_operator to None, run_after=None
[2025-02-15T17:17:34.611+0000] {processor.py:208} INFO - Processing /home/airflow/.local/lib/python3.12/site-packages/airflow/example_dags/example_python_operator.py took 2.437 seconds
[2025-02-15T17:19:16.524+0000] {processor.py:186} INFO - Started process (PID=132) to work on /home/airflow/.local/lib/python3.12/site-packages/airflow/example_dags/example_python_operator.py
[2025-02-15T17:19:16.532+0000] {processor.py:914} INFO - Processing file /home/airflow/.local/lib/python3.12/site-packages/airflow/example_dags/example_python_operator.py for tasks to queue
[2025-02-15T17:19:16.540+0000] {logging_mixin.py:190} INFO - [2025-02-15T17:19:16.535+0000] {dagbag.py:588} INFO - Filling up the DagBag from /home/airflow/.local/lib/python3.12/site-packages/airflow/example_dags/example_python_operator.py
[2025-02-15T17:19:16.598+0000] {processor.py:925} INFO - DAG(s) 'example_python_operator' retrieved from /home/airflow/.local/lib/python3.12/site-packages/airflow/example_dags/example_python_operator.py
[2025-02-15T17:19:16.679+0000] {logging_mixin.py:190} INFO - [2025-02-15T17:19:16.678+0000] {dag.py:3239} INFO - Sync 1 DAGs
[2025-02-15T17:19:16.772+0000] {logging_mixin.py:190} INFO - [2025-02-15T17:19:16.756+0000] {dag.py:4180} INFO - Setting next_dagrun for example_python_operator to None, run_after=None
[2025-02-15T17:19:16.932+0000] {processor.py:208} INFO - Processing /home/airflow/.local/lib/python3.12/site-packages/airflow/example_dags/example_python_operator.py took 0.422 seconds
[2025-02-15T17:19:53.435+0000] {processor.py:186} INFO - Started process (PID=199) to work on /home/airflow/.local/lib/python3.12/site-packages/airflow/example_dags/example_python_operator.py
[2025-02-15T17:19:53.436+0000] {processor.py:914} INFO - Processing file /home/airflow/.local/lib/python3.12/site-packages/airflow/example_dags/example_python_operator.py for tasks to queue
[2025-02-15T17:19:53.438+0000] {logging_mixin.py:190} INFO - [2025-02-15T17:19:53.438+0000] {dagbag.py:588} INFO - Filling up the DagBag from /home/airflow/.local/lib/python3.12/site-packages/airflow/example_dags/example_python_operator.py
[2025-02-15T17:19:53.487+0000] {processor.py:925} INFO - DAG(s) 'example_python_operator' retrieved from /home/airflow/.local/lib/python3.12/site-packages/airflow/example_dags/example_python_operator.py
[2025-02-15T17:19:53.582+0000] {logging_mixin.py:190} INFO - [2025-02-15T17:19:53.582+0000] {dag.py:3239} INFO - Sync 1 DAGs
[2025-02-15T17:19:53.616+0000] {logging_mixin.py:190} INFO - [2025-02-15T17:19:53.616+0000] {dag.py:4180} INFO - Setting next_dagrun for example_python_operator to None, run_after=None
[2025-02-15T17:19:53.657+0000] {processor.py:208} INFO - Processing /home/airflow/.local/lib/python3.12/site-packages/airflow/example_dags/example_python_operator.py took 0.238 seconds
[2025-02-15T17:20:24.805+0000] {processor.py:186} INFO - Started process (PID=257) to work on /home/airflow/.local/lib/python3.12/site-packages/airflow/example_dags/example_python_operator.py
[2025-02-15T17:20:24.807+0000] {processor.py:914} INFO - Processing file /home/airflow/.local/lib/python3.12/site-packages/airflow/example_dags/example_python_operator.py for tasks to queue
[2025-02-15T17:20:24.810+0000] {logging_mixin.py:190} INFO - [2025-02-15T17:20:24.810+0000] {dagbag.py:588} INFO - Filling up the DagBag from /home/airflow/.local/lib/python3.12/site-packages/airflow/example_dags/example_python_operator.py
[2025-02-15T17:20:24.881+0000] {processor.py:925} INFO - DAG(s) 'example_python_operator' retrieved from /home/airflow/.local/lib/python3.12/site-packages/airflow/example_dags/example_python_operator.py
[2025-02-15T17:20:24.972+0000] {logging_mixin.py:190} INFO - [2025-02-15T17:20:24.972+0000] {dag.py:3239} INFO - Sync 1 DAGs
[2025-02-15T17:20:25.040+0000] {logging_mixin.py:190} INFO - [2025-02-15T17:20:25.040+0000] {dag.py:4180} INFO - Setting next_dagrun for example_python_operator to None, run_after=None
[2025-02-15T17:20:25.479+0000] {processor.py:208} INFO - Processing /home/airflow/.local/lib/python3.12/site-packages/airflow/example_dags/example_python_operator.py took 0.685 seconds
[2025-02-15T17:20:58.663+0000] {processor.py:186} INFO - Started process (PID=315) to work on /home/airflow/.local/lib/python3.12/site-packages/airflow/example_dags/example_python_operator.py
[2025-02-15T17:20:58.664+0000] {processor.py:914} INFO - Processing file /home/airflow/.local/lib/python3.12/site-packages/airflow/example_dags/example_python_operator.py for tasks to queue
[2025-02-15T17:20:58.667+0000] {logging_mixin.py:190} INFO - [2025-02-15T17:20:58.667+0000] {dagbag.py:588} INFO - Filling up the DagBag from /home/airflow/.local/lib/python3.12/site-packages/airflow/example_dags/example_python_operator.py
[2025-02-15T17:20:58.681+0000] {processor.py:925} INFO - DAG(s) 'example_python_operator' retrieved from /home/airflow/.local/lib/python3.12/site-packages/airflow/example_dags/example_python_operator.py
[2025-02-15T17:20:58.742+0000] {logging_mixin.py:190} INFO - [2025-02-15T17:20:58.741+0000] {dag.py:3239} INFO - Sync 1 DAGs
[2025-02-15T17:20:59.083+0000] {logging_mixin.py:190} INFO - [2025-02-15T17:20:59.083+0000] {dag.py:4180} INFO - Setting next_dagrun for example_python_operator to None, run_after=None
[2025-02-15T17:21:00.364+0000] {processor.py:208} INFO - Processing /home/airflow/.local/lib/python3.12/site-packages/airflow/example_dags/example_python_operator.py took 1.708 seconds
[2025-02-15T17:21:30.876+0000] {processor.py:186} INFO - Started process (PID=373) to work on /home/airflow/.local/lib/python3.12/site-packages/airflow/example_dags/example_python_operator.py
[2025-02-15T17:21:30.876+0000] {processor.py:914} INFO - Processing file /home/airflow/.local/lib/python3.12/site-packages/airflow/example_dags/example_python_operator.py for tasks to queue
[2025-02-15T17:21:30.879+0000] {logging_mixin.py:190} INFO - [2025-02-15T17:21:30.878+0000] {dagbag.py:588} INFO - Filling up the DagBag from /home/airflow/.local/lib/python3.12/site-packages/airflow/example_dags/example_python_operator.py
[2025-02-15T17:21:30.921+0000] {processor.py:925} INFO - DAG(s) 'example_python_operator' retrieved from /home/airflow/.local/lib/python3.12/site-packages/airflow/example_dags/example_python_operator.py
[2025-02-15T17:21:30.962+0000] {logging_mixin.py:190} INFO - [2025-02-15T17:21:30.962+0000] {dag.py:3239} INFO - Sync 1 DAGs
[2025-02-15T17:21:30.978+0000] {logging_mixin.py:190} INFO - [2025-02-15T17:21:30.978+0000] {dag.py:4180} INFO - Setting next_dagrun for example_python_operator to None, run_after=None
[2025-02-15T17:21:31.059+0000] {processor.py:208} INFO - Processing /home/airflow/.local/lib/python3.12/site-packages/airflow/example_dags/example_python_operator.py took 0.189 seconds
[2025-02-15T17:22:06.634+0000] {processor.py:186} INFO - Started process (PID=435) to work on /home/airflow/.local/lib/python3.12/site-packages/airflow/example_dags/example_python_operator.py
[2025-02-15T17:22:06.635+0000] {processor.py:914} INFO - Processing file /home/ai