[2025-02-15T17:17:22.922+0000] {processor.py:186} INFO - Started process (PID=55) to work on /home/airflow/.local/lib/python3.12/site-packages/airflow/example_dags/example_complex.py
[2025-02-15T17:17:22.924+0000] {processor.py:914} INFO - Processing file /home/airflow/.local/lib/python3.12/site-packages/airflow/example_dags/example_complex.py for tasks to queue
[2025-02-15T17:17:22.936+0000] {logging_mixin.py:190} INFO - [2025-02-15T17:17:22.935+0000] {dagbag.py:588} INFO - Filling up the DagBag from /home/airflow/.local/lib/python3.12/site-packages/airflow/example_dags/example_complex.py
[2025-02-15T17:17:22.992+0000] {processor.py:925} INFO - DAG(s) 'example_complex' retrieved from /home/airflow/.local/lib/python3.12/site-packages/airflow/example_dags/example_complex.py
[2025-02-15T17:17:23.084+0000] {logging_mixin.py:190} INFO - [2025-02-15T17:17:23.084+0000] {dag.py:3239} INFO - Sync 1 DAGs
[2025-02-15T17:17:23.108+0000] {logging_mixin.py:190} INFO - [2025-02-15T17:17:23.107+0000] {dag.py:4180} INFO - Setting next_dagrun for example_complex to None, run_after=None
[2025-02-15T17:17:23.153+0000] {processor.py:208} INFO - Processing /home/airflow/.local/lib/python3.12/site-packages/airflow/example_dags/example_complex.py took 0.259 seconds
[2025-02-15T17:18:47.128+0000] {processor.py:186} INFO - Started process (PID=113) to work on /home/airflow/.local/lib/python3.12/site-packages/airflow/example_dags/example_complex.py
[2025-02-15T17:18:47.145+0000] {processor.py:914} INFO - Processing file /home/airflow/.local/lib/python3.12/site-packages/airflow/example_dags/example_complex.py for tasks to queue
[2025-02-15T17:18:47.149+0000] {logging_mixin.py:190} INFO - [2025-02-15T17:18:47.148+0000] {dagbag.py:588} INFO - Filling up the DagBag from /home/airflow/.local/lib/python3.12/site-packages/airflow/example_dags/example_complex.py
[2025-02-15T17:18:47.181+0000] {processor.py:925} INFO - DAG(s) 'example_complex' retrieved from /home/airflow/.local/lib/python3.12/site-packages/airflow/example_dags/example_complex.py
[2025-02-15T17:18:47.297+0000] {logging_mixin.py:190} INFO - [2025-02-15T17:18:47.297+0000] {dag.py:3239} INFO - Sync 1 DAGs
[2025-02-15T17:18:47.336+0000] {logging_mixin.py:190} INFO - [2025-02-15T17:18:47.335+0000] {dag.py:4180} INFO - Setting next_dagrun for example_complex to None, run_after=None
[2025-02-15T17:18:49.198+0000] {processor.py:208} INFO - Processing /home/airflow/.local/lib/python3.12/site-packages/airflow/example_dags/example_complex.py took 2.082 seconds
[2025-02-15T17:19:25.882+0000] {processor.py:186} INFO - Started process (PID=171) to work on /home/airflow/.local/lib/python3.12/site-packages/airflow/example_dags/example_complex.py
[2025-02-15T17:19:25.884+0000] {processor.py:914} INFO - Processing file /home/airflow/.local/lib/python3.12/site-packages/airflow/example_dags/example_complex.py for tasks to queue
[2025-02-15T17:19:25.887+0000] {logging_mixin.py:190} INFO - [2025-02-15T17:19:25.887+0000] {dagbag.py:588} INFO - Filling up the DagBag from /home/airflow/.local/lib/python3.12/site-packages/airflow/example_dags/example_complex.py
[2025-02-15T17:19:25.962+0000] {processor.py:925} INFO - DAG(s) 'example_complex' retrieved from /home/airflow/.local/lib/python3.12/site-packages/airflow/example_dags/example_complex.py
[2025-02-15T17:19:26.137+0000] {logging_mixin.py:190} INFO - [2025-02-15T17:19:26.137+0000] {dag.py:3239} INFO - Sync 1 DAGs
[2025-02-15T17:19:26.172+0000] {logging_mixin.py:190} INFO - [2025-02-15T17:19:26.172+0000] {dag.py:4180} INFO - Setting next_dagrun for example_complex to None, run_after=None
[2025-02-15T17:19:27.229+0000] {processor.py:208} INFO - Processing /home/airflow/.local/lib/python3.12/site-packages/airflow/example_dags/example_complex.py took 1.379 seconds
[2025-02-15T17:20:02.346+0000] {processor.py:186} INFO - Started process (PID=221) to work on /home/airflow/.local/lib/python3.12/site-packages/airflow/example_dags/example_complex.py
[2025-02-15T17:20:02.351+0000] {processor.py:914} INFO - Processing file /home/airflow/.local/lib/python3.12/site-packages/airflow/example_dags/example_complex.py for tasks to queue
[2025-02-15T17:20:02.353+0000] {logging_mixin.py:190} INFO - [2025-02-15T17:20:02.353+0000] {dagbag.py:588} INFO - Filling up the DagBag from /home/airflow/.local/lib/python3.12/site-packages/airflow/example_dags/example_complex.py
[2025-02-15T17:20:02.464+0000] {processor.py:925} INFO - DAG(s) 'example_complex' retrieved from /home/airflow/.local/lib/python3.12/site-packages/airflow/example_dags/example_complex.py
[2025-02-15T17:20:02.602+0000] {logging_mixin.py:190} INFO - [2025-02-15T17:20:02.602+0000] {dag.py:3239} INFO - Sync 1 DAGs
[2025-02-15T17:20:02.626+0000] {logging_mixin.py:190} INFO - [2025-02-15T17:20:02.626+0000] {dag.py:4180} INFO - Setting next_dagrun for example_complex to None, run_after=None
[2025-02-15T17:20:04.859+0000] {processor.py:208} INFO - Processing /home/airflow/.local/lib/python3.12/site-packages/airflow/example_dags/example_complex.py took 2.535 seconds
[2025-02-15T17:20:35.508+0000] {processor.py:186} INFO - Started process (PID=279) to work on /home/airflow/.local/lib/python3.12/site-packages/airflow/example_dags/example_complex.py
[2025-02-15T17:20:35.508+0000] {processor.py:914} INFO - Processing file /home/airflow/.local/lib/python3.12/site-packages/airflow/example_dags/example_complex.py for tasks to queue
[2025-02-15T17:20:35.511+0000] {logging_mixin.py:190} INFO - [2025-02-15T17:20:35.511+0000] {dagbag.py:588} INFO - Filling up the DagBag from /home/airflow/.local/lib/python3.12/site-packages/airflow/example_dags/example_complex.py
[2025-02-15T17:20:35.545+0000] {processor.py:925} INFO - DAG(s) 'example_complex' retrieved from /home/airflow/.local/lib/python3.12/site-packages/airflow/example_dags/example_complex.py
[2025-02-15T17:20:35.635+0000] {logging_mixin.py:190} INFO - [2025-02-15T17:20:35.635+0000] {dag.py:3239} INFO - Sync 1 DAGs
[2025-02-15T17:20:35.672+0000] {logging_mixin.py:190} INFO - [2025-02-15T17:20:35.672+0000] {dag.py:4180} INFO - Setting next_dagrun for example_complex to None, run_after=None
[2025-02-15T17:20:36.162+0000] {processor.py:208} INFO - Processing /home/airflow/.local/lib/python3.12/site-packages/airflow/example_dags/example_complex.py took 0.661 seconds
[2025-02-15T17:21:13.187+0000] {processor.py:186} INFO - Started process (PID=337) to work on /home/airflow/.local/lib/python3.12/site-packages/airflow/example_dags/example_complex.py
[2025-02-15T17:21:13.191+0000] {processor.py:914} INFO - Processing file /home/airflow/.local/lib/python3.12/site-packages/airflow/example_dags/example_complex.py for tasks to queue
[2025-02-15T17:21:13.194+0000] {logging_mixin.py:190} INFO - [2025-02-15T17:21:13.193+0000] {dagbag.py:588} INFO - Filling up the DagBag from /home/airflow/.local/lib/python3.12/site-packages/airflow/example_dags/example_complex.py
[2025-02-15T17:21:13.226+0000] {processor.py:925} INFO - DAG(s) 'example_complex' retrieved from /home/airflow/.local/lib/python3.12/site-packages/airflow/example_dags/example_complex.py
[2025-02-15T17:21:13.276+0000] {logging_mixin.py:190} INFO - [2025-02-15T17:21:13.276+0000] {dag.py:3239} INFO - Sync 1 DAGs
[2025-02-15T17:21:13.298+0000] {logging_mixin.py:190} INFO - [2025-02-15T17:21:13.298+0000] {dag.py:4180} INFO - Setting next_dagrun for example_complex to None, run_after=None
[2025-02-15T17:21:13.322+0000] {processor.py:208} INFO - Processing /home/airflow/.local/lib/python3.12/site-packages/airflow/example_dags/example_complex.py took 0.149 seconds
[2025-02-15T17:21:48.265+0000] {processor.py:186} INFO - Started process (PID=395) to work on /home/airflow/.local/lib/python3.12/site-packages/airflow/example_dags/example_complex.py
[2025-02-15T17:21:48.269+0000] {processor.py:914} INFO - Processing file /home/airflow/.local/lib/python3.12/site-packages/airflow/example_dags/example_complex.py for tasks to queue
[2025-02-15T17:21:48.275+0000] {logging_mixin.py:190} INFO - [2025-02-15T17:21:48.275+0000] {dagbag.py:588} INFO - Filling up the DagBag from /home/airflow/.local/lib/python3.12/site-packages/airflow/example_dags/example_complex.py
[2025-02-15