[2025-02-15T17:17:22.960+0000] {processor.py:186} INFO - Started process (PID=56) to work on /home/airflow/.local/lib/python3.12/site-packages/airflow/example_dags/example_datasets.py
[2025-02-15T17:17:22.961+0000] {processor.py:914} INFO - Processing file /home/airflow/.local/lib/python3.12/site-packages/airflow/example_dags/example_datasets.py for tasks to queue
[2025-02-15T17:17:22.963+0000] {logging_mixin.py:190} INFO - [2025-02-15T17:17:22.963+0000] {dagbag.py:588} INFO - Filling up the DagBag from /home/airflow/.local/lib/python3.12/site-packages/airflow/example_dags/example_datasets.py
[2025-02-15T17:17:25.168+0000] {processor.py:925} INFO - DAG(s) 'dataset_produces_1', 'dataset_consumes_1', 'dataset_consumes_1_never_scheduled', 'dataset_produces_2', 'dataset_consumes_1_and_2', 'consume_1_or_2_with_dataset_expressions', 'conditional_dataset_and_time_based_timetable', 'consume_1_or_both_2_and_3_with_dataset_expressions', 'consume_1_and_2_with_dataset_expressions', 'dataset_consumes_unknown_never_scheduled' retrieved from /home/airflow/.local/lib/python3.12/site-packages/airflow/example_dags/example_datasets.py
[2025-02-15T17:17:25.368+0000] {logging_mixin.py:190} INFO - [2025-02-15T17:17:25.366+0000] {dag.py:3239} INFO - Sync 10 DAGs
[2025-02-15T17:17:25.498+0000] {logging_mixin.py:190} INFO - [2025-02-15T17:17:25.497+0000] {dag.py:4180} INFO - Setting next_dagrun for conditional_dataset_and_time_based_timetable to 2025-02-12 01:00:00+00:00, run_after=2025-02-12 01:00:00+00:00
[2025-02-15T17:17:25.519+0000] {logging_mixin.py:190} INFO - [2025-02-15T17:17:25.518+0000] {dag.py:4180} INFO - Setting next_dagrun for consume_1_and_2_with_dataset_expressions to None, run_after=None
[2025-02-15T17:17:25.533+0000] {logging_mixin.py:190} INFO - [2025-02-15T17:17:25.533+0000] {dag.py:4180} INFO - Setting next_dagrun for consume_1_or_2_with_dataset_expressions to None, run_after=None
[2025-02-15T17:17:25.547+0000] {logging_mixin.py:190} INFO - [2025-02-15T17:17:25.547+0000] {dag.py:4180} INFO - Setting next_dagrun for consume_1_or_both_2_and_3_with_dataset_expressions to None, run_after=None
[2025-02-15T17:17:25.548+0000] {logging_mixin.py:190} INFO - [2025-02-15T17:17:25.548+0000] {dag.py:4180} INFO - Setting next_dagrun for dataset_consumes_1 to None, run_after=None
[2025-02-15T17:17:25.558+0000] {logging_mixin.py:190} INFO - [2025-02-15T17:17:25.558+0000] {dag.py:4180} INFO - Setting next_dagrun for dataset_consumes_1_and_2 to None, run_after=None
[2025-02-15T17:17:25.566+0000] {logging_mixin.py:190} INFO - [2025-02-15T17:17:25.566+0000] {dag.py:4180} INFO - Setting next_dagrun for dataset_consumes_1_never_scheduled to None, run_after=None
[2025-02-15T17:17:25.576+0000] {logging_mixin.py:190} INFO - [2025-02-15T17:17:25.572+0000] {dag.py:4180} INFO - Setting next_dagrun for dataset_consumes_unknown_never_scheduled to None, run_after=None
[2025-02-15T17:17:25.594+0000] {logging_mixin.py:190} INFO - [2025-02-15T17:17:25.593+0000] {dag.py:4180} INFO - Setting next_dagrun for dataset_produces_1 to 2025-02-14 00:00:00+00:00, run_after=2025-02-15 00:00:00+00:00
[2025-02-15T17:17:25.610+0000] {logging_mixin.py:190} INFO - [2025-02-15T17:17:25.609+0000] {dag.py:4180} INFO - Setting next_dagrun for dataset_produces_2 to None, run_after=None
[2025-02-15T17:17:25.893+0000] {processor.py:208} INFO - Processing /home/airflow/.local/lib/python3.12/site-packages/airflow/example_dags/example_datasets.py took 2.948 seconds
[2025-02-15T17:18:47.947+0000] {processor.py:186} INFO - Started process (PID=114) to work on /home/airflow/.local/lib/python3.12/site-packages/airflow/example_dags/example_datasets.py
[2025-02-15T17:18:47.950+0000] {processor.py:914} INFO - Processing file /home/airflow/.local/lib/python3.12/site-packages/airflow/example_dags/example_datasets.py for tasks to queue
[2025-02-15T17:18:47.955+0000] {logging_mixin.py:190} INFO - [2025-02-15T17:18:47.954+0000] {dagbag.py:588} INFO - Filling up the DagBag from /home/airflow/.local/lib/python3.12/site-packages/airflow/example_dags/example_datasets.py
[2025-02-15T17:18:48.461+0000] {processor.py:925} INFO - DAG(s) 'consume_1_and_2_with_dataset_expressions', 'dataset_produces_1', 'conditional_dataset_and_time_based_timetable', 'dataset_produces_2', 'dataset_consumes_unknown_never_scheduled', 'dataset_consumes_1', 'dataset_consumes_1_never_scheduled', 'consume_1_or_both_2_and_3_with_dataset_expressions', 'consume_1_or_2_with_dataset_expressions', 'dataset_consumes_1_and_2' retrieved from /home/airflow/.local/lib/python3.12/site-packages/airflow/example_dags/example_datasets.py
[2025-02-15T17:18:48.530+0000] {logging_mixin.py:190} INFO - [2025-02-15T17:18:48.530+0000] {dag.py:3239} INFO - Sync 10 DAGs
[2025-02-15T17:18:48.607+0000] {logging_mixin.py:190} INFO - [2025-02-15T17:18:48.607+0000] {dag.py:4180} INFO - Setting next_dagrun for conditional_dataset_and_time_based_timetable to 2025-02-12 01:00:00+00:00, run_after=2025-02-12 01:00:00+00:00
[2025-02-15T17:18:48.612+0000] {logging_mixin.py:190} INFO - [2025-02-15T17:18:48.612+0000] {dag.py:4180} INFO - Setting next_dagrun for consume_1_and_2_with_dataset_expressions to None, run_after=None
[2025-02-15T17:18:48.614+0000] {logging_mixin.py:190} INFO - [2025-02-15T17:18:48.614+0000] {dag.py:4180} INFO - Setting next_dagrun for consume_1_or_2_with_dataset_expressions to None, run_after=None
[2025-02-15T17:18:48.615+0000] {logging_mixin.py:190} INFO - [2025-02-15T17:18:48.615+0000] {dag.py:4180} INFO - Setting next_dagrun for consume_1_or_both_2_and_3_with_dataset_expressions to None, run_after=None
[2025-02-15T17:18:48.617+0000] {logging_mixin.py:190} INFO - [2025-02-15T17:18:48.617+0000] {dag.py:4180} INFO - Setting next_dagrun for dataset_consumes_1 to None, run_after=None
[2025-02-15T17:18:48.618+0000] {logging_mixin.py:190} INFO - [2025-02-15T17:18:48.618+0000] {dag.py:4180} INFO - Setting next_dagrun for dataset_consumes_1_and_2 to None, run_after=None
[2025-02-15T17:18:48.620+0000] {logging_mixin.py:190} INFO - [2025-02-15T17:18:48.620+0000] {dag.py:4180} INFO - Setting next_dagrun for dataset_consumes_1_never_scheduled to None, run_after=None
[2025-02-15T17:18:48.622+0000] {logging_mixin.py:190} INFO - [2025-02-15T17:18:48.622+0000] {dag.py:4180} INFO - Setting next_dagrun for dataset_consumes_unknown_never_scheduled to None, run_after=None
[2025-02-15T17:18:48.626+0000] {logging_mixin.py:190} INFO - [2025-02-15T17:18:48.626+0000] {dag.py:4180} INFO - Setting next_dagrun for dataset_produces_1 to 2025-02-14 00:00:00+00:00, run_after=2025-02-15 00:00:00+00:00
[2025-02-15T17:18:48.627+0000] {logging_mixin.py:190} INFO - [2025-02-15T17:18:48.627+0000] {dag.py:4180} INFO - Setting next_dagrun for dataset_produces_2 to None, run_after=None
[2025-02-15T17:18:49.781+0000] {processor.py:208} INFO - Processing /home/airflow/.local/lib/python3.12/site-packages/airflow/example_dags/example_datasets.py took 1.848 seconds
[2025-02-15T17:19:26.002+0000] {processor.py:186} INFO - Started process (PID=172) to work on /home/airflow/.local/lib/python3.12/site-packages/airflow/example_dags/example_datasets.py
[2025-02-15T17:19:26.005+0000] {processor.py:914} INFO - Processing file /home/airflow/.local/lib/python3.12/site-packages/airflow/example_dags/example_datasets.py for tasks to queue
[2025-02-15T17:19:26.008+0000] {logging_mixin.py:190} INFO - [2025-02-15T17:19:26.007+0000] {dagbag.py:588} INFO - Filling up the DagBag from /home/airflow/.local/lib/python3.12/site-packages/airflow/example_dags/example_datasets.py
[2025-02-15T17:19:27.468+0000] {processor.py:925} INFO - DAG(s) 'dataset_produces_2', 'consume_1_or_2_with_dataset_expressions', 'consume_1_and_2_with_dataset_expressions', 'dataset_consumes_unknown_never_scheduled', 'consume_1_or_both_2_and_3_with_dataset_expressions', 'dataset_produces_1', 'conditional_dataset_and_time_based_timetable', 'dataset_consumes_1_never_scheduled', 'dataset_consumes_1', 'dataset_consumes_1_and_2' retrieved from /home/airflow/.local/lib/python3.12/site-packages/airflow/example_dags/example_datasets.py
[2025-02-15T17:19:27.741+0000] {logging_mixin.py:190} INFO - [2025-02-15T17:19:27.737+0000] {dag.py:3239} INFO - Sync 10 DAGs
[2025-02-15T17:19:27.863+0000] {logging_mixin.py:190} INFO - [2025-02-15T17:19:27.863+0000] {dag.py:4180} INFO - Setting next_dagrun for conditional_dataset_and_time_based_timetable to 2025-02-12 01:00:00+00:00, run_after=2025-02-12 01:00:00+00:00
[2025-02-15T17:19:27.883+0000] {logging_mixin.py:190} INFO - [2025-02-15T17:19:27.882+0000] {dag.py:4180} INFO - Setting next_dagrun for consume_1_and_2_with_dataset_expressions to None, run_after=None
[2025-02-15T17:19:27.893+0000] {logging_mixin.py:190} INFO - [2025-02-15T17:19:27.892+0000] {dag.py:4180} INFO - Setting next_dagrun for consume_1_or_2_with_dataset_expressions to None, run_after=None
[2025-02-15T17:19:27.896+0000] {logging_mixin.py:190} INFO - [2025-02-15T17:19:27.895+0000] {dag.py:4180} INFO - Setting next_dagrun for consume_1_or_both_2_and_3_with_dataset_expressions to None, run_after=None
[2025-02-15T17:19:27.904+0000] {logging_mixin.py:190} INFO - [2025-02-15T17:19:27.903+0000] {dag.py:4180} INFO - Setting next_dagrun for dataset_consumes_1 to None, run_after=None
[2025-02-15T17:19:27.906+0000] {logging_mixin.py:190} INFO - [2025-02-15T17:19:27.906+0000] {dag.py:4180} INFO - Setting next_dagrun for dataset_consumes_1_and_2 to None, run_after=None
[2025-02-15T17:19:27.910+0000] {logging_mixin.py:190} INFO - [2025-02-15T17:19:27.909+0000] {dag.py:4180} INFO - Setting next_dagrun for dataset_consumes_1_never_scheduled to None, run_after=None
[2025-02-15T17:19:27.934+0000] {logging_mixin.py:190} INFO - [2025-02-15T17:19:27.934+0000] {dag.py:4180} INFO - Setting next_dagrun for dataset_consumes_unknown_never_scheduled to None, run_after=None
[2025-02-15T17:19:27.940+0000] {logging_mixin.py:190} INFO - [2025-02-15T17:19:27.940+0000] {dag.py:4180} INFO - Setting next_dagrun for dataset_produces_1 to 2025-02-14 00:00:00+00:00, run_after=2025-02-15 00:00:00+00:00
[2025-02-15T17:19:27.959+0000] {logging_mixin.py:190} INFO - [2025-02-15T17:19:27.959+0000] {dag.py:4180} INFO - Setting next_dagrun for dataset_produces_2 to None, run_after=None
[2025-02-15T17:19:29.031+0000] {processor.py:208} INFO - Processing /home/airflow/.local/lib/python3.12/site-packages/airflow/example_dags/example_datasets.py took 3.051 seconds
[2025-02-15T17:20:03.278+0000] {processor.py:186} INFO - Started process (PID=222) to work on /home/airflow/.local/lib/python3.12/site-packages/airflow/example_dags/example_datasets.py
[2025-02-15T17:20:03.297+0000] {processor.py:914} INFO - Processing file /home/airflow/.local/lib/python3.12/site-packages/airflow/example_dags/example_datasets.py for tasks to queue
[2025-02-15T17:20:03.299+0000] {logging_mixin.py:190} INFO - [2025-02-15T17:20:03.299+0000] {dagbag.py:588} INFO - Filling up the DagBag from /home/airflow/.local/lib/python3.12/site-packages/airflow/example_dags/example_datasets.py
[2025-02-15T17:20:03.798+0000] {processor.py:925} INFO - DAG(s) 'conditional_dataset_and_time_based_timetable', 'dataset_consumes_1', 'consume_1_or_2_with_dataset_expressions', 'dataset_consumes_1_and_2', 'dataset_consumes_unknown_never_scheduled', 'dataset_produces_2', 'dataset_produces_1', 'consume_1_or_both_2_and_3_with_dataset_expressions', 'dataset_consumes_1_never_scheduled', 'consume_1_and_2_with_dataset_expressions' retrieved from /home/airflow/.local/lib/python3.12/site-packages/airflow/example_dags/example_datasets.py
[2025-02-15T17:20:04.977+0000] {logging_mixin.py:190} INFO - [2025-02-15T17:20:04.976+0000] {dag.py:3239} INFO - Sync 10 DAGs
[2025-02-15T17:20:05.037+0000] {logging_mixin.py:190} INFO - [2025-02-15T17:20:05.037+0000] {dag.py:4180} INFO - Setting next_dagrun for conditional_dataset_and_time_based_timetable to 2025-02-12 01:00:00+00:00, run_after=2025-02-12 01:00:00+00:00
[2025-02-15T17:20:05.047+0000] {logging_mixin.py:190} INFO - [2025-02-15T17:20:05.047+0000] {dag.py:4180} INFO - Setting next_dagrun for consume_1_and_2_with_dataset_expressions to None, run_after=None
[2025-02-15T17:20:05.052+0000] {logging_mixin.py:190} INFO - [2025-02-15T17:20:05.051+0000] {dag.py:4180} INFO - Setting next_dagrun for consume_1_or_2_with_dataset_expressions to None, run_after=None
[2025-02-15T17:20:05.055+0000] {logging_mixin.py:190} INFO - [2025-02-15T17:20:05.054+0000] {dag.py:4180} INFO - Setting next_dagrun for consume_1_or_both_2_and_3_with_dataset_expressions to None, run_after=None
[2025-02-15T17:20:05.060+0000] {logging_mixin.py:190} INFO - [2025-02-15T17:20:05.060+0000] {dag.py:4180} INFO - Setting next_dagrun for dataset_consumes_1 to None, run_after=None
[2025-02-15T17:20:05.063+0000] {logging_mixin.py:190} INFO - [2025-02-15T17:20:05.063+0000] {dag.py:4180} INFO - Setting next_dagrun for dataset_consumes_1_and_2 to None, run_after=None
[2025-02-15T17:20:05.069+0000] {logging_mixin.py:190} INFO - [2025-02-15T17:20:05.069+0000] {dag.py:4180} INFO - Setting next_dagrun for dataset_consumes_1_never_scheduled to None, run_after=None
[2025-02-15T17:20:05.071+0000] {logging_mixin.py:190} INFO - [2025-02-15T17:20:05.070+0000] {dag.py:4180} INFO - Setting next_dagrun for dataset_consumes_unknown_never_scheduled to None, run_after=None
[2025-02-15T17:20:05.074+0000] {logging_mixin.py:190} INFO - [2025-02-15T17:20:05.074+0000] {dag.py:4180} INFO - Setting next_dagrun for dataset_produces_1 to 2025-02-14 00:00:00+00:00, run_after=2025-02-15 00:00:00+00:00
[2025-02-15T17:20:05.076+0000] {logging_mixin.py:190} INFO - [2025-02-15T17:20:05.075+0000] {dag.py:4180} INFO - Setting next_dagrun for dataset_produces_2 to None, run_after=None
[2025-02-15T17:20:05.576+0000] {processor.py:208} INFO - Processing /home/airflow/.local/lib/python3.12/site-packages/airflow/example_dags/example_datasets.py took 2.310 seconds
[2025-02-15T17:20:36.305+0000] {processor.py:186} INFO - Started process (PID=280) to work on /home/airflow/.local/lib/python3.12/site-packages/airflow/example_dags/example_datasets.py
[2025-02-15T17:20:36.312+0000] {processor.py:914} INFO - Processing file /home/airflow/.local/lib/python3.12/site-packages/airflow/example_dags/example_datasets.py for tasks to queue
[2025-02-15T17:20:36.315+0000] {logging_mixin.py:190} INFO - [2025-02-15T17:20:36.315+0000] {dagbag.py:588} INFO - Filling up the DagBag from /home/airflow/.local/lib/python3.12/site-packages/airflow/example_dags/example_datasets.py
[2025-02-15T17:20:37.098+0000] {processor.py:925} INFO - DAG(s) 'dataset_produces_1', 'dataset_produces_2', 'conditional_dataset_and_time_based_timetable', 'consume_1_or_both_2_and_3_with_dataset_expressions', 'dataset_consumes_1_never_scheduled', 'consume_1_and_2_with_dataset_expressions', 'dataset_consumes_1', 'consume_1_or_2_with_dataset_expressions', 'dataset_consumes_unknown_never_scheduled', 'dataset_consumes_1_and_2' retrieved from /home/airflow/.local/lib/python3.12/site-packages/airflow/example_dags/example_datasets.py
[2025-02-15T17:20:37.204+0000] {logging_mixin.py:190} INFO - [2025-02-15T17:20:37.204+0000] {dag.py:3239} INFO - Sync 10 DAGs
[2025-02-15T17:20:37.261+0000] {logging_mixin.py:190} INFO - [2025-02-15T17:20:37.261+0000] {dag.py:4180} INFO - Setting next_dagrun for conditional_dataset_and_time_based_timetable to 2025-02-12 01:00:00+00:00, run_after=2025-02-12 01:00:00+00:00
[2025-02-15T17:20:37.266+0000] {logging_mixin.py:190} INFO - [2025-02-15T17:20:37.266+0000] {dag.py:4180} INFO - Setting next_dagrun for consume_1_and_2_with_dataset_expressions to None, run_after=None
[2025-02-15T17:20:37.267+0000] {logging_mixin.py:190} INFO - [2025-02-15T17:20:37.267+0000] {dag.py:4180} INFO - Setting next_dagrun for consume_1_or_2_with_dataset_expressions to None, run_after=None
[2025-02-15T17:20:37.268+0000] {logging_mixin.py:190} INFO - [2025-02-15T17:20:37.268+0000] {dag.py:4180} INFO - Setting next_dagrun for consume_1_or_both_2_and_3_with_dataset_expressions to None, run_after=None
[2025-02-15T17:20:37.269+0000] {logging_mixin.py:190} INFO - [2025-02-15T17:20:37.269+0000] {dag.py:4180} INFO - Setting next_dagrun for dataset_consumes_1 to None, run_after=None
[2025-02-15T17:20:37.271+0000] {logging_mixin.py:190} INFO - [2025-02-15T17:20:37.270+0000] {dag.py:4180} INFO - Setting next_dagrun for dataset_consumes_1_and_2 to None, run_after=None
[2025-02-15T17:20:37.272+0000] {logging_mixin.py:190} INFO - [2025-02-15T17:20:37.271+0000] {dag.py:4180} INFO - Setting next_dagrun for dataset_consumes_1_never_scheduled to None, run_after=None
[2025-02-15T17:20:37.278+0000] {logging_mixin.py:190} INFO - [2025-02-15T17:20:37.273+0000] {dag.py:4180} INFO - Setting next_dagrun for dataset_consumes_unknown_never_scheduled to None, run_after=None
[2025-02-15T17:20:37.281+0000] {logging_mixin.py:190} INFO - [2025-02-15T17:20:37.281+0000] {dag.py:4180} INFO - Setting next_dagrun for dataset_produces_1 to 2025-02-14 00:00:00+00:00, run_after=2025-02-15 00:00:00+00:00
[2025-02-15T17:20:37.283+0000] {logging_mixin.py:190} INFO - [2025-02-15T17:20:37.282+0000] {dag.py:4180} INFO - Setting next_dagrun for dataset_produces_2 to None, run_after=None
[2025-02-15T17:20:37.613+0000] {processor.py:208} INFO - Processing /home/airflow/.local/lib/python3.12/site-packages/airflow/example_dags/example_datasets.py took 1.347 seconds
[2025-02-15T17:21:13.390+0000] {processor.py:186} INFO - Started process (PID=338) to work on /home/airflow/.local/lib/python3.12/site-packages/airflow/example_dags/example_datasets.py
[2025-02-15T17:21:13.397+0000] {processor.py:914} INFO - Processing file /home/airflow/.local/lib/python3.12/site-packages/airflow/example_dags/example_datasets.py for tasks to queue
[2025-02-15T17:21:13.399+0000] {logging_mixin.py:190} INFO - [2025-02-15T17:21:13.399+0000] {dagbag.py:588} INFO - Filling up the DagBag from /home/airflow/.local/lib/python3.12/site-packages/airflow/example_dags/example_datasets.py
[2025-02-15T17:21:14.206+0000] {processor.py:925} INFO - DAG(s) 'dataset_consumes_1_and_2', 'dataset_consumes_1', 'dataset_produces_2', 'consume_1_or_both_2_and_3_with_dataset_expressions', 'conditional_dataset_and_time_based_timetable', 'dataset_produces_1', 'dataset_consumes_unknown_never_scheduled', 'consume_1_and_2_with_dataset_expressions', 'dataset_consumes_1_never_scheduled', 'consume_1_or_2_with_dataset_expressions' retrieved from /home/airflow/.local/lib/python3.12/site-packages/airflow/example_dags/example_datasets.py
[2025-02-15T17:21:14.304+0000] {logging_mixin.py:190} INFO - [2025-02-15T17:21:14.303+0000] {dag.py:3239} INFO - Sync 10 DAGs
[2025-02-15T17:21:14.420+0000] {logging_mixin.py:190} INFO - [2025-02-15T17:21:14.420+0000] {dag.py:4180} INFO - Setting next_dagrun for conditional_dataset_and_time_based_timetable to 2025-02-12 01:00:00+00:00, run_after=2025-02-12 01:00:00+00:00
[2025-02-15T17:21:14.439+0000] {logging_mixin.py:190} INFO - [2025-02-15T17:21:14.438+0000] {dag.py:4180} INFO - Setting next_dagrun for consume_1_and_2_with_dataset_expressions to None, run_after=None
[2025-02-15T17:21:14.440+0000] {logging_mixin.py:190} INFO - [2025-02-15T17:21:14.440+0000] {dag.py:4180} INFO - Setting next_dagrun for consume_1_or_2_with_dataset_expressions to None, run_after=None
[2025-02-15T17:21:14.441+0000] {logging_mixin.py:190} INFO - [2025-02-15T17:21:14.441+0000] {dag.py:4180} INFO - Setting next_dagrun for consume_1_or_both_2_and_3_with_dataset_expressions to None, run_after=None
[2025-02-15T17:21:14.494+0000] {logging_mixin.py:190} INFO - [2025-02-15T17:21:14.493+0000] {dag.py:4180} INFO - Setting next_dagrun for dataset_consumes_1 to None, run_after=None
[2025-02-15T17:21:14.495+0000] {logging_mixin.py:190} INFO - [2025-02-15T17:21:14.495+0000] {dag.py:4180} INFO - Setting next_dagrun for dataset_consumes_1_and_2 to None, run_after=None
[2025-02-15T17:21:14.501+0000] {logging_mixin.py:190} INFO - [2025-02-15T17:21:14.497+0000] {dag.py:4180} INFO - Setting next_dagrun for dataset_consumes_1_never_scheduled to None, run_after=None
[2025-02-15T17:21:14.505+0000] {logging_mixin.py:190} INFO - [2025-02-15T17:21:14.505+0000] {dag.py:4180} INFO - Setting next_dagrun for dataset_consumes_unknown_never_scheduled to None, run_after=None
[2025-02-15T17:21:14.510+0000] {logging_mixin.py:190} INFO - [2025-02-15T17:21:14.508+0000] {dag.py:4180} INFO - Setting next_dagrun for dataset_produces_1 to 2025-02-14 00:00:00+00:00, run_after=2025-02-15 00:00:00+00:00
[2025-02-15T17:21:14.512+0000] {logging_mixin.py:190} INFO - [2025-02-15T17:21:14.512+0000] {dag.py:4180} INFO - Setting next_dagrun for dataset_produces_2 to None, run_after=None
[2025-02-15T17:21:14.597+0000] {processor.py:208} INFO - Processing /home/airflow/.local/lib/python3.12/site-packages/airflow/example_dags/example_datasets.py took 1.227 seconds
[2025-02-15T17:21:49.642+0000] {processor.py:186} INFO - Started process (PID=396) to work on /home/airflow/.local/lib/python3.12/site-packages/airflow/example_dags/example_datasets.py
[2025-02-15T17:21:49.643+0000] {processor.py:914} INFO - Processing file /home/airflow/.local/lib/python3.12/site-packages/airflow/example_dags/example_datasets.py for tasks to queue
[2025-02-15T17:21:49.659+0000] {logging_mixin.py:190} INFO - [2025-02-15T17:21:49.659+0000] {dagbag.py:588} INFO - Filling up the DagBag from /home/airflow/.local/lib/python3.12/site-packages/airflow/example_dags/example_datasets.py
[2025-02-15T17:21:50.495+0000] {processor.py:925} INFO - DAG(s) 'consume_1_or_both_2_and_3_with_dataset_expressions', 'conditional_dataset_and_time_based_timetable', 'dataset_consumes_unknown_never_scheduled', 'dataset_consumes_1_and_2', 'dataset_consumes_1', 'dataset_produces_1', 'consume_1_or_2_with_dataset_expressions', 'consume_1_and_2_with_dataset_expressions', 'dataset_consumes_1_never_scheduled', 'dataset_produces_2' retrieved from /home/airflow/.local/lib/python3.12/site-packages/airflow/example_dags/example_datasets.py
[2025-02-15T17:21:50.588+0000] {logging_mixin.py:190} INFO - [2025-02-15T17:21:50.587+0000] {dag.py:3239} INFO - Sync 10 DAGs
[2025-02-15T17:21:50.638+0000] {logging_mixin.py:190} INFO - [2025-02-15T17:21:50.638+0000] {dag.py:4180} INFO - Setting next_dagrun for conditional_dataset_and_time_based_timetable to 2025-02-12 01:00:00+00:00, run_after=2025-02-12 01:00:00+00:00
[2025-02-15T17:21:50.648+0000] {logging_mixin.py:190} INFO - [2025-02-15T17:21:50.648+0000] {dag.py:4180} INFO - Setting next_dagrun for consume_1_and_2_with_dataset_expressions to None, run_after=None
[2025-02-15T17:21:50.649+0000] {logging_mixin.py:190} INFO - [2025-02-15T17:21:50.649+0000] {dag.py:4180} INFO - Setting next_dagrun for consume_1_or_2_with_dataset_expressions to None, run_after=None
[2025-02-15T17:21:50.651+0000] {logging_mixin.py:190} INFO - [2025-02-15T17:21:50.651+0000] {dag.py:4180} INFO - Setting next_dagrun for consume_1_or_both_2_and_3_with_dataset_expressions to None, run_after=None
[2025-02-15T17:21:50.653+0000] {logging_mixin.py:190} INFO - [2025-02-15T17:21:50.653+0000] {dag.py:4180} INFO - Setting next_dagrun for dataset_consumes_1 to None, run_after=None
[2025-02-15T17:21:50.668+0000] {logging_mixin.py:190} INFO - [2025-02-15T17:21:50.668+0000] {dag.py:4180} INFO - Setting next_dagrun for dataset_consumes_1_and_2 to None, run_after=None
[2025-02-15T17:21:50.669+0000] {logging_mixin.py:190} INFO - [2025-02-15T17:21:50.669+0000] {dag.py:4180} INFO - Setting next_dagrun for dataset_consumes_1_never_scheduled to None, run_after=None
[2025-02-15T17:21:50.670+0000] {logging_mixin.py:190} INFO - [2025-02-15T17:21:50.670+0000] {dag.py:4180} INFO - Setting next_dagrun for dataset_consumes_unknown_never_scheduled to None, run_after=None
[2025-02-15T17:21:50.673+0000] {logging_mixin.py:190} INFO - [2025-02-15T17:21:50.673+0000] {dag.py:4180} INFO - Setting next_dagrun for dataset_produces_1 to 2025-02-14 00:00:00+00:00, run_after=2025-02-15 00:00:00+00:00
[2025-02-15T17:21:50.674+0000] {logging_mixin.py:190} INFO - [2025-02-15T17:21:50.674+0000] {dag.py:4180} INFO - Setting next_dagrun for dataset_produces_2 to None, run_after=None
[2025-02-15T17:21:50.765+0000] {processor.py:208} INFO - Processing /home/airflow/.local/lib/python3.12/site-packages/airflow/example_dags/example_datasets.py took 1.137 seconds
[2025-02-15T17:22:21.299+0000] {processor.py:186} INFO - Started process (PID=454) to work on /home/airflow/.local/lib/python3.12/site-packages/airflow/example_dags/example_datasets.py
[2025-02-15T17:22:21.300+0000] {processor.py:914} INFO - Processing file /home/airflow/.local/lib/python3.12/site-pa