[2025-02-15T17:17:32.176+0000] {processor.py:186} INFO - Started process (PID=73) to work on /home/airflow/.local/lib/python3.12/site-packages/airflow/example_dags/tutorial_taskflow_api_virtualenv.py
[2025-02-15T17:17:32.180+0000] {processor.py:914} INFO - Processing file /home/airflow/.local/lib/python3.12/site-packages/airflow/example_dags/tutorial_taskflow_api_virtualenv.py for tasks to queue
[2025-02-15T17:17:32.182+0000] {logging_mixin.py:190} INFO - [2025-02-15T17:17:32.182+0000] {dagbag.py:588} INFO - Filling up the DagBag from /home/airflow/.local/lib/python3.12/site-packages/airflow/example_dags/tutorial_taskflow_api_virtualenv.py
[2025-02-15T17:17:32.199+0000] {processor.py:925} INFO - DAG(s) 'tutorial_taskflow_api_virtualenv' retrieved from /home/airflow/.local/lib/python3.12/site-packages/airflow/example_dags/tutorial_taskflow_api_virtualenv.py
[2025-02-15T17:17:32.509+0000] {logging_mixin.py:190} INFO - [2025-02-15T17:17:32.508+0000] {dag.py:3239} INFO - Sync 1 DAGs
[2025-02-15T17:17:33.067+0000] {logging_mixin.py:190} INFO - [2025-02-15T17:17:33.066+0000] {dag.py:4180} INFO - Setting next_dagrun for tutorial_taskflow_api_virtualenv to None, run_after=None
[2025-02-15T17:17:33.200+0000] {processor.py:208} INFO - Processing /home/airflow/.local/lib/python3.12/site-packages/airflow/example_dags/tutorial_taskflow_api_virtualenv.py took 1.039 seconds
[2025-02-15T17:19:15.783+0000] {processor.py:186} INFO - Started process (PID=131) to work on /home/airflow/.local/lib/python3.12/site-packages/airflow/example_dags/tutorial_taskflow_api_virtualenv.py
[2025-02-15T17:19:15.784+0000] {processor.py:914} INFO - Processing file /home/airflow/.local/lib/python3.12/site-packages/airflow/example_dags/tutorial_taskflow_api_virtualenv.py for tasks to queue
[2025-02-15T17:19:15.788+0000] {logging_mixin.py:190} INFO - [2025-02-15T17:19:15.787+0000] {dagbag.py:588} INFO - Filling up the DagBag from /home/airflow/.local/lib/python3.12/site-packages/airflow/example_dags/tutorial_taskflow_api_virtualenv.py
[2025-02-15T17:19:15.894+0000] {processor.py:925} INFO - DAG(s) 'tutorial_taskflow_api_virtualenv' retrieved from /home/airflow/.local/lib/python3.12/site-packages/airflow/example_dags/tutorial_taskflow_api_virtualenv.py
[2025-02-15T17:19:15.928+0000] {logging_mixin.py:190} INFO - [2025-02-15T17:19:15.927+0000] {dag.py:3239} INFO - Sync 1 DAGs
[2025-02-15T17:19:15.952+0000] {logging_mixin.py:190} INFO - [2025-02-15T17:19:15.952+0000] {dag.py:4180} INFO - Setting next_dagrun for tutorial_taskflow_api_virtualenv to None, run_after=None
[2025-02-15T17:19:16.450+0000] {processor.py:208} INFO - Processing /home/airflow/.local/lib/python3.12/site-packages/airflow/example_dags/tutorial_taskflow_api_virtualenv.py took 0.674 seconds
[2025-02-15T17:19:53.151+0000] {processor.py:186} INFO - Started process (PID=198) to work on /home/airflow/.local/lib/python3.12/site-packages/airflow/example_dags/tutorial_taskflow_api_virtualenv.py
[2025-02-15T17:19:53.153+0000] {processor.py:914} INFO - Processing file /home/airflow/.local/lib/python3.12/site-packages/airflow/example_dags/tutorial_taskflow_api_virtualenv.py for tasks to queue
[2025-02-15T17:19:53.160+0000] {logging_mixin.py:190} INFO - [2025-02-15T17:19:53.159+0000] {dagbag.py:588} INFO - Filling up the DagBag from /home/airflow/.local/lib/python3.12/site-packages/airflow/example_dags/tutorial_taskflow_api_virtualenv.py
[2025-02-15T17:19:53.198+0000] {processor.py:925} INFO - DAG(s) 'tutorial_taskflow_api_virtualenv' retrieved from /home/airflow/.local/lib/python3.12/site-packages/airflow/example_dags/tutorial_taskflow_api_virtualenv.py
[2025-02-15T17:19:53.245+0000] {logging_mixin.py:190} INFO - [2025-02-15T17:19:53.244+0000] {dag.py:3239} INFO - Sync 1 DAGs
[2025-02-15T17:19:53.272+0000] {logging_mixin.py:190} INFO - [2025-02-15T17:19:53.272+0000] {dag.py:4180} INFO - Setting next_dagrun for tutorial_taskflow_api_virtualenv to None, run_after=None
[2025-02-15T17:19:53.339+0000] {processor.py:208} INFO - Processing /home/airflow/.local/lib/python3.12/site-packages/airflow/example_dags/tutorial_taskflow_api_virtualenv.py took 0.207 seconds
[2025-02-15T17:20:24.158+0000] {processor.py:186} INFO - Started process (PID=256) to work on /home/airflow/.local/lib/python3.12/site-packages/airflow/example_dags/tutorial_taskflow_api_virtualenv.py
[2025-02-15T17:20:24.163+0000] {processor.py:914} INFO - Processing file /home/airflow/.local/lib/python3.12/site-packages/airflow/example_dags/tutorial_taskflow_api_virtualenv.py for tasks to queue
[2025-02-15T17:20:24.166+0000] {logging_mixin.py:190} INFO - [2025-02-15T17:20:24.165+0000] {dagbag.py:588} INFO - Filling up the DagBag from /home/airflow/.local/lib/python3.12/site-packages/airflow/example_dags/tutorial_taskflow_api_virtualenv.py
[2025-02-15T17:20:24.232+0000] {processor.py:925} INFO - DAG(s) 'tutorial_taskflow_api_virtualenv' retrieved from /home/airflow/.local/lib/python3.12/site-packages/airflow/example_dags/tutorial_taskflow_api_virtualenv.py
[2025-02-15T17:20:24.361+0000] {logging_mixin.py:190} INFO - [2025-02-15T17:20:24.360+0000] {dag.py:3239} INFO - Sync 1 DAGs
[2025-02-15T17:20:24.448+0000] {logging_mixin.py:190} INFO - [2025-02-15T17:20:24.447+0000] {dag.py:4180} INFO - Setting next_dagrun for tutorial_taskflow_api_virtualenv to None, run_after=None
[2025-02-15T17:20:24.722+0000] {processor.py:208} INFO - Processing /home/airflow/.local/lib/python3.12/site-packages/airflow/example_dags/tutorial_taskflow_api_virtualenv.py took 0.603 seconds
[2025-02-15T17:20:57.161+0000] {processor.py:186} INFO - Started process (PID=314) to work on /home/airflow/.local/lib/python3.12/site-packages/airflow/example_dags/tutorial_taskflow_api_virtualenv.py
[2025-02-15T17:20:57.163+0000] {processor.py:914} INFO - Processing file /home/airflow/.local/lib/python3.12/site-packages/airflow/example_dags/tutorial_taskflow_api_virtualenv.py for tasks to queue
[2025-02-15T17:20:57.173+0000] {logging_mixin.py:190} INFO - [2025-02-15T17:20:57.171+0000] {dagbag.py:588} INFO - Filling up the DagBag from /home/airflow/.local/lib/python3.12/site-packages/airflow/example_dags/tutorial_taskflow_api_virtualenv.py
[2025-02-15T17:20:57.202+0000] {processor.py:925} INFO - DAG(s) 'tutorial_taskflow_api_virtualenv' retrieved from /home/airflow/.local/lib/python3.12/site-packages/airflow/example_dags/tutorial_taskflow_api_virtualenv.py
[2025-02-15T17:20:57.315+0000] {logging_mixin.py:190} INFO - [2025-02-15T17:20:57.314+0000] {dag.py:3239} INFO - Sync 1 DAGs
[2025-02-15T17:20:57.363+0000] {logging_mixin.py:190} INFO - [2025-02-15T17:20:57.363+0000] {dag.py:4180} INFO - Setting next_dagrun for tutorial_taskflow_api_virtualenv to None, run_after=None
[2025-02-15T17:20:58.574+0000] {processor.py:208} INFO - Processing /home/airflow/.local/lib/python3.12/site-packages/airflow/example_dags/tutorial_taskflow_api_virtualenv.py took 1.456 seconds
[2025-02-15T17:21:28.862+0000] {processor.py:186} INFO - Started process (PID=372) to work on /home/airflow/.local/lib/python3.12/site-packages/airflow/example_dags/tutorial_taskflow_api_virtualenv.py
[2025-02-15T17:21:28.863+0000] {processor.py:914} INFO - Processing file /home/airflow/.local/lib/python3.12/site-packages/airflow/example_dags/tutorial_taskflow_api_virtualenv.py for tasks to queue
[2025-02-15T17:21:28.866+0000] {logging_mixin.py:190} INFO - [2025-02-15T17:21:28.866+0000] {dagbag.py:588} INFO - Filling up the DagBag from /home/airflow/.local/lib/python3.12/site-packages/airflow/example_dags/tutorial_taskflow_api_virtualenv.py
[2025-02-15T17:21:28.876+0000] {processor.py:925} INFO - DAG(s) 'tutorial_taskflow_api_virtualenv' retrieved from /home/airflow/.local/lib/python3.12/site-packages/airflow/example_dags/tutorial_taskflow_api_virtualenv.py
[2025-02-15T17:21:28.912+0000] {logging_mixin.py:190} INFO - [2025-02-15T17:21:28.911+0000] {dag.py:3239} INFO - Sync 1 DAGs
[2025-02-15T17:21:28.924+0000] {logging_mixin.py:190} INFO - [2025-02-15T17:21:28.924+0000] {dag.py:4180} INFO - Setting next_dagrun for tutorial_taskflow_api_virtualenv to None, run_after=None
[2025-02-15T17:21:28.956+0000] {processor.py:208} INFO - Processing /home/airflow/.local/lib/python3.12/site-packages/airflow/example_dags/tutorial_taskflow_api_virtualenv.py took 0.104 seconds
[2025-02-15T17:22:05.541+0000] {processor.py:186} INFO - Started process (PID=430) to work on /home/airflow/.local/lib/python3.12/site-packages/airflow/example_dags/tutorial_taskflow_api_virtualenv.py
[2025-02-15T17:22:05.546+0000] {processor.py:914} INFO - Processing file /home/airflow/.local/lib/python3.12/site-packages/airflow/example_dags/tutorial_taskflow_api_virtualenv.py for tasks to queue
[2025-02-15T17:22:05.551+0000] {logging_mixin.py:190} INFO - [2025-02-15T17:22:05.550+0000] {dagbag.py:588} INFO - Filling up the DagBag from /home/airflow/.local/lib/python3.12/site-packages/airflow/example_dags/tutorial_taskflow_api_virtualenv.py
[2025-02-15T17:22:05.649+0000] {processor.py:925} INFO - DAG(s) 'tutorial_taskflow_api_virtualenv' retrieved from /home/airflow/.local/lib/python3.12/site-packages/airflow/example_dags/tutorial_taskflow_api_virtualenv.py
[2025-02-15T17:22:05.716+0000] {logging_mixin.py:190} INFO - [2025-02-15T17:22:05.715+0000] {dag.py:3239} INFO - Sync 1 DAGs
[2025-02-15T17:22:05.772+0000] {logging_mixin.py:190} INFO - [2025-02-15T17:22:05.772+0000] {dag.py:4180} INFO - Setting next_dagrun for tutorial_taskflow_api_virtualenv to None, run_after=None
[2025-02-15T17:22:05.845+0000] {processor.py:208} INFO - Processing /home/airflow/.local/lib/python3.12/site-packages/airflow/example_dags/tutorial_taskflow_api_virtualenv.py took 0.319 seconds
[2025-02-15T17:22:43.787+0000] {processor.py:186} INFO - Started process (PID=492) to work on /home/airflow/.local/lib/python3.12/site-packages/airflow/example_dags/tutorial_taskflow_api_virtualenv.py
[2025-02-15T17:22:43.798+0000] {processor.py:914} INFO - Processing file /home/airflow/.local/lib/python3.12/site-packages/airflow/example_dags/tutorial_taskflow_api_virtualenv.py for tasks to queue
[2025-02-15T17:22:43.804+0000] {logging_mixin.py:190} INFO - [2025-02-15T17:22:43.803+0000] {dagbag.py:588} INFO - Filling up the DagBag from /home/airflow/.local/lib/python3.12/site-packages/airflow/example_dags/tutorial_taskflow_api_virtualenv.py
[2025-02-15T17:22:44.338+0000] {processor.py:925} INFO - DAG(s) 'tutorial_taskflow_api_virtualenv' retrieved from /home/airflow/.local/lib/python3.12/site-packages/airflow/example_dags/tutorial_taskflow_api_virtualenv.py
[2025-02-15T17:22:44.398+0000] {logging_mixin.py:190} INFO - [2025-02-15T17:22:44.397+0000] {dag.py:3239} INFO - Sync 1 DAGs
[2025-02-15T17:22:44.439+0000] {logging_mixin.py:190} INFO - [2025-02-15T17:22:44.439+0000] {dag.py:4180} INFO - Setting next_dagrun for tutorial_taskflow_api_virtualenv to None, run_after=None
[2025-02-15T17:22:44.497+0000] {processor.py:208} INFO - Processing /home/airflow/.local/lib/python3.12/site-packages/airflow/example_dags/tutorial_taskflow_api_virtualenv.py took 0.734 seconds
[2025-02-15T17:23:43.041+0000] {processor.py:186} INFO - Started process (PID=585) to work on /home/airflow/.local/lib/python3.12/site-packages/airflow/example_dags/tutorial_taskflow_api_virtualenv.py
[2025-02-15T17:23:43.050+0000] {processor.py:914} INFO - Processing file /home/airflow/.local/lib/python3.12/site-packages/airflow/example_dags/tutorial_taskflow_api_virtualenv.py for tasks to queue
[2025-02-15T17:23:43.054+0000] {logging_mixin.py:190} INFO - [2025-02-15T17:23:43.053+0000] {dagbag.py:588} INFO - Filling up the DagBag from /home/airflow/.local/lib/python3.12/site-packages/airflow/example_dags/tutorial_taskflow_api_virtualenv.py
[2025-02-15T17:23:43.075+0000] {processor.py:925} INFO - DAG(s) 'tutorial_taskflow_api_virtualenv' retrieved from /home/airflow/.local/lib/python3.12/site-packages/airflow/example_dags/tutorial_taskflow_api_virtualenv.py
[2025-02-15T17:23:43.156+0000] {logging_mixin.py:190} INFO - [2025-02-15T17:23:43.156+0000] {dag.py:3239} INFO - Sync 1 DAGs
[2025-02-15T17:23:43.218+0000] {logging_mixin.py:190} INFO - [2025-02-15T17:23:43.218+0000] {dag.py:4180} INFO - Setting next_dagrun for tutorial_taskflow_api_virtualenv to None, run_after=None
[2025-02-15T17:23:43.263+0000] {proc