[2025-02-15T17:17:17.256+0000] {processor.py:186} INFO - Started process (PID=43) to work on /home/airflow/.local/lib/python3.12/site-packages/airflow/example_dags/tutorial_dag.py
[2025-02-15T17:17:17.259+0000] {processor.py:914} INFO - Processing file /home/airflow/.local/lib/python3.12/site-packages/airflow/example_dags/tutorial_dag.py for tasks to queue
[2025-02-15T17:17:17.269+0000] {logging_mixin.py:190} INFO - [2025-02-15T17:17:17.268+0000] {dagbag.py:588} INFO - Filling up the DagBag from /home/airflow/.local/lib/python3.12/site-packages/airflow/example_dags/tutorial_dag.py
[2025-02-15T17:17:17.281+0000] {processor.py:925} INFO - DAG(s) 'tutorial_dag' retrieved from /home/airflow/.local/lib/python3.12/site-packages/airflow/example_dags/tutorial_dag.py
[2025-02-15T17:17:17.405+0000] {logging_mixin.py:190} INFO - [2025-02-15T17:17:17.402+0000] {dag.py:3239} INFO - Sync 1 DAGs
[2025-02-15T17:17:17.459+0000] {logging_mixin.py:190} INFO - [2025-02-15T17:17:17.458+0000] {dag.py:4180} INFO - Setting next_dagrun for tutorial_dag to None, run_after=None
[2025-02-15T17:17:17.600+0000] {processor.py:208} INFO - Processing /home/airflow/.local/lib/python3.12/site-packages/airflow/example_dags/tutorial_dag.py took 0.374 seconds
[2025-02-15T17:18:05.527+0000] {processor.py:186} INFO - Started process (PID=100) to work on /home/airflow/.local/lib/python3.12/site-packages/airflow/example_dags/tutorial_dag.py
[2025-02-15T17:18:05.541+0000] {processor.py:914} INFO - Processing file /home/airflow/.local/lib/python3.12/site-packages/airflow/example_dags/tutorial_dag.py for tasks to queue
[2025-02-15T17:18:05.546+0000] {logging_mixin.py:190} INFO - [2025-02-15T17:18:05.544+0000] {dagbag.py:588} INFO - Filling up the DagBag from /home/airflow/.local/lib/python3.12/site-packages/airflow/example_dags/tutorial_dag.py
[2025-02-15T17:18:05.580+0000] {processor.py:925} INFO - DAG(s) 'tutorial_dag' retrieved from /home/airflow/.local/lib/python3.12/site-packages/airflow/example_dags/tutorial_dag.py
[2025-02-15T17:18:05.626+0000] {logging_mixin.py:190} INFO - [2025-02-15T17:18:05.626+0000] {dag.py:3239} INFO - Sync 1 DAGs
[2025-02-15T17:18:05.655+0000] {logging_mixin.py:190} INFO - [2025-02-15T17:18:05.655+0000] {dag.py:4180} INFO - Setting next_dagrun for tutorial_dag to None, run_after=None
[2025-02-15T17:18:06.147+0000] {processor.py:208} INFO - Processing /home/airflow/.local/lib/python3.12/site-packages/airflow/example_dags/tutorial_dag.py took 0.629 seconds
[2025-02-15T17:19:21.202+0000] {processor.py:186} INFO - Started process (PID=151) to work on /home/airflow/.local/lib/python3.12/site-packages/airflow/example_dags/tutorial_dag.py
[2025-02-15T17:19:21.217+0000] {processor.py:914} INFO - Processing file /home/airflow/.local/lib/python3.12/site-packages/airflow/example_dags/tutorial_dag.py for tasks to queue
[2025-02-15T17:19:21.220+0000] {logging_mixin.py:190} INFO - [2025-02-15T17:19:21.219+0000] {dagbag.py:588} INFO - Filling up the DagBag from /home/airflow/.local/lib/python3.12/site-packages/airflow/example_dags/tutorial_dag.py
[2025-02-15T17:19:21.256+0000] {processor.py:925} INFO - DAG(s) 'tutorial_dag' retrieved from /home/airflow/.local/lib/python3.12/site-packages/airflow/example_dags/tutorial_dag.py
[2025-02-15T17:19:21.302+0000] {logging_mixin.py:190} INFO - [2025-02-15T17:19:21.302+0000] {dag.py:3239} INFO - Sync 1 DAGs
[2025-02-15T17:19:21.344+0000] {logging_mixin.py:190} INFO - [2025-02-15T17:19:21.344+0000] {dag.py:4180} INFO - Setting next_dagrun for tutorial_dag to None, run_after=None
[2025-02-15T17:19:21.399+0000] {processor.py:208} INFO - Processing /home/airflow/.local/lib/python3.12/site-packages/airflow/example_dags/tutorial_dag.py took 0.219 seconds
[2025-02-15T17:19:58.380+0000] {processor.py:186} INFO - Started process (PID=209) to work on /home/airflow/.local/lib/python3.12/site-packages/airflow/example_dags/tutorial_dag.py
[2025-02-15T17:19:58.389+0000] {processor.py:914} INFO - Processing file /home/airflow/.local/lib/python3.12/site-packages/airflow/example_dags/tutorial_dag.py for tasks to queue
[2025-02-15T17:19:58.392+0000] {logging_mixin.py:190} INFO - [2025-02-15T17:19:58.391+0000] {dagbag.py:588} INFO - Filling up the DagBag from /home/airflow/.local/lib/python3.12/site-packages/airflow/example_dags/tutorial_dag.py
[2025-02-15T17:19:58.414+0000] {processor.py:925} INFO - DAG(s) 'tutorial_dag' retrieved from /home/airflow/.local/lib/python3.12/site-packages/airflow/example_dags/tutorial_dag.py
[2025-02-15T17:19:58.484+0000] {logging_mixin.py:190} INFO - [2025-02-15T17:19:58.483+0000] {dag.py:3239} INFO - Sync 1 DAGs
[2025-02-15T17:19:58.571+0000] {logging_mixin.py:190} INFO - [2025-02-15T17:19:58.571+0000] {dag.py:4180} INFO - Setting next_dagrun for tutorial_dag to None, run_after=None
[2025-02-15T17:19:58.712+0000] {processor.py:208} INFO - Processing /home/airflow/.local/lib/python3.12/site-packages/airflow/example_dags/tutorial_dag.py took 0.341 seconds
[2025-02-15T17:20:29.092+0000] {processor.py:186} INFO - Started process (PID=267) to work on /home/airflow/.local/lib/python3.12/site-packages/airflow/example_dags/tutorial_dag.py
[2025-02-15T17:20:29.097+0000] {processor.py:914} INFO - Processing file /home/airflow/.local/lib/python3.12/site-packages/airflow/example_dags/tutorial_dag.py for tasks to queue
[2025-02-15T17:20:29.100+0000] {logging_mixin.py:190} INFO - [2025-02-15T17:20:29.100+0000] {dagbag.py:588} INFO - Filling up the DagBag from /home/airflow/.local/lib/python3.12/site-packages/airflow/example_dags/tutorial_dag.py
[2025-02-15T17:20:29.126+0000] {processor.py:925} INFO - DAG(s) 'tutorial_dag' retrieved from /home/airflow/.local/lib/python3.12/site-packages/airflow/example_dags/tutorial_dag.py
[2025-02-15T17:20:29.192+0000] {logging_mixin.py:190} INFO - [2025-02-15T17:20:29.189+0000] {dag.py:3239} INFO - Sync 1 DAGs
[2025-02-15T17:20:29.249+0000] {logging_mixin.py:190} INFO - [2025-02-15T17:20:29.249+0000] {dag.py:4180} INFO - Setting next_dagrun for tutorial_dag to None, run_after=None
[2025-02-15T17:20:29.333+0000] {processor.py:208} INFO - Processing /home/airflow/.local/lib/python3.12/site-packages/airflow/example_dags/tutorial_dag.py took 0.254 seconds
[2025-02-15T17:21:03.195+0000] {processor.py:186} INFO - Started process (PID=323) to work on /home/airflow/.local/lib/python3.12/site-packages/airflow/example_dags/tutorial_dag.py
[2025-02-15T17:21:03.201+0000] {processor.py:914} INFO - Processing file /home/airflow/.local/lib/python3.12/site-packages/airflow/example_dags/tutorial_dag.py for tasks to queue
[2025-02-15T17:21:03.209+0000] {logging_mixin.py:190} INFO - [2025-02-15T17:21:03.209+0000] {dagbag.py:588} INFO - Filling up the DagBag from /home/airflow/.local/lib/python3.12/site-packages/airflow/example_dags/tutorial_dag.py
[2025-02-15T17:21:03.241+0000] {processor.py:925} INFO - DAG(s) 'tutorial_dag' retrieved from /home/airflow/.local/lib/python3.12/site-packages/airflow/example_dags/tutorial_dag.py
[2025-02-15T17:21:03.320+0000] {logging_mixin.py:190} INFO - [2025-02-15T17:21:03.319+0000] {dag.py:3239} INFO - Sync 1 DAGs
[2025-02-15T17:21:04.414+0000] {logging_mixin.py:190} INFO - [2025-02-15T17:21:04.413+0000] {dag.py:4180} INFO - Setting next_dagrun for tutorial_dag to None, run_after=None
[2025-02-15T17:21:07.125+0000] {processor.py:208} INFO - Processing /home/airflow/.local/lib/python3.12/site-packages/airflow/example_dags/tutorial_dag.py took 3.973 seconds
[2025-02-15T17:21:37.705+0000] {processor.py:186} INFO - Started process (PID=381) to work on /home/airflow/.local/lib/python3.12/site-packages/airflow/example_dags/tutorial_dag.py
[2025-02-15T17:21:37.706+0000] {processor.py:914} INFO - Processing file /home/airflow/.local/lib/python3.12/site-packages/airflow/example_dags/tutorial_dag.py for tasks to queue
[2025-02-15T17:21:37.716+0000] {logging_mixin.py:190} INFO - [2025-02-15T17:21:37.710+0000] {dagbag.py:588} INFO - Filling up the DagBag from /home/airflow/.local/lib/python3.12/site-packages/airflow/example_dags/tutorial_dag.py
[2025-02-15T17:21:37.739+0000] {processor.py:925} INFO - DAG(s) 'tutorial_dag' retrieved from /home/airflow/.local/lib/python3.12/site-packages/airflow/example_dags/tutorial_dag.py
[2025-02-15T17:21:37.800+0000] {logging_mixin.py:190} INFO - [2025-02-15T17:21:37.799+0000] {dag.py:3239} INFO - Sync 1 DAGs
[2025-02-15T17:21:37.970+0000] {logging_mixin.py:190} INFO - [2025-02-15T17:21:37.970+0000] {dag.py:4180} INFO - Setting next_dagrun for tutorial_dag to None, run_after=None
[2025-02-15T17:21:40.988+0000] {processor.py:208} INFO - Processing /home/airflow/.local/lib/python3.12/site-packages/airflow/example_dags/tutorial_dag.py took 3.326 seconds
[2025-02-15T17:22:11.683+0000] {processor.py:186} INFO - Started process (PID=439) to work on /home/airflow/.local/lib/python3.12/site-packages/airflow/example_dags/tutorial_dag.py
[2025-02-15T17:22:12.104+0000] {processor.py:914} INFO - Processing file /home/airflow/.local/lib/python3.12/site-packages/airflow/example_dags/tutorial_dag.py for tasks to queue
[2025-02-15T17:22:12.117+0000] {logging_mixin.py:190} INFO - [2025-02-15T17:22:12.114+0000] {dagbag.py:588} INFO - Filling up the DagBag from /home/airflow/.local/lib/python3.12/site-packages/airflow/example_dags/tutorial_dag.py
[2025-02-15T17:22:12.146+0000] {processor.py:925} INFO - DAG(s) 'tutorial_dag' retrieved from /home/airflow/.local/lib/python3.12/site-packages/airflow/example_dags/tutorial_dag.py
[2025-02-15T17:22:12.214+0000] {logging_mixin.py:190} INFO - [2025-02-15T17:22:12.210+0000] {dag.py:3239} INFO - Sync 1 DAGs
[2025-02-15T17:22:12.261+0000] {logging_mixin.py:190} INFO - [2025-02-15T17:22:12.261+0000] {dag.py:4180} INFO - Setting next_dagrun for tutorial_dag to None, run_after=None
[2025-02-15T17:22:12.309+0000] {processor.py:208} INFO - Processing /home/airflow/.local/lib/python3.12/site-packages/airflow/example_dags/tutorial_dag.py took 0.636 seconds
[2025-02-15T17:22:45.655+0000] {processor.py:186} INFO - Started process (PID=495) to work on /home/airflow/.local/lib/python3.12/site-packages/airflow/example_dags/tutorial_dag.py
[2025-02-15T17:22:45.659+0000] {processor.py:914} INFO - Processing file /home/airflow/.local/lib/python3.12/site-packages/airflow/example_dags/tutorial_dag.py for tasks to queue
[2025-02-15T17:22:45.666+0000] {logging_mixin.py:190} INFO - [2025-02-15T17:22:45.666+0000] {dagbag.py:588} INFO - Filling up the DagBag from /home/airflow/.local/lib/python3.12/site-packages/airflow/example_dags/tutorial_dag.py
[2025-02-15T17:22:45.701+0000] {processor.py:925} INFO - DAG(s) 'tutorial_dag' retrieved from /home/airflow/.local/lib/python3.12/site-packages/airflow/example_dags/tutorial_dag.py
[2025-02-15T17:22:46.401+0000] {logging_mixin.py:190} INFO - [2025-02-15T17:22:46.400+0000] {dag.py:3239} INFO - Sync 1 DAGs
[2025-02-15T17:22:46.502+0000] {logging_mixin.py:190} INFO - [2025-02-15T17:22:46.501+0000] {dag.py:4180} INFO - Setting next_dagrun for tutorial_dag to None, run_after=None
[2025-02-15T17:22:46.613+0000] {processor.py:208} INFO - Processing /home/airflow/.local/lib/python3.12/site-packages/airflow/example_dags/tutorial_dag.py took 1.020 seconds
[2025-02-15T17:23:23.746+0000] {processor.py:186} INFO - Started process (PID=555) to work on /home/airflow/.local/lib/python3.12/site-packages/airflow/example_dags/tutorial_dag.py
[2025-02-15T17:23:23.756+0000] {processor.py:914} INFO - Processing file /home/airflow/.local/lib/python3.12/site-packages/airflow/example_dags/tutorial_dag.py for tasks to queue
[2025-02-15T17:23:23.759+0000] {logging_mixin.py:190} INFO - [2025-02-15T17:23:23.759+0000] {dagbag.py:588} INFO - Filling up the DagBag from /home/airflow/.local/lib/python3.12/site-packages/airflow/example_dags/tutorial_dag.py
[2025-02-15T17:23:23.766+0000] {processor.py:925} INFO - DAG(s) 'tutorial_dag' retrieved from /home/airflow/.local/lib/python3.12/site-packages/airflow/example_dags/tutorial_dag.py
[2025-02-15T17:23:23.856+0000] {logging_mixin.py:190} INFO - [2025-02-15T17:23:23.855+0000] {dag.py:3239} INFO - Sync 1 DAGs
[2025-02-15T17:23:23.887+0000] {logging_mixin.py:190} INFO - [2025-02-15T17:23:23.886+0000] {dag.py:4180} INFO - Setting next_dagrun for tutorial_dag to None, run_after=None
[2025-02-15T17:23:23.921+0000] {p