[2025-02-12T23:37:09.454+0000] {local_task_job_runner.py:123} INFO - ::group::Pre task execution logs
[2025-02-12T23:37:09.492+0000] {taskinstance.py:2614} INFO - Dependencies all met for dep_context=non-requeueable deps ti=<TaskInstance: zip_csv_ingestion.extract_csv manual__2025-02-12T23:35:50.048760+00:00 [queued]>
[2025-02-12T23:37:09.519+0000] {taskinstance.py:2614} INFO - Dependencies all met for dep_context=requeueable deps ti=<TaskInstance: zip_csv_ingestion.extract_csv manual__2025-02-12T23:35:50.048760+00:00 [queued]>
[2025-02-12T23:37:09.520+0000] {taskinstance.py:2867} INFO - Starting attempt 1 of 2
[2025-02-12T23:37:09.598+0000] {taskinstance.py:2890} INFO - Executing <Task(PythonOperator): extract_csv> on 2025-02-12 23:35:50.048760+00:00
[2025-02-12T23:37:09.625+0000] {warnings.py:112} WARNING - /home/***/.local/lib/python3.12/site-packages/***/task/task_runner/standard_task_runner.py:70: DeprecationWarning: This process (pid=50) is multi-threaded, use of fork() may lead to deadlocks in the child.
  pid = os.fork()

[2025-02-12T23:37:09.635+0000] {standard_task_runner.py:72} INFO - Started process 52 to run task
[2025-02-12T23:37:09.637+0000] {standard_task_runner.py:104} INFO - Running: ['***', 'tasks', 'run', 'zip_csv_ingestion', 'extract_csv', 'manual__2025-02-12T23:35:50.048760+00:00', '--job-id', '43', '--raw', '--subdir', 'DAGS_FOLDER/csv_to_gcs.py', '--cfg-path', '/tmp/tmpld9nbacp']
[2025-02-12T23:37:09.646+0000] {standard_task_runner.py:105} INFO - Job 43: Subtask extract_csv
[2025-02-12T23:37:09.741+0000] {task_command.py:467} INFO - Running <TaskInstance: zip_csv_ingestion.extract_csv manual__2025-02-12T23:35:50.048760+00:00 [running]> on host a372cb7e503c
[2025-02-12T23:37:09.880+0000] {taskinstance.py:3134} INFO - Exporting env vars: AIRFLOW_CTX_DAG_OWNER='***' AIRFLOW_CTX_DAG_ID='zip_csv_ingestion' AIRFLOW_CTX_TASK_ID='extract_csv' AIRFLOW_CTX_EXECUTION_DATE='2025-02-12T23:35:50.048760+00:00' AIRFLOW_CTX_TRY_NUMBER='1' AIRFLOW_CTX_DAG_RUN_ID='manual__2025-02-12T23:35:50.048760+00:00'
[2025-02-12T23:37:09.881+0000] {logging_mixin.py:190} INFO - Task instance is in running state
[2025-02-12T23:37:09.882+0000] {logging_mixin.py:190} INFO -  Previous state of the Task instance: queued
[2025-02-12T23:37:09.882+0000] {logging_mixin.py:190} INFO - Current task name:extract_csv state:running start_date:2025-02-12 23:37:09.493172+00:00
[2025-02-12T23:37:09.883+0000] {logging_mixin.py:190} INFO - Dag name:zip_csv_ingestion and current dag run status:running
[2025-02-12T23:37:09.883+0000] {taskinstance.py:732} INFO - ::endgroup::
[2025-02-12T23:40:33.245+0000] {logging_mixin.py:190} INFO - Extracted CSV saved at: /tmp/dataset.csv
[2025-02-12T23:40:33.285+0000] {python.py:240} INFO - Done. Returned value was: None
[2025-02-12T23:40:33.297+0000] {taskinstance.py:341} INFO - ::group::Post task execution logs
[2025-02-12T23:40:33.298+0000] {taskinstance.py:353} INFO - Marking task as SUCCESS. dag_id=zip_csv_ingestion, task_id=extract_csv, run_id=manual__2025-02-12T23:35:50.048760+00:00, execution_date=20250212T233550, start_date=20250212T233709, end_date=20250212T234033
[2025-02-12T23:40:33.347+0000] {logging_mixin.py:190} INFO - Task instance in success state
[2025-02-12T23:40:33.348+0000] {logging_mixin.py:190} INFO -  Previous state of the Task instance: running
[2025-02-12T23:40:33.348+0000] {logging_mixin.py:190} INFO - Dag name:zip_csv_ingestion queued_at:2025-02-12 23:35:50.067847+00:00
[2025-02-12T23:40:33.348+0000] {logging_mixin.py:190} INFO - Task hostname:a372cb7e503c operator:PythonOperator
[2025-02-12T23:40:33.390+0000] {local_task_job_runner.py:266} INFO - Task exited with return code 0
[2025-02-12T23:40:33.417+0000] {taskinstance.py:3901} INFO - 1 downstream tasks scheduled from follow-on schedule check
[2025-02-12T23:40:33.428+0000] {local_task_job_runner.py:245} INFO - ::endgroup::
