[2025-02-13T00:00:19.465+0000] {processor.py:186} INFO - Started process (PID=146) to work on /opt/airflow/dags/csv_to_gcs.py
[2025-02-13T00:00:19.466+0000] {processor.py:914} INFO - Processing file /opt/airflow/dags/csv_to_gcs.py for tasks to queue
[2025-02-13T00:00:19.478+0000] {logging_mixin.py:190} INFO - [2025-02-13T00:00:19.477+0000] {dagbag.py:588} INFO - Filling up the DagBag from /opt/airflow/dags/csv_to_gcs.py
[2025-02-13T00:00:19.536+0000] {processor.py:925} INFO - DAG(s) 'zip_csv_ingestion' retrieved from /opt/airflow/dags/csv_to_gcs.py
[2025-02-13T00:00:19.584+0000] {logging_mixin.py:190} INFO - [2025-02-13T00:00:19.584+0000] {dag.py:3239} INFO - Sync 1 DAGs
[2025-02-13T00:00:19.651+0000] {logging_mixin.py:190} INFO - [2025-02-13T00:00:19.651+0000] {dag.py:4180} INFO - Setting next_dagrun for zip_csv_ingestion to 2025-02-13 00:00:00+00:00, run_after=2025-02-14 00:00:00+00:00
[2025-02-13T00:00:20.388+0000] {processor.py:208} INFO - Processing /opt/airflow/dags/csv_to_gcs.py took 0.953 seconds
[2025-02-13T00:01:16.818+0000] {processor.py:186} INFO - Started process (PID=204) to work on /opt/airflow/dags/csv_to_gcs.py
[2025-02-13T00:01:16.827+0000] {processor.py:914} INFO - Processing file /opt/airflow/dags/csv_to_gcs.py for tasks to queue
[2025-02-13T00:01:16.830+0000] {logging_mixin.py:190} INFO - [2025-02-13T00:01:16.829+0000] {dagbag.py:588} INFO - Filling up the DagBag from /opt/airflow/dags/csv_to_gcs.py
[2025-02-13T00:01:16.849+0000] {processor.py:925} INFO - DAG(s) 'zip_csv_ingestion' retrieved from /opt/airflow/dags/csv_to_gcs.py
[2025-02-13T00:01:16.890+0000] {logging_mixin.py:190} INFO - [2025-02-13T00:01:16.890+0000] {dag.py:3239} INFO - Sync 1 DAGs
[2025-02-13T00:01:17.008+0000] {logging_mixin.py:190} INFO - [2025-02-13T00:01:17.008+0000] {dag.py:4180} INFO - Setting next_dagrun for zip_csv_ingestion to 2025-02-13 00:00:00+00:00, run_after=2025-02-14 00:00:00+00:00
[2025-02-13T00:01:17.052+0000] {processor.py:208} INFO - Processing /opt/airflow/dags/csv_to_gcs.py took 0.246 seconds
[2025-02-13T00:01:53.208+0000] {processor.py:186} INFO - Started process (PID=255) to work on /opt/airflow/dags/csv_to_gcs.py
[2025-02-13T00:01:53.210+0000] {processor.py:914} INFO - Processing file /opt/airflow/dags/csv_to_gcs.py for tasks to queue
[2025-02-13T00:01:53.213+0000] {logging_mixin.py:190} INFO - [2025-02-13T00:01:53.212+0000] {dagbag.py:588} INFO - Filling up the DagBag from /opt/airflow/dags/csv_to_gcs.py
[2025-02-13T00:01:53.226+0000] {processor.py:925} INFO - DAG(s) 'zip_csv_ingestion' retrieved from /opt/airflow/dags/csv_to_gcs.py
[2025-02-13T00:01:53.294+0000] {logging_mixin.py:190} INFO - [2025-02-13T00:01:53.293+0000] {dag.py:3239} INFO - Sync 1 DAGs
[2025-02-13T00:01:53.866+0000] {logging_mixin.py:190} INFO - [2025-02-13T00:01:53.863+0000] {dag.py:4180} INFO - Setting next_dagrun for zip_csv_ingestion to 2025-02-13 00:00:00+00:00, run_after=2025-02-14 00:00:00+00:00
[2025-02-13T00:01:54.685+0000] {processor.py:208} INFO - Processing /opt/airflow/dags/csv_to_gcs.py took 1.489 seconds
[2025-02-13T00:02:28.122+0000] {processor.py:186} INFO - Started process (PID=296) to work on /opt/airflow/dags/csv_to_gcs.py
[2025-02-13T00:02:28.123+0000] {processor.py:914} INFO - Processing file /opt/airflow/dags/csv_to_gcs.py for tasks to queue
[2025-02-13T00:02:28.136+0000] {logging_mixin.py:190} INFO - [2025-02-13T00:02:28.136+0000] {dagbag.py:588} INFO - Filling up the DagBag from /opt/airflow/dags/csv_to_gcs.py
[2025-02-13T00:02:28.311+0000] {processor.py:925} INFO - DAG(s) 'zip_csv_ingestion' retrieved from /opt/airflow/dags/csv_to_gcs.py
[2025-02-13T00:02:28.436+0000] {logging_mixin.py:190} INFO - [2025-02-13T00:02:28.436+0000] {dag.py:3239} INFO - Sync 1 DAGs
[2025-02-13T00:02:28.532+0000] {logging_mixin.py:190} INFO - [2025-02-13T00:02:28.532+0000] {dag.py:4180} INFO - Setting next_dagrun for zip_csv_ingestion to 2025-02-13 00:00:00+00:00, run_after=2025-02-14 00:00:00+00:00
[2025-02-13T00:02:31.490+0000] {processor.py:208} INFO - Processing /opt/airflow/dags/csv_to_gcs.py took 3.396 seconds
[2025-02-13T00:03:02.705+0000] {processor.py:186} INFO - Started process (PID=354) to work on /opt/airflow/dags/csv_to_gcs.py
[2025-02-13T00:03:02.706+0000] {processor.py:914} INFO - Processing file /opt/airflow/dags/csv_to_gcs.py for tasks to queue
[2025-02-13T00:03:02.710+0000] {logging_mixin.py:190} INFO - [2025-02-13T00:03:02.710+0000] {dagbag.py:588} INFO - Filling up the DagBag from /opt/airflow/dags/csv_to_gcs.py
[2025-02-13T00:03:02.734+0000] {processor.py:925} INFO - DAG(s) 'zip_csv_ingestion' retrieved from /opt/airflow/dags/csv_to_gcs.py
[2025-02-13T00:03:02.781+0000] {logging_mixin.py:190} INFO - [2025-02-13T00:03:02.780+0000] {dag.py:3239} INFO - Sync 1 DAGs
[2025-02-13T00:03:02.853+0000] {logging_mixin.py:190} INFO - [2025-02-13T00:03:02.853+0000] {dag.py:4180} INFO - Setting next_dagrun for zip_csv_ingestion to 2025-02-13 00:00:00+00:00, run_after=2025-02-14 00:00:00+00:00
[2025-02-13T00:03:03.545+0000] {processor.py:208} INFO - Processing /opt/airflow/dags/csv_to_gcs.py took 0.861 seconds
[2025-02-13T00:03:35.349+0000] {processor.py:186} INFO - Started process (PID=408) to work on /opt/airflow/dags/csv_to_gcs.py
[2025-02-13T00:03:35.495+0000] {processor.py:914} INFO - Processing file /opt/airflow/dags/csv_to_gcs.py for tasks to queue
[2025-02-13T00:03:35.497+0000] {logging_mixin.py:190} INFO - [2025-02-13T00:03:35.497+0000] {dagbag.py:588} INFO - Filling up the DagBag from /opt/airflow/dags/csv_to_gcs.py
[2025-02-13T00:03:36.010+0000] {processor.py:925} INFO - DAG(s) 'zip_csv_ingestion' retrieved from /opt/airflow/dags/csv_to_gcs.py
[2025-02-13T00:03:36.052+0000] {logging_mixin.py:190} INFO - [2025-02-13T00:03:36.051+0000] {dag.py:3239} INFO - Sync 1 DAGs
[2025-02-13T00:03:36.133+0000] {logging_mixin.py:190} INFO - [2025-02-13T00:03:36.133+0000] {dag.py:4180} INFO - Setting next_dagrun for zip_csv_ingestion to 2025-02-13 00:00:00+00:00, run_after=2025-02-14 00:00:00+00:00
[2025-02-13T00:03:36.200+0000] {processor.py:208} INFO - Processing /opt/airflow/dags/csv_to_gcs.py took 0.855 seconds
[2025-02-13T00:04:06.621+0000] {processor.py:186} INFO - Started process (PID=459) to work on /opt/airflow/dags/csv_to_gcs.py
[2025-02-13T00:04:06.623+0000] {processor.py:914} INFO - Processing file /opt/airflow/dags/csv_to_gcs.py for tasks to queue
[2025-02-13T00:04:06.625+0000] {logging_mixin.py:190} INFO - [2025-02-13T00:04:06.625+0000] {dagbag.py:588} INFO - Filling up the DagBag from /opt/airflow/dags/csv_to_gcs.py
[2025-02-13T00:04:06.792+0000] {processor.py:925} INFO - DAG(s) 'zip_csv_ingestion' retrieved from /opt/airflow/dags/csv_to_gcs.py
[2025-02-13T00:04:06.820+0000] {logging_mixin.py:190} INFO - [2025-02-13T00:04:06.819+0000] {dag.py:3239} INFO - Sync 1 DAGs
[2025-02-13T00:04:06.879+0000] {logging_mixin.py:190} INFO - [2025-02-13T00:04:06.879+0000] {dag.py:4180} INFO - Setting next_dagrun for zip_csv_ingestion to 2025-02-13 00:00:00+00:00, run_after=2025-02-14 00:00:00+00:00
[2025-02-13T00:04:06.918+0000] {processor.py:208} INFO - Processing /opt/airflow/dags/csv_to_gcs.py took 0.303 seconds
[2025-02-13T00:04:37.709+0000] {processor.py:186} INFO - Started process (PID=517) to work on /opt/airflow/dags/csv_to_gcs.py
[2025-02-13T00:04:37.710+0000] {processor.py:914} INFO - Processing file /opt/airflow/dags/csv_to_gcs.py for tasks to queue
[2025-02-13T00:04:37.713+0000] {logging_mixin.py:190} INFO - [2025-02-13T00:04:37.713+0000] {dagbag.py:588} INFO - Filling up the DagBag from /opt/airflow/dags/csv_to_gcs.py
[2025-02-13T00:04:37.737+0000] {processor.py:925} INFO - DAG(s) 'zip_csv_ingestion' retrieved from /opt/airflow/dags/csv_to_gcs.py
[2025-02-13T00:04:37.796+0000] {logging_mixin.py:190} INFO - [2025-02-13T00:04:37.795+0000] {dag.py:3239} INFO - Sync 1 DAGs
[2025-02-13T00:04:37.849+0000] {logging_mixin.py:190} INFO - [2025-02-13T00:04:37.849+0000] {dag.py:4180} INFO - Setting next_dagrun for zip_csv_ingestion to 2025-02-13 00:00:00+00:00, run_after=2025-02-14 00:00:00+00:00
[2025-02-13T00:04:39.408+0000] {processor.py:208} INFO - Processing /opt/airflow/dags/csv_to_gcs.py took 1.737 seconds
[2025-02-13T00:05:09.685+0000] {processor.py:186} INFO - Started process (PID=575) to work on /opt/airflow/dags/csv_to_gcs.py
[2025-02-13T00:05:09.687+0000] {processor.py:914} INFO - Processing file /opt/airflow/dags/csv_to_gcs.py for tasks to queue
[2025-02-13T00:05:09.690+0000] {logging_mixin.py:190} INFO - [2025-02-13T00:05:09.690+0000] {dagbag.py:588} INFO - Filling up the DagBag from /opt/airflow/dags/csv_to_gcs.py
[2025-02-13T00:05:09.726+0000] {processor.py:925} INFO - DAG(s) 'zip_csv_ingestion' retrieved from /opt/airflow/dags/csv_to_gcs.py
[2025-02-13T00:05:09.860+0000] {logging_mixin.py:190} INFO - [2025-02-13T00:05:09.859+0000] {dag.py:3239} INFO - Sync 1 DAGs
[2025-02-13T00:05:09.913+0000] {logging_mixin.py:190} INFO - [2025-02-13T00:05:09.913+0000] {dag.py:4180} INFO - Setting next_dagrun for zip_csv_ingestion to 2025-02-13 00:00:00+00:00, run_after=2025-02-14 00:00:00+00:00
[2025-02-13T00:05:11.071+0000] {processor.py:208} INFO - Processing /opt/airflow/dags/csv_to_gcs.py took 1.399 seconds
[2025-02-13T00:05:41.336+0000] {processor.py:186} INFO - Started process (PID=633) to work on /opt/airflow/dags/csv_to_gcs.py
[2025-02-13T00:05:41.342+0000] {processor.py:914} INFO - Processing file /opt/airflow/dags/csv_to_gcs.py for tasks to queue
[2025-02-13T00:05:41.344+0000] {logging_mixin.py:190} INFO - [2025-02-13T00:05:41.344+0000] {dagbag.py:588} INFO - Filling up the DagBag from /opt/airflow/dags/csv_to_gcs.py
[2025-02-13T00:05:41.449+0000] {processor.py:925} INFO - DAG(s) 'zip_csv_ingestion' retrieved from /opt/airflow/dags/csv_to_gcs.py
[2025-02-13T00:05:41.474+0000] {logging_mixin.py:190} INFO - [2025-02-13T00:05:41.473+0000] {dag.py:3239} INFO - Sync 1 DAGs
[2025-02-13T00:05:41.528+0000] {logging_mixin.py:190} INFO - [2025-02-13T00:05:41.528+0000] {dag.py:4180} INFO - Setting next_dagrun for zip_csv_ingestion to 2025-02-13 00:00:00+00:00, run_after=2025-02-14 00:00:00+00:00
[2025-02-13T00:05:41.599+0000] {processor.py:208} INFO - Processing /opt/airflow/dags/csv_to_gcs.py took 0.283 seconds
[2025-02-13T00:06:12.102+0000] {processor.py:186} INFO - Started process (PID=690) to work on /opt/airflow/dags/csv_to_gcs.py
[2025-02-13T00:06:12.103+0000] {processor.py:914} INFO - Processing file /opt/airflow/dags/csv_to_gcs.py for tasks to queue
[2025-02-13T00:06:12.105+0000] {logging_mixin.py:190} INFO - [2025-02-13T00:06:12.105+0000] {dagbag.py:588} INFO - Filling up the DagBag from /opt/airflow/dags/csv_to_gcs.py
[2025-02-13T00:06:12.118+0000] {processor.py:925} INFO - DAG(s) 'zip_csv_ingestion' retrieved from /opt/airflow/dags/csv_to_gcs.py
[2025-02-13T00:06:12.168+0000] {logging_mixin.py:190} INFO - [2025-02-13T00:06:12.167+0000] {dag.py:3239} INFO - Sync 1 DAGs
[2025-02-13T00:06:12.266+0000] {logging_mixin.py:190} INFO - [2025-02-13T00:06:12.265+0000] {dag.py:4180} INFO - Setting next_dagrun for zip_csv_ingestion to 2025-02-13 00:00:00+00:00, run_after=2025-02-14 00:00:00+00:00
[2025-02-13T00:06:12.313+0000] {processor.py:208} INFO - Processing /opt/airflow/dags/csv_to_gcs.py took 0.219 seconds
[2025-02-13T00:06:42.643+0000] {processor.py:186} INFO - Started process (PID=748) to work on /opt/airflow/dags/csv_to_gcs.py
[2025-02-13T00:06:42.645+0000] {processor.py:914} INFO - Processing file /opt/airflow/dags/csv_to_gcs.py for tasks to queue
[2025-02-13T00:06:42.647+0000] {logging_mixin.py:190} INFO - [2025-02-13T00:06:42.647+0000] {dagbag.py:588} INFO - Filling up the DagBag from /opt/airflow/dags/csv_to_gcs.py
[2025-02-13T00:06:42.659+0000] {processor.py:925} INFO - DAG(s) 'zip_csv_ingestion' retrieved from /opt/airflow/dags/csv_to_gcs.py
[2025-02-13T00:06:42.695+0000] {logging_mixin.py:190} INFO - [2025-02-13T00:06:42.695+0000] {dag.py:3239} INFO - Sync 1 DAGs
[2025-02-13T00:06:42.773+0000] {logging_mixin.py:190} INFO - [2025-02-13T00:06:42.772+0000] {dag.py:4180} INFO - Setting next_dagrun for zip_csv_ingestion to 2025-02-13 00:00:00+00:00, run_after=2025-02-14 00:00:00+00:00
[2025-02-13T00:06:42.805+0000] {processor.py:208} INFO - Processing /opt/airflow/dags/csv_to_gcs.py took 0.168 seconds
[2025-02-13T00:07:13.577+0000] {processor.py:186} INFO - Started process (PID=806) to work on /opt/airflow/dags/csv_to_gcs.py
[2025-02-13T00:07:13.578+0000] {processor.py:914} INFO - Processing file /opt/airflow/dags/csv_to_gcs.py for tasks to queue
[2025-02-13T00:07:13.580+0000] {logging_mixin.py:190} INFO - [2025-02-13T00:07:13.580+0000] {dagbag.py:588} INFO - Filling up the DagBag from /opt/airflow/dags/csv_to_gcs.py
[2025-02-13T00:07:13.597+0000] {processor.py:925} INFO - DAG(s) 'zip_csv_ingestion' retrieved from /opt/airflow/dags/csv_to_gcs.py
[2025-02-13T00:07:13.640+0000] {logging_mixin.py:190} INFO - [2025-02-13T00:07:13.639+0000] {dag.py:3239} INFO - Sync 1 DAGs
[2025-02-13T00:07:13.684+0000] {logging_mixin.py:190} INFO - [2025-02-13T00:07:13.684+0000] {dag.py:4180} INFO - Setting next_dagrun for zip_csv_ingestion to 2025-02-13 00:00:00+00:00, run_after=2025-02-14 00:00:00+00:00
[2025-02-13T00:07:13.769+0000] {processor.py:208} INFO - Processing /opt/airflow/dags/csv_to_gcs.py took 0.199 seconds
[2025-02-13T00:07:44.487+0000] {processor.py:186} INFO - Started process (PID=864) to work on /opt/airflow/dags/csv_to_gcs.py
[2025-02-13T00:07:44.500+0000] {processor.py:914} INFO - Processing file /opt/airflow/dags/csv_to_gcs.py for tasks to queue
[2025-02-13T00:07:44.506+0000] {logging_mixin.py:190} INFO - [2025-02-13T00:07:44.505+0000] {dagbag.py:588} INFO - Filling up the DagBag from /opt/airflow/dags/csv_to_gcs.py
[2025-02-13T00:07:44.582+0000] {processor.py:925} INFO - DAG(s) 'zip_csv_ingestion' retrieved from /opt/airflow/dags/csv_to_gcs.py
[2025-02-13T00:07:44.615+0000] {logging_mixin.py:190} INFO - [2025-02-13T00:07:44.614+0000] {dag.py:3239} INFO - Sync 1 DAGs
[2025-02-13T00:07:44.652+0000] {logging_mixin.py:190} INFO - [2025-02-13T00:07:44.652+0000] {dag.py:4180} INFO - Setting next_dagrun for zip_csv_ingestion to 2025-02-13 00:00:00+00:00, run_after=2025-02-14 00:00:00+00:00
[2025-02-13T00:07:44.672+0000] {processor.py:208} INFO - Processing /opt/airflow/dags/csv_to_gcs.py took 0.205 seconds
[2025-02-13T00:08:14.756+0000] {processor.py:186} INFO - Started process (PID=922) to work on /opt/airflow/dags/csv_to_gcs.py
[2025-02-13T00:08:14.758+0000] {processor.py:914} INFO - Processing file /opt/airflow/dags/csv_to_gcs.py for tasks to queue
[2025-02-13T00:08:14.760+0000] {logging_mixin.py:190} INFO - [2025-02-13T00:08:14.760+0000] {dagbag.py:588} INFO - Filling up the DagBag from /opt/airflow/dags/csv_to_gcs.py
[2025-02-13T00:08:14.774+0000] {processor.py:925} INFO - DAG(s) 'zip_csv_ingestion' retrieved from /opt/airflow/dags/csv_to_gcs.py
[2025-02-13T00:08:14.796+0000] {logging_mixin.py:190} INFO - [2025-02-13T00:08:14.794+0000] {dag.py:3239} INFO - Sync 1 DAGs
[2025-02-13T00:08:14.824+0000] {logging_mixin.py:190} INFO - [2025-02-13T00:08:14.823+0000] {dag.py:4180} INFO - Setting next_dagrun for zip_csv_ingestion to 2025-02-13 00:00:00+00:00, run_after=2025-02-14 00:00:00+00:00
[2025-02-13T00:08:14.846+0000] {processor.py:208} INFO - Processing /opt/airflow/dags/csv_to_gcs.py took 0.097 seconds
[2025-02-13T00:08:45.581+0000] {processor.py:186} INFO - Started process (PID=980) to work on /opt/airflow/dags/csv_to_gcs.py
[2025-02-13T00:08:45.582+0000] {processor.py:914} INFO - Processing file /opt/airflow/dags/csv_to_gcs.py for tasks to queue
[2025-02-13T00:08:45.584+0000] {logging_mixin.py:190} INFO - [2025-02-13T00:08:45.584+0000] {dagbag.py:588} INFO - Filling up the DagBag from /opt/airflow/dags/csv_to_gcs.py
[2025-02-13T00:08:45.593+0000] {processor.py:925} INFO - DAG(s) 'zip_csv_ingestion' retrieved from /opt/airflow/dags/csv_to_gcs.py
[2025-02-13T00:08:45.609+0000] {logging_mixin.py:190} INFO - [2025-02-13T00:08:45.608+0000] {dag.py:3239} INFO - Sync 1 DAGs
[2025-02-13T00:08:45.650+0000] {logging_mixin.py:190} INFO - [2025-02-13T00:08:45.650+0000] {dag.py:4180} INFO - Setting next_dagrun for zip_csv_ingestion to 2025-02-13 00:00:00+00:00, run_after=2025-02-14 00:00:00+00:00
[2025-02-13T00:08:45.664+0000] {processor.py:208} INFO - Processing /opt/airflow/dags/csv_to_gcs.py took 0.089 seconds
[2025-02-13T00:09:15.811+0000] {processor.py:186} INFO - Started process (PID=1038) to work on /opt/airflow/dags/csv_to_gcs.py
[2025-02-13T00:09:15.812+0000] {processor.py:914} INFO - Processing file /opt/airflow/dags/csv_to_gcs.py for tasks to queue
[2025-02-13T00:09:15.814+0000] {logging_mixin.py:190} INFO - [2025-02-13T00:09:15.813+0000] {dagbag.py:588} INFO - Filling up the DagBag from /opt/airflow/dags/csv_to_gcs.py
[2025-02-13T00:09:15.822+0000] {processor.py:925} INFO - DAG(s) 'zip_csv_ingestion' retrieved from /opt/airflow/dags/csv_to_gcs.py
[2025-02-13T00:09:15.838+0000] {logging_mixin.py:190} INFO - [2025-02-13T00:09:15.837+0000] {dag.py:3239} INFO - Sync 1 DAGs
[2025-02-13T00:09:15.858+0000] {logging_mixin.py:190} INFO - [2025-02-13T00:09:15.857+0000] {dag.py:4180} INFO - Setting next_dagrun for zip_csv_ingestion to 2025-02-13 00:00:00+00:00, run_after=2025-02-14 00:00:00+00:00
[2025-02-13T00:09:15.871+0000] {processor.py:208} INFO - Processing /opt/airflow/dags/csv_to_gcs.py took 0.066 seconds
[2025-02-13T00:09:46.012+0000] {processor.py:186} INFO - Started process (PID=1096) to work on /opt/airflow/dags/csv_to_gcs.py
[2025-02-13T00:09:46.013+0000] {processor.py:914} INFO - Processing file /opt/airflow/dags/csv_to_gcs.py for tasks to queue
[2025-02-13T00:09:46.016+0000] {logging_mixin.py:190} INFO - [2025-02-13T00:09:46.015+0000] {dagbag.py:588} INFO - Filling up the DagBag from /opt/airflow/dags/csv_to_gcs.py
[2025-02-13T00:09:46.028+0000] {processor.py:925} INFO - DAG(s) 'zip_csv_ingestion' retrieved from /opt/airflow/dags/csv_to_gcs.py
[2025-02-13T00:09:46.063+0000] {logging_mixin.py:190} INFO - [2025-02-13T00:09:46.063+0000] {dag.py:3239} INFO - Sync 1 DAGs
[2025-02-13T00:09:46.101+0000] {logging_mixin.py:190} INFO - [2025-02-13T00:09:46.101+0000] {dag.py:4180} INFO - Setting next_dagrun for zip_csv_ingestion to 2025-02-13 00:00:00+00:00, run_after=2025-02-14 00:00:00+00:00
[2025-02-13T00:09:46.120+0000] {processor.py:208} INFO - Processing /opt/airflow/dags/csv_to_gcs.py took 0.116 seconds
[2025-02-13T00:10:16.261+0000] {processor.py:186} INFO - Started process (PID=1154) to work on /opt/airflow/dags/csv_to_gcs.py
[2025-02-13T00:10:16.262+0000] {processor.py:914} INFO - Processing file /opt/airflow/dags/csv_to_gcs.py for tasks to queue
[2025-02-13T00:10:16.265+0000] {logging_mixin.py:190} INFO - [2025-02-13T00:10:16.264+0000] {dagbag.py:588} INFO - Filling up the DagBag from /opt/airflow/dags/csv_to_gcs.py
[2025-02-13T00:10:16.276+0000] {processor.py:925} INFO - DAG(s) 'zip_csv_ingestion' retrieved from /opt/airflow/dags/csv_to_gcs.py
[2025-02-13T00:10:16.304+0000] {logging_mixin.py:190} INFO - [2025-02-13T00:10:16.303+0000] {dag.py:3239} INFO - Sync 1 DAGs
[2025-02-13T00:10:16.331+0000] {logging_mixin.py:190} INFO - [2025-02-13T00:10:16.331+0000] {dag.py:4180} INFO - Setting next_dagrun for zip_csv_ingestion to 2025-02-13 00:00:00+00:00, run_after=2025-02-14 00:00:00+00:00
[2025-02-13T00:10:16.345+0000] {processor.py:208} INFO - Processing /opt/airflow/dags/csv_to_gcs.py took 0.090 seconds
[2025-02-13T00:10:46.430+0000] {processor.py:186} INFO - Started process (PID=1212) to work on /opt/airflow/dags/csv_to_gcs.py
[2025-02-13T00:10:46.431+0000] {processor.py:914} INFO - Processing file /opt/airflow/dags/csv_to_gcs.py for tasks to queue
[2025-02-13T00:10:46.433+0000] {logging_mixin.py:190} INFO - [2025-02-13T00:10:46.433+0000] {dagbag.py:588} INFO - Filling up the DagBag from /opt/airflow/dags/csv_to_gcs.py
[2025-02-13T00:10:46.441+0000] {processor.py:925} INFO - DAG(s) 'zip_csv_ingestion' retrieved from /opt/airflow/dags/csv_to_gcs.py
[2025-02-13T00:10:46.456+0000] {logging_mixin.py:190} INFO - [2025-02-13T00:10:46.456+0000] {dag.py:3239} INFO - Sync 1 DAGs
[2025-02-13T00:10:46.476+0000] {logging_mixin.py:190} INFO - [2025-02-13T00:10:46.475+0000] {dag.py:4180} INFO - Setting next_dagrun for zip_csv_ingestion to 2025-02-13 00:00:00+00:00, run_after=2025-02-14 00:00:00+00:00
[2025-02-13T00:10:46.488+0000] {processor.py:208} INFO - Processing /opt/airflow/dags/csv_to_gcs.py took 0.062 seconds
[2025-02-13T00:11:16.792+0000] {processor.py:186} INFO - Started process (PID=1270) to work on /opt/airflow/dags/csv_to_gcs.py
[2025-02-13T00:11:16.793+0000] {processor.py:914} INFO - Processing file /opt/airflow/dags/csv_to_gcs.py for tasks to queue
[2025-02-13T00:11:16.794+0000] {logging_mixin.py:190} INFO - [2025-02-13T00:11:16.794+0000] {dagbag.py:588} INFO - Filling up the DagBag from /opt/airflow/dags/csv_to_gcs.py
[2025-02-13T00:11:16.802+0000] {processor.py:925} INFO - DAG(s) 'zip_csv_ingestion' retrieved from /opt/airflow/dags/csv_to_gcs.py
[2025-02-13T00:11:16.818+0000] {logging_mixin.py:190} INFO - [2025-02-13T00:11:16.817+0000] {dag.py:3239} INFO - Sync 1 DAGs
[2025-02-13T00:11:16.838+0000] {logging_mixin.py:190} INFO - [2025-02-13T00:11:16.838+0000] {dag.py:4180} INFO - Setting next_dagrun for zip_csv_ingestion to 2025-02-13 00:00:00+00:00, run_after=2025-02-14 00:00:00+00:00
[2025-02-13T00:11:16.851+0000] {processor.py:208} INFO - Processing /opt/airflow/dags/csv_to_gcs.py took 0.065 seconds
[2025-02-13T00:11:47.250+0000] {processor.py:186} INFO - Started process (PID=1328) to work on /opt/airflow/dags/csv_to_gcs.py
[2025-02-13T00:11:47.251+0000] {processor.py:914} INFO - Processing file /opt/airflow/dags/csv_to_gcs.py for tasks to queue
[2025-02-13T00:11:47.252+0000] {logging_mixin.py:190} INFO - [2025-02-13T00:11:47.252+0000] {dagbag.py:588} INFO - Filling up the DagBag from /opt/airflow/dags/csv_to_gcs.py
[2025-02-13T00:11:47.261+0000] {processor.py:925} INFO - DAG(s) 'zip_csv_ingestion' retrieved from /opt/airflow/dags/csv_to_gcs.py
[2025-02-13T00:11:47.281+0000] {logging_mixin.py:190} INFO - [2025-02-13T00:11:47.281+0000] {dag.py:3239} INFO - Sync 1 DAGs
[2025-02-13T00:11:47.301+0000] {logging_mixin.py:190} INFO - [2025-02-13T00:11:47.301+0000] {dag.py:4180} INFO - Setting next_dagrun for zip_csv_ingestion to 2025-02-13 00:00:00+00:00, run_after=2025-02-14 00:00:00+00:00
[2025-02-13T00:11:47.314+0000] {processor.py:208} INFO - Processing /opt/airflow/dags/csv_to_gcs.py took 0.069 seconds
[2025-02-13T00:12:17.793+0000] {processor.py:186} INFO - Started process (PID=1386) to work on /opt/airflow/dags/csv_to_gcs.py
[2025-02-13T00:12:17.794+0000] {processor.py:914} INFO - Processing file /opt/airflow/dags/csv_to_gcs.py for tasks to queue
[2025-02-13T00:12:17.796+0000] {logging_mixin.py:190} INFO - [2025-02-13T00:12:17.796+0000] {dagbag.py:588} INFO - Filling up the DagBag from /opt/airflow/dags/csv_to_gcs.py
[2025-02-13T00:12:17.806+0000] {processor.py:925} INFO - DAG(s) 'zip_csv_ingestion' retrieved from /opt/airflow/dags/csv_to_gcs.py
[2025-02-13T00:12:17.821+0000] {logging_mixin.py:190} INFO - [2025-02-13T00:12:17.821+0000] {dag.py:3239} INFO - Sync 1 DAGs
[2025-02-13T00:12:17.841+0000] {logging_mixin.py:190} INFO - [2025-02-13T00:12:17.841+0000] {dag.py:4180} INFO - Setting next_dagrun for zip_csv_ingestion to 2025-02-13 00:00:00+00:00, run_after=2025-02-14 00:00:00+00:00
[2025-02-13T00:12:17.854+0000] {processor.py:208} INFO - Processing /opt/airflow/dags/csv_to_gcs.py took 0.066 seconds
[2025-02-13T00:12:48.127+0000] {processor.py:186} INFO - Started process (PID=1444) to work on /opt/airflow/dags/csv_to_gcs.py
[2025-02-13T00:12:48.129+0000] {processor.py:914} INFO - Processing file /opt/airflow/dags/csv_to_gcs.py for tasks to queue
[2025-02-13T00:12:48.132+0000] {logging_mixin.py:190} INFO - [2025-02-13T00:12:48.131+0000] {dagbag.py:588} INFO - Filling up the DagBag from /opt/airflow/dags/csv_to_gcs.py
[2025-02-13T00:12:48.143+0000] {processor.py:925} INFO - DAG(s) 'zip_csv_ingestion' retrieved from /opt/airflow/dags/csv_to_gcs.py
[2025-02-13T00:12:48.158+0000] {logging_mixin.py:190} INFO - [2025-02-13T00:12:48.157+0000] {dag.py:3239} INFO - Sync 1 DAGs
[2025-02-13T00:12:48.178+0000] {logging_mixin.py:190} INFO - [2025-02-13T00:12:48.178+0000] {dag.py:4180} INFO - Setting next_dagrun for zip_csv_ingestion to 2025-02-13 00:00:00+00:00, run_after=2025-02-14 00:00:00+00:00
[2025-02-13T00:12:48.191+0000] {processor.py:208} INFO - Processing /opt/airflow/dags/csv_to_gcs.py took 0.071 seconds
[2025-02-13T00:13:18.368+0000] {processor.py:186} INFO - Started process (PID=1502) to work on /opt/airflow/dags/csv_to_gcs.py
[2025-02-13T00:13:18.368+0000] {processor.py:914} INFO - Processing file /opt/airflow/dags/csv_to_gcs.py for tasks to queue
[2025-02-13T00:13:18.370+0000] {logging_mixin.py:190} INFO - [2025-02-13T00:13:18.370+0000] {dagbag.py:588} INFO - Filling up the DagBag from /opt/airflow/dags/csv_to_gcs.py
[2025-02-13T00:13:18.378+0000] {processor.py:925} INFO - DAG(s) 'zip_csv_ingestion' retrieved from /opt/airflow/dags/csv_to_gcs.py
[2025-02-13T00:13:18.394+0000] {logging_mixin.py:190} INFO - [2025-02-13T00:13:18.393+0000] {dag.py:3239} INFO - Sync 1 DAGs
[2025-02-13T00:13:18.414+0000] {logging_mixin.py:190} INFO - [2025-02-13T00:13:18.414+0000] {dag.py:4180} INFO - Setting next_dagrun for zip_csv_ingestion to 2025-02-13 00:00:00+00:00, run_after=2025-02-14 00:00:00+00:00
[2025-02-13T00:13:18.428+0000] {processor.py:208} INFO - Processing /opt/airflow/dags/csv_to_gcs.py took 0.067 seconds
[2025-02-13T00:13:48.713+0000] {processor.py:186} INFO - Started process (PID=1560) to work on /opt/airflow/dags/csv_to_gcs.py
[2025-02-13T00:13:48.713+0000] {processor.py:914} INFO - Processing file /opt/airflow/dags/csv_to_gcs.py for tasks to queue
[2025-02-13T00:13:48.715+0000] {logging_mixin.py:190} INFO - [2025-02-13T00:13:48.715+0000] {dagbag.py:588} INFO - Filling up the DagBag from /opt/airflow/dags/csv_to_gcs.py
[2025-02-13T00:13:48.723+0000] {processor.py:925} INFO - DAG(s) 'zip_csv_ingestion' retrieved from /opt/airflow/dags/csv_to_gcs.py
[2025-02-13T00:13:48.738+0000] {logging_mixin.py:190} INFO - [2025-02-13T00:13:48.738+0000] {dag.py:3239} INFO - Sync 1 DAGs
[2025-02-13T00:13:48.759+0000] {logging_mixin.py:190} INFO - [2025-02-13T00:13:48.758+0000] {dag.py:4180} INFO - Setting next_dagrun for zip_csv_ingestion to 2025-02-13 00:00:00+00:00, run_after=2025-02-14 00:00:00+00:00
[2025-02-13T00:13:48.774+0000] {processor.py:208} INFO - Processing /opt/airflow/dags/csv_to_gcs.py took 0.068 seconds
[2025-02-13T00:14:19.561+0000] {processor.py:186} INFO - Started process (PID=1618) to work on /opt/airflow/dags/csv_to_gcs.py
[2025-02-13T00:14:19.562+0000] {processor.py:914} INFO - Processing file /opt/airflow/dags/csv_to_gcs.py for tasks to queue
[2025-02-13T00:14:19.563+0000] {logging_mixin.py:190} INFO - [2025-02-13T00:14:19.563+0000] {dagbag.py:588} INFO - Filling up the DagBag from /opt/airflow/dags/csv_to_gcs.py
[2025-02-13T00:14:19.572+0000] {processor.py:925} INFO - DAG(s) 'zip_csv_ingestion' retrieved from /opt/airflow/dags/csv_to_gcs.py
[2025-02-13T00:14:19.588+0000] {logging_mixin.py:190} INFO - [2025-02-13T00:14:19.587+0000] {dag.py:3239} INFO - Sync 1 DAGs
[2025-02-13T00:14:19.608+0000] {logging_mixin.py:190} INFO - [2025-02-13T00:14:19.608+0000] {dag.py:4180} INFO - Setting next_dagrun for zip_csv_ingestion to 2025-02-13 00:00:00+00:00, run_after=2025-02-14 00:00:00+00:00
[2025-02-13T00:14:19.621+0000] {processor.py:208} INFO - Processing /opt/airflow/dags/csv_to_gcs.py took 0.065 seconds
[2025-02-13T00:14:50.008+0000] {processor.py:186} INFO - Started process (PID=1676) to work on /opt/airflow/dags/csv_to_gcs.py
[2025-02-13T00:14:50.012+0000] {processor.py:914} INFO - Processing file /opt/airflow/dags/csv_to_gcs.py for tasks to queue
[2025-02-13T00:14:50.014+0000] {logging_mixin.py:190} INFO - [2025-02-13T00:14:50.014+0000] {dagbag.py:588} INFO - Filling up the DagBag from /opt/airflow/dags/csv_to_gcs.py
[2025-02-13T00:14:50.026+0000] {processor.py:925} INFO - DAG(s) 'zip_csv_ingestion' retrieved from /opt/airflow/dags/csv_to_gcs.py
[2025-02-13T00:14:50.049+0000] {logging_mixin.py:190} INFO - [2025-02-13T00:14:50.049+0000] {dag.py:3239} INFO - Sync 1 DAGs
[2025-02-13T00:14:50.072+0000] {logging_mixin.py:190} INFO - [2025-02-13T00:14:50.072+0000] {dag.py:4180} INFO - Setting next_dagrun for zip_csv_ingestion to 2025-02-13 00:00:00+00:00, run_after=2025-02-14 00:00:00+00:00
[2025-02-13T00:14:50.085+0000] {processor.py:208} INFO - Processing /opt/airflow/dags/csv_to_gcs.py took 0.084 seconds
[2025-02-13T00:15:20.311+0000] {processor.py:186} INFO - Started process (PID=1734) to work on /opt/airflow/dags/csv_to_gcs.py
[2025-02-13T00:15:20.312+0000] {processor.py:914} INFO - Processing file /opt/airflow/dags/csv_to_gcs.py for tasks to queue
[2025-02-13T00:15:20.315+0000] {logging_mixin.py:190} INFO - [2025-02-13T00:15:20.315+0000] {dagbag.py:588} INFO - Filling up the DagBag from /opt/airflow/dags/csv_to_gcs.py
[2025-02-13T00:15:20.327+0000] {processor.py:925} INFO - DAG(s) 'zip_csv_ingestion' retrieved from /opt/airflow/dags/csv_to_gcs.py
[2025-02-13T00:15:20.345+0000] {logging_mixin.py:190} INFO - [2025-02-13T00:15:20.344+0000] {dag.py:3239} INFO - Sync 1 DAGs
[2025-02-13T00:15:20.366+0000] {logging_mixin.py:190} INFO - [2025-02-13T00:15:20.366+0000] {dag.py:4180} INFO - Setting next_dagrun for zip_csv_ingestion to 2025-02-13 00:00:00+00:00, run_after=2025-02-14 00:00:00+00:00
[2025-02-13T00:15:20.379+0000] {processor.py:208} INFO - Processing /opt/airflow/dags/csv_to_gcs.py took 0.075 seconds
[2025-02-13T00:15:50.649+0000] {processor.py:186} INFO - Started process (PID=1792) to work on /opt/airflow/dags/csv_to_gcs.py
[2025-02-13T00:15:50.650+0000] {processor.py:914} INFO - Processing file /opt/airflow/dags/csv_to_gcs.py for tasks to queue
[2025-02-13T00:15:50.651+0000] {logging_mixin.py:190} INFO - [2025-02-13T00:15:50.651+0000] {dagbag.py:588} INFO - Filling up the DagBag from /opt/airflow/dags/csv_to_gcs.py
[2025-02-13T00:15:50.660+0000] {processor.py:925} INFO - DAG(s) 'zip_csv_ingestion' retrieved from /opt/airflow/dags/csv_to_gcs.py
[2025-02-13T00:15:50.676+0000] {logging_mixin.py:190} INFO - [2025-02-13T00:15:50.675+0000] {dag.py:3239} INFO - Sync 1 DAGs
[2025-02-13T00:15:50.696+0000] {logging_mixin.py:190} INFO - [2025-02-13T00:15:50.696+0000] {dag.py:4180} INFO - Setting next_dagrun for zip_csv_ingestion to 2025-02-13 00:00:00+00:00, run_after=2025-02-14 00:00:00+00:00
[2025-02-13T00:15:50.709+0000] {processor.py:208} INFO - Processing /opt/airflow/dags/csv_to_gcs.py took 0.066 seconds
[2025-02-13T00:16:20.912+0000] {processor.py:186} INFO - Started process (PID=1850) to work on /opt/airflow/dags/csv_to_gcs.py
[2025-02-13T00:16:20.913+0000] {processor.py:914} INFO - Processing file /opt/airflow/dags/csv_to_gcs.py for tasks to queue
[2025-02-13T00:16:20.915+0000] {logging_mixin.py:190} INFO - [2025-02-13T00:16:20.914+0000] {dagbag.py:588} INFO - Filling up the DagBag from /opt/airflow/dags/csv_to_gcs.py
[2025-02-13T00:16:20.923+0000] {processor.py:925} INFO - DAG(s) 'zip_csv_ingestion' retrieved from /opt/airflow/dags/csv_to_gcs.py
[2025-02-13T00:16:20.940+0000] {logging_mixin.py:190} INFO - [2025-02-13T00:16:20.939+0000] {dag.py:3239} INFO - Sync 1 DAGs
[2025-02-13T00:16:20.960+0000] {logging_mixin.py:190} INFO - [2025-02-13T00:16:20.960+0000] {dag.py:4180} INFO - Setting next_dagrun for zip_csv_ingestion to 2025-02-13 00:00:00+00:00, run_after=2025-02-14 00:00:00+00:00
[2025-02-13T00:16:20.975+0000] {processor.py:208} INFO - Processing /opt/airflow/dags/csv_to_gcs.py took 0.068 seconds
[2025-02-13T00:16:51.176+0000] {processor.py:186} INFO - Started process (PID=1908) to work on /opt/airflow/dags/csv_to_gcs.py
[2025-02-13T00:16:51.176+0000] {processor.py:914} INFO - Processing file /opt/airflow/dags/csv_to_gcs.py for tasks to queue
[2025-02-13T00:16:51.178+0000] {logging_mixin.py:190} INFO - [2025-02-13T00:16:51.178+0000] {dagbag.py:588} INFO - Filling up the DagBag from /opt/airflow/dags/csv_to_gcs.py
[2025-02-13T00:16:51.186+0000] {processor.py:925} INFO - DAG(s) 'zip_csv_ingestion' retrieved from /opt/airflow/dags/csv_to_gcs.py
[2025-02-13T00:16:51.201+0000] {logging_mixin.py:190} INFO - [2025-02-13T00:16:51.201+0000] {dag.py:3239} INFO - Sync 1 DAGs
[2025-02-13T00:16:51.221+0000] {logging_mixin.py:190} INFO - [2025-02-13T00:16:51.221+0000] {dag.py:4180} INFO - Setting next_dagrun for zip_csv_ingestion to 2025-02-13 00:00:00+00:00, run_after=2025-02-14 00:00:00+00:00
[2025-02-13T00:16:51.235+0000] {processor.py:208} INFO - Processing /opt/airflow/dags/csv_to_gcs.py took 0.065 seconds
[2025-02-13T00:17:21.499+0000] {processor.py:186} INFO - Started process (PID=1966) to work on /opt/airflow/dags/csv_to_gcs.py
[2025-02-13T00:17:21.500+0000] {processor.py:914} INFO - Processing file /opt/airflow/dags/csv_to_gcs.py for tasks to queue
[2025-02-13T00:17:21.502+0000] {logging_mixin.py:190} INFO - [2025-02-13T00:17:21.502+0000] {dagbag.py:588} INFO - Filling up the DagBag from /opt/airflow/dags/csv_to_gcs.py
[2025-02-13T00:17:21.510+0000] {processor.py:925} INFO - DAG(s) 'zip_csv_ingestion' retrieved from /opt/airflow/dags/csv_to_gcs.py
[2025-02-13T00:17:21.526+0000] {logging_mixin.py:190} INFO - [2025-02-13T00:17:21.526+0000] {dag.py:3239} INFO - Sync 1 DAGs
[2025-02-13T00:17:21.547+0000] {logging_mixin.py:190} INFO - [2025-02-13T00:17:21.547+0000] {dag.py:4180} INFO - Setting next_dagrun for zip_csv_ingestion to 2025-02-13 00:00:00+00:00, run_after=2025-02-14 00:00:00+00:00
[2025-02-13T00:17:21.560+0000] {processor.py:208} INFO - Processing /opt/airflow/dags/csv_to_gcs.py took 0.067 seconds
[2025-02-13T00:17:51.731+0000] {processor.py:186} INFO - Started process (PID=2024) to work on /opt/airflow/dags/csv_to_gcs.py
[2025-02-13T00:17:51.731+0000] {processor.py:914} INFO - Processing file /opt/airflow/dags/csv_to_gcs.py for tasks to queue
[2025-02-13T00:17:51.733+0000] {logging_mixin.py:190} INFO - [2025-02-13T00:17:51.733+0000] {dagbag.py:588} INFO - Filling up the DagBag from /opt/airflow/dags/csv_to_gcs.py
[2025-02-13T00:17:51.741+0000] {processor.py:925} INFO - DAG(s) 'zip_csv_ingestion' retrieved from /opt/airflow/dags/csv_to_gcs.py
[2025-02-13T00:17:51.757+0000] {logging_mixin.py:190} INFO - [2025-02-13T00:17:51.756+0000] {dag.py:3239} INFO - Sync 1 DAGs
[2025-02-13T00:17:51.777+0000] {logging_mixin.py:190} INFO - [2025-02-13T00:17:51.777+0000] {dag.py:4180} INFO - Setting next_dagrun for zip_csv_ingestion to 2025-02-13 00:00:00+00:00, run_after=2025-02-14 00:00:00+00:00
[2025-02-13T00:17:51.791+0000] {processor.py:208} INFO - Processing /opt/airflow/dags/csv_to_gcs.py took 0.067 seconds
[2025-02-13T00:18:22.070+0000] {processor.py:186} INFO - Started process (PID=2082) to work on /opt/airflow/dags/csv_to_gcs.py
[2025-02-13T00:18:22.071+0000] {processor.py:914} INFO - Processing file /opt/airflow/dags/csv_to_gcs.py for tasks to queue
[2025-02-13T00:18:22.072+0000] {logging_mixin.py:190} INFO - [2025-02-13T00:18:22.072+0000] {dagbag.py:588} INFO - Filling up the DagBag from /opt/airflow/dags/csv_to_gcs.py
[2025-02-13T00:18:22.080+0000] {processor.py:925} INFO - DAG(s) 'zip_csv_ingestion' retrieved from /opt/airflow/dags/csv_to_gcs.py
[2025-02-13T00:18:22.095+0000] {logging_mixin.py:190} INFO - [2025-02-13T00:18:22.095+0000] {dag.py:3239} INFO - Sync 1 DAGs
[2025-02-13T00:18:22.115+0000] {logging_mixin.py:190} INFO - [2025-02-13T00:18:22.115+0000] {dag.py:4180} INFO - Setting next_dagrun for zip_csv_ingestion to 2025-02-13 00:00:00+00:00, run_after=2025-02-14 00:00:00+00:00
[2025-02-13T00:18:22.129+0000] {processor.py:208} INFO - Processing /opt/airflow/dags/csv_to_gcs.py took 0.065 seconds
[2025-02-13T00:18:52.299+0000] {processor.py:186} INFO - Started process (PID=2140) to work on /opt/airflow/dags/csv_to_gcs.py
[2025-02-13T00:18:52.299+0000] {processor.py:914} INFO - Processing file /opt/airflow/dags/csv_to_gcs.py for tasks to queue
[2025-02-13T00:18:52.301+0000] {logging_mixin.py:190} INFO - [2025-02-13T00:18:52.301+0000] {dagbag.py:588} INFO - Filling up the DagBag from /opt/airflow/dags/csv_to_gcs.py
[2025-02-13T00:18:52.310+0000] {processor.py:925} INFO - DAG(s) 'zip_csv_ingestion' retrieved from /opt/airflow/dags/csv_to_gcs.py
[2025-02-13T00:18:52.326+0000] {logging_mixin.py:190} INFO - [2025-02-13T00:18:52.326+0000] {dag.py:3239} INFO - Sync 1 DAGs
[2025-02-13T00:18:52.347+0000] {logging_mixin.py:190} INFO - [2025-02-13T00:18:52.347+0000] {dag.py:4180} INFO - Setting next_dagrun for zip_csv_ingestion to 2025-02-13 00:00:00+00:00, run_after=2025-02-14 00:00:00+00:00
[2025-02-13T00:18:52.361+0000] {processor.py:208} INFO - Processing /opt/airflow/dags/csv_to_gcs.py took 0.069 seconds
[2025-02-13T00:19:22.571+0000] {processor.py:186} INFO - Started process (PID=2198) to work on /opt/airflow/dags/csv_to_gcs.py
[2025-02-13T00:19:22.572+0000] {processor.py:914} INFO - Processing file /opt/airflow/dags/csv_to_gcs.py for tasks to queue
[2025-02-13T00:19:22.574+0000] {logging_mixin.py:190} INFO - [2025-02-13T00:19:22.574+0000] {dagbag.py:588} INFO - Filling up the DagBag from /opt/airflow/dags/csv_to_gcs.py
[2025-02-13T00:19:22.583+0000] {processor.py:925} INFO - DAG(s) 'zip_csv_ingestion' retrieved from /opt/airflow/dags/csv_to_gcs.py
[2025-02-13T00:19:22.599+0000] {logging_mixin.py:190} INFO - [2025-02-13T00:19:22.598+0000] {dag.py:3239} INFO - Sync 1 DAGs
[2025-02-13T00:19:22.619+0000] {logging_mixin.py:190} INFO - [2025-02-13T00:19:22.619+0000] {dag.py:4180} INFO - Setting next_dagrun for zip_csv_ingestion to 2025-02-13 00:00:00+00:00, run_after=2025-02-14 00:00:00+00:00
[2025-02-13T00:19:22.633+0000] {processor.py:208} INFO - Processing /opt/airflow/dags/csv_to_gcs.py took 0.068 seconds
[2025-02-13T00:19:52.696+0000] {processor.py:186} INFO - Started process (PID=2256) to work on /opt/airflow/dags/csv_to_gcs.py
[2025-02-13T00:19:52.696+0000] {processor.py:914} INFO - Processing file /opt/airflow/dags/csv_to_gcs.py for tasks to queue
[2025-02-13T00:19:52.698+0000] {logging_mixin.py:190} INFO - [2025-02-13T00:19:52.698+0000] {dagbag.py:588} INFO - Filling up the DagBag from /opt/airflow/dags/csv_to_gcs.py
[2025-02-13T00:19:52.706+0000] {processor.py:925} INFO - DAG(s) 'zip_csv_ingestion' retrieved from /opt/airflow/dags/csv_to_gcs.py
[2025-02-13T00:19:52.723+0000] {logging_mixin.py:190} INFO - [2025-02-13T00:19:52.722+0000] {dag.py:3239} INFO - Sync 1 DAGs
[2025-02-13T00:19:52.744+0000] {logging_mixin.py:190} INFO - [2025-02-13T00:19:52.743+0000] {dag.py:4180} INFO - Setting next_dagrun for zip_csv_ingestion to 2025-02-13 00:00:00+00:00, run_after=2025-02-14 00:00:00+00:00
[2025-02-13T00:19:52.757+0000] {processor.py:208} INFO - Processing /opt/airflow/dags/csv_to_gcs.py took 0.067 seconds
[2025-02-13T00:20:22.951+0000] {processor.py:186} INFO - Started process (PID=2314) to work on /opt/airflow/dags/csv_to_gcs.py
[2025-02-13T00:20:22.952+0000] {processor.py:914} INFO - Processing file /opt/airflow/dags/csv_to_gcs.py for tasks to queue
[2025-02-13T00:20:22.954+0000] {logging_mixin.py:190} INFO - [2025-02-13T00:20:22.953+0000] {dagbag.py:588} INFO - Filling up the DagBag from /opt/airflow/dags/csv_to_gcs.py
[2025-02-13T00:20:22.966+0000] {processor.py:925} INFO - DAG(s) 'zip_csv_ingestion' retrieved from /opt/airflow/dags/csv_to_gcs.py
[2025-02-13T00:20:22.988+0000] {logging_mixin.py:190} INFO - [2025-02-13T00:20:22.987+0000] {dag.py:3239} INFO - Sync 1 DAGs
[2025-02-13T00:20:23.008+0000] {logging_mixin.py:190} INFO - [2025-02-13T00:20:23.008+0000] {dag.py:4180} INFO - Setting next_dagrun for zip_csv_ingestion to 2025-02-13 00:00:00+00:00, run_after=2025-02-14 00:00:00+00:00
[2025-02-13T00:20:23.021+0000] {processor.py:208} INFO - Processing /opt/airflow/dags/csv_to_gcs.py took 0.075 seconds
[2025-02-13T00:20:53.054+0000] {processor.py:186} INFO - Started process (PID=2370) to work on /opt/airflow/dags/csv_to_gcs.py
[2025-02-13T00:20:53.055+0000] {processor.py:914} INFO - Processing file /opt/airflow/dags/csv_to_gcs.py for tasks to queue
[2025-02-13T00:20:53.057+0000] {logging_mixin.py:190} INFO - [2025-02-13T00:20:53.057+0000] {dagbag.py:588} INFO - Filling up the DagBag from /opt/airflow/dags/csv_to_gcs.py
[2025-02-13T00:20:53.069+0000] {processor.py:925} INFO - DAG(s) 'zip_csv_ingestion' retrieved from /opt/airflow/dags/csv_to_gcs.py
[2025-02-13T00:20:53.092+0000] {logging_mixin.py:190} INFO - [2025-02-13T00:20:53.092+0000] {dag.py:3239} INFO - Sync 1 DAGs
[2025-02-13T00:20:53.138+0000] {logging_mixin.py:190} INFO - [2025-02-13T00:20:53.137+0000] {dag.py:4180} INFO - Setting next_dagrun for zip_csv_ingestion to 2025-02-13 00:00:00+00:00, run_after=2025-02-14 00:00:00+00:00
[2025-02-13T00:20:53.166+0000] {processor.py:208} INFO - Processing /opt/airflow/dags/csv_to_gcs.py took 0.118 seconds
[2025-02-13T00:21:23.346+0000] {processor.py:186} INFO - Started process (PID=2428) to work on /opt/airflow/dags/csv_to_gcs.py
[2025-02-13T00:21:23.347+0000] {processor.py:914} INFO - Processing file /opt/airflow/dags/csv_to_gcs.py for tasks to queue
[2025-02-13T00:21:23.349+0000] {logging_mixin.py:190} INFO - [2025-02-13T00:21:23.349+0000] {dagbag.py:588} INFO - Filling up the DagBag from /opt/airflow/dags/csv_to_gcs.py
[2025-02-13T00:21:23.361+0000] {processor.py:925} INFO - DAG(s) 'zip_csv_ingestion' retrieved from /opt/airflow/dags/csv_to_gcs.py
[2025-02-13T00:21:23.384+0000] {logging_mixin.py:190} INFO - [2025-02-13T00:21:23.384+0000] {dag.py:3239} INFO - Sync 1 DAGs
[2025-02-13T00:21:23.415+0000] {logging_mixin.py:190} INFO - [2025-02-13T00:21:23.414+0000] {dag.py:4180} INFO - Setting next_dagrun for zip_csv_ingestion to 2025-02-13 00:00:00+00:00, run_after=2025-02-14 00:00:00+00:00
[2025-02-13T00:21:23.434+0000] {processor.py:208} INFO - Processing /opt/airflow/dags/csv_to_gcs.py took 0.095 seconds
[2025-02-13T00:21:53.686+0000] {processor.py:186} INFO - Started process (PID=2486) to work on /opt/airflow/dags/csv_to_gcs.py
[2025-02-13T00:21:53.687+0000] {processor.py:914} INFO - Processing file /opt/airflow/dags/csv_to_gcs.py for tasks to queue
[2025-02-13T00:21:53.689+0000] {logging_mixin.py:190} INFO - [2025-02-13T00:21:53.689+0000] {dagbag.py:588} INFO - Filling up the DagBag from /opt/airflow/dags/csv_to_gcs.py
[2025-02-13T00:21:53.700+0000] {processor.py:925} INFO - DAG(s) 'zip_csv_ingestion' retrieved from /opt/airflow/dags/csv_to_gcs.py
[2025-02-13T00:21:53.724+0000] {logging_mixin.py:190} INFO - [2025-02-13T00:21:53.724+0000] {dag.py:3239} INFO - Sync 1 DAGs
[2025-02-13T00:21:53.757+0000] {logging_mixin.py:190} INFO - [2025-02-13T00:21:53.756+0000] {dag.py:4180} INFO - Setting next_dagrun for zip_csv_ingestion to 2025-02-13 00:00:00+00:00, run_after=2025-02-14 00:00:00+00:00
[2025-02-13T00:21:53.775+0000] {processor.py:208} INFO - Processing /opt/airflow/dags/csv_to_gcs.py took 0.096 seconds
[2025-02-13T00:22:23.843+0000] {processor.py:186} INFO - Started process (PID=2544) to work on /opt/airflow/dags/csv_to_gcs.py
[2025-02-13T00:22:23.844+0000] {processor.py:914} INFO - Processing file /opt/airflow/dags/csv_to_gcs.py for tasks to queue
[2025-02-13T00:22:23.847+0000] {logging_mixin.py:190} INFO - [2025-02-13T00:22:23.846+0000] {dagbag.py:588} INFO - Filling up the DagBag from /opt/airflow/dags/csv_to_gcs.py
[2025-02-13T00:22:23.859+0000] {processor.py:925} INFO - DAG(s) 'zip_csv_ingestion' retrieved from /opt/airflow/dags/csv_to_gcs.py
[2025-02-13T00:22:23.881+0000] {logging_mixin.py:190} INFO - [2025-02-13T00:22:23.881+0000] {dag.py:3239} INFO - Sync 1 DAGs
[2025-02-13T00:22:23.902+0000] {logging_mixin.py:190} INFO - [2025-02-13T00:22:23.902+0000] {dag.py:4180} INFO - Setting next_dagrun for zip_csv_ingestion to 2025-02-13 00:00:00+00:00, run_after=2025-02-14 00:00:00+00:00
[2025-02-13T00:22:23.916+0000] {processor.py:208} INFO - Processing /opt/airflow/dags/csv_to_gcs.py took 0.080 seconds
[2025-02-13T00:22:54.147+0000] {processor.py:186} INFO - Started process (PID=2602) to work on /opt/airflow/dags/csv_to_gcs.py
[2025-02-13T00:22:54.148+0000] {processor.py:914} INFO - Processing file /opt/airflow/dags/csv_to_gcs.py for tasks to queue
[2025-02-13T00:22:54.150+0000] {logging_mixin.py:190} INFO - [2025-02-13T00:22:54.150+0000] {dagbag.py:588} INFO - Filling up the DagBag from /opt/airflow/dags/csv_to_gcs.py
[2025-02-13T00:22:54.169+0000] {processor.py:925} INFO - DAG(s) 'zip_csv_ingestion' retrieved from /opt/airflow/dags/csv_to_gcs.py
[2025-02-13T00:22:54.196+0000] {logging_mixin.py:190} INFO - [2025-02-13T00:22:54.196+0000] {dag.py:3239} INFO - Sync 1 DAGs
[2025-02-13T00:22:54.241+0000] {logging_mixin.py:190} INFO - [2025-02-13T00:22:54.241+0000] {dag.py:4180} INFO - Setting next_dagrun for zip_csv_ingestion to 2025-02-13 00:00:00+00:00, run_after=2025-02-14 00:00:00+00:00
[2025-02-13T00:22:54.260+0000] {processor.py:208} INFO - Processing /opt/airflow/dags/csv_to_gcs.py took 0.120 seconds
[2025-02-13T00:23:24.455+0000] {processor.py:186} INFO - Started process (PID=2660) to work on /opt/airflow/dags/csv_to_gcs.py
[2025-02-13T00:23:24.456+0000] {processor.py:914} INFO - Processing file /opt/airflow/dags/csv_to_gcs.py for tasks to queue
[2025-02-13T00:23:24.458+0000] {logging_mixin.py:190} INFO - [2025-02-13T00:23:24.458+0000] {dagbag.py:588} INFO - Filling up the DagBag from /opt/airflow/dags/csv_to_gcs.py
[2025-02-13T00:23:24.470+0000] {processor.py:925} INFO - DAG(s) 'zip_csv_ingestion' retrieved from /opt/airflow/dags/csv_to_gcs.py
[2025-02-13T00:23:24.492+0000] {logging_mixin.py:190} INFO - [2025-02-13T00:23:24.492+0000] {dag.py:3239} INFO - Sync 1 DAGs
[2025-02-13T00:23:24.543+0000] {logging_mixin.py:190} INFO - [2025-02-13T00:23:24.539+0000] {dag.py:4180} INFO - Setting next_dagrun for zip_csv_ingestion to 2025-02-13 00:00:00+00:00, run_after=2025-02-14 00:00:00+00:00
[2025-02-13T00:23:24.607+0000] {processor.py:208} INFO - Processing /opt/airflow/dags/csv_to_gcs.py took 0.158 seconds
[2025-02-13T00:23:54.673+0000] {processor.py:186} INFO - Started process (PID=2718) to work on /opt/airflow/dags/csv_to_gcs.py
[2025-02-13T00:23:54.674+0000] {processor.py:914} INFO - Processing file /opt/airflow/dags/csv_to_gcs.py for tasks to queue
[2025-02-13T00:23:54.677+0000] {logging_mixin.py:190} INFO - [2025-02-13T00:23:54.676+0000] {dagbag.py:588} INFO - Filling up the DagBag from /opt/airflow/dags/csv_to_gcs.py
[2025-02-13T00:23:54.688+0000] {processor.py:925} INFO - DAG(s) 'zip_csv_ingestion' retrieved from /opt/airflow/dags/csv_to_gcs.py
[2025-02-13T00:23:54.711+0000] {logging_mixin.py:190} INFO - [2025-02-13T00:23:54.710+0000] {dag.py:3239} INFO - Sync 1 DAGs
[2025-02-13T00:23:54.742+0000] {logging_mixin.py:190} INFO - [2025-02-13T00:23:54.742+0000] {dag.py:4180} INFO - Setting next_dagrun for zip_csv_ingestion to 2025-02-13 00:00:00+00:00, run_after=2025-02-14 00:00:00+00:00
[2025-02-13T00:23:54.761+0000] {processor.py:208} INFO - Processing /opt/airflow/dags/csv_to_gcs.py took 0.095 seconds
[2025-02-13T00:24:24.944+0000] {processor.py:186} INFO - Started process (PID=2775) to work on /opt/airflow/dags/csv_to_gcs.py
[2025-02-13T00:24:24.945+0000] {processor.py:914} INFO - Processing file /opt/airflow/dags/csv_to_gcs.py for tasks to queue
[2025-02-13T00:24:24.948+0000] {logging_mixin.py:190} INFO - [2025-02-13T00:24:24.947+0000] {dagbag.py:588} INFO - Filling up the DagBag from /opt/airflow/dags/csv_to_gcs.py
[2025-02-13T00:24:24.959+0000] {processor.py:925} INFO - DAG(s) 'zip_csv_ingestion' retrieved from /opt/airflow/dags/csv_to_gcs.py
[2025-02-13T00:24:24.980+0000] {logging_mixin.py:190} INFO - [2025-02-13T00:24:24.980+0000] {dag.py:3239} INFO - Sync 1 DAGs
[2025-02-13T00:24:25.016+0000] {logging_mixin.py:190} INFO - [2025-02-13T00:24:25.015+0000] {dag.py:4180} INFO - Setting next_dagrun for zip_csv_ingestion to 2025-02-13 00:00:00+00:00, run_after=2025-02-14 00:00:00+00:00
[2025-02-13T00:24:25.044+0000] {processor.py:208} INFO - Processing /opt/airflow/dags/csv_to_gcs.py took 0.107 seconds
[2025-02-13T00:24:55.621+0000] {processor.py:186} INFO - Started process (PID=2826) to work on /opt/airflow/dags/csv_to_gcs.py
[2025-02-13T00:24:55.622+0000] {processor.py:914} INFO - Processing file /opt/airflow/dags/csv_to_gcs.py for tasks to queue
[2025-02-13T00:24:55.625+0000] {logging_mixin.py:190} INFO - [2025-02-13T00:24:55.624+0000] {dagbag.py:588} INFO - Filling up the DagBag from /opt/airflow/dags/csv_to_gcs.py
[2025-02-13T00:24:55.636+0000] {processor.py:925} INFO - DAG(s) 'zip_csv_ingestion' retrieved from /opt/airflow/dags/csv_to_gcs.py
[2025-02-13T00:24:55.659+0000] {logging_mixin.py:190} INFO - [2025-02-13T00:24:55.658+0000] {dag.py:3239} INFO - Sync 1 DAGs
[2025-02-13T00:24:55.690+0000] {logging_mixin.py:190} INFO - [2025-02-13T00:24:55.690+0000] {dag.py:4180} INFO - Setting next_dagrun for zip_csv_ingestion to 2025-02-13 00:00:00+00:00, run_after=2025-02-14 00:00:00+00:00
[2025-02-13T00:24:55.709+0000] {processor.py:208} INFO - Processing /opt/airflow/dags/csv_to_gcs.py took 0.094 seconds
[2025-02-13T00:25:26.759+0000] {processor.py:186} INFO - Started process (PID=2884) to work on /opt/airflow/dags/csv_to_gcs.py
[2025-02-13T00:25:26.760+0000] {processor.py:914} INFO - Processing file /opt/airflow/dags/csv_to_gcs.py for tasks to queue
[2025-02-13T00:25:26.763+0000] {logging_mixin.py:190} INFO - [2025-02-13T00:25:26.762+0000] {dagbag.py:588} INFO - Filling up the DagBag from /opt/airflow/dags/csv_to_gcs.py
[2025-02-13T00:25:26.774+0000] {processor.py:925} INFO - DAG(s) 'zip_csv_ingestion' retrieved from /opt/airflow/dags/csv_to_gcs.py
[2025-02-13T00:25:26.797+0000] {logging_mixin.py:190} INFO - [2025-02-13T00:25:26.796+0000] {dag.py:3239} INFO - Sync 1 DAGs
[2025-02-13T00:25:26.828+0000] {logging_mixin.py:190} INFO - [2025-02-13T00:25:26.828+0000] {dag.py:4180} INFO - Setting next_dagrun for zip_csv_ingestion to 2025-02-13 00:00:00+00:00, run_after=2025-02-14 00:00:00+00:00
[2025-02-13T00:25:26.847+0000] {processor.py:208} INFO - Processing /opt/airflow/dags/csv_to_gcs.py took 0.094 seconds
[2025-02-13T00:25:57.207+0000] {processor.py:186} INFO - Started process (PID=2942) to work on /opt/airflow/dags/csv_to_gcs.py
[2025-02-13T00:25:57.208+0000] {processor.py:914} INFO - Processing file /opt/airflow/dags/csv_to_gcs.py for tasks to queue
[2025-02-13T00:25:57.210+0000] {logging_mixin.py:190} INFO - [2025-02-13T00:25:57.210+0000] {dagbag.py:588} INFO - Filling up the DagBag from /opt/airflow/dags/csv_to_gcs.py
[2025-02-13T00:25:57.222+0000] {processor.py:925} INFO - DAG(s) 'zip_csv_ingestion' retrieved from /opt/airflow/dags/csv_to_gcs.py
[2025-02-13T00:25:57.245+0000] {logging_mixin.py:190} INFO - [2025-02-13T00:25:57.245+0000] {dag.py:3239} INFO - Sync 1 DAGs
[2025-02-13T00:25:57.274+0000] {logging_mixin.py:190} INFO - [2025-02-13T00:25:57.274+0000] {dag.py:4180} INFO - Setting next_dagrun for zip_csv_ingestion to 2025-02-13 00:00:00+00:00, run_after=2025-02-14 00:00:00+00:00
[2025-02-13T00:25:57.295+0000] {processor.py:208} INFO - Processing /opt/airflow/dags/csv_to_gcs.py took 0.096 seconds
[2025-02-13T00:26:27.708+0000] {processor.py:186} INFO - Started process (PID=3000) to work on /opt/airflow/dags/csv_to_gcs.py
[2025-02-13T00:26:27.709+0000] {processor.py:914} INFO - Processing file /opt/airflow/dags/csv_to_gcs.py for tasks to queue
[2025-02-13T00:26:27.711+0000] {logging_mixin.py:190} INFO - [2025-02-13T00:26:27.711+0000] {dagbag.py:588} INFO - Filling up the DagBag from /opt/airflow/dags/csv_to_gcs.py
[2025-02-13T00:26:27.723+0000] {processor.py:925} INFO - DAG(s) 'zip_csv_ingestion' retrieved from /opt/airflow/dags/csv_to_gcs.py
[2025-02-13T00:26:27.746+0000] {logging_mixin.py:190} INFO - [2025-02-13T00:26:27.746+0000] {dag.py:3239} INFO - Sync 1 DAGs
[2025-02-13T00:26:27.776+0000] {logging_mixin.py:190} INFO - [2025-02-13T00:26:27.776+0000] {dag.py:4180} INFO - Setting next_dagrun for zip_csv_ingestion to 2025-02-13 00:00:00+00:00, run_after=2025-02-14 00:00:00+00:00
[2025-02-13T00:26:27.794+0000] {processor.py:208} INFO - Processing /opt/airflow/dags/csv_to_gcs.py took 0.094 seconds
[2025-02-13T00:26:57.973+0000] {processor.py:186} INFO - Started process (PID=3049) to work on /opt/airflow/dags/csv_to_gcs.py
[2025-02-13T00:26:57.984+0000] {processor.py:914} INFO - Processing file /opt/airflow/dags/csv_to_gcs.py for tasks to queue
[2025-02-13T00:26:57.987+0000] {logging_mixin.py:190} INFO - [2025-02-13T00:26:57.987+0000] {dagbag.py:588} INFO - Filling up the DagBag from /opt/airflow/dags/csv_to_gcs.py
[2025-02-13T00:26:58.002+0000] {processor.py:925} INFO - DAG(s) 'zip_csv_ingestion' retrieved from /opt/airflow/dags/csv_to_gcs.py
[2025-02-13T00:26:58.080+0000] {logging_mixin.py:190} INFO - [2025-02-13T00:26:58.080+0000] {dag.py:3239} INFO - Sync 1 DAGs
[2025-02-13T00:26:58.114+0000] {logging_mixin.py:190} INFO - [2025-02-13T00:26:58.114+0000] {dag.py:4180} INFO - Setting next_dagrun for zip_csv_ingestion to 2025-02-13 00:00:00+00:00, run_after=2025-02-14 00:00:00+00:00
[2025-02-13T00:26:58.138+0000] {processor.py:208} INFO - Processing /opt/airflow/dags/csv_to_gcs.py took 0.177 seconds
[2025-02-13T00:27:28.476+0000] {processor.py:186} INFO - Started process (PID=3107) to work on /opt/airflow/dags/csv_to_gcs.py
[2025-02-13T00:27:28.477+0000] {processor.py:914} INFO - Processing file /opt/airflow/dags/csv_to_gcs.py for tasks to queue
[2025-02-13T00:27:28.480+0000] {logging_mixin.py:190} INFO - [2025-02-13T00:27:28.479+0000] {dagbag.py:588} INFO - Filling up the DagBag from /opt/airflow/dags/csv_to_gcs.py
[2025-02-13T00:27:28.491+0000] {processor.py:925} INFO - DAG(s) 'zip_csv_ingestion' retrieved from /opt/airflow/dags/csv_to_gcs.py
[2025-02-13T00:27:28.530+0000] {logging_mixin.py:190} INFO - [2025-02-13T00:27:28.529+0000] {dag.py:3239} INFO - Sync 1 DAGs
[2025-02-13T00:27:28.600+0000] {logging_mixin.py:190} INFO - [2025-02-13T00:27:28.599+0000] {dag.py:4180} INFO - Setting next_dagrun for zip_csv_ingestion to 2025-02-13 00:00:00+00:00, run_after=2025-02-14 00:00:00+00:00
[2025-02-13T00:27:28.618+0000] {processor.py:208} INFO - Processing /opt/airflow/dags/csv_to_gcs.py took 0.164 seconds
[2025-02-13T00:27:58.815+0000] {processor.py:186} INFO - Started process (PID=3165) to work on /opt/airflow/dags/csv_to_gcs.py
[2025-02-13T00:27:58.816+0000] {processor.py:914} INFO - Processing file /opt/airflow/dags/csv_to_gcs.py for tasks to queue
[2025-02-13T00:27:58.819+0000] {logging_mixin.py:190} INFO - [2025-02-13T00:27:58.819+0000] {dagbag.py:588} INFO - Filling up the DagBag from /opt/airflow/dags/csv_to_gcs.py
[2025-02-13T00:27:58.839+0000] {processor.py:925} INFO - DAG(s) 'zip_csv_ingestion' retrieved from /opt/airflow/dags/csv_to_gcs.py
[2025-02-13T00:27:58.874+0000] {logging_mixin.py:190} INFO - [2025-02-13T00:27:58.874+0000] {dag.py:3239} INFO - Sync 1 DAGs
[2025-02-13T00:27:58.906+0000] {logging_mixin.py:190} INFO - [2025-02-13T00:27:58.905+0000] {dag.py:4180} INFO - Setting next_dagrun for zip_csv_ingestion to 2025-02-13 00:00:00+00:00, run_after=2025-02-14 00:00:00+00:00
[2025-02-13T00:27:58.928+0000] {processor.py:208} INFO - Processing /opt/airflow/dags/csv_to_gcs.py took 0.119 seconds
