[2025-02-15T17:17:29.553+0000] {local_task_job_runner.py:123} INFO - ::group::Pre task execution logs
[2025-02-15T17:17:29.721+0000] {taskinstance.py:2614} INFO - Dependencies all met for dep_context=non-requeueable deps ti=<TaskInstance: zip_csv_ingestion.download_zip scheduled__2025-02-13T00:00:00+00:00 [queued]>
[2025-02-15T17:17:29.729+0000] {taskinstance.py:2614} INFO - Dependencies all met for dep_context=requeueable deps ti=<TaskInstance: zip_csv_ingestion.download_zip scheduled__2025-02-13T00:00:00+00:00 [queued]>
[2025-02-15T17:17:29.730+0000] {taskinstance.py:2867} INFO - Starting attempt 1 of 2
[2025-02-15T17:17:29.775+0000] {taskinstance.py:2890} INFO - Executing <Task(PythonOperator): download_zip> on 2025-02-13 00:00:00+00:00
[2025-02-15T17:17:29.801+0000] {warnings.py:112} WARNING - /home/***/.local/lib/python3.12/site-packages/***/task/task_runner/standard_task_runner.py:70: DeprecationWarning: This process (pid=47) is multi-threaded, use of fork() may lead to deadlocks in the child.
  pid = os.fork()

[2025-02-15T17:17:29.803+0000] {standard_task_runner.py:72} INFO - Started process 50 to run task
[2025-02-15T17:17:29.805+0000] {standard_task_runner.py:104} INFO - Running: ['***', 'tasks', 'run', 'zip_csv_ingestion', 'download_zip', 'scheduled__2025-02-13T00:00:00+00:00', '--job-id', '60', '--raw', '--subdir', 'DAGS_FOLDER/csv_to_gcs.py', '--cfg-path', '/tmp/tmpt3wu_u_9']
[2025-02-15T17:17:29.806+0000] {standard_task_runner.py:105} INFO - Job 60: Subtask download_zip
[2025-02-15T17:17:30.010+0000] {task_command.py:467} INFO - Running <TaskInstance: zip_csv_ingestion.download_zip scheduled__2025-02-13T00:00:00+00:00 [running]> on host 4e731c556150
[2025-02-15T17:17:30.949+0000] {taskinstance.py:3134} INFO - Exporting env vars: AIRFLOW_CTX_DAG_OWNER='***' AIRFLOW_CTX_DAG_ID='zip_csv_ingestion' AIRFLOW_CTX_TASK_ID='download_zip' AIRFLOW_CTX_EXECUTION_DATE='2025-02-13T00:00:00+00:00' AIRFLOW_CTX_TRY_NUMBER='1' AIRFLOW_CTX_DAG_RUN_ID='scheduled__2025-02-13T00:00:00+00:00'
[2025-02-15T17:17:30.950+0000] {logging_mixin.py:190} INFO - Task instance is in running state
[2025-02-15T17:17:30.951+0000] {logging_mixin.py:190} INFO -  Previous state of the Task instance: queued
[2025-02-15T17:17:30.951+0000] {logging_mixin.py:190} INFO - Current task name:download_zip state:running start_date:2025-02-15 17:17:29.721944+00:00
[2025-02-15T17:17:30.951+0000] {logging_mixin.py:190} INFO - Dag name:zip_csv_ingestion and current dag run status:running
[2025-02-15T17:17:30.951+0000] {taskinstance.py:732} INFO - ::endgroup::
[2025-02-15T17:17:45.717+0000] {job.py:229} INFO - Heartbeat recovered after 10.84 seconds
[2025-02-15T17:18:27.304+0000] {job.py:229} INFO - Heartbeat recovered after 16.13 seconds
[2025-02-15T17:18:42.037+0000] {job.py:229} INFO - Heartbeat recovered after 22.59 seconds
[2025-02-15T17:18:49.140+0000] {job.py:229} INFO - Heartbeat recovered after 16.39 seconds
[2025-02-15T17:19:05.477+0000] {job.py:229} INFO - Heartbeat recovered after 11.25 seconds
[2025-02-15T17:19:12.536+0000] {job.py:229} INFO - Heartbeat recovered after 10.60 seconds
[2025-02-15T17:19:15.199+0000] {logging_mixin.py:190} INFO - Download completed: /tmp/dataset.zip
[2025-02-15T17:19:15.200+0000] {python.py:240} INFO - Done. Returned value was: None
[2025-02-15T17:19:15.240+0000] {taskinstance.py:341} INFO - ::group::Post task execution logs
[2025-02-15T17:19:15.245+0000] {taskinstance.py:353} INFO - Marking task as SUCCESS. dag_id=zip_csv_ingestion, task_id=download_zip, run_id=scheduled__2025-02-13T00:00:00+00:00, execution_date=20250213T000000, start_date=20250215T171729, end_date=20250215T171915
[2025-02-15T17:19:16.489+0000] {logging_mixin.py:190} INFO - Task instance in success state
[2025-02-15T17:19:16.489+0000] {logging_mixin.py:190} INFO -  Previous state of the Task instance: running
[2025-02-15T17:19:16.490+0000] {logging_mixin.py:190} INFO - Dag name:zip_csv_ingestion queued_at:2025-02-15 17:17:07.849938+00:00
[2025-02-15T17:19:16.491+0000] {logging_mixin.py:190} INFO - Task hostname:4e731c556150 operator:PythonOperator
[2025-02-15T17:19:16.581+0000] {local_task_job_runner.py:266} INFO - Task exited with return code 0
[2025-02-15T17:19:16.731+0000] {taskinstance.py:3901} INFO - 1 downstream tasks scheduled from follow-on schedule check
[2025-02-15T17:19:16.740+0000] {local_task_job_runner.py:245} INFO - ::endgroup::
