[2025-02-13T00:06:13.491+0000] {local_task_job_runner.py:123} INFO - ::group::Pre task execution logs
[2025-02-13T00:06:13.554+0000] {taskinstance.py:2614} INFO - Dependencies all met for dep_context=non-requeueable deps ti=<TaskInstance: zip_csv_ingestion.upload_to_gcs manual__2025-02-13T00:00:17.977001+00:00 [queued]>
[2025-02-13T00:06:13.611+0000] {taskinstance.py:2614} INFO - Dependencies all met for dep_context=requeueable deps ti=<TaskInstance: zip_csv_ingestion.upload_to_gcs manual__2025-02-13T00:00:17.977001+00:00 [queued]>
[2025-02-13T00:06:13.612+0000] {taskinstance.py:2867} INFO - Starting attempt 1 of 2
[2025-02-13T00:06:13.648+0000] {taskinstance.py:2890} INFO - Executing <Task(LocalFilesystemToGCSOperator): upload_to_gcs> on 2025-02-13 00:00:17.977001+00:00
[2025-02-13T00:06:13.675+0000] {warnings.py:112} WARNING - /home/***/.local/lib/python3.12/site-packages/***/task/task_runner/standard_task_runner.py:70: DeprecationWarning: This process (pid=68) is multi-threaded, use of fork() may lead to deadlocks in the child.
  pid = os.fork()

[2025-02-13T00:06:13.681+0000] {standard_task_runner.py:72} INFO - Started process 70 to run task
[2025-02-13T00:06:13.684+0000] {standard_task_runner.py:104} INFO - Running: ['***', 'tasks', 'run', 'zip_csv_ingestion', 'upload_to_gcs', 'manual__2025-02-13T00:00:17.977001+00:00', '--job-id', '57', '--raw', '--subdir', 'DAGS_FOLDER/csv_to_gcs.py', '--cfg-path', '/tmp/tmpyjh723b5']
[2025-02-13T00:06:13.685+0000] {standard_task_runner.py:105} INFO - Job 57: Subtask upload_to_gcs
[2025-02-13T00:06:13.751+0000] {task_command.py:467} INFO - Running <TaskInstance: zip_csv_ingestion.upload_to_gcs manual__2025-02-13T00:00:17.977001+00:00 [running]> on host 4e731c556150
[2025-02-13T00:06:13.888+0000] {taskinstance.py:3134} INFO - Exporting env vars: AIRFLOW_CTX_DAG_OWNER='***' AIRFLOW_CTX_DAG_ID='zip_csv_ingestion' AIRFLOW_CTX_TASK_ID='upload_to_gcs' AIRFLOW_CTX_EXECUTION_DATE='2025-02-13T00:00:17.977001+00:00' AIRFLOW_CTX_TRY_NUMBER='1' AIRFLOW_CTX_DAG_RUN_ID='manual__2025-02-13T00:00:17.977001+00:00'
[2025-02-13T00:06:13.890+0000] {logging_mixin.py:190} INFO - Task instance is in running state
[2025-02-13T00:06:13.890+0000] {logging_mixin.py:190} INFO -  Previous state of the Task instance: queued
[2025-02-13T00:06:13.891+0000] {logging_mixin.py:190} INFO - Current task name:upload_to_gcs state:running start_date:2025-02-13 00:06:13.555027+00:00
[2025-02-13T00:06:13.891+0000] {logging_mixin.py:190} INFO - Dag name:zip_csv_ingestion and current dag run status:running
[2025-02-13T00:06:13.892+0000] {taskinstance.py:732} INFO - ::endgroup::
[2025-02-13T00:06:13.921+0000] {connection.py:277} WARNING - Connection schemes (type: google_cloud_platform) shall not contain '_' according to RFC3986.
[2025-02-13T00:06:13.928+0000] {base.py:84} INFO - Retrieving connection 'google_cloud_default'
[2025-02-13T00:08:28.606+0000] {gcs.py:578} INFO - File /tmp/dataset.csv uploaded to raw/dataset.csv in bucketforbatch bucket
[2025-02-13T00:08:28.606+0000] {hook.py:208} WARNING - Data lineage tracking is disabled. Register a hook lineage reader to start tracking hook lineage.
[2025-02-13T00:08:28.627+0000] {taskinstance.py:341} INFO - ::group::Post task execution logs
[2025-02-13T00:08:28.627+0000] {taskinstance.py:353} INFO - Marking task as SUCCESS. dag_id=zip_csv_ingestion, task_id=upload_to_gcs, run_id=manual__2025-02-13T00:00:17.977001+00:00, execution_date=20250213T000017, start_date=20250213T000613, end_date=20250213T000828
[2025-02-13T00:08:28.666+0000] {logging_mixin.py:190} INFO - Task instance in success state
[2025-02-13T00:08:28.667+0000] {logging_mixin.py:190} INFO -  Previous state of the Task instance: running
[2025-02-13T00:08:28.667+0000] {logging_mixin.py:190} INFO - Dag name:zip_csv_ingestion queued_at:2025-02-13 00:00:18.326593+00:00
[2025-02-13T00:08:28.668+0000] {logging_mixin.py:190} INFO - Task hostname:4e731c556150 operator:LocalFilesystemToGCSOperator
[2025-02-13T00:08:28.734+0000] {local_task_job_runner.py:266} INFO - Task exited with return code 0
[2025-02-13T00:08:28.762+0000] {taskinstance.py:3901} INFO - 0 downstream tasks scheduled from follow-on schedule check
[2025-02-13T00:08:28.763+0000] {local_task_job_runner.py:245} INFO - ::endgroup::
