[2025-02-15T17:17:29.591+0000] {local_task_job_runner.py:123} INFO - ::group::Pre task execution logs
[2025-02-15T17:17:29.728+0000] {taskinstance.py:2614} INFO - Dependencies all met for dep_context=non-requeueable deps ti=<TaskInstance: zip_csv_ingestion.download_zip scheduled__2025-02-14T00:00:00+00:00 [queued]>
[2025-02-15T17:17:29.783+0000] {taskinstance.py:2614} INFO - Dependencies all met for dep_context=requeueable deps ti=<TaskInstance: zip_csv_ingestion.download_zip scheduled__2025-02-14T00:00:00+00:00 [queued]>
[2025-02-15T17:17:29.784+0000] {taskinstance.py:2867} INFO - Starting attempt 1 of 2
[2025-02-15T17:17:29.892+0000] {taskinstance.py:2890} INFO - Executing <Task(PythonOperator): download_zip> on 2025-02-14 00:00:00+00:00
[2025-02-15T17:17:29.929+0000] {warnings.py:112} WARNING - /home/***/.local/lib/python3.12/site-packages/***/task/task_runner/standard_task_runner.py:70: DeprecationWarning: This process (pid=46) is multi-threaded, use of fork() may lead to deadlocks in the child.
  pid = os.fork()

[2025-02-15T17:17:29.933+0000] {standard_task_runner.py:72} INFO - Started process 52 to run task
[2025-02-15T17:17:29.964+0000] {standard_task_runner.py:104} INFO - Running: ['***', 'tasks', 'run', 'zip_csv_ingestion', 'download_zip', 'scheduled__2025-02-14T00:00:00+00:00', '--job-id', '61', '--raw', '--subdir', 'DAGS_FOLDER/csv_to_gcs.py', '--cfg-path', '/tmp/tmpubtrt4fr']
[2025-02-15T17:17:29.982+0000] {standard_task_runner.py:105} INFO - Job 61: Subtask download_zip
[2025-02-15T17:17:30.252+0000] {task_command.py:467} INFO - Running <TaskInstance: zip_csv_ingestion.download_zip scheduled__2025-02-14T00:00:00+00:00 [running]> on host 4e731c556150
[2025-02-15T17:17:30.934+0000] {taskinstance.py:3134} INFO - Exporting env vars: AIRFLOW_CTX_DAG_OWNER='***' AIRFLOW_CTX_DAG_ID='zip_csv_ingestion' AIRFLOW_CTX_TASK_ID='download_zip' AIRFLOW_CTX_EXECUTION_DATE='2025-02-14T00:00:00+00:00' AIRFLOW_CTX_TRY_NUMBER='1' AIRFLOW_CTX_DAG_RUN_ID='scheduled__2025-02-14T00:00:00+00:00'
[2025-02-15T17:17:30.938+0000] {logging_mixin.py:190} INFO - Task instance is in running state
[2025-02-15T17:17:30.940+0000] {logging_mixin.py:190} INFO -  Previous state of the Task instance: queued
[2025-02-15T17:17:30.940+0000] {logging_mixin.py:190} INFO - Current task name:download_zip state:running start_date:2025-02-15 17:17:29.730338+00:00
[2025-02-15T17:17:30.945+0000] {logging_mixin.py:190} INFO - Dag name:zip_csv_ingestion and current dag run status:running
[2025-02-15T17:17:30.946+0000] {taskinstance.py:732} INFO - ::endgroup::
[2025-02-15T17:17:45.719+0000] {job.py:229} INFO - Heartbeat recovered after 10.71 seconds
[2025-02-15T17:18:27.303+0000] {job.py:229} INFO - Heartbeat recovered after 16.08 seconds
[2025-02-15T17:18:42.034+0000] {job.py:229} INFO - Heartbeat recovered after 22.62 seconds
[2025-02-15T17:18:49.140+0000] {job.py:229} INFO - Heartbeat recovered after 16.51 seconds
[2025-02-15T17:19:05.472+0000] {job.py:229} INFO - Heartbeat recovered after 11.27 seconds
[2025-02-15T17:19:13.545+0000] {job.py:229} INFO - Heartbeat recovered after 11.54 seconds
[2025-02-15T17:19:15.198+0000] {logging_mixin.py:190} INFO - Download completed: /tmp/dataset.zip
[2025-02-15T17:19:15.203+0000] {python.py:240} INFO - Done. Returned value was: None
[2025-02-15T17:19:15.268+0000] {taskinstance.py:341} INFO - ::group::Post task execution logs
[2025-02-15T17:19:15.270+0000] {taskinstance.py:353} INFO - Marking task as SUCCESS. dag_id=zip_csv_ingestion, task_id=download_zip, run_id=scheduled__2025-02-14T00:00:00+00:00, execution_date=20250214T000000, start_date=20250215T171729, end_date=20250215T171915
[2025-02-15T17:19:17.232+0000] {logging_mixin.py:190} INFO - Task instance in success state
[2025-02-15T17:19:17.232+0000] {logging_mixin.py:190} INFO -  Previous state of the Task instance: running
[2025-02-15T17:19:17.232+0000] {logging_mixin.py:190} INFO - Dag name:zip_csv_ingestion queued_at:2025-02-15 17:17:09.107293+00:00
[2025-02-15T17:19:17.232+0000] {logging_mixin.py:190} INFO - Task hostname:4e731c556150 operator:PythonOperator
[2025-02-15T17:19:17.312+0000] {local_task_job_runner.py:266} INFO - Task exited with return code 0
[2025-02-15T17:19:17.369+0000] {taskinstance.py:3901} INFO - 1 downstream tasks scheduled from follow-on schedule check
[2025-02-15T17:19:17.387+0000] {local_task_job_runner.py:245} INFO - ::endgroup::
