[2025-02-13T00:00:25.315+0000] {processor.py:186} INFO - Started process (PID=151) to work on /home/airflow/.local/lib/python3.12/site-packages/airflow/example_dags/example_bash_operator.py
[2025-02-13T00:00:25.319+0000] {processor.py:914} INFO - Processing file /home/airflow/.local/lib/python3.12/site-packages/airflow/example_dags/example_bash_operator.py for tasks to queue
[2025-02-13T00:00:25.324+0000] {logging_mixin.py:190} INFO - [2025-02-13T00:00:25.324+0000] {dagbag.py:588} INFO - Filling up the DagBag from /home/airflow/.local/lib/python3.12/site-packages/airflow/example_dags/example_bash_operator.py
[2025-02-13T00:00:25.344+0000] {processor.py:925} INFO - DAG(s) 'example_bash_operator' retrieved from /home/airflow/.local/lib/python3.12/site-packages/airflow/example_dags/example_bash_operator.py
[2025-02-13T00:00:25.385+0000] {logging_mixin.py:190} INFO - [2025-02-13T00:00:25.385+0000] {dag.py:3239} INFO - Sync 1 DAGs
[2025-02-13T00:00:25.419+0000] {logging_mixin.py:190} INFO - [2025-02-13T00:00:25.418+0000] {dag.py:4180} INFO - Setting next_dagrun for example_bash_operator to 2025-02-12 00:00:00+00:00, run_after=2025-02-13 00:00:00+00:00
[2025-02-13T00:00:27.776+0000] {processor.py:208} INFO - Processing /home/airflow/.local/lib/python3.12/site-packages/airflow/example_dags/example_bash_operator.py took 2.474 seconds
[2025-02-13T00:01:17.683+0000] {processor.py:186} INFO - Started process (PID=209) to work on /home/airflow/.local/lib/python3.12/site-packages/airflow/example_dags/example_bash_operator.py
[2025-02-13T00:01:17.686+0000] {processor.py:914} INFO - Processing file /home/airflow/.local/lib/python3.12/site-packages/airflow/example_dags/example_bash_operator.py for tasks to queue
[2025-02-13T00:01:17.688+0000] {logging_mixin.py:190} INFO - [2025-02-13T00:01:17.688+0000] {dagbag.py:588} INFO - Filling up the DagBag from /home/airflow/.local/lib/python3.12/site-packages/airflow/example_dags/example_bash_operator.py
[2025-02-13T00:01:17.726+0000] {processor.py:925} INFO - DAG(s) 'example_bash_operator' retrieved from /home/airflow/.local/lib/python3.12/site-packages/airflow/example_dags/example_bash_operator.py
[2025-02-13T00:01:17.841+0000] {logging_mixin.py:190} INFO - [2025-02-13T00:01:17.840+0000] {dag.py:3239} INFO - Sync 1 DAGs
[2025-02-13T00:01:17.968+0000] {logging_mixin.py:190} INFO - [2025-02-13T00:01:17.963+0000] {dag.py:4180} INFO - Setting next_dagrun for example_bash_operator to 2025-02-12 00:00:00+00:00, run_after=2025-02-13 00:00:00+00:00
[2025-02-13T00:01:18.026+0000] {processor.py:208} INFO - Processing /home/airflow/.local/lib/python3.12/site-packages/airflow/example_dags/example_bash_operator.py took 0.380 seconds
[2025-02-13T00:01:58.963+0000] {processor.py:186} INFO - Started process (PID=260) to work on /home/airflow/.local/lib/python3.12/site-packages/airflow/example_dags/example_bash_operator.py
[2025-02-13T00:01:58.964+0000] {processor.py:914} INFO - Processing file /home/airflow/.local/lib/python3.12/site-packages/airflow/example_dags/example_bash_operator.py for tasks to queue
[2025-02-13T00:01:58.967+0000] {logging_mixin.py:190} INFO - [2025-02-13T00:01:58.966+0000] {dagbag.py:588} INFO - Filling up the DagBag from /home/airflow/.local/lib/python3.12/site-packages/airflow/example_dags/example_bash_operator.py
[2025-02-13T00:01:59.010+0000] {processor.py:925} INFO - DAG(s) 'example_bash_operator' retrieved from /home/airflow/.local/lib/python3.12/site-packages/airflow/example_dags/example_bash_operator.py
[2025-02-13T00:01:59.116+0000] {logging_mixin.py:190} INFO - [2025-02-13T00:01:59.115+0000] {dag.py:3239} INFO - Sync 1 DAGs
[2025-02-13T00:01:59.186+0000] {logging_mixin.py:190} INFO - [2025-02-13T00:01:59.186+0000] {dag.py:4180} INFO - Setting next_dagrun for example_bash_operator to 2025-02-12 00:00:00+00:00, run_after=2025-02-13 00:00:00+00:00
[2025-02-13T00:01:59.212+0000] {processor.py:208} INFO - Processing /home/airflow/.local/lib/python3.12/site-packages/airflow/example_dags/example_bash_operator.py took 0.278 seconds
[2025-02-13T00:02:43.832+0000] {processor.py:186} INFO - Started process (PID=318) to work on /home/airflow/.local/lib/python3.12/site-packages/airflow/example_dags/example_bash_operator.py
[2025-02-13T00:02:43.833+0000] {processor.py:914} INFO - Processing file /home/airflow/.local/lib/python3.12/site-packages/airflow/example_dags/example_bash_operator.py for tasks to queue
[2025-02-13T00:02:43.837+0000] {logging_mixin.py:190} INFO - [2025-02-13T00:02:43.836+0000] {dagbag.py:588} INFO - Filling up the DagBag from /home/airflow/.local/lib/python3.12/site-packages/airflow/example_dags/example_bash_operator.py
[2025-02-13T00:02:43.855+0000] {processor.py:925} INFO - DAG(s) 'example_bash_operator' retrieved from /home/airflow/.local/lib/python3.12/site-packages/airflow/example_dags/example_bash_operator.py
[2025-02-13T00:02:43.923+0000] {logging_mixin.py:190} INFO - [2025-02-13T00:02:43.922+0000] {dag.py:3239} INFO - Sync 1 DAGs
[2025-02-13T00:02:44.498+0000] {logging_mixin.py:190} INFO - [2025-02-13T00:02:44.497+0000] {dag.py:4180} INFO - Setting next_dagrun for example_bash_operator to 2025-02-12 00:00:00+00:00, run_after=2025-02-13 00:00:00+00:00
[2025-02-13T00:02:44.547+0000] {processor.py:208} INFO - Processing /home/airflow/.local/lib/python3.12/site-packages/airflow/example_dags/example_bash_operator.py took 0.723 seconds
[2025-02-13T00:03:16.910+0000] {processor.py:186} INFO - Started process (PID=376) to work on /home/airflow/.local/lib/python3.12/site-packages/airflow/example_dags/example_bash_operator.py
[2025-02-13T00:03:16.911+0000] {processor.py:914} INFO - Processing file /home/airflow/.local/lib/python3.12/site-packages/airflow/example_dags/example_bash_operator.py for tasks to queue
[2025-02-13T00:03:16.915+0000] {logging_mixin.py:190} INFO - [2025-02-13T00:03:16.913+0000] {dagbag.py:588} INFO - Filling up the DagBag from /home/airflow/.local/lib/python3.12/site-packages/airflow/example_dags/example_bash_operator.py
[2025-02-13T00:03:16.953+0000] {processor.py:925} INFO - DAG(s) 'example_bash_operator' retrieved from /home/airflow/.local/lib/python3.12/site-packages/airflow/example_dags/example_bash_operator.py
[2025-02-13T00:03:17.000+0000] {logging_mixin.py:190} INFO - [2025-02-13T00:03:17.000+0000] {dag.py:3239} INFO - Sync 1 DAGs
[2025-02-13T00:03:17.335+0000] {logging_mixin.py:190} INFO - [2025-02-13T00:03:17.335+0000] {dag.py:4180} INFO - Setting next_dagrun for example_bash_operator to 2025-02-12 00:00:00+00:00, run_after=2025-02-13 00:00:00+00:00
[2025-02-13T00:03:17.379+0000] {processor.py:208} INFO - Processing /home/airflow/.local/lib/python3.12/site-packages/airflow/example_dags/example_bash_operator.py took 0.481 seconds
[2025-02-13T00:03:49.978+0000] {processor.py:186} INFO - Started process (PID=434) to work on /home/airflow/.local/lib/python3.12/site-packages/airflow/example_dags/example_bash_operator.py
[2025-02-13T00:03:49.982+0000] {processor.py:914} INFO - Processing file /home/airflow/.local/lib/python3.12/site-packages/airflow/example_dags/example_bash_operator.py for tasks to queue
[2025-02-13T00:03:49.988+0000] {logging_mixin.py:190} INFO - [2025-02-13T00:03:49.985+0000] {dagbag.py:588} INFO - Filling up the DagBag from /home/airflow/.local/lib/python3.12/site-packages/airflow/example_dags/example_bash_operator.py
[2025-02-13T00:03:50.025+0000] {processor.py:925} INFO - DAG(s) 'example_bash_operator' retrieved from /home/airflow/.local/lib/python3.12/site-packages/airflow/example_dags/example_bash_operator.py
[2025-02-13T00:03:50.098+0000] {logging_mixin.py:190} INFO - [2025-02-13T00:03:50.098+0000] {dag.py:3239} INFO - Sync 1 DAGs
[2025-02-13T00:03:50.171+0000] {logging_mixin.py:190} INFO - [2025-02-13T00:03:50.171+0000] {dag.py:4180} INFO - Setting next_dagrun for example_bash_operator to 2025-02-12 00:00:00+00:00, run_after=2025-02-13 00:00:00+00:00
[2025-02-13T00:03:50.223+0000] {processor.py:208} INFO - Processing /home/airflow/.local/lib/python3.12/site-packages/airflow/example_dags/example_bash_operator.py took 0.281 seconds
[2025-02-13T00:04:20.490+0000] {processor.py:186} INFO - Started process (PID=491) to work on /home/airflow/.local/lib/python3.12/site-packages/airflow/example_dags/example_bash_operator.py
[2025-02-13T00:04:20.492+0000] {processor.py:914} INFO - Processing file /home/airflow/.local/lib/python3.12/site-packages/airflow/example_dags/example_bash_operator.py for tasks to queue
[2025-02-13T00:04:20.494+0000] {logging_mixin.py:190} INFO - [2025-02-13T00:04:20.494+0000] {dagbag.py:588} INFO - Filling up the DagBag from /home/airflow/.local/lib/python3.12/site-packages/airflow/example_dags/example_bash_operator.py
[2025-02-13T00:04:20.532+0000] {processor.py:925} INFO - DAG(s) 'example_bash_operator' retrieved from /home/airflow/.local/lib/python3.12/site-packages/airflow/example_dags/example_bash_operator.py
[2025-02-13T00:04:20.631+0000] {logging_mixin.py:190} INFO - [2025-02-13T00:04:20.631+0000] {dag.py:3239} INFO - Sync 1 DAGs
[2025-02-13T00:04:20.730+0000] {logging_mixin.py:190} INFO - [2025-02-13T00:04:20.730+0000] {dag.py:4180} INFO - Setting next_dagrun for example_bash_operator to 2025-02-12 00:00:00+00:00, run_after=2025-02-13 00:00:00+00:00
[2025-02-13T00:04:20.787+0000] {processor.py:208} INFO - Processing /home/airflow/.local/lib/python3.12/site-packages/airflow/example_dags/example_bash_operator.py took 0.305 seconds
[2025-02-13T00:04:51.171+0000] {processor.py:186} INFO - Started process (PID=549) to work on /home/airflow/.local/lib/python3.12/site-packages/airflow/example_dags/example_bash_operator.py
[2025-02-13T00:04:51.172+0000] {processor.py:914} INFO - Processing file /home/airflow/.local/lib/python3.12/site-packages/airflow/example_dags/example_bash_operator.py for tasks to queue
[2025-02-13T00:04:51.175+0000] {logging_mixin.py:190} INFO - [2025-02-13T00:04:51.174+0000] {dagbag.py:588} INFO - Filling up the DagBag from /home/airflow/.local/lib/python3.12/site-packages/airflow/example_dags/example_bash_operator.py
[2025-02-13T00:04:51.219+0000] {processor.py:925} INFO - DAG(s) 'example_bash_operator' retrieved from /home/airflow/.local/lib/python3.12/site-packages/airflow/example_dags/example_bash_operator.py
[2025-02-13T00:04:51.332+0000] {logging_mixin.py:190} INFO - [2025-02-13T00:04:51.332+0000] {dag.py:3239} INFO - Sync 1 DAGs
[2025-02-13T00:04:51.369+0000] {logging_mixin.py:190} INFO - [2025-02-13T00:04:51.368+0000] {dag.py:4180} INFO - Setting next_dagrun for example_bash_operator to 2025-02-12 00:00:00+00:00, run_after=2025-02-13 00:00:00+00:00
[2025-02-13T00:04:51.400+0000] {processor.py:208} INFO - Processing /home/airflow/.local/lib/python3.12/site-packages/airflow/example_dags/example_bash_operator.py took 0.240 seconds
[2025-02-13T00:05:24.647+0000] {processor.py:186} INFO - Started process (PID=606) to work on /home/airflow/.local/lib/python3.12/site-packages/airflow/example_dags/example_bash_operator.py
[2025-02-13T00:05:24.652+0000] {processor.py:914} INFO - Processing file /home/airflow/.local/lib/python3.12/site-packages/airflow/example_dags/example_bash_operator.py for tasks to queue
[2025-02-13T00:05:24.662+0000] {logging_mixin.py:190} INFO - [2025-02-13T00:05:24.662+0000] {dagbag.py:588} INFO - Filling up the DagBag from /home/airflow/.local/lib/python3.12/site-packages/airflow/example_dags/example_bash_operator.py
[2025-02-13T00:05:24.735+0000] {processor.py:925} INFO - DAG(s) 'example_bash_operator' retrieved from /home/airflow/.local/lib/python3.12/site-packages/airflow/example_dags/example_bash_operator.py
[2025-02-13T00:05:24.831+0000] {logging_mixin.py:190} INFO - [2025-02-13T00:05:24.830+0000] {dag.py:3239} INFO - Sync 1 DAGs
[2025-02-13T00:05:24.893+0000] {logging_mixin.py:190} INFO - [2025-02-13T00:05:24.893+0000] {dag.py:4180} INFO - Setting next_dagrun for example_bash_operator to 2025-02-12 00:00:00+00:00, run_after=2025-02-13 00:00:00+00:00
[2025-02-13T00:05:25.879+0000] {processor.py:208} INFO - Processing /home/airflow/.local/lib/python3.12/site-packages/airflow/example_dags/example_bash_operator.py took 1.256 seconds
[2025-02-13T00:05:56.328+0000] {processor.py:186} INFO - Started process (PID=664) to work on /home/airflow/.local/lib/python3.12/site-packages/airflow/example_dags/example_bash_operator.py
[2025-02-13T00:05:56.329+0000] {processor.py:914} INFO - Processing file /home/airflow/.local/lib/python3.12/site-packages/airflow/example_dags/example_bash_operator.py for tasks to queue
[2025-02-13T00:05:56.336+0000] {logging_mixin.py:190} INFO - [2025-02-13T00:05:56.335+0000] {dagbag.py:588} INFO - Filling up the DagBag from /home/airflow/.local/lib/python3.12/site-packages/airflow/example_dags/example_bash_operator.py
[2025-02-13T00:05:56.369+0000] {processor.py:925} INFO - DAG(s) 'example_bash_operator' retrieved from /home/airflow/.local/lib/python3.12/site-packages/airflow/example_dags/example_bash_operator.py
[2025-02-13T00:05:56.476+0000] {logging_mixin.py:190} INFO - [2025-02-13T00:05:56.475+0000] {dag.py:3239} INFO - Sync 1 DAGs
[2025-02-13T00:05:56.573+0000] {logging_mixin.py:190} INFO - [2025-02-13T00:05:56.570+0000] {dag.py:4180} INFO - Setting next_dagrun for example_bash_operator to 2025-02-12 00:00:00+00:00, run_after=2025-02-13 00:00:00+00:00
[2025-02-13T00:05:56.617+0000] {processor.py:208} INFO - Processing /home/airflow/.local/lib/python3.12/site-packages/airflow/example_dags/example_bash_operator.py took 0.308 seconds
[2025-02-13T00:06:26.993+0000] {processor.py:186} INFO - Started process (PID=722) to work on /home/airflow/.local/lib/python3.12/site-packages/airflow/example_dags/example_bash_operator.py
[2025-02-13T00:06:26.994+0000] {processor.py:914} INFO - Processing file /home/airflow/.local/lib/python3.12/site-packages/airflow/example_dags/example_bash_operator.py for tasks to queue
[2025-02-13T00:06:26.999+0000] {logging_mixin.py:190} INFO - [2025-02-13T00:06:26.998+0000] {dagbag.py:588} INFO - Filling up the DagBag from /home/airflow/.local/lib/python3.12/site-packages/airflow/example_dags/example_bash_operator.py
[2025-02-13T00:06:27.031+0000] {processor.py:925} INFO - DAG(s) 'example_bash_operator' retrieved from /home/airflow/.local/lib/python3.12/site-packages/airflow/example_dags/example_bash_operator.py
[2025-02-13T00:06:27.097+0000] {logging_mixin.py:190} INFO - [2025-02-13T00:06:27.097+0000] {dag.py:3239} INFO - Sync 1 DAGs
[2025-02-13T00:06:27.148+0000] {logging_mixin.py:190} INFO - [2025-02-13T00:06:27.148+0000] {dag.py:4180} INFO - Setting next_dagrun for example_bash_operator to 2025-02-12 00:00:00+00:00, run_after=2025-02-13 00:00:00+00:00
[2025-02-13T00:06:27.165+0000] {processor.py:208} INFO - Processing /home/airflow/.local/lib/python3.12/site-packages/airflow/example_dags/example_bash_operator.py took 0.179 seconds
[2025-02-13T00:06:57.387+0000] {processor.py:186} INFO - Started process (PID=780) to work on /home/airflow/.local/lib/python3.12/site-packages/airflow/example_dags/example_bash_operator.py
[2025-02-13T00:06:57.388+0000] {processor.py:914} INFO - Processing file /home/airflow/.local/lib/python3.12/site-packages/airflow/example_dags/example_bash_operator.py for tasks to queue
[2025-02-13T00:06:57.391+0000] {logging_mixin.py:190} INFO - [2025-02-13T00:06:57.390+0000] {dagbag.py:588} INFO - Filling up the DagBag from /home/airflow/.local/lib/python3.12/site-packages/airflow/example_dags/example_bash_operator.py
[2025-02-13T00:06:57.412+0000] {processor.py:925} INFO - DAG(s) 'example_bash_operator' retrieved from /home/airflow/.local/lib/python3.12/site-packages/airflow/example_dags/example_bash_operator.py
[2025-02-13T00:06:57.479+0000] {logging_mixin.py:190} INFO - [2025-02-13T00:06:57.479+0000] {dag.py:3239} INFO - Sync 1 DAGs
[2025-02-13T00:06:57.518+0000] {logging_mixin.py:190} INFO - [2025-02-13T00:06:57.518+0000] {dag.py:4180} INFO - Setting next_dagrun for example_bash_operator to 2025-02-12 00:00:00+00:00, run_after=2025-02-13 00:00:00+00:00
[2025-02-13T00:06:57.535+0000] {processor.py:208} INFO - Processing /home/airflow/.local/lib/python3.12/site-packages/airflow/example_dags/example_bash_operator.py took 0.162 seconds
[2025-02-13T00:07:27.762+0000] {processor.py:186} INFO - Started process (PID=838) to work on /home/airflow/.local/lib/python3.12/site-packages/airflow/example_dags/example_bash_operator.py
[2025-02-13T00:07:27.763+0000] {processor.py:914} INFO - Processing file /home/airflow/.local/lib/python3.12/site-packages/airflow/example_dags/example_bash_operator.py for tasks to queue
[2025-02-13T00:07:27.766+0000] {logging_mixin.py:190} INFO - [2025-02-13T00:07:27.765+0000] {dagbag.py:588} INFO - Filling up the DagBag from /home/airflow/.local/lib/python3.12/site-packages/airflow/example_dags/example_bash_operator.py
[2025-02-13T00:07:27.784+0000] {processor.py:925} INFO - DAG(s) 'example_bash_operator' retrieved from /home/airflow/.local/lib/python3.12/site-packages/airflow/example_dags/example_bash_operator.py
[2025-02-13T00:07:27.837+0000] {logging_mixin.py:190} INFO - [2025-02-13T00:07:27.836+0000] {dag.py:3239} INFO - Sync 1 DAGs
[2025-02-13T00:07:27.877+0000] {logging_mixin.py:190} INFO - [2025-02-13T00:07:27.877+0000] {dag.py:4180} INFO - Setting next_dagrun for example_bash_operator to 2025-02-12 00:00:00+00:00, run_after=2025-02-13 00:00:00+00:00
[2025-02-13T00:07:27.932+0000] {processor.py:208} INFO - Processing /home/airflow/.local/lib/python3.12/site-packages/airflow/example_dags/example_bash_operator.py took 0.177 seconds
[2025-02-13T00:07:58.040+0000] {processor.py:186} INFO - Started process (PID=896) to work on /home/airflow/.local/lib/python3.12/site-packages/airflow/example_dags/example_bash_operator.py
[2025-02-13T00:07:58.043+0000] {processor.py:914} INFO - Processing file /home/airflow/.local/lib/python3.12/site-packages/airflow/example_dags/example_bash_operator.py for tasks to queue
[2025-02-13T00:07:58.052+0000] {logging_mixin.py:190} INFO - [2025-02-13T00:07:58.052+0000] {dagbag.py:588} INFO - Filling up the DagBag from /home/airflow/.local/lib/python3.12/site-packages/airflow/example_dags/example_bash_operator.py
[2025-02-13T00:07:58.071+0000] {processor.py:925} INFO - DAG(s) 'example_bash_operator' retrieved from /home/airflow/.local/lib/python3.12/site-packages/airflow/example_dags/example_bash_operator.py
[2025-02-13T00:07:58.106+0000] {logging_mixin.py:190} INFO - [2025-02-13T00:07:58.106+0000] {dag.py:3239} INFO - Sync 1 DAGs
[2025-02-13T00:07:58.137+0000] {logging_mixin.py:190} INFO - [2025-02-13T00:07:58.137+0000] {dag.py:4180} INFO - Setting next_dagrun for example_bash_operator to 2025-02-12 00:00:00+00:00, run_after=2025-02-13 00:00:00+00:00
[2025-02-13T00:07:58.156+0000] {processor.py:208} INFO - Processing /home/airflow/.local/lib/python3.12/site-packages/airflow/example_dags/example_bash_operator.py took 0.127 seconds
[2025-02-13T00:08:28.680+0000] {processor.py:186} INFO - Started process (PID=954) to work on /home/airflow/.local/lib/python3.12/site-packages/airflow/example_dags/example_bash_operator.py
[2025-02-13T00:08:28.681+0000] {processor.py:914} INFO - Processing file /home/airflow/.local/lib/python3.12/site-packages/airflow/example_dags/example_bash_operator.py for tasks to queue
[2025-02-13T00:08:28.684+0000] {logging_mixin.py:190} INFO - [2025-02-13T00:08:28.684+0000] {dagbag.py:588} INFO - Filling up the DagBag from /home/airflow/.local/lib/python3.12/site-packages/airflow/example_dags/example_bash_operator.py
[2025-02-13T00:08:28.714+0000] {processor.py:925} INFO - DAG(s) 'example_bash_operator' retrieved from /home/airflow/.local/lib/python3.12/site-packages/airflow/example_dags/example_bash_operator.py
[2025-02-13T00:08:28.774+0000] {logging_mixin.py:190} INFO - [2025-02-13T00:08:28.774+0000] {dag.py:3239} INFO - Sync 1 DAGs
[2025-02-13T00:08:28.831+0000] {logging_mixin.py:190} INFO - [2025-02-13T00:08:28.831+0000] {dag.py:4180} INFO - Setting next_dagrun for example_bash_operator to 2025-02-12 00:00:00+00:00, run_after=2025-02-13 00:00:00+00:00
[2025-02-13T00:08:28.849+0000] {processor.py:208} INFO - Processing /home/airflow/.local/lib/python3.12/site-packages/airflow/example_dags/example_bash_operator.py took 0.192 seconds
[2025-02-13T00:08:59.053+0000] {processor.py:186} INFO - Started process (PID=1012) to work on /home/airflow/.local/lib/python3.12/site-packages/airflow/example_dags/example_bash_operator.py
[2025-02-13T00:08:59.054+0000] {processor.py:914} INFO - Processing file /home/airflow/.local/lib/python3.12/site-packages/airflow/example_dags/example_bash_operator.py for tasks to queue
[2025-02-13T00:08:59.056+0000] {logging_mixin.py:190} INFO - [2025-02-13T00:08:59.056+0000] {dagbag.py:588} INFO - Filling up the DagBag from /home/airflow/.local/lib/python3.12/site-packages/airflow/example_dags/example_bash_operator.py
[2025-02-13T00:08:59.084+0000] {processor.py:925} INFO - DAG(s) 'example_bash_operator' retrieved from /home/airflow/.local/lib/python3.12/site-packages/airflow/example_dags/example_bash_operator.py
[2025-02-13T00:08:59.127+0000] {logging_mixin.py:190} INFO - [2025-02-13T00:08:59.127+0000] {dag.py:3239} INFO - Sync 1 DAGs
[2025-02-13T00:08:59.157+0000] {logging_mixin.py:190} INFO - [2025-02-13T00:08:59.157+0000] {dag.py:4180} INFO - Setting next_dagrun for example_bash_operator to 2025-02-12 00:00:00+00:00, run_after=2025-02-13 00:00:00+00:00
[2025-02-13T00:08:59.173+0000] {processor.py:208} INFO - Processing /home/airflow/.local/lib/python3.12/site-packages/airflow/example_dags/example_bash_operator.py took 0.130 seconds
[2025-02-13T00:09:29.296+0000] {processor.py:186} INFO - Started process (PID=1070) to work on /home/airflow/.local/lib/python3.12/site-packages/airflow/example_dags/example_bash_operator.py
[2025-02-13T00:09:29.297+0000] {processor.py:914} INFO - Processing file /home/airflow/.local/lib/python3.12/site-packages/airflow/example_dags/example_bash_operator.py for tasks to queue
[2025-02-13T00:09:29.299+0000] {logging_mixin.py:190} INFO - [2025-02-13T00:09:29.299+0000] {dagbag.py:588} INFO - Filling up the DagBag from /home/airflow/.local/lib/python3.12/site-packages/airflow/example_dags/example_bash_operator.py
[2025-02-13T00:09:29.316+0000] {processor.py:925} INFO - DAG(s) 'example_bash_operator' retrieved from /home/airflow/.local/lib/python3.12/site-packages/airflow/example_dags/example_bash_operator.py
[2025-02-13T00:09:29.350+0000] {logging_mixin.py:190} INFO - [2025-02-13T00:09:29.349+0000] {dag.py:3239} INFO - Sync 1 DAGs
[2025-02-13T00:09:29.379+0000] {logging_mixin.py:190} INFO - [2025-02-13T00:09:29.379+0000] {dag.py:4180} INFO - Setting next_dagrun for example_bash_operator to 2025-02-12 00:00:00+00:00, run_after=2025-02-13 00:00:00+00:00
[2025-02-13T00:09:29.397+0000] {processor.py:208} INFO - Processing /home/airflow/.local/lib/python3.12/site-packages/airflow/example_dags/example_bash_operator.py took 0.108 seconds
[2025-02-13T00:09:59.599+0000] {processor.py:186} INFO - Started process (PID=1128) to work on /home/airflow/.local/lib/python3.12/site-packages/airflow/example_dags/example_bash_operator.py
[2025-02-13T00:09:59.601+0000] {processor.py:914} INFO - Processing file /home/airflow/.local/lib/python3.12/site-packages/airflow/example_dags/example_bash_operator.py for tasks to queue
[2025-02-13T00:09:59.603+0000] {logging_mixin.py:190} INFO - [2025-02-13T00:09:59.603+0000] {dagbag.py:588} INFO - Filling up the DagBag from /home/airflow/.local/lib/python3.12/site-packages/airflow/example_dags/example_bash_operator.py
[2025-02-13T00:09:59.619+0000] {processor.py:925} INFO - DAG(s) 'example_bash_operator' retrieved from /home/airflow/.local/lib/python3.12/site-packages/airflow/example_dags/example_bash_operator.py
[2025-02-13T00:09:59.652+0000] {logging_mixin.py:190} INFO - [2025-02-13T00:09:59.652+0000] {dag.py:3239} INFO - Sync 1 DAGs
[2025-02-13T00:09:59.680+0000] {logging_mixin.py:190} INFO - [2025-02-13T00:09:59.680+0000] {dag.py:4180} INFO - Setting next_dagrun for example_bash_operator to 2025-02-12 00:00:00+00:00, run_after=2025-02-13 00:00:00+00:00
[2025-02-13T00:09:59.695+0000] {processor.py:208} INFO - Processing /home/airflow/.local/lib/python3.12/site-packages/airflow/example_dags/example_bash_operator.py took 0.108 seconds
[2025-02-13T00:10:29.748+0000] {processor.py:186} INFO - Started process (PID=1186) to work on /home/airflow/.local/lib/python3.12/site-packages/airflow/example_dags/example_bash_operator.py
[2025-02-13T00:10:29.749+0000] {processor.py:914} INFO - Processing file /home/airflow/.local/lib/python3.12/site-packages/airflow/example_dags/example_bash_operator.py for tasks to queue
[2025-02-13T00:10:29.751+0000] {logging_mixin.py:190} INFO - [2025-02-13T00:10:29.751+0000] {dagbag.py:588} INFO - Filling up the DagBag from /home/airflow/.local/lib/python3.12/site-packages/airflow/example_dags/example_bash_operator.py
[2025-02-13T00:10:29.768+0000] {processor.py:925} INFO - DAG(s) 'example_bash_operator' retrieved from /home/airflow/.local/lib/python3.12/site-packages/airflow/example_dags/example_bash_operator.py
[2025-02-13T00:10:29.802+0000] {logging_mixin.py:190} INFO - [2025-02-13T00:10:29.802+0000] {dag.py:3239} INFO - Sync 1 DAGs
[2025-02-13T00:10:29.837+0000] {logging_mixin.py:190} INFO - [2025-02-13T00:10:29.837+0000] {dag.py:4180} INFO - Setting next_dagrun for example_bash_operator to 2025-02-12 00:00:00+00:00, run_after=2025-02-13 00:00:00+00:00
[2025-02-13T00:10:29.854+0000] {processor.py:208} INFO - Processing /home/airflow/.local/lib/python3.12/site-packages/airflow/example_dags/example_bash_operator.py took 0.113 seconds
[2025-02-13T00:10:59.962+0000] {processor.py:186} INFO - Started process (PID=1244) to work on /home/airflow/.local/lib/python3.12/site-packages/airflow/example_dags/example_bash_operator.py
[2025-02-13T00:10:59.963+0000] {processor.py:914} INFO - Processing file /home/airflow/.local/lib/python3.12/site-packages/airflow/example_dags/example_bash_operator.py for tasks to queue
[2025-02-13T00:10:59.965+0000] {logging_mixin.py:190} INFO - [2025-02-13T00:10:59.965+0000] {dagbag.py:588} INFO - Filling up the DagBag from /home/airflow/.local/lib/python3.12/site-packages/airflow/example_dags/example_bash_operator.py
[2025-02-13T00:10:59.983+0000] {processor.py:925} INFO - DAG(s) 'example_bash_operator' retrieved from /home/airflow/.local/lib/python3.12/site-packages/airflow/example_dags/example_bash_operator.py
[2025-02-13T00:11:00.013+0000] {logging_mixin.py:190} INFO - [2025-02-13T00:11:00.013+0000] {dag.py:3239} INFO - Sync 1 DAGs
[2025-02-13T00:11:00.033+0000] {logging_mixin.py:190} INFO - [2025-02-13T00:11:00.032+0000] {dag.py:4180} INFO - Setting next_dagrun for example_bash_operator to 2025-02-12 00:00:00+00:00, run_after=2025-02-13 00:00:00+00:00
[2025-02-13T00:11:00.046+0000] {processor.py:208} INFO - Processing /home/airflow/.local/lib/python3.12/site-packages/airflow/example_dags/example_bash_operator.py took 0.092 seconds
[2025-02-13T00:11:30.428+0000] {processor.py:186} INFO - Started process (PID=1300) to work on /home/airflow/.local/lib/python3.12/site-packages/airflow/example_dags/example_bash_operator.py
[2025-02-13T00:11:30.429+0000] {processor.py:914} INFO - Processing file /home/airflow/.local/lib/python3.12/site-packages/airflow/example_dags/example_bash_operator.py for tasks to queue
[2025-02-13T00:11:30.431+0000] {logging_mixin.py:190} INFO - [2025-02-13T00:11:30.431+0000] {dagbag.py:588} INFO - Filling up the DagBag from /home/airflow/.local/lib/python3.12/site-packages/airflow/example_dags/example_bash_operator.py
[2025-02-13T00:11:30.447+0000] {processor.py:925} INFO - DAG(s) 'example_bash_operator' retrieved from /home/airflow/.local/lib/python3.12/site-packages/airflow/example_dags/example_bash_operator.py
[2025-02-13T00:11:30.480+0000] {logging_mixin.py:190} INFO - [2025-02-13T00:11:30.480+0000] {dag.py:3239} INFO - Sync 1 DAGs
[2025-02-13T00:11:30.510+0000] {logging_mixin.py:190} INFO - [2025-02-13T00:11:30.510+0000] {dag.py:4180} INFO - Setting next_dagrun for example_bash_operator to 2025-02-12 00:00:00+00:00, run_after=2025-02-13 00:00:00+00:00
[2025-02-13T00:11:30.528+0000] {processor.py:208} INFO - Processing /home/airflow/.local/lib/python3.12/site-packages/airflow/example_dags/example_bash_operator.py took 0.108 seconds
[2025-02-13T00:12:01.528+0000] {processor.py:186} INFO - Started process (PID=1358) to work on /home/airflow/.local/lib/python3.12/site-packages/airflow/example_dags/example_bash_operator.py
[2025-02-13T00:12:01.529+0000] {processor.py:914} INFO - Processing file /home/airflow/.local/lib/python3.12/site-packages/airflow/example_dags/example_bash_operator.py for tasks to queue
[2025-02-13T00:12:01.531+0000] {logging_mixin.py:190} INFO - [2025-02-13T00:12:01.531+0000] {dagbag.py:588} INFO - Filling up the DagBag from /home/airflow/.local/lib/python3.12/site-packages/airflow/example_dags/example_bash_operator.py
[2025-02-13T00:12:01.547+0000] {processor.py:925} INFO - DAG(s) 'example_bash_operator' retrieved from /home/airflow/.local/lib/python3.12/site-packages/airflow/example_dags/example_bash_operator.py
[2025-02-13T00:12:01.583+0000] {logging_mixin.py:190} INFO - [2025-02-13T00:12:01.583+0000] {dag.py:3239} INFO - Sync 1 DAGs
[2025-02-13T00:12:01.614+0000] {logging_mixin.py:190} INFO - [2025-02-13T00:12:01.614+0000] {dag.py:4180} INFO - Setting next_dagrun for example_bash_operator to 2025-02-12 00:00:00+00:00, run_after=2025-02-13 00:00:00+00:00
[2025-02-13T00:12:01.632+0000] {processor.py:208} INFO - Processing /home/airflow/.local/lib/python3.12/site-packages/airflow/example_dags/example_bash_operator.py took 0.111 seconds
[2025-02-13T00:12:31.825+0000] {processor.py:186} INFO - Started process (PID=1410) to work on /home/airflow/.local/lib/python3.12/site-packages/airflow/example_dags/example_bash_operator.py
[2025-02-13T00:12:31.826+0000] {processor.py:914} INFO - Processing file /home/airflow/.local/lib/python3.12/site-packages/airflow/example_dags/example_bash_operator.py for tasks to queue
[2025-02-13T00:12:31.828+0000] {logging_mixin.py:190} INFO - [2025-02-13T00:12:31.828+0000] {dagbag.py:588} INFO - Filling up the DagBag from /home/airflow/.local/lib/python3.12/site-packages/airflow/example_dags/example_bash_operator.py
[2025-02-13T00:12:31.845+0000] {processor.py:925} INFO - DAG(s) 'example_bash_operator' retrieved from /home/airflow/.local/lib/python3.12/site-packages/airflow/example_dags/example_bash_operator.py
[2025-02-13T00:12:31.879+0000] {logging_mixin.py:190} INFO - [2025-02-13T00:12:31.879+0000] {dag.py:3239} INFO - Sync 1 DAGs
[2025-02-13T00:12:31.917+0000] {logging_mixin.py:190} INFO - [2025-02-13T00:12:31.917+0000] {dag.py:4180} INFO - Setting next_dagrun for example_bash_operator to 2025-02-12 00:00:00+00:00, run_after=2025-02-13 00:00:00+00:00
[2025-02-13T00:12:31.936+0000] {processor.py:208} INFO - Processing /home/airflow/.local/lib/python3.12/site-packages/airflow/example_dags/example_bash_operator.py took 0.118 seconds
[2025-02-13T00:13:02.410+0000] {processor.py:186} INFO - Started process (PID=1463) to work on /home/airflow/.local/lib/python3.12/site-packages/airflow/example_dags/example_bash_operator.py
[2025-02-13T00:13:02.410+0000] {processor.py:914} INFO - Processing file /home/airflow/.local/lib/python3.12/site-packages/airflow/example_dags/example_bash_operator.py for tasks to queue
[2025-02-13T00:13:02.413+0000] {logging_mixin.py:190} INFO - [2025-02-13T00:13:02.413+0000] {dagbag.py:588} INFO - Filling up the DagBag from /home/airflow/.local/lib/python3.12/site-packages/airflow/example_dags/example_bash_operator.py
[2025-02-13T00:13:02.431+0000] {processor.py:925} INFO - DAG(s) 'example_bash_operator' retrieved from /home/airflow/.local/lib/python3.12/site-packages/airflow/example_dags/example_bash_operator.py
[2025-02-13T00:13:02.467+0000] {logging_mixin.py:190} INFO - [2025-02-13T00:13:02.467+0000] {dag.py:3239} INFO - Sync 1 DAGs
[2025-02-13T00:13:02.499+0000] {logging_mixin.py:190} INFO - [2025-02-13T00:13:02.499+0000] {dag.py:4180} INFO - Setting next_dagrun for example_bash_operator to 2025-02-12 00:00:00+00:00, run_after=2025-02-13 00:00:00+00:00
[2025-02-13T00:13:02.518+0000] {processor.py:208} INFO - Processing /home/airflow/.local/lib/python3.12/site-packages/airflow/example_dags/example_bash_operator.py took 0.116 seconds
[2025-02-13T00:13:32.584+0000] {processor.py:186} INFO - Started process (PID=1521) to work on /home/airflow/.local/lib/python3.12/site-packages/airflow/example_dags/example_bash_operator.py
[2025-02-13T00:13:32.584+0000] {processor.py:914} INFO - Processing file /home/airflow/.local/lib/python3.12/site-packages/airflow/example_dags/example_bash_operator.py for tasks to queue
[2025-02-13T00:13:32.586+0000] {logging_mixin.py:190} INFO - [2025-02-13T00:13:32.586+0000] {dagbag.py:588} INFO - Filling up the DagBag from /home/airflow/.local/lib/python3.12/site-packages/airflow/example_dags/example_bash_operator.py
[2025-02-13T00:13:32.599+0000] {processor.py:925} INFO - DAG(s) 'example_bash_operator' retrieved from /home/airflow/.local/lib/python3.12/site-packages/airflow/example_dags/example_bash_operator.py
[2025-02-13T00:13:32.626+0000] {logging_mixin.py:190} INFO - [2025-02-13T00:13:32.626+0000] {dag.py:3239} INFO - Sync 1 DAGs
[2025-02-13T00:13:32.646+0000] {logging_mixin.py:190} INFO - [2025-02-13T00:13:32.646+0000] {dag.py:4180} INFO - Setting next_dagrun for example_bash_operator to 2025-02-12 00:00:00+00:00, run_after=2025-02-13 00:00:00+00:00
[2025-02-13T00:13:32.661+0000] {processor.py:208} INFO - Processing /home/airflow/.local/lib/python3.12/site-packages/airflow/example_dags/example_bash_operator.py took 0.082 seconds
[2025-02-13T00:14:02.695+0000] {processor.py:186} INFO - Started process (PID=1579) to work on /home/airflow/.local/lib/python3.12/site-packages/airflow/example_dags/example_bash_operator.py
[2025-02-13T00:14:02.696+0000] {processor.py:914} INFO - Processing file /home/airflow/.local/lib/python3.12/site-packages/airflow/example_dags/example_bash_operator.py for tasks to queue
[2025-02-13T00:14:02.697+0000] {logging_mixin.py:190} INFO - [2025-02-13T00:14:02.697+0000] {dagbag.py:588} INFO - Filling up the DagBag from /home/airflow/.local/lib/python3.12/site-packages/airflow/example_dags/example_bash_operator.py
[2025-02-13T00:14:02.713+0000] {processor.py:925} INFO - DAG(s) 'example_bash_operator' retrieved from /home/airflow/.local/lib/python3.12/site-packages/airflow/example_dags/example_bash_operator.py
[2025-02-13T00:14:02.754+0000] {logging_mixin.py:190} INFO - [2025-02-13T00:14:02.753+0000] {dag.py:3239} INFO - Sync 1 DAGs
[2025-02-13T00:14:02.785+0000] {logging_mixin.py:190} INFO - [2025-02-13T00:14:02.784+0000] {dag.py:4180} INFO - Setting next_dagrun for example_bash_operator to 2025-02-12 00:00:00+00:00, run_after=2025-02-13 00:00:00+00:00
[2025-02-13T00:14:02.798+0000] {processor.py:208} INFO - Processing /home/airflow/.local/lib/python3.12/site-packages/airflow/example_dags/example_bash_operator.py took 0.108 seconds
[2025-02-13T00:14:32.961+0000] {processor.py:186} INFO - Started process (PID=1637) to work on /home/airflow/.local/lib/python3.12/site-packages/airflow/example_dags/example_bash_operator.py
[2025-02-13T00:14:32.961+0000] {processor.py:914} INFO - Processing file /home/airflow/.local/lib/python3.12/site-packages/airflow/example_dags/example_bash_operator.py for tasks to queue
[2025-02-13T00:14:32.963+0000] {logging_mixin.py:190} INFO - [2025-02-13T00:14:32.963+0000] {dagbag.py:588} INFO - Filling up the DagBag from /home/airflow/.local/lib/python3.12/site-packages/airflow/example_dags/example_bash_operator.py
[2025-02-13T00:14:32.974+0000] {processor.py:925} INFO - DAG(s) 'example_bash_operator' retrieved from /home/airflow/.local/lib/python3.12/site-packages/airflow/example_dags/example_bash_operator.py
[2025-02-13T00:14:32.998+0000] {logging_mixin.py:190} INFO - [2025-02-13T00:14:32.998+0000] {dag.py:3239} INFO - Sync 1 DAGs
[2025-02-13T00:14:33.018+0000] {logging_mixin.py:190} INFO - [2025-02-13T00:14:33.018+0000] {dag.py:4180} INFO - Setting next_dagrun for example_bash_operator to 2025-02-12 00:00:00+00:00, run_after=2025-02-13 00:00:00+00:00
[2025-02-13T00:14:33.032+0000] {processor.py:208} INFO - Processing /home/airflow/.local/lib/python3.12/site-packages/airflow/example_dags/example_bash_operator.py took 0.076 seconds
[2025-02-13T00:15:03.187+0000] {processor.py:186} INFO - Started process (PID=1695) to work on /home/airflow/.local/lib/python3.12/site-packages/airflow/example_dags/example_bash_operator.py
[2025-02-13T00:15:03.188+0000] {processor.py:914} INFO - Processing file /home/airflow/.local/lib/python3.12/site-packages/airflow/example_dags/example_bash_operator.py for tasks to queue
[2025-02-13T00:15:03.189+0000] {logging_mixin.py:190} INFO - [2025-02-13T00:15:03.189+0000] {dagbag.py:588} INFO - Filling up the DagBag from /home/airflow/.local/lib/python3.12/site-packages/airflow/example_dags/example_bash_operator.py
[2025-02-13T00:15:03.200+0000] {processor.py:925} INFO - DAG(s) 'example_bash_operator' retrieved from /home/airflow/.local/lib/python3.12/site-packages/airflow/example_dags/example_bash_operator.py
[2025-02-13T00:15:03.225+0000] {logging_mixin.py:190} INFO - [2025-02-13T00:15:03.225+0000] {dag.py:3239} INFO - Sync 1 DAGs
[2025-02-13T00:15:03.244+0000] {logging_mixin.py:190} INFO - [2025-02-13T00:15:03.244+0000] {dag.py:4180} INFO - Setting next_dagrun for example_bash_operator to 2025-02-12 00:00:00+00:00, run_after=2025-02-13 00:00:00+00:00
[2025-02-13T00:15:03.259+0000] {processor.py:208} INFO - Processing /home/airflow/.local/lib/python3.12/site-packages/airflow/example_dags/example_bash_operator.py took 0.076 seconds
[2025-02-13T00:15:33.542+0000] {processor.py:186} INFO - Started process (PID=1753) to work on /home/airflow/.local/lib/python3.12/site-packages/airflow/example_dags/example_bash_operator.py
[2025-02-13T00:15:33.543+0000] {processor.py:914} INFO - Processing file /home/airflow/.local/lib/python3.12/site-packages/airflow/example_dags/example_bash_operator.py for tasks to queue
[2025-02-13T00:15:33.544+0000] {logging_mixin.py:190} INFO - [2025-02-13T00:15:33.544+0000] {dagbag.py:588} INFO - Filling up the DagBag from /home/airflow/.local/lib/python3.12/site-packages/airflow/example_dags/example_bash_operator.py
[2025-02-13T00:15:33.558+0000] {processor.py:925} INFO - DAG(s) 'example_bash_operator' retrieved from /home/airflow/.local/lib/python3.12/site-packages/airflow/example_dags/example_bash_operator.py
[2025-02-13T00:15:33.580+0000] {logging_mixin.py:190} INFO - [2025-02-13T00:15:33.580+0000] {dag.py:3239} INFO - Sync 1 DAGs
[2025-02-13T00:15:33.600+0000] {logging_mixin.py:190} INFO - [2025-02-13T00:15:33.600+0000] {dag.py:4180} INFO - Setting next_dagrun for example_bash_operator to 2025-02-12 00:00:00+00:00, run_after=2025-02-13 00:00:00+00:00
[2025-02-13T00:15:33.613+0000] {processor.py:208} INFO - Processing /home/airflow/.local/lib/python3.12/site-packages/airflow/example_dags/example_bash_operator.py took 0.077 seconds
[2025-02-13T00:16:03.943+0000] {processor.py:186} INFO - Started process (PID=1811) to work on /home/airflow/.local/lib/python3.12/site-packages/airflow/example_dags/example_bash_operator.py
[2025-02-13T00:16:03.944+0000] {processor.py:914} INFO - Processing file /home/airflow/.local/lib/python3.12/site-packages/airflow/example_dags/example_bash_operator.py for tasks to queue
[2025-02-13T00:16:03.946+0000] {logging_mixin.py:190} INFO - [2025-02-13T00:16:03.946+0000] {dagbag.py:588} INFO - Filling up the DagBag from /home/airflow/.local/lib/python3.12/site-packages/airflow/example_dags/example_bash_operator.py
[2025-02-13T00:16:03.958+0000] {processor.py:925} INFO - DAG(s) 'example_bash_operator' retrieved from /home/airflow/.local/lib/python3.12/site-packages/airflow/example_dags/example_bash_operator.py
[2025-02-13T00:16:03.981+0000] {logging_mixin.py:190} INFO - [2025-02-13T00:16:03.981+0000] {dag.py:3239} INFO - Sync 1 DAGs
[2025-02-13T00:16:04.001+0000] {logging_mixin.py:190} INFO - [2025-02-13T00:16:04.001+0000] {dag.py:4180} INFO - Setting next_dagrun for example_bash_operator to 2025-02-12 00:00:00+00:00, run_after=2025-02-13 00:00:00+00:00
[2025-02-13T00:16:04.017+0000] {processor.py:208} INFO - Processing /home/airflow/.local/lib/python3.12/site-packages/airflow/example_dags/example_bash_operator.py took 0.079 seconds
[2025-02-13T00:16:34.099+0000] {processor.py:186} INFO - Started process (PID=1869) to work on /home/airflow/.local/lib/python3.12/site-packages/airflow/example_dags/example_bash_operator.py
[2025-02-13T00:16:34.100+0000] {processor.py:914} INFO - Processing file /home/airflow/.local/lib/python3.12/site-packages/airflow/example_dags/example_bash_operator.py for tasks to queue
[2025-02-13T00:16:34.101+0000] {logging_mixin.py:190} INFO - [2025-02-13T00:16:34.101+0000] {dagbag.py:588} INFO - Filling up the DagBag from /home/airflow/.local/lib/python3.12/site-packages/airflow/example_dags/example_bash_operator.py
[2025-02-13T00:16:34.113+0000] {processor.py:925} INFO - DAG(s) 'example_bash_operator' retrieved from /home/airflow/.local/lib/python3.12/site-packages/airflow/example_dags/example_bash_operator.py
[2025-02-13T00:16:34.135+0000] {logging_mixin.py:190} INFO - [2025-02-13T00:16:34.135+0000] {dag.py:3239} INFO - Sync 1 DAGs
[2025-02-13T00:16:34.155+0000] {logging_mixin.py:190} INFO - [2025-02-13T00:16:34.155+0000] {dag.py:4180} INFO - Setting next_dagrun for example_bash_operator to 2025-02-12 00:00:00+00:00, run_after=2025-02-13 00:00:00+00:00
[2025-02-13T00:16:34.168+0000] {processor.py:208} INFO - Processing /home/airflow/.local/lib/python3.12/site-packages/airflow/example_dags/example_bash_operator.py took 0.074 seconds
[2025-02-13T00:17:04.537+0000] {processor.py:186} INFO - Started process (PID=1927) to work on /home/airflow/.local/lib/python3.12/site-packages/airflow/example_dags/example_bash_operator.py
[2025-02-13T00:17:04.538+0000] {processor.py:914} INFO - Processing file /home/airflow/.local/lib/python3.12/site-packages/airflow/example_dags/example_bash_operator.py for tasks to queue
[2025-02-13T00:17:04.540+0000] {logging_mixin.py:190} INFO - [2025-02-13T00:17:04.539+0000] {dagbag.py:588} INFO - Filling up the DagBag from /home/airflow/.local/lib/python3.12/site-packages/airflow/example_dags/example_bash_operator.py
[2025-02-13T00:17:04.551+0000] {processor.py:925} INFO - DAG(s) 'example_bash_operator' retrieved from /home/airflow/.local/lib/python3.12/site-packages/airflow/example_dags/example_bash_operator.py
[2025-02-13T00:17:04.575+0000] {logging_mixin.py:190} INFO - [2025-02-13T00:17:04.575+0000] {dag.py:3239} INFO - Sync 1 DAGs
[2025-02-13T00:17:04.595+0000] {logging_mixin.py:190} INFO - [2025-02-13T00:17:04.595+0000] {dag.py:4180} INFO - Setting next_dagrun for example_bash_operator to 2025-02-12 00:00:00+00:00, run_after=2025-02-13 00:00:00+00:00
[2025-02-13T00:17:04.609+0000] {processor.py:208} INFO - Processing /home/airflow/.local/lib/python3.12/site-packages/airflow/example_dags/example_bash_operator.py took 0.078 seconds
[2025-02-13T00:17:34.904+0000] {processor.py:186} INFO - Started process (PID=1985) to work on /home/airflow/.local/lib/python3.12/site-packages/airflow/example_dags/example_bash_operator.py
[2025-02-13T00:17:34.905+0000] {processor.py:914} INFO - Processing file /home/airflow/.local/lib/python3.12/site-packages/airflow/example_dags/example_bash_operator.py for tasks to queue
[2025-02-13T00:17:34.907+0000] {logging_mixin.py:190} INFO - [2025-02-13T00:17:34.906+0000] {dagbag.py:588} INFO - Filling up the DagBag from /home/airflow/.local/lib/python3.12/site-packages/airflow/example_dags/example_bash_operator.py
[2025-02-13T00:17:34.918+0000] {processor.py:925} INFO - DAG(s) 'example_bash_operator' retrieved from /home/airflow/.local/lib/python3.12/site-packages/airflow/example_dags/example_bash_operator.py
[2025-02-13T00:17:34.941+0000] {logging_mixin.py:190} INFO - [2025-02-13T00:17:34.941+0000] {dag.py:3239} INFO - Sync 1 DAGs
[2025-02-13T00:17:34.961+0000] {logging_mixin.py:190} INFO - [2025-02-13T00:17:34.961+0000] {dag.py:4180} INFO - Setting next_dagrun for example_bash_operator to 2025-02-12 00:00:00+00:00, run_after=2025-02-13 00:00:00+00:00
[2025-02-13T00:17:34.975+0000] {processor.py:208} INFO - Processing /home/airflow/.local/lib/python3.12/site-packages/airflow/example_dags/example_bash_operator.py took 0.076 seconds
[2025-02-13T00:18:05.108+0000] {processor.py:186} INFO - Started process (PID=2043) to work on /home/airflow/.local/lib/python3.12/site-packages/airflow/example_dags/example_bash_operator.py
[2025-02-13T00:18:05.108+0000] {processor.py:914} INFO - Processing file /home/airflow/.local/lib/python3.12/site-packages/airflow/example_dags/example_bash_operator.py for tasks to queue
[2025-02-13T00:18:05.110+0000] {logging_mixin.py:190} INFO - [2025-02-13T00:18:05.110+0000] {dagbag.py:588} INFO - Filling up the DagBag from /home/airflow/.local/lib/python3.12/site-packages/airflow/example_dags/example_bash_operator.py
[2025-02-13T00:18:05.122+0000] {processor.py:925} INFO - DAG(s) 'example_bash_operator' retrieved from /home/airflow/.local/lib/python3.12/site-packages/airflow/example_dags/example_bash_operator.py
[2025-02-13T00:18:05.145+0000] {logging_mixin.py:190} INFO - [2025-02-13T00:18:05.144+0000] {dag.py:3239} INFO - Sync 1 DAGs
[2025-02-13T00:18:05.164+0000] {logging_mixin.py:190} INFO - [2025-02-13T00:18:05.164+0000] {dag.py:4180} INFO - Setting next_dagrun for example_bash_operator to 2025-02-12 00:00:00+00:00, run_after=2025-02-13 00:00:00+00:00
[2025-02-13T00:18:05.179+0000] {processor.py:208} INFO - Processing /home/airflow/.local/lib/python3.12/site-packages/airflow/example_dags/example_bash_operator.py took 0.077 seconds
[2025-02-13T00:18:35.458+0000] {processor.py:186} INFO - Started process (PID=2101) to work on /home/airflow/.local/lib/python3.12/site-packages/airflow/example_dags/example_bash_operator.py
[2025-02-13T00:18:35.458+0000] {processor.py:914} INFO - Processing file /home/airflow/.local/lib/python3.12/site-packages/airflow/example_dags/example_bash_operator.py for tasks to queue
[2025-02-13T00:18:35.460+0000] {logging_mixin.py:190} INFO - [2025-02-13T00:18:35.460+0000] {dagbag.py:588} INFO - Filling up the DagBag from /home/airflow/.local/lib/python3.12/site-packages/airflow/example_dags/example_bash_operator.py
[2025-02-13T00:18:35.472+0000] {processor.py:925} INFO - DAG(s) 'example_bash_operator' retrieved from /home/airflow/.local/lib/python3.12/site-packages/airflow/example_dags/example_bash_operator.py
[2025-02-13T00:18:35.494+0000] {logging_mixin.py:190} INFO - [2025-02-13T00:18:35.494+0000] {dag.py:3239} INFO - Sync 1 DAGs
[2025-02-13T00:18:35.526+0000] {logging_mixin.py:190} INFO - [2025-02-13T00:18:35.525+0000] {dag.py:4180} INFO - Setting next_dagrun for example_bash_operator to 2025-02-12 00:00:00+00:00, run_after=2025-02-13 00:00:00+00:00
[2025-02-13T00:18:35.547+0000] {processor.py:208} INFO - Processing /home/airflow/.local/lib/python3.12/site-packages/airflow/example_dags/example_bash_operator.py took 0.095 seconds
[2025-02-13T00:19:05.613+0000] {processor.py:186} INFO - Started process (PID=2159) to work on /home/airflow/.local/lib/python3.12/site-packages/airflow/example_dags/example_bash_operator.py
[2025-02-13T00:19:05.614+0000] {processor.py:914} INFO - Processing file /home/airflow/.local/lib/python3.12/site-packages/airflow/example_dags/example_bash_operator.py for tasks to queue
[2025-02-13T00:19:05.615+0000] {logging_mixin.py:190} INFO - [2025-02-13T00:19:05.615+0000] {dagbag.py:588} INFO - Filling up the DagBag from /home/airflow/.local/lib/python3.12/site-packages/airflow/example_dags/example_bash_operator.py
[2025-02-13T00:19:05.627+0000] {processor.py:925} INFO - DAG(s) 'example_bash_operator' retrieved from /home/airflow/.local/lib/python3.12/site-packages/airflow/example_dags/example_bash_operator.py
[2025-02-13T00:19:05.650+0000] {logging_mixin.py:190} INFO - [2025-02-13T00:19:05.650+0000] {dag.py:3239} INFO - Sync 1 DAGs
[2025-02-13T00:19:05.670+0000] {logging_mixin.py:190} INFO - [2025-02-13T00:19:05.670+0000] {dag.py:4180} INFO - Setting next_dagrun for example_bash_operator to 2025-02-12 00:00:00+00:00, run_after=2025-02-13 00:00:00+00:00
[2025-02-13T00:19:05.684+0000] {processor.py:208} INFO - Processing /home/airflow/.local/lib/python3.12/site-packages/airflow/example_dags/example_bash_operator.py took 0.076 seconds
[2025-02-13T00:19:35.906+0000] {processor.py:186} INFO - Started process (PID=2217) to work on /home/airflow/.local/lib/python3.12/site-packages/airflow/example_dags/example_bash_operator.py
[2025-02-13T00:19:35.907+0000] {processor.py:914} INFO - Processing file /home/airflow/.local/lib/python3.12/site-packages/airflow/example_dags/example_bash_operator.py for tasks to queue
[2025-02-13T00:19:35.909+0000] {logging_mixin.py:190} INFO - [2025-02-13T00:19:35.908+0000] {dagbag.py:588} INFO - Filling up the DagBag from /home/airflow/.local/lib/python3.12/site-packages/airflow/example_dags/example_bash_operator.py
[2025-02-13T00:19:35.921+0000] {processor.py:925} INFO - DAG(s) 'example_bash_operator' retrieved from /home/airflow/.local/lib/python3.12/site-packages/airflow/example_dags/example_bash_operator.py
[2025-02-13T00:19:35.944+0000] {logging_mixin.py:190} INFO - [2025-02-13T00:19:35.943+0000] {dag.py:3239} INFO - Sync 1 DAGs
[2025-02-13T00:19:35.964+0000] {logging_mixin.py:190} INFO - [2025-02-13T00:19:35.964+0000] {dag.py:4180} INFO - Setting next_dagrun for example_bash_operator to 2025-02-12 00:00:00+00:00, run_after=2025-02-13 00:00:00+00:00
[2025-02-13T00:19:35.978+0000] {processor.py:208} INFO - Processing /home/airflow/.local/lib/python3.12/site-packages/airflow/example_dags/example_bash_operator.py took 0.078 seconds
[2025-02-13T00:20:06.134+0000] {processor.py:186} INFO - Started process (PID=2275) to work on /home/airflow/.local/lib/python3.12/site-packages/airflow/example_dags/example_bash_operator.py
[2025-02-13T00:20:06.135+0000] {processor.py:914} INFO - Processing file /home/airflow/.local/lib/python3.12/site-packages/airflow/example_dags/example_bash_operator.py for tasks to queue
[2025-02-13T00:20:06.137+0000] {logging_mixin.py:190} INFO - [2025-02-13T00:20:06.136+0000] {dagbag.py:588} INFO - Filling up the DagBag from /home/airflow/.local/lib/python3.12/site-packages/airflow/example_dags/example_bash_operator.py
[2025-02-13T00:20:06.149+0000] {processor.py:925} INFO - DAG(s) 'example_bash_operator' retrieved from /home/airflow/.local/lib/python3.12/site-packages/airflow/example_dags/example_bash_operator.py
[2025-02-13T00:20:06.179+0000] {logging_mixin.py:190} INFO - [2025-02-13T00:20:06.179+0000] {dag.py:3239} INFO - Sync 1 DAGs
[2025-02-13T00:20:06.200+0000] {logging_mixin.py:190} INFO - [2025-02-13T00:20:06.200+0000] {dag.py:4180} INFO - Setting next_dagrun for example_bash_operator to 2025-02-12 00:00:00+00:00, run_after=2025-02-13 00:00:00+00:00
[2025-02-13T00:20:06.214+0000] {processor.py:208} INFO - Processing /home/airflow/.local/lib/python3.12/site-packages/airflow/example_dags/example_bash_operator.py took 0.085 seconds
[2025-02-13T00:20:36.269+0000] {processor.py:186} INFO - Started process (PID=2332) to work on /home/airflow/.local/lib/python3.12/site-packages/airflow/example_dags/example_bash_operator.py
[2025-02-13T00:20:36.269+0000] {processor.py:914} INFO - Processing file /home/airflow/.local/lib/python3.12/site-packages/airflow/example_dags/example_bash_operator.py for tasks to queue
[2025-02-13T00:20:36.271+0000] {logging_mixin.py:190} INFO - [2025-02-13T00:20:36.271+0000] {dagbag.py:588} INFO - Filling up the DagBag from /home/airflow/.local/lib/python3.12/site-packages/airflow/example_dags/example_bash_operator.py
[2025-02-13T00:20:36.284+0000] {processor.py:925} INFO - DAG(s) 'example_bash_operator' retrieved from /home/airflow/.local/lib/python3.12/site-packages/airflow/example_dags/example_bash_operator.py
[2025-02-13T00:20:36.307+0000] {logging_mixin.py:190} INFO - [2025-02-13T00:20:36.307+0000] {dag.py:3239} INFO - Sync 1 DAGs
[2025-02-13T00:20:36.327+0000] {logging_mixin.py:190} INFO - [2025-02-13T00:20:36.327+0000] {dag.py:4180} INFO - Setting next_dagrun for example_bash_operator to 2025-02-12 00:00:00+00:00, run_after=2025-02-13 00:00:00+00:00
[2025-02-13T00:20:36.341+0000] {processor.py:208} INFO - Processing /home/airflow/.local/lib/python3.12/site-packages/airflow/example_dags/example_bash_operator.py took 0.078 seconds
[2025-02-13T00:21:06.549+0000] {processor.py:186} INFO - Started process (PID=2390) to work on /home/airflow/.local/lib/python3.12/site-packages/airflow/example_dags/example_bash_operator.py
[2025-02-13T00:21:06.550+0000] {processor.py:914} INFO - Processing file /home/airflow/.local/lib/python3.12/site-packages/airflow/example_dags/example_bash_operator.py for tasks to queue
[2025-02-13T00:21:06.551+0000] {logging_mixin.py:190} INFO - [2025-02-13T00:21:06.551+0000] {dagbag.py:588} INFO - Filling up the DagBag from /home/airflow/.local/lib/python3.12/site-packages/airflow/example_dags/example_bash_operator.py
[2025-02-13T00:21:06.563+0000] {processor.py:925} INFO - DAG(s) 'example_bash_operator' retrieved from /home/airflow/.local/lib/python3.12/site-packages/airflow/example_dags/example_bash_operator.py
[2025-02-13T00:21:06.586+0000] {logging_mixin.py:190} INFO - [2025-02-13T00:21:06.585+0000] {dag.py:3239} INFO - Sync 1 DAGs
[2025-02-13T00:21:06.606+0000] {logging_mixin.py:190} INFO - [2025-02-13T00:21:06.605+0000] {dag.py:4180} INFO - Setting next_dagrun for example_bash_operator to 2025-02-12 00:00:00+00:00, run_after=2025-02-13 00:00:00+00:00
[2025-02-13T00:21:06.619+0000] {processor.py:208} INFO - Processing /home/airflow/.local/lib/python3.12/site-packages/airflow/example_dags/example_bash_operator.py took 0.075 seconds
[2025-02-13T00:21:36.799+0000] {processor.py:186} INFO - Started process (PID=2448) to work on /home/airflow/.local/lib/python3.12/site-packages/airflow/example_dags/example_bash_operator.py
[2025-02-13T00:21:36.799+0000] {processor.py:914} INFO - Processing file /home/airflow/.local/lib/python3.12/site-packages/airflow/example_dags/example_bash_operator.py for tasks to queue
[2025-02-13T00:21:36.801+0000] {logging_mixin.py:190} INFO - [2025-02-13T00:21:36.801+0000] {dagbag.py:588} INFO - Filling up the DagBag from /home/airflow/.local/lib/python3.12/site-packages/airflow/example_dags/example_bash_operator.py
[2025-02-13T00:21:36.813+0000] {processor.py:925} INFO - DAG(s) 'example_bash_operator' retrieved from /home/airflow/.local/lib/python3.12/site-packages/airflow/example_dags/example_bash_operator.py
[2025-02-13T00:21:36.836+0000] {logging_mixin.py:190} INFO - [2025-02-13T00:21:36.836+0000] {dag.py:3239} INFO - Sync 1 DAGs
[2025-02-13T00:21:36.857+0000] {logging_mixin.py:190} INFO - [2025-02-13T00:21:36.857+0000] {dag.py:4180} INFO - Setting next_dagrun for example_bash_operator to 2025-02-12 00:00:00+00:00, run_after=2025-02-13 00:00:00+00:00
[2025-02-13T00:21:36.871+0000] {processor.py:208} INFO - Processing /home/airflow/.local/lib/python3.12/site-packages/airflow/example_dags/example_bash_operator.py took 0.077 seconds
[2025-02-13T00:22:07.016+0000] {processor.py:186} INFO - Started process (PID=2506) to work on /home/airflow/.local/lib/python3.12/site-packages/airflow/example_dags/example_bash_operator.py
[2025-02-13T00:22:07.017+0000] {processor.py:914} INFO - Processing file /home/airflow/.local/lib/python3.12/site-packages/airflow/example_dags/example_bash_operator.py for tasks to queue
[2025-02-13T00:22:07.018+0000] {logging_mixin.py:190} INFO - [2025-02-13T00:22:07.018+0000] {dagbag.py:588} INFO - Filling up the DagBag from /home/airflow/.local/lib/python3.12/site-packages/airflow/example_dags/example_bash_operator.py
[2025-02-13T00:22:07.030+0000] {processor.py:925} INFO - DAG(s) 'example_bash_operator' retrieved from /home/airflow/.local/lib/python3.12/site-packages/airflow/example_dags/example_bash_operator.py
[2025-02-13T00:22:07.059+0000] {logging_mixin.py:190} INFO - [2025-02-13T00:22:07.059+0000] {dag.py:3239} INFO - Sync 1 DAGs
[2025-02-13T00:22:07.079+0000] {logging_mixin.py:190} INFO - [2025-02-13T00:22:07.079+0000] {dag.py:4180} INFO - Setting next_dagrun for example_bash_operator to 2025-02-12 00:00:00+00:00, run_after=2025-02-13 00:00:00+00:00
[2025-02-13T00:22:07.093+0000] {processor.py:208} INFO - Processing /home/airflow/.local/lib/python3.12/site-packages/airflow/example_dags/example_bash_operator.py took 0.082 seconds
[2025-02-13T00:22:37.202+0000] {processor.py:186} INFO - Started process (PID=2564) to work on /home/airflow/.local/lib/python3.12/site-packages/airflow/example_dags/example_bash_operator.py
[2025-02-13T00:22:37.202+0000] {processor.py:914} INFO - Processing file /home/airflow/.local/lib/python3.12/site-packages/airflow/example_dags/example_bash_operator.py for tasks to queue
[2025-02-13T00:22:37.204+0000] {logging_mixin.py:190} INFO - [2025-02-13T00:22:37.204+0000] {dagbag.py:588} INFO - Filling up the DagBag from /home/airflow/.local/lib/python3.12/site-packages/airflow/example_dags/example_bash_operator.py
[2025-02-13T00:22:37.216+0000] {processor.py:925} INFO - DAG(s) 'example_bash_operator' retrieved from /home/airflow/.local/lib/python3.12/site-packages/airflow/example_dags/example_bash_operator.py
[2025-02-13T00:22:37.238+0000] {logging_mixin.py:190} INFO - [2025-02-13T00:22:37.238+0000] {dag.py:3239} INFO - Sync 1 DAGs
[2025-02-13T00:22:37.258+0000] {logging_mixin.py:190} INFO - [2025-02-13T00:22:37.258+0000] {dag.py:4180} INFO - Setting next_dagrun for example_bash_operator to 2025-02-12 00:00:00+00:00, run_after=2025-02-13 00:00:00+00:00
[2025-02-13T00:22:37.272+0000] {processor.py:208} INFO - Processing /home/airflow/.local/lib/python3.12/site-packages/airflow/example_dags/example_bash_operator.py took 0.075 seconds
[2025-02-13T00:23:08.119+0000] {processor.py:186} INFO - Started process (PID=2622) to work on /home/airflow/.local/lib/python3.12/site-packages/airflow/example_dags/example_bash_operator.py
[2025-02-13T00:23:08.127+0000] {processor.py:914} INFO - Processing file /home/airflow/.local/lib/python3.12/site-packages/airflow/example_dags/example_bash_operator.py for tasks to queue
[2025-02-13T00:23:08.130+0000] {logging_mixin.py:190} INFO - [2025-02-13T00:23:08.129+0000] {dagbag.py:588} INFO - Filling up the DagBag from /home/airflow/.local/lib/python3.12/site-packages/airflow/example_dags/example_bash_operator.py
[2025-02-13T00:23:08.156+0000] {processor.py:925} INFO - DAG(s) 'example_bash_operator' retrieved from /home/airflow/.local/lib/python3.12/site-packages/airflow/example_dags/example_bash_operator.py
[2025-02-13T00:23:08.238+0000] {logging_mixin.py:190} INFO - [2025-02-13T00:23:08.238+0000] {dag.py:3239} INFO - Sync 1 DAGs
[2025-02-13T00:23:08.283+0000] {logging_mixin.py:190} INFO - [2025-02-13T00:23:08.283+0000] {dag.py:4180} INFO - Setting next_dagrun for example_bash_operator to 2025-02-12 00:00:00+00:00, run_after=2025-02-13 00:00:00+00:00
[2025-02-13T00:23:08.315+0000] {processor.py:208} INFO - Processing /home/airflow/.local/lib/python3.12/site-packages/airflow/example_dags/example_bash_operator.py took 0.217 seconds
[2025-02-13T00:23:38.546+0000] {processor.py:186} INFO - Started process (PID=2678) to work on /home/airflow/.local/lib/python3.12/site-packages/airflow/example_dags/example_bash_operator.py
[2025-02-13T00:23:38.547+0000] {processor.py:914} INFO - Processing file /home/airflow/.local/lib/python3.12/site-packages/airflow/example_dags/example_bash_operator.py for tasks to queue
[2025-02-13T00:23:38.549+0000] {logging_mixin.py:190} INFO - [2025-02-13T00:23:38.548+0000] {dagbag.py:588} INFO - Filling up the DagBag from /home/airflow/.local/lib/python3.12/site-packages/airflow/example_dags/example_bash_operator.py
[2025-02-13T00:23:38.560+0000] {processor.py:925} INFO - DAG(s) 'example_bash_operator' retrieved from /home/airflow/.local/lib/python3.12/site-packages/airflow/example_dags/example_bash_operator.py
[2025-02-13T00:23:38.582+0000] {logging_mixin.py:190} INFO - [2025-02-13T00:23:38.582+0000] {dag.py:3239} INFO - Sync 1 DAGs
[2025-02-13T00:23:38.602+0000] {logging_mixin.py:190} INFO - [2025-02-13T00:23:38.602+0000] {dag.py:4180} INFO - Setting next_dagrun for example_bash_operator to 2025-02-12 00:00:00+00:00, run_after=2025-02-13 00:00:00+00:00
[2025-02-13T00:23:38.615+0000] {processor.py:208} INFO - Processing /home/airflow/.local/lib/python3.12/site-packages/airflow/example_dags/example_bash_operator.py took 0.074 seconds
[2025-02-13T00:24:08.845+0000] {processor.py:186} INFO - Started process (PID=2736) to work on /home/airflow/.local/lib/python3.12/site-packages/airflow/example_dags/example_bash_operator.py
[2025-02-13T00:24:08.846+0000] {processor.py:914} INFO - Processing file /home/airflow/.local/lib/python3.12/site-packages/airflow/example_dags/example_bash_operator.py for tasks to queue
[2025-02-13T00:24:08.848+0000] {logging_mixin.py:190} INFO - [2025-02-13T00:24:08.847+0000] {dagbag.py:588} INFO - Filling up the DagBag from /home/airflow/.local/lib/python3.12/site-packages/airflow/example_dags/example_bash_operator.py
[2025-02-13T00:24:08.859+0000] {processor.py:925} INFO - DAG(s) 'example_bash_operator' retrieved from /home/airflow/.local/lib/python3.12/site-packages/airflow/example_dags/example_bash_operator.py
[2025-02-13T00:24:08.881+0000] {logging_mixin.py:190} INFO - [2025-02-13T00:24:08.881+0000] {dag.py:3239} INFO - Sync 1 DAGs
[2025-02-13T00:24:08.901+0000] {logging_mixin.py:190} INFO - [2025-02-13T00:24:08.901+0000] {dag.py:4180} INFO - Setting next_dagrun for example_bash_operator to 2025-02-12 00:00:00+00:00, run_after=2025-02-13 00:00:00+00:00
[2025-02-13T00:24:08.915+0000] {processor.py:208} INFO - Processing /home/airflow/.local/lib/python3.12/site-packages/airflow/example_dags/example_bash_operator.py took 0.082 seconds
[2025-02-13T00:24:39.148+0000] {processor.py:186} INFO - Started process (PID=2794) to work on /home/airflow/.local/lib/python3.12/site-packages/airflow/example_dags/example_bash_operator.py
[2025-02-13T00:24:39.148+0000] {processor.py:914} INFO - Processing file /home/airflow/.local/lib/python3.12/site-packages/airflow/example_dags/example_bash_operator.py for tasks to queue
[2025-02-13T00:24:39.150+0000] {logging_mixin.py:190} INFO - [2025-02-13T00:24:39.150+0000] {dagbag.py:588} INFO - Filling up the DagBag from /home/airflow/.local/lib/python3.12/site-packages/airflow/example_dags/example_bash_operator.py
[2025-02-13T00:24:39.162+0000] {processor.py:925} INFO - DAG(s) 'example_bash_operator' retrieved from /home/airflow/.local/lib/python3.12/site-packages/airflow/example_dags/example_bash_operator.py
[2025-02-13T00:24:39.185+0000] {logging_mixin.py:190} INFO - [2025-02-13T00:24:39.185+0000] {dag.py:3239} INFO - Sync 1 DAGs
[2025-02-13T00:24:39.206+0000] {logging_mixin.py:190} INFO - [2025-02-13T00:24:39.206+0000] {dag.py:4180} INFO - Setting next_dagrun for example_bash_operator to 2025-02-12 00:00:00+00:00, run_after=2025-02-13 00:00:00+00:00
[2025-02-13T00:24:39.220+0000] {processor.py:208} INFO - Processing /home/airflow/.local/lib/python3.12/site-packages/airflow/example_dags/example_bash_operator.py took 0.078 seconds
[2025-02-13T00:25:09.393+0000] {processor.py:186} INFO - Started process (PID=2852) to work on /home/airflow/.local/lib/python3.12/site-packages/airflow/example_dags/example_bash_operator.py
[2025-02-13T00:25:09.393+0000] {processor.py:914} INFO - Processing file /home/airflow/.local/lib/python3.12/site-packages/airflow/example_dags/example_bash_operator.py for tasks to queue
[2025-02-13T00:25:09.395+0000] {logging_mixin.py:190} INFO - [2025-02-13T00:25:09.395+0000] {dagbag.py:588} INFO - Filling up the DagBag from /home/airflow/.local/lib/python3.12/site-packages/airflow/example_dags/example_bash_operator.py
[2025-02-13T00:25:09.407+0000] {processor.py:925} INFO - DAG(s) 'example_bash_operator' retrieved from /home/airflow/.local/lib/python3.12/site-packages/airflow/example_dags/example_bash_operator.py
[2025-02-13T00:25:09.430+0000] {logging_mixin.py:190} INFO - [2025-02-13T00:25:09.429+0000] {dag.py:3239} INFO - Sync 1 DAGs
[2025-02-13T00:25:09.450+0000] {logging_mixin.py:190} INFO - [2025-02-13T00:25:09.450+0000] {dag.py:4180} INFO - Setting next_dagrun for example_bash_operator to 2025-02-12 00:00:00+00:00, run_after=2025-02-13 00:00:00+00:00
[2025-02-13T00:25:09.463+0000] {processor.py:208} INFO - Processing /home/airflow/.local/lib/python3.12/site-packages/airflow/example_dags/example_bash_operator.py took 0.076 seconds
[2025-02-13T00:25:40.444+0000] {processor.py:186} INFO - Started process (PID=2910) to work on /home/airflow/.local/lib/python3.12/site-packages/airflow/example_dags/example_bash_operator.py
[2025-02-13T00:25:40.445+0000] {processor.py:914} INFO - Processing file /home/airflow/.local/lib/python3.12/site-packages/airflow/example_dags/example_bash_operator.py for tasks to queue
[2025-02-13T00:25:40.448+0000] {logging_mixin.py:190} INFO - [2025-02-13T00:25:40.447+0000] {dagbag.py:588} INFO - Filling up the DagBag from /home/airflow/.local/lib/python3.12/site-packages/airflow/example_dags/example_bash_operator.py
[2025-02-13T00:25:40.464+0000] {processor.py:925} INFO - DAG(s) 'example_bash_operator' retrieved from /home/airflow/.local/lib/python3.12/site-packages/airflow/example_dags/example_bash_operator.py
[2025-02-13T00:25:40.498+0000] {logging_mixin.py:190} INFO - [2025-02-13T00:25:40.497+0000] {dag.py:3239} INFO - Sync 1 DAGs
[2025-02-13T00:25:40.529+0000] {logging_mixin.py:190} INFO - [2025-02-13T00:25:40.528+0000] {dag.py:4180} INFO - Setting next_dagrun for example_bash_operator to 2025-02-12 00:00:00+00:00, run_after=2025-02-13 00:00:00+00:00
[2025-02-13T00:25:40.547+0000] {processor.py:208} INFO - Processing /home/airflow/.local/lib/python3.12/site-packages/airflow/example_dags/example_bash_operator.py took 0.110 seconds
[2025-02-13T00:26:10.948+0000] {processor.py:186} INFO - Started process (PID=2968) to work on /home/airflow/.local/lib/python3.12/site-packages/airflow/example_dags/example_bash_operator.py
[2025-02-13T00:26:10.949+0000] {processor.py:914} INFO - Processing file /home/airflow/.local/lib/python3.12/site-packages/airflow/example_dags/example_bash_operator.py for tasks to queue
[2025-02-13T00:26:10.951+0000] {logging_mixin.py:190} INFO - [2025-02-13T00:26:10.951+0000] {dagbag.py:588} INFO - Filling up the DagBag from /home/airflow/.local/lib/python3.12/site-packages/airflow/example_dags/example_bash_operator.py
[2025-02-13T00:26:10.968+0000] {processor.py:925} INFO - DAG(s) 'example_bash_operator' retrieved from /home/airflow/.local/lib/python3.12/site-packages/airflow/example_dags/example_bash_operator.py
[2025-02-13T00:26:11.012+0000] {logging_mixin.py:190} INFO - [2025-02-13T00:26:11.012+0000] {dag.py:3239} INFO - Sync 1 DAGs
[2025-02-13T00:26:11.065+0000] {logging_mixin.py:190} INFO - [2025-02-13T00:26:11.065+0000] {dag.py:4180} INFO - Setting next_dagrun for example_bash_operator to 2025-02-12 00:00:00+00:00, run_after=2025-02-13 00:00:00+00:00
[2025-02-13T00:26:11.088+0000] {processor.py:208} INFO - Processing /home/airflow/.local/lib/python3.12/site-packages/airflow/example_dags/example_bash_operator.py took 0.146 seconds
[2025-02-13T00:26:41.275+0000] {processor.py:186} INFO - Started process (PID=3026) to work on /home/airflow/.local/lib/python3.12/site-packages/airflow/example_dags/example_bash_operator.py
[2025-02-13T00:26:41.276+0000] {processor.py:914} INFO - Processing file /home/airflow/.local/lib/python3.12/site-packages/airflow/example_dags/example_bash_operator.py for tasks to queue
[2025-02-13T00:26:41.278+0000] {logging_mixin.py:190} INFO - [2025-02-13T00:26:41.277+0000] {dagbag.py:588} INFO - Filling up the DagBag from /home/airflow/.local/lib/python3.12/site-packages/airflow/example_dags/example_bash_operator.py
[2025-02-13T00:26:41.291+0000] {processor.py:925} INFO - DAG(s) 'example_bash_operator' retrieved from /home/airflow/.local/lib/python3.12/site-packages/airflow/example_dags/example_bash_operator.py
[2025-02-13T00:26:41.314+0000] {logging_mixin.py:190} INFO - [2025-02-13T00:26:41.314+0000] {dag.py:3239} INFO - Sync 1 DAGs
[2025-02-13T00:26:41.334+0000] {logging_mixin.py:190} INFO - [2025-02-13T00:26:41.334+0000] {dag.py:4180} INFO - Setting next_dagrun for example_bash_operator to 2025-02-12 00:00:00+00:00, run_after=2025-02-13 00:00:00+00:00
[2025-02-13T00:26:41.348+0000] {processor.py:208} INFO - Processing /home/airflow/.local/lib/python3.12/site-packages/airflow/example_dags/example_bash_operator.py took 0.078 seconds
[2025-02-13T00:27:11.568+0000] {processor.py:186} INFO - Started process (PID=3084) to work on /home/airflow/.local/lib/python3.12/site-packages/airflow/example_dags/example_bash_operator.py
[2025-02-13T00:27:11.569+0000] {processor.py:914} INFO - Processing file /home/airflow/.local/lib/python3.12/site-packages/airflow/example_dags/example_bash_operator.py for tasks to queue
[2025-02-13T00:27:11.571+0000] {logging_mixin.py:190} INFO - [2025-02-13T00:27:11.571+0000] {dagbag.py:588} INFO - Filling up the DagBag from /home/airflow/.local/lib/python3.12/site-packages/airflow/example_dags/example_bash_operator.py
[2025-02-13T00:27:11.582+0000] {processor.py:925} INFO - DAG(s) 'example_bash_operator' retrieved from /home/airflow/.local/lib/python3.12/site-packages/airflow/example_dags/example_bash_operator.py
[2025-02-13T00:27:11.610+0000] {logging_mixin.py:190} INFO - [2025-02-13T00:27:11.609+0000] {dag.py:3239} INFO - Sync 1 DAGs
[2025-02-13T00:27:11.636+0000] {logging_mixin.py:190} INFO - [2025-02-13T00:27:11.636+0000] {dag.py:4180} INFO - Setting next_dagrun for example_bash_operator to 2025-02-12 00:00:00+00:00, run_after=2025-02-13 00:00:00+00:00
[2025-02-13T00:27:11.668+0000] {processor.py:208} INFO - Processing /home/airflow/.local/lib/python3.12/site-packages/airflow/example_dags/example_bash_operator.py took 0.105 seconds
[2025-02-13T00:27:41.884+0000] {processor.py:186} INFO - Started process (PID=3142) to work on /home/airflow/.local/lib/python3.12/site-packages/airflow/example_dags/example_bash_operator.py
[2025-02-13T00:27:41.884+0000] {processor.py:914} INFO - Processing file /home/airflow/.local/lib/python3.12/site-packages/airflow/example_dags/example_bash_operator.py for tasks to queue
[2025-02-13T00:27:41.886+0000] {logging_mixin.py:190} INFO - [2025-02-13T00:27:41.886+0000] {dagbag.py:588} INFO - Filling up the DagBag from /home/airflow/.local/lib/python3.12/site-packages/airflow/example_dags/example_bash_operator.py
[2025-02-13T00:27:41.898+0000] {processor.py:925} INFO - DAG(s) 'example_bash_operator' retrieved from /home/airflow/.local/lib/python3.12/site-packages/airflow/example_dags/example_bash_operator.py
[2025-02-13T00:27:41.921+0000] {logging_mixin.py:190} INFO - [2025-02-13T00:27:41.921+0000] {dag.py:3239} INFO - Sync 1 DAGs
[2025-02-13T00:27:41.942+0000] {logging_mixin.py:190} INFO - [2025-02-13T00:27:41.942+0000] {dag.py:4180} INFO - Setting next_dagrun for example_bash_operator to 2025-02-12 00:00:00+00:00, run_after=2025-02-13 00:00:00+00:00
[2025-02-13T00:27:41.955+0000] {processor.py:208} INFO - Processing /home/airflow/.local/lib/python3.12/site-packages/airflow/example_dags/example_bash_operator.py took 0.077 seconds
