[2025-02-13T00:00:01.049+0000] {processor.py:186} INFO - Started process (PID=136) to work on /home/airflow/.local/lib/python3.12/site-packages/airflow/example_dags/example_kubernetes_executor.py
[2025-02-13T00:00:01.050+0000] {processor.py:914} INFO - Processing file /home/airflow/.local/lib/python3.12/site-packages/airflow/example_dags/example_kubernetes_executor.py for tasks to queue
[2025-02-13T00:00:01.056+0000] {logging_mixin.py:190} INFO - [2025-02-13T00:00:01.056+0000] {dagbag.py:588} INFO - Filling up the DagBag from /home/airflow/.local/lib/python3.12/site-packages/airflow/example_dags/example_kubernetes_executor.py
[2025-02-13T00:00:01.089+0000] {processor.py:925} INFO - DAG(s) 'example_kubernetes_executor' retrieved from /home/airflow/.local/lib/python3.12/site-packages/airflow/example_dags/example_kubernetes_executor.py
[2025-02-13T00:00:01.139+0000] {logging_mixin.py:190} INFO - [2025-02-13T00:00:01.138+0000] {dag.py:3239} INFO - Sync 1 DAGs
[2025-02-13T00:00:01.167+0000] {logging_mixin.py:190} INFO - [2025-02-13T00:00:01.167+0000] {dag.py:4180} INFO - Setting next_dagrun for example_kubernetes_executor to None, run_after=None
[2025-02-13T00:00:01.511+0000] {processor.py:208} INFO - Processing /home/airflow/.local/lib/python3.12/site-packages/airflow/example_dags/example_kubernetes_executor.py took 0.482 seconds
[2025-02-13T00:01:13.191+0000] {processor.py:186} INFO - Started process (PID=194) to work on /home/airflow/.local/lib/python3.12/site-packages/airflow/example_dags/example_kubernetes_executor.py
[2025-02-13T00:01:13.192+0000] {processor.py:914} INFO - Processing file /home/airflow/.local/lib/python3.12/site-packages/airflow/example_dags/example_kubernetes_executor.py for tasks to queue
[2025-02-13T00:01:13.199+0000] {logging_mixin.py:190} INFO - [2025-02-13T00:01:13.195+0000] {dagbag.py:588} INFO - Filling up the DagBag from /home/airflow/.local/lib/python3.12/site-packages/airflow/example_dags/example_kubernetes_executor.py
[2025-02-13T00:01:13.257+0000] {processor.py:925} INFO - DAG(s) 'example_kubernetes_executor' retrieved from /home/airflow/.local/lib/python3.12/site-packages/airflow/example_dags/example_kubernetes_executor.py
[2025-02-13T00:01:13.376+0000] {logging_mixin.py:190} INFO - [2025-02-13T00:01:13.376+0000] {dag.py:3239} INFO - Sync 1 DAGs
[2025-02-13T00:01:13.470+0000] {logging_mixin.py:190} INFO - [2025-02-13T00:01:13.470+0000] {dag.py:4180} INFO - Setting next_dagrun for example_kubernetes_executor to None, run_after=None
[2025-02-13T00:01:14.573+0000] {processor.py:208} INFO - Processing /home/airflow/.local/lib/python3.12/site-packages/airflow/example_dags/example_kubernetes_executor.py took 1.421 seconds
[2025-02-13T00:01:46.476+0000] {processor.py:186} INFO - Started process (PID=252) to work on /home/airflow/.local/lib/python3.12/site-packages/airflow/example_dags/example_kubernetes_executor.py
[2025-02-13T00:01:46.477+0000] {processor.py:914} INFO - Processing file /home/airflow/.local/lib/python3.12/site-packages/airflow/example_dags/example_kubernetes_executor.py for tasks to queue
[2025-02-13T00:01:46.486+0000] {logging_mixin.py:190} INFO - [2025-02-13T00:01:46.486+0000] {dagbag.py:588} INFO - Filling up the DagBag from /home/airflow/.local/lib/python3.12/site-packages/airflow/example_dags/example_kubernetes_executor.py
[2025-02-13T00:01:46.510+0000] {processor.py:925} INFO - DAG(s) 'example_kubernetes_executor' retrieved from /home/airflow/.local/lib/python3.12/site-packages/airflow/example_dags/example_kubernetes_executor.py
[2025-02-13T00:01:46.641+0000] {logging_mixin.py:190} INFO - [2025-02-13T00:01:46.641+0000] {dag.py:3239} INFO - Sync 1 DAGs
[2025-02-13T00:01:46.721+0000] {logging_mixin.py:190} INFO - [2025-02-13T00:01:46.720+0000] {dag.py:4180} INFO - Setting next_dagrun for example_kubernetes_executor to None, run_after=None
[2025-02-13T00:01:47.739+0000] {processor.py:208} INFO - Processing /home/airflow/.local/lib/python3.12/site-packages/airflow/example_dags/example_kubernetes_executor.py took 1.288 seconds
[2025-02-13T00:02:41.671+0000] {processor.py:186} INFO - Started process (PID=312) to work on /home/airflow/.local/lib/python3.12/site-packages/airflow/example_dags/example_kubernetes_executor.py
[2025-02-13T00:02:41.683+0000] {processor.py:914} INFO - Processing file /home/airflow/.local/lib/python3.12/site-packages/airflow/example_dags/example_kubernetes_executor.py for tasks to queue
[2025-02-13T00:02:41.686+0000] {logging_mixin.py:190} INFO - [2025-02-13T00:02:41.685+0000] {dagbag.py:588} INFO - Filling up the DagBag from /home/airflow/.local/lib/python3.12/site-packages/airflow/example_dags/example_kubernetes_executor.py
[2025-02-13T00:02:41.726+0000] {processor.py:925} INFO - DAG(s) 'example_kubernetes_executor' retrieved from /home/airflow/.local/lib/python3.12/site-packages/airflow/example_dags/example_kubernetes_executor.py
[2025-02-13T00:02:41.800+0000] {logging_mixin.py:190} INFO - [2025-02-13T00:02:41.799+0000] {dag.py:3239} INFO - Sync 1 DAGs
[2025-02-13T00:02:42.266+0000] {logging_mixin.py:190} INFO - [2025-02-13T00:02:42.265+0000] {dag.py:4180} INFO - Setting next_dagrun for example_kubernetes_executor to None, run_after=None
[2025-02-13T00:02:42.324+0000] {processor.py:208} INFO - Processing /home/airflow/.local/lib/python3.12/site-packages/airflow/example_dags/example_kubernetes_executor.py took 0.676 seconds
[2025-02-13T00:03:12.540+0000] {processor.py:186} INFO - Started process (PID=370) to work on /home/airflow/.local/lib/python3.12/site-packages/airflow/example_dags/example_kubernetes_executor.py
[2025-02-13T00:03:12.545+0000] {processor.py:914} INFO - Processing file /home/airflow/.local/lib/python3.12/site-packages/airflow/example_dags/example_kubernetes_executor.py for tasks to queue
[2025-02-13T00:03:12.549+0000] {logging_mixin.py:190} INFO - [2025-02-13T00:03:12.549+0000] {dagbag.py:588} INFO - Filling up the DagBag from /home/airflow/.local/lib/python3.12/site-packages/airflow/example_dags/example_kubernetes_executor.py
[2025-02-13T00:03:12.571+0000] {processor.py:925} INFO - DAG(s) 'example_kubernetes_executor' retrieved from /home/airflow/.local/lib/python3.12/site-packages/airflow/example_dags/example_kubernetes_executor.py
[2025-02-13T00:03:12.602+0000] {logging_mixin.py:190} INFO - [2025-02-13T00:03:12.601+0000] {dag.py:3239} INFO - Sync 1 DAGs
[2025-02-13T00:03:12.620+0000] {logging_mixin.py:190} INFO - [2025-02-13T00:03:12.620+0000] {dag.py:4180} INFO - Setting next_dagrun for example_kubernetes_executor to None, run_after=None
[2025-02-13T00:03:12.949+0000] {processor.py:208} INFO - Processing /home/airflow/.local/lib/python3.12/site-packages/airflow/example_dags/example_kubernetes_executor.py took 0.417 seconds
[2025-02-13T00:03:45.939+0000] {processor.py:186} INFO - Started process (PID=428) to work on /home/airflow/.local/lib/python3.12/site-packages/airflow/example_dags/example_kubernetes_executor.py
[2025-02-13T00:03:45.941+0000] {processor.py:914} INFO - Processing file /home/airflow/.local/lib/python3.12/site-packages/airflow/example_dags/example_kubernetes_executor.py for tasks to queue
[2025-02-13T00:03:45.946+0000] {logging_mixin.py:190} INFO - [2025-02-13T00:03:45.946+0000] {dagbag.py:588} INFO - Filling up the DagBag from /home/airflow/.local/lib/python3.12/site-packages/airflow/example_dags/example_kubernetes_executor.py
[2025-02-13T00:03:45.972+0000] {processor.py:925} INFO - DAG(s) 'example_kubernetes_executor' retrieved from /home/airflow/.local/lib/python3.12/site-packages/airflow/example_dags/example_kubernetes_executor.py
[2025-02-13T00:03:46.004+0000] {logging_mixin.py:190} INFO - [2025-02-13T00:03:46.003+0000] {dag.py:3239} INFO - Sync 1 DAGs
[2025-02-13T00:03:46.022+0000] {logging_mixin.py:190} INFO - [2025-02-13T00:03:46.022+0000] {dag.py:4180} INFO - Setting next_dagrun for example_kubernetes_executor to None, run_after=None
[2025-02-13T00:03:46.055+0000] {processor.py:208} INFO - Processing /home/airflow/.local/lib/python3.12/site-packages/airflow/example_dags/example_kubernetes_executor.py took 0.124 seconds
[2025-02-13T00:04:19.195+0000] {processor.py:186} INFO - Started process (PID=487) to work on /home/airflow/.local/lib/python3.12/site-packages/airflow/example_dags/example_kubernetes_executor.py
[2025-02-13T00:04:19.196+0000] {processor.py:914} INFO - Processing file /home/airflow/.local/lib/python3.12/site-packages/airflow/example_dags/example_kubernetes_executor.py for tasks to queue
[2025-02-13T00:04:19.198+0000] {logging_mixin.py:190} INFO - [2025-02-13T00:04:19.198+0000] {dagbag.py:588} INFO - Filling up the DagBag from /home/airflow/.local/lib/python3.12/site-packages/airflow/example_dags/example_kubernetes_executor.py
[2025-02-13T00:04:19.211+0000] {processor.py:925} INFO - DAG(s) 'example_kubernetes_executor' retrieved from /home/airflow/.local/lib/python3.12/site-packages/airflow/example_dags/example_kubernetes_executor.py
[2025-02-13T00:04:19.467+0000] {logging_mixin.py:190} INFO - [2025-02-13T00:04:19.467+0000] {dag.py:3239} INFO - Sync 1 DAGs
[2025-02-13T00:04:19.488+0000] {logging_mixin.py:190} INFO - [2025-02-13T00:04:19.488+0000] {dag.py:4180} INFO - Setting next_dagrun for example_kubernetes_executor to None, run_after=None
[2025-02-13T00:04:19.825+0000] {processor.py:208} INFO - Processing /home/airflow/.local/lib/python3.12/site-packages/airflow/example_dags/example_kubernetes_executor.py took 0.636 seconds
[2025-02-13T00:04:50.572+0000] {processor.py:186} INFO - Started process (PID=545) to work on /home/airflow/.local/lib/python3.12/site-packages/airflow/example_dags/example_kubernetes_executor.py
[2025-02-13T00:04:50.575+0000] {processor.py:914} INFO - Processing file /home/airflow/.local/lib/python3.12/site-packages/airflow/example_dags/example_kubernetes_executor.py for tasks to queue
[2025-02-13T00:04:50.581+0000] {logging_mixin.py:190} INFO - [2025-02-13T00:04:50.580+0000] {dagbag.py:588} INFO - Filling up the DagBag from /home/airflow/.local/lib/python3.12/site-packages/airflow/example_dags/example_kubernetes_executor.py
[2025-02-13T00:04:50.602+0000] {processor.py:925} INFO - DAG(s) 'example_kubernetes_executor' retrieved from /home/airflow/.local/lib/python3.12/site-packages/airflow/example_dags/example_kubernetes_executor.py
[2025-02-13T00:04:50.634+0000] {logging_mixin.py:190} INFO - [2025-02-13T00:04:50.634+0000] {dag.py:3239} INFO - Sync 1 DAGs
[2025-02-13T00:04:50.657+0000] {logging_mixin.py:190} INFO - [2025-02-13T00:04:50.657+0000] {dag.py:4180} INFO - Setting next_dagrun for example_kubernetes_executor to None, run_after=None
[2025-02-13T00:04:50.719+0000] {processor.py:208} INFO - Processing /home/airflow/.local/lib/python3.12/site-packages/airflow/example_dags/example_kubernetes_executor.py took 0.176 seconds
[2025-02-13T00:05:22.395+0000] {processor.py:186} INFO - Started process (PID=603) to work on /home/airflow/.local/lib/python3.12/site-packages/airflow/example_dags/example_kubernetes_executor.py
[2025-02-13T00:05:22.396+0000] {processor.py:914} INFO - Processing file /home/airflow/.local/lib/python3.12/site-packages/airflow/example_dags/example_kubernetes_executor.py for tasks to queue
[2025-02-13T00:05:22.403+0000] {logging_mixin.py:190} INFO - [2025-02-13T00:05:22.401+0000] {dagbag.py:588} INFO - Filling up the DagBag from /home/airflow/.local/lib/python3.12/site-packages/airflow/example_dags/example_kubernetes_executor.py
[2025-02-13T00:05:22.447+0000] {processor.py:925} INFO - DAG(s) 'example_kubernetes_executor' retrieved from /home/airflow/.local/lib/python3.12/site-packages/airflow/example_dags/example_kubernetes_executor.py
[2025-02-13T00:05:22.555+0000] {logging_mixin.py:190} INFO - [2025-02-13T00:05:22.554+0000] {dag.py:3239} INFO - Sync 1 DAGs
[2025-02-13T00:05:22.588+0000] {logging_mixin.py:190} INFO - [2025-02-13T00:05:22.588+0000] {dag.py:4180} INFO - Setting next_dagrun for example_kubernetes_executor to None, run_after=None
[2025-02-13T00:05:24.479+0000] {processor.py:208} INFO - Processing /home/airflow/.local/lib/python3.12/site-packages/airflow/example_dags/example_kubernetes_executor.py took 2.105 seconds
[2025-02-13T00:05:54.544+0000] {processor.py:186} INFO - Started process (PID=661) to work on /home/airflow/.local/lib/python3.12/site-packages/airflow/example_dags/example_kubernetes_executor.py
[2025-02-13T00:05:54.547+0000] {processor.py:914} INFO - Processing file /home/airflow/.local/lib/python3.12/site-packages/airflow/example_dags/example_kubernetes_executor.py for tasks to queue
[2025-02-13T00:05:54.551+0000] {logging_mixin.py:190} INFO - [2025-02-13T00:05:54.551+0000] {dagbag.py:588} INFO - Filling up the DagBag from /home/airflow/.local/lib/python3.12/site-packages/airflow/example_dags/example_kubernetes_executor.py
[2025-02-13T00:05:54.570+0000] {processor.py:925} INFO - DAG(s) 'example_kubernetes_executor' retrieved from /home/airflow/.local/lib/python3.12/site-packages/airflow/example_dags/example_kubernetes_executor.py
[2025-02-13T00:05:54.666+0000] {logging_mixin.py:190} INFO - [2025-02-13T00:05:54.666+0000] {dag.py:3239} INFO - Sync 1 DAGs
[2025-02-13T00:05:54.704+0000] {logging_mixin.py:190} INFO - [2025-02-13T00:05:54.704+0000] {dag.py:4180} INFO - Setting next_dagrun for example_kubernetes_executor to None, run_after=None
[2025-02-13T00:05:55.222+0000] {processor.py:208} INFO - Processing /home/airflow/.local/lib/python3.12/site-packages/airflow/example_dags/example_kubernetes_executor.py took 0.696 seconds
[2025-02-13T00:06:25.800+0000] {processor.py:186} INFO - Started process (PID=720) to work on /home/airflow/.local/lib/python3.12/site-packages/airflow/example_dags/example_kubernetes_executor.py
[2025-02-13T00:06:25.808+0000] {processor.py:914} INFO - Processing file /home/airflow/.local/lib/python3.12/site-packages/airflow/example_dags/example_kubernetes_executor.py for tasks to queue
[2025-02-13T00:06:25.811+0000] {logging_mixin.py:190} INFO - [2025-02-13T00:06:25.810+0000] {dagbag.py:588} INFO - Filling up the DagBag from /home/airflow/.local/lib/python3.12/site-packages/airflow/example_dags/example_kubernetes_executor.py
[2025-02-13T00:06:25.846+0000] {processor.py:925} INFO - DAG(s) 'example_kubernetes_executor' retrieved from /home/airflow/.local/lib/python3.12/site-packages/airflow/example_dags/example_kubernetes_executor.py
[2025-02-13T00:06:25.890+0000] {logging_mixin.py:190} INFO - [2025-02-13T00:06:25.890+0000] {dag.py:3239} INFO - Sync 1 DAGs
[2025-02-13T00:06:25.909+0000] {logging_mixin.py:190} INFO - [2025-02-13T00:06:25.909+0000] {dag.py:4180} INFO - Setting next_dagrun for example_kubernetes_executor to None, run_after=None
[2025-02-13T00:06:25.929+0000] {processor.py:208} INFO - Processing /home/airflow/.local/lib/python3.12/site-packages/airflow/example_dags/example_kubernetes_executor.py took 0.136 seconds
[2025-02-13T00:06:56.201+0000] {processor.py:186} INFO - Started process (PID=778) to work on /home/airflow/.local/lib/python3.12/site-packages/airflow/example_dags/example_kubernetes_executor.py
[2025-02-13T00:06:56.202+0000] {processor.py:914} INFO - Processing file /home/airflow/.local/lib/python3.12/site-packages/airflow/example_dags/example_kubernetes_executor.py for tasks to queue
[2025-02-13T00:06:56.204+0000] {logging_mixin.py:190} INFO - [2025-02-13T00:06:56.204+0000] {dagbag.py:588} INFO - Filling up the DagBag from /home/airflow/.local/lib/python3.12/site-packages/airflow/example_dags/example_kubernetes_executor.py
[2025-02-13T00:06:56.223+0000] {processor.py:925} INFO - DAG(s) 'example_kubernetes_executor' retrieved from /home/airflow/.local/lib/python3.12/site-packages/airflow/example_dags/example_kubernetes_executor.py
[2025-02-13T00:06:56.264+0000] {logging_mixin.py:190} INFO - [2025-02-13T00:06:56.263+0000] {dag.py:3239} INFO - Sync 1 DAGs
[2025-02-13T00:06:56.294+0000] {logging_mixin.py:190} INFO - [2025-02-13T00:06:56.293+0000] {dag.py:4180} INFO - Setting next_dagrun for example_kubernetes_executor to None, run_after=None
[2025-02-13T00:06:56.316+0000] {processor.py:208} INFO - Processing /home/airflow/.local/lib/python3.12/site-packages/airflow/example_dags/example_kubernetes_executor.py took 0.122 seconds
[2025-02-13T00:07:26.506+0000] {processor.py:186} INFO - Started process (PID=836) to work on /home/airflow/.local/lib/python3.12/site-packages/airflow/example_dags/example_kubernetes_executor.py
[2025-02-13T00:07:26.509+0000] {processor.py:914} INFO - Processing file /home/airflow/.local/lib/python3.12/site-packages/airflow/example_dags/example_kubernetes_executor.py for tasks to queue
[2025-02-13T00:07:26.512+0000] {logging_mixin.py:190} INFO - [2025-02-13T00:07:26.512+0000] {dagbag.py:588} INFO - Filling up the DagBag from /home/airflow/.local/lib/python3.12/site-packages/airflow/example_dags/example_kubernetes_executor.py
[2025-02-13T00:07:26.557+0000] {processor.py:925} INFO - DAG(s) 'example_kubernetes_executor' retrieved from /home/airflow/.local/lib/python3.12/site-packages/airflow/example_dags/example_kubernetes_executor.py
[2025-02-13T00:07:26.648+0000] {logging_mixin.py:190} INFO - [2025-02-13T00:07:26.648+0000] {dag.py:3239} INFO - Sync 1 DAGs
[2025-02-13T00:07:26.667+0000] {logging_mixin.py:190} INFO - [2025-02-13T00:07:26.667+0000] {dag.py:4180} INFO - Setting next_dagrun for example_kubernetes_executor to None, run_after=None
[2025-02-13T00:07:26.686+0000] {processor.py:208} INFO - Processing /home/airflow/.local/lib/python3.12/site-packages/airflow/example_dags/example_kubernetes_executor.py took 0.187 seconds
[2025-02-13T00:07:56.872+0000] {processor.py:186} INFO - Started process (PID=894) to work on /home/airflow/.local/lib/python3.12/site-packages/airflow/example_dags/example_kubernetes_executor.py
[2025-02-13T00:07:56.873+0000] {processor.py:914} INFO - Processing file /home/airflow/.local/lib/python3.12/site-packages/airflow/example_dags/example_kubernetes_executor.py for tasks to queue
[2025-02-13T00:07:56.876+0000] {logging_mixin.py:190} INFO - [2025-02-13T00:07:56.876+0000] {dagbag.py:588} INFO - Filling up the DagBag from /home/airflow/.local/lib/python3.12/site-packages/airflow/example_dags/example_kubernetes_executor.py
[2025-02-13T00:07:56.890+0000] {processor.py:925} INFO - DAG(s) 'example_kubernetes_executor' retrieved from /home/airflow/.local/lib/python3.12/site-packages/airflow/example_dags/example_kubernetes_executor.py
[2025-02-13T00:07:56.946+0000] {logging_mixin.py:190} INFO - [2025-02-13T00:07:56.945+0000] {dag.py:3239} INFO - Sync 1 DAGs
[2025-02-13T00:07:56.966+0000] {logging_mixin.py:190} INFO - [2025-02-13T00:07:56.966+0000] {dag.py:4180} INFO - Setting next_dagrun for example_kubernetes_executor to None, run_after=None
[2025-02-13T00:07:56.981+0000] {processor.py:208} INFO - Processing /home/airflow/.local/lib/python3.12/site-packages/airflow/example_dags/example_kubernetes_executor.py took 0.117 seconds
[2025-02-13T00:08:27.468+0000] {processor.py:186} INFO - Started process (PID=952) to work on /home/airflow/.local/lib/python3.12/site-packages/airflow/example_dags/example_kubernetes_executor.py
[2025-02-13T00:08:27.470+0000] {processor.py:914} INFO - Processing file /home/airflow/.local/lib/python3.12/site-packages/airflow/example_dags/example_kubernetes_executor.py for tasks to queue
[2025-02-13T00:08:27.473+0000] {logging_mixin.py:190} INFO - [2025-02-13T00:08:27.473+0000] {dagbag.py:588} INFO - Filling up the DagBag from /home/airflow/.local/lib/python3.12/site-packages/airflow/example_dags/example_kubernetes_executor.py
[2025-02-13T00:08:27.510+0000] {processor.py:925} INFO - DAG(s) 'example_kubernetes_executor' retrieved from /home/airflow/.local/lib/python3.12/site-packages/airflow/example_dags/example_kubernetes_executor.py
[2025-02-13T00:08:27.573+0000] {logging_mixin.py:190} INFO - [2025-02-13T00:08:27.572+0000] {dag.py:3239} INFO - Sync 1 DAGs
[2025-02-13T00:08:27.617+0000] {logging_mixin.py:190} INFO - [2025-02-13T00:08:27.616+0000] {dag.py:4180} INFO - Setting next_dagrun for example_kubernetes_executor to None, run_after=None
[2025-02-13T00:08:27.674+0000] {processor.py:208} INFO - Processing /home/airflow/.local/lib/python3.12/site-packages/airflow/example_dags/example_kubernetes_executor.py took 0.217 seconds
[2025-02-13T00:08:57.935+0000] {processor.py:186} INFO - Started process (PID=1010) to work on /home/airflow/.local/lib/python3.12/site-packages/airflow/example_dags/example_kubernetes_executor.py
[2025-02-13T00:08:57.936+0000] {processor.py:914} INFO - Processing file /home/airflow/.local/lib/python3.12/site-packages/airflow/example_dags/example_kubernetes_executor.py for tasks to queue
[2025-02-13T00:08:57.938+0000] {logging_mixin.py:190} INFO - [2025-02-13T00:08:57.938+0000] {dagbag.py:588} INFO - Filling up the DagBag from /home/airflow/.local/lib/python3.12/site-packages/airflow/example_dags/example_kubernetes_executor.py
[2025-02-13T00:08:57.956+0000] {processor.py:925} INFO - DAG(s) 'example_kubernetes_executor' retrieved from /home/airflow/.local/lib/python3.12/site-packages/airflow/example_dags/example_kubernetes_executor.py
[2025-02-13T00:08:57.984+0000] {logging_mixin.py:190} INFO - [2025-02-13T00:08:57.984+0000] {dag.py:3239} INFO - Sync 1 DAGs
[2025-02-13T00:08:58.002+0000] {logging_mixin.py:190} INFO - [2025-02-13T00:08:58.002+0000] {dag.py:4180} INFO - Setting next_dagrun for example_kubernetes_executor to None, run_after=None
[2025-02-13T00:08:58.019+0000] {processor.py:208} INFO - Processing /home/airflow/.local/lib/python3.12/site-packages/airflow/example_dags/example_kubernetes_executor.py took 0.091 seconds
[2025-02-13T00:09:28.151+0000] {processor.py:186} INFO - Started process (PID=1068) to work on /home/airflow/.local/lib/python3.12/site-packages/airflow/example_dags/example_kubernetes_executor.py
[2025-02-13T00:09:28.152+0000] {processor.py:914} INFO - Processing file /home/airflow/.local/lib/python3.12/site-packages/airflow/example_dags/example_kubernetes_executor.py for tasks to queue
[2025-02-13T00:09:28.155+0000] {logging_mixin.py:190} INFO - [2025-02-13T00:09:28.154+0000] {dagbag.py:588} INFO - Filling up the DagBag from /home/airflow/.local/lib/python3.12/site-packages/airflow/example_dags/example_kubernetes_executor.py
[2025-02-13T00:09:28.172+0000] {processor.py:925} INFO - DAG(s) 'example_kubernetes_executor' retrieved from /home/airflow/.local/lib/python3.12/site-packages/airflow/example_dags/example_kubernetes_executor.py
[2025-02-13T00:09:28.201+0000] {logging_mixin.py:190} INFO - [2025-02-13T00:09:28.200+0000] {dag.py:3239} INFO - Sync 1 DAGs
[2025-02-13T00:09:28.221+0000] {logging_mixin.py:190} INFO - [2025-02-13T00:09:28.221+0000] {dag.py:4180} INFO - Setting next_dagrun for example_kubernetes_executor to None, run_after=None
[2025-02-13T00:09:28.239+0000] {processor.py:208} INFO - Processing /home/airflow/.local/lib/python3.12/site-packages/airflow/example_dags/example_kubernetes_executor.py took 0.095 seconds
[2025-02-13T00:09:58.497+0000] {processor.py:186} INFO - Started process (PID=1126) to work on /home/airflow/.local/lib/python3.12/site-packages/airflow/example_dags/example_kubernetes_executor.py
[2025-02-13T00:09:58.498+0000] {processor.py:914} INFO - Processing file /home/airflow/.local/lib/python3.12/site-packages/airflow/example_dags/example_kubernetes_executor.py for tasks to queue
[2025-02-13T00:09:58.501+0000] {logging_mixin.py:190} INFO - [2025-02-13T00:09:58.500+0000] {dagbag.py:588} INFO - Filling up the DagBag from /home/airflow/.local/lib/python3.12/site-packages/airflow/example_dags/example_kubernetes_executor.py
[2025-02-13T00:09:58.519+0000] {processor.py:925} INFO - DAG(s) 'example_kubernetes_executor' retrieved from /home/airflow/.local/lib/python3.12/site-packages/airflow/example_dags/example_kubernetes_executor.py
[2025-02-13T00:09:58.547+0000] {logging_mixin.py:190} INFO - [2025-02-13T00:09:58.547+0000] {dag.py:3239} INFO - Sync 1 DAGs
[2025-02-13T00:09:58.564+0000] {logging_mixin.py:190} INFO - [2025-02-13T00:09:58.564+0000] {dag.py:4180} INFO - Setting next_dagrun for example_kubernetes_executor to None, run_after=None
[2025-02-13T00:09:58.577+0000] {processor.py:208} INFO - Processing /home/airflow/.local/lib/python3.12/site-packages/airflow/example_dags/example_kubernetes_executor.py took 0.087 seconds
[2025-02-13T00:10:28.725+0000] {processor.py:186} INFO - Started process (PID=1184) to work on /home/airflow/.local/lib/python3.12/site-packages/airflow/example_dags/example_kubernetes_executor.py
[2025-02-13T00:10:28.726+0000] {processor.py:914} INFO - Processing file /home/airflow/.local/lib/python3.12/site-packages/airflow/example_dags/example_kubernetes_executor.py for tasks to queue
[2025-02-13T00:10:28.728+0000] {logging_mixin.py:190} INFO - [2025-02-13T00:10:28.728+0000] {dagbag.py:588} INFO - Filling up the DagBag from /home/airflow/.local/lib/python3.12/site-packages/airflow/example_dags/example_kubernetes_executor.py
[2025-02-13T00:10:28.747+0000] {processor.py:925} INFO - DAG(s) 'example_kubernetes_executor' retrieved from /home/airflow/.local/lib/python3.12/site-packages/airflow/example_dags/example_kubernetes_executor.py
[2025-02-13T00:10:28.775+0000] {logging_mixin.py:190} INFO - [2025-02-13T00:10:28.774+0000] {dag.py:3239} INFO - Sync 1 DAGs
[2025-02-13T00:10:28.793+0000] {logging_mixin.py:190} INFO - [2025-02-13T00:10:28.793+0000] {dag.py:4180} INFO - Setting next_dagrun for example_kubernetes_executor to None, run_after=None
[2025-02-13T00:10:28.811+0000] {processor.py:208} INFO - Processing /home/airflow/.local/lib/python3.12/site-packages/airflow/example_dags/example_kubernetes_executor.py took 0.093 seconds
[2025-02-13T00:10:59.824+0000] {processor.py:186} INFO - Started process (PID=1242) to work on /home/airflow/.local/lib/python3.12/site-packages/airflow/example_dags/example_kubernetes_executor.py
[2025-02-13T00:10:59.825+0000] {processor.py:914} INFO - Processing file /home/airflow/.local/lib/python3.12/site-packages/airflow/example_dags/example_kubernetes_executor.py for tasks to queue
[2025-02-13T00:10:59.828+0000] {logging_mixin.py:190} INFO - [2025-02-13T00:10:59.827+0000] {dagbag.py:588} INFO - Filling up the DagBag from /home/airflow/.local/lib/python3.12/site-packages/airflow/example_dags/example_kubernetes_executor.py
[2025-02-13T00:10:59.846+0000] {processor.py:925} INFO - DAG(s) 'example_kubernetes_executor' retrieved from /home/airflow/.local/lib/python3.12/site-packages/airflow/example_dags/example_kubernetes_executor.py
[2025-02-13T00:10:59.886+0000] {logging_mixin.py:190} INFO - [2025-02-13T00:10:59.885+0000] {dag.py:3239} INFO - Sync 1 DAGs
[2025-02-13T00:10:59.904+0000] {logging_mixin.py:190} INFO - [2025-02-13T00:10:59.904+0000] {dag.py:4180} INFO - Setting next_dagrun for example_kubernetes_executor to None, run_after=None
[2025-02-13T00:10:59.922+0000] {processor.py:208} INFO - Processing /home/airflow/.local/lib/python3.12/site-packages/airflow/example_dags/example_kubernetes_executor.py took 0.105 seconds
[2025-02-13T00:11:30.576+0000] {processor.py:186} INFO - Started process (PID=1302) to work on /home/airflow/.local/lib/python3.12/site-packages/airflow/example_dags/example_kubernetes_executor.py
[2025-02-13T00:11:30.577+0000] {processor.py:914} INFO - Processing file /home/airflow/.local/lib/python3.12/site-packages/airflow/example_dags/example_kubernetes_executor.py for tasks to queue
[2025-02-13T00:11:30.579+0000] {logging_mixin.py:190} INFO - [2025-02-13T00:11:30.579+0000] {dagbag.py:588} INFO - Filling up the DagBag from /home/airflow/.local/lib/python3.12/site-packages/airflow/example_dags/example_kubernetes_executor.py
[2025-02-13T00:11:30.598+0000] {processor.py:925} INFO - DAG(s) 'example_kubernetes_executor' retrieved from /home/airflow/.local/lib/python3.12/site-packages/airflow/example_dags/example_kubernetes_executor.py
[2025-02-13T00:11:30.624+0000] {logging_mixin.py:190} INFO - [2025-02-13T00:11:30.624+0000] {dag.py:3239} INFO - Sync 1 DAGs
[2025-02-13T00:11:30.636+0000] {logging_mixin.py:190} INFO - [2025-02-13T00:11:30.636+0000] {dag.py:4180} INFO - Setting next_dagrun for example_kubernetes_executor to None, run_after=None
[2025-02-13T00:11:30.650+0000] {processor.py:208} INFO - Processing /home/airflow/.local/lib/python3.12/site-packages/airflow/example_dags/example_kubernetes_executor.py took 0.081 seconds
[2025-02-13T00:12:01.669+0000] {processor.py:186} INFO - Started process (PID=1360) to work on /home/airflow/.local/lib/python3.12/site-packages/airflow/example_dags/example_kubernetes_executor.py
[2025-02-13T00:12:01.670+0000] {processor.py:914} INFO - Processing file /home/airflow/.local/lib/python3.12/site-packages/airflow/example_dags/example_kubernetes_executor.py for tasks to queue
[2025-02-13T00:12:01.672+0000] {logging_mixin.py:190} INFO - [2025-02-13T00:12:01.671+0000] {dagbag.py:588} INFO - Filling up the DagBag from /home/airflow/.local/lib/python3.12/site-packages/airflow/example_dags/example_kubernetes_executor.py
[2025-02-13T00:12:01.683+0000] {processor.py:925} INFO - DAG(s) 'example_kubernetes_executor' retrieved from /home/airflow/.local/lib/python3.12/site-packages/airflow/example_dags/example_kubernetes_executor.py
[2025-02-13T00:12:01.703+0000] {logging_mixin.py:190} INFO - [2025-02-13T00:12:01.703+0000] {dag.py:3239} INFO - Sync 1 DAGs
[2025-02-13T00:12:01.716+0000] {logging_mixin.py:190} INFO - [2025-02-13T00:12:01.715+0000] {dag.py:4180} INFO - Setting next_dagrun for example_kubernetes_executor to None, run_after=None
[2025-02-13T00:12:01.729+0000] {processor.py:208} INFO - Processing /home/airflow/.local/lib/python3.12/site-packages/airflow/example_dags/example_kubernetes_executor.py took 0.065 seconds
[2025-02-13T00:12:32.366+0000] {processor.py:186} INFO - Started process (PID=1418) to work on /home/airflow/.local/lib/python3.12/site-packages/airflow/example_dags/example_kubernetes_executor.py
[2025-02-13T00:12:32.367+0000] {processor.py:914} INFO - Processing file /home/airflow/.local/lib/python3.12/site-packages/airflow/example_dags/example_kubernetes_executor.py for tasks to queue
[2025-02-13T00:12:32.370+0000] {logging_mixin.py:190} INFO - [2025-02-13T00:12:32.369+0000] {dagbag.py:588} INFO - Filling up the DagBag from /home/airflow/.local/lib/python3.12/site-packages/airflow/example_dags/example_kubernetes_executor.py
[2025-02-13T00:12:32.386+0000] {processor.py:925} INFO - DAG(s) 'example_kubernetes_executor' retrieved from /home/airflow/.local/lib/python3.12/site-packages/airflow/example_dags/example_kubernetes_executor.py
[2025-02-13T00:12:32.413+0000] {logging_mixin.py:190} INFO - [2025-02-13T00:12:32.413+0000] {dag.py:3239} INFO - Sync 1 DAGs
[2025-02-13T00:12:32.431+0000] {logging_mixin.py:190} INFO - [2025-02-13T00:12:32.431+0000] {dag.py:4180} INFO - Setting next_dagrun for example_kubernetes_executor to None, run_after=None
[2025-02-13T00:12:32.451+0000] {processor.py:208} INFO - Processing /home/airflow/.local/lib/python3.12/site-packages/airflow/example_dags/example_kubernetes_executor.py took 0.092 seconds
[2025-02-13T00:13:03.893+0000] {processor.py:186} INFO - Started process (PID=1482) to work on /home/airflow/.local/lib/python3.12/site-packages/airflow/example_dags/example_kubernetes_executor.py
[2025-02-13T00:13:03.894+0000] {processor.py:914} INFO - Processing file /home/airflow/.local/lib/python3.12/site-packages/airflow/example_dags/example_kubernetes_executor.py for tasks to queue
[2025-02-13T00:13:03.896+0000] {logging_mixin.py:190} INFO - [2025-02-13T00:13:03.896+0000] {dagbag.py:588} INFO - Filling up the DagBag from /home/airflow/.local/lib/python3.12/site-packages/airflow/example_dags/example_kubernetes_executor.py
[2025-02-13T00:13:03.914+0000] {processor.py:925} INFO - DAG(s) 'example_kubernetes_executor' retrieved from /home/airflow/.local/lib/python3.12/site-packages/airflow/example_dags/example_kubernetes_executor.py
[2025-02-13T00:13:03.942+0000] {logging_mixin.py:190} INFO - [2025-02-13T00:13:03.942+0000] {dag.py:3239} INFO - Sync 1 DAGs
[2025-02-13T00:13:03.969+0000] {logging_mixin.py:190} INFO - [2025-02-13T00:13:03.969+0000] {dag.py:4180} INFO - Setting next_dagrun for example_kubernetes_executor to None, run_after=None
[2025-02-13T00:13:03.994+0000] {processor.py:208} INFO - Processing /home/airflow/.local/lib/python3.12/site-packages/airflow/example_dags/example_kubernetes_executor.py took 0.108 seconds
[2025-02-13T00:13:35.110+0000] {processor.py:186} INFO - Started process (PID=1540) to work on /home/airflow/.local/lib/python3.12/site-packages/airflow/example_dags/example_kubernetes_executor.py
[2025-02-13T00:13:35.111+0000] {processor.py:914} INFO - Processing file /home/airflow/.local/lib/python3.12/site-packages/airflow/example_dags/example_kubernetes_executor.py for tasks to queue
[2025-02-13T00:13:35.114+0000] {logging_mixin.py:190} INFO - [2025-02-13T00:13:35.113+0000] {dagbag.py:588} INFO - Filling up the DagBag from /home/airflow/.local/lib/python3.12/site-packages/airflow/example_dags/example_kubernetes_executor.py
[2025-02-13T00:13:35.126+0000] {processor.py:925} INFO - DAG(s) 'example_kubernetes_executor' retrieved from /home/airflow/.local/lib/python3.12/site-packages/airflow/example_dags/example_kubernetes_executor.py
[2025-02-13T00:13:35.152+0000] {logging_mixin.py:190} INFO - [2025-02-13T00:13:35.151+0000] {dag.py:3239} INFO - Sync 1 DAGs
[2025-02-13T00:13:35.164+0000] {logging_mixin.py:190} INFO - [2025-02-13T00:13:35.164+0000] {dag.py:4180} INFO - Setting next_dagrun for example_kubernetes_executor to None, run_after=None
[2025-02-13T00:13:35.178+0000] {processor.py:208} INFO - Processing /home/airflow/.local/lib/python3.12/site-packages/airflow/example_dags/example_kubernetes_executor.py took 0.080 seconds
[2025-02-13T00:14:06.181+0000] {processor.py:186} INFO - Started process (PID=1598) to work on /home/airflow/.local/lib/python3.12/site-packages/airflow/example_dags/example_kubernetes_executor.py
[2025-02-13T00:14:06.182+0000] {processor.py:914} INFO - Processing file /home/airflow/.local/lib/python3.12/site-packages/airflow/example_dags/example_kubernetes_executor.py for tasks to queue
[2025-02-13T00:14:06.186+0000] {logging_mixin.py:190} INFO - [2025-02-13T00:14:06.185+0000] {dagbag.py:588} INFO - Filling up the DagBag from /home/airflow/.local/lib/python3.12/site-packages/airflow/example_dags/example_kubernetes_executor.py
[2025-02-13T00:14:06.229+0000] {processor.py:925} INFO - DAG(s) 'example_kubernetes_executor' retrieved from /home/airflow/.local/lib/python3.12/site-packages/airflow/example_dags/example_kubernetes_executor.py
[2025-02-13T00:14:06.286+0000] {logging_mixin.py:190} INFO - [2025-02-13T00:14:06.285+0000] {dag.py:3239} INFO - Sync 1 DAGs
[2025-02-13T00:14:06.304+0000] {logging_mixin.py:190} INFO - [2025-02-13T00:14:06.304+0000] {dag.py:4180} INFO - Setting next_dagrun for example_kubernetes_executor to None, run_after=None
[2025-02-13T00:14:06.324+0000] {processor.py:208} INFO - Processing /home/airflow/.local/lib/python3.12/site-packages/airflow/example_dags/example_kubernetes_executor.py took 0.150 seconds
[2025-02-13T00:14:36.542+0000] {processor.py:186} INFO - Started process (PID=1656) to work on /home/airflow/.local/lib/python3.12/site-packages/airflow/example_dags/example_kubernetes_executor.py
[2025-02-13T00:14:36.542+0000] {processor.py:914} INFO - Processing file /home/airflow/.local/lib/python3.12/site-packages/airflow/example_dags/example_kubernetes_executor.py for tasks to queue
[2025-02-13T00:14:36.545+0000] {logging_mixin.py:190} INFO - [2025-02-13T00:14:36.545+0000] {dagbag.py:588} INFO - Filling up the DagBag from /home/airflow/.local/lib/python3.12/site-packages/airflow/example_dags/example_kubernetes_executor.py
[2025-02-13T00:14:36.563+0000] {processor.py:925} INFO - DAG(s) 'example_kubernetes_executor' retrieved from /home/airflow/.local/lib/python3.12/site-packages/airflow/example_dags/example_kubernetes_executor.py
[2025-02-13T00:14:36.592+0000] {logging_mixin.py:190} INFO - [2025-02-13T00:14:36.591+0000] {dag.py:3239} INFO - Sync 1 DAGs
[2025-02-13T00:14:36.616+0000] {logging_mixin.py:190} INFO - [2025-02-13T00:14:36.616+0000] {dag.py:4180} INFO - Setting next_dagrun for example_kubernetes_executor to None, run_after=None
[2025-02-13T00:14:36.672+0000] {processor.py:208} INFO - Processing /home/airflow/.local/lib/python3.12/site-packages/airflow/example_dags/example_kubernetes_executor.py took 0.137 seconds
[2025-02-13T00:15:07.699+0000] {processor.py:186} INFO - Started process (PID=1714) to work on /home/airflow/.local/lib/python3.12/site-packages/airflow/example_dags/example_kubernetes_executor.py
[2025-02-13T00:15:07.700+0000] {processor.py:914} INFO - Processing file /home/airflow/.local/lib/python3.12/site-packages/airflow/example_dags/example_kubernetes_executor.py for tasks to queue
[2025-02-13T00:15:07.702+0000] {logging_mixin.py:190} INFO - [2025-02-13T00:15:07.702+0000] {dagbag.py:588} INFO - Filling up the DagBag from /home/airflow/.local/lib/python3.12/site-packages/airflow/example_dags/example_kubernetes_executor.py
[2025-02-13T00:15:07.721+0000] {processor.py:925} INFO - DAG(s) 'example_kubernetes_executor' retrieved from /home/airflow/.local/lib/python3.12/site-packages/airflow/example_dags/example_kubernetes_executor.py
[2025-02-13T00:15:07.749+0000] {logging_mixin.py:190} INFO - [2025-02-13T00:15:07.748+0000] {dag.py:3239} INFO - Sync 1 DAGs
[2025-02-13T00:15:07.767+0000] {logging_mixin.py:190} INFO - [2025-02-13T00:15:07.767+0000] {dag.py:4180} INFO - Setting next_dagrun for example_kubernetes_executor to None, run_after=None
[2025-02-13T00:15:07.787+0000] {processor.py:208} INFO - Processing /home/airflow/.local/lib/python3.12/site-packages/airflow/example_dags/example_kubernetes_executor.py took 0.097 seconds
[2025-02-13T00:15:38.147+0000] {processor.py:186} INFO - Started process (PID=1772) to work on /home/airflow/.local/lib/python3.12/site-packages/airflow/example_dags/example_kubernetes_executor.py
[2025-02-13T00:15:38.148+0000] {processor.py:914} INFO - Processing file /home/airflow/.local/lib/python3.12/site-packages/airflow/example_dags/example_kubernetes_executor.py for tasks to queue
[2025-02-13T00:15:38.150+0000] {logging_mixin.py:190} INFO - [2025-02-13T00:15:38.150+0000] {dagbag.py:588} INFO - Filling up the DagBag from /home/airflow/.local/lib/python3.12/site-packages/airflow/example_dags/example_kubernetes_executor.py
[2025-02-13T00:15:38.167+0000] {processor.py:925} INFO - DAG(s) 'example_kubernetes_executor' retrieved from /home/airflow/.local/lib/python3.12/site-packages/airflow/example_dags/example_kubernetes_executor.py
[2025-02-13T00:15:38.194+0000] {logging_mixin.py:190} INFO - [2025-02-13T00:15:38.194+0000] {dag.py:3239} INFO - Sync 1 DAGs
[2025-02-13T00:15:38.212+0000] {logging_mixin.py:190} INFO - [2025-02-13T00:15:38.212+0000] {dag.py:4180} INFO - Setting next_dagrun for example_kubernetes_executor to None, run_after=None
[2025-02-13T00:15:38.231+0000] {processor.py:208} INFO - Processing /home/airflow/.local/lib/python3.12/site-packages/airflow/example_dags/example_kubernetes_executor.py took 0.091 seconds
[2025-02-13T00:16:08.559+0000] {processor.py:186} INFO - Started process (PID=1830) to work on /home/airflow/.local/lib/python3.12/site-packages/airflow/example_dags/example_kubernetes_executor.py
[2025-02-13T00:16:08.559+0000] {processor.py:914} INFO - Processing file /home/airflow/.local/lib/python3.12/site-packages/airflow/example_dags/example_kubernetes_executor.py for tasks to queue
[2025-02-13T00:16:08.562+0000] {logging_mixin.py:190} INFO - [2025-02-13T00:16:08.561+0000] {dagbag.py:588} INFO - Filling up the DagBag from /home/airflow/.local/lib/python3.12/site-packages/airflow/example_dags/example_kubernetes_executor.py
[2025-02-13T00:16:08.615+0000] {processor.py:925} INFO - DAG(s) 'example_kubernetes_executor' retrieved from /home/airflow/.local/lib/python3.12/site-packages/airflow/example_dags/example_kubernetes_executor.py
[2025-02-13T00:16:08.657+0000] {logging_mixin.py:190} INFO - [2025-02-13T00:16:08.657+0000] {dag.py:3239} INFO - Sync 1 DAGs
[2025-02-13T00:16:08.674+0000] {logging_mixin.py:190} INFO - [2025-02-13T00:16:08.674+0000] {dag.py:4180} INFO - Setting next_dagrun for example_kubernetes_executor to None, run_after=None
[2025-02-13T00:16:08.693+0000] {processor.py:208} INFO - Processing /home/airflow/.local/lib/python3.12/site-packages/airflow/example_dags/example_kubernetes_executor.py took 0.142 seconds
[2025-02-13T00:16:39.584+0000] {processor.py:186} INFO - Started process (PID=1888) to work on /home/airflow/.local/lib/python3.12/site-packages/airflow/example_dags/example_kubernetes_executor.py
[2025-02-13T00:16:39.584+0000] {processor.py:914} INFO - Processing file /home/airflow/.local/lib/python3.12/site-packages/airflow/example_dags/example_kubernetes_executor.py for tasks to queue
[2025-02-13T00:16:39.587+0000] {logging_mixin.py:190} INFO - [2025-02-13T00:16:39.587+0000] {dagbag.py:588} INFO - Filling up the DagBag from /home/airflow/.local/lib/python3.12/site-packages/airflow/example_dags/example_kubernetes_executor.py
[2025-02-13T00:16:39.622+0000] {processor.py:925} INFO - DAG(s) 'example_kubernetes_executor' retrieved from /home/airflow/.local/lib/python3.12/site-packages/airflow/example_dags/example_kubernetes_executor.py
[2025-02-13T00:16:39.651+0000] {logging_mixin.py:190} INFO - [2025-02-13T00:16:39.650+0000] {dag.py:3239} INFO - Sync 1 DAGs
[2025-02-13T00:16:39.669+0000] {logging_mixin.py:190} INFO - [2025-02-13T00:16:39.669+0000] {dag.py:4180} INFO - Setting next_dagrun for example_kubernetes_executor to None, run_after=None
[2025-02-13T00:16:39.688+0000] {processor.py:208} INFO - Processing /home/airflow/.local/lib/python3.12/site-packages/airflow/example_dags/example_kubernetes_executor.py took 0.112 seconds
[2025-02-13T00:17:10.091+0000] {processor.py:186} INFO - Started process (PID=1946) to work on /home/airflow/.local/lib/python3.12/site-packages/airflow/example_dags/example_kubernetes_executor.py
[2025-02-13T00:17:10.092+0000] {processor.py:914} INFO - Processing file /home/airflow/.local/lib/python3.12/site-packages/airflow/example_dags/example_kubernetes_executor.py for tasks to queue
[2025-02-13T00:17:10.095+0000] {logging_mixin.py:190} INFO - [2025-02-13T00:17:10.094+0000] {dagbag.py:588} INFO - Filling up the DagBag from /home/airflow/.local/lib/python3.12/site-packages/airflow/example_dags/example_kubernetes_executor.py
[2025-02-13T00:17:10.113+0000] {processor.py:925} INFO - DAG(s) 'example_kubernetes_executor' retrieved from /home/airflow/.local/lib/python3.12/site-packages/airflow/example_dags/example_kubernetes_executor.py
[2025-02-13T00:17:10.142+0000] {logging_mixin.py:190} INFO - [2025-02-13T00:17:10.141+0000] {dag.py:3239} INFO - Sync 1 DAGs
[2025-02-13T00:17:10.159+0000] {logging_mixin.py:190} INFO - [2025-02-13T00:17:10.159+0000] {dag.py:4180} INFO - Setting next_dagrun for example_kubernetes_executor to None, run_after=None
[2025-02-13T00:17:10.177+0000] {processor.py:208} INFO - Processing /home/airflow/.local/lib/python3.12/site-packages/airflow/example_dags/example_kubernetes_executor.py took 0.093 seconds
[2025-02-13T00:17:41.349+0000] {processor.py:186} INFO - Started process (PID=2004) to work on /home/airflow/.local/lib/python3.12/site-packages/airflow/example_dags/example_kubernetes_executor.py
[2025-02-13T00:17:41.351+0000] {processor.py:914} INFO - Processing file /home/airflow/.local/lib/python3.12/site-packages/airflow/example_dags/example_kubernetes_executor.py for tasks to queue
[2025-02-13T00:17:41.354+0000] {logging_mixin.py:190} INFO - [2025-02-13T00:17:41.353+0000] {dagbag.py:588} INFO - Filling up the DagBag from /home/airflow/.local/lib/python3.12/site-packages/airflow/example_dags/example_kubernetes_executor.py
[2025-02-13T00:17:41.391+0000] {processor.py:925} INFO - DAG(s) 'example_kubernetes_executor' retrieved from /home/airflow/.local/lib/python3.12/site-packages/airflow/example_dags/example_kubernetes_executor.py
[2025-02-13T00:17:41.441+0000] {logging_mixin.py:190} INFO - [2025-02-13T00:17:41.440+0000] {dag.py:3239} INFO - Sync 1 DAGs
[2025-02-13T00:17:41.460+0000] {logging_mixin.py:190} INFO - [2025-02-13T00:17:41.460+0000] {dag.py:4180} INFO - Setting next_dagrun for example_kubernetes_executor to None, run_after=None
[2025-02-13T00:17:41.493+0000] {processor.py:208} INFO - Processing /home/airflow/.local/lib/python3.12/site-packages/airflow/example_dags/example_kubernetes_executor.py took 0.159 seconds
[2025-02-13T00:18:11.580+0000] {processor.py:186} INFO - Started process (PID=2061) to work on /home/airflow/.local/lib/python3.12/site-packages/airflow/example_dags/example_kubernetes_executor.py
[2025-02-13T00:18:11.580+0000] {processor.py:914} INFO - Processing file /home/airflow/.local/lib/python3.12/site-packages/airflow/example_dags/example_kubernetes_executor.py for tasks to queue
[2025-02-13T00:18:11.583+0000] {logging_mixin.py:190} INFO - [2025-02-13T00:18:11.582+0000] {dagbag.py:588} INFO - Filling up the DagBag from /home/airflow/.local/lib/python3.12/site-packages/airflow/example_dags/example_kubernetes_executor.py
[2025-02-13T00:18:11.602+0000] {processor.py:925} INFO - DAG(s) 'example_kubernetes_executor' retrieved from /home/airflow/.local/lib/python3.12/site-packages/airflow/example_dags/example_kubernetes_executor.py
[2025-02-13T00:18:11.632+0000] {logging_mixin.py:190} INFO - [2025-02-13T00:18:11.632+0000] {dag.py:3239} INFO - Sync 1 DAGs
[2025-02-13T00:18:11.650+0000] {logging_mixin.py:190} INFO - [2025-02-13T00:18:11.650+0000] {dag.py:4180} INFO - Setting next_dagrun for example_kubernetes_executor to None, run_after=None
[2025-02-13T00:18:11.669+0000] {processor.py:208} INFO - Processing /home/airflow/.local/lib/python3.12/site-packages/airflow/example_dags/example_kubernetes_executor.py took 0.113 seconds
[2025-02-13T00:18:42.878+0000] {processor.py:186} INFO - Started process (PID=2122) to work on /home/airflow/.local/lib/python3.12/site-packages/airflow/example_dags/example_kubernetes_executor.py
[2025-02-13T00:18:42.879+0000] {processor.py:914} INFO - Processing file /home/airflow/.local/lib/python3.12/site-packages/airflow/example_dags/example_kubernetes_executor.py for tasks to queue
[2025-02-13T00:18:42.881+0000] {logging_mixin.py:190} INFO - [2025-02-13T00:18:42.881+0000] {dagbag.py:588} INFO - Filling up the DagBag from /home/airflow/.local/lib/python3.12/site-packages/airflow/example_dags/example_kubernetes_executor.py
[2025-02-13T00:18:42.900+0000] {processor.py:925} INFO - DAG(s) 'example_kubernetes_executor' retrieved from /home/airflow/.local/lib/python3.12/site-packages/airflow/example_dags/example_kubernetes_executor.py
[2025-02-13T00:18:42.929+0000] {logging_mixin.py:190} INFO - [2025-02-13T00:18:42.928+0000] {dag.py:3239} INFO - Sync 1 DAGs
[2025-02-13T00:18:42.947+0000] {logging_mixin.py:190} INFO - [2025-02-13T00:18:42.947+0000] {dag.py:4180} INFO - Setting next_dagrun for example_kubernetes_executor to None, run_after=None
[2025-02-13T00:18:42.966+0000] {processor.py:208} INFO - Processing /home/airflow/.local/lib/python3.12/site-packages/airflow/example_dags/example_kubernetes_executor.py took 0.096 seconds
[2025-02-13T00:19:14.346+0000] {processor.py:186} INFO - Started process (PID=2182) to work on /home/airflow/.local/lib/python3.12/site-packages/airflow/example_dags/example_kubernetes_executor.py
[2025-02-13T00:19:14.348+0000] {processor.py:914} INFO - Processing file /home/airflow/.local/lib/python3.12/site-packages/airflow/example_dags/example_kubernetes_executor.py for tasks to queue
[2025-02-13T00:19:14.350+0000] {logging_mixin.py:190} INFO - [2025-02-13T00:19:14.350+0000] {dagbag.py:588} INFO - Filling up the DagBag from /home/airflow/.local/lib/python3.12/site-packages/airflow/example_dags/example_kubernetes_executor.py
[2025-02-13T00:19:14.368+0000] {processor.py:925} INFO - DAG(s) 'example_kubernetes_executor' retrieved from /home/airflow/.local/lib/python3.12/site-packages/airflow/example_dags/example_kubernetes_executor.py
[2025-02-13T00:19:14.411+0000] {logging_mixin.py:190} INFO - [2025-02-13T00:19:14.411+0000] {dag.py:3239} INFO - Sync 1 DAGs
[2025-02-13T00:19:14.431+0000] {logging_mixin.py:190} INFO - [2025-02-13T00:19:14.431+0000] {dag.py:4180} INFO - Setting next_dagrun for example_kubernetes_executor to None, run_after=None
[2025-02-13T00:19:14.450+0000] {processor.py:208} INFO - Processing /home/airflow/.local/lib/python3.12/site-packages/airflow/example_dags/example_kubernetes_executor.py took 0.111 seconds
[2025-02-13T00:19:44.621+0000] {processor.py:186} INFO - Started process (PID=2240) to work on /home/airflow/.local/lib/python3.12/site-packages/airflow/example_dags/example_kubernetes_executor.py
[2025-02-13T00:19:44.622+0000] {processor.py:914} INFO - Processing file /home/airflow/.local/lib/python3.12/site-packages/airflow/example_dags/example_kubernetes_executor.py for tasks to queue
[2025-02-13T00:19:44.624+0000] {logging_mixin.py:190} INFO - [2025-02-13T00:19:44.624+0000] {dagbag.py:588} INFO - Filling up the DagBag from /home/airflow/.local/lib/python3.12/site-packages/airflow/example_dags/example_kubernetes_executor.py
[2025-02-13T00:19:44.641+0000] {processor.py:925} INFO - DAG(s) 'example_kubernetes_executor' retrieved from /home/airflow/.local/lib/python3.12/site-packages/airflow/example_dags/example_kubernetes_executor.py
[2025-02-13T00:19:44.669+0000] {logging_mixin.py:190} INFO - [2025-02-13T00:19:44.668+0000] {dag.py:3239} INFO - Sync 1 DAGs
[2025-02-13T00:19:44.687+0000] {logging_mixin.py:190} INFO - [2025-02-13T00:19:44.687+0000] {dag.py:4180} INFO - Setting next_dagrun for example_kubernetes_executor to None, run_after=None
[2025-02-13T00:19:44.703+0000] {processor.py:208} INFO - Processing /home/airflow/.local/lib/python3.12/site-packages/airflow/example_dags/example_kubernetes_executor.py took 0.089 seconds
[2025-02-13T00:20:15.781+0000] {processor.py:186} INFO - Started process (PID=2298) to work on /home/airflow/.local/lib/python3.12/site-packages/airflow/example_dags/example_kubernetes_executor.py
[2025-02-13T00:20:15.782+0000] {processor.py:914} INFO - Processing file /home/airflow/.local/lib/python3.12/site-packages/airflow/example_dags/example_kubernetes_executor.py for tasks to queue
[2025-02-13T00:20:15.785+0000] {logging_mixin.py:190} INFO - [2025-02-13T00:20:15.784+0000] {dagbag.py:588} INFO - Filling up the DagBag from /home/airflow/.local/lib/python3.12/site-packages/airflow/example_dags/example_kubernetes_executor.py
[2025-02-13T00:20:15.803+0000] {processor.py:925} INFO - DAG(s) 'example_kubernetes_executor' retrieved from /home/airflow/.local/lib/python3.12/site-packages/airflow/example_dags/example_kubernetes_executor.py
[2025-02-13T00:20:15.831+0000] {logging_mixin.py:190} INFO - [2025-02-13T00:20:15.830+0000] {dag.py:3239} INFO - Sync 1 DAGs
[2025-02-13T00:20:15.849+0000] {logging_mixin.py:190} INFO - [2025-02-13T00:20:15.849+0000] {dag.py:4180} INFO - Setting next_dagrun for example_kubernetes_executor to None, run_after=None
[2025-02-13T00:20:15.880+0000] {processor.py:208} INFO - Processing /home/airflow/.local/lib/python3.12/site-packages/airflow/example_dags/example_kubernetes_executor.py took 0.106 seconds
[2025-02-13T00:20:47.264+0000] {processor.py:186} INFO - Started process (PID=2359) to work on /home/airflow/.local/lib/python3.12/site-packages/airflow/example_dags/example_kubernetes_executor.py
[2025-02-13T00:20:47.265+0000] {processor.py:914} INFO - Processing file /home/airflow/.local/lib/python3.12/site-packages/airflow/example_dags/example_kubernetes_executor.py for tasks to queue
[2025-02-13T00:20:47.267+0000] {logging_mixin.py:190} INFO - [2025-02-13T00:20:47.267+0000] {dagbag.py:588} INFO - Filling up the DagBag from /home/airflow/.local/lib/python3.12/site-packages/airflow/example_dags/example_kubernetes_executor.py
[2025-02-13T00:20:47.286+0000] {processor.py:925} INFO - DAG(s) 'example_kubernetes_executor' retrieved from /home/airflow/.local/lib/python3.12/site-packages/airflow/example_dags/example_kubernetes_executor.py
[2025-02-13T00:20:47.313+0000] {logging_mixin.py:190} INFO - [2025-02-13T00:20:47.312+0000] {dag.py:3239} INFO - Sync 1 DAGs
[2025-02-13T00:20:47.348+0000] {logging_mixin.py:190} INFO - [2025-02-13T00:20:47.348+0000] {dag.py:4180} INFO - Setting next_dagrun for example_kubernetes_executor to None, run_after=None
[2025-02-13T00:20:47.366+0000] {processor.py:208} INFO - Processing /home/airflow/.local/lib/python3.12/site-packages/airflow/example_dags/example_kubernetes_executor.py took 0.110 seconds
[2025-02-13T00:21:17.531+0000] {processor.py:186} INFO - Started process (PID=2417) to work on /home/airflow/.local/lib/python3.12/site-packages/airflow/example_dags/example_kubernetes_executor.py
[2025-02-13T00:21:17.532+0000] {processor.py:914} INFO - Processing file /home/airflow/.local/lib/python3.12/site-packages/airflow/example_dags/example_kubernetes_executor.py for tasks to queue
[2025-02-13T00:21:17.535+0000] {logging_mixin.py:190} INFO - [2025-02-13T00:21:17.534+0000] {dagbag.py:588} INFO - Filling up the DagBag from /home/airflow/.local/lib/python3.12/site-packages/airflow/example_dags/example_kubernetes_executor.py
[2025-02-13T00:21:17.578+0000] {processor.py:925} INFO - DAG(s) 'example_kubernetes_executor' retrieved from /home/airflow/.local/lib/python3.12/site-packages/airflow/example_dags/example_kubernetes_executor.py
[2025-02-13T00:21:17.638+0000] {logging_mixin.py:190} INFO - [2025-02-13T00:21:17.637+0000] {dag.py:3239} INFO - Sync 1 DAGs
[2025-02-13T00:21:17.665+0000] {logging_mixin.py:190} INFO - [2025-02-13T00:21:17.665+0000] {dag.py:4180} INFO - Setting next_dagrun for example_kubernetes_executor to None, run_after=None
[2025-02-13T00:21:17.684+0000] {processor.py:208} INFO - Processing /home/airflow/.local/lib/python3.12/site-packages/airflow/example_dags/example_kubernetes_executor.py took 0.170 seconds
[2025-02-13T00:21:48.895+0000] {processor.py:186} INFO - Started process (PID=2475) to work on /home/airflow/.local/lib/python3.12/site-packages/airflow/example_dags/example_kubernetes_executor.py
[2025-02-13T00:21:48.896+0000] {processor.py:914} INFO - Processing file /home/airflow/.local/lib/python3.12/site-packages/airflow/example_dags/example_kubernetes_executor.py for tasks to queue
[2025-02-13T00:21:48.898+0000] {logging_mixin.py:190} INFO - [2025-02-13T00:21:48.898+0000] {dagbag.py:588} INFO - Filling up the DagBag from /home/airflow/.local/lib/python3.12/site-packages/airflow/example_dags/example_kubernetes_executor.py
[2025-02-13T00:21:48.916+0000] {processor.py:925} INFO - DAG(s) 'example_kubernetes_executor' retrieved from /home/airflow/.local/lib/python3.12/site-packages/airflow/example_dags/example_kubernetes_executor.py
[2025-02-13T00:21:48.944+0000] {logging_mixin.py:190} INFO - [2025-02-13T00:21:48.943+0000] {dag.py:3239} INFO - Sync 1 DAGs
[2025-02-13T00:21:48.963+0000] {logging_mixin.py:190} INFO - [2025-02-13T00:21:48.963+0000] {dag.py:4180} INFO - Setting next_dagrun for example_kubernetes_executor to None, run_after=None
[2025-02-13T00:21:48.980+0000] {processor.py:208} INFO - Processing /home/airflow/.local/lib/python3.12/site-packages/airflow/example_dags/example_kubernetes_executor.py took 0.093 seconds
[2025-02-13T00:22:20.228+0000] {processor.py:186} INFO - Started process (PID=2535) to work on /home/airflow/.local/lib/python3.12/site-packages/airflow/example_dags/example_kubernetes_executor.py
[2025-02-13T00:22:20.229+0000] {processor.py:914} INFO - Processing file /home/airflow/.local/lib/python3.12/site-packages/airflow/example_dags/example_kubernetes_executor.py for tasks to queue
[2025-02-13T00:22:20.232+0000] {logging_mixin.py:190} INFO - [2025-02-13T00:22:20.231+0000] {dagbag.py:588} INFO - Filling up the DagBag from /home/airflow/.local/lib/python3.12/site-packages/airflow/example_dags/example_kubernetes_executor.py
[2025-02-13T00:22:20.250+0000] {processor.py:925} INFO - DAG(s) 'example_kubernetes_executor' retrieved from /home/airflow/.local/lib/python3.12/site-packages/airflow/example_dags/example_kubernetes_executor.py
[2025-02-13T00:22:20.280+0000] {logging_mixin.py:190} INFO - [2025-02-13T00:22:20.280+0000] {dag.py:3239} INFO - Sync 1 DAGs
[2025-02-13T00:22:20.298+0000] {logging_mixin.py:190} INFO - [2025-02-13T00:22:20.298+0000] {dag.py:4180} INFO - Setting next_dagrun for example_kubernetes_executor to None, run_after=None
[2025-02-13T00:22:20.319+0000] {processor.py:208} INFO - Processing /home/airflow/.local/lib/python3.12/site-packages/airflow/example_dags/example_kubernetes_executor.py took 0.097 seconds
[2025-02-13T00:22:51.465+0000] {processor.py:186} INFO - Started process (PID=2595) to work on /home/airflow/.local/lib/python3.12/site-packages/airflow/example_dags/example_kubernetes_executor.py
[2025-02-13T00:22:51.466+0000] {processor.py:914} INFO - Processing file /home/airflow/.local/lib/python3.12/site-packages/airflow/example_dags/example_kubernetes_executor.py for tasks to queue
[2025-02-13T00:22:51.468+0000] {logging_mixin.py:190} INFO - [2025-02-13T00:22:51.468+0000] {dagbag.py:588} INFO - Filling up the DagBag from /home/airflow/.local/lib/python3.12/site-packages/airflow/example_dags/example_kubernetes_executor.py
[2025-02-13T00:22:51.486+0000] {processor.py:925} INFO - DAG(s) 'example_kubernetes_executor' retrieved from /home/airflow/.local/lib/python3.12/site-packages/airflow/example_dags/example_kubernetes_executor.py
[2025-02-13T00:22:51.516+0000] {logging_mixin.py:190} INFO - [2025-02-13T00:22:51.515+0000] {dag.py:3239} INFO - Sync 1 DAGs
[2025-02-13T00:22:51.534+0000] {logging_mixin.py:190} INFO - [2025-02-13T00:22:51.534+0000] {dag.py:4180} INFO - Setting next_dagrun for example_kubernetes_executor to None, run_after=None
[2025-02-13T00:22:51.568+0000] {processor.py:208} INFO - Processing /home/airflow/.local/lib/python3.12/site-packages/airflow/example_dags/example_kubernetes_executor.py took 0.110 seconds
[2025-02-13T00:23:21.813+0000] {processor.py:186} INFO - Started process (PID=2653) to work on /home/airflow/.local/lib/python3.12/site-packages/airflow/example_dags/example_kubernetes_executor.py
[2025-02-13T00:23:21.813+0000] {processor.py:914} INFO - Processing file /home/airflow/.local/lib/python3.12/site-packages/airflow/example_dags/example_kubernetes_executor.py for tasks to queue
[2025-02-13T00:23:21.816+0000] {logging_mixin.py:190} INFO - [2025-02-13T00:23:21.815+0000] {dagbag.py:588} INFO - Filling up the DagBag from /home/airflow/.local/lib/python3.12/site-packages/airflow/example_dags/example_kubernetes_executor.py
[2025-02-13T00:23:21.834+0000] {processor.py:925} INFO - DAG(s) 'example_kubernetes_executor' retrieved from /home/airflow/.local/lib/python3.12/site-packages/airflow/example_dags/example_kubernetes_executor.py
[2025-02-13T00:23:21.862+0000] {logging_mixin.py:190} INFO - [2025-02-13T00:23:21.861+0000] {dag.py:3239} INFO - Sync 1 DAGs
[2025-02-13T00:23:21.880+0000] {logging_mixin.py:190} INFO - [2025-02-13T00:23:21.880+0000] {dag.py:4180} INFO - Setting next_dagrun for example_kubernetes_executor to None, run_after=None
[2025-02-13T00:23:21.899+0000] {processor.py:208} INFO - Processing /home/airflow/.local/lib/python3.12/site-packages/airflow/example_dags/example_kubernetes_executor.py took 0.093 seconds
[2025-02-13T00:23:53.096+0000] {processor.py:186} INFO - Started process (PID=2711) to work on /home/airflow/.local/lib/python3.12/site-packages/airflow/example_dags/example_kubernetes_executor.py
[2025-02-13T00:23:53.097+0000] {processor.py:914} INFO - Processing file /home/airflow/.local/lib/python3.12/site-packages/airflow/example_dags/example_kubernetes_executor.py for tasks to queue
[2025-02-13T00:23:53.099+0000] {logging_mixin.py:190} INFO - [2025-02-13T00:23:53.099+0000] {dagbag.py:588} INFO - Filling up the DagBag from /home/airflow/.local/lib/python3.12/site-packages/airflow/example_dags/example_kubernetes_executor.py
[2025-02-13T00:23:53.117+0000] {processor.py:925} INFO - DAG(s) 'example_kubernetes_executor' retrieved from /home/airflow/.local/lib/python3.12/site-packages/airflow/example_dags/example_kubernetes_executor.py
[2025-02-13T00:23:53.145+0000] {logging_mixin.py:190} INFO - [2025-02-13T00:23:53.145+0000] {dag.py:3239} INFO - Sync 1 DAGs
[2025-02-13T00:23:53.163+0000] {logging_mixin.py:190} INFO - [2025-02-13T00:23:53.163+0000] {dag.py:4180} INFO - Setting next_dagrun for example_kubernetes_executor to None, run_after=None
[2025-02-13T00:23:53.188+0000] {processor.py:208} INFO - Processing /home/airflow/.local/lib/python3.12/site-packages/airflow/example_dags/example_kubernetes_executor.py took 0.100 seconds
[2025-02-13T00:24:24.716+0000] {processor.py:186} INFO - Started process (PID=2772) to work on /home/airflow/.local/lib/python3.12/site-packages/airflow/example_dags/example_kubernetes_executor.py
[2025-02-13T00:24:24.717+0000] {processor.py:914} INFO - Processing file /home/airflow/.local/lib/python3.12/site-packages/airflow/example_dags/example_kubernetes_executor.py for tasks to queue
[2025-02-13T00:24:24.719+0000] {logging_mixin.py:190} INFO - [2025-02-13T00:24:24.719+0000] {dagbag.py:588} INFO - Filling up the DagBag from /home/airflow/.local/lib/python3.12/site-packages/airflow/example_dags/example_kubernetes_executor.py
[2025-02-13T00:24:24.731+0000] {processor.py:925} INFO - DAG(s) 'example_kubernetes_executor' retrieved from /home/airflow/.local/lib/python3.12/site-packages/airflow/example_dags/example_kubernetes_executor.py
[2025-02-13T00:24:24.751+0000] {logging_mixin.py:190} INFO - [2025-02-13T00:24:24.751+0000] {dag.py:3239} INFO - Sync 1 DAGs
[2025-02-13T00:24:24.763+0000] {logging_mixin.py:190} INFO - [2025-02-13T00:24:24.763+0000] {dag.py:4180} INFO - Setting next_dagrun for example_kubernetes_executor to None, run_after=None
[2025-02-13T00:24:24.777+0000] {processor.py:208} INFO - Processing /home/airflow/.local/lib/python3.12/site-packages/airflow/example_dags/example_kubernetes_executor.py took 0.067 seconds
[2025-02-13T00:24:56.257+0000] {processor.py:186} INFO - Started process (PID=2834) to work on /home/airflow/.local/lib/python3.12/site-packages/airflow/example_dags/example_kubernetes_executor.py
[2025-02-13T00:24:56.258+0000] {processor.py:914} INFO - Processing file /home/airflow/.local/lib/python3.12/site-packages/airflow/example_dags/example_kubernetes_executor.py for tasks to queue
[2025-02-13T00:24:56.261+0000] {logging_mixin.py:190} INFO - [2025-02-13T00:24:56.260+0000] {dagbag.py:588} INFO - Filling up the DagBag from /home/airflow/.local/lib/python3.12/site-packages/airflow/example_dags/example_kubernetes_executor.py
[2025-02-13T00:24:56.279+0000] {processor.py:925} INFO - DAG(s) 'example_kubernetes_executor' retrieved from /home/airflow/.local/lib/python3.12/site-packages/airflow/example_dags/example_kubernetes_executor.py
[2025-02-13T00:24:56.308+0000] {logging_mixin.py:190} INFO - [2025-02-13T00:24:56.307+0000] {dag.py:3239} INFO - Sync 1 DAGs
[2025-02-13T00:24:56.326+0000] {logging_mixin.py:190} INFO - [2025-02-13T00:24:56.326+0000] {dag.py:4180} INFO - Setting next_dagrun for example_kubernetes_executor to None, run_after=None
[2025-02-13T00:24:56.347+0000] {processor.py:208} INFO - Processing /home/airflow/.local/lib/python3.12/site-packages/airflow/example_dags/example_kubernetes_executor.py took 0.096 seconds
[2025-02-13T00:25:27.421+0000] {processor.py:186} INFO - Started process (PID=2893) to work on /home/airflow/.local/lib/python3.12/site-packages/airflow/example_dags/example_kubernetes_executor.py
[2025-02-13T00:25:27.422+0000] {processor.py:914} INFO - Processing file /home/airflow/.local/lib/python3.12/site-packages/airflow/example_dags/example_kubernetes_executor.py for tasks to queue
[2025-02-13T00:25:27.425+0000] {logging_mixin.py:190} INFO - [2025-02-13T00:25:27.424+0000] {dagbag.py:588} INFO - Filling up the DagBag from /home/airflow/.local/lib/python3.12/site-packages/airflow/example_dags/example_kubernetes_executor.py
[2025-02-13T00:25:27.442+0000] {processor.py:925} INFO - DAG(s) 'example_kubernetes_executor' retrieved from /home/airflow/.local/lib/python3.12/site-packages/airflow/example_dags/example_kubernetes_executor.py
[2025-02-13T00:25:27.470+0000] {logging_mixin.py:190} INFO - [2025-02-13T00:25:27.470+0000] {dag.py:3239} INFO - Sync 1 DAGs
[2025-02-13T00:25:27.488+0000] {logging_mixin.py:190} INFO - [2025-02-13T00:25:27.488+0000] {dag.py:4180} INFO - Setting next_dagrun for example_kubernetes_executor to None, run_after=None
[2025-02-13T00:25:27.506+0000] {processor.py:208} INFO - Processing /home/airflow/.local/lib/python3.12/site-packages/airflow/example_dags/example_kubernetes_executor.py took 0.092 seconds
[2025-02-13T00:25:57.893+0000] {processor.py:186} INFO - Started process (PID=2951) to work on /home/airflow/.local/lib/python3.12/site-packages/airflow/example_dags/example_kubernetes_executor.py
[2025-02-13T00:25:57.894+0000] {processor.py:914} INFO - Processing file /home/airflow/.local/lib/python3.12/site-packages/airflow/example_dags/example_kubernetes_executor.py for tasks to queue
[2025-02-13T00:25:57.896+0000] {logging_mixin.py:190} INFO - [2025-02-13T00:25:57.896+0000] {dagbag.py:588} INFO - Filling up the DagBag from /home/airflow/.local/lib/python3.12/site-packages/airflow/example_dags/example_kubernetes_executor.py
[2025-02-13T00:25:57.914+0000] {processor.py:925} INFO - DAG(s) 'example_kubernetes_executor' retrieved from /home/airflow/.local/lib/python3.12/site-packages/airflow/example_dags/example_kubernetes_executor.py
[2025-02-13T00:25:57.942+0000] {logging_mixin.py:190} INFO - [2025-02-13T00:25:57.941+0000] {dag.py:3239} INFO - Sync 1 DAGs
[2025-02-13T00:25:57.959+0000] {logging_mixin.py:190} INFO - [2025-02-13T00:25:57.959+0000] {dag.py:4180} INFO - Setting next_dagrun for example_kubernetes_executor to None, run_after=None
[2025-02-13T00:25:57.977+0000] {processor.py:208} INFO - Processing /home/airflow/.local/lib/python3.12/site-packages/airflow/example_dags/example_kubernetes_executor.py took 0.091 seconds
[2025-02-13T00:26:28.436+0000] {processor.py:186} INFO - Started process (PID=3009) to work on /home/airflow/.local/lib/python3.12/site-packages/airflow/example_dags/example_kubernetes_executor.py
[2025-02-13T00:26:28.437+0000] {processor.py:914} INFO - Processing file /home/airflow/.local/lib/python3.12/site-packages/airflow/example_dags/example_kubernetes_executor.py for tasks to queue
[2025-02-13T00:26:28.439+0000] {logging_mixin.py:190} INFO - [2025-02-13T00:26:28.439+0000] {dagbag.py:588} INFO - Filling up the DagBag from /home/airflow/.local/lib/python3.12/site-packages/airflow/example_dags/example_kubernetes_executor.py
[2025-02-13T00:26:28.457+0000] {processor.py:925} INFO - DAG(s) 'example_kubernetes_executor' retrieved from /home/airflow/.local/lib/python3.12/site-packages/airflow/example_dags/example_kubernetes_executor.py
[2025-02-13T00:26:28.486+0000] {logging_mixin.py:190} INFO - [2025-02-13T00:26:28.485+0000] {dag.py:3239} INFO - Sync 1 DAGs
[2025-02-13T00:26:28.502+0000] {logging_mixin.py:190} INFO - [2025-02-13T00:26:28.502+0000] {dag.py:4180} INFO - Setting next_dagrun for example_kubernetes_executor to None, run_after=None
[2025-02-13T00:26:28.520+0000] {processor.py:208} INFO - Processing /home/airflow/.local/lib/python3.12/site-packages/airflow/example_dags/example_kubernetes_executor.py took 0.091 seconds
[2025-02-13T00:26:59.614+0000] {processor.py:186} INFO - Started process (PID=3067) to work on /home/airflow/.local/lib/python3.12/site-packages/airflow/example_dags/example_kubernetes_executor.py
[2025-02-13T00:26:59.614+0000] {processor.py:914} INFO - Processing file /home/airflow/.local/lib/python3.12/site-packages/airflow/example_dags/example_kubernetes_executor.py for tasks to queue
[2025-02-13T00:26:59.617+0000] {logging_mixin.py:190} INFO - [2025-02-13T00:26:59.617+0000] {dagbag.py:588} INFO - Filling up the DagBag from /home/airflow/.local/lib/python3.12/site-packages/airflow/example_dags/example_kubernetes_executor.py
[2025-02-13T00:26:59.635+0000] {processor.py:925} INFO - DAG(s) 'example_kubernetes_executor' retrieved from /home/airflow/.local/lib/python3.12/site-packages/airflow/example_dags/example_kubernetes_executor.py
[2025-02-13T00:26:59.661+0000] {logging_mixin.py:190} INFO - [2025-02-13T00:26:59.661+0000] {dag.py:3239} INFO - Sync 1 DAGs
[2025-02-13T00:26:59.680+0000] {logging_mixin.py:190} INFO - [2025-02-13T00:26:59.680+0000] {dag.py:4180} INFO - Setting next_dagrun for example_kubernetes_executor to None, run_after=None
[2025-02-13T00:26:59.697+0000] {processor.py:208} INFO - Processing /home/airflow/.local/lib/python3.12/site-packages/airflow/example_dags/example_kubernetes_executor.py took 0.091 seconds
[2025-02-13T00:27:29.991+0000] {processor.py:186} INFO - Started process (PID=3125) to work on /home/airflow/.local/lib/python3.12/site-packages/airflow/example_dags/example_kubernetes_executor.py
[2025-02-13T00:27:29.992+0000] {processor.py:914} INFO - Processing file /home/airflow/.local/lib/python3.12/site-packages/airflow/example_dags/example_kubernetes_executor.py for tasks to queue
[2025-02-13T00:27:29.994+0000] {logging_mixin.py:190} INFO - [2025-02-13T00:27:29.994+0000] {dagbag.py:588} INFO - Filling up the DagBag from /home/airflow/.local/lib/python3.12/site-packages/airflow/example_dags/example_kubernetes_executor.py
[2025-02-13T00:27:30.012+0000] {processor.py:925} INFO - DAG(s) 'example_kubernetes_executor' retrieved from /home/airflow/.local/lib/python3.12/site-packages/airflow/example_dags/example_kubernetes_executor.py
[2025-02-13T00:27:30.042+0000] {logging_mixin.py:190} INFO - [2025-02-13T00:27:30.042+0000] {dag.py:3239} INFO - Sync 1 DAGs
[2025-02-13T00:27:30.060+0000] {logging_mixin.py:190} INFO - [2025-02-13T00:27:30.060+0000] {dag.py:4180} INFO - Setting next_dagrun for example_kubernetes_executor to None, run_after=None
[2025-02-13T00:27:30.078+0000] {processor.py:208} INFO - Processing /home/airflow/.local/lib/python3.12/site-packages/airflow/example_dags/example_kubernetes_executor.py took 0.094 seconds
[2025-02-13T00:28:00.439+0000] {processor.py:186} INFO - Started process (PID=3183) to work on /home/airflow/.local/lib/python3.12/site-packages/airflow/example_dags/example_kubernetes_executor.py
[2025-02-13T00:28:00.440+0000] {processor.py:914} INFO - Processing file /home/airflow/.local/lib/python3.12/site-packages/airflow/example_dags/example_kubernetes_executor.py for tasks to queue
[2025-02-13T00:28:00.443+0000] {logging_mixin.py:190} INFO - [2025-02-13T00:28:00.442+0000] {dagbag.py:588} INFO - Filling up the DagBag from /home/airflow/.local/lib/python3.12/site-packages/airflow/example_dags/example_kubernetes_executor.py
[2025-02-13T00:28:00.461+0000] {processor.py:925} INFO - DAG(s) 'example_kubernetes_executor' retrieved from /home/airflow/.local/lib/python3.12/site-packages/airflow/example_dags/example_kubernetes_executor.py
[2025-02-13T00:28:00.488+0000] {logging_mixin.py:190} INFO - [2025-02-13T00:28:00.488+0000] {dag.py:3239} INFO - Sync 1 DAGs
[2025-02-13T00:28:00.506+0000] {logging_mixin.py:190} INFO - [2025-02-13T00:28:00.506+0000] {dag.py:4180} INFO - Setting next_dagrun for example_kubernetes_executor to None, run_after=None
[2025-02-13T00:28:00.525+0000] {processor.py:208} INFO - Processing /home/airflow/.local/lib/python3.12/site-packages/airflow/example_dags/example_kubernetes_executor.py took 0.092 seconds
