[2025-02-13T00:00:45.328+0000] {processor.py:186} INFO - Started process (PID=168) to work on /home/airflow/.local/lib/python3.12/site-packages/airflow/example_dags/example_xcomargs.py
[2025-02-13T00:00:45.330+0000] {processor.py:914} INFO - Processing file /home/airflow/.local/lib/python3.12/site-packages/airflow/example_dags/example_xcomargs.py for tasks to queue
[2025-02-13T00:00:45.334+0000] {logging_mixin.py:190} INFO - [2025-02-13T00:00:45.334+0000] {dagbag.py:588} INFO - Filling up the DagBag from /home/airflow/.local/lib/python3.12/site-packages/airflow/example_dags/example_xcomargs.py
[2025-02-13T00:00:45.359+0000] {processor.py:925} INFO - DAG(s) 'example_xcom_args', 'example_xcom_args_with_operators' retrieved from /home/airflow/.local/lib/python3.12/site-packages/airflow/example_dags/example_xcomargs.py
[2025-02-13T00:00:45.416+0000] {logging_mixin.py:190} INFO - [2025-02-13T00:00:45.416+0000] {dag.py:3239} INFO - Sync 2 DAGs
[2025-02-13T00:00:45.461+0000] {logging_mixin.py:190} INFO - [2025-02-13T00:00:45.461+0000] {dag.py:4180} INFO - Setting next_dagrun for example_xcom_args to None, run_after=None
[2025-02-13T00:00:45.466+0000] {logging_mixin.py:190} INFO - [2025-02-13T00:00:45.466+0000] {dag.py:4180} INFO - Setting next_dagrun for example_xcom_args_with_operators to None, run_after=None
[2025-02-13T00:00:45.690+0000] {processor.py:208} INFO - Processing /home/airflow/.local/lib/python3.12/site-packages/airflow/example_dags/example_xcomargs.py took 0.372 seconds
[2025-02-13T00:01:21.662+0000] {processor.py:186} INFO - Started process (PID=226) to work on /home/airflow/.local/lib/python3.12/site-packages/airflow/example_dags/example_xcomargs.py
[2025-02-13T00:01:21.667+0000] {processor.py:914} INFO - Processing file /home/airflow/.local/lib/python3.12/site-packages/airflow/example_dags/example_xcomargs.py for tasks to queue
[2025-02-13T00:01:21.669+0000] {logging_mixin.py:190} INFO - [2025-02-13T00:01:21.669+0000] {dagbag.py:588} INFO - Filling up the DagBag from /home/airflow/.local/lib/python3.12/site-packages/airflow/example_dags/example_xcomargs.py
[2025-02-13T00:01:21.690+0000] {processor.py:925} INFO - DAG(s) 'example_xcom_args_with_operators', 'example_xcom_args' retrieved from /home/airflow/.local/lib/python3.12/site-packages/airflow/example_dags/example_xcomargs.py
[2025-02-13T00:01:21.739+0000] {logging_mixin.py:190} INFO - [2025-02-13T00:01:21.739+0000] {dag.py:3239} INFO - Sync 2 DAGs
[2025-02-13T00:01:21.774+0000] {logging_mixin.py:190} INFO - [2025-02-13T00:01:21.774+0000] {dag.py:4180} INFO - Setting next_dagrun for example_xcom_args to None, run_after=None
[2025-02-13T00:01:21.781+0000] {logging_mixin.py:190} INFO - [2025-02-13T00:01:21.780+0000] {dag.py:4180} INFO - Setting next_dagrun for example_xcom_args_with_operators to None, run_after=None
[2025-02-13T00:01:21.798+0000] {processor.py:208} INFO - Processing /home/airflow/.local/lib/python3.12/site-packages/airflow/example_dags/example_xcomargs.py took 0.149 seconds
[2025-02-13T00:02:16.901+0000] {processor.py:186} INFO - Started process (PID=284) to work on /home/airflow/.local/lib/python3.12/site-packages/airflow/example_dags/example_xcomargs.py
[2025-02-13T00:02:16.912+0000] {processor.py:914} INFO - Processing file /home/airflow/.local/lib/python3.12/site-packages/airflow/example_dags/example_xcomargs.py for tasks to queue
[2025-02-13T00:02:16.915+0000] {logging_mixin.py:190} INFO - [2025-02-13T00:02:16.915+0000] {dagbag.py:588} INFO - Filling up the DagBag from /home/airflow/.local/lib/python3.12/site-packages/airflow/example_dags/example_xcomargs.py
[2025-02-13T00:02:17.021+0000] {processor.py:925} INFO - DAG(s) 'example_xcom_args_with_operators', 'example_xcom_args' retrieved from /home/airflow/.local/lib/python3.12/site-packages/airflow/example_dags/example_xcomargs.py
[2025-02-13T00:02:17.075+0000] {logging_mixin.py:190} INFO - [2025-02-13T00:02:17.074+0000] {dag.py:3239} INFO - Sync 2 DAGs
[2025-02-13T00:02:17.157+0000] {logging_mixin.py:190} INFO - [2025-02-13T00:02:17.157+0000] {dag.py:4180} INFO - Setting next_dagrun for example_xcom_args to None, run_after=None
[2025-02-13T00:02:17.176+0000] {logging_mixin.py:190} INFO - [2025-02-13T00:02:17.176+0000] {dag.py:4180} INFO - Setting next_dagrun for example_xcom_args_with_operators to None, run_after=None
[2025-02-13T00:02:18.240+0000] {processor.py:208} INFO - Processing /home/airflow/.local/lib/python3.12/site-packages/airflow/example_dags/example_xcomargs.py took 1.355 seconds
[2025-02-13T00:02:54.018+0000] {processor.py:186} INFO - Started process (PID=342) to work on /home/airflow/.local/lib/python3.12/site-packages/airflow/example_dags/example_xcomargs.py
[2025-02-13T00:02:54.021+0000] {processor.py:914} INFO - Processing file /home/airflow/.local/lib/python3.12/site-packages/airflow/example_dags/example_xcomargs.py for tasks to queue
[2025-02-13T00:02:54.023+0000] {logging_mixin.py:190} INFO - [2025-02-13T00:02:54.023+0000] {dagbag.py:588} INFO - Filling up the DagBag from /home/airflow/.local/lib/python3.12/site-packages/airflow/example_dags/example_xcomargs.py
[2025-02-13T00:02:54.039+0000] {processor.py:925} INFO - DAG(s) 'example_xcom_args', 'example_xcom_args_with_operators' retrieved from /home/airflow/.local/lib/python3.12/site-packages/airflow/example_dags/example_xcomargs.py
[2025-02-13T00:02:54.069+0000] {logging_mixin.py:190} INFO - [2025-02-13T00:02:54.069+0000] {dag.py:3239} INFO - Sync 2 DAGs
[2025-02-13T00:02:54.091+0000] {logging_mixin.py:190} INFO - [2025-02-13T00:02:54.090+0000] {dag.py:4180} INFO - Setting next_dagrun for example_xcom_args to None, run_after=None
[2025-02-13T00:02:54.095+0000] {logging_mixin.py:190} INFO - [2025-02-13T00:02:54.095+0000] {dag.py:4180} INFO - Setting next_dagrun for example_xcom_args_with_operators to None, run_after=None
[2025-02-13T00:02:54.122+0000] {processor.py:208} INFO - Processing /home/airflow/.local/lib/python3.12/site-packages/airflow/example_dags/example_xcomargs.py took 0.111 seconds
[2025-02-13T00:03:27.988+0000] {processor.py:186} INFO - Started process (PID=393) to work on /home/airflow/.local/lib/python3.12/site-packages/airflow/example_dags/example_xcomargs.py
[2025-02-13T00:03:27.996+0000] {processor.py:914} INFO - Processing file /home/airflow/.local/lib/python3.12/site-packages/airflow/example_dags/example_xcomargs.py for tasks to queue
[2025-02-13T00:03:27.998+0000] {logging_mixin.py:190} INFO - [2025-02-13T00:03:27.998+0000] {dagbag.py:588} INFO - Filling up the DagBag from /home/airflow/.local/lib/python3.12/site-packages/airflow/example_dags/example_xcomargs.py
[2025-02-13T00:03:28.061+0000] {processor.py:925} INFO - DAG(s) 'example_xcom_args', 'example_xcom_args_with_operators' retrieved from /home/airflow/.local/lib/python3.12/site-packages/airflow/example_dags/example_xcomargs.py
[2025-02-13T00:03:28.178+0000] {logging_mixin.py:190} INFO - [2025-02-13T00:03:28.177+0000] {dag.py:3239} INFO - Sync 2 DAGs
[2025-02-13T00:03:28.844+0000] {logging_mixin.py:190} INFO - [2025-02-13T00:03:28.844+0000] {dag.py:4180} INFO - Setting next_dagrun for example_xcom_args to None, run_after=None
[2025-02-13T00:03:28.864+0000] {logging_mixin.py:190} INFO - [2025-02-13T00:03:28.863+0000] {dag.py:4180} INFO - Setting next_dagrun for example_xcom_args_with_operators to None, run_after=None
[2025-02-13T00:03:28.936+0000] {processor.py:208} INFO - Processing /home/airflow/.local/lib/python3.12/site-packages/airflow/example_dags/example_xcomargs.py took 0.980 seconds
[2025-02-13T00:04:01.215+0000] {processor.py:186} INFO - Started process (PID=451) to work on /home/airflow/.local/lib/python3.12/site-packages/airflow/example_dags/example_xcomargs.py
[2025-02-13T00:04:01.222+0000] {processor.py:914} INFO - Processing file /home/airflow/.local/lib/python3.12/site-packages/airflow/example_dags/example_xcomargs.py for tasks to queue
[2025-02-13T00:04:01.228+0000] {logging_mixin.py:190} INFO - [2025-02-13T00:04:01.227+0000] {dagbag.py:588} INFO - Filling up the DagBag from /home/airflow/.local/lib/python3.12/site-packages/airflow/example_dags/example_xcomargs.py
[2025-02-13T00:04:01.259+0000] {processor.py:925} INFO - DAG(s) 'example_xcom_args_with_operators', 'example_xcom_args' retrieved from /home/airflow/.local/lib/python3.12/site-packages/airflow/example_dags/example_xcomargs.py
[2025-02-13T00:04:01.304+0000] {logging_mixin.py:190} INFO - [2025-02-13T00:04:01.304+0000] {dag.py:3239} INFO - Sync 2 DAGs
[2025-02-13T00:04:01.325+0000] {logging_mixin.py:190} INFO - [2025-02-13T00:04:01.325+0000] {dag.py:4180} INFO - Setting next_dagrun for example_xcom_args to None, run_after=None
[2025-02-13T00:04:01.330+0000] {logging_mixin.py:190} INFO - [2025-02-13T00:04:01.330+0000] {dag.py:4180} INFO - Setting next_dagrun for example_xcom_args_with_operators to None, run_after=None
[2025-02-13T00:04:01.360+0000] {processor.py:208} INFO - Processing /home/airflow/.local/lib/python3.12/site-packages/airflow/example_dags/example_xcomargs.py took 0.156 seconds
[2025-02-13T00:04:31.860+0000] {processor.py:186} INFO - Started process (PID=509) to work on /home/airflow/.local/lib/python3.12/site-packages/airflow/example_dags/example_xcomargs.py
[2025-02-13T00:04:31.861+0000] {processor.py:914} INFO - Processing file /home/airflow/.local/lib/python3.12/site-packages/airflow/example_dags/example_xcomargs.py for tasks to queue
[2025-02-13T00:04:31.863+0000] {logging_mixin.py:190} INFO - [2025-02-13T00:04:31.863+0000] {dagbag.py:588} INFO - Filling up the DagBag from /home/airflow/.local/lib/python3.12/site-packages/airflow/example_dags/example_xcomargs.py
[2025-02-13T00:04:31.876+0000] {processor.py:925} INFO - DAG(s) 'example_xcom_args', 'example_xcom_args_with_operators' retrieved from /home/airflow/.local/lib/python3.12/site-packages/airflow/example_dags/example_xcomargs.py
[2025-02-13T00:04:31.911+0000] {logging_mixin.py:190} INFO - [2025-02-13T00:04:31.911+0000] {dag.py:3239} INFO - Sync 2 DAGs
[2025-02-13T00:04:31.948+0000] {logging_mixin.py:190} INFO - [2025-02-13T00:04:31.947+0000] {dag.py:4180} INFO - Setting next_dagrun for example_xcom_args to None, run_after=None
[2025-02-13T00:04:31.955+0000] {logging_mixin.py:190} INFO - [2025-02-13T00:04:31.954+0000] {dag.py:4180} INFO - Setting next_dagrun for example_xcom_args_with_operators to None, run_after=None
[2025-02-13T00:04:32.426+0000] {processor.py:208} INFO - Processing /home/airflow/.local/lib/python3.12/site-packages/airflow/example_dags/example_xcomargs.py took 0.572 seconds
[2025-02-13T00:05:04.017+0000] {processor.py:186} INFO - Started process (PID=567) to work on /home/airflow/.local/lib/python3.12/site-packages/airflow/example_dags/example_xcomargs.py
[2025-02-13T00:05:04.019+0000] {processor.py:914} INFO - Processing file /home/airflow/.local/lib/python3.12/site-packages/airflow/example_dags/example_xcomargs.py for tasks to queue
[2025-02-13T00:05:04.021+0000] {logging_mixin.py:190} INFO - [2025-02-13T00:05:04.021+0000] {dagbag.py:588} INFO - Filling up the DagBag from /home/airflow/.local/lib/python3.12/site-packages/airflow/example_dags/example_xcomargs.py
[2025-02-13T00:05:04.042+0000] {processor.py:925} INFO - DAG(s) 'example_xcom_args_with_operators', 'example_xcom_args' retrieved from /home/airflow/.local/lib/python3.12/site-packages/airflow/example_dags/example_xcomargs.py
[2025-02-13T00:05:04.072+0000] {logging_mixin.py:190} INFO - [2025-02-13T00:05:04.071+0000] {dag.py:3239} INFO - Sync 2 DAGs
[2025-02-13T00:05:04.094+0000] {logging_mixin.py:190} INFO - [2025-02-13T00:05:04.094+0000] {dag.py:4180} INFO - Setting next_dagrun for example_xcom_args to None, run_after=None
[2025-02-13T00:05:04.112+0000] {logging_mixin.py:190} INFO - [2025-02-13T00:05:04.112+0000] {dag.py:4180} INFO - Setting next_dagrun for example_xcom_args_with_operators to None, run_after=None
[2025-02-13T00:05:04.148+0000] {processor.py:208} INFO - Processing /home/airflow/.local/lib/python3.12/site-packages/airflow/example_dags/example_xcomargs.py took 0.139 seconds
[2025-02-13T00:05:36.416+0000] {processor.py:186} INFO - Started process (PID=625) to work on /home/airflow/.local/lib/python3.12/site-packages/airflow/example_dags/example_xcomargs.py
[2025-02-13T00:05:36.418+0000] {processor.py:914} INFO - Processing file /home/airflow/.local/lib/python3.12/site-packages/airflow/example_dags/example_xcomargs.py for tasks to queue
[2025-02-13T00:05:36.420+0000] {logging_mixin.py:190} INFO - [2025-02-13T00:05:36.420+0000] {dagbag.py:588} INFO - Filling up the DagBag from /home/airflow/.local/lib/python3.12/site-packages/airflow/example_dags/example_xcomargs.py
[2025-02-13T00:05:36.450+0000] {processor.py:925} INFO - DAG(s) 'example_xcom_args_with_operators', 'example_xcom_args' retrieved from /home/airflow/.local/lib/python3.12/site-packages/airflow/example_dags/example_xcomargs.py
[2025-02-13T00:05:36.536+0000] {logging_mixin.py:190} INFO - [2025-02-13T00:05:36.536+0000] {dag.py:3239} INFO - Sync 2 DAGs
[2025-02-13T00:05:36.578+0000] {logging_mixin.py:190} INFO - [2025-02-13T00:05:36.578+0000] {dag.py:4180} INFO - Setting next_dagrun for example_xcom_args to None, run_after=None
[2025-02-13T00:05:36.584+0000] {logging_mixin.py:190} INFO - [2025-02-13T00:05:36.583+0000] {dag.py:4180} INFO - Setting next_dagrun for example_xcom_args_with_operators to None, run_after=None
[2025-02-13T00:05:36.645+0000] {processor.py:208} INFO - Processing /home/airflow/.local/lib/python3.12/site-packages/airflow/example_dags/example_xcomargs.py took 0.238 seconds
[2025-02-13T00:06:06.900+0000] {processor.py:186} INFO - Started process (PID=683) to work on /home/airflow/.local/lib/python3.12/site-packages/airflow/example_dags/example_xcomargs.py
[2025-02-13T00:06:06.905+0000] {processor.py:914} INFO - Processing file /home/airflow/.local/lib/python3.12/site-packages/airflow/example_dags/example_xcomargs.py for tasks to queue
[2025-02-13T00:06:06.907+0000] {logging_mixin.py:190} INFO - [2025-02-13T00:06:06.907+0000] {dagbag.py:588} INFO - Filling up the DagBag from /home/airflow/.local/lib/python3.12/site-packages/airflow/example_dags/example_xcomargs.py
[2025-02-13T00:06:06.942+0000] {processor.py:925} INFO - DAG(s) 'example_xcom_args', 'example_xcom_args_with_operators' retrieved from /home/airflow/.local/lib/python3.12/site-packages/airflow/example_dags/example_xcomargs.py
[2025-02-13T00:06:07.007+0000] {logging_mixin.py:190} INFO - [2025-02-13T00:06:07.007+0000] {dag.py:3239} INFO - Sync 2 DAGs
[2025-02-13T00:06:07.026+0000] {logging_mixin.py:190} INFO - [2025-02-13T00:06:07.026+0000] {dag.py:4180} INFO - Setting next_dagrun for example_xcom_args to None, run_after=None
[2025-02-13T00:06:07.031+0000] {logging_mixin.py:190} INFO - [2025-02-13T00:06:07.031+0000] {dag.py:4180} INFO - Setting next_dagrun for example_xcom_args_with_operators to None, run_after=None
[2025-02-13T00:06:07.573+0000] {processor.py:208} INFO - Processing /home/airflow/.local/lib/python3.12/site-packages/airflow/example_dags/example_xcomargs.py took 0.721 seconds
[2025-02-13T00:06:37.800+0000] {processor.py:186} INFO - Started process (PID=741) to work on /home/airflow/.local/lib/python3.12/site-packages/airflow/example_dags/example_xcomargs.py
[2025-02-13T00:06:37.801+0000] {processor.py:914} INFO - Processing file /home/airflow/.local/lib/python3.12/site-packages/airflow/example_dags/example_xcomargs.py for tasks to queue
[2025-02-13T00:06:37.808+0000] {logging_mixin.py:190} INFO - [2025-02-13T00:06:37.808+0000] {dagbag.py:588} INFO - Filling up the DagBag from /home/airflow/.local/lib/python3.12/site-packages/airflow/example_dags/example_xcomargs.py
[2025-02-13T00:06:37.829+0000] {processor.py:925} INFO - DAG(s) 'example_xcom_args', 'example_xcom_args_with_operators' retrieved from /home/airflow/.local/lib/python3.12/site-packages/airflow/example_dags/example_xcomargs.py
[2025-02-13T00:06:37.881+0000] {logging_mixin.py:190} INFO - [2025-02-13T00:06:37.881+0000] {dag.py:3239} INFO - Sync 2 DAGs
[2025-02-13T00:06:37.906+0000] {logging_mixin.py:190} INFO - [2025-02-13T00:06:37.906+0000] {dag.py:4180} INFO - Setting next_dagrun for example_xcom_args to None, run_after=None
[2025-02-13T00:06:37.924+0000] {logging_mixin.py:190} INFO - [2025-02-13T00:06:37.924+0000] {dag.py:4180} INFO - Setting next_dagrun for example_xcom_args_with_operators to None, run_after=None
[2025-02-13T00:06:37.948+0000] {processor.py:208} INFO - Processing /home/airflow/.local/lib/python3.12/site-packages/airflow/example_dags/example_xcomargs.py took 0.163 seconds
[2025-02-13T00:07:08.714+0000] {processor.py:186} INFO - Started process (PID=799) to work on /home/airflow/.local/lib/python3.12/site-packages/airflow/example_dags/example_xcomargs.py
[2025-02-13T00:07:08.715+0000] {processor.py:914} INFO - Processing file /home/airflow/.local/lib/python3.12/site-packages/airflow/example_dags/example_xcomargs.py for tasks to queue
[2025-02-13T00:07:08.719+0000] {logging_mixin.py:190} INFO - [2025-02-13T00:07:08.718+0000] {dagbag.py:588} INFO - Filling up the DagBag from /home/airflow/.local/lib/python3.12/site-packages/airflow/example_dags/example_xcomargs.py
[2025-02-13T00:07:08.739+0000] {processor.py:925} INFO - DAG(s) 'example_xcom_args_with_operators', 'example_xcom_args' retrieved from /home/airflow/.local/lib/python3.12/site-packages/airflow/example_dags/example_xcomargs.py
[2025-02-13T00:07:08.768+0000] {logging_mixin.py:190} INFO - [2025-02-13T00:07:08.768+0000] {dag.py:3239} INFO - Sync 2 DAGs
[2025-02-13T00:07:08.796+0000] {logging_mixin.py:190} INFO - [2025-02-13T00:07:08.796+0000] {dag.py:4180} INFO - Setting next_dagrun for example_xcom_args to None, run_after=None
[2025-02-13T00:07:08.806+0000] {logging_mixin.py:190} INFO - [2025-02-13T00:07:08.805+0000] {dag.py:4180} INFO - Setting next_dagrun for example_xcom_args_with_operators to None, run_after=None
[2025-02-13T00:07:08.848+0000] {processor.py:208} INFO - Processing /home/airflow/.local/lib/python3.12/site-packages/airflow/example_dags/example_xcomargs.py took 0.143 seconds
[2025-02-13T00:07:39.787+0000] {processor.py:186} INFO - Started process (PID=857) to work on /home/airflow/.local/lib/python3.12/site-packages/airflow/example_dags/example_xcomargs.py
[2025-02-13T00:07:39.788+0000] {processor.py:914} INFO - Processing file /home/airflow/.local/lib/python3.12/site-packages/airflow/example_dags/example_xcomargs.py for tasks to queue
[2025-02-13T00:07:39.791+0000] {logging_mixin.py:190} INFO - [2025-02-13T00:07:39.791+0000] {dagbag.py:588} INFO - Filling up the DagBag from /home/airflow/.local/lib/python3.12/site-packages/airflow/example_dags/example_xcomargs.py
[2025-02-13T00:07:39.843+0000] {processor.py:925} INFO - DAG(s) 'example_xcom_args_with_operators', 'example_xcom_args' retrieved from /home/airflow/.local/lib/python3.12/site-packages/airflow/example_dags/example_xcomargs.py
[2025-02-13T00:07:40.002+0000] {logging_mixin.py:190} INFO - [2025-02-13T00:07:40.001+0000] {dag.py:3239} INFO - Sync 2 DAGs
[2025-02-13T00:07:40.078+0000] {logging_mixin.py:190} INFO - [2025-02-13T00:07:40.077+0000] {dag.py:4180} INFO - Setting next_dagrun for example_xcom_args to None, run_after=None
[2025-02-13T00:07:40.086+0000] {logging_mixin.py:190} INFO - [2025-02-13T00:07:40.086+0000] {dag.py:4180} INFO - Setting next_dagrun for example_xcom_args_with_operators to None, run_after=None
[2025-02-13T00:07:40.108+0000] {processor.py:208} INFO - Processing /home/airflow/.local/lib/python3.12/site-packages/airflow/example_dags/example_xcomargs.py took 0.329 seconds
[2025-02-13T00:08:10.311+0000] {processor.py:186} INFO - Started process (PID=916) to work on /home/airflow/.local/lib/python3.12/site-packages/airflow/example_dags/example_xcomargs.py
[2025-02-13T00:08:10.312+0000] {processor.py:914} INFO - Processing file /home/airflow/.local/lib/python3.12/site-packages/airflow/example_dags/example_xcomargs.py for tasks to queue
[2025-02-13T00:08:10.314+0000] {logging_mixin.py:190} INFO - [2025-02-13T00:08:10.314+0000] {dagbag.py:588} INFO - Filling up the DagBag from /home/airflow/.local/lib/python3.12/site-packages/airflow/example_dags/example_xcomargs.py
[2025-02-13T00:08:10.329+0000] {processor.py:925} INFO - DAG(s) 'example_xcom_args_with_operators', 'example_xcom_args' retrieved from /home/airflow/.local/lib/python3.12/site-packages/airflow/example_dags/example_xcomargs.py
[2025-02-13T00:08:10.358+0000] {logging_mixin.py:190} INFO - [2025-02-13T00:08:10.358+0000] {dag.py:3239} INFO - Sync 2 DAGs
[2025-02-13T00:08:10.406+0000] {logging_mixin.py:190} INFO - [2025-02-13T00:08:10.406+0000] {dag.py:4180} INFO - Setting next_dagrun for example_xcom_args to None, run_after=None
[2025-02-13T00:08:10.411+0000] {logging_mixin.py:190} INFO - [2025-02-13T00:08:10.411+0000] {dag.py:4180} INFO - Setting next_dagrun for example_xcom_args_with_operators to None, run_after=None
[2025-02-13T00:08:10.428+0000] {processor.py:208} INFO - Processing /home/airflow/.local/lib/python3.12/site-packages/airflow/example_dags/example_xcomargs.py took 0.124 seconds
[2025-02-13T00:08:41.113+0000] {processor.py:186} INFO - Started process (PID=973) to work on /home/airflow/.local/lib/python3.12/site-packages/airflow/example_dags/example_xcomargs.py
[2025-02-13T00:08:41.114+0000] {processor.py:914} INFO - Processing file /home/airflow/.local/lib/python3.12/site-packages/airflow/example_dags/example_xcomargs.py for tasks to queue
[2025-02-13T00:08:41.116+0000] {logging_mixin.py:190} INFO - [2025-02-13T00:08:41.116+0000] {dagbag.py:588} INFO - Filling up the DagBag from /home/airflow/.local/lib/python3.12/site-packages/airflow/example_dags/example_xcomargs.py
[2025-02-13T00:08:41.130+0000] {processor.py:925} INFO - DAG(s) 'example_xcom_args', 'example_xcom_args_with_operators' retrieved from /home/airflow/.local/lib/python3.12/site-packages/airflow/example_dags/example_xcomargs.py
[2025-02-13T00:08:41.157+0000] {logging_mixin.py:190} INFO - [2025-02-13T00:08:41.156+0000] {dag.py:3239} INFO - Sync 2 DAGs
[2025-02-13T00:08:41.175+0000] {logging_mixin.py:190} INFO - [2025-02-13T00:08:41.175+0000] {dag.py:4180} INFO - Setting next_dagrun for example_xcom_args to None, run_after=None
[2025-02-13T00:08:41.180+0000] {logging_mixin.py:190} INFO - [2025-02-13T00:08:41.180+0000] {dag.py:4180} INFO - Setting next_dagrun for example_xcom_args_with_operators to None, run_after=None
[2025-02-13T00:08:41.197+0000] {processor.py:208} INFO - Processing /home/airflow/.local/lib/python3.12/site-packages/airflow/example_dags/example_xcomargs.py took 0.091 seconds
[2025-02-13T00:09:11.270+0000] {processor.py:186} INFO - Started process (PID=1031) to work on /home/airflow/.local/lib/python3.12/site-packages/airflow/example_dags/example_xcomargs.py
[2025-02-13T00:09:11.281+0000] {processor.py:914} INFO - Processing file /home/airflow/.local/lib/python3.12/site-packages/airflow/example_dags/example_xcomargs.py for tasks to queue
[2025-02-13T00:09:11.292+0000] {logging_mixin.py:190} INFO - [2025-02-13T00:09:11.291+0000] {dagbag.py:588} INFO - Filling up the DagBag from /home/airflow/.local/lib/python3.12/site-packages/airflow/example_dags/example_xcomargs.py
[2025-02-13T00:09:11.304+0000] {processor.py:925} INFO - DAG(s) 'example_xcom_args', 'example_xcom_args_with_operators' retrieved from /home/airflow/.local/lib/python3.12/site-packages/airflow/example_dags/example_xcomargs.py
[2025-02-13T00:09:11.330+0000] {logging_mixin.py:190} INFO - [2025-02-13T00:09:11.330+0000] {dag.py:3239} INFO - Sync 2 DAGs
[2025-02-13T00:09:11.349+0000] {logging_mixin.py:190} INFO - [2025-02-13T00:09:11.349+0000] {dag.py:4180} INFO - Setting next_dagrun for example_xcom_args to None, run_after=None
[2025-02-13T00:09:11.353+0000] {logging_mixin.py:190} INFO - [2025-02-13T00:09:11.353+0000] {dag.py:4180} INFO - Setting next_dagrun for example_xcom_args_with_operators to None, run_after=None
[2025-02-13T00:09:11.368+0000] {processor.py:208} INFO - Processing /home/airflow/.local/lib/python3.12/site-packages/airflow/example_dags/example_xcomargs.py took 0.116 seconds
[2025-02-13T00:09:41.542+0000] {processor.py:186} INFO - Started process (PID=1089) to work on /home/airflow/.local/lib/python3.12/site-packages/airflow/example_dags/example_xcomargs.py
[2025-02-13T00:09:41.543+0000] {processor.py:914} INFO - Processing file /home/airflow/.local/lib/python3.12/site-packages/airflow/example_dags/example_xcomargs.py for tasks to queue
[2025-02-13T00:09:41.546+0000] {logging_mixin.py:190} INFO - [2025-02-13T00:09:41.545+0000] {dagbag.py:588} INFO - Filling up the DagBag from /home/airflow/.local/lib/python3.12/site-packages/airflow/example_dags/example_xcomargs.py
[2025-02-13T00:09:41.558+0000] {processor.py:925} INFO - DAG(s) 'example_xcom_args', 'example_xcom_args_with_operators' retrieved from /home/airflow/.local/lib/python3.12/site-packages/airflow/example_dags/example_xcomargs.py
[2025-02-13T00:09:41.583+0000] {logging_mixin.py:190} INFO - [2025-02-13T00:09:41.583+0000] {dag.py:3239} INFO - Sync 2 DAGs
[2025-02-13T00:09:41.601+0000] {logging_mixin.py:190} INFO - [2025-02-13T00:09:41.601+0000] {dag.py:4180} INFO - Setting next_dagrun for example_xcom_args to None, run_after=None
[2025-02-13T00:09:41.606+0000] {logging_mixin.py:190} INFO - [2025-02-13T00:09:41.606+0000] {dag.py:4180} INFO - Setting next_dagrun for example_xcom_args_with_operators to None, run_after=None
[2025-02-13T00:09:41.622+0000] {processor.py:208} INFO - Processing /home/airflow/.local/lib/python3.12/site-packages/airflow/example_dags/example_xcomargs.py took 0.088 seconds
[2025-02-13T00:10:11.831+0000] {processor.py:186} INFO - Started process (PID=1147) to work on /home/airflow/.local/lib/python3.12/site-packages/airflow/example_dags/example_xcomargs.py
[2025-02-13T00:10:11.831+0000] {processor.py:914} INFO - Processing file /home/airflow/.local/lib/python3.12/site-packages/airflow/example_dags/example_xcomargs.py for tasks to queue
[2025-02-13T00:10:11.834+0000] {logging_mixin.py:190} INFO - [2025-02-13T00:10:11.833+0000] {dagbag.py:588} INFO - Filling up the DagBag from /home/airflow/.local/lib/python3.12/site-packages/airflow/example_dags/example_xcomargs.py
[2025-02-13T00:10:11.846+0000] {processor.py:925} INFO - DAG(s) 'example_xcom_args_with_operators', 'example_xcom_args' retrieved from /home/airflow/.local/lib/python3.12/site-packages/airflow/example_dags/example_xcomargs.py
[2025-02-13T00:10:11.872+0000] {logging_mixin.py:190} INFO - [2025-02-13T00:10:11.871+0000] {dag.py:3239} INFO - Sync 2 DAGs
[2025-02-13T00:10:11.890+0000] {logging_mixin.py:190} INFO - [2025-02-13T00:10:11.890+0000] {dag.py:4180} INFO - Setting next_dagrun for example_xcom_args to None, run_after=None
[2025-02-13T00:10:11.894+0000] {logging_mixin.py:190} INFO - [2025-02-13T00:10:11.894+0000] {dag.py:4180} INFO - Setting next_dagrun for example_xcom_args_with_operators to None, run_after=None
[2025-02-13T00:10:11.910+0000] {processor.py:208} INFO - Processing /home/airflow/.local/lib/python3.12/site-packages/airflow/example_dags/example_xcomargs.py took 0.087 seconds
[2025-02-13T00:10:42.072+0000] {processor.py:186} INFO - Started process (PID=1205) to work on /home/airflow/.local/lib/python3.12/site-packages/airflow/example_dags/example_xcomargs.py
[2025-02-13T00:10:42.072+0000] {processor.py:914} INFO - Processing file /home/airflow/.local/lib/python3.12/site-packages/airflow/example_dags/example_xcomargs.py for tasks to queue
[2025-02-13T00:10:42.075+0000] {logging_mixin.py:190} INFO - [2025-02-13T00:10:42.074+0000] {dagbag.py:588} INFO - Filling up the DagBag from /home/airflow/.local/lib/python3.12/site-packages/airflow/example_dags/example_xcomargs.py
[2025-02-13T00:10:42.087+0000] {processor.py:925} INFO - DAG(s) 'example_xcom_args', 'example_xcom_args_with_operators' retrieved from /home/airflow/.local/lib/python3.12/site-packages/airflow/example_dags/example_xcomargs.py
[2025-02-13T00:10:42.113+0000] {logging_mixin.py:190} INFO - [2025-02-13T00:10:42.112+0000] {dag.py:3239} INFO - Sync 2 DAGs
[2025-02-13T00:10:42.131+0000] {logging_mixin.py:190} INFO - [2025-02-13T00:10:42.131+0000] {dag.py:4180} INFO - Setting next_dagrun for example_xcom_args to None, run_after=None
[2025-02-13T00:10:42.136+0000] {logging_mixin.py:190} INFO - [2025-02-13T00:10:42.135+0000] {dag.py:4180} INFO - Setting next_dagrun for example_xcom_args_with_operators to None, run_after=None
[2025-02-13T00:10:42.153+0000] {processor.py:208} INFO - Processing /home/airflow/.local/lib/python3.12/site-packages/airflow/example_dags/example_xcomargs.py took 0.089 seconds
[2025-02-13T00:11:12.333+0000] {processor.py:186} INFO - Started process (PID=1263) to work on /home/airflow/.local/lib/python3.12/site-packages/airflow/example_dags/example_xcomargs.py
[2025-02-13T00:11:12.334+0000] {processor.py:914} INFO - Processing file /home/airflow/.local/lib/python3.12/site-packages/airflow/example_dags/example_xcomargs.py for tasks to queue
[2025-02-13T00:11:12.336+0000] {logging_mixin.py:190} INFO - [2025-02-13T00:11:12.336+0000] {dagbag.py:588} INFO - Filling up the DagBag from /home/airflow/.local/lib/python3.12/site-packages/airflow/example_dags/example_xcomargs.py
[2025-02-13T00:11:12.363+0000] {processor.py:925} INFO - DAG(s) 'example_xcom_args_with_operators', 'example_xcom_args' retrieved from /home/airflow/.local/lib/python3.12/site-packages/airflow/example_dags/example_xcomargs.py
[2025-02-13T00:11:12.391+0000] {logging_mixin.py:190} INFO - [2025-02-13T00:11:12.390+0000] {dag.py:3239} INFO - Sync 2 DAGs
[2025-02-13T00:11:12.409+0000] {logging_mixin.py:190} INFO - [2025-02-13T00:11:12.409+0000] {dag.py:4180} INFO - Setting next_dagrun for example_xcom_args to None, run_after=None
[2025-02-13T00:11:12.414+0000] {logging_mixin.py:190} INFO - [2025-02-13T00:11:12.413+0000] {dag.py:4180} INFO - Setting next_dagrun for example_xcom_args_with_operators to None, run_after=None
[2025-02-13T00:11:12.430+0000] {processor.py:208} INFO - Processing /home/airflow/.local/lib/python3.12/site-packages/airflow/example_dags/example_xcomargs.py took 0.106 seconds
[2025-02-13T00:11:42.801+0000] {processor.py:186} INFO - Started process (PID=1321) to work on /home/airflow/.local/lib/python3.12/site-packages/airflow/example_dags/example_xcomargs.py
[2025-02-13T00:11:42.802+0000] {processor.py:914} INFO - Processing file /home/airflow/.local/lib/python3.12/site-packages/airflow/example_dags/example_xcomargs.py for tasks to queue
[2025-02-13T00:11:42.804+0000] {logging_mixin.py:190} INFO - [2025-02-13T00:11:42.804+0000] {dagbag.py:588} INFO - Filling up the DagBag from /home/airflow/.local/lib/python3.12/site-packages/airflow/example_dags/example_xcomargs.py
[2025-02-13T00:11:42.816+0000] {processor.py:925} INFO - DAG(s) 'example_xcom_args_with_operators', 'example_xcom_args' retrieved from /home/airflow/.local/lib/python3.12/site-packages/airflow/example_dags/example_xcomargs.py
[2025-02-13T00:11:42.841+0000] {logging_mixin.py:190} INFO - [2025-02-13T00:11:42.841+0000] {dag.py:3239} INFO - Sync 2 DAGs
[2025-02-13T00:11:42.860+0000] {logging_mixin.py:190} INFO - [2025-02-13T00:11:42.860+0000] {dag.py:4180} INFO - Setting next_dagrun for example_xcom_args to None, run_after=None
[2025-02-13T00:11:42.864+0000] {logging_mixin.py:190} INFO - [2025-02-13T00:11:42.864+0000] {dag.py:4180} INFO - Setting next_dagrun for example_xcom_args_with_operators to None, run_after=None
[2025-02-13T00:11:42.880+0000] {processor.py:208} INFO - Processing /home/airflow/.local/lib/python3.12/site-packages/airflow/example_dags/example_xcomargs.py took 0.087 seconds
[2025-02-13T00:12:13.247+0000] {processor.py:186} INFO - Started process (PID=1379) to work on /home/airflow/.local/lib/python3.12/site-packages/airflow/example_dags/example_xcomargs.py
[2025-02-13T00:12:13.248+0000] {processor.py:914} INFO - Processing file /home/airflow/.local/lib/python3.12/site-packages/airflow/example_dags/example_xcomargs.py for tasks to queue
[2025-02-13T00:12:13.250+0000] {logging_mixin.py:190} INFO - [2025-02-13T00:12:13.249+0000] {dagbag.py:588} INFO - Filling up the DagBag from /home/airflow/.local/lib/python3.12/site-packages/airflow/example_dags/example_xcomargs.py
[2025-02-13T00:12:13.261+0000] {processor.py:925} INFO - DAG(s) 'example_xcom_args_with_operators', 'example_xcom_args' retrieved from /home/airflow/.local/lib/python3.12/site-packages/airflow/example_dags/example_xcomargs.py
[2025-02-13T00:12:13.297+0000] {logging_mixin.py:190} INFO - [2025-02-13T00:12:13.297+0000] {dag.py:3239} INFO - Sync 2 DAGs
[2025-02-13T00:12:13.354+0000] {logging_mixin.py:190} INFO - [2025-02-13T00:12:13.354+0000] {dag.py:4180} INFO - Setting next_dagrun for example_xcom_args to None, run_after=None
[2025-02-13T00:12:13.372+0000] {logging_mixin.py:190} INFO - [2025-02-13T00:12:13.372+0000] {dag.py:4180} INFO - Setting next_dagrun for example_xcom_args_with_operators to None, run_after=None
[2025-02-13T00:12:13.405+0000] {processor.py:208} INFO - Processing /home/airflow/.local/lib/python3.12/site-packages/airflow/example_dags/example_xcomargs.py took 0.165 seconds
[2025-02-13T00:12:43.688+0000] {processor.py:186} INFO - Started process (PID=1437) to work on /home/airflow/.local/lib/python3.12/site-packages/airflow/example_dags/example_xcomargs.py
[2025-02-13T00:12:43.689+0000] {processor.py:914} INFO - Processing file /home/airflow/.local/lib/python3.12/site-packages/airflow/example_dags/example_xcomargs.py for tasks to queue
[2025-02-13T00:12:43.697+0000] {logging_mixin.py:190} INFO - [2025-02-13T00:12:43.691+0000] {dagbag.py:588} INFO - Filling up the DagBag from /home/airflow/.local/lib/python3.12/site-packages/airflow/example_dags/example_xcomargs.py
[2025-02-13T00:12:43.710+0000] {processor.py:925} INFO - DAG(s) 'example_xcom_args_with_operators', 'example_xcom_args' retrieved from /home/airflow/.local/lib/python3.12/site-packages/airflow/example_dags/example_xcomargs.py
[2025-02-13T00:12:43.735+0000] {logging_mixin.py:190} INFO - [2025-02-13T00:12:43.735+0000] {dag.py:3239} INFO - Sync 2 DAGs
[2025-02-13T00:12:43.755+0000] {logging_mixin.py:190} INFO - [2025-02-13T00:12:43.755+0000] {dag.py:4180} INFO - Setting next_dagrun for example_xcom_args to None, run_after=None
[2025-02-13T00:12:43.760+0000] {logging_mixin.py:190} INFO - [2025-02-13T00:12:43.759+0000] {dag.py:4180} INFO - Setting next_dagrun for example_xcom_args_with_operators to None, run_after=None
[2025-02-13T00:12:43.775+0000] {processor.py:208} INFO - Processing /home/airflow/.local/lib/python3.12/site-packages/airflow/example_dags/example_xcomargs.py took 0.097 seconds
[2025-02-13T00:13:13.914+0000] {processor.py:186} INFO - Started process (PID=1495) to work on /home/airflow/.local/lib/python3.12/site-packages/airflow/example_dags/example_xcomargs.py
[2025-02-13T00:13:13.915+0000] {processor.py:914} INFO - Processing file /home/airflow/.local/lib/python3.12/site-packages/airflow/example_dags/example_xcomargs.py for tasks to queue
[2025-02-13T00:13:13.918+0000] {logging_mixin.py:190} INFO - [2025-02-13T00:13:13.917+0000] {dagbag.py:588} INFO - Filling up the DagBag from /home/airflow/.local/lib/python3.12/site-packages/airflow/example_dags/example_xcomargs.py
[2025-02-13T00:13:13.938+0000] {processor.py:925} INFO - DAG(s) 'example_xcom_args_with_operators', 'example_xcom_args' retrieved from /home/airflow/.local/lib/python3.12/site-packages/airflow/example_dags/example_xcomargs.py
[2025-02-13T00:13:13.963+0000] {logging_mixin.py:190} INFO - [2025-02-13T00:13:13.963+0000] {dag.py:3239} INFO - Sync 2 DAGs
[2025-02-13T00:13:13.981+0000] {logging_mixin.py:190} INFO - [2025-02-13T00:13:13.981+0000] {dag.py:4180} INFO - Setting next_dagrun for example_xcom_args to None, run_after=None
[2025-02-13T00:13:13.986+0000] {logging_mixin.py:190} INFO - [2025-02-13T00:13:13.985+0000] {dag.py:4180} INFO - Setting next_dagrun for example_xcom_args_with_operators to None, run_after=None
[2025-02-13T00:13:14.001+0000] {processor.py:208} INFO - Processing /home/airflow/.local/lib/python3.12/site-packages/airflow/example_dags/example_xcomargs.py took 0.094 seconds
[2025-02-13T00:13:44.212+0000] {processor.py:186} INFO - Started process (PID=1553) to work on /home/airflow/.local/lib/python3.12/site-packages/airflow/example_dags/example_xcomargs.py
[2025-02-13T00:13:44.212+0000] {processor.py:914} INFO - Processing file /home/airflow/.local/lib/python3.12/site-packages/airflow/example_dags/example_xcomargs.py for tasks to queue
[2025-02-13T00:13:44.215+0000] {logging_mixin.py:190} INFO - [2025-02-13T00:13:44.214+0000] {dagbag.py:588} INFO - Filling up the DagBag from /home/airflow/.local/lib/python3.12/site-packages/airflow/example_dags/example_xcomargs.py
[2025-02-13T00:13:44.226+0000] {processor.py:925} INFO - DAG(s) 'example_xcom_args_with_operators', 'example_xcom_args' retrieved from /home/airflow/.local/lib/python3.12/site-packages/airflow/example_dags/example_xcomargs.py
[2025-02-13T00:13:44.252+0000] {logging_mixin.py:190} INFO - [2025-02-13T00:13:44.252+0000] {dag.py:3239} INFO - Sync 2 DAGs
[2025-02-13T00:13:44.271+0000] {logging_mixin.py:190} INFO - [2025-02-13T00:13:44.271+0000] {dag.py:4180} INFO - Setting next_dagrun for example_xcom_args to None, run_after=None
[2025-02-13T00:13:44.276+0000] {logging_mixin.py:190} INFO - [2025-02-13T00:13:44.275+0000] {dag.py:4180} INFO - Setting next_dagrun for example_xcom_args_with_operators to None, run_after=None
[2025-02-13T00:13:44.292+0000] {processor.py:208} INFO - Processing /home/airflow/.local/lib/python3.12/site-packages/airflow/example_dags/example_xcomargs.py took 0.088 seconds
[2025-02-13T00:14:15.189+0000] {processor.py:186} INFO - Started process (PID=1611) to work on /home/airflow/.local/lib/python3.12/site-packages/airflow/example_dags/example_xcomargs.py
[2025-02-13T00:14:15.190+0000] {processor.py:914} INFO - Processing file /home/airflow/.local/lib/python3.12/site-packages/airflow/example_dags/example_xcomargs.py for tasks to queue
[2025-02-13T00:14:15.192+0000] {logging_mixin.py:190} INFO - [2025-02-13T00:14:15.192+0000] {dagbag.py:588} INFO - Filling up the DagBag from /home/airflow/.local/lib/python3.12/site-packages/airflow/example_dags/example_xcomargs.py
[2025-02-13T00:14:15.205+0000] {processor.py:925} INFO - DAG(s) 'example_xcom_args', 'example_xcom_args_with_operators' retrieved from /home/airflow/.local/lib/python3.12/site-packages/airflow/example_dags/example_xcomargs.py
[2025-02-13T00:14:15.230+0000] {logging_mixin.py:190} INFO - [2025-02-13T00:14:15.230+0000] {dag.py:3239} INFO - Sync 2 DAGs
[2025-02-13T00:14:15.249+0000] {logging_mixin.py:190} INFO - [2025-02-13T00:14:15.249+0000] {dag.py:4180} INFO - Setting next_dagrun for example_xcom_args to None, run_after=None
[2025-02-13T00:14:15.253+0000] {logging_mixin.py:190} INFO - [2025-02-13T00:14:15.253+0000] {dag.py:4180} INFO - Setting next_dagrun for example_xcom_args_with_operators to None, run_after=None
[2025-02-13T00:14:15.269+0000] {processor.py:208} INFO - Processing /home/airflow/.local/lib/python3.12/site-packages/airflow/example_dags/example_xcomargs.py took 0.088 seconds
[2025-02-13T00:14:45.565+0000] {processor.py:186} INFO - Started process (PID=1669) to work on /home/airflow/.local/lib/python3.12/site-packages/airflow/example_dags/example_xcomargs.py
[2025-02-13T00:14:45.566+0000] {processor.py:914} INFO - Processing file /home/airflow/.local/lib/python3.12/site-packages/airflow/example_dags/example_xcomargs.py for tasks to queue
[2025-02-13T00:14:45.568+0000] {logging_mixin.py:190} INFO - [2025-02-13T00:14:45.568+0000] {dagbag.py:588} INFO - Filling up the DagBag from /home/airflow/.local/lib/python3.12/site-packages/airflow/example_dags/example_xcomargs.py
[2025-02-13T00:14:45.580+0000] {processor.py:925} INFO - DAG(s) 'example_xcom_args', 'example_xcom_args_with_operators' retrieved from /home/airflow/.local/lib/python3.12/site-packages/airflow/example_dags/example_xcomargs.py
[2025-02-13T00:14:45.606+0000] {logging_mixin.py:190} INFO - [2025-02-13T00:14:45.605+0000] {dag.py:3239} INFO - Sync 2 DAGs
[2025-02-13T00:14:45.625+0000] {logging_mixin.py:190} INFO - [2025-02-13T00:14:45.625+0000] {dag.py:4180} INFO - Setting next_dagrun for example_xcom_args to None, run_after=None
[2025-02-13T00:14:45.630+0000] {logging_mixin.py:190} INFO - [2025-02-13T00:14:45.629+0000] {dag.py:4180} INFO - Setting next_dagrun for example_xcom_args_with_operators to None, run_after=None
[2025-02-13T00:14:45.647+0000] {processor.py:208} INFO - Processing /home/airflow/.local/lib/python3.12/site-packages/airflow/example_dags/example_xcomargs.py took 0.089 seconds
[2025-02-13T00:15:15.808+0000] {processor.py:186} INFO - Started process (PID=1727) to work on /home/airflow/.local/lib/python3.12/site-packages/airflow/example_dags/example_xcomargs.py
[2025-02-13T00:15:15.809+0000] {processor.py:914} INFO - Processing file /home/airflow/.local/lib/python3.12/site-packages/airflow/example_dags/example_xcomargs.py for tasks to queue
[2025-02-13T00:15:15.812+0000] {logging_mixin.py:190} INFO - [2025-02-13T00:15:15.811+0000] {dagbag.py:588} INFO - Filling up the DagBag from /home/airflow/.local/lib/python3.12/site-packages/airflow/example_dags/example_xcomargs.py
[2025-02-13T00:15:15.823+0000] {processor.py:925} INFO - DAG(s) 'example_xcom_args_with_operators', 'example_xcom_args' retrieved from /home/airflow/.local/lib/python3.12/site-packages/airflow/example_dags/example_xcomargs.py
[2025-02-13T00:15:15.848+0000] {logging_mixin.py:190} INFO - [2025-02-13T00:15:15.848+0000] {dag.py:3239} INFO - Sync 2 DAGs
[2025-02-13T00:15:15.867+0000] {logging_mixin.py:190} INFO - [2025-02-13T00:15:15.867+0000] {dag.py:4180} INFO - Setting next_dagrun for example_xcom_args to None, run_after=None
[2025-02-13T00:15:15.872+0000] {logging_mixin.py:190} INFO - [2025-02-13T00:15:15.872+0000] {dag.py:4180} INFO - Setting next_dagrun for example_xcom_args_with_operators to None, run_after=None
[2025-02-13T00:15:15.888+0000] {processor.py:208} INFO - Processing /home/airflow/.local/lib/python3.12/site-packages/airflow/example_dags/example_xcomargs.py took 0.088 seconds
[2025-02-13T00:15:46.112+0000] {processor.py:186} INFO - Started process (PID=1785) to work on /home/airflow/.local/lib/python3.12/site-packages/airflow/example_dags/example_xcomargs.py
[2025-02-13T00:15:46.113+0000] {processor.py:914} INFO - Processing file /home/airflow/.local/lib/python3.12/site-packages/airflow/example_dags/example_xcomargs.py for tasks to queue
[2025-02-13T00:15:46.121+0000] {logging_mixin.py:190} INFO - [2025-02-13T00:15:46.120+0000] {dagbag.py:588} INFO - Filling up the DagBag from /home/airflow/.local/lib/python3.12/site-packages/airflow/example_dags/example_xcomargs.py
[2025-02-13T00:15:46.133+0000] {processor.py:925} INFO - DAG(s) 'example_xcom_args', 'example_xcom_args_with_operators' retrieved from /home/airflow/.local/lib/python3.12/site-packages/airflow/example_dags/example_xcomargs.py
[2025-02-13T00:15:46.159+0000] {logging_mixin.py:190} INFO - [2025-02-13T00:15:46.159+0000] {dag.py:3239} INFO - Sync 2 DAGs
[2025-02-13T00:15:46.177+0000] {logging_mixin.py:190} INFO - [2025-02-13T00:15:46.177+0000] {dag.py:4180} INFO - Setting next_dagrun for example_xcom_args to None, run_after=None
[2025-02-13T00:15:46.181+0000] {logging_mixin.py:190} INFO - [2025-02-13T00:15:46.181+0000] {dag.py:4180} INFO - Setting next_dagrun for example_xcom_args_with_operators to None, run_after=None
[2025-02-13T00:15:46.197+0000] {processor.py:208} INFO - Processing /home/airflow/.local/lib/python3.12/site-packages/airflow/example_dags/example_xcomargs.py took 0.109 seconds
[2025-02-13T00:16:16.446+0000] {processor.py:186} INFO - Started process (PID=1843) to work on /home/airflow/.local/lib/python3.12/site-packages/airflow/example_dags/example_xcomargs.py
[2025-02-13T00:16:16.447+0000] {processor.py:914} INFO - Processing file /home/airflow/.local/lib/python3.12/site-packages/airflow/example_dags/example_xcomargs.py for tasks to queue
[2025-02-13T00:16:16.450+0000] {logging_mixin.py:190} INFO - [2025-02-13T00:16:16.449+0000] {dagbag.py:588} INFO - Filling up the DagBag from /home/airflow/.local/lib/python3.12/site-packages/airflow/example_dags/example_xcomargs.py
[2025-02-13T00:16:16.463+0000] {processor.py:925} INFO - DAG(s) 'example_xcom_args', 'example_xcom_args_with_operators' retrieved from /home/airflow/.local/lib/python3.12/site-packages/airflow/example_dags/example_xcomargs.py
[2025-02-13T00:16:16.488+0000] {logging_mixin.py:190} INFO - [2025-02-13T00:16:16.487+0000] {dag.py:3239} INFO - Sync 2 DAGs
[2025-02-13T00:16:16.506+0000] {logging_mixin.py:190} INFO - [2025-02-13T00:16:16.506+0000] {dag.py:4180} INFO - Setting next_dagrun for example_xcom_args to None, run_after=None
[2025-02-13T00:16:16.511+0000] {logging_mixin.py:190} INFO - [2025-02-13T00:16:16.511+0000] {dag.py:4180} INFO - Setting next_dagrun for example_xcom_args_with_operators to None, run_after=None
[2025-02-13T00:16:16.528+0000] {processor.py:208} INFO - Processing /home/airflow/.local/lib/python3.12/site-packages/airflow/example_dags/example_xcomargs.py took 0.089 seconds
[2025-02-13T00:16:46.605+0000] {processor.py:186} INFO - Started process (PID=1901) to work on /home/airflow/.local/lib/python3.12/site-packages/airflow/example_dags/example_xcomargs.py
[2025-02-13T00:16:46.605+0000] {processor.py:914} INFO - Processing file /home/airflow/.local/lib/python3.12/site-packages/airflow/example_dags/example_xcomargs.py for tasks to queue
[2025-02-13T00:16:46.608+0000] {logging_mixin.py:190} INFO - [2025-02-13T00:16:46.608+0000] {dagbag.py:588} INFO - Filling up the DagBag from /home/airflow/.local/lib/python3.12/site-packages/airflow/example_dags/example_xcomargs.py
[2025-02-13T00:16:46.626+0000] {processor.py:925} INFO - DAG(s) 'example_xcom_args', 'example_xcom_args_with_operators' retrieved from /home/airflow/.local/lib/python3.12/site-packages/airflow/example_dags/example_xcomargs.py
[2025-02-13T00:16:46.662+0000] {logging_mixin.py:190} INFO - [2025-02-13T00:16:46.661+0000] {dag.py:3239} INFO - Sync 2 DAGs
[2025-02-13T00:16:46.681+0000] {logging_mixin.py:190} INFO - [2025-02-13T00:16:46.681+0000] {dag.py:4180} INFO - Setting next_dagrun for example_xcom_args to None, run_after=None
[2025-02-13T00:16:46.686+0000] {logging_mixin.py:190} INFO - [2025-02-13T00:16:46.686+0000] {dag.py:4180} INFO - Setting next_dagrun for example_xcom_args_with_operators to None, run_after=None
[2025-02-13T00:16:46.704+0000] {processor.py:208} INFO - Processing /home/airflow/.local/lib/python3.12/site-packages/airflow/example_dags/example_xcomargs.py took 0.106 seconds
[2025-02-13T00:17:16.891+0000] {processor.py:186} INFO - Started process (PID=1958) to work on /home/airflow/.local/lib/python3.12/site-packages/airflow/example_dags/example_xcomargs.py
[2025-02-13T00:17:16.892+0000] {processor.py:914} INFO - Processing file /home/airflow/.local/lib/python3.12/site-packages/airflow/example_dags/example_xcomargs.py for tasks to queue
[2025-02-13T00:17:16.895+0000] {logging_mixin.py:190} INFO - [2025-02-13T00:17:16.894+0000] {dagbag.py:588} INFO - Filling up the DagBag from /home/airflow/.local/lib/python3.12/site-packages/airflow/example_dags/example_xcomargs.py
[2025-02-13T00:17:16.910+0000] {processor.py:925} INFO - DAG(s) 'example_xcom_args', 'example_xcom_args_with_operators' retrieved from /home/airflow/.local/lib/python3.12/site-packages/airflow/example_dags/example_xcomargs.py
[2025-02-13T00:17:16.945+0000] {logging_mixin.py:190} INFO - [2025-02-13T00:17:16.945+0000] {dag.py:3239} INFO - Sync 2 DAGs
[2025-02-13T00:17:16.965+0000] {logging_mixin.py:190} INFO - [2025-02-13T00:17:16.964+0000] {dag.py:4180} INFO - Setting next_dagrun for example_xcom_args to None, run_after=None
[2025-02-13T00:17:16.969+0000] {logging_mixin.py:190} INFO - [2025-02-13T00:17:16.969+0000] {dag.py:4180} INFO - Setting next_dagrun for example_xcom_args_with_operators to None, run_after=None
[2025-02-13T00:17:16.985+0000] {processor.py:208} INFO - Processing /home/airflow/.local/lib/python3.12/site-packages/airflow/example_dags/example_xcomargs.py took 0.101 seconds
[2025-02-13T00:17:47.201+0000] {processor.py:186} INFO - Started process (PID=2016) to work on /home/airflow/.local/lib/python3.12/site-packages/airflow/example_dags/example_xcomargs.py
[2025-02-13T00:17:47.202+0000] {processor.py:914} INFO - Processing file /home/airflow/.local/lib/python3.12/site-packages/airflow/example_dags/example_xcomargs.py for tasks to queue
[2025-02-13T00:17:47.204+0000] {logging_mixin.py:190} INFO - [2025-02-13T00:17:47.204+0000] {dagbag.py:588} INFO - Filling up the DagBag from /home/airflow/.local/lib/python3.12/site-packages/airflow/example_dags/example_xcomargs.py
[2025-02-13T00:17:47.216+0000] {processor.py:925} INFO - DAG(s) 'example_xcom_args_with_operators', 'example_xcom_args' retrieved from /home/airflow/.local/lib/python3.12/site-packages/airflow/example_dags/example_xcomargs.py
[2025-02-13T00:17:47.244+0000] {logging_mixin.py:190} INFO - [2025-02-13T00:17:47.244+0000] {dag.py:3239} INFO - Sync 2 DAGs
[2025-02-13T00:17:47.263+0000] {logging_mixin.py:190} INFO - [2025-02-13T00:17:47.263+0000] {dag.py:4180} INFO - Setting next_dagrun for example_xcom_args to None, run_after=None
[2025-02-13T00:17:47.267+0000] {logging_mixin.py:190} INFO - [2025-02-13T00:17:47.267+0000] {dag.py:4180} INFO - Setting next_dagrun for example_xcom_args_with_operators to None, run_after=None
[2025-02-13T00:17:47.283+0000] {processor.py:208} INFO - Processing /home/airflow/.local/lib/python3.12/site-packages/airflow/example_dags/example_xcomargs.py took 0.090 seconds
[2025-02-13T00:18:17.357+0000] {processor.py:186} INFO - Started process (PID=2073) to work on /home/airflow/.local/lib/python3.12/site-packages/airflow/example_dags/example_xcomargs.py
[2025-02-13T00:18:17.357+0000] {processor.py:914} INFO - Processing file /home/airflow/.local/lib/python3.12/site-packages/airflow/example_dags/example_xcomargs.py for tasks to queue
[2025-02-13T00:18:17.360+0000] {logging_mixin.py:190} INFO - [2025-02-13T00:18:17.359+0000] {dagbag.py:588} INFO - Filling up the DagBag from /home/airflow/.local/lib/python3.12/site-packages/airflow/example_dags/example_xcomargs.py
[2025-02-13T00:18:17.372+0000] {processor.py:925} INFO - DAG(s) 'example_xcom_args', 'example_xcom_args_with_operators' retrieved from /home/airflow/.local/lib/python3.12/site-packages/airflow/example_dags/example_xcomargs.py
[2025-02-13T00:18:17.397+0000] {logging_mixin.py:190} INFO - [2025-02-13T00:18:17.397+0000] {dag.py:3239} INFO - Sync 2 DAGs
[2025-02-13T00:18:17.421+0000] {logging_mixin.py:190} INFO - [2025-02-13T00:18:17.421+0000] {dag.py:4180} INFO - Setting next_dagrun for example_xcom_args to None, run_after=None
[2025-02-13T00:18:17.425+0000] {logging_mixin.py:190} INFO - [2025-02-13T00:18:17.425+0000] {dag.py:4180} INFO - Setting next_dagrun for example_xcom_args_with_operators to None, run_after=None
[2025-02-13T00:18:17.441+0000] {processor.py:208} INFO - Processing /home/airflow/.local/lib/python3.12/site-packages/airflow/example_dags/example_xcomargs.py took 0.091 seconds
[2025-02-13T00:18:47.517+0000] {processor.py:186} INFO - Started process (PID=2131) to work on /home/airflow/.local/lib/python3.12/site-packages/airflow/example_dags/example_xcomargs.py
[2025-02-13T00:18:47.518+0000] {processor.py:914} INFO - Processing file /home/airflow/.local/lib/python3.12/site-packages/airflow/example_dags/example_xcomargs.py for tasks to queue
[2025-02-13T00:18:47.521+0000] {logging_mixin.py:190} INFO - [2025-02-13T00:18:47.520+0000] {dagbag.py:588} INFO - Filling up the DagBag from /home/airflow/.local/lib/python3.12/site-packages/airflow/example_dags/example_xcomargs.py
[2025-02-13T00:18:47.533+0000] {processor.py:925} INFO - DAG(s) 'example_xcom_args_with_operators', 'example_xcom_args' retrieved from /home/airflow/.local/lib/python3.12/site-packages/airflow/example_dags/example_xcomargs.py
[2025-02-13T00:18:47.560+0000] {logging_mixin.py:190} INFO - [2025-02-13T00:18:47.560+0000] {dag.py:3239} INFO - Sync 2 DAGs
[2025-02-13T00:18:47.585+0000] {logging_mixin.py:190} INFO - [2025-02-13T00:18:47.585+0000] {dag.py:4180} INFO - Setting next_dagrun for example_xcom_args to None, run_after=None
[2025-02-13T00:18:47.590+0000] {logging_mixin.py:190} INFO - [2025-02-13T00:18:47.589+0000] {dag.py:4180} INFO - Setting next_dagrun for example_xcom_args_with_operators to None, run_after=None
[2025-02-13T00:18:47.605+0000] {processor.py:208} INFO - Processing /home/airflow/.local/lib/python3.12/site-packages/airflow/example_dags/example_xcomargs.py took 0.095 seconds
[2025-02-13T00:19:17.747+0000] {processor.py:186} INFO - Started process (PID=2189) to work on /home/airflow/.local/lib/python3.12/site-packages/airflow/example_dags/example_xcomargs.py
[2025-02-13T00:19:17.748+0000] {processor.py:914} INFO - Processing file /home/airflow/.local/lib/python3.12/site-packages/airflow/example_dags/example_xcomargs.py for tasks to queue
[2025-02-13T00:19:17.750+0000] {logging_mixin.py:190} INFO - [2025-02-13T00:19:17.750+0000] {dagbag.py:588} INFO - Filling up the DagBag from /home/airflow/.local/lib/python3.12/site-packages/airflow/example_dags/example_xcomargs.py
[2025-02-13T00:19:17.764+0000] {processor.py:925} INFO - DAG(s) 'example_xcom_args', 'example_xcom_args_with_operators' retrieved from /home/airflow/.local/lib/python3.12/site-packages/airflow/example_dags/example_xcomargs.py
[2025-02-13T00:19:17.796+0000] {logging_mixin.py:190} INFO - [2025-02-13T00:19:17.796+0000] {dag.py:3239} INFO - Sync 2 DAGs
[2025-02-13T00:19:17.815+0000] {logging_mixin.py:190} INFO - [2025-02-13T00:19:17.815+0000] {dag.py:4180} INFO - Setting next_dagrun for example_xcom_args to None, run_after=None
[2025-02-13T00:19:17.819+0000] {logging_mixin.py:190} INFO - [2025-02-13T00:19:17.819+0000] {dag.py:4180} INFO - Setting next_dagrun for example_xcom_args_with_operators to None, run_after=None
[2025-02-13T00:19:17.836+0000] {processor.py:208} INFO - Processing /home/airflow/.local/lib/python3.12/site-packages/airflow/example_dags/example_xcomargs.py took 0.095 seconds
[2025-02-13T00:19:48.028+0000] {processor.py:186} INFO - Started process (PID=2247) to work on /home/airflow/.local/lib/python3.12/site-packages/airflow/example_dags/example_xcomargs.py
[2025-02-13T00:19:48.029+0000] {processor.py:914} INFO - Processing file /home/airflow/.local/lib/python3.12/site-packages/airflow/example_dags/example_xcomargs.py for tasks to queue
[2025-02-13T00:19:48.032+0000] {logging_mixin.py:190} INFO - [2025-02-13T00:19:48.031+0000] {dagbag.py:588} INFO - Filling up the DagBag from /home/airflow/.local/lib/python3.12/site-packages/airflow/example_dags/example_xcomargs.py
[2025-02-13T00:19:48.044+0000] {processor.py:925} INFO - DAG(s) 'example_xcom_args_with_operators', 'example_xcom_args' retrieved from /home/airflow/.local/lib/python3.12/site-packages/airflow/example_dags/example_xcomargs.py
[2025-02-13T00:19:48.077+0000] {logging_mixin.py:190} INFO - [2025-02-13T00:19:48.076+0000] {dag.py:3239} INFO - Sync 2 DAGs
[2025-02-13T00:19:48.098+0000] {logging_mixin.py:190} INFO - [2025-02-13T00:19:48.098+0000] {dag.py:4180} INFO - Setting next_dagrun for example_xcom_args to None, run_after=None
[2025-02-13T00:19:48.102+0000] {logging_mixin.py:190} INFO - [2025-02-13T00:19:48.102+0000] {dag.py:4180} INFO - Setting next_dagrun for example_xcom_args_with_operators to None, run_after=None
[2025-02-13T00:19:48.117+0000] {processor.py:208} INFO - Processing /home/airflow/.local/lib/python3.12/site-packages/airflow/example_dags/example_xcomargs.py took 0.096 seconds
[2025-02-13T00:20:18.173+0000] {processor.py:186} INFO - Started process (PID=2305) to work on /home/airflow/.local/lib/python3.12/site-packages/airflow/example_dags/example_xcomargs.py
[2025-02-13T00:20:18.174+0000] {processor.py:914} INFO - Processing file /home/airflow/.local/lib/python3.12/site-packages/airflow/example_dags/example_xcomargs.py for tasks to queue
[2025-02-13T00:20:18.177+0000] {logging_mixin.py:190} INFO - [2025-02-13T00:20:18.176+0000] {dagbag.py:588} INFO - Filling up the DagBag from /home/airflow/.local/lib/python3.12/site-packages/airflow/example_dags/example_xcomargs.py
[2025-02-13T00:20:18.189+0000] {processor.py:925} INFO - DAG(s) 'example_xcom_args_with_operators', 'example_xcom_args' retrieved from /home/airflow/.local/lib/python3.12/site-packages/airflow/example_dags/example_xcomargs.py
[2025-02-13T00:20:18.219+0000] {logging_mixin.py:190} INFO - [2025-02-13T00:20:18.219+0000] {dag.py:3239} INFO - Sync 2 DAGs
[2025-02-13T00:20:18.238+0000] {logging_mixin.py:190} INFO - [2025-02-13T00:20:18.238+0000] {dag.py:4180} INFO - Setting next_dagrun for example_xcom_args to None, run_after=None
[2025-02-13T00:20:18.252+0000] {logging_mixin.py:190} INFO - [2025-02-13T00:20:18.251+0000] {dag.py:4180} INFO - Setting next_dagrun for example_xcom_args_with_operators to None, run_after=None
[2025-02-13T00:20:18.273+0000] {processor.py:208} INFO - Processing /home/airflow/.local/lib/python3.12/site-packages/airflow/example_dags/example_xcomargs.py took 0.106 seconds
[2025-02-13T00:20:48.523+0000] {processor.py:186} INFO - Started process (PID=2363) to work on /home/airflow/.local/lib/python3.12/site-packages/airflow/example_dags/example_xcomargs.py
[2025-02-13T00:20:48.524+0000] {processor.py:914} INFO - Processing file /home/airflow/.local/lib/python3.12/site-packages/airflow/example_dags/example_xcomargs.py for tasks to queue
[2025-02-13T00:20:48.526+0000] {logging_mixin.py:190} INFO - [2025-02-13T00:20:48.526+0000] {dagbag.py:588} INFO - Filling up the DagBag from /home/airflow/.local/lib/python3.12/site-packages/airflow/example_dags/example_xcomargs.py
[2025-02-13T00:20:48.539+0000] {processor.py:925} INFO - DAG(s) 'example_xcom_args', 'example_xcom_args_with_operators' retrieved from /home/airflow/.local/lib/python3.12/site-packages/airflow/example_dags/example_xcomargs.py
[2025-02-13T00:20:48.565+0000] {logging_mixin.py:190} INFO - [2025-02-13T00:20:48.564+0000] {dag.py:3239} INFO - Sync 2 DAGs
[2025-02-13T00:20:48.584+0000] {logging_mixin.py:190} INFO - [2025-02-13T00:20:48.583+0000] {dag.py:4180} INFO - Setting next_dagrun for example_xcom_args to None, run_after=None
[2025-02-13T00:20:48.588+0000] {logging_mixin.py:190} INFO - [2025-02-13T00:20:48.588+0000] {dag.py:4180} INFO - Setting next_dagrun for example_xcom_args_with_operators to None, run_after=None
[2025-02-13T00:20:48.603+0000] {processor.py:208} INFO - Processing /home/airflow/.local/lib/python3.12/site-packages/airflow/example_dags/example_xcomargs.py took 0.088 seconds
[2025-02-13T00:21:18.810+0000] {processor.py:186} INFO - Started process (PID=2421) to work on /home/airflow/.local/lib/python3.12/site-packages/airflow/example_dags/example_xcomargs.py
[2025-02-13T00:21:18.811+0000] {processor.py:914} INFO - Processing file /home/airflow/.local/lib/python3.12/site-packages/airflow/example_dags/example_xcomargs.py for tasks to queue
[2025-02-13T00:21:18.813+0000] {logging_mixin.py:190} INFO - [2025-02-13T00:21:18.813+0000] {dagbag.py:588} INFO - Filling up the DagBag from /home/airflow/.local/lib/python3.12/site-packages/airflow/example_dags/example_xcomargs.py
[2025-02-13T00:21:18.831+0000] {processor.py:925} INFO - DAG(s) 'example_xcom_args_with_operators', 'example_xcom_args' retrieved from /home/airflow/.local/lib/python3.12/site-packages/airflow/example_dags/example_xcomargs.py
[2025-02-13T00:21:18.857+0000] {logging_mixin.py:190} INFO - [2025-02-13T00:21:18.857+0000] {dag.py:3239} INFO - Sync 2 DAGs
[2025-02-13T00:21:18.876+0000] {logging_mixin.py:190} INFO - [2025-02-13T00:21:18.876+0000] {dag.py:4180} INFO - Setting next_dagrun for example_xcom_args to None, run_after=None
[2025-02-13T00:21:18.881+0000] {logging_mixin.py:190} INFO - [2025-02-13T00:21:18.881+0000] {dag.py:4180} INFO - Setting next_dagrun for example_xcom_args_with_operators to None, run_after=None
[2025-02-13T00:21:18.896+0000] {processor.py:208} INFO - Processing /home/airflow/.local/lib/python3.12/site-packages/airflow/example_dags/example_xcomargs.py took 0.093 seconds
[2025-02-13T00:21:49.214+0000] {processor.py:186} INFO - Started process (PID=2479) to work on /home/airflow/.local/lib/python3.12/site-packages/airflow/example_dags/example_xcomargs.py
[2025-02-13T00:21:49.215+0000] {processor.py:914} INFO - Processing file /home/airflow/.local/lib/python3.12/site-packages/airflow/example_dags/example_xcomargs.py for tasks to queue
[2025-02-13T00:21:49.218+0000] {logging_mixin.py:190} INFO - [2025-02-13T00:21:49.217+0000] {dagbag.py:588} INFO - Filling up the DagBag from /home/airflow/.local/lib/python3.12/site-packages/airflow/example_dags/example_xcomargs.py
[2025-02-13T00:21:49.230+0000] {processor.py:925} INFO - DAG(s) 'example_xcom_args', 'example_xcom_args_with_operators' retrieved from /home/airflow/.local/lib/python3.12/site-packages/airflow/example_dags/example_xcomargs.py
[2025-02-13T00:21:49.257+0000] {logging_mixin.py:190} INFO - [2025-02-13T00:21:49.256+0000] {dag.py:3239} INFO - Sync 2 DAGs
[2025-02-13T00:21:49.278+0000] {logging_mixin.py:190} INFO - [2025-02-13T00:21:49.278+0000] {dag.py:4180} INFO - Setting next_dagrun for example_xcom_args to None, run_after=None
[2025-02-13T00:21:49.283+0000] {logging_mixin.py:190} INFO - [2025-02-13T00:21:49.282+0000] {dag.py:4180} INFO - Setting next_dagrun for example_xcom_args_with_operators to None, run_after=None
[2025-02-13T00:21:49.298+0000] {processor.py:208} INFO - Processing /home/airflow/.local/lib/python3.12/site-packages/airflow/example_dags/example_xcomargs.py took 0.091 seconds
[2025-02-13T00:22:20.087+0000] {processor.py:186} INFO - Started process (PID=2533) to work on /home/airflow/.local/lib/python3.12/site-packages/airflow/example_dags/example_xcomargs.py
[2025-02-13T00:22:20.088+0000] {processor.py:914} INFO - Processing file /home/airflow/.local/lib/python3.12/site-packages/airflow/example_dags/example_xcomargs.py for tasks to queue
[2025-02-13T00:22:20.090+0000] {logging_mixin.py:190} INFO - [2025-02-13T00:22:20.090+0000] {dagbag.py:588} INFO - Filling up the DagBag from /home/airflow/.local/lib/python3.12/site-packages/airflow/example_dags/example_xcomargs.py
[2025-02-13T00:22:20.102+0000] {processor.py:925} INFO - DAG(s) 'example_xcom_args_with_operators', 'example_xcom_args' retrieved from /home/airflow/.local/lib/python3.12/site-packages/airflow/example_dags/example_xcomargs.py
[2025-02-13T00:22:20.128+0000] {logging_mixin.py:190} INFO - [2025-02-13T00:22:20.128+0000] {dag.py:3239} INFO - Sync 2 DAGs
[2025-02-13T00:22:20.146+0000] {logging_mixin.py:190} INFO - [2025-02-13T00:22:20.146+0000] {dag.py:4180} INFO - Setting next_dagrun for example_xcom_args to None, run_after=None
[2025-02-13T00:22:20.150+0000] {logging_mixin.py:190} INFO - [2025-02-13T00:22:20.150+0000] {dag.py:4180} INFO - Setting next_dagrun for example_xcom_args_with_operators to None, run_after=None
[2025-02-13T00:22:20.166+0000] {processor.py:208} INFO - Processing /home/airflow/.local/lib/python3.12/site-packages/airflow/example_dags/example_xcomargs.py took 0.088 seconds
[2025-02-13T00:22:51.282+0000] {processor.py:186} INFO - Started process (PID=2592) to work on /home/airflow/.local/lib/python3.12/site-packages/airflow/example_dags/example_xcomargs.py
[2025-02-13T00:22:51.282+0000] {processor.py:914} INFO - Processing file /home/airflow/.local/lib/python3.12/site-packages/airflow/example_dags/example_xcomargs.py for tasks to queue
[2025-02-13T00:22:51.285+0000] {logging_mixin.py:190} INFO - [2025-02-13T00:22:51.284+0000] {dagbag.py:588} INFO - Filling up the DagBag from /home/airflow/.local/lib/python3.12/site-packages/airflow/example_dags/example_xcomargs.py
[2025-02-13T00:22:51.297+0000] {processor.py:925} INFO - DAG(s) 'example_xcom_args', 'example_xcom_args_with_operators' retrieved from /home/airflow/.local/lib/python3.12/site-packages/airflow/example_dags/example_xcomargs.py
[2025-02-13T00:22:51.323+0000] {logging_mixin.py:190} INFO - [2025-02-13T00:22:51.323+0000] {dag.py:3239} INFO - Sync 2 DAGs
[2025-02-13T00:22:51.343+0000] {logging_mixin.py:190} INFO - [2025-02-13T00:22:51.343+0000] {dag.py:4180} INFO - Setting next_dagrun for example_xcom_args to None, run_after=None
[2025-02-13T00:22:51.348+0000] {logging_mixin.py:190} INFO - [2025-02-13T00:22:51.347+0000] {dag.py:4180} INFO - Setting next_dagrun for example_xcom_args_with_operators to None, run_after=None
[2025-02-13T00:22:51.365+0000] {processor.py:208} INFO - Processing /home/airflow/.local/lib/python3.12/site-packages/airflow/example_dags/example_xcomargs.py took 0.091 seconds
[2025-02-13T00:23:21.596+0000] {processor.py:186} INFO - Started process (PID=2650) to work on /home/airflow/.local/lib/python3.12/site-packages/airflow/example_dags/example_xcomargs.py
[2025-02-13T00:23:21.597+0000] {processor.py:914} INFO - Processing file /home/airflow/.local/lib/python3.12/site-packages/airflow/example_dags/example_xcomargs.py for tasks to queue
[2025-02-13T00:23:21.600+0000] {logging_mixin.py:190} INFO - [2025-02-13T00:23:21.599+0000] {dagbag.py:588} INFO - Filling up the DagBag from /home/airflow/.local/lib/python3.12/site-packages/airflow/example_dags/example_xcomargs.py
[2025-02-13T00:23:21.611+0000] {processor.py:925} INFO - DAG(s) 'example_xcom_args_with_operators', 'example_xcom_args' retrieved from /home/airflow/.local/lib/python3.12/site-packages/airflow/example_dags/example_xcomargs.py
[2025-02-13T00:23:21.638+0000] {logging_mixin.py:190} INFO - [2025-02-13T00:23:21.638+0000] {dag.py:3239} INFO - Sync 2 DAGs
[2025-02-13T00:23:21.657+0000] {logging_mixin.py:190} INFO - [2025-02-13T00:23:21.656+0000] {dag.py:4180} INFO - Setting next_dagrun for example_xcom_args to None, run_after=None
[2025-02-13T00:23:21.661+0000] {logging_mixin.py:190} INFO - [2025-02-13T00:23:21.661+0000] {dag.py:4180} INFO - Setting next_dagrun for example_xcom_args_with_operators to None, run_after=None
[2025-02-13T00:23:21.678+0000] {processor.py:208} INFO - Processing /home/airflow/.local/lib/python3.12/site-packages/airflow/example_dags/example_xcomargs.py took 0.089 seconds
[2025-02-13T00:23:51.867+0000] {processor.py:186} INFO - Started process (PID=2697) to work on /home/airflow/.local/lib/python3.12/site-packages/airflow/example_dags/example_xcomargs.py
[2025-02-13T00:23:51.868+0000] {processor.py:914} INFO - Processing file /home/airflow/.local/lib/python3.12/site-packages/airflow/example_dags/example_xcomargs.py for tasks to queue
[2025-02-13T00:23:51.870+0000] {logging_mixin.py:190} INFO - [2025-02-13T00:23:51.870+0000] {dagbag.py:588} INFO - Filling up the DagBag from /home/airflow/.local/lib/python3.12/site-packages/airflow/example_dags/example_xcomargs.py
[2025-02-13T00:23:51.882+0000] {processor.py:925} INFO - DAG(s) 'example_xcom_args_with_operators', 'example_xcom_args' retrieved from /home/airflow/.local/lib/python3.12/site-packages/airflow/example_dags/example_xcomargs.py
[2025-02-13T00:23:51.909+0000] {logging_mixin.py:190} INFO - [2025-02-13T00:23:51.909+0000] {dag.py:3239} INFO - Sync 2 DAGs
[2025-02-13T00:23:51.927+0000] {logging_mixin.py:190} INFO - [2025-02-13T00:23:51.927+0000] {dag.py:4180} INFO - Setting next_dagrun for example_xcom_args to None, run_after=None
[2025-02-13T00:23:51.931+0000] {logging_mixin.py:190} INFO - [2025-02-13T00:23:51.931+0000] {dag.py:4180} INFO - Setting next_dagrun for example_xcom_args_with_operators to None, run_after=None
[2025-02-13T00:23:51.946+0000] {processor.py:208} INFO - Processing /home/airflow/.local/lib/python3.12/site-packages/airflow/example_dags/example_xcomargs.py took 0.086 seconds
[2025-02-13T00:24:22.150+0000] {processor.py:186} INFO - Started process (PID=2755) to work on /home/airflow/.local/lib/python3.12/site-packages/airflow/example_dags/example_xcomargs.py
[2025-02-13T00:24:22.151+0000] {processor.py:914} INFO - Processing file /home/airflow/.local/lib/python3.12/site-packages/airflow/example_dags/example_xcomargs.py for tasks to queue
[2025-02-13T00:24:22.154+0000] {logging_mixin.py:190} INFO - [2025-02-13T00:24:22.154+0000] {dagbag.py:588} INFO - Filling up the DagBag from /home/airflow/.local/lib/python3.12/site-packages/airflow/example_dags/example_xcomargs.py
[2025-02-13T00:24:22.167+0000] {processor.py:925} INFO - DAG(s) 'example_xcom_args', 'example_xcom_args_with_operators' retrieved from /home/airflow/.local/lib/python3.12/site-packages/airflow/example_dags/example_xcomargs.py
[2025-02-13T00:24:22.188+0000] {logging_mixin.py:190} INFO - [2025-02-13T00:24:22.188+0000] {dag.py:3239} INFO - Sync 2 DAGs
[2025-02-13T00:24:22.201+0000] {logging_mixin.py:190} INFO - [2025-02-13T00:24:22.201+0000] {dag.py:4180} INFO - Setting next_dagrun for example_xcom_args to None, run_after=None
[2025-02-13T00:24:22.204+0000] {logging_mixin.py:190} INFO - [2025-02-13T00:24:22.203+0000] {dag.py:4180} INFO - Setting next_dagrun for example_xcom_args_with_operators to None, run_after=None
[2025-02-13T00:24:22.215+0000] {processor.py:208} INFO - Processing /home/airflow/.local/lib/python3.12/site-packages/airflow/example_dags/example_xcomargs.py took 0.072 seconds
[2025-02-13T00:24:52.437+0000] {processor.py:186} INFO - Started process (PID=2813) to work on /home/airflow/.local/lib/python3.12/site-packages/airflow/example_dags/example_xcomargs.py
[2025-02-13T00:24:52.437+0000] {processor.py:914} INFO - Processing file /home/airflow/.local/lib/python3.12/site-packages/airflow/example_dags/example_xcomargs.py for tasks to queue
[2025-02-13T00:24:52.440+0000] {logging_mixin.py:190} INFO - [2025-02-13T00:24:52.439+0000] {dagbag.py:588} INFO - Filling up the DagBag from /home/airflow/.local/lib/python3.12/site-packages/airflow/example_dags/example_xcomargs.py
[2025-02-13T00:24:52.451+0000] {processor.py:925} INFO - DAG(s) 'example_xcom_args_with_operators', 'example_xcom_args' retrieved from /home/airflow/.local/lib/python3.12/site-packages/airflow/example_dags/example_xcomargs.py
[2025-02-13T00:24:52.478+0000] {logging_mixin.py:190} INFO - [2025-02-13T00:24:52.477+0000] {dag.py:3239} INFO - Sync 2 DAGs
[2025-02-13T00:24:52.500+0000] {logging_mixin.py:190} INFO - [2025-02-13T00:24:52.499+0000] {dag.py:4180} INFO - Setting next_dagrun for example_xcom_args to None, run_after=None
[2025-02-13T00:24:52.504+0000] {logging_mixin.py:190} INFO - [2025-02-13T00:24:52.504+0000] {dag.py:4180} INFO - Setting next_dagrun for example_xcom_args_with_operators to None, run_after=None
[2025-02-13T00:24:52.519+0000] {processor.py:208} INFO - Processing /home/airflow/.local/lib/python3.12/site-packages/airflow/example_dags/example_xcomargs.py took 0.089 seconds
[2025-02-13T00:25:22.616+0000] {processor.py:186} INFO - Started process (PID=2871) to work on /home/airflow/.local/lib/python3.12/site-packages/airflow/example_dags/example_xcomargs.py
[2025-02-13T00:25:22.616+0000] {processor.py:914} INFO - Processing file /home/airflow/.local/lib/python3.12/site-packages/airflow/example_dags/example_xcomargs.py for tasks to queue
[2025-02-13T00:25:22.618+0000] {logging_mixin.py:190} INFO - [2025-02-13T00:25:22.618+0000] {dagbag.py:588} INFO - Filling up the DagBag from /home/airflow/.local/lib/python3.12/site-packages/airflow/example_dags/example_xcomargs.py
[2025-02-13T00:25:22.626+0000] {processor.py:925} INFO - DAG(s) 'example_xcom_args', 'example_xcom_args_with_operators' retrieved from /home/airflow/.local/lib/python3.12/site-packages/airflow/example_dags/example_xcomargs.py
[2025-02-13T00:25:22.645+0000] {logging_mixin.py:190} INFO - [2025-02-13T00:25:22.645+0000] {dag.py:3239} INFO - Sync 2 DAGs
[2025-02-13T00:25:22.657+0000] {logging_mixin.py:190} INFO - [2025-02-13T00:25:22.657+0000] {dag.py:4180} INFO - Setting next_dagrun for example_xcom_args to None, run_after=None
[2025-02-13T00:25:22.660+0000] {logging_mixin.py:190} INFO - [2025-02-13T00:25:22.660+0000] {dag.py:4180} INFO - Setting next_dagrun for example_xcom_args_with_operators to None, run_after=None
[2025-02-13T00:25:22.671+0000] {processor.py:208} INFO - Processing /home/airflow/.local/lib/python3.12/site-packages/airflow/example_dags/example_xcomargs.py took 0.061 seconds
[2025-02-13T00:25:52.924+0000] {processor.py:186} INFO - Started process (PID=2929) to work on /home/airflow/.local/lib/python3.12/site-packages/airflow/example_dags/example_xcomargs.py
[2025-02-13T00:25:52.925+0000] {processor.py:914} INFO - Processing file /home/airflow/.local/lib/python3.12/site-packages/airflow/example_dags/example_xcomargs.py for tasks to queue
[2025-02-13T00:25:52.927+0000] {logging_mixin.py:190} INFO - [2025-02-13T00:25:52.927+0000] {dagbag.py:588} INFO - Filling up the DagBag from /home/airflow/.local/lib/python3.12/site-packages/airflow/example_dags/example_xcomargs.py
[2025-02-13T00:25:52.940+0000] {processor.py:925} INFO - DAG(s) 'example_xcom_args', 'example_xcom_args_with_operators' retrieved from /home/airflow/.local/lib/python3.12/site-packages/airflow/example_dags/example_xcomargs.py
[2025-02-13T00:25:52.967+0000] {logging_mixin.py:190} INFO - [2025-02-13T00:25:52.966+0000] {dag.py:3239} INFO - Sync 2 DAGs
[2025-02-13T00:25:52.985+0000] {logging_mixin.py:190} INFO - [2025-02-13T00:25:52.984+0000] {dag.py:4180} INFO - Setting next_dagrun for example_xcom_args to None, run_after=None
[2025-02-13T00:25:52.989+0000] {logging_mixin.py:190} INFO - [2025-02-13T00:25:52.989+0000] {dag.py:4180} INFO - Setting next_dagrun for example_xcom_args_with_operators to None, run_after=None
[2025-02-13T00:25:53.005+0000] {processor.py:208} INFO - Processing /home/airflow/.local/lib/python3.12/site-packages/airflow/example_dags/example_xcomargs.py took 0.089 seconds
[2025-02-13T00:26:23.417+0000] {processor.py:186} INFO - Started process (PID=2987) to work on /home/airflow/.local/lib/python3.12/site-packages/airflow/example_dags/example_xcomargs.py
[2025-02-13T00:26:23.417+0000] {processor.py:914} INFO - Processing file /home/airflow/.local/lib/python3.12/site-packages/airflow/example_dags/example_xcomargs.py for tasks to queue
[2025-02-13T00:26:23.420+0000] {logging_mixin.py:190} INFO - [2025-02-13T00:26:23.419+0000] {dagbag.py:588} INFO - Filling up the DagBag from /home/airflow/.local/lib/python3.12/site-packages/airflow/example_dags/example_xcomargs.py
[2025-02-13T00:26:23.432+0000] {processor.py:925} INFO - DAG(s) 'example_xcom_args_with_operators', 'example_xcom_args' retrieved from /home/airflow/.local/lib/python3.12/site-packages/airflow/example_dags/example_xcomargs.py
[2025-02-13T00:26:23.456+0000] {logging_mixin.py:190} INFO - [2025-02-13T00:26:23.456+0000] {dag.py:3239} INFO - Sync 2 DAGs
[2025-02-13T00:26:23.469+0000] {logging_mixin.py:190} INFO - [2025-02-13T00:26:23.469+0000] {dag.py:4180} INFO - Setting next_dagrun for example_xcom_args to None, run_after=None
[2025-02-13T00:26:23.472+0000] {logging_mixin.py:190} INFO - [2025-02-13T00:26:23.472+0000] {dag.py:4180} INFO - Setting next_dagrun for example_xcom_args_with_operators to None, run_after=None
[2025-02-13T00:26:23.484+0000] {processor.py:208} INFO - Processing /home/airflow/.local/lib/python3.12/site-packages/airflow/example_dags/example_xcomargs.py took 0.074 seconds
[2025-02-13T00:26:53.635+0000] {processor.py:186} INFO - Started process (PID=3045) to work on /home/airflow/.local/lib/python3.12/site-packages/airflow/example_dags/example_xcomargs.py
[2025-02-13T00:26:53.636+0000] {processor.py:914} INFO - Processing file /home/airflow/.local/lib/python3.12/site-packages/airflow/example_dags/example_xcomargs.py for tasks to queue
[2025-02-13T00:26:53.638+0000] {logging_mixin.py:190} INFO - [2025-02-13T00:26:53.638+0000] {dagbag.py:588} INFO - Filling up the DagBag from /home/airflow/.local/lib/python3.12/site-packages/airflow/example_dags/example_xcomargs.py
[2025-02-13T00:26:53.646+0000] {processor.py:925} INFO - DAG(s) 'example_xcom_args_with_operators', 'example_xcom_args' retrieved from /home/airflow/.local/lib/python3.12/site-packages/airflow/example_dags/example_xcomargs.py
[2025-02-13T00:26:53.666+0000] {logging_mixin.py:190} INFO - [2025-02-13T00:26:53.666+0000] {dag.py:3239} INFO - Sync 2 DAGs
[2025-02-13T00:26:53.679+0000] {logging_mixin.py:190} INFO - [2025-02-13T00:26:53.678+0000] {dag.py:4180} INFO - Setting next_dagrun for example_xcom_args to None, run_after=None
[2025-02-13T00:26:53.682+0000] {logging_mixin.py:190} INFO - [2025-02-13T00:26:53.681+0000] {dag.py:4180} INFO - Setting next_dagrun for example_xcom_args_with_operators to None, run_after=None
[2025-02-13T00:26:53.693+0000] {processor.py:208} INFO - Processing /home/airflow/.local/lib/python3.12/site-packages/airflow/example_dags/example_xcomargs.py took 0.064 seconds
[2025-02-13T00:27:24.157+0000] {processor.py:186} INFO - Started process (PID=3103) to work on /home/airflow/.local/lib/python3.12/site-packages/airflow/example_dags/example_xcomargs.py
[2025-02-13T00:27:24.158+0000] {processor.py:914} INFO - Processing file /home/airflow/.local/lib/python3.12/site-packages/airflow/example_dags/example_xcomargs.py for tasks to queue
[2025-02-13T00:27:24.160+0000] {logging_mixin.py:190} INFO - [2025-02-13T00:27:24.160+0000] {dagbag.py:588} INFO - Filling up the DagBag from /home/airflow/.local/lib/python3.12/site-packages/airflow/example_dags/example_xcomargs.py
[2025-02-13T00:27:24.173+0000] {processor.py:925} INFO - DAG(s) 'example_xcom_args_with_operators', 'example_xcom_args' retrieved from /home/airflow/.local/lib/python3.12/site-packages/airflow/example_dags/example_xcomargs.py
[2025-02-13T00:27:24.196+0000] {logging_mixin.py:190} INFO - [2025-02-13T00:27:24.196+0000] {dag.py:3239} INFO - Sync 2 DAGs
[2025-02-13T00:27:24.209+0000] {logging_mixin.py:190} INFO - [2025-02-13T00:27:24.208+0000] {dag.py:4180} INFO - Setting next_dagrun for example_xcom_args to None, run_after=None
[2025-02-13T00:27:24.212+0000] {logging_mixin.py:190} INFO - [2025-02-13T00:27:24.211+0000] {dag.py:4180} INFO - Setting next_dagrun for example_xcom_args_with_operators to None, run_after=None
[2025-02-13T00:27:24.224+0000] {processor.py:208} INFO - Processing /home/airflow/.local/lib/python3.12/site-packages/airflow/example_dags/example_xcomargs.py took 0.074 seconds
[2025-02-13T00:27:54.261+0000] {processor.py:186} INFO - Started process (PID=3161) to work on /home/airflow/.local/lib/python3.12/site-packages/airflow/example_dags/example_xcomargs.py
[2025-02-13T00:27:54.262+0000] {processor.py:914} INFO - Processing file /home/airflow/.local/lib/python3.12/site-packages/airflow/example_dags/example_xcomargs.py for tasks to queue
[2025-02-13T00:27:54.265+0000] {logging_mixin.py:190} INFO - [2025-02-13T00:27:54.264+0000] {dagbag.py:588} INFO - Filling up the DagBag from /home/airflow/.local/lib/python3.12/site-packages/airflow/example_dags/example_xcomargs.py
[2025-02-13T00:27:54.277+0000] {processor.py:925} INFO - DAG(s) 'example_xcom_args', 'example_xcom_args_with_operators' retrieved from /home/airflow/.local/lib/python3.12/site-packages/airflow/example_dags/example_xcomargs.py
[2025-02-13T00:27:54.303+0000] {logging_mixin.py:190} INFO - [2025-02-13T00:27:54.303+0000] {dag.py:3239} INFO - Sync 2 DAGs
[2025-02-13T00:27:54.322+0000] {logging_mixin.py:190} INFO - [2025-02-13T00:27:54.322+0000] {dag.py:4180} INFO - Setting next_dagrun for example_xcom_args to None, run_after=None
[2025-02-13T00:27:54.326+0000] {logging_mixin.py:190} INFO - [2025-02-13T00:27:54.326+0000] {dag.py:4180} INFO - Setting next_dagrun for example_xcom_args_with_operators to None, run_after=None
[2025-02-13T00:27:54.342+0000] {processor.py:208} INFO - Processing /home/airflow/.local/lib/python3.12/site-packages/airflow/example_dags/example_xcomargs.py took 0.088 seconds
