[2025-02-13T00:00:36.836+0000] {processor.py:186} INFO - Started process (PID=164) to work on /home/airflow/.local/lib/python3.12/site-packages/airflow/example_dags/example_branch_labels.py
[2025-02-13T00:00:36.837+0000] {processor.py:914} INFO - Processing file /home/airflow/.local/lib/python3.12/site-packages/airflow/example_dags/example_branch_labels.py for tasks to queue
[2025-02-13T00:00:36.841+0000] {logging_mixin.py:190} INFO - [2025-02-13T00:00:36.840+0000] {dagbag.py:588} INFO - Filling up the DagBag from /home/airflow/.local/lib/python3.12/site-packages/airflow/example_dags/example_branch_labels.py
[2025-02-13T00:00:36.878+0000] {processor.py:925} INFO - DAG(s) 'example_branch_labels' retrieved from /home/airflow/.local/lib/python3.12/site-packages/airflow/example_dags/example_branch_labels.py
[2025-02-13T00:00:37.017+0000] {logging_mixin.py:190} INFO - [2025-02-13T00:00:37.016+0000] {dag.py:3239} INFO - Sync 1 DAGs
[2025-02-13T00:00:37.085+0000] {logging_mixin.py:190} INFO - [2025-02-13T00:00:37.084+0000] {dag.py:4180} INFO - Setting next_dagrun for example_branch_labels to 2025-02-12 00:00:00+00:00, run_after=2025-02-13 00:00:00+00:00
[2025-02-13T00:00:39.925+0000] {processor.py:208} INFO - Processing /home/airflow/.local/lib/python3.12/site-packages/airflow/example_dags/example_branch_labels.py took 3.102 seconds
[2025-02-13T00:01:21.371+0000] {processor.py:186} INFO - Started process (PID=223) to work on /home/airflow/.local/lib/python3.12/site-packages/airflow/example_dags/example_branch_labels.py
[2025-02-13T00:01:21.373+0000] {processor.py:914} INFO - Processing file /home/airflow/.local/lib/python3.12/site-packages/airflow/example_dags/example_branch_labels.py for tasks to queue
[2025-02-13T00:01:21.379+0000] {logging_mixin.py:190} INFO - [2025-02-13T00:01:21.378+0000] {dagbag.py:588} INFO - Filling up the DagBag from /home/airflow/.local/lib/python3.12/site-packages/airflow/example_dags/example_branch_labels.py
[2025-02-13T00:01:21.393+0000] {processor.py:925} INFO - DAG(s) 'example_branch_labels' retrieved from /home/airflow/.local/lib/python3.12/site-packages/airflow/example_dags/example_branch_labels.py
[2025-02-13T00:01:21.420+0000] {logging_mixin.py:190} INFO - [2025-02-13T00:01:21.419+0000] {dag.py:3239} INFO - Sync 1 DAGs
[2025-02-13T00:01:21.452+0000] {logging_mixin.py:190} INFO - [2025-02-13T00:01:21.452+0000] {dag.py:4180} INFO - Setting next_dagrun for example_branch_labels to 2025-02-12 00:00:00+00:00, run_after=2025-02-13 00:00:00+00:00
[2025-02-13T00:01:21.472+0000] {processor.py:208} INFO - Processing /home/airflow/.local/lib/python3.12/site-packages/airflow/example_dags/example_branch_labels.py took 0.108 seconds
[2025-02-13T00:02:07.868+0000] {processor.py:186} INFO - Started process (PID=281) to work on /home/airflow/.local/lib/python3.12/site-packages/airflow/example_dags/example_branch_labels.py
[2025-02-13T00:02:07.881+0000] {processor.py:914} INFO - Processing file /home/airflow/.local/lib/python3.12/site-packages/airflow/example_dags/example_branch_labels.py for tasks to queue
[2025-02-13T00:02:07.884+0000] {logging_mixin.py:190} INFO - [2025-02-13T00:02:07.884+0000] {dagbag.py:588} INFO - Filling up the DagBag from /home/airflow/.local/lib/python3.12/site-packages/airflow/example_dags/example_branch_labels.py
[2025-02-13T00:02:07.912+0000] {processor.py:925} INFO - DAG(s) 'example_branch_labels' retrieved from /home/airflow/.local/lib/python3.12/site-packages/airflow/example_dags/example_branch_labels.py
[2025-02-13T00:02:07.940+0000] {logging_mixin.py:190} INFO - [2025-02-13T00:02:07.939+0000] {dag.py:3239} INFO - Sync 1 DAGs
[2025-02-13T00:02:08.109+0000] {logging_mixin.py:190} INFO - [2025-02-13T00:02:08.108+0000] {dag.py:4180} INFO - Setting next_dagrun for example_branch_labels to 2025-02-12 00:00:00+00:00, run_after=2025-02-13 00:00:00+00:00
[2025-02-13T00:02:11.177+0000] {processor.py:208} INFO - Processing /home/airflow/.local/lib/python3.12/site-packages/airflow/example_dags/example_branch_labels.py took 3.438 seconds
[2025-02-13T00:02:51.386+0000] {processor.py:186} INFO - Started process (PID=332) to work on /home/airflow/.local/lib/python3.12/site-packages/airflow/example_dags/example_branch_labels.py
[2025-02-13T00:02:51.393+0000] {processor.py:914} INFO - Processing file /home/airflow/.local/lib/python3.12/site-packages/airflow/example_dags/example_branch_labels.py for tasks to queue
[2025-02-13T00:02:51.403+0000] {logging_mixin.py:190} INFO - [2025-02-13T00:02:51.403+0000] {dagbag.py:588} INFO - Filling up the DagBag from /home/airflow/.local/lib/python3.12/site-packages/airflow/example_dags/example_branch_labels.py
[2025-02-13T00:02:51.425+0000] {processor.py:925} INFO - DAG(s) 'example_branch_labels' retrieved from /home/airflow/.local/lib/python3.12/site-packages/airflow/example_dags/example_branch_labels.py
[2025-02-13T00:02:51.475+0000] {logging_mixin.py:190} INFO - [2025-02-13T00:02:51.474+0000] {dag.py:3239} INFO - Sync 1 DAGs
[2025-02-13T00:02:51.868+0000] {logging_mixin.py:190} INFO - [2025-02-13T00:02:51.867+0000] {dag.py:4180} INFO - Setting next_dagrun for example_branch_labels to 2025-02-12 00:00:00+00:00, run_after=2025-02-13 00:00:00+00:00
[2025-02-13T00:02:52.127+0000] {processor.py:208} INFO - Processing /home/airflow/.local/lib/python3.12/site-packages/airflow/example_dags/example_branch_labels.py took 0.761 seconds
[2025-02-13T00:03:27.030+0000] {processor.py:186} INFO - Started process (PID=390) to work on /home/airflow/.local/lib/python3.12/site-packages/airflow/example_dags/example_branch_labels.py
[2025-02-13T00:03:27.030+0000] {processor.py:914} INFO - Processing file /home/airflow/.local/lib/python3.12/site-packages/airflow/example_dags/example_branch_labels.py for tasks to queue
[2025-02-13T00:03:27.033+0000] {logging_mixin.py:190} INFO - [2025-02-13T00:03:27.033+0000] {dagbag.py:588} INFO - Filling up the DagBag from /home/airflow/.local/lib/python3.12/site-packages/airflow/example_dags/example_branch_labels.py
[2025-02-13T00:03:27.045+0000] {processor.py:925} INFO - DAG(s) 'example_branch_labels' retrieved from /home/airflow/.local/lib/python3.12/site-packages/airflow/example_dags/example_branch_labels.py
[2025-02-13T00:03:27.069+0000] {logging_mixin.py:190} INFO - [2025-02-13T00:03:27.068+0000] {dag.py:3239} INFO - Sync 1 DAGs
[2025-02-13T00:03:27.354+0000] {logging_mixin.py:190} INFO - [2025-02-13T00:03:27.354+0000] {dag.py:4180} INFO - Setting next_dagrun for example_branch_labels to 2025-02-12 00:00:00+00:00, run_after=2025-02-13 00:00:00+00:00
[2025-02-13T00:03:27.407+0000] {processor.py:208} INFO - Processing /home/airflow/.local/lib/python3.12/site-packages/airflow/example_dags/example_branch_labels.py took 0.384 seconds
[2025-02-13T00:04:00.108+0000] {processor.py:186} INFO - Started process (PID=448) to work on /home/airflow/.local/lib/python3.12/site-packages/airflow/example_dags/example_branch_labels.py
[2025-02-13T00:04:00.109+0000] {processor.py:914} INFO - Processing file /home/airflow/.local/lib/python3.12/site-packages/airflow/example_dags/example_branch_labels.py for tasks to queue
[2025-02-13T00:04:00.112+0000] {logging_mixin.py:190} INFO - [2025-02-13T00:04:00.111+0000] {dagbag.py:588} INFO - Filling up the DagBag from /home/airflow/.local/lib/python3.12/site-packages/airflow/example_dags/example_branch_labels.py
[2025-02-13T00:04:00.124+0000] {processor.py:925} INFO - DAG(s) 'example_branch_labels' retrieved from /home/airflow/.local/lib/python3.12/site-packages/airflow/example_dags/example_branch_labels.py
[2025-02-13T00:04:00.153+0000] {logging_mixin.py:190} INFO - [2025-02-13T00:04:00.153+0000] {dag.py:3239} INFO - Sync 1 DAGs
[2025-02-13T00:04:00.187+0000] {logging_mixin.py:190} INFO - [2025-02-13T00:04:00.187+0000] {dag.py:4180} INFO - Setting next_dagrun for example_branch_labels to 2025-02-12 00:00:00+00:00, run_after=2025-02-13 00:00:00+00:00
[2025-02-13T00:04:00.518+0000] {processor.py:208} INFO - Processing /home/airflow/.local/lib/python3.12/site-packages/airflow/example_dags/example_branch_labels.py took 0.418 seconds
[2025-02-13T00:04:31.059+0000] {processor.py:186} INFO - Started process (PID=506) to work on /home/airflow/.local/lib/python3.12/site-packages/airflow/example_dags/example_branch_labels.py
[2025-02-13T00:04:31.061+0000] {processor.py:914} INFO - Processing file /home/airflow/.local/lib/python3.12/site-packages/airflow/example_dags/example_branch_labels.py for tasks to queue
[2025-02-13T00:04:31.064+0000] {logging_mixin.py:190} INFO - [2025-02-13T00:04:31.064+0000] {dagbag.py:588} INFO - Filling up the DagBag from /home/airflow/.local/lib/python3.12/site-packages/airflow/example_dags/example_branch_labels.py
[2025-02-13T00:04:31.077+0000] {processor.py:925} INFO - DAG(s) 'example_branch_labels' retrieved from /home/airflow/.local/lib/python3.12/site-packages/airflow/example_dags/example_branch_labels.py
[2025-02-13T00:04:31.108+0000] {logging_mixin.py:190} INFO - [2025-02-13T00:04:31.107+0000] {dag.py:3239} INFO - Sync 1 DAGs
[2025-02-13T00:04:31.145+0000] {logging_mixin.py:190} INFO - [2025-02-13T00:04:31.145+0000] {dag.py:4180} INFO - Setting next_dagrun for example_branch_labels to 2025-02-12 00:00:00+00:00, run_after=2025-02-13 00:00:00+00:00
[2025-02-13T00:04:31.518+0000] {processor.py:208} INFO - Processing /home/airflow/.local/lib/python3.12/site-packages/airflow/example_dags/example_branch_labels.py took 0.473 seconds
[2025-02-13T00:05:02.064+0000] {processor.py:186} INFO - Started process (PID=564) to work on /home/airflow/.local/lib/python3.12/site-packages/airflow/example_dags/example_branch_labels.py
[2025-02-13T00:05:02.088+0000] {processor.py:914} INFO - Processing file /home/airflow/.local/lib/python3.12/site-packages/airflow/example_dags/example_branch_labels.py for tasks to queue
[2025-02-13T00:05:02.091+0000] {logging_mixin.py:190} INFO - [2025-02-13T00:05:02.091+0000] {dagbag.py:588} INFO - Filling up the DagBag from /home/airflow/.local/lib/python3.12/site-packages/airflow/example_dags/example_branch_labels.py
[2025-02-13T00:05:02.132+0000] {processor.py:925} INFO - DAG(s) 'example_branch_labels' retrieved from /home/airflow/.local/lib/python3.12/site-packages/airflow/example_dags/example_branch_labels.py
[2025-02-13T00:05:02.186+0000] {logging_mixin.py:190} INFO - [2025-02-13T00:05:02.185+0000] {dag.py:3239} INFO - Sync 1 DAGs
[2025-02-13T00:05:02.223+0000] {logging_mixin.py:190} INFO - [2025-02-13T00:05:02.223+0000] {dag.py:4180} INFO - Setting next_dagrun for example_branch_labels to 2025-02-12 00:00:00+00:00, run_after=2025-02-13 00:00:00+00:00
[2025-02-13T00:05:03.490+0000] {processor.py:208} INFO - Processing /home/airflow/.local/lib/python3.12/site-packages/airflow/example_dags/example_branch_labels.py took 1.453 seconds
[2025-02-13T00:05:35.360+0000] {processor.py:186} INFO - Started process (PID=622) to work on /home/airflow/.local/lib/python3.12/site-packages/airflow/example_dags/example_branch_labels.py
[2025-02-13T00:05:35.361+0000] {processor.py:914} INFO - Processing file /home/airflow/.local/lib/python3.12/site-packages/airflow/example_dags/example_branch_labels.py for tasks to queue
[2025-02-13T00:05:35.365+0000] {logging_mixin.py:190} INFO - [2025-02-13T00:05:35.365+0000] {dagbag.py:588} INFO - Filling up the DagBag from /home/airflow/.local/lib/python3.12/site-packages/airflow/example_dags/example_branch_labels.py
[2025-02-13T00:05:35.396+0000] {processor.py:925} INFO - DAG(s) 'example_branch_labels' retrieved from /home/airflow/.local/lib/python3.12/site-packages/airflow/example_dags/example_branch_labels.py
[2025-02-13T00:05:35.426+0000] {logging_mixin.py:190} INFO - [2025-02-13T00:05:35.425+0000] {dag.py:3239} INFO - Sync 1 DAGs
[2025-02-13T00:05:35.456+0000] {logging_mixin.py:190} INFO - [2025-02-13T00:05:35.456+0000] {dag.py:4180} INFO - Setting next_dagrun for example_branch_labels to 2025-02-12 00:00:00+00:00, run_after=2025-02-13 00:00:00+00:00
[2025-02-13T00:05:36.099+0000] {processor.py:208} INFO - Processing /home/airflow/.local/lib/python3.12/site-packages/airflow/example_dags/example_branch_labels.py took 0.774 seconds
[2025-02-13T00:06:06.528+0000] {processor.py:186} INFO - Started process (PID=680) to work on /home/airflow/.local/lib/python3.12/site-packages/airflow/example_dags/example_branch_labels.py
[2025-02-13T00:06:06.529+0000] {processor.py:914} INFO - Processing file /home/airflow/.local/lib/python3.12/site-packages/airflow/example_dags/example_branch_labels.py for tasks to queue
[2025-02-13T00:06:06.532+0000] {logging_mixin.py:190} INFO - [2025-02-13T00:06:06.532+0000] {dagbag.py:588} INFO - Filling up the DagBag from /home/airflow/.local/lib/python3.12/site-packages/airflow/example_dags/example_branch_labels.py
[2025-02-13T00:06:06.564+0000] {processor.py:925} INFO - DAG(s) 'example_branch_labels' retrieved from /home/airflow/.local/lib/python3.12/site-packages/airflow/example_dags/example_branch_labels.py
[2025-02-13T00:06:06.593+0000] {logging_mixin.py:190} INFO - [2025-02-13T00:06:06.592+0000] {dag.py:3239} INFO - Sync 1 DAGs
[2025-02-13T00:06:06.627+0000] {logging_mixin.py:190} INFO - [2025-02-13T00:06:06.627+0000] {dag.py:4180} INFO - Setting next_dagrun for example_branch_labels to 2025-02-12 00:00:00+00:00, run_after=2025-02-13 00:00:00+00:00
[2025-02-13T00:06:06.689+0000] {processor.py:208} INFO - Processing /home/airflow/.local/lib/python3.12/site-packages/airflow/example_dags/example_branch_labels.py took 0.171 seconds
[2025-02-13T00:06:37.212+0000] {processor.py:186} INFO - Started process (PID=738) to work on /home/airflow/.local/lib/python3.12/site-packages/airflow/example_dags/example_branch_labels.py
[2025-02-13T00:06:37.214+0000] {processor.py:914} INFO - Processing file /home/airflow/.local/lib/python3.12/site-packages/airflow/example_dags/example_branch_labels.py for tasks to queue
[2025-02-13T00:06:37.222+0000] {logging_mixin.py:190} INFO - [2025-02-13T00:06:37.217+0000] {dagbag.py:588} INFO - Filling up the DagBag from /home/airflow/.local/lib/python3.12/site-packages/airflow/example_dags/example_branch_labels.py
[2025-02-13T00:06:37.235+0000] {processor.py:925} INFO - DAG(s) 'example_branch_labels' retrieved from /home/airflow/.local/lib/python3.12/site-packages/airflow/example_dags/example_branch_labels.py
[2025-02-13T00:06:37.265+0000] {logging_mixin.py:190} INFO - [2025-02-13T00:06:37.264+0000] {dag.py:3239} INFO - Sync 1 DAGs
[2025-02-13T00:06:37.304+0000] {logging_mixin.py:190} INFO - [2025-02-13T00:06:37.303+0000] {dag.py:4180} INFO - Setting next_dagrun for example_branch_labels to 2025-02-12 00:00:00+00:00, run_after=2025-02-13 00:00:00+00:00
[2025-02-13T00:06:37.342+0000] {processor.py:208} INFO - Processing /home/airflow/.local/lib/python3.12/site-packages/airflow/example_dags/example_branch_labels.py took 0.138 seconds
[2025-02-13T00:07:07.397+0000] {processor.py:186} INFO - Started process (PID=796) to work on /home/airflow/.local/lib/python3.12/site-packages/airflow/example_dags/example_branch_labels.py
[2025-02-13T00:07:07.398+0000] {processor.py:914} INFO - Processing file /home/airflow/.local/lib/python3.12/site-packages/airflow/example_dags/example_branch_labels.py for tasks to queue
[2025-02-13T00:07:07.401+0000] {logging_mixin.py:190} INFO - [2025-02-13T00:07:07.400+0000] {dagbag.py:588} INFO - Filling up the DagBag from /home/airflow/.local/lib/python3.12/site-packages/airflow/example_dags/example_branch_labels.py
[2025-02-13T00:07:07.414+0000] {processor.py:925} INFO - DAG(s) 'example_branch_labels' retrieved from /home/airflow/.local/lib/python3.12/site-packages/airflow/example_dags/example_branch_labels.py
[2025-02-13T00:07:07.443+0000] {logging_mixin.py:190} INFO - [2025-02-13T00:07:07.443+0000] {dag.py:3239} INFO - Sync 1 DAGs
[2025-02-13T00:07:07.473+0000] {logging_mixin.py:190} INFO - [2025-02-13T00:07:07.473+0000] {dag.py:4180} INFO - Setting next_dagrun for example_branch_labels to 2025-02-12 00:00:00+00:00, run_after=2025-02-13 00:00:00+00:00
[2025-02-13T00:07:07.493+0000] {processor.py:208} INFO - Processing /home/airflow/.local/lib/python3.12/site-packages/airflow/example_dags/example_branch_labels.py took 0.104 seconds
[2025-02-13T00:07:38.395+0000] {processor.py:186} INFO - Started process (PID=854) to work on /home/airflow/.local/lib/python3.12/site-packages/airflow/example_dags/example_branch_labels.py
[2025-02-13T00:07:38.396+0000] {processor.py:914} INFO - Processing file /home/airflow/.local/lib/python3.12/site-packages/airflow/example_dags/example_branch_labels.py for tasks to queue
[2025-02-13T00:07:38.400+0000] {logging_mixin.py:190} INFO - [2025-02-13T00:07:38.400+0000] {dagbag.py:588} INFO - Filling up the DagBag from /home/airflow/.local/lib/python3.12/site-packages/airflow/example_dags/example_branch_labels.py
[2025-02-13T00:07:38.421+0000] {processor.py:925} INFO - DAG(s) 'example_branch_labels' retrieved from /home/airflow/.local/lib/python3.12/site-packages/airflow/example_dags/example_branch_labels.py
[2025-02-13T00:07:38.464+0000] {logging_mixin.py:190} INFO - [2025-02-13T00:07:38.463+0000] {dag.py:3239} INFO - Sync 1 DAGs
[2025-02-13T00:07:38.486+0000] {logging_mixin.py:190} INFO - [2025-02-13T00:07:38.486+0000] {dag.py:4180} INFO - Setting next_dagrun for example_branch_labels to 2025-02-12 00:00:00+00:00, run_after=2025-02-13 00:00:00+00:00
[2025-02-13T00:07:38.499+0000] {processor.py:208} INFO - Processing /home/airflow/.local/lib/python3.12/site-packages/airflow/example_dags/example_branch_labels.py took 0.114 seconds
[2025-02-13T00:08:08.633+0000] {processor.py:186} INFO - Started process (PID=912) to work on /home/airflow/.local/lib/python3.12/site-packages/airflow/example_dags/example_branch_labels.py
[2025-02-13T00:08:08.634+0000] {processor.py:914} INFO - Processing file /home/airflow/.local/lib/python3.12/site-packages/airflow/example_dags/example_branch_labels.py for tasks to queue
[2025-02-13T00:08:08.637+0000] {logging_mixin.py:190} INFO - [2025-02-13T00:08:08.636+0000] {dagbag.py:588} INFO - Filling up the DagBag from /home/airflow/.local/lib/python3.12/site-packages/airflow/example_dags/example_branch_labels.py
[2025-02-13T00:08:08.648+0000] {processor.py:925} INFO - DAG(s) 'example_branch_labels' retrieved from /home/airflow/.local/lib/python3.12/site-packages/airflow/example_dags/example_branch_labels.py
[2025-02-13T00:08:08.678+0000] {logging_mixin.py:190} INFO - [2025-02-13T00:08:08.677+0000] {dag.py:3239} INFO - Sync 1 DAGs
[2025-02-13T00:08:08.757+0000] {logging_mixin.py:190} INFO - [2025-02-13T00:08:08.757+0000] {dag.py:4180} INFO - Setting next_dagrun for example_branch_labels to 2025-02-12 00:00:00+00:00, run_after=2025-02-13 00:00:00+00:00
[2025-02-13T00:08:08.775+0000] {processor.py:208} INFO - Processing /home/airflow/.local/lib/python3.12/site-packages/airflow/example_dags/example_branch_labels.py took 0.149 seconds
[2025-02-13T00:08:38.870+0000] {processor.py:186} INFO - Started process (PID=970) to work on /home/airflow/.local/lib/python3.12/site-packages/airflow/example_dags/example_branch_labels.py
[2025-02-13T00:08:38.871+0000] {processor.py:914} INFO - Processing file /home/airflow/.local/lib/python3.12/site-packages/airflow/example_dags/example_branch_labels.py for tasks to queue
[2025-02-13T00:08:38.874+0000] {logging_mixin.py:190} INFO - [2025-02-13T00:08:38.874+0000] {dagbag.py:588} INFO - Filling up the DagBag from /home/airflow/.local/lib/python3.12/site-packages/airflow/example_dags/example_branch_labels.py
[2025-02-13T00:08:38.886+0000] {processor.py:925} INFO - DAG(s) 'example_branch_labels' retrieved from /home/airflow/.local/lib/python3.12/site-packages/airflow/example_dags/example_branch_labels.py
[2025-02-13T00:08:38.910+0000] {logging_mixin.py:190} INFO - [2025-02-13T00:08:38.909+0000] {dag.py:3239} INFO - Sync 1 DAGs
[2025-02-13T00:08:38.941+0000] {logging_mixin.py:190} INFO - [2025-02-13T00:08:38.940+0000] {dag.py:4180} INFO - Setting next_dagrun for example_branch_labels to 2025-02-12 00:00:00+00:00, run_after=2025-02-13 00:00:00+00:00
[2025-02-13T00:08:38.957+0000] {processor.py:208} INFO - Processing /home/airflow/.local/lib/python3.12/site-packages/airflow/example_dags/example_branch_labels.py took 0.094 seconds
[2025-02-13T00:09:09.109+0000] {processor.py:186} INFO - Started process (PID=1028) to work on /home/airflow/.local/lib/python3.12/site-packages/airflow/example_dags/example_branch_labels.py
[2025-02-13T00:09:09.110+0000] {processor.py:914} INFO - Processing file /home/airflow/.local/lib/python3.12/site-packages/airflow/example_dags/example_branch_labels.py for tasks to queue
[2025-02-13T00:09:09.115+0000] {logging_mixin.py:190} INFO - [2025-02-13T00:09:09.113+0000] {dagbag.py:588} INFO - Filling up the DagBag from /home/airflow/.local/lib/python3.12/site-packages/airflow/example_dags/example_branch_labels.py
[2025-02-13T00:09:09.132+0000] {processor.py:925} INFO - DAG(s) 'example_branch_labels' retrieved from /home/airflow/.local/lib/python3.12/site-packages/airflow/example_dags/example_branch_labels.py
[2025-02-13T00:09:09.148+0000] {logging_mixin.py:190} INFO - [2025-02-13T00:09:09.148+0000] {dag.py:3239} INFO - Sync 1 DAGs
[2025-02-13T00:09:09.169+0000] {logging_mixin.py:190} INFO - [2025-02-13T00:09:09.169+0000] {dag.py:4180} INFO - Setting next_dagrun for example_branch_labels to 2025-02-12 00:00:00+00:00, run_after=2025-02-13 00:00:00+00:00
[2025-02-13T00:09:09.182+0000] {processor.py:208} INFO - Processing /home/airflow/.local/lib/python3.12/site-packages/airflow/example_dags/example_branch_labels.py took 0.082 seconds
[2025-02-13T00:09:39.365+0000] {processor.py:186} INFO - Started process (PID=1086) to work on /home/airflow/.local/lib/python3.12/site-packages/airflow/example_dags/example_branch_labels.py
[2025-02-13T00:09:39.366+0000] {processor.py:914} INFO - Processing file /home/airflow/.local/lib/python3.12/site-packages/airflow/example_dags/example_branch_labels.py for tasks to queue
[2025-02-13T00:09:39.368+0000] {logging_mixin.py:190} INFO - [2025-02-13T00:09:39.367+0000] {dagbag.py:588} INFO - Filling up the DagBag from /home/airflow/.local/lib/python3.12/site-packages/airflow/example_dags/example_branch_labels.py
[2025-02-13T00:09:39.375+0000] {processor.py:925} INFO - DAG(s) 'example_branch_labels' retrieved from /home/airflow/.local/lib/python3.12/site-packages/airflow/example_dags/example_branch_labels.py
[2025-02-13T00:09:39.391+0000] {logging_mixin.py:190} INFO - [2025-02-13T00:09:39.391+0000] {dag.py:3239} INFO - Sync 1 DAGs
[2025-02-13T00:09:39.415+0000] {logging_mixin.py:190} INFO - [2025-02-13T00:09:39.415+0000] {dag.py:4180} INFO - Setting next_dagrun for example_branch_labels to 2025-02-12 00:00:00+00:00, run_after=2025-02-13 00:00:00+00:00
[2025-02-13T00:09:39.434+0000] {processor.py:208} INFO - Processing /home/airflow/.local/lib/python3.12/site-packages/airflow/example_dags/example_branch_labels.py took 0.076 seconds
[2025-02-13T00:10:09.644+0000] {processor.py:186} INFO - Started process (PID=1144) to work on /home/airflow/.local/lib/python3.12/site-packages/airflow/example_dags/example_branch_labels.py
[2025-02-13T00:10:09.645+0000] {processor.py:914} INFO - Processing file /home/airflow/.local/lib/python3.12/site-packages/airflow/example_dags/example_branch_labels.py for tasks to queue
[2025-02-13T00:10:09.648+0000] {logging_mixin.py:190} INFO - [2025-02-13T00:10:09.647+0000] {dagbag.py:588} INFO - Filling up the DagBag from /home/airflow/.local/lib/python3.12/site-packages/airflow/example_dags/example_branch_labels.py
[2025-02-13T00:10:09.660+0000] {processor.py:925} INFO - DAG(s) 'example_branch_labels' retrieved from /home/airflow/.local/lib/python3.12/site-packages/airflow/example_dags/example_branch_labels.py
[2025-02-13T00:10:09.682+0000] {logging_mixin.py:190} INFO - [2025-02-13T00:10:09.682+0000] {dag.py:3239} INFO - Sync 1 DAGs
[2025-02-13T00:10:09.703+0000] {logging_mixin.py:190} INFO - [2025-02-13T00:10:09.703+0000] {dag.py:4180} INFO - Setting next_dagrun for example_branch_labels to 2025-02-12 00:00:00+00:00, run_after=2025-02-13 00:00:00+00:00
[2025-02-13T00:10:09.716+0000] {processor.py:208} INFO - Processing /home/airflow/.local/lib/python3.12/site-packages/airflow/example_dags/example_branch_labels.py took 0.079 seconds
[2025-02-13T00:10:39.934+0000] {processor.py:186} INFO - Started process (PID=1202) to work on /home/airflow/.local/lib/python3.12/site-packages/airflow/example_dags/example_branch_labels.py
[2025-02-13T00:10:39.935+0000] {processor.py:914} INFO - Processing file /home/airflow/.local/lib/python3.12/site-packages/airflow/example_dags/example_branch_labels.py for tasks to queue
[2025-02-13T00:10:39.937+0000] {logging_mixin.py:190} INFO - [2025-02-13T00:10:39.937+0000] {dagbag.py:588} INFO - Filling up the DagBag from /home/airflow/.local/lib/python3.12/site-packages/airflow/example_dags/example_branch_labels.py
[2025-02-13T00:10:39.945+0000] {processor.py:925} INFO - DAG(s) 'example_branch_labels' retrieved from /home/airflow/.local/lib/python3.12/site-packages/airflow/example_dags/example_branch_labels.py
[2025-02-13T00:10:39.962+0000] {logging_mixin.py:190} INFO - [2025-02-13T00:10:39.962+0000] {dag.py:3239} INFO - Sync 1 DAGs
[2025-02-13T00:10:39.982+0000] {logging_mixin.py:190} INFO - [2025-02-13T00:10:39.981+0000] {dag.py:4180} INFO - Setting next_dagrun for example_branch_labels to 2025-02-12 00:00:00+00:00, run_after=2025-02-13 00:00:00+00:00
[2025-02-13T00:10:39.996+0000] {processor.py:208} INFO - Processing /home/airflow/.local/lib/python3.12/site-packages/airflow/example_dags/example_branch_labels.py took 0.066 seconds
[2025-02-13T00:11:10.193+0000] {processor.py:186} INFO - Started process (PID=1260) to work on /home/airflow/.local/lib/python3.12/site-packages/airflow/example_dags/example_branch_labels.py
[2025-02-13T00:11:10.193+0000] {processor.py:914} INFO - Processing file /home/airflow/.local/lib/python3.12/site-packages/airflow/example_dags/example_branch_labels.py for tasks to queue
[2025-02-13T00:11:10.195+0000] {logging_mixin.py:190} INFO - [2025-02-13T00:11:10.195+0000] {dagbag.py:588} INFO - Filling up the DagBag from /home/airflow/.local/lib/python3.12/site-packages/airflow/example_dags/example_branch_labels.py
[2025-02-13T00:11:10.203+0000] {processor.py:925} INFO - DAG(s) 'example_branch_labels' retrieved from /home/airflow/.local/lib/python3.12/site-packages/airflow/example_dags/example_branch_labels.py
[2025-02-13T00:11:10.220+0000] {logging_mixin.py:190} INFO - [2025-02-13T00:11:10.220+0000] {dag.py:3239} INFO - Sync 1 DAGs
[2025-02-13T00:11:10.240+0000] {logging_mixin.py:190} INFO - [2025-02-13T00:11:10.240+0000] {dag.py:4180} INFO - Setting next_dagrun for example_branch_labels to 2025-02-12 00:00:00+00:00, run_after=2025-02-13 00:00:00+00:00
[2025-02-13T00:11:10.253+0000] {processor.py:208} INFO - Processing /home/airflow/.local/lib/python3.12/site-packages/airflow/example_dags/example_branch_labels.py took 0.066 seconds
[2025-02-13T00:11:40.658+0000] {processor.py:186} INFO - Started process (PID=1318) to work on /home/airflow/.local/lib/python3.12/site-packages/airflow/example_dags/example_branch_labels.py
[2025-02-13T00:11:40.659+0000] {processor.py:914} INFO - Processing file /home/airflow/.local/lib/python3.12/site-packages/airflow/example_dags/example_branch_labels.py for tasks to queue
[2025-02-13T00:11:40.661+0000] {logging_mixin.py:190} INFO - [2025-02-13T00:11:40.661+0000] {dagbag.py:588} INFO - Filling up the DagBag from /home/airflow/.local/lib/python3.12/site-packages/airflow/example_dags/example_branch_labels.py
[2025-02-13T00:11:40.669+0000] {processor.py:925} INFO - DAG(s) 'example_branch_labels' retrieved from /home/airflow/.local/lib/python3.12/site-packages/airflow/example_dags/example_branch_labels.py
[2025-02-13T00:11:40.686+0000] {logging_mixin.py:190} INFO - [2025-02-13T00:11:40.686+0000] {dag.py:3239} INFO - Sync 1 DAGs
[2025-02-13T00:11:40.725+0000] {logging_mixin.py:190} INFO - [2025-02-13T00:11:40.725+0000] {dag.py:4180} INFO - Setting next_dagrun for example_branch_labels to 2025-02-12 00:00:00+00:00, run_after=2025-02-13 00:00:00+00:00
[2025-02-13T00:11:40.781+0000] {processor.py:208} INFO - Processing /home/airflow/.local/lib/python3.12/site-packages/airflow/example_dags/example_branch_labels.py took 0.128 seconds
[2025-02-13T00:12:10.955+0000] {processor.py:186} INFO - Started process (PID=1376) to work on /home/airflow/.local/lib/python3.12/site-packages/airflow/example_dags/example_branch_labels.py
[2025-02-13T00:12:10.956+0000] {processor.py:914} INFO - Processing file /home/airflow/.local/lib/python3.12/site-packages/airflow/example_dags/example_branch_labels.py for tasks to queue
[2025-02-13T00:12:10.960+0000] {logging_mixin.py:190} INFO - [2025-02-13T00:12:10.960+0000] {dagbag.py:588} INFO - Filling up the DagBag from /home/airflow/.local/lib/python3.12/site-packages/airflow/example_dags/example_branch_labels.py
[2025-02-13T00:12:10.977+0000] {processor.py:925} INFO - DAG(s) 'example_branch_labels' retrieved from /home/airflow/.local/lib/python3.12/site-packages/airflow/example_dags/example_branch_labels.py
[2025-02-13T00:12:11.003+0000] {logging_mixin.py:190} INFO - [2025-02-13T00:12:11.002+0000] {dag.py:3239} INFO - Sync 1 DAGs
[2025-02-13T00:12:11.034+0000] {logging_mixin.py:190} INFO - [2025-02-13T00:12:11.033+0000] {dag.py:4180} INFO - Setting next_dagrun for example_branch_labels to 2025-02-12 00:00:00+00:00, run_after=2025-02-13 00:00:00+00:00
[2025-02-13T00:12:11.051+0000] {processor.py:208} INFO - Processing /home/airflow/.local/lib/python3.12/site-packages/airflow/example_dags/example_branch_labels.py took 0.120 seconds
[2025-02-13T00:12:41.490+0000] {processor.py:186} INFO - Started process (PID=1434) to work on /home/airflow/.local/lib/python3.12/site-packages/airflow/example_dags/example_branch_labels.py
[2025-02-13T00:12:41.492+0000] {processor.py:914} INFO - Processing file /home/airflow/.local/lib/python3.12/site-packages/airflow/example_dags/example_branch_labels.py for tasks to queue
[2025-02-13T00:12:41.495+0000] {logging_mixin.py:190} INFO - [2025-02-13T00:12:41.495+0000] {dagbag.py:588} INFO - Filling up the DagBag from /home/airflow/.local/lib/python3.12/site-packages/airflow/example_dags/example_branch_labels.py
[2025-02-13T00:12:41.505+0000] {processor.py:925} INFO - DAG(s) 'example_branch_labels' retrieved from /home/airflow/.local/lib/python3.12/site-packages/airflow/example_dags/example_branch_labels.py
[2025-02-13T00:12:41.521+0000] {logging_mixin.py:190} INFO - [2025-02-13T00:12:41.521+0000] {dag.py:3239} INFO - Sync 1 DAGs
[2025-02-13T00:12:41.541+0000] {logging_mixin.py:190} INFO - [2025-02-13T00:12:41.541+0000] {dag.py:4180} INFO - Setting next_dagrun for example_branch_labels to 2025-02-12 00:00:00+00:00, run_after=2025-02-13 00:00:00+00:00
[2025-02-13T00:12:41.554+0000] {processor.py:208} INFO - Processing /home/airflow/.local/lib/python3.12/site-packages/airflow/example_dags/example_branch_labels.py took 0.071 seconds
[2025-02-13T00:13:11.661+0000] {processor.py:186} INFO - Started process (PID=1492) to work on /home/airflow/.local/lib/python3.12/site-packages/airflow/example_dags/example_branch_labels.py
[2025-02-13T00:13:11.661+0000] {processor.py:914} INFO - Processing file /home/airflow/.local/lib/python3.12/site-packages/airflow/example_dags/example_branch_labels.py for tasks to queue
[2025-02-13T00:13:11.664+0000] {logging_mixin.py:190} INFO - [2025-02-13T00:13:11.663+0000] {dagbag.py:588} INFO - Filling up the DagBag from /home/airflow/.local/lib/python3.12/site-packages/airflow/example_dags/example_branch_labels.py
[2025-02-13T00:13:11.675+0000] {processor.py:925} INFO - DAG(s) 'example_branch_labels' retrieved from /home/airflow/.local/lib/python3.12/site-packages/airflow/example_dags/example_branch_labels.py
[2025-02-13T00:13:11.700+0000] {logging_mixin.py:190} INFO - [2025-02-13T00:13:11.700+0000] {dag.py:3239} INFO - Sync 1 DAGs
[2025-02-13T00:13:11.730+0000] {logging_mixin.py:190} INFO - [2025-02-13T00:13:11.730+0000] {dag.py:4180} INFO - Setting next_dagrun for example_branch_labels to 2025-02-12 00:00:00+00:00, run_after=2025-02-13 00:00:00+00:00
[2025-02-13T00:13:11.748+0000] {processor.py:208} INFO - Processing /home/airflow/.local/lib/python3.12/site-packages/airflow/example_dags/example_branch_labels.py took 0.095 seconds
[2025-02-13T00:13:41.779+0000] {processor.py:186} INFO - Started process (PID=1549) to work on /home/airflow/.local/lib/python3.12/site-packages/airflow/example_dags/example_branch_labels.py
[2025-02-13T00:13:41.780+0000] {processor.py:914} INFO - Processing file /home/airflow/.local/lib/python3.12/site-packages/airflow/example_dags/example_branch_labels.py for tasks to queue
[2025-02-13T00:13:41.782+0000] {logging_mixin.py:190} INFO - [2025-02-13T00:13:41.781+0000] {dagbag.py:588} INFO - Filling up the DagBag from /home/airflow/.local/lib/python3.12/site-packages/airflow/example_dags/example_branch_labels.py
[2025-02-13T00:13:41.789+0000] {processor.py:925} INFO - DAG(s) 'example_branch_labels' retrieved from /home/airflow/.local/lib/python3.12/site-packages/airflow/example_dags/example_branch_labels.py
[2025-02-13T00:13:41.806+0000] {logging_mixin.py:190} INFO - [2025-02-13T00:13:41.806+0000] {dag.py:3239} INFO - Sync 1 DAGs
[2025-02-13T00:13:41.826+0000] {logging_mixin.py:190} INFO - [2025-02-13T00:13:41.826+0000] {dag.py:4180} INFO - Setting next_dagrun for example_branch_labels to 2025-02-12 00:00:00+00:00, run_after=2025-02-13 00:00:00+00:00
[2025-02-13T00:13:41.840+0000] {processor.py:208} INFO - Processing /home/airflow/.local/lib/python3.12/site-packages/airflow/example_dags/example_branch_labels.py took 0.066 seconds
[2025-02-13T00:14:11.946+0000] {processor.py:186} INFO - Started process (PID=1607) to work on /home/airflow/.local/lib/python3.12/site-packages/airflow/example_dags/example_branch_labels.py
[2025-02-13T00:14:11.947+0000] {processor.py:914} INFO - Processing file /home/airflow/.local/lib/python3.12/site-packages/airflow/example_dags/example_branch_labels.py for tasks to queue
[2025-02-13T00:14:11.949+0000] {logging_mixin.py:190} INFO - [2025-02-13T00:14:11.949+0000] {dagbag.py:588} INFO - Filling up the DagBag from /home/airflow/.local/lib/python3.12/site-packages/airflow/example_dags/example_branch_labels.py
[2025-02-13T00:14:11.957+0000] {processor.py:925} INFO - DAG(s) 'example_branch_labels' retrieved from /home/airflow/.local/lib/python3.12/site-packages/airflow/example_dags/example_branch_labels.py
[2025-02-13T00:14:11.973+0000] {logging_mixin.py:190} INFO - [2025-02-13T00:14:11.973+0000] {dag.py:3239} INFO - Sync 1 DAGs
[2025-02-13T00:14:11.993+0000] {logging_mixin.py:190} INFO - [2025-02-13T00:14:11.992+0000] {dag.py:4180} INFO - Setting next_dagrun for example_branch_labels to 2025-02-12 00:00:00+00:00, run_after=2025-02-13 00:00:00+00:00
[2025-02-13T00:14:12.011+0000] {processor.py:208} INFO - Processing /home/airflow/.local/lib/python3.12/site-packages/airflow/example_dags/example_branch_labels.py took 0.071 seconds
[2025-02-13T00:14:42.315+0000] {processor.py:186} INFO - Started process (PID=1665) to work on /home/airflow/.local/lib/python3.12/site-packages/airflow/example_dags/example_branch_labels.py
[2025-02-13T00:14:42.316+0000] {processor.py:914} INFO - Processing file /home/airflow/.local/lib/python3.12/site-packages/airflow/example_dags/example_branch_labels.py for tasks to queue
[2025-02-13T00:14:42.324+0000] {logging_mixin.py:190} INFO - [2025-02-13T00:14:42.324+0000] {dagbag.py:588} INFO - Filling up the DagBag from /home/airflow/.local/lib/python3.12/site-packages/airflow/example_dags/example_branch_labels.py
[2025-02-13T00:14:42.341+0000] {processor.py:925} INFO - DAG(s) 'example_branch_labels' retrieved from /home/airflow/.local/lib/python3.12/site-packages/airflow/example_dags/example_branch_labels.py
[2025-02-13T00:14:42.362+0000] {logging_mixin.py:190} INFO - [2025-02-13T00:14:42.361+0000] {dag.py:3239} INFO - Sync 1 DAGs
[2025-02-13T00:14:42.382+0000] {logging_mixin.py:190} INFO - [2025-02-13T00:14:42.381+0000] {dag.py:4180} INFO - Setting next_dagrun for example_branch_labels to 2025-02-12 00:00:00+00:00, run_after=2025-02-13 00:00:00+00:00
[2025-02-13T00:14:42.395+0000] {processor.py:208} INFO - Processing /home/airflow/.local/lib/python3.12/site-packages/airflow/example_dags/example_branch_labels.py took 0.093 seconds
[2025-02-13T00:15:12.439+0000] {processor.py:186} INFO - Started process (PID=1723) to work on /home/airflow/.local/lib/python3.12/site-packages/airflow/example_dags/example_branch_labels.py
[2025-02-13T00:15:12.440+0000] {processor.py:914} INFO - Processing file /home/airflow/.local/lib/python3.12/site-packages/airflow/example_dags/example_branch_labels.py for tasks to queue
[2025-02-13T00:15:12.442+0000] {logging_mixin.py:190} INFO - [2025-02-13T00:15:12.442+0000] {dagbag.py:588} INFO - Filling up the DagBag from /home/airflow/.local/lib/python3.12/site-packages/airflow/example_dags/example_branch_labels.py
[2025-02-13T00:15:12.451+0000] {processor.py:925} INFO - DAG(s) 'example_branch_labels' retrieved from /home/airflow/.local/lib/python3.12/site-packages/airflow/example_dags/example_branch_labels.py
[2025-02-13T00:15:12.468+0000] {logging_mixin.py:190} INFO - [2025-02-13T00:15:12.467+0000] {dag.py:3239} INFO - Sync 1 DAGs
[2025-02-13T00:15:12.487+0000] {logging_mixin.py:190} INFO - [2025-02-13T00:15:12.487+0000] {dag.py:4180} INFO - Setting next_dagrun for example_branch_labels to 2025-02-12 00:00:00+00:00, run_after=2025-02-13 00:00:00+00:00
[2025-02-13T00:15:12.501+0000] {processor.py:208} INFO - Processing /home/airflow/.local/lib/python3.12/site-packages/airflow/example_dags/example_branch_labels.py took 0.068 seconds
[2025-02-13T00:15:42.629+0000] {processor.py:186} INFO - Started process (PID=1781) to work on /home/airflow/.local/lib/python3.12/site-packages/airflow/example_dags/example_branch_labels.py
[2025-02-13T00:15:42.629+0000] {processor.py:914} INFO - Processing file /home/airflow/.local/lib/python3.12/site-packages/airflow/example_dags/example_branch_labels.py for tasks to queue
[2025-02-13T00:15:42.631+0000] {logging_mixin.py:190} INFO - [2025-02-13T00:15:42.631+0000] {dagbag.py:588} INFO - Filling up the DagBag from /home/airflow/.local/lib/python3.12/site-packages/airflow/example_dags/example_branch_labels.py
[2025-02-13T00:15:42.639+0000] {processor.py:925} INFO - DAG(s) 'example_branch_labels' retrieved from /home/airflow/.local/lib/python3.12/site-packages/airflow/example_dags/example_branch_labels.py
[2025-02-13T00:15:42.655+0000] {logging_mixin.py:190} INFO - [2025-02-13T00:15:42.655+0000] {dag.py:3239} INFO - Sync 1 DAGs
[2025-02-13T00:15:42.674+0000] {logging_mixin.py:190} INFO - [2025-02-13T00:15:42.674+0000] {dag.py:4180} INFO - Setting next_dagrun for example_branch_labels to 2025-02-12 00:00:00+00:00, run_after=2025-02-13 00:00:00+00:00
[2025-02-13T00:15:42.687+0000] {processor.py:208} INFO - Processing /home/airflow/.local/lib/python3.12/site-packages/airflow/example_dags/example_branch_labels.py took 0.065 seconds
[2025-02-13T00:16:13.204+0000] {processor.py:186} INFO - Started process (PID=1839) to work on /home/airflow/.local/lib/python3.12/site-packages/airflow/example_dags/example_branch_labels.py
[2025-02-13T00:16:13.205+0000] {processor.py:914} INFO - Processing file /home/airflow/.local/lib/python3.12/site-packages/airflow/example_dags/example_branch_labels.py for tasks to queue
[2025-02-13T00:16:13.207+0000] {logging_mixin.py:190} INFO - [2025-02-13T00:16:13.207+0000] {dagbag.py:588} INFO - Filling up the DagBag from /home/airflow/.local/lib/python3.12/site-packages/airflow/example_dags/example_branch_labels.py
[2025-02-13T00:16:13.216+0000] {processor.py:925} INFO - DAG(s) 'example_branch_labels' retrieved from /home/airflow/.local/lib/python3.12/site-packages/airflow/example_dags/example_branch_labels.py
[2025-02-13T00:16:13.233+0000] {logging_mixin.py:190} INFO - [2025-02-13T00:16:13.233+0000] {dag.py:3239} INFO - Sync 1 DAGs
[2025-02-13T00:16:13.255+0000] {logging_mixin.py:190} INFO - [2025-02-13T00:16:13.255+0000] {dag.py:4180} INFO - Setting next_dagrun for example_branch_labels to 2025-02-12 00:00:00+00:00, run_after=2025-02-13 00:00:00+00:00
[2025-02-13T00:16:13.270+0000] {processor.py:208} INFO - Processing /home/airflow/.local/lib/python3.12/site-packages/airflow/example_dags/example_branch_labels.py took 0.071 seconds
[2025-02-13T00:16:44.218+0000] {processor.py:186} INFO - Started process (PID=1897) to work on /home/airflow/.local/lib/python3.12/site-packages/airflow/example_dags/example_branch_labels.py
[2025-02-13T00:16:44.219+0000] {processor.py:914} INFO - Processing file /home/airflow/.local/lib/python3.12/site-packages/airflow/example_dags/example_branch_labels.py for tasks to queue
[2025-02-13T00:16:44.221+0000] {logging_mixin.py:190} INFO - [2025-02-13T00:16:44.220+0000] {dagbag.py:588} INFO - Filling up the DagBag from /home/airflow/.local/lib/python3.12/site-packages/airflow/example_dags/example_branch_labels.py
[2025-02-13T00:16:44.229+0000] {processor.py:925} INFO - DAG(s) 'example_branch_labels' retrieved from /home/airflow/.local/lib/python3.12/site-packages/airflow/example_dags/example_branch_labels.py
[2025-02-13T00:16:44.245+0000] {logging_mixin.py:190} INFO - [2025-02-13T00:16:44.244+0000] {dag.py:3239} INFO - Sync 1 DAGs
[2025-02-13T00:16:44.265+0000] {logging_mixin.py:190} INFO - [2025-02-13T00:16:44.264+0000] {dag.py:4180} INFO - Setting next_dagrun for example_branch_labels to 2025-02-12 00:00:00+00:00, run_after=2025-02-13 00:00:00+00:00
[2025-02-13T00:16:44.278+0000] {processor.py:208} INFO - Processing /home/airflow/.local/lib/python3.12/site-packages/airflow/example_dags/example_branch_labels.py took 0.067 seconds
[2025-02-13T00:17:14.722+0000] {processor.py:186} INFO - Started process (PID=1955) to work on /home/airflow/.local/lib/python3.12/site-packages/airflow/example_dags/example_branch_labels.py
[2025-02-13T00:17:14.723+0000] {processor.py:914} INFO - Processing file /home/airflow/.local/lib/python3.12/site-packages/airflow/example_dags/example_branch_labels.py for tasks to queue
[2025-02-13T00:17:14.725+0000] {logging_mixin.py:190} INFO - [2025-02-13T00:17:14.725+0000] {dagbag.py:588} INFO - Filling up the DagBag from /home/airflow/.local/lib/python3.12/site-packages/airflow/example_dags/example_branch_labels.py
[2025-02-13T00:17:14.733+0000] {processor.py:925} INFO - DAG(s) 'example_branch_labels' retrieved from /home/airflow/.local/lib/python3.12/site-packages/airflow/example_dags/example_branch_labels.py
[2025-02-13T00:17:14.751+0000] {logging_mixin.py:190} INFO - [2025-02-13T00:17:14.751+0000] {dag.py:3239} INFO - Sync 1 DAGs
[2025-02-13T00:17:14.771+0000] {logging_mixin.py:190} INFO - [2025-02-13T00:17:14.771+0000] {dag.py:4180} INFO - Setting next_dagrun for example_branch_labels to 2025-02-12 00:00:00+00:00, run_after=2025-02-13 00:00:00+00:00
[2025-02-13T00:17:14.784+0000] {processor.py:208} INFO - Processing /home/airflow/.local/lib/python3.12/site-packages/airflow/example_dags/example_branch_labels.py took 0.069 seconds
[2025-02-13T00:17:45.037+0000] {processor.py:186} INFO - Started process (PID=2013) to work on /home/airflow/.local/lib/python3.12/site-packages/airflow/example_dags/example_branch_labels.py
[2025-02-13T00:17:45.038+0000] {processor.py:914} INFO - Processing file /home/airflow/.local/lib/python3.12/site-packages/airflow/example_dags/example_branch_labels.py for tasks to queue
[2025-02-13T00:17:45.040+0000] {logging_mixin.py:190} INFO - [2025-02-13T00:17:45.040+0000] {dagbag.py:588} INFO - Filling up the DagBag from /home/airflow/.local/lib/python3.12/site-packages/airflow/example_dags/example_branch_labels.py
[2025-02-13T00:17:45.048+0000] {processor.py:925} INFO - DAG(s) 'example_branch_labels' retrieved from /home/airflow/.local/lib/python3.12/site-packages/airflow/example_dags/example_branch_labels.py
[2025-02-13T00:17:45.064+0000] {logging_mixin.py:190} INFO - [2025-02-13T00:17:45.064+0000] {dag.py:3239} INFO - Sync 1 DAGs
[2025-02-13T00:17:45.084+0000] {logging_mixin.py:190} INFO - [2025-02-13T00:17:45.083+0000] {dag.py:4180} INFO - Setting next_dagrun for example_branch_labels to 2025-02-12 00:00:00+00:00, run_after=2025-02-13 00:00:00+00:00
[2025-02-13T00:17:45.096+0000] {processor.py:208} INFO - Processing /home/airflow/.local/lib/python3.12/site-packages/airflow/example_dags/example_branch_labels.py took 0.066 seconds
[2025-02-13T00:18:15.253+0000] {processor.py:186} INFO - Started process (PID=2071) to work on /home/airflow/.local/lib/python3.12/site-packages/airflow/example_dags/example_branch_labels.py
[2025-02-13T00:18:15.253+0000] {processor.py:914} INFO - Processing file /home/airflow/.local/lib/python3.12/site-packages/airflow/example_dags/example_branch_labels.py for tasks to queue
[2025-02-13T00:18:15.256+0000] {logging_mixin.py:190} INFO - [2025-02-13T00:18:15.256+0000] {dagbag.py:588} INFO - Filling up the DagBag from /home/airflow/.local/lib/python3.12/site-packages/airflow/example_dags/example_branch_labels.py
[2025-02-13T00:18:15.266+0000] {processor.py:925} INFO - DAG(s) 'example_branch_labels' retrieved from /home/airflow/.local/lib/python3.12/site-packages/airflow/example_dags/example_branch_labels.py
[2025-02-13T00:18:15.282+0000] {logging_mixin.py:190} INFO - [2025-02-13T00:18:15.282+0000] {dag.py:3239} INFO - Sync 1 DAGs
[2025-02-13T00:18:15.302+0000] {logging_mixin.py:190} INFO - [2025-02-13T00:18:15.302+0000] {dag.py:4180} INFO - Setting next_dagrun for example_branch_labels to 2025-02-12 00:00:00+00:00, run_after=2025-02-13 00:00:00+00:00
[2025-02-13T00:18:15.315+0000] {processor.py:208} INFO - Processing /home/airflow/.local/lib/python3.12/site-packages/airflow/example_dags/example_branch_labels.py took 0.068 seconds
[2025-02-13T00:18:45.487+0000] {processor.py:186} INFO - Started process (PID=2129) to work on /home/airflow/.local/lib/python3.12/site-packages/airflow/example_dags/example_branch_labels.py
[2025-02-13T00:18:45.488+0000] {processor.py:914} INFO - Processing file /home/airflow/.local/lib/python3.12/site-packages/airflow/example_dags/example_branch_labels.py for tasks to queue
[2025-02-13T00:18:45.489+0000] {logging_mixin.py:190} INFO - [2025-02-13T00:18:45.489+0000] {dagbag.py:588} INFO - Filling up the DagBag from /home/airflow/.local/lib/python3.12/site-packages/airflow/example_dags/example_branch_labels.py
[2025-02-13T00:18:45.498+0000] {processor.py:925} INFO - DAG(s) 'example_branch_labels' retrieved from /home/airflow/.local/lib/python3.12/site-packages/airflow/example_dags/example_branch_labels.py
[2025-02-13T00:18:45.515+0000] {logging_mixin.py:190} INFO - [2025-02-13T00:18:45.515+0000] {dag.py:3239} INFO - Sync 1 DAGs
[2025-02-13T00:18:45.535+0000] {logging_mixin.py:190} INFO - [2025-02-13T00:18:45.535+0000] {dag.py:4180} INFO - Setting next_dagrun for example_branch_labels to 2025-02-12 00:00:00+00:00, run_after=2025-02-13 00:00:00+00:00
[2025-02-13T00:18:45.548+0000] {processor.py:208} INFO - Processing /home/airflow/.local/lib/python3.12/site-packages/airflow/example_dags/example_branch_labels.py took 0.066 seconds
[2025-02-13T00:19:15.704+0000] {processor.py:186} INFO - Started process (PID=2187) to work on /home/airflow/.local/lib/python3.12/site-packages/airflow/example_dags/example_branch_labels.py
[2025-02-13T00:19:15.705+0000] {processor.py:914} INFO - Processing file /home/airflow/.local/lib/python3.12/site-packages/airflow/example_dags/example_branch_labels.py for tasks to queue
[2025-02-13T00:19:15.708+0000] {logging_mixin.py:190} INFO - [2025-02-13T00:19:15.707+0000] {dagbag.py:588} INFO - Filling up the DagBag from /home/airflow/.local/lib/python3.12/site-packages/airflow/example_dags/example_branch_labels.py
[2025-02-13T00:19:15.717+0000] {processor.py:925} INFO - DAG(s) 'example_branch_labels' retrieved from /home/airflow/.local/lib/python3.12/site-packages/airflow/example_dags/example_branch_labels.py
[2025-02-13T00:19:15.734+0000] {logging_mixin.py:190} INFO - [2025-02-13T00:19:15.733+0000] {dag.py:3239} INFO - Sync 1 DAGs
[2025-02-13T00:19:15.754+0000] {logging_mixin.py:190} INFO - [2025-02-13T00:19:15.754+0000] {dag.py:4180} INFO - Setting next_dagrun for example_branch_labels to 2025-02-12 00:00:00+00:00, run_after=2025-02-13 00:00:00+00:00
[2025-02-13T00:19:15.768+0000] {processor.py:208} INFO - Processing /home/airflow/.local/lib/python3.12/site-packages/airflow/example_dags/example_branch_labels.py took 0.071 seconds
[2025-02-13T00:19:45.982+0000] {processor.py:186} INFO - Started process (PID=2245) to work on /home/airflow/.local/lib/python3.12/site-packages/airflow/example_dags/example_branch_labels.py
[2025-02-13T00:19:45.982+0000] {processor.py:914} INFO - Processing file /home/airflow/.local/lib/python3.12/site-packages/airflow/example_dags/example_branch_labels.py for tasks to queue
[2025-02-13T00:19:45.985+0000] {logging_mixin.py:190} INFO - [2025-02-13T00:19:45.984+0000] {dagbag.py:588} INFO - Filling up the DagBag from /home/airflow/.local/lib/python3.12/site-packages/airflow/example_dags/example_branch_labels.py
[2025-02-13T00:19:45.994+0000] {processor.py:925} INFO - DAG(s) 'example_branch_labels' retrieved from /home/airflow/.local/lib/python3.12/site-packages/airflow/example_dags/example_branch_labels.py
[2025-02-13T00:19:46.010+0000] {logging_mixin.py:190} INFO - [2025-02-13T00:19:46.010+0000] {dag.py:3239} INFO - Sync 1 DAGs
[2025-02-13T00:19:46.031+0000] {logging_mixin.py:190} INFO - [2025-02-13T00:19:46.030+0000] {dag.py:4180} INFO - Setting next_dagrun for example_branch_labels to 2025-02-12 00:00:00+00:00, run_after=2025-02-13 00:00:00+00:00
[2025-02-13T00:19:46.044+0000] {processor.py:208} INFO - Processing /home/airflow/.local/lib/python3.12/site-packages/airflow/example_dags/example_branch_labels.py took 0.069 seconds
[2025-02-13T00:20:16.121+0000] {processor.py:186} INFO - Started process (PID=2303) to work on /home/airflow/.local/lib/python3.12/site-packages/airflow/example_dags/example_branch_labels.py
[2025-02-13T00:20:16.121+0000] {processor.py:914} INFO - Processing file /home/airflow/.local/lib/python3.12/site-packages/airflow/example_dags/example_branch_labels.py for tasks to queue
[2025-02-13T00:20:16.123+0000] {logging_mixin.py:190} INFO - [2025-02-13T00:20:16.123+0000] {dagbag.py:588} INFO - Filling up the DagBag from /home/airflow/.local/lib/python3.12/site-packages/airflow/example_dags/example_branch_labels.py
[2025-02-13T00:20:16.136+0000] {processor.py:925} INFO - DAG(s) 'example_branch_labels' retrieved from /home/airflow/.local/lib/python3.12/site-packages/airflow/example_dags/example_branch_labels.py
[2025-02-13T00:20:16.154+0000] {logging_mixin.py:190} INFO - [2025-02-13T00:20:16.154+0000] {dag.py:3239} INFO - Sync 1 DAGs
[2025-02-13T00:20:16.174+0000] {logging_mixin.py:190} INFO - [2025-02-13T00:20:16.174+0000] {dag.py:4180} INFO - Setting next_dagrun for example_branch_labels to 2025-02-12 00:00:00+00:00, run_after=2025-02-13 00:00:00+00:00
[2025-02-13T00:20:16.191+0000] {processor.py:208} INFO - Processing /home/airflow/.local/lib/python3.12/site-packages/airflow/example_dags/example_branch_labels.py took 0.077 seconds
[2025-02-13T00:20:47.211+0000] {processor.py:186} INFO - Started process (PID=2358) to work on /home/airflow/.local/lib/python3.12/site-packages/airflow/example_dags/example_branch_labels.py
[2025-02-13T00:20:47.212+0000] {processor.py:914} INFO - Processing file /home/airflow/.local/lib/python3.12/site-packages/airflow/example_dags/example_branch_labels.py for tasks to queue
[2025-02-13T00:20:47.215+0000] {logging_mixin.py:190} INFO - [2025-02-13T00:20:47.214+0000] {dagbag.py:588} INFO - Filling up the DagBag from /home/airflow/.local/lib/python3.12/site-packages/airflow/example_dags/example_branch_labels.py
[2025-02-13T00:20:47.226+0000] {processor.py:925} INFO - DAG(s) 'example_branch_labels' retrieved from /home/airflow/.local/lib/python3.12/site-packages/airflow/example_dags/example_branch_labels.py
[2025-02-13T00:20:47.250+0000] {logging_mixin.py:190} INFO - [2025-02-13T00:20:47.250+0000] {dag.py:3239} INFO - Sync 1 DAGs
[2025-02-13T00:20:47.280+0000] {logging_mixin.py:190} INFO - [2025-02-13T00:20:47.280+0000] {dag.py:4180} INFO - Setting next_dagrun for example_branch_labels to 2025-02-12 00:00:00+00:00, run_after=2025-02-13 00:00:00+00:00
[2025-02-13T00:20:47.298+0000] {processor.py:208} INFO - Processing /home/airflow/.local/lib/python3.12/site-packages/airflow/example_dags/example_branch_labels.py took 0.113 seconds
[2025-02-13T00:21:17.456+0000] {processor.py:186} INFO - Started process (PID=2416) to work on /home/airflow/.local/lib/python3.12/site-packages/airflow/example_dags/example_branch_labels.py
[2025-02-13T00:21:17.457+0000] {processor.py:914} INFO - Processing file /home/airflow/.local/lib/python3.12/site-packages/airflow/example_dags/example_branch_labels.py for tasks to queue
[2025-02-13T00:21:17.459+0000] {logging_mixin.py:190} INFO - [2025-02-13T00:21:17.459+0000] {dagbag.py:588} INFO - Filling up the DagBag from /home/airflow/.local/lib/python3.12/site-packages/airflow/example_dags/example_branch_labels.py
[2025-02-13T00:21:17.472+0000] {processor.py:925} INFO - DAG(s) 'example_branch_labels' retrieved from /home/airflow/.local/lib/python3.12/site-packages/airflow/example_dags/example_branch_labels.py
[2025-02-13T00:21:17.495+0000] {logging_mixin.py:190} INFO - [2025-02-13T00:21:17.494+0000] {dag.py:3239} INFO - Sync 1 DAGs
[2025-02-13T00:21:17.534+0000] {logging_mixin.py:190} INFO - [2025-02-13T00:21:17.534+0000] {dag.py:4180} INFO - Setting next_dagrun for example_branch_labels to 2025-02-12 00:00:00+00:00, run_after=2025-02-13 00:00:00+00:00
[2025-02-13T00:21:17.554+0000] {processor.py:208} INFO - Processing /home/airflow/.local/lib/python3.12/site-packages/airflow/example_dags/example_branch_labels.py took 0.105 seconds
[2025-02-13T00:21:48.882+0000] {processor.py:186} INFO - Started process (PID=2474) to work on /home/airflow/.local/lib/python3.12/site-packages/airflow/example_dags/example_branch_labels.py
[2025-02-13T00:21:48.883+0000] {processor.py:914} INFO - Processing file /home/airflow/.local/lib/python3.12/site-packages/airflow/example_dags/example_branch_labels.py for tasks to queue
[2025-02-13T00:21:48.885+0000] {logging_mixin.py:190} INFO - [2025-02-13T00:21:48.885+0000] {dagbag.py:588} INFO - Filling up the DagBag from /home/airflow/.local/lib/python3.12/site-packages/airflow/example_dags/example_branch_labels.py
[2025-02-13T00:21:48.897+0000] {processor.py:925} INFO - DAG(s) 'example_branch_labels' retrieved from /home/airflow/.local/lib/python3.12/site-packages/airflow/example_dags/example_branch_labels.py
[2025-02-13T00:21:48.921+0000] {logging_mixin.py:190} INFO - [2025-02-13T00:21:48.921+0000] {dag.py:3239} INFO - Sync 1 DAGs
[2025-02-13T00:21:48.952+0000] {logging_mixin.py:190} INFO - [2025-02-13T00:21:48.952+0000] {dag.py:4180} INFO - Setting next_dagrun for example_branch_labels to 2025-02-12 00:00:00+00:00, run_after=2025-02-13 00:00:00+00:00
[2025-02-13T00:21:48.970+0000] {processor.py:208} INFO - Processing /home/airflow/.local/lib/python3.12/site-packages/airflow/example_dags/example_branch_labels.py took 0.094 seconds
[2025-02-13T00:22:19.934+0000] {processor.py:186} INFO - Started process (PID=2531) to work on /home/airflow/.local/lib/python3.12/site-packages/airflow/example_dags/example_branch_labels.py
[2025-02-13T00:22:19.935+0000] {processor.py:914} INFO - Processing file /home/airflow/.local/lib/python3.12/site-packages/airflow/example_dags/example_branch_labels.py for tasks to queue
[2025-02-13T00:22:19.937+0000] {logging_mixin.py:190} INFO - [2025-02-13T00:22:19.937+0000] {dagbag.py:588} INFO - Filling up the DagBag from /home/airflow/.local/lib/python3.12/site-packages/airflow/example_dags/example_branch_labels.py
[2025-02-13T00:22:19.957+0000] {processor.py:925} INFO - DAG(s) 'example_branch_labels' retrieved from /home/airflow/.local/lib/python3.12/site-packages/airflow/example_dags/example_branch_labels.py
[2025-02-13T00:22:19.982+0000] {logging_mixin.py:190} INFO - [2025-02-13T00:22:19.981+0000] {dag.py:3239} INFO - Sync 1 DAGs
[2025-02-13T00:22:20.024+0000] {logging_mixin.py:190} INFO - [2025-02-13T00:22:20.023+0000] {dag.py:4180} INFO - Setting next_dagrun for example_branch_labels to 2025-02-12 00:00:00+00:00, run_after=2025-02-13 00:00:00+00:00
[2025-02-13T00:22:20.044+0000] {processor.py:208} INFO - Processing /home/airflow/.local/lib/python3.12/site-packages/airflow/example_dags/example_branch_labels.py took 0.117 seconds
[2025-02-13T00:22:50.103+0000] {processor.py:186} INFO - Started process (PID=2578) to work on /home/airflow/.local/lib/python3.12/site-packages/airflow/example_dags/example_branch_labels.py
[2025-02-13T00:22:50.106+0000] {processor.py:914} INFO - Processing file /home/airflow/.local/lib/python3.12/site-packages/airflow/example_dags/example_branch_labels.py for tasks to queue
[2025-02-13T00:22:50.109+0000] {logging_mixin.py:190} INFO - [2025-02-13T00:22:50.109+0000] {dagbag.py:588} INFO - Filling up the DagBag from /home/airflow/.local/lib/python3.12/site-packages/airflow/example_dags/example_branch_labels.py
[2025-02-13T00:22:50.124+0000] {processor.py:925} INFO - DAG(s) 'example_branch_labels' retrieved from /home/airflow/.local/lib/python3.12/site-packages/airflow/example_dags/example_branch_labels.py
[2025-02-13T00:22:50.149+0000] {logging_mixin.py:190} INFO - [2025-02-13T00:22:50.148+0000] {dag.py:3239} INFO - Sync 1 DAGs
[2025-02-13T00:22:50.180+0000] {logging_mixin.py:190} INFO - [2025-02-13T00:22:50.180+0000] {dag.py:4180} INFO - Setting next_dagrun for example_branch_labels to 2025-02-12 00:00:00+00:00, run_after=2025-02-13 00:00:00+00:00
[2025-02-13T00:22:50.199+0000] {processor.py:208} INFO - Processing /home/airflow/.local/lib/python3.12/site-packages/airflow/example_dags/example_branch_labels.py took 0.103 seconds
[2025-02-13T00:23:20.463+0000] {processor.py:186} INFO - Started process (PID=2636) to work on /home/airflow/.local/lib/python3.12/site-packages/airflow/example_dags/example_branch_labels.py
[2025-02-13T00:23:20.464+0000] {processor.py:914} INFO - Processing file /home/airflow/.local/lib/python3.12/site-packages/airflow/example_dags/example_branch_labels.py for tasks to queue
[2025-02-13T00:23:20.466+0000] {logging_mixin.py:190} INFO - [2025-02-13T00:23:20.466+0000] {dagbag.py:588} INFO - Filling up the DagBag from /home/airflow/.local/lib/python3.12/site-packages/airflow/example_dags/example_branch_labels.py
[2025-02-13T00:23:20.477+0000] {processor.py:925} INFO - DAG(s) 'example_branch_labels' retrieved from /home/airflow/.local/lib/python3.12/site-packages/airflow/example_dags/example_branch_labels.py
[2025-02-13T00:23:20.501+0000] {logging_mixin.py:190} INFO - [2025-02-13T00:23:20.500+0000] {dag.py:3239} INFO - Sync 1 DAGs
[2025-02-13T00:23:20.531+0000] {logging_mixin.py:190} INFO - [2025-02-13T00:23:20.531+0000] {dag.py:4180} INFO - Setting next_dagrun for example_branch_labels to 2025-02-12 00:00:00+00:00, run_after=2025-02-13 00:00:00+00:00
[2025-02-13T00:23:20.549+0000] {processor.py:208} INFO - Processing /home/airflow/.local/lib/python3.12/site-packages/airflow/example_dags/example_branch_labels.py took 0.093 seconds
[2025-02-13T00:23:50.713+0000] {processor.py:186} INFO - Started process (PID=2694) to work on /home/airflow/.local/lib/python3.12/site-packages/airflow/example_dags/example_branch_labels.py
[2025-02-13T00:23:50.713+0000] {processor.py:914} INFO - Processing file /home/airflow/.local/lib/python3.12/site-packages/airflow/example_dags/example_branch_labels.py for tasks to queue
[2025-02-13T00:23:50.715+0000] {logging_mixin.py:190} INFO - [2025-02-13T00:23:50.715+0000] {dagbag.py:588} INFO - Filling up the DagBag from /home/airflow/.local/lib/python3.12/site-packages/airflow/example_dags/example_branch_labels.py
[2025-02-13T00:23:50.723+0000] {processor.py:925} INFO - DAG(s) 'example_branch_labels' retrieved from /home/airflow/.local/lib/python3.12/site-packages/airflow/example_dags/example_branch_labels.py
[2025-02-13T00:23:50.740+0000] {logging_mixin.py:190} INFO - [2025-02-13T00:23:50.739+0000] {dag.py:3239} INFO - Sync 1 DAGs
[2025-02-13T00:23:50.759+0000] {logging_mixin.py:190} INFO - [2025-02-13T00:23:50.759+0000] {dag.py:4180} INFO - Setting next_dagrun for example_branch_labels to 2025-02-12 00:00:00+00:00, run_after=2025-02-13 00:00:00+00:00
[2025-02-13T00:23:50.773+0000] {processor.py:208} INFO - Processing /home/airflow/.local/lib/python3.12/site-packages/airflow/example_dags/example_branch_labels.py took 0.066 seconds
[2025-02-13T00:24:21.011+0000] {processor.py:186} INFO - Started process (PID=2752) to work on /home/airflow/.local/lib/python3.12/site-packages/airflow/example_dags/example_branch_labels.py
[2025-02-13T00:24:21.011+0000] {processor.py:914} INFO - Processing file /home/airflow/.local/lib/python3.12/site-packages/airflow/example_dags/example_branch_labels.py for tasks to queue
[2025-02-13T00:24:21.013+0000] {logging_mixin.py:190} INFO - [2025-02-13T00:24:21.013+0000] {dagbag.py:588} INFO - Filling up the DagBag from /home/airflow/.local/lib/python3.12/site-packages/airflow/example_dags/example_branch_labels.py
[2025-02-13T00:24:21.021+0000] {processor.py:925} INFO - DAG(s) 'example_branch_labels' retrieved from /home/airflow/.local/lib/python3.12/site-packages/airflow/example_dags/example_branch_labels.py
[2025-02-13T00:24:21.037+0000] {logging_mixin.py:190} INFO - [2025-02-13T00:24:21.037+0000] {dag.py:3239} INFO - Sync 1 DAGs
[2025-02-13T00:24:21.057+0000] {logging_mixin.py:190} INFO - [2025-02-13T00:24:21.057+0000] {dag.py:4180} INFO - Setting next_dagrun for example_branch_labels to 2025-02-12 00:00:00+00:00, run_after=2025-02-13 00:00:00+00:00
[2025-02-13T00:24:21.071+0000] {processor.py:208} INFO - Processing /home/airflow/.local/lib/python3.12/site-packages/airflow/example_dags/example_branch_labels.py took 0.066 seconds
[2025-02-13T00:24:51.274+0000] {processor.py:186} INFO - Started process (PID=2810) to work on /home/airflow/.local/lib/python3.12/site-packages/airflow/example_dags/example_branch_labels.py
[2025-02-13T00:24:51.275+0000] {processor.py:914} INFO - Processing file /home/airflow/.local/lib/python3.12/site-packages/airflow/example_dags/example_branch_labels.py for tasks to queue
[2025-02-13T00:24:51.277+0000] {logging_mixin.py:190} INFO - [2025-02-13T00:24:51.277+0000] {dagbag.py:588} INFO - Filling up the DagBag from /home/airflow/.local/lib/python3.12/site-packages/airflow/example_dags/example_branch_labels.py
[2025-02-13T00:24:51.286+0000] {processor.py:925} INFO - DAG(s) 'example_branch_labels' retrieved from /home/airflow/.local/lib/python3.12/site-packages/airflow/example_dags/example_branch_labels.py
[2025-02-13T00:24:51.305+0000] {logging_mixin.py:190} INFO - [2025-02-13T00:24:51.305+0000] {dag.py:3239} INFO - Sync 1 DAGs
[2025-02-13T00:24:51.337+0000] {logging_mixin.py:190} INFO - [2025-02-13T00:24:51.337+0000] {dag.py:4180} INFO - Setting next_dagrun for example_branch_labels to 2025-02-12 00:00:00+00:00, run_after=2025-02-13 00:00:00+00:00
[2025-02-13T00:24:51.360+0000] {processor.py:208} INFO - Processing /home/airflow/.local/lib/python3.12/site-packages/airflow/example_dags/example_branch_labels.py took 0.092 seconds
[2025-02-13T00:25:21.420+0000] {processor.py:186} INFO - Started process (PID=2868) to work on /home/airflow/.local/lib/python3.12/site-packages/airflow/example_dags/example_branch_labels.py
[2025-02-13T00:25:21.421+0000] {processor.py:914} INFO - Processing file /home/airflow/.local/lib/python3.12/site-packages/airflow/example_dags/example_branch_labels.py for tasks to queue
[2025-02-13T00:25:21.424+0000] {logging_mixin.py:190} INFO - [2025-02-13T00:25:21.423+0000] {dagbag.py:588} INFO - Filling up the DagBag from /home/airflow/.local/lib/python3.12/site-packages/airflow/example_dags/example_branch_labels.py
[2025-02-13T00:25:21.432+0000] {processor.py:925} INFO - DAG(s) 'example_branch_labels' retrieved from /home/airflow/.local/lib/python3.12/site-packages/airflow/example_dags/example_branch_labels.py
[2025-02-13T00:25:21.449+0000] {logging_mixin.py:190} INFO - [2025-02-13T00:25:21.449+0000] {dag.py:3239} INFO - Sync 1 DAGs
[2025-02-13T00:25:21.469+0000] {logging_mixin.py:190} INFO - [2025-02-13T00:25:21.468+0000] {dag.py:4180} INFO - Setting next_dagrun for example_branch_labels to 2025-02-12 00:00:00+00:00, run_after=2025-02-13 00:00:00+00:00
[2025-02-13T00:25:21.482+0000] {processor.py:208} INFO - Processing /home/airflow/.local/lib/python3.12/site-packages/airflow/example_dags/example_branch_labels.py took 0.069 seconds
[2025-02-13T00:25:51.763+0000] {processor.py:186} INFO - Started process (PID=2926) to work on /home/airflow/.local/lib/python3.12/site-packages/airflow/example_dags/example_branch_labels.py
[2025-02-13T00:25:51.763+0000] {processor.py:914} INFO - Processing file /home/airflow/.local/lib/python3.12/site-packages/airflow/example_dags/example_branch_labels.py for tasks to queue
[2025-02-13T00:25:51.766+0000] {logging_mixin.py:190} INFO - [2025-02-13T00:25:51.766+0000] {dagbag.py:588} INFO - Filling up the DagBag from /home/airflow/.local/lib/python3.12/site-packages/airflow/example_dags/example_branch_labels.py
[2025-02-13T00:25:51.774+0000] {processor.py:925} INFO - DAG(s) 'example_branch_labels' retrieved from /home/airflow/.local/lib/python3.12/site-packages/airflow/example_dags/example_branch_labels.py
[2025-02-13T00:25:51.790+0000] {logging_mixin.py:190} INFO - [2025-02-13T00:25:51.790+0000] {dag.py:3239} INFO - Sync 1 DAGs
[2025-02-13T00:25:51.811+0000] {logging_mixin.py:190} INFO - [2025-02-13T00:25:51.811+0000] {dag.py:4180} INFO - Setting next_dagrun for example_branch_labels to 2025-02-12 00:00:00+00:00, run_after=2025-02-13 00:00:00+00:00
[2025-02-13T00:25:51.824+0000] {processor.py:208} INFO - Processing /home/airflow/.local/lib/python3.12/site-packages/airflow/example_dags/example_branch_labels.py took 0.067 seconds
[2025-02-13T00:26:22.236+0000] {processor.py:186} INFO - Started process (PID=2984) to work on /home/airflow/.local/lib/python3.12/site-packages/airflow/example_dags/example_branch_labels.py
[2025-02-13T00:26:22.237+0000] {processor.py:914} INFO - Processing file /home/airflow/.local/lib/python3.12/site-packages/airflow/example_dags/example_branch_labels.py for tasks to queue
[2025-02-13T00:26:22.239+0000] {logging_mixin.py:190} INFO - [2025-02-13T00:26:22.238+0000] {dagbag.py:588} INFO - Filling up the DagBag from /home/airflow/.local/lib/python3.12/site-packages/airflow/example_dags/example_branch_labels.py
[2025-02-13T00:26:22.247+0000] {processor.py:925} INFO - DAG(s) 'example_branch_labels' retrieved from /home/airflow/.local/lib/python3.12/site-packages/airflow/example_dags/example_branch_labels.py
[2025-02-13T00:26:22.263+0000] {logging_mixin.py:190} INFO - [2025-02-13T00:26:22.263+0000] {dag.py:3239} INFO - Sync 1 DAGs
[2025-02-13T00:26:22.283+0000] {logging_mixin.py:190} INFO - [2025-02-13T00:26:22.283+0000] {dag.py:4180} INFO - Setting next_dagrun for example_branch_labels to 2025-02-12 00:00:00+00:00, run_after=2025-02-13 00:00:00+00:00
[2025-02-13T00:26:22.296+0000] {processor.py:208} INFO - Processing /home/airflow/.local/lib/python3.12/site-packages/airflow/example_dags/example_branch_labels.py took 0.067 seconds
[2025-02-13T00:26:52.472+0000] {processor.py:186} INFO - Started process (PID=3042) to work on /home/airflow/.local/lib/python3.12/site-packages/airflow/example_dags/example_branch_labels.py
[2025-02-13T00:26:52.473+0000] {processor.py:914} INFO - Processing file /home/airflow/.local/lib/python3.12/site-packages/airflow/example_dags/example_branch_labels.py for tasks to queue
[2025-02-13T00:26:52.481+0000] {logging_mixin.py:190} INFO - [2025-02-13T00:26:52.480+0000] {dagbag.py:588} INFO - Filling up the DagBag from /home/airflow/.local/lib/python3.12/site-packages/airflow/example_dags/example_branch_labels.py
[2025-02-13T00:26:52.493+0000] {processor.py:925} INFO - DAG(s) 'example_branch_labels' retrieved from /home/airflow/.local/lib/python3.12/site-packages/airflow/example_dags/example_branch_labels.py
[2025-02-13T00:26:52.516+0000] {logging_mixin.py:190} INFO - [2025-02-13T00:26:52.516+0000] {dag.py:3239} INFO - Sync 1 DAGs
[2025-02-13T00:26:52.542+0000] {logging_mixin.py:190} INFO - [2025-02-13T00:26:52.541+0000] {dag.py:4180} INFO - Setting next_dagrun for example_branch_labels to 2025-02-12 00:00:00+00:00, run_after=2025-02-13 00:00:00+00:00
[2025-02-13T00:26:52.556+0000] {processor.py:208} INFO - Processing /home/airflow/.local/lib/python3.12/site-packages/airflow/example_dags/example_branch_labels.py took 0.096 seconds
[2025-02-13T00:27:23.014+0000] {processor.py:186} INFO - Started process (PID=3100) to work on /home/airflow/.local/lib/python3.12/site-packages/airflow/example_dags/example_branch_labels.py
[2025-02-13T00:27:23.015+0000] {processor.py:914} INFO - Processing file /home/airflow/.local/lib/python3.12/site-packages/airflow/example_dags/example_branch_labels.py for tasks to queue
[2025-02-13T00:27:23.017+0000] {logging_mixin.py:190} INFO - [2025-02-13T00:27:23.017+0000] {dagbag.py:588} INFO - Filling up the DagBag from /home/airflow/.local/lib/python3.12/site-packages/airflow/example_dags/example_branch_labels.py
[2025-02-13T00:27:23.025+0000] {processor.py:925} INFO - DAG(s) 'example_branch_labels' retrieved from /home/airflow/.local/lib/python3.12/site-packages/airflow/example_dags/example_branch_labels.py
[2025-02-13T00:27:23.042+0000] {logging_mixin.py:190} INFO - [2025-02-13T00:27:23.041+0000] {dag.py:3239} INFO - Sync 1 DAGs
[2025-02-13T00:27:23.061+0000] {logging_mixin.py:190} INFO - [2025-02-13T00:27:23.061+0000] {dag.py:4180} INFO - Setting next_dagrun for example_branch_labels to 2025-02-12 00:00:00+00:00, run_after=2025-02-13 00:00:00+00:00
[2025-02-13T00:27:23.075+0000] {processor.py:208} INFO - Processing /home/airflow/.local/lib/python3.12/site-packages/airflow/example_dags/example_branch_labels.py took 0.067 seconds
[2025-02-13T00:27:53.139+0000] {processor.py:186} INFO - Started process (PID=3158) to work on /home/airflow/.local/lib/python3.12/site-packages/airflow/example_dags/example_branch_labels.py
[2025-02-13T00:27:53.140+0000] {processor.py:914} INFO - Processing file /home/airflow/.local/lib/python3.12/site-packages/airflow/example_dags/example_branch_labels.py for tasks to queue
[2025-02-13T00:27:53.142+0000] {logging_mixin.py:190} INFO - [2025-02-13T00:27:53.142+0000] {dagbag.py:588} INFO - Filling up the DagBag from /home/airflow/.local/lib/python3.12/site-packages/airflow/example_dags/example_branch_labels.py
[2025-02-13T00:27:53.151+0000] {processor.py:925} INFO - DAG(s) 'example_branch_labels' retrieved from /home/airflow/.local/lib/python3.12/site-packages/airflow/example_dags/example_branch_labels.py
[2025-02-13T00:27:53.167+0000] {logging_mixin.py:190} INFO - [2025-02-13T00:27:53.167+0000] {dag.py:3239} INFO - Sync 1 DAGs
[2025-02-13T00:27:53.188+0000] {logging_mixin.py:190} INFO - [2025-02-13T00:27:53.187+0000] {dag.py:4180} INFO - Setting next_dagrun for example_branch_labels to 2025-02-12 00:00:00+00:00, run_after=2025-02-13 00:00:00+00:00
[2025-02-13T00:27:53.201+0000] {processor.py:208} INFO - Processing /home/airflow/.local/lib/python3.12/site-packages/airflow/example_dags/example_branch_labels.py took 0.067 seconds
