[2025-02-13T00:00:30.258+0000] {processor.py:186} INFO - Started process (PID=158) to work on /home/airflow/.local/lib/python3.12/site-packages/airflow/example_dags/example_bash_decorator.py
[2025-02-13T00:00:30.259+0000] {processor.py:914} INFO - Processing file /home/airflow/.local/lib/python3.12/site-packages/airflow/example_dags/example_bash_decorator.py for tasks to queue
[2025-02-13T00:00:30.274+0000] {logging_mixin.py:190} INFO - [2025-02-13T00:00:30.274+0000] {dagbag.py:588} INFO - Filling up the DagBag from /home/airflow/.local/lib/python3.12/site-packages/airflow/example_dags/example_bash_decorator.py
[2025-02-13T00:00:30.361+0000] {processor.py:925} INFO - DAG(s) 'example_bash_decorator' retrieved from /home/airflow/.local/lib/python3.12/site-packages/airflow/example_dags/example_bash_decorator.py
[2025-02-13T00:00:30.587+0000] {logging_mixin.py:190} INFO - [2025-02-13T00:00:30.586+0000] {dag.py:3239} INFO - Sync 1 DAGs
[2025-02-13T00:00:30.607+0000] {logging_mixin.py:190} INFO - [2025-02-13T00:00:30.607+0000] {dag.py:4180} INFO - Setting next_dagrun for example_bash_decorator to None, run_after=None
[2025-02-13T00:00:31.396+0000] {processor.py:208} INFO - Processing /home/airflow/.local/lib/python3.12/site-packages/airflow/example_dags/example_bash_decorator.py took 1.146 seconds
[2025-02-13T00:01:18.924+0000] {processor.py:186} INFO - Started process (PID=216) to work on /home/airflow/.local/lib/python3.12/site-packages/airflow/example_dags/example_bash_decorator.py
[2025-02-13T00:01:18.935+0000] {processor.py:914} INFO - Processing file /home/airflow/.local/lib/python3.12/site-packages/airflow/example_dags/example_bash_decorator.py for tasks to queue
[2025-02-13T00:01:18.938+0000] {logging_mixin.py:190} INFO - [2025-02-13T00:01:18.937+0000] {dagbag.py:588} INFO - Filling up the DagBag from /home/airflow/.local/lib/python3.12/site-packages/airflow/example_dags/example_bash_decorator.py
[2025-02-13T00:01:18.976+0000] {processor.py:925} INFO - DAG(s) 'example_bash_decorator' retrieved from /home/airflow/.local/lib/python3.12/site-packages/airflow/example_dags/example_bash_decorator.py
[2025-02-13T00:01:19.038+0000] {logging_mixin.py:190} INFO - [2025-02-13T00:01:19.038+0000] {dag.py:3239} INFO - Sync 1 DAGs
[2025-02-13T00:01:19.103+0000] {logging_mixin.py:190} INFO - [2025-02-13T00:01:19.102+0000] {dag.py:4180} INFO - Setting next_dagrun for example_bash_decorator to None, run_after=None
[2025-02-13T00:01:19.188+0000] {processor.py:208} INFO - Processing /home/airflow/.local/lib/python3.12/site-packages/airflow/example_dags/example_bash_decorator.py took 0.275 seconds
[2025-02-13T00:02:00.563+0000] {processor.py:186} INFO - Started process (PID=267) to work on /home/airflow/.local/lib/python3.12/site-packages/airflow/example_dags/example_bash_decorator.py
[2025-02-13T00:02:00.576+0000] {processor.py:914} INFO - Processing file /home/airflow/.local/lib/python3.12/site-packages/airflow/example_dags/example_bash_decorator.py for tasks to queue
[2025-02-13T00:02:00.582+0000] {logging_mixin.py:190} INFO - [2025-02-13T00:02:00.581+0000] {dagbag.py:588} INFO - Filling up the DagBag from /home/airflow/.local/lib/python3.12/site-packages/airflow/example_dags/example_bash_decorator.py
[2025-02-13T00:02:00.656+0000] {processor.py:925} INFO - DAG(s) 'example_bash_decorator' retrieved from /home/airflow/.local/lib/python3.12/site-packages/airflow/example_dags/example_bash_decorator.py
[2025-02-13T00:02:00.810+0000] {logging_mixin.py:190} INFO - [2025-02-13T00:02:00.809+0000] {dag.py:3239} INFO - Sync 1 DAGs
[2025-02-13T00:02:00.845+0000] {logging_mixin.py:190} INFO - [2025-02-13T00:02:00.845+0000] {dag.py:4180} INFO - Setting next_dagrun for example_bash_decorator to None, run_after=None
[2025-02-13T00:02:02.816+0000] {processor.py:208} INFO - Processing /home/airflow/.local/lib/python3.12/site-packages/airflow/example_dags/example_bash_decorator.py took 2.281 seconds
[2025-02-13T00:02:47.940+0000] {processor.py:186} INFO - Started process (PID=325) to work on /home/airflow/.local/lib/python3.12/site-packages/airflow/example_dags/example_bash_decorator.py
[2025-02-13T00:02:47.941+0000] {processor.py:914} INFO - Processing file /home/airflow/.local/lib/python3.12/site-packages/airflow/example_dags/example_bash_decorator.py for tasks to queue
[2025-02-13T00:02:47.943+0000] {logging_mixin.py:190} INFO - [2025-02-13T00:02:47.943+0000] {dagbag.py:588} INFO - Filling up the DagBag from /home/airflow/.local/lib/python3.12/site-packages/airflow/example_dags/example_bash_decorator.py
[2025-02-13T00:02:47.963+0000] {processor.py:925} INFO - DAG(s) 'example_bash_decorator' retrieved from /home/airflow/.local/lib/python3.12/site-packages/airflow/example_dags/example_bash_decorator.py
[2025-02-13T00:02:48.202+0000] {logging_mixin.py:190} INFO - [2025-02-13T00:02:48.201+0000] {dag.py:3239} INFO - Sync 1 DAGs
[2025-02-13T00:02:48.230+0000] {logging_mixin.py:190} INFO - [2025-02-13T00:02:48.230+0000] {dag.py:4180} INFO - Setting next_dagrun for example_bash_decorator to None, run_after=None
[2025-02-13T00:02:49.123+0000] {processor.py:208} INFO - Processing /home/airflow/.local/lib/python3.12/site-packages/airflow/example_dags/example_bash_decorator.py took 1.194 seconds
[2025-02-13T00:03:19.297+0000] {processor.py:186} INFO - Started process (PID=383) to work on /home/airflow/.local/lib/python3.12/site-packages/airflow/example_dags/example_bash_decorator.py
[2025-02-13T00:03:19.298+0000] {processor.py:914} INFO - Processing file /home/airflow/.local/lib/python3.12/site-packages/airflow/example_dags/example_bash_decorator.py for tasks to queue
[2025-02-13T00:03:19.300+0000] {logging_mixin.py:190} INFO - [2025-02-13T00:03:19.300+0000] {dagbag.py:588} INFO - Filling up the DagBag from /home/airflow/.local/lib/python3.12/site-packages/airflow/example_dags/example_bash_decorator.py
[2025-02-13T00:03:19.324+0000] {processor.py:925} INFO - DAG(s) 'example_bash_decorator' retrieved from /home/airflow/.local/lib/python3.12/site-packages/airflow/example_dags/example_bash_decorator.py
[2025-02-13T00:03:19.379+0000] {logging_mixin.py:190} INFO - [2025-02-13T00:03:19.379+0000] {dag.py:3239} INFO - Sync 1 DAGs
[2025-02-13T00:03:20.017+0000] {logging_mixin.py:190} INFO - [2025-02-13T00:03:20.017+0000] {dag.py:4180} INFO - Setting next_dagrun for example_bash_decorator to None, run_after=None
[2025-02-13T00:03:22.491+0000] {processor.py:208} INFO - Processing /home/airflow/.local/lib/python3.12/site-packages/airflow/example_dags/example_bash_decorator.py took 3.201 seconds
[2025-02-13T00:03:53.034+0000] {processor.py:186} INFO - Started process (PID=441) to work on /home/airflow/.local/lib/python3.12/site-packages/airflow/example_dags/example_bash_decorator.py
[2025-02-13T00:03:53.035+0000] {processor.py:914} INFO - Processing file /home/airflow/.local/lib/python3.12/site-packages/airflow/example_dags/example_bash_decorator.py for tasks to queue
[2025-02-13T00:03:53.038+0000] {logging_mixin.py:190} INFO - [2025-02-13T00:03:53.037+0000] {dagbag.py:588} INFO - Filling up the DagBag from /home/airflow/.local/lib/python3.12/site-packages/airflow/example_dags/example_bash_decorator.py
[2025-02-13T00:03:53.092+0000] {processor.py:925} INFO - DAG(s) 'example_bash_decorator' retrieved from /home/airflow/.local/lib/python3.12/site-packages/airflow/example_dags/example_bash_decorator.py
[2025-02-13T00:03:53.160+0000] {logging_mixin.py:190} INFO - [2025-02-13T00:03:53.160+0000] {dag.py:3239} INFO - Sync 1 DAGs
[2025-02-13T00:03:53.178+0000] {logging_mixin.py:190} INFO - [2025-02-13T00:03:53.178+0000] {dag.py:4180} INFO - Setting next_dagrun for example_bash_decorator to None, run_after=None
[2025-02-13T00:03:54.890+0000] {processor.py:208} INFO - Processing /home/airflow/.local/lib/python3.12/site-packages/airflow/example_dags/example_bash_decorator.py took 1.863 seconds
[2025-02-13T00:04:25.177+0000] {processor.py:186} INFO - Started process (PID=499) to work on /home/airflow/.local/lib/python3.12/site-packages/airflow/example_dags/example_bash_decorator.py
[2025-02-13T00:04:25.178+0000] {processor.py:914} INFO - Processing file /home/airflow/.local/lib/python3.12/site-packages/airflow/example_dags/example_bash_decorator.py for tasks to queue
[2025-02-13T00:04:25.184+0000] {logging_mixin.py:190} INFO - [2025-02-13T00:04:25.184+0000] {dagbag.py:588} INFO - Filling up the DagBag from /home/airflow/.local/lib/python3.12/site-packages/airflow/example_dags/example_bash_decorator.py
[2025-02-13T00:04:25.267+0000] {processor.py:925} INFO - DAG(s) 'example_bash_decorator' retrieved from /home/airflow/.local/lib/python3.12/site-packages/airflow/example_dags/example_bash_decorator.py
[2025-02-13T00:04:25.361+0000] {logging_mixin.py:190} INFO - [2025-02-13T00:04:25.361+0000] {dag.py:3239} INFO - Sync 1 DAGs
[2025-02-13T00:04:25.423+0000] {logging_mixin.py:190} INFO - [2025-02-13T00:04:25.422+0000] {dag.py:4180} INFO - Setting next_dagrun for example_bash_decorator to None, run_after=None
[2025-02-13T00:04:27.516+0000] {processor.py:208} INFO - Processing /home/airflow/.local/lib/python3.12/site-packages/airflow/example_dags/example_bash_decorator.py took 2.349 seconds
[2025-02-13T00:04:58.397+0000] {processor.py:186} INFO - Started process (PID=557) to work on /home/airflow/.local/lib/python3.12/site-packages/airflow/example_dags/example_bash_decorator.py
[2025-02-13T00:04:58.400+0000] {processor.py:914} INFO - Processing file /home/airflow/.local/lib/python3.12/site-packages/airflow/example_dags/example_bash_decorator.py for tasks to queue
[2025-02-13T00:04:58.402+0000] {logging_mixin.py:190} INFO - [2025-02-13T00:04:58.402+0000] {dagbag.py:588} INFO - Filling up the DagBag from /home/airflow/.local/lib/python3.12/site-packages/airflow/example_dags/example_bash_decorator.py
[2025-02-13T00:04:58.460+0000] {processor.py:925} INFO - DAG(s) 'example_bash_decorator' retrieved from /home/airflow/.local/lib/python3.12/site-packages/airflow/example_dags/example_bash_decorator.py
[2025-02-13T00:04:58.536+0000] {logging_mixin.py:190} INFO - [2025-02-13T00:04:58.535+0000] {dag.py:3239} INFO - Sync 1 DAGs
[2025-02-13T00:04:58.598+0000] {logging_mixin.py:190} INFO - [2025-02-13T00:04:58.597+0000] {dag.py:4180} INFO - Setting next_dagrun for example_bash_decorator to None, run_after=None
[2025-02-13T00:04:58.828+0000] {processor.py:208} INFO - Processing /home/airflow/.local/lib/python3.12/site-packages/airflow/example_dags/example_bash_decorator.py took 0.454 seconds
[2025-02-13T00:05:29.361+0000] {processor.py:186} INFO - Started process (PID=615) to work on /home/airflow/.local/lib/python3.12/site-packages/airflow/example_dags/example_bash_decorator.py
[2025-02-13T00:05:29.368+0000] {processor.py:914} INFO - Processing file /home/airflow/.local/lib/python3.12/site-packages/airflow/example_dags/example_bash_decorator.py for tasks to queue
[2025-02-13T00:05:29.371+0000] {logging_mixin.py:190} INFO - [2025-02-13T00:05:29.370+0000] {dagbag.py:588} INFO - Filling up the DagBag from /home/airflow/.local/lib/python3.12/site-packages/airflow/example_dags/example_bash_decorator.py
[2025-02-13T00:05:29.474+0000] {processor.py:925} INFO - DAG(s) 'example_bash_decorator' retrieved from /home/airflow/.local/lib/python3.12/site-packages/airflow/example_dags/example_bash_decorator.py
[2025-02-13T00:05:29.590+0000] {logging_mixin.py:190} INFO - [2025-02-13T00:05:29.589+0000] {dag.py:3239} INFO - Sync 1 DAGs
[2025-02-13T00:05:29.614+0000] {logging_mixin.py:190} INFO - [2025-02-13T00:05:29.614+0000] {dag.py:4180} INFO - Setting next_dagrun for example_bash_decorator to None, run_after=None
[2025-02-13T00:05:31.140+0000] {processor.py:208} INFO - Processing /home/airflow/.local/lib/python3.12/site-packages/airflow/example_dags/example_bash_decorator.py took 1.806 seconds
[2025-02-13T00:06:01.690+0000] {processor.py:186} INFO - Started process (PID=673) to work on /home/airflow/.local/lib/python3.12/site-packages/airflow/example_dags/example_bash_decorator.py
[2025-02-13T00:06:01.691+0000] {processor.py:914} INFO - Processing file /home/airflow/.local/lib/python3.12/site-packages/airflow/example_dags/example_bash_decorator.py for tasks to queue
[2025-02-13T00:06:01.693+0000] {logging_mixin.py:190} INFO - [2025-02-13T00:06:01.693+0000] {dagbag.py:588} INFO - Filling up the DagBag from /home/airflow/.local/lib/python3.12/site-packages/airflow/example_dags/example_bash_decorator.py
[2025-02-13T00:06:01.720+0000] {processor.py:925} INFO - DAG(s) 'example_bash_decorator' retrieved from /home/airflow/.local/lib/python3.12/site-packages/airflow/example_dags/example_bash_decorator.py
[2025-02-13T00:06:01.757+0000] {logging_mixin.py:190} INFO - [2025-02-13T00:06:01.757+0000] {dag.py:3239} INFO - Sync 1 DAGs
[2025-02-13T00:06:01.779+0000] {logging_mixin.py:190} INFO - [2025-02-13T00:06:01.779+0000] {dag.py:4180} INFO - Setting next_dagrun for example_bash_decorator to None, run_after=None
[2025-02-13T00:06:02.827+0000] {processor.py:208} INFO - Processing /home/airflow/.local/lib/python3.12/site-packages/airflow/example_dags/example_bash_decorator.py took 1.143 seconds
[2025-02-13T00:06:33.145+0000] {processor.py:186} INFO - Started process (PID=731) to work on /home/airflow/.local/lib/python3.12/site-packages/airflow/example_dags/example_bash_decorator.py
[2025-02-13T00:06:33.151+0000] {processor.py:914} INFO - Processing file /home/airflow/.local/lib/python3.12/site-packages/airflow/example_dags/example_bash_decorator.py for tasks to queue
[2025-02-13T00:06:33.154+0000] {logging_mixin.py:190} INFO - [2025-02-13T00:06:33.153+0000] {dagbag.py:588} INFO - Filling up the DagBag from /home/airflow/.local/lib/python3.12/site-packages/airflow/example_dags/example_bash_decorator.py
[2025-02-13T00:06:33.185+0000] {processor.py:925} INFO - DAG(s) 'example_bash_decorator' retrieved from /home/airflow/.local/lib/python3.12/site-packages/airflow/example_dags/example_bash_decorator.py
[2025-02-13T00:06:33.339+0000] {logging_mixin.py:190} INFO - [2025-02-13T00:06:33.339+0000] {dag.py:3239} INFO - Sync 1 DAGs
[2025-02-13T00:06:33.363+0000] {logging_mixin.py:190} INFO - [2025-02-13T00:06:33.362+0000] {dag.py:4180} INFO - Setting next_dagrun for example_bash_decorator to None, run_after=None
[2025-02-13T00:06:33.387+0000] {processor.py:208} INFO - Processing /home/airflow/.local/lib/python3.12/site-packages/airflow/example_dags/example_bash_decorator.py took 0.258 seconds
[2025-02-13T00:07:03.458+0000] {processor.py:186} INFO - Started process (PID=789) to work on /home/airflow/.local/lib/python3.12/site-packages/airflow/example_dags/example_bash_decorator.py
[2025-02-13T00:07:03.459+0000] {processor.py:914} INFO - Processing file /home/airflow/.local/lib/python3.12/site-packages/airflow/example_dags/example_bash_decorator.py for tasks to queue
[2025-02-13T00:07:03.463+0000] {logging_mixin.py:190} INFO - [2025-02-13T00:07:03.463+0000] {dagbag.py:588} INFO - Filling up the DagBag from /home/airflow/.local/lib/python3.12/site-packages/airflow/example_dags/example_bash_decorator.py
[2025-02-13T00:07:03.485+0000] {processor.py:925} INFO - DAG(s) 'example_bash_decorator' retrieved from /home/airflow/.local/lib/python3.12/site-packages/airflow/example_dags/example_bash_decorator.py
[2025-02-13T00:07:03.539+0000] {logging_mixin.py:190} INFO - [2025-02-13T00:07:03.538+0000] {dag.py:3239} INFO - Sync 1 DAGs
[2025-02-13T00:07:03.572+0000] {logging_mixin.py:190} INFO - [2025-02-13T00:07:03.572+0000] {dag.py:4180} INFO - Setting next_dagrun for example_bash_decorator to None, run_after=None
[2025-02-13T00:07:03.605+0000] {processor.py:208} INFO - Processing /home/airflow/.local/lib/python3.12/site-packages/airflow/example_dags/example_bash_decorator.py took 0.157 seconds
[2025-02-13T00:07:33.757+0000] {processor.py:186} INFO - Started process (PID=847) to work on /home/airflow/.local/lib/python3.12/site-packages/airflow/example_dags/example_bash_decorator.py
[2025-02-13T00:07:33.758+0000] {processor.py:914} INFO - Processing file /home/airflow/.local/lib/python3.12/site-packages/airflow/example_dags/example_bash_decorator.py for tasks to queue
[2025-02-13T00:07:33.760+0000] {logging_mixin.py:190} INFO - [2025-02-13T00:07:33.760+0000] {dagbag.py:588} INFO - Filling up the DagBag from /home/airflow/.local/lib/python3.12/site-packages/airflow/example_dags/example_bash_decorator.py
[2025-02-13T00:07:33.785+0000] {processor.py:925} INFO - DAG(s) 'example_bash_decorator' retrieved from /home/airflow/.local/lib/python3.12/site-packages/airflow/example_dags/example_bash_decorator.py
[2025-02-13T00:07:33.817+0000] {logging_mixin.py:190} INFO - [2025-02-13T00:07:33.817+0000] {dag.py:3239} INFO - Sync 1 DAGs
[2025-02-13T00:07:33.835+0000] {logging_mixin.py:190} INFO - [2025-02-13T00:07:33.835+0000] {dag.py:4180} INFO - Setting next_dagrun for example_bash_decorator to None, run_after=None
[2025-02-13T00:07:33.853+0000] {processor.py:208} INFO - Processing /home/airflow/.local/lib/python3.12/site-packages/airflow/example_dags/example_bash_decorator.py took 0.112 seconds
[2025-02-13T00:08:03.983+0000] {processor.py:186} INFO - Started process (PID=905) to work on /home/airflow/.local/lib/python3.12/site-packages/airflow/example_dags/example_bash_decorator.py
[2025-02-13T00:08:03.984+0000] {processor.py:914} INFO - Processing file /home/airflow/.local/lib/python3.12/site-packages/airflow/example_dags/example_bash_decorator.py for tasks to queue
[2025-02-13T00:08:03.989+0000] {logging_mixin.py:190} INFO - [2025-02-13T00:08:03.987+0000] {dagbag.py:588} INFO - Filling up the DagBag from /home/airflow/.local/lib/python3.12/site-packages/airflow/example_dags/example_bash_decorator.py
[2025-02-13T00:08:04.026+0000] {processor.py:925} INFO - DAG(s) 'example_bash_decorator' retrieved from /home/airflow/.local/lib/python3.12/site-packages/airflow/example_dags/example_bash_decorator.py
[2025-02-13T00:08:04.059+0000] {logging_mixin.py:190} INFO - [2025-02-13T00:08:04.059+0000] {dag.py:3239} INFO - Sync 1 DAGs
[2025-02-13T00:08:04.117+0000] {logging_mixin.py:190} INFO - [2025-02-13T00:08:04.117+0000] {dag.py:4180} INFO - Setting next_dagrun for example_bash_decorator to None, run_after=None
[2025-02-13T00:08:04.171+0000] {processor.py:208} INFO - Processing /home/airflow/.local/lib/python3.12/site-packages/airflow/example_dags/example_bash_decorator.py took 0.197 seconds
[2025-02-13T00:08:34.408+0000] {processor.py:186} INFO - Started process (PID=963) to work on /home/airflow/.local/lib/python3.12/site-packages/airflow/example_dags/example_bash_decorator.py
[2025-02-13T00:08:34.409+0000] {processor.py:914} INFO - Processing file /home/airflow/.local/lib/python3.12/site-packages/airflow/example_dags/example_bash_decorator.py for tasks to queue
[2025-02-13T00:08:34.411+0000] {logging_mixin.py:190} INFO - [2025-02-13T00:08:34.411+0000] {dagbag.py:588} INFO - Filling up the DagBag from /home/airflow/.local/lib/python3.12/site-packages/airflow/example_dags/example_bash_decorator.py
[2025-02-13T00:08:34.432+0000] {processor.py:925} INFO - DAG(s) 'example_bash_decorator' retrieved from /home/airflow/.local/lib/python3.12/site-packages/airflow/example_dags/example_bash_decorator.py
[2025-02-13T00:08:34.462+0000] {logging_mixin.py:190} INFO - [2025-02-13T00:08:34.462+0000] {dag.py:3239} INFO - Sync 1 DAGs
[2025-02-13T00:08:34.482+0000] {logging_mixin.py:190} INFO - [2025-02-13T00:08:34.481+0000] {dag.py:4180} INFO - Setting next_dagrun for example_bash_decorator to None, run_after=None
[2025-02-13T00:08:34.532+0000] {processor.py:208} INFO - Processing /home/airflow/.local/lib/python3.12/site-packages/airflow/example_dags/example_bash_decorator.py took 0.131 seconds
[2025-02-13T00:09:04.751+0000] {processor.py:186} INFO - Started process (PID=1021) to work on /home/airflow/.local/lib/python3.12/site-packages/airflow/example_dags/example_bash_decorator.py
[2025-02-13T00:09:04.752+0000] {processor.py:914} INFO - Processing file /home/airflow/.local/lib/python3.12/site-packages/airflow/example_dags/example_bash_decorator.py for tasks to queue
[2025-02-13T00:09:04.754+0000] {logging_mixin.py:190} INFO - [2025-02-13T00:09:04.754+0000] {dagbag.py:588} INFO - Filling up the DagBag from /home/airflow/.local/lib/python3.12/site-packages/airflow/example_dags/example_bash_decorator.py
[2025-02-13T00:09:04.773+0000] {processor.py:925} INFO - DAG(s) 'example_bash_decorator' retrieved from /home/airflow/.local/lib/python3.12/site-packages/airflow/example_dags/example_bash_decorator.py
[2025-02-13T00:09:04.802+0000] {logging_mixin.py:190} INFO - [2025-02-13T00:09:04.802+0000] {dag.py:3239} INFO - Sync 1 DAGs
[2025-02-13T00:09:04.820+0000] {logging_mixin.py:190} INFO - [2025-02-13T00:09:04.820+0000] {dag.py:4180} INFO - Setting next_dagrun for example_bash_decorator to None, run_after=None
[2025-02-13T00:09:04.839+0000] {processor.py:208} INFO - Processing /home/airflow/.local/lib/python3.12/site-packages/airflow/example_dags/example_bash_decorator.py took 0.094 seconds
[2025-02-13T00:09:34.999+0000] {processor.py:186} INFO - Started process (PID=1079) to work on /home/airflow/.local/lib/python3.12/site-packages/airflow/example_dags/example_bash_decorator.py
[2025-02-13T00:09:35.000+0000] {processor.py:914} INFO - Processing file /home/airflow/.local/lib/python3.12/site-packages/airflow/example_dags/example_bash_decorator.py for tasks to queue
[2025-02-13T00:09:35.003+0000] {logging_mixin.py:190} INFO - [2025-02-13T00:09:35.002+0000] {dagbag.py:588} INFO - Filling up the DagBag from /home/airflow/.local/lib/python3.12/site-packages/airflow/example_dags/example_bash_decorator.py
[2025-02-13T00:09:35.022+0000] {processor.py:925} INFO - DAG(s) 'example_bash_decorator' retrieved from /home/airflow/.local/lib/python3.12/site-packages/airflow/example_dags/example_bash_decorator.py
[2025-02-13T00:09:35.052+0000] {logging_mixin.py:190} INFO - [2025-02-13T00:09:35.052+0000] {dag.py:3239} INFO - Sync 1 DAGs
[2025-02-13T00:09:35.070+0000] {logging_mixin.py:190} INFO - [2025-02-13T00:09:35.070+0000] {dag.py:4180} INFO - Setting next_dagrun for example_bash_decorator to None, run_after=None
[2025-02-13T00:09:35.088+0000] {processor.py:208} INFO - Processing /home/airflow/.local/lib/python3.12/site-packages/airflow/example_dags/example_bash_decorator.py took 0.095 seconds
[2025-02-13T00:10:05.159+0000] {processor.py:186} INFO - Started process (PID=1137) to work on /home/airflow/.local/lib/python3.12/site-packages/airflow/example_dags/example_bash_decorator.py
[2025-02-13T00:10:05.160+0000] {processor.py:914} INFO - Processing file /home/airflow/.local/lib/python3.12/site-packages/airflow/example_dags/example_bash_decorator.py for tasks to queue
[2025-02-13T00:10:05.162+0000] {logging_mixin.py:190} INFO - [2025-02-13T00:10:05.162+0000] {dagbag.py:588} INFO - Filling up the DagBag from /home/airflow/.local/lib/python3.12/site-packages/airflow/example_dags/example_bash_decorator.py
[2025-02-13T00:10:05.180+0000] {processor.py:925} INFO - DAG(s) 'example_bash_decorator' retrieved from /home/airflow/.local/lib/python3.12/site-packages/airflow/example_dags/example_bash_decorator.py
[2025-02-13T00:10:05.209+0000] {logging_mixin.py:190} INFO - [2025-02-13T00:10:05.209+0000] {dag.py:3239} INFO - Sync 1 DAGs
[2025-02-13T00:10:05.226+0000] {logging_mixin.py:190} INFO - [2025-02-13T00:10:05.226+0000] {dag.py:4180} INFO - Setting next_dagrun for example_bash_decorator to None, run_after=None
[2025-02-13T00:10:05.244+0000] {processor.py:208} INFO - Processing /home/airflow/.local/lib/python3.12/site-packages/airflow/example_dags/example_bash_decorator.py took 0.091 seconds
[2025-02-13T00:10:35.437+0000] {processor.py:186} INFO - Started process (PID=1195) to work on /home/airflow/.local/lib/python3.12/site-packages/airflow/example_dags/example_bash_decorator.py
[2025-02-13T00:10:35.439+0000] {processor.py:914} INFO - Processing file /home/airflow/.local/lib/python3.12/site-packages/airflow/example_dags/example_bash_decorator.py for tasks to queue
[2025-02-13T00:10:35.444+0000] {logging_mixin.py:190} INFO - [2025-02-13T00:10:35.443+0000] {dagbag.py:588} INFO - Filling up the DagBag from /home/airflow/.local/lib/python3.12/site-packages/airflow/example_dags/example_bash_decorator.py
[2025-02-13T00:10:35.466+0000] {processor.py:925} INFO - DAG(s) 'example_bash_decorator' retrieved from /home/airflow/.local/lib/python3.12/site-packages/airflow/example_dags/example_bash_decorator.py
[2025-02-13T00:10:35.493+0000] {logging_mixin.py:190} INFO - [2025-02-13T00:10:35.493+0000] {dag.py:3239} INFO - Sync 1 DAGs
[2025-02-13T00:10:35.511+0000] {logging_mixin.py:190} INFO - [2025-02-13T00:10:35.510+0000] {dag.py:4180} INFO - Setting next_dagrun for example_bash_decorator to None, run_after=None
[2025-02-13T00:10:35.529+0000] {processor.py:208} INFO - Processing /home/airflow/.local/lib/python3.12/site-packages/airflow/example_dags/example_bash_decorator.py took 0.098 seconds
[2025-02-13T00:11:05.614+0000] {processor.py:186} INFO - Started process (PID=1253) to work on /home/airflow/.local/lib/python3.12/site-packages/airflow/example_dags/example_bash_decorator.py
[2025-02-13T00:11:05.615+0000] {processor.py:914} INFO - Processing file /home/airflow/.local/lib/python3.12/site-packages/airflow/example_dags/example_bash_decorator.py for tasks to queue
[2025-02-13T00:11:05.617+0000] {logging_mixin.py:190} INFO - [2025-02-13T00:11:05.617+0000] {dagbag.py:588} INFO - Filling up the DagBag from /home/airflow/.local/lib/python3.12/site-packages/airflow/example_dags/example_bash_decorator.py
[2025-02-13T00:11:05.642+0000] {processor.py:925} INFO - DAG(s) 'example_bash_decorator' retrieved from /home/airflow/.local/lib/python3.12/site-packages/airflow/example_dags/example_bash_decorator.py
[2025-02-13T00:11:05.675+0000] {logging_mixin.py:190} INFO - [2025-02-13T00:11:05.675+0000] {dag.py:3239} INFO - Sync 1 DAGs
[2025-02-13T00:11:05.691+0000] {logging_mixin.py:190} INFO - [2025-02-13T00:11:05.691+0000] {dag.py:4180} INFO - Setting next_dagrun for example_bash_decorator to None, run_after=None
[2025-02-13T00:11:05.708+0000] {processor.py:208} INFO - Processing /home/airflow/.local/lib/python3.12/site-packages/airflow/example_dags/example_bash_decorator.py took 0.101 seconds
[2025-02-13T00:11:36.189+0000] {processor.py:186} INFO - Started process (PID=1311) to work on /home/airflow/.local/lib/python3.12/site-packages/airflow/example_dags/example_bash_decorator.py
[2025-02-13T00:11:36.189+0000] {processor.py:914} INFO - Processing file /home/airflow/.local/lib/python3.12/site-packages/airflow/example_dags/example_bash_decorator.py for tasks to queue
[2025-02-13T00:11:36.192+0000] {logging_mixin.py:190} INFO - [2025-02-13T00:11:36.191+0000] {dagbag.py:588} INFO - Filling up the DagBag from /home/airflow/.local/lib/python3.12/site-packages/airflow/example_dags/example_bash_decorator.py
[2025-02-13T00:11:36.213+0000] {processor.py:925} INFO - DAG(s) 'example_bash_decorator' retrieved from /home/airflow/.local/lib/python3.12/site-packages/airflow/example_dags/example_bash_decorator.py
[2025-02-13T00:11:36.243+0000] {logging_mixin.py:190} INFO - [2025-02-13T00:11:36.243+0000] {dag.py:3239} INFO - Sync 1 DAGs
[2025-02-13T00:11:36.281+0000] {logging_mixin.py:190} INFO - [2025-02-13T00:11:36.281+0000] {dag.py:4180} INFO - Setting next_dagrun for example_bash_decorator to None, run_after=None
[2025-02-13T00:11:36.299+0000] {processor.py:208} INFO - Processing /home/airflow/.local/lib/python3.12/site-packages/airflow/example_dags/example_bash_decorator.py took 0.117 seconds
[2025-02-13T00:12:06.402+0000] {processor.py:186} INFO - Started process (PID=1369) to work on /home/airflow/.local/lib/python3.12/site-packages/airflow/example_dags/example_bash_decorator.py
[2025-02-13T00:12:06.403+0000] {processor.py:914} INFO - Processing file /home/airflow/.local/lib/python3.12/site-packages/airflow/example_dags/example_bash_decorator.py for tasks to queue
[2025-02-13T00:12:06.405+0000] {logging_mixin.py:190} INFO - [2025-02-13T00:12:06.405+0000] {dagbag.py:588} INFO - Filling up the DagBag from /home/airflow/.local/lib/python3.12/site-packages/airflow/example_dags/example_bash_decorator.py
[2025-02-13T00:12:06.425+0000] {processor.py:925} INFO - DAG(s) 'example_bash_decorator' retrieved from /home/airflow/.local/lib/python3.12/site-packages/airflow/example_dags/example_bash_decorator.py
[2025-02-13T00:12:06.457+0000] {logging_mixin.py:190} INFO - [2025-02-13T00:12:06.457+0000] {dag.py:3239} INFO - Sync 1 DAGs
[2025-02-13T00:12:06.475+0000] {logging_mixin.py:190} INFO - [2025-02-13T00:12:06.475+0000] {dag.py:4180} INFO - Setting next_dagrun for example_bash_decorator to None, run_after=None
[2025-02-13T00:12:06.493+0000] {processor.py:208} INFO - Processing /home/airflow/.local/lib/python3.12/site-packages/airflow/example_dags/example_bash_decorator.py took 0.097 seconds
[2025-02-13T00:12:36.982+0000] {processor.py:186} INFO - Started process (PID=1427) to work on /home/airflow/.local/lib/python3.12/site-packages/airflow/example_dags/example_bash_decorator.py
[2025-02-13T00:12:36.983+0000] {processor.py:914} INFO - Processing file /home/airflow/.local/lib/python3.12/site-packages/airflow/example_dags/example_bash_decorator.py for tasks to queue
[2025-02-13T00:12:36.985+0000] {logging_mixin.py:190} INFO - [2025-02-13T00:12:36.985+0000] {dagbag.py:588} INFO - Filling up the DagBag from /home/airflow/.local/lib/python3.12/site-packages/airflow/example_dags/example_bash_decorator.py
[2025-02-13T00:12:37.012+0000] {processor.py:925} INFO - DAG(s) 'example_bash_decorator' retrieved from /home/airflow/.local/lib/python3.12/site-packages/airflow/example_dags/example_bash_decorator.py
[2025-02-13T00:12:37.047+0000] {logging_mixin.py:190} INFO - [2025-02-13T00:12:37.047+0000] {dag.py:3239} INFO - Sync 1 DAGs
[2025-02-13T00:12:37.065+0000] {logging_mixin.py:190} INFO - [2025-02-13T00:12:37.065+0000] {dag.py:4180} INFO - Setting next_dagrun for example_bash_decorator to None, run_after=None
[2025-02-13T00:12:37.083+0000] {processor.py:208} INFO - Processing /home/airflow/.local/lib/python3.12/site-packages/airflow/example_dags/example_bash_decorator.py took 0.107 seconds
[2025-02-13T00:13:07.222+0000] {processor.py:186} INFO - Started process (PID=1485) to work on /home/airflow/.local/lib/python3.12/site-packages/airflow/example_dags/example_bash_decorator.py
[2025-02-13T00:13:07.223+0000] {processor.py:914} INFO - Processing file /home/airflow/.local/lib/python3.12/site-packages/airflow/example_dags/example_bash_decorator.py for tasks to queue
[2025-02-13T00:13:07.225+0000] {logging_mixin.py:190} INFO - [2025-02-13T00:13:07.225+0000] {dagbag.py:588} INFO - Filling up the DagBag from /home/airflow/.local/lib/python3.12/site-packages/airflow/example_dags/example_bash_decorator.py
[2025-02-13T00:13:07.243+0000] {processor.py:925} INFO - DAG(s) 'example_bash_decorator' retrieved from /home/airflow/.local/lib/python3.12/site-packages/airflow/example_dags/example_bash_decorator.py
[2025-02-13T00:13:07.273+0000] {logging_mixin.py:190} INFO - [2025-02-13T00:13:07.273+0000] {dag.py:3239} INFO - Sync 1 DAGs
[2025-02-13T00:13:07.290+0000] {logging_mixin.py:190} INFO - [2025-02-13T00:13:07.290+0000] {dag.py:4180} INFO - Setting next_dagrun for example_bash_decorator to None, run_after=None
[2025-02-13T00:13:07.308+0000] {processor.py:208} INFO - Processing /home/airflow/.local/lib/python3.12/site-packages/airflow/example_dags/example_bash_decorator.py took 0.093 seconds
[2025-02-13T00:13:37.394+0000] {processor.py:186} INFO - Started process (PID=1543) to work on /home/airflow/.local/lib/python3.12/site-packages/airflow/example_dags/example_bash_decorator.py
[2025-02-13T00:13:37.395+0000] {processor.py:914} INFO - Processing file /home/airflow/.local/lib/python3.12/site-packages/airflow/example_dags/example_bash_decorator.py for tasks to queue
[2025-02-13T00:13:37.397+0000] {logging_mixin.py:190} INFO - [2025-02-13T00:13:37.397+0000] {dagbag.py:588} INFO - Filling up the DagBag from /home/airflow/.local/lib/python3.12/site-packages/airflow/example_dags/example_bash_decorator.py
[2025-02-13T00:13:37.415+0000] {processor.py:925} INFO - DAG(s) 'example_bash_decorator' retrieved from /home/airflow/.local/lib/python3.12/site-packages/airflow/example_dags/example_bash_decorator.py
[2025-02-13T00:13:37.444+0000] {logging_mixin.py:190} INFO - [2025-02-13T00:13:37.444+0000] {dag.py:3239} INFO - Sync 1 DAGs
[2025-02-13T00:13:37.462+0000] {logging_mixin.py:190} INFO - [2025-02-13T00:13:37.461+0000] {dag.py:4180} INFO - Setting next_dagrun for example_bash_decorator to None, run_after=None
[2025-02-13T00:13:37.480+0000] {processor.py:208} INFO - Processing /home/airflow/.local/lib/python3.12/site-packages/airflow/example_dags/example_bash_decorator.py took 0.092 seconds
[2025-02-13T00:14:08.442+0000] {processor.py:186} INFO - Started process (PID=1601) to work on /home/airflow/.local/lib/python3.12/site-packages/airflow/example_dags/example_bash_decorator.py
[2025-02-13T00:14:08.442+0000] {processor.py:914} INFO - Processing file /home/airflow/.local/lib/python3.12/site-packages/airflow/example_dags/example_bash_decorator.py for tasks to queue
[2025-02-13T00:14:08.445+0000] {logging_mixin.py:190} INFO - [2025-02-13T00:14:08.444+0000] {dagbag.py:588} INFO - Filling up the DagBag from /home/airflow/.local/lib/python3.12/site-packages/airflow/example_dags/example_bash_decorator.py
[2025-02-13T00:14:08.463+0000] {processor.py:925} INFO - DAG(s) 'example_bash_decorator' retrieved from /home/airflow/.local/lib/python3.12/site-packages/airflow/example_dags/example_bash_decorator.py
[2025-02-13T00:14:08.492+0000] {logging_mixin.py:190} INFO - [2025-02-13T00:14:08.492+0000] {dag.py:3239} INFO - Sync 1 DAGs
[2025-02-13T00:14:08.512+0000] {logging_mixin.py:190} INFO - [2025-02-13T00:14:08.512+0000] {dag.py:4180} INFO - Setting next_dagrun for example_bash_decorator to None, run_after=None
[2025-02-13T00:14:08.531+0000] {processor.py:208} INFO - Processing /home/airflow/.local/lib/python3.12/site-packages/airflow/example_dags/example_bash_decorator.py took 0.096 seconds
[2025-02-13T00:14:38.853+0000] {processor.py:186} INFO - Started process (PID=1659) to work on /home/airflow/.local/lib/python3.12/site-packages/airflow/example_dags/example_bash_decorator.py
[2025-02-13T00:14:38.854+0000] {processor.py:914} INFO - Processing file /home/airflow/.local/lib/python3.12/site-packages/airflow/example_dags/example_bash_decorator.py for tasks to queue
[2025-02-13T00:14:38.856+0000] {logging_mixin.py:190} INFO - [2025-02-13T00:14:38.856+0000] {dagbag.py:588} INFO - Filling up the DagBag from /home/airflow/.local/lib/python3.12/site-packages/airflow/example_dags/example_bash_decorator.py
[2025-02-13T00:14:38.876+0000] {processor.py:925} INFO - DAG(s) 'example_bash_decorator' retrieved from /home/airflow/.local/lib/python3.12/site-packages/airflow/example_dags/example_bash_decorator.py
[2025-02-13T00:14:38.905+0000] {logging_mixin.py:190} INFO - [2025-02-13T00:14:38.905+0000] {dag.py:3239} INFO - Sync 1 DAGs
[2025-02-13T00:14:38.923+0000] {logging_mixin.py:190} INFO - [2025-02-13T00:14:38.923+0000] {dag.py:4180} INFO - Setting next_dagrun for example_bash_decorator to None, run_after=None
[2025-02-13T00:14:38.943+0000] {processor.py:208} INFO - Processing /home/airflow/.local/lib/python3.12/site-packages/airflow/example_dags/example_bash_decorator.py took 0.096 seconds
[2025-02-13T00:15:09.041+0000] {processor.py:186} INFO - Started process (PID=1717) to work on /home/airflow/.local/lib/python3.12/site-packages/airflow/example_dags/example_bash_decorator.py
[2025-02-13T00:15:09.043+0000] {processor.py:914} INFO - Processing file /home/airflow/.local/lib/python3.12/site-packages/airflow/example_dags/example_bash_decorator.py for tasks to queue
[2025-02-13T00:15:09.045+0000] {logging_mixin.py:190} INFO - [2025-02-13T00:15:09.045+0000] {dagbag.py:588} INFO - Filling up the DagBag from /home/airflow/.local/lib/python3.12/site-packages/airflow/example_dags/example_bash_decorator.py
[2025-02-13T00:15:09.063+0000] {processor.py:925} INFO - DAG(s) 'example_bash_decorator' retrieved from /home/airflow/.local/lib/python3.12/site-packages/airflow/example_dags/example_bash_decorator.py
[2025-02-13T00:15:09.112+0000] {logging_mixin.py:190} INFO - [2025-02-13T00:15:09.112+0000] {dag.py:3239} INFO - Sync 1 DAGs
[2025-02-13T00:15:09.131+0000] {logging_mixin.py:190} INFO - [2025-02-13T00:15:09.131+0000] {dag.py:4180} INFO - Setting next_dagrun for example_bash_decorator to None, run_after=None
[2025-02-13T00:15:09.149+0000] {processor.py:208} INFO - Processing /home/airflow/.local/lib/python3.12/site-packages/airflow/example_dags/example_bash_decorator.py took 0.115 seconds
[2025-02-13T00:15:39.341+0000] {processor.py:186} INFO - Started process (PID=1775) to work on /home/airflow/.local/lib/python3.12/site-packages/airflow/example_dags/example_bash_decorator.py
[2025-02-13T00:15:39.342+0000] {processor.py:914} INFO - Processing file /home/airflow/.local/lib/python3.12/site-packages/airflow/example_dags/example_bash_decorator.py for tasks to queue
[2025-02-13T00:15:39.344+0000] {logging_mixin.py:190} INFO - [2025-02-13T00:15:39.344+0000] {dagbag.py:588} INFO - Filling up the DagBag from /home/airflow/.local/lib/python3.12/site-packages/airflow/example_dags/example_bash_decorator.py
[2025-02-13T00:15:39.364+0000] {processor.py:925} INFO - DAG(s) 'example_bash_decorator' retrieved from /home/airflow/.local/lib/python3.12/site-packages/airflow/example_dags/example_bash_decorator.py
[2025-02-13T00:15:39.392+0000] {logging_mixin.py:190} INFO - [2025-02-13T00:15:39.392+0000] {dag.py:3239} INFO - Sync 1 DAGs
[2025-02-13T00:15:39.410+0000] {logging_mixin.py:190} INFO - [2025-02-13T00:15:39.410+0000] {dag.py:4180} INFO - Setting next_dagrun for example_bash_decorator to None, run_after=None
[2025-02-13T00:15:39.429+0000] {processor.py:208} INFO - Processing /home/airflow/.local/lib/python3.12/site-packages/airflow/example_dags/example_bash_decorator.py took 0.097 seconds
[2025-02-13T00:16:09.837+0000] {processor.py:186} INFO - Started process (PID=1833) to work on /home/airflow/.local/lib/python3.12/site-packages/airflow/example_dags/example_bash_decorator.py
[2025-02-13T00:16:09.838+0000] {processor.py:914} INFO - Processing file /home/airflow/.local/lib/python3.12/site-packages/airflow/example_dags/example_bash_decorator.py for tasks to queue
[2025-02-13T00:16:09.840+0000] {logging_mixin.py:190} INFO - [2025-02-13T00:16:09.840+0000] {dagbag.py:588} INFO - Filling up the DagBag from /home/airflow/.local/lib/python3.12/site-packages/airflow/example_dags/example_bash_decorator.py
[2025-02-13T00:16:09.859+0000] {processor.py:925} INFO - DAG(s) 'example_bash_decorator' retrieved from /home/airflow/.local/lib/python3.12/site-packages/airflow/example_dags/example_bash_decorator.py
[2025-02-13T00:16:09.888+0000] {logging_mixin.py:190} INFO - [2025-02-13T00:16:09.888+0000] {dag.py:3239} INFO - Sync 1 DAGs
[2025-02-13T00:16:09.906+0000] {logging_mixin.py:190} INFO - [2025-02-13T00:16:09.906+0000] {dag.py:4180} INFO - Setting next_dagrun for example_bash_decorator to None, run_after=None
[2025-02-13T00:16:09.925+0000] {processor.py:208} INFO - Processing /home/airflow/.local/lib/python3.12/site-packages/airflow/example_dags/example_bash_decorator.py took 0.095 seconds
[2025-02-13T00:16:40.804+0000] {processor.py:186} INFO - Started process (PID=1891) to work on /home/airflow/.local/lib/python3.12/site-packages/airflow/example_dags/example_bash_decorator.py
[2025-02-13T00:16:40.805+0000] {processor.py:914} INFO - Processing file /home/airflow/.local/lib/python3.12/site-packages/airflow/example_dags/example_bash_decorator.py for tasks to queue
[2025-02-13T00:16:40.808+0000] {logging_mixin.py:190} INFO - [2025-02-13T00:16:40.808+0000] {dagbag.py:588} INFO - Filling up the DagBag from /home/airflow/.local/lib/python3.12/site-packages/airflow/example_dags/example_bash_decorator.py
[2025-02-13T00:16:40.830+0000] {processor.py:925} INFO - DAG(s) 'example_bash_decorator' retrieved from /home/airflow/.local/lib/python3.12/site-packages/airflow/example_dags/example_bash_decorator.py
[2025-02-13T00:16:40.869+0000] {logging_mixin.py:190} INFO - [2025-02-13T00:16:40.869+0000] {dag.py:3239} INFO - Sync 1 DAGs
[2025-02-13T00:16:40.909+0000] {logging_mixin.py:190} INFO - [2025-02-13T00:16:40.909+0000] {dag.py:4180} INFO - Setting next_dagrun for example_bash_decorator to None, run_after=None
[2025-02-13T00:16:40.950+0000] {processor.py:208} INFO - Processing /home/airflow/.local/lib/python3.12/site-packages/airflow/example_dags/example_bash_decorator.py took 0.154 seconds
[2025-02-13T00:17:11.354+0000] {processor.py:186} INFO - Started process (PID=1949) to work on /home/airflow/.local/lib/python3.12/site-packages/airflow/example_dags/example_bash_decorator.py
[2025-02-13T00:17:11.355+0000] {processor.py:914} INFO - Processing file /home/airflow/.local/lib/python3.12/site-packages/airflow/example_dags/example_bash_decorator.py for tasks to queue
[2025-02-13T00:17:11.357+0000] {logging_mixin.py:190} INFO - [2025-02-13T00:17:11.357+0000] {dagbag.py:588} INFO - Filling up the DagBag from /home/airflow/.local/lib/python3.12/site-packages/airflow/example_dags/example_bash_decorator.py
[2025-02-13T00:17:11.377+0000] {processor.py:925} INFO - DAG(s) 'example_bash_decorator' retrieved from /home/airflow/.local/lib/python3.12/site-packages/airflow/example_dags/example_bash_decorator.py
[2025-02-13T00:17:11.407+0000] {logging_mixin.py:190} INFO - [2025-02-13T00:17:11.407+0000] {dag.py:3239} INFO - Sync 1 DAGs
[2025-02-13T00:17:11.427+0000] {logging_mixin.py:190} INFO - [2025-02-13T00:17:11.427+0000] {dag.py:4180} INFO - Setting next_dagrun for example_bash_decorator to None, run_after=None
[2025-02-13T00:17:11.446+0000] {processor.py:208} INFO - Processing /home/airflow/.local/lib/python3.12/site-packages/airflow/example_dags/example_bash_decorator.py took 0.099 seconds
[2025-02-13T00:17:41.689+0000] {processor.py:186} INFO - Started process (PID=2007) to work on /home/airflow/.local/lib/python3.12/site-packages/airflow/example_dags/example_bash_decorator.py
[2025-02-13T00:17:41.690+0000] {processor.py:914} INFO - Processing file /home/airflow/.local/lib/python3.12/site-packages/airflow/example_dags/example_bash_decorator.py for tasks to queue
[2025-02-13T00:17:41.691+0000] {logging_mixin.py:190} INFO - [2025-02-13T00:17:41.691+0000] {dagbag.py:588} INFO - Filling up the DagBag from /home/airflow/.local/lib/python3.12/site-packages/airflow/example_dags/example_bash_decorator.py
[2025-02-13T00:17:41.704+0000] {processor.py:925} INFO - DAG(s) 'example_bash_decorator' retrieved from /home/airflow/.local/lib/python3.12/site-packages/airflow/example_dags/example_bash_decorator.py
[2025-02-13T00:17:41.729+0000] {logging_mixin.py:190} INFO - [2025-02-13T00:17:41.729+0000] {dag.py:3239} INFO - Sync 1 DAGs
[2025-02-13T00:17:41.741+0000] {logging_mixin.py:190} INFO - [2025-02-13T00:17:41.740+0000] {dag.py:4180} INFO - Setting next_dagrun for example_bash_decorator to None, run_after=None
[2025-02-13T00:17:41.754+0000] {processor.py:208} INFO - Processing /home/airflow/.local/lib/python3.12/site-packages/airflow/example_dags/example_bash_decorator.py took 0.070 seconds
[2025-02-13T00:18:11.884+0000] {processor.py:186} INFO - Started process (PID=2065) to work on /home/airflow/.local/lib/python3.12/site-packages/airflow/example_dags/example_bash_decorator.py
[2025-02-13T00:18:11.885+0000] {processor.py:914} INFO - Processing file /home/airflow/.local/lib/python3.12/site-packages/airflow/example_dags/example_bash_decorator.py for tasks to queue
[2025-02-13T00:18:11.888+0000] {logging_mixin.py:190} INFO - [2025-02-13T00:18:11.887+0000] {dagbag.py:588} INFO - Filling up the DagBag from /home/airflow/.local/lib/python3.12/site-packages/airflow/example_dags/example_bash_decorator.py
[2025-02-13T00:18:11.907+0000] {processor.py:925} INFO - DAG(s) 'example_bash_decorator' retrieved from /home/airflow/.local/lib/python3.12/site-packages/airflow/example_dags/example_bash_decorator.py
[2025-02-13T00:18:11.935+0000] {logging_mixin.py:190} INFO - [2025-02-13T00:18:11.935+0000] {dag.py:3239} INFO - Sync 1 DAGs
[2025-02-13T00:18:11.952+0000] {logging_mixin.py:190} INFO - [2025-02-13T00:18:11.952+0000] {dag.py:4180} INFO - Setting next_dagrun for example_bash_decorator to None, run_after=None
[2025-02-13T00:18:11.971+0000] {processor.py:208} INFO - Processing /home/airflow/.local/lib/python3.12/site-packages/airflow/example_dags/example_bash_decorator.py took 0.094 seconds
[2025-02-13T00:18:42.726+0000] {processor.py:186} INFO - Started process (PID=2119) to work on /home/airflow/.local/lib/python3.12/site-packages/airflow/example_dags/example_bash_decorator.py
[2025-02-13T00:18:42.727+0000] {processor.py:914} INFO - Processing file /home/airflow/.local/lib/python3.12/site-packages/airflow/example_dags/example_bash_decorator.py for tasks to queue
[2025-02-13T00:18:42.729+0000] {logging_mixin.py:190} INFO - [2025-02-13T00:18:42.729+0000] {dagbag.py:588} INFO - Filling up the DagBag from /home/airflow/.local/lib/python3.12/site-packages/airflow/example_dags/example_bash_decorator.py
[2025-02-13T00:18:42.748+0000] {processor.py:925} INFO - DAG(s) 'example_bash_decorator' retrieved from /home/airflow/.local/lib/python3.12/site-packages/airflow/example_dags/example_bash_decorator.py
[2025-02-13T00:18:42.777+0000] {logging_mixin.py:190} INFO - [2025-02-13T00:18:42.776+0000] {dag.py:3239} INFO - Sync 1 DAGs
[2025-02-13T00:18:42.793+0000] {logging_mixin.py:190} INFO - [2025-02-13T00:18:42.793+0000] {dag.py:4180} INFO - Setting next_dagrun for example_bash_decorator to None, run_after=None
[2025-02-13T00:18:42.812+0000] {processor.py:208} INFO - Processing /home/airflow/.local/lib/python3.12/site-packages/airflow/example_dags/example_bash_decorator.py took 0.093 seconds
[2025-02-13T00:19:12.910+0000] {processor.py:186} INFO - Started process (PID=2166) to work on /home/airflow/.local/lib/python3.12/site-packages/airflow/example_dags/example_bash_decorator.py
[2025-02-13T00:19:12.911+0000] {processor.py:914} INFO - Processing file /home/airflow/.local/lib/python3.12/site-packages/airflow/example_dags/example_bash_decorator.py for tasks to queue
[2025-02-13T00:19:12.913+0000] {logging_mixin.py:190} INFO - [2025-02-13T00:19:12.913+0000] {dagbag.py:588} INFO - Filling up the DagBag from /home/airflow/.local/lib/python3.12/site-packages/airflow/example_dags/example_bash_decorator.py
[2025-02-13T00:19:12.932+0000] {processor.py:925} INFO - DAG(s) 'example_bash_decorator' retrieved from /home/airflow/.local/lib/python3.12/site-packages/airflow/example_dags/example_bash_decorator.py
[2025-02-13T00:19:12.967+0000] {logging_mixin.py:190} INFO - [2025-02-13T00:19:12.966+0000] {dag.py:3239} INFO - Sync 1 DAGs
[2025-02-13T00:19:12.995+0000] {logging_mixin.py:190} INFO - [2025-02-13T00:19:12.995+0000] {dag.py:4180} INFO - Setting next_dagrun for example_bash_decorator to None, run_after=None
[2025-02-13T00:19:13.034+0000] {processor.py:208} INFO - Processing /home/airflow/.local/lib/python3.12/site-packages/airflow/example_dags/example_bash_decorator.py took 0.131 seconds
[2025-02-13T00:19:43.305+0000] {processor.py:186} INFO - Started process (PID=2224) to work on /home/airflow/.local/lib/python3.12/site-packages/airflow/example_dags/example_bash_decorator.py
[2025-02-13T00:19:43.306+0000] {processor.py:914} INFO - Processing file /home/airflow/.local/lib/python3.12/site-packages/airflow/example_dags/example_bash_decorator.py for tasks to queue
[2025-02-13T00:19:43.308+0000] {logging_mixin.py:190} INFO - [2025-02-13T00:19:43.308+0000] {dagbag.py:588} INFO - Filling up the DagBag from /home/airflow/.local/lib/python3.12/site-packages/airflow/example_dags/example_bash_decorator.py
[2025-02-13T00:19:43.328+0000] {processor.py:925} INFO - DAG(s) 'example_bash_decorator' retrieved from /home/airflow/.local/lib/python3.12/site-packages/airflow/example_dags/example_bash_decorator.py
[2025-02-13T00:19:43.357+0000] {logging_mixin.py:190} INFO - [2025-02-13T00:19:43.357+0000] {dag.py:3239} INFO - Sync 1 DAGs
[2025-02-13T00:19:43.375+0000] {logging_mixin.py:190} INFO - [2025-02-13T00:19:43.375+0000] {dag.py:4180} INFO - Setting next_dagrun for example_bash_decorator to None, run_after=None
[2025-02-13T00:19:43.393+0000] {processor.py:208} INFO - Processing /home/airflow/.local/lib/python3.12/site-packages/airflow/example_dags/example_bash_decorator.py took 0.095 seconds
[2025-02-13T00:20:13.494+0000] {processor.py:186} INFO - Started process (PID=2282) to work on /home/airflow/.local/lib/python3.12/site-packages/airflow/example_dags/example_bash_decorator.py
[2025-02-13T00:20:13.495+0000] {processor.py:914} INFO - Processing file /home/airflow/.local/lib/python3.12/site-packages/airflow/example_dags/example_bash_decorator.py for tasks to queue
[2025-02-13T00:20:13.498+0000] {logging_mixin.py:190} INFO - [2025-02-13T00:20:13.497+0000] {dagbag.py:588} INFO - Filling up the DagBag from /home/airflow/.local/lib/python3.12/site-packages/airflow/example_dags/example_bash_decorator.py
[2025-02-13T00:20:13.516+0000] {processor.py:925} INFO - DAG(s) 'example_bash_decorator' retrieved from /home/airflow/.local/lib/python3.12/site-packages/airflow/example_dags/example_bash_decorator.py
[2025-02-13T00:20:13.546+0000] {logging_mixin.py:190} INFO - [2025-02-13T00:20:13.545+0000] {dag.py:3239} INFO - Sync 1 DAGs
[2025-02-13T00:20:13.563+0000] {logging_mixin.py:190} INFO - [2025-02-13T00:20:13.563+0000] {dag.py:4180} INFO - Setting next_dagrun for example_bash_decorator to None, run_after=None
[2025-02-13T00:20:13.581+0000] {processor.py:208} INFO - Processing /home/airflow/.local/lib/python3.12/site-packages/airflow/example_dags/example_bash_decorator.py took 0.093 seconds
[2025-02-13T00:20:43.629+0000] {processor.py:186} INFO - Started process (PID=2340) to work on /home/airflow/.local/lib/python3.12/site-packages/airflow/example_dags/example_bash_decorator.py
[2025-02-13T00:20:43.629+0000] {processor.py:914} INFO - Processing file /home/airflow/.local/lib/python3.12/site-packages/airflow/example_dags/example_bash_decorator.py for tasks to queue
[2025-02-13T00:20:43.632+0000] {logging_mixin.py:190} INFO - [2025-02-13T00:20:43.631+0000] {dagbag.py:588} INFO - Filling up the DagBag from /home/airflow/.local/lib/python3.12/site-packages/airflow/example_dags/example_bash_decorator.py
[2025-02-13T00:20:43.651+0000] {processor.py:925} INFO - DAG(s) 'example_bash_decorator' retrieved from /home/airflow/.local/lib/python3.12/site-packages/airflow/example_dags/example_bash_decorator.py
[2025-02-13T00:20:43.680+0000] {logging_mixin.py:190} INFO - [2025-02-13T00:20:43.680+0000] {dag.py:3239} INFO - Sync 1 DAGs
[2025-02-13T00:20:43.698+0000] {logging_mixin.py:190} INFO - [2025-02-13T00:20:43.698+0000] {dag.py:4180} INFO - Setting next_dagrun for example_bash_decorator to None, run_after=None
[2025-02-13T00:20:43.717+0000] {processor.py:208} INFO - Processing /home/airflow/.local/lib/python3.12/site-packages/airflow/example_dags/example_bash_decorator.py took 0.095 seconds
[2025-02-13T00:21:14.034+0000] {processor.py:186} INFO - Started process (PID=2398) to work on /home/airflow/.local/lib/python3.12/site-packages/airflow/example_dags/example_bash_decorator.py
[2025-02-13T00:21:14.035+0000] {processor.py:914} INFO - Processing file /home/airflow/.local/lib/python3.12/site-packages/airflow/example_dags/example_bash_decorator.py for tasks to queue
[2025-02-13T00:21:14.037+0000] {logging_mixin.py:190} INFO - [2025-02-13T00:21:14.037+0000] {dagbag.py:588} INFO - Filling up the DagBag from /home/airflow/.local/lib/python3.12/site-packages/airflow/example_dags/example_bash_decorator.py
[2025-02-13T00:21:14.066+0000] {processor.py:925} INFO - DAG(s) 'example_bash_decorator' retrieved from /home/airflow/.local/lib/python3.12/site-packages/airflow/example_dags/example_bash_decorator.py
[2025-02-13T00:21:14.096+0000] {logging_mixin.py:190} INFO - [2025-02-13T00:21:14.096+0000] {dag.py:3239} INFO - Sync 1 DAGs
[2025-02-13T00:21:14.115+0000] {logging_mixin.py:190} INFO - [2025-02-13T00:21:14.114+0000] {dag.py:4180} INFO - Setting next_dagrun for example_bash_decorator to None, run_after=None
[2025-02-13T00:21:14.143+0000] {processor.py:208} INFO - Processing /home/airflow/.local/lib/python3.12/site-packages/airflow/example_dags/example_bash_decorator.py took 0.115 seconds
[2025-02-13T00:21:44.246+0000] {processor.py:186} INFO - Started process (PID=2456) to work on /home/airflow/.local/lib/python3.12/site-packages/airflow/example_dags/example_bash_decorator.py
[2025-02-13T00:21:44.247+0000] {processor.py:914} INFO - Processing file /home/airflow/.local/lib/python3.12/site-packages/airflow/example_dags/example_bash_decorator.py for tasks to queue
[2025-02-13T00:21:44.249+0000] {logging_mixin.py:190} INFO - [2025-02-13T00:21:44.249+0000] {dagbag.py:588} INFO - Filling up the DagBag from /home/airflow/.local/lib/python3.12/site-packages/airflow/example_dags/example_bash_decorator.py
[2025-02-13T00:21:44.269+0000] {processor.py:925} INFO - DAG(s) 'example_bash_decorator' retrieved from /home/airflow/.local/lib/python3.12/site-packages/airflow/example_dags/example_bash_decorator.py
[2025-02-13T00:21:44.300+0000] {logging_mixin.py:190} INFO - [2025-02-13T00:21:44.300+0000] {dag.py:3239} INFO - Sync 1 DAGs
[2025-02-13T00:21:44.328+0000] {logging_mixin.py:190} INFO - [2025-02-13T00:21:44.327+0000] {dag.py:4180} INFO - Setting next_dagrun for example_bash_decorator to None, run_after=None
[2025-02-13T00:21:44.371+0000] {processor.py:208} INFO - Processing /home/airflow/.local/lib/python3.12/site-packages/airflow/example_dags/example_bash_decorator.py took 0.131 seconds
[2025-02-13T00:22:14.499+0000] {processor.py:186} INFO - Started process (PID=2514) to work on /home/airflow/.local/lib/python3.12/site-packages/airflow/example_dags/example_bash_decorator.py
[2025-02-13T00:22:14.502+0000] {processor.py:914} INFO - Processing file /home/airflow/.local/lib/python3.12/site-packages/airflow/example_dags/example_bash_decorator.py for tasks to queue
[2025-02-13T00:22:14.511+0000] {logging_mixin.py:190} INFO - [2025-02-13T00:22:14.510+0000] {dagbag.py:588} INFO - Filling up the DagBag from /home/airflow/.local/lib/python3.12/site-packages/airflow/example_dags/example_bash_decorator.py
[2025-02-13T00:22:14.536+0000] {processor.py:925} INFO - DAG(s) 'example_bash_decorator' retrieved from /home/airflow/.local/lib/python3.12/site-packages/airflow/example_dags/example_bash_decorator.py
[2025-02-13T00:22:14.564+0000] {logging_mixin.py:190} INFO - [2025-02-13T00:22:14.564+0000] {dag.py:3239} INFO - Sync 1 DAGs
[2025-02-13T00:22:14.584+0000] {logging_mixin.py:190} INFO - [2025-02-13T00:22:14.584+0000] {dag.py:4180} INFO - Setting next_dagrun for example_bash_decorator to None, run_after=None
[2025-02-13T00:22:14.602+0000] {processor.py:208} INFO - Processing /home/airflow/.local/lib/python3.12/site-packages/airflow/example_dags/example_bash_decorator.py took 0.110 seconds
[2025-02-13T00:22:44.678+0000] {processor.py:186} INFO - Started process (PID=2572) to work on /home/airflow/.local/lib/python3.12/site-packages/airflow/example_dags/example_bash_decorator.py
[2025-02-13T00:22:44.679+0000] {processor.py:914} INFO - Processing file /home/airflow/.local/lib/python3.12/site-packages/airflow/example_dags/example_bash_decorator.py for tasks to queue
[2025-02-13T00:22:44.684+0000] {logging_mixin.py:190} INFO - [2025-02-13T00:22:44.684+0000] {dagbag.py:588} INFO - Filling up the DagBag from /home/airflow/.local/lib/python3.12/site-packages/airflow/example_dags/example_bash_decorator.py
[2025-02-13T00:22:44.708+0000] {processor.py:925} INFO - DAG(s) 'example_bash_decorator' retrieved from /home/airflow/.local/lib/python3.12/site-packages/airflow/example_dags/example_bash_decorator.py
[2025-02-13T00:22:44.736+0000] {logging_mixin.py:190} INFO - [2025-02-13T00:22:44.736+0000] {dag.py:3239} INFO - Sync 1 DAGs
[2025-02-13T00:22:44.754+0000] {logging_mixin.py:190} INFO - [2025-02-13T00:22:44.754+0000] {dag.py:4180} INFO - Setting next_dagrun for example_bash_decorator to None, run_after=None
[2025-02-13T00:22:44.778+0000] {processor.py:208} INFO - Processing /home/airflow/.local/lib/python3.12/site-packages/airflow/example_dags/example_bash_decorator.py took 0.107 seconds
[2025-02-13T00:23:15.092+0000] {processor.py:186} INFO - Started process (PID=2630) to work on /home/airflow/.local/lib/python3.12/site-packages/airflow/example_dags/example_bash_decorator.py
[2025-02-13T00:23:15.093+0000] {processor.py:914} INFO - Processing file /home/airflow/.local/lib/python3.12/site-packages/airflow/example_dags/example_bash_decorator.py for tasks to queue
[2025-02-13T00:23:15.095+0000] {logging_mixin.py:190} INFO - [2025-02-13T00:23:15.095+0000] {dagbag.py:588} INFO - Filling up the DagBag from /home/airflow/.local/lib/python3.12/site-packages/airflow/example_dags/example_bash_decorator.py
[2025-02-13T00:23:15.116+0000] {processor.py:925} INFO - DAG(s) 'example_bash_decorator' retrieved from /home/airflow/.local/lib/python3.12/site-packages/airflow/example_dags/example_bash_decorator.py
[2025-02-13T00:23:15.145+0000] {logging_mixin.py:190} INFO - [2025-02-13T00:23:15.145+0000] {dag.py:3239} INFO - Sync 1 DAGs
[2025-02-13T00:23:15.163+0000] {logging_mixin.py:190} INFO - [2025-02-13T00:23:15.163+0000] {dag.py:4180} INFO - Setting next_dagrun for example_bash_decorator to None, run_after=None
[2025-02-13T00:23:15.182+0000] {processor.py:208} INFO - Processing /home/airflow/.local/lib/python3.12/site-packages/airflow/example_dags/example_bash_decorator.py took 0.096 seconds
[2025-02-13T00:23:45.339+0000] {processor.py:186} INFO - Started process (PID=2688) to work on /home/airflow/.local/lib/python3.12/site-packages/airflow/example_dags/example_bash_decorator.py
[2025-02-13T00:23:45.340+0000] {processor.py:914} INFO - Processing file /home/airflow/.local/lib/python3.12/site-packages/airflow/example_dags/example_bash_decorator.py for tasks to queue
[2025-02-13T00:23:45.342+0000] {logging_mixin.py:190} INFO - [2025-02-13T00:23:45.342+0000] {dagbag.py:588} INFO - Filling up the DagBag from /home/airflow/.local/lib/python3.12/site-packages/airflow/example_dags/example_bash_decorator.py
[2025-02-13T00:23:45.367+0000] {processor.py:925} INFO - DAG(s) 'example_bash_decorator' retrieved from /home/airflow/.local/lib/python3.12/site-packages/airflow/example_dags/example_bash_decorator.py
[2025-02-13T00:23:45.395+0000] {logging_mixin.py:190} INFO - [2025-02-13T00:23:45.395+0000] {dag.py:3239} INFO - Sync 1 DAGs
[2025-02-13T00:23:45.413+0000] {logging_mixin.py:190} INFO - [2025-02-13T00:23:45.413+0000] {dag.py:4180} INFO - Setting next_dagrun for example_bash_decorator to None, run_after=None
[2025-02-13T00:23:45.432+0000] {processor.py:208} INFO - Processing /home/airflow/.local/lib/python3.12/site-packages/airflow/example_dags/example_bash_decorator.py took 0.100 seconds
[2025-02-13T00:24:15.615+0000] {processor.py:186} INFO - Started process (PID=2746) to work on /home/airflow/.local/lib/python3.12/site-packages/airflow/example_dags/example_bash_decorator.py
[2025-02-13T00:24:15.616+0000] {processor.py:914} INFO - Processing file /home/airflow/.local/lib/python3.12/site-packages/airflow/example_dags/example_bash_decorator.py for tasks to queue
[2025-02-13T00:24:15.618+0000] {logging_mixin.py:190} INFO - [2025-02-13T00:24:15.618+0000] {dagbag.py:588} INFO - Filling up the DagBag from /home/airflow/.local/lib/python3.12/site-packages/airflow/example_dags/example_bash_decorator.py
[2025-02-13T00:24:15.637+0000] {processor.py:925} INFO - DAG(s) 'example_bash_decorator' retrieved from /home/airflow/.local/lib/python3.12/site-packages/airflow/example_dags/example_bash_decorator.py
[2025-02-13T00:24:15.667+0000] {logging_mixin.py:190} INFO - [2025-02-13T00:24:15.666+0000] {dag.py:3239} INFO - Sync 1 DAGs
[2025-02-13T00:24:15.686+0000] {logging_mixin.py:190} INFO - [2025-02-13T00:24:15.685+0000] {dag.py:4180} INFO - Setting next_dagrun for example_bash_decorator to None, run_after=None
[2025-02-13T00:24:15.704+0000] {processor.py:208} INFO - Processing /home/airflow/.local/lib/python3.12/site-packages/airflow/example_dags/example_bash_decorator.py took 0.096 seconds
[2025-02-13T00:24:45.809+0000] {processor.py:186} INFO - Started process (PID=2804) to work on /home/airflow/.local/lib/python3.12/site-packages/airflow/example_dags/example_bash_decorator.py
[2025-02-13T00:24:45.810+0000] {processor.py:914} INFO - Processing file /home/airflow/.local/lib/python3.12/site-packages/airflow/example_dags/example_bash_decorator.py for tasks to queue
[2025-02-13T00:24:45.812+0000] {logging_mixin.py:190} INFO - [2025-02-13T00:24:45.812+0000] {dagbag.py:588} INFO - Filling up the DagBag from /home/airflow/.local/lib/python3.12/site-packages/airflow/example_dags/example_bash_decorator.py
[2025-02-13T00:24:45.832+0000] {processor.py:925} INFO - DAG(s) 'example_bash_decorator' retrieved from /home/airflow/.local/lib/python3.12/site-packages/airflow/example_dags/example_bash_decorator.py
[2025-02-13T00:24:45.862+0000] {logging_mixin.py:190} INFO - [2025-02-13T00:24:45.861+0000] {dag.py:3239} INFO - Sync 1 DAGs
[2025-02-13T00:24:45.880+0000] {logging_mixin.py:190} INFO - [2025-02-13T00:24:45.880+0000] {dag.py:4180} INFO - Setting next_dagrun for example_bash_decorator to None, run_after=None
[2025-02-13T00:24:45.898+0000] {processor.py:208} INFO - Processing /home/airflow/.local/lib/python3.12/site-packages/airflow/example_dags/example_bash_decorator.py took 0.096 seconds
[2025-02-13T00:25:16.022+0000] {processor.py:186} INFO - Started process (PID=2862) to work on /home/airflow/.local/lib/python3.12/site-packages/airflow/example_dags/example_bash_decorator.py
[2025-02-13T00:25:16.023+0000] {processor.py:914} INFO - Processing file /home/airflow/.local/lib/python3.12/site-packages/airflow/example_dags/example_bash_decorator.py for tasks to queue
[2025-02-13T00:25:16.025+0000] {logging_mixin.py:190} INFO - [2025-02-13T00:25:16.025+0000] {dagbag.py:588} INFO - Filling up the DagBag from /home/airflow/.local/lib/python3.12/site-packages/airflow/example_dags/example_bash_decorator.py
[2025-02-13T00:25:16.050+0000] {processor.py:925} INFO - DAG(s) 'example_bash_decorator' retrieved from /home/airflow/.local/lib/python3.12/site-packages/airflow/example_dags/example_bash_decorator.py
[2025-02-13T00:25:16.079+0000] {logging_mixin.py:190} INFO - [2025-02-13T00:25:16.078+0000] {dag.py:3239} INFO - Sync 1 DAGs
[2025-02-13T00:25:16.097+0000] {logging_mixin.py:190} INFO - [2025-02-13T00:25:16.097+0000] {dag.py:4180} INFO - Setting next_dagrun for example_bash_decorator to None, run_after=None
[2025-02-13T00:25:16.115+0000] {processor.py:208} INFO - Processing /home/airflow/.local/lib/python3.12/site-packages/airflow/example_dags/example_bash_decorator.py took 0.100 seconds
[2025-02-13T00:25:46.363+0000] {processor.py:186} INFO - Started process (PID=2920) to work on /home/airflow/.local/lib/python3.12/site-packages/airflow/example_dags/example_bash_decorator.py
[2025-02-13T00:25:46.364+0000] {processor.py:914} INFO - Processing file /home/airflow/.local/lib/python3.12/site-packages/airflow/example_dags/example_bash_decorator.py for tasks to queue
[2025-02-13T00:25:46.366+0000] {logging_mixin.py:190} INFO - [2025-02-13T00:25:46.366+0000] {dagbag.py:588} INFO - Filling up the DagBag from /home/airflow/.local/lib/python3.12/site-packages/airflow/example_dags/example_bash_decorator.py
[2025-02-13T00:25:46.384+0000] {processor.py:925} INFO - DAG(s) 'example_bash_decorator' retrieved from /home/airflow/.local/lib/python3.12/site-packages/airflow/example_dags/example_bash_decorator.py
[2025-02-13T00:25:46.420+0000] {logging_mixin.py:190} INFO - [2025-02-13T00:25:46.419+0000] {dag.py:3239} INFO - Sync 1 DAGs
[2025-02-13T00:25:46.440+0000] {logging_mixin.py:190} INFO - [2025-02-13T00:25:46.439+0000] {dag.py:4180} INFO - Setting next_dagrun for example_bash_decorator to None, run_after=None
[2025-02-13T00:25:46.462+0000] {processor.py:208} INFO - Processing /home/airflow/.local/lib/python3.12/site-packages/airflow/example_dags/example_bash_decorator.py took 0.105 seconds
[2025-02-13T00:26:16.869+0000] {processor.py:186} INFO - Started process (PID=2978) to work on /home/airflow/.local/lib/python3.12/site-packages/airflow/example_dags/example_bash_decorator.py
[2025-02-13T00:26:16.870+0000] {processor.py:914} INFO - Processing file /home/airflow/.local/lib/python3.12/site-packages/airflow/example_dags/example_bash_decorator.py for tasks to queue
[2025-02-13T00:26:16.872+0000] {logging_mixin.py:190} INFO - [2025-02-13T00:26:16.872+0000] {dagbag.py:588} INFO - Filling up the DagBag from /home/airflow/.local/lib/python3.12/site-packages/airflow/example_dags/example_bash_decorator.py
[2025-02-13T00:26:16.893+0000] {processor.py:925} INFO - DAG(s) 'example_bash_decorator' retrieved from /home/airflow/.local/lib/python3.12/site-packages/airflow/example_dags/example_bash_decorator.py
[2025-02-13T00:26:16.922+0000] {logging_mixin.py:190} INFO - [2025-02-13T00:26:16.922+0000] {dag.py:3239} INFO - Sync 1 DAGs
[2025-02-13T00:26:16.941+0000] {logging_mixin.py:190} INFO - [2025-02-13T00:26:16.941+0000] {dag.py:4180} INFO - Setting next_dagrun for example_bash_decorator to None, run_after=None
[2025-02-13T00:26:16.959+0000] {processor.py:208} INFO - Processing /home/airflow/.local/lib/python3.12/site-packages/airflow/example_dags/example_bash_decorator.py took 0.097 seconds
[2025-02-13T00:26:47.089+0000] {processor.py:186} INFO - Started process (PID=3036) to work on /home/airflow/.local/lib/python3.12/site-packages/airflow/example_dags/example_bash_decorator.py
[2025-02-13T00:26:47.090+0000] {processor.py:914} INFO - Processing file /home/airflow/.local/lib/python3.12/site-packages/airflow/example_dags/example_bash_decorator.py for tasks to queue
[2025-02-13T00:26:47.093+0000] {logging_mixin.py:190} INFO - [2025-02-13T00:26:47.092+0000] {dagbag.py:588} INFO - Filling up the DagBag from /home/airflow/.local/lib/python3.12/site-packages/airflow/example_dags/example_bash_decorator.py
[2025-02-13T00:26:47.111+0000] {processor.py:925} INFO - DAG(s) 'example_bash_decorator' retrieved from /home/airflow/.local/lib/python3.12/site-packages/airflow/example_dags/example_bash_decorator.py
[2025-02-13T00:26:47.141+0000] {logging_mixin.py:190} INFO - [2025-02-13T00:26:47.140+0000] {dag.py:3239} INFO - Sync 1 DAGs
[2025-02-13T00:26:47.168+0000] {logging_mixin.py:190} INFO - [2025-02-13T00:26:47.168+0000] {dag.py:4180} INFO - Setting next_dagrun for example_bash_decorator to None, run_after=None
[2025-02-13T00:26:47.187+0000] {processor.py:208} INFO - Processing /home/airflow/.local/lib/python3.12/site-packages/airflow/example_dags/example_bash_decorator.py took 0.105 seconds
[2025-02-13T00:27:17.648+0000] {processor.py:186} INFO - Started process (PID=3094) to work on /home/airflow/.local/lib/python3.12/site-packages/airflow/example_dags/example_bash_decorator.py
[2025-02-13T00:27:17.651+0000] {processor.py:914} INFO - Processing file /home/airflow/.local/lib/python3.12/site-packages/airflow/example_dags/example_bash_decorator.py for tasks to queue
[2025-02-13T00:27:17.653+0000] {logging_mixin.py:190} INFO - [2025-02-13T00:27:17.653+0000] {dagbag.py:588} INFO - Filling up the DagBag from /home/airflow/.local/lib/python3.12/site-packages/airflow/example_dags/example_bash_decorator.py
[2025-02-13T00:27:17.673+0000] {processor.py:925} INFO - DAG(s) 'example_bash_decorator' retrieved from /home/airflow/.local/lib/python3.12/site-packages/airflow/example_dags/example_bash_decorator.py
[2025-02-13T00:27:17.702+0000] {logging_mixin.py:190} INFO - [2025-02-13T00:27:17.702+0000] {dag.py:3239} INFO - Sync 1 DAGs
[2025-02-13T00:27:17.719+0000] {logging_mixin.py:190} INFO - [2025-02-13T00:27:17.719+0000] {dag.py:4180} INFO - Setting next_dagrun for example_bash_decorator to None, run_after=None
[2025-02-13T00:27:17.738+0000] {processor.py:208} INFO - Processing /home/airflow/.local/lib/python3.12/site-packages/airflow/example_dags/example_bash_decorator.py took 0.097 seconds
[2025-02-13T00:27:47.845+0000] {processor.py:186} INFO - Started process (PID=3152) to work on /home/airflow/.local/lib/python3.12/site-packages/airflow/example_dags/example_bash_decorator.py
[2025-02-13T00:27:47.846+0000] {processor.py:914} INFO - Processing file /home/airflow/.local/lib/python3.12/site-packages/airflow/example_dags/example_bash_decorator.py for tasks to queue
[2025-02-13T00:27:47.849+0000] {logging_mixin.py:190} INFO - [2025-02-13T00:27:47.848+0000] {dagbag.py:588} INFO - Filling up the DagBag from /home/airflow/.local/lib/python3.12/site-packages/airflow/example_dags/example_bash_decorator.py
[2025-02-13T00:27:47.867+0000] {processor.py:925} INFO - DAG(s) 'example_bash_decorator' retrieved from /home/airflow/.local/lib/python3.12/site-packages/airflow/example_dags/example_bash_decorator.py
[2025-02-13T00:27:47.901+0000] {logging_mixin.py:190} INFO - [2025-02-13T00:27:47.900+0000] {dag.py:3239} INFO - Sync 1 DAGs
[2025-02-13T00:27:47.918+0000] {logging_mixin.py:190} INFO - [2025-02-13T00:27:47.918+0000] {dag.py:4180} INFO - Setting next_dagrun for example_bash_decorator to None, run_after=None
[2025-02-13T00:27:47.938+0000] {processor.py:208} INFO - Processing /home/airflow/.local/lib/python3.12/site-packages/airflow/example_dags/example_bash_decorator.py took 0.099 seconds
