[2025-02-13T00:00:31.478+0000] {processor.py:186} INFO - Started process (PID=159) to work on /home/airflow/.local/lib/python3.12/site-packages/airflow/example_dags/example_branch_python_dop_operator_3.py
[2025-02-13T00:00:31.480+0000] {processor.py:914} INFO - Processing file /home/airflow/.local/lib/python3.12/site-packages/airflow/example_dags/example_branch_python_dop_operator_3.py for tasks to queue
[2025-02-13T00:00:31.483+0000] {logging_mixin.py:190} INFO - [2025-02-13T00:00:31.482+0000] {dagbag.py:588} INFO - Filling up the DagBag from /home/airflow/.local/lib/python3.12/site-packages/airflow/example_dags/example_branch_python_dop_operator_3.py
[2025-02-13T00:00:31.499+0000] {processor.py:925} INFO - DAG(s) 'example_branch_dop_operator_v3' retrieved from /home/airflow/.local/lib/python3.12/site-packages/airflow/example_dags/example_branch_python_dop_operator_3.py
[2025-02-13T00:00:31.528+0000] {logging_mixin.py:190} INFO - [2025-02-13T00:00:31.527+0000] {dag.py:3239} INFO - Sync 1 DAGs
[2025-02-13T00:00:31.588+0000] {logging_mixin.py:190} INFO - [2025-02-13T00:00:31.588+0000] {dag.py:4180} INFO - Setting next_dagrun for example_branch_dop_operator_v3 to 2025-02-12 23:59:00+00:00, run_after=2025-02-13 00:00:00+00:00
[2025-02-13T00:00:32.372+0000] {processor.py:208} INFO - Processing /home/airflow/.local/lib/python3.12/site-packages/airflow/example_dags/example_branch_python_dop_operator_3.py took 0.903 seconds
[2025-02-13T00:01:19.275+0000] {processor.py:186} INFO - Started process (PID=217) to work on /home/airflow/.local/lib/python3.12/site-packages/airflow/example_dags/example_branch_python_dop_operator_3.py
[2025-02-13T00:01:19.277+0000] {processor.py:914} INFO - Processing file /home/airflow/.local/lib/python3.12/site-packages/airflow/example_dags/example_branch_python_dop_operator_3.py for tasks to queue
[2025-02-13T00:01:19.282+0000] {logging_mixin.py:190} INFO - [2025-02-13T00:01:19.282+0000] {dagbag.py:588} INFO - Filling up the DagBag from /home/airflow/.local/lib/python3.12/site-packages/airflow/example_dags/example_branch_python_dop_operator_3.py
[2025-02-13T00:01:19.300+0000] {processor.py:925} INFO - DAG(s) 'example_branch_dop_operator_v3' retrieved from /home/airflow/.local/lib/python3.12/site-packages/airflow/example_dags/example_branch_python_dop_operator_3.py
[2025-02-13T00:01:19.347+0000] {logging_mixin.py:190} INFO - [2025-02-13T00:01:19.346+0000] {dag.py:3239} INFO - Sync 1 DAGs
[2025-02-13T00:01:19.404+0000] {logging_mixin.py:190} INFO - [2025-02-13T00:01:19.404+0000] {dag.py:4180} INFO - Setting next_dagrun for example_branch_dop_operator_v3 to 2025-02-13 00:00:00+00:00, run_after=2025-02-13 00:01:00+00:00
[2025-02-13T00:01:19.446+0000] {processor.py:208} INFO - Processing /home/airflow/.local/lib/python3.12/site-packages/airflow/example_dags/example_branch_python_dop_operator_3.py took 0.192 seconds
[2025-02-13T00:02:02.872+0000] {processor.py:186} INFO - Started process (PID=268) to work on /home/airflow/.local/lib/python3.12/site-packages/airflow/example_dags/example_branch_python_dop_operator_3.py
[2025-02-13T00:02:02.874+0000] {processor.py:914} INFO - Processing file /home/airflow/.local/lib/python3.12/site-packages/airflow/example_dags/example_branch_python_dop_operator_3.py for tasks to queue
[2025-02-13T00:02:02.877+0000] {logging_mixin.py:190} INFO - [2025-02-13T00:02:02.877+0000] {dagbag.py:588} INFO - Filling up the DagBag from /home/airflow/.local/lib/python3.12/site-packages/airflow/example_dags/example_branch_python_dop_operator_3.py
[2025-02-13T00:02:02.896+0000] {processor.py:925} INFO - DAG(s) 'example_branch_dop_operator_v3' retrieved from /home/airflow/.local/lib/python3.12/site-packages/airflow/example_dags/example_branch_python_dop_operator_3.py
[2025-02-13T00:02:02.930+0000] {logging_mixin.py:190} INFO - [2025-02-13T00:02:02.929+0000] {dag.py:3239} INFO - Sync 1 DAGs
[2025-02-13T00:02:02.998+0000] {logging_mixin.py:190} INFO - [2025-02-13T00:02:02.998+0000] {dag.py:4180} INFO - Setting next_dagrun for example_branch_dop_operator_v3 to 2025-02-13 00:01:00+00:00, run_after=2025-02-13 00:02:00+00:00
[2025-02-13T00:02:03.748+0000] {processor.py:208} INFO - Processing /home/airflow/.local/lib/python3.12/site-packages/airflow/example_dags/example_branch_python_dop_operator_3.py took 0.886 seconds
[2025-02-13T00:02:48.355+0000] {processor.py:186} INFO - Started process (PID=326) to work on /home/airflow/.local/lib/python3.12/site-packages/airflow/example_dags/example_branch_python_dop_operator_3.py
[2025-02-13T00:02:48.356+0000] {processor.py:914} INFO - Processing file /home/airflow/.local/lib/python3.12/site-packages/airflow/example_dags/example_branch_python_dop_operator_3.py for tasks to queue
[2025-02-13T00:02:48.358+0000] {logging_mixin.py:190} INFO - [2025-02-13T00:02:48.358+0000] {dagbag.py:588} INFO - Filling up the DagBag from /home/airflow/.local/lib/python3.12/site-packages/airflow/example_dags/example_branch_python_dop_operator_3.py
[2025-02-13T00:02:48.376+0000] {processor.py:925} INFO - DAG(s) 'example_branch_dop_operator_v3' retrieved from /home/airflow/.local/lib/python3.12/site-packages/airflow/example_dags/example_branch_python_dop_operator_3.py
[2025-02-13T00:02:48.401+0000] {logging_mixin.py:190} INFO - [2025-02-13T00:02:48.400+0000] {dag.py:3239} INFO - Sync 1 DAGs
[2025-02-13T00:02:48.692+0000] {logging_mixin.py:190} INFO - [2025-02-13T00:02:48.692+0000] {dag.py:4180} INFO - Setting next_dagrun for example_branch_dop_operator_v3 to 2025-02-13 00:01:00+00:00, run_after=2025-02-13 00:02:00+00:00
[2025-02-13T00:02:49.119+0000] {processor.py:208} INFO - Processing /home/airflow/.local/lib/python3.12/site-packages/airflow/example_dags/example_branch_python_dop_operator_3.py took 0.772 seconds
[2025-02-13T00:03:19.307+0000] {processor.py:186} INFO - Started process (PID=384) to work on /home/airflow/.local/lib/python3.12/site-packages/airflow/example_dags/example_branch_python_dop_operator_3.py
[2025-02-13T00:03:19.325+0000] {processor.py:914} INFO - Processing file /home/airflow/.local/lib/python3.12/site-packages/airflow/example_dags/example_branch_python_dop_operator_3.py for tasks to queue
[2025-02-13T00:03:19.327+0000] {logging_mixin.py:190} INFO - [2025-02-13T00:03:19.327+0000] {dagbag.py:588} INFO - Filling up the DagBag from /home/airflow/.local/lib/python3.12/site-packages/airflow/example_dags/example_branch_python_dop_operator_3.py
[2025-02-13T00:03:19.352+0000] {processor.py:925} INFO - DAG(s) 'example_branch_dop_operator_v3' retrieved from /home/airflow/.local/lib/python3.12/site-packages/airflow/example_dags/example_branch_python_dop_operator_3.py
[2025-02-13T00:03:19.391+0000] {logging_mixin.py:190} INFO - [2025-02-13T00:03:19.390+0000] {dag.py:3239} INFO - Sync 1 DAGs
[2025-02-13T00:03:20.075+0000] {logging_mixin.py:190} INFO - [2025-02-13T00:03:20.075+0000] {dag.py:4180} INFO - Setting next_dagrun for example_branch_dop_operator_v3 to 2025-02-13 00:02:00+00:00, run_after=2025-02-13 00:03:00+00:00
[2025-02-13T00:03:22.432+0000] {processor.py:208} INFO - Processing /home/airflow/.local/lib/python3.12/site-packages/airflow/example_dags/example_branch_python_dop_operator_3.py took 3.141 seconds
[2025-02-13T00:03:53.095+0000] {processor.py:186} INFO - Started process (PID=442) to work on /home/airflow/.local/lib/python3.12/site-packages/airflow/example_dags/example_branch_python_dop_operator_3.py
[2025-02-13T00:03:53.096+0000] {processor.py:914} INFO - Processing file /home/airflow/.local/lib/python3.12/site-packages/airflow/example_dags/example_branch_python_dop_operator_3.py for tasks to queue
[2025-02-13T00:03:53.098+0000] {logging_mixin.py:190} INFO - [2025-02-13T00:03:53.098+0000] {dagbag.py:588} INFO - Filling up the DagBag from /home/airflow/.local/lib/python3.12/site-packages/airflow/example_dags/example_branch_python_dop_operator_3.py
[2025-02-13T00:03:53.114+0000] {processor.py:925} INFO - DAG(s) 'example_branch_dop_operator_v3' retrieved from /home/airflow/.local/lib/python3.12/site-packages/airflow/example_dags/example_branch_python_dop_operator_3.py
[2025-02-13T00:03:53.196+0000] {logging_mixin.py:190} INFO - [2025-02-13T00:03:53.196+0000] {dag.py:3239} INFO - Sync 1 DAGs
[2025-02-13T00:03:53.230+0000] {logging_mixin.py:190} INFO - [2025-02-13T00:03:53.230+0000] {dag.py:4180} INFO - Setting next_dagrun for example_branch_dop_operator_v3 to 2025-02-13 00:02:00+00:00, run_after=2025-02-13 00:03:00+00:00
[2025-02-13T00:03:54.923+0000] {processor.py:208} INFO - Processing /home/airflow/.local/lib/python3.12/site-packages/airflow/example_dags/example_branch_python_dop_operator_3.py took 1.848 seconds
[2025-02-13T00:04:25.199+0000] {processor.py:186} INFO - Started process (PID=500) to work on /home/airflow/.local/lib/python3.12/site-packages/airflow/example_dags/example_branch_python_dop_operator_3.py
[2025-02-13T00:04:25.201+0000] {processor.py:914} INFO - Processing file /home/airflow/.local/lib/python3.12/site-packages/airflow/example_dags/example_branch_python_dop_operator_3.py for tasks to queue
[2025-02-13T00:04:25.217+0000] {logging_mixin.py:190} INFO - [2025-02-13T00:04:25.217+0000] {dagbag.py:588} INFO - Filling up the DagBag from /home/airflow/.local/lib/python3.12/site-packages/airflow/example_dags/example_branch_python_dop_operator_3.py
[2025-02-13T00:04:25.235+0000] {processor.py:925} INFO - DAG(s) 'example_branch_dop_operator_v3' retrieved from /home/airflow/.local/lib/python3.12/site-packages/airflow/example_dags/example_branch_python_dop_operator_3.py
[2025-02-13T00:04:25.270+0000] {logging_mixin.py:190} INFO - [2025-02-13T00:04:25.269+0000] {dag.py:3239} INFO - Sync 1 DAGs
[2025-02-13T00:04:25.432+0000] {logging_mixin.py:190} INFO - [2025-02-13T00:04:25.391+0000] {dag.py:4180} INFO - Setting next_dagrun for example_branch_dop_operator_v3 to 2025-02-13 00:03:00+00:00, run_after=2025-02-13 00:04:00+00:00
[2025-02-13T00:04:27.549+0000] {processor.py:208} INFO - Processing /home/airflow/.local/lib/python3.12/site-packages/airflow/example_dags/example_branch_python_dop_operator_3.py took 2.367 seconds
[2025-02-13T00:04:58.403+0000] {processor.py:186} INFO - Started process (PID=558) to work on /home/airflow/.local/lib/python3.12/site-packages/airflow/example_dags/example_branch_python_dop_operator_3.py
[2025-02-13T00:04:58.404+0000] {processor.py:914} INFO - Processing file /home/airflow/.local/lib/python3.12/site-packages/airflow/example_dags/example_branch_python_dop_operator_3.py for tasks to queue
[2025-02-13T00:04:58.408+0000] {logging_mixin.py:190} INFO - [2025-02-13T00:04:58.408+0000] {dagbag.py:588} INFO - Filling up the DagBag from /home/airflow/.local/lib/python3.12/site-packages/airflow/example_dags/example_branch_python_dop_operator_3.py
[2025-02-13T00:04:58.437+0000] {processor.py:925} INFO - DAG(s) 'example_branch_dop_operator_v3' retrieved from /home/airflow/.local/lib/python3.12/site-packages/airflow/example_dags/example_branch_python_dop_operator_3.py
[2025-02-13T00:04:58.559+0000] {logging_mixin.py:190} INFO - [2025-02-13T00:04:58.536+0000] {dag.py:3239} INFO - Sync 1 DAGs
[2025-02-13T00:04:58.635+0000] {logging_mixin.py:190} INFO - [2025-02-13T00:04:58.635+0000] {dag.py:4180} INFO - Setting next_dagrun for example_branch_dop_operator_v3 to 2025-02-13 00:03:00+00:00, run_after=2025-02-13 00:04:00+00:00
[2025-02-13T00:04:58.836+0000] {processor.py:208} INFO - Processing /home/airflow/.local/lib/python3.12/site-packages/airflow/example_dags/example_branch_python_dop_operator_3.py took 0.452 seconds
[2025-02-13T00:05:29.384+0000] {processor.py:186} INFO - Started process (PID=616) to work on /home/airflow/.local/lib/python3.12/site-packages/airflow/example_dags/example_branch_python_dop_operator_3.py
[2025-02-13T00:05:29.385+0000] {processor.py:914} INFO - Processing file /home/airflow/.local/lib/python3.12/site-packages/airflow/example_dags/example_branch_python_dop_operator_3.py for tasks to queue
[2025-02-13T00:05:29.388+0000] {logging_mixin.py:190} INFO - [2025-02-13T00:05:29.387+0000] {dagbag.py:588} INFO - Filling up the DagBag from /home/airflow/.local/lib/python3.12/site-packages/airflow/example_dags/example_branch_python_dop_operator_3.py
[2025-02-13T00:05:29.405+0000] {processor.py:925} INFO - DAG(s) 'example_branch_dop_operator_v3' retrieved from /home/airflow/.local/lib/python3.12/site-packages/airflow/example_dags/example_branch_python_dop_operator_3.py
[2025-02-13T00:05:29.450+0000] {logging_mixin.py:190} INFO - [2025-02-13T00:05:29.449+0000] {dag.py:3239} INFO - Sync 1 DAGs
[2025-02-13T00:05:29.564+0000] {logging_mixin.py:190} INFO - [2025-02-13T00:05:29.564+0000] {dag.py:4180} INFO - Setting next_dagrun for example_branch_dop_operator_v3 to 2025-02-13 00:04:00+00:00, run_after=2025-02-13 00:05:00+00:00
[2025-02-13T00:05:31.136+0000] {processor.py:208} INFO - Processing /home/airflow/.local/lib/python3.12/site-packages/airflow/example_dags/example_branch_python_dop_operator_3.py took 1.782 seconds
[2025-02-13T00:06:01.710+0000] {processor.py:186} INFO - Started process (PID=674) to work on /home/airflow/.local/lib/python3.12/site-packages/airflow/example_dags/example_branch_python_dop_operator_3.py
[2025-02-13T00:06:01.715+0000] {processor.py:914} INFO - Processing file /home/airflow/.local/lib/python3.12/site-packages/airflow/example_dags/example_branch_python_dop_operator_3.py for tasks to queue
[2025-02-13T00:06:01.717+0000] {logging_mixin.py:190} INFO - [2025-02-13T00:06:01.717+0000] {dagbag.py:588} INFO - Filling up the DagBag from /home/airflow/.local/lib/python3.12/site-packages/airflow/example_dags/example_branch_python_dop_operator_3.py
[2025-02-13T00:06:01.737+0000] {processor.py:925} INFO - DAG(s) 'example_branch_dop_operator_v3' retrieved from /home/airflow/.local/lib/python3.12/site-packages/airflow/example_dags/example_branch_python_dop_operator_3.py
[2025-02-13T00:06:01.766+0000] {logging_mixin.py:190} INFO - [2025-02-13T00:06:01.766+0000] {dag.py:3239} INFO - Sync 1 DAGs
[2025-02-13T00:06:01.796+0000] {logging_mixin.py:190} INFO - [2025-02-13T00:06:01.796+0000] {dag.py:4180} INFO - Setting next_dagrun for example_branch_dop_operator_v3 to 2025-02-13 00:05:00+00:00, run_after=2025-02-13 00:06:00+00:00
[2025-02-13T00:06:02.842+0000] {processor.py:208} INFO - Processing /home/airflow/.local/lib/python3.12/site-packages/airflow/example_dags/example_branch_python_dop_operator_3.py took 1.144 seconds
[2025-02-13T00:06:33.161+0000] {processor.py:186} INFO - Started process (PID=732) to work on /home/airflow/.local/lib/python3.12/site-packages/airflow/example_dags/example_branch_python_dop_operator_3.py
[2025-02-13T00:06:33.166+0000] {processor.py:914} INFO - Processing file /home/airflow/.local/lib/python3.12/site-packages/airflow/example_dags/example_branch_python_dop_operator_3.py for tasks to queue
[2025-02-13T00:06:33.175+0000] {logging_mixin.py:190} INFO - [2025-02-13T00:06:33.175+0000] {dagbag.py:588} INFO - Filling up the DagBag from /home/airflow/.local/lib/python3.12/site-packages/airflow/example_dags/example_branch_python_dop_operator_3.py
[2025-02-13T00:06:33.196+0000] {processor.py:925} INFO - DAG(s) 'example_branch_dop_operator_v3' retrieved from /home/airflow/.local/lib/python3.12/site-packages/airflow/example_dags/example_branch_python_dop_operator_3.py
[2025-02-13T00:06:33.224+0000] {logging_mixin.py:190} INFO - [2025-02-13T00:06:33.223+0000] {dag.py:3239} INFO - Sync 1 DAGs
[2025-02-13T00:06:33.261+0000] {logging_mixin.py:190} INFO - [2025-02-13T00:06:33.261+0000] {dag.py:4180} INFO - Setting next_dagrun for example_branch_dop_operator_v3 to 2025-02-13 00:05:00+00:00, run_after=2025-02-13 00:06:00+00:00
[2025-02-13T00:06:33.304+0000] {processor.py:208} INFO - Processing /home/airflow/.local/lib/python3.12/site-packages/airflow/example_dags/example_branch_python_dop_operator_3.py took 0.155 seconds
[2025-02-13T00:07:03.517+0000] {processor.py:186} INFO - Started process (PID=790) to work on /home/airflow/.local/lib/python3.12/site-packages/airflow/example_dags/example_branch_python_dop_operator_3.py
[2025-02-13T00:07:03.518+0000] {processor.py:914} INFO - Processing file /home/airflow/.local/lib/python3.12/site-packages/airflow/example_dags/example_branch_python_dop_operator_3.py for tasks to queue
[2025-02-13T00:07:03.520+0000] {logging_mixin.py:190} INFO - [2025-02-13T00:07:03.520+0000] {dagbag.py:588} INFO - Filling up the DagBag from /home/airflow/.local/lib/python3.12/site-packages/airflow/example_dags/example_branch_python_dop_operator_3.py
[2025-02-13T00:07:03.544+0000] {processor.py:925} INFO - DAG(s) 'example_branch_dop_operator_v3' retrieved from /home/airflow/.local/lib/python3.12/site-packages/airflow/example_dags/example_branch_python_dop_operator_3.py
[2025-02-13T00:07:03.611+0000] {logging_mixin.py:190} INFO - [2025-02-13T00:07:03.611+0000] {dag.py:3239} INFO - Sync 1 DAGs
[2025-02-13T00:07:03.654+0000] {logging_mixin.py:190} INFO - [2025-02-13T00:07:03.653+0000] {dag.py:4180} INFO - Setting next_dagrun for example_branch_dop_operator_v3 to 2025-02-13 00:06:00+00:00, run_after=2025-02-13 00:07:00+00:00
[2025-02-13T00:07:03.673+0000] {processor.py:208} INFO - Processing /home/airflow/.local/lib/python3.12/site-packages/airflow/example_dags/example_branch_python_dop_operator_3.py took 0.170 seconds
[2025-02-13T00:07:33.779+0000] {processor.py:186} INFO - Started process (PID=848) to work on /home/airflow/.local/lib/python3.12/site-packages/airflow/example_dags/example_branch_python_dop_operator_3.py
[2025-02-13T00:07:33.780+0000] {processor.py:914} INFO - Processing file /home/airflow/.local/lib/python3.12/site-packages/airflow/example_dags/example_branch_python_dop_operator_3.py for tasks to queue
[2025-02-13T00:07:33.783+0000] {logging_mixin.py:190} INFO - [2025-02-13T00:07:33.783+0000] {dagbag.py:588} INFO - Filling up the DagBag from /home/airflow/.local/lib/python3.12/site-packages/airflow/example_dags/example_branch_python_dop_operator_3.py
[2025-02-13T00:07:33.799+0000] {processor.py:925} INFO - DAG(s) 'example_branch_dop_operator_v3' retrieved from /home/airflow/.local/lib/python3.12/site-packages/airflow/example_dags/example_branch_python_dop_operator_3.py
[2025-02-13T00:07:33.826+0000] {logging_mixin.py:190} INFO - [2025-02-13T00:07:33.826+0000] {dag.py:3239} INFO - Sync 1 DAGs
[2025-02-13T00:07:33.885+0000] {logging_mixin.py:190} INFO - [2025-02-13T00:07:33.885+0000] {dag.py:4180} INFO - Setting next_dagrun for example_branch_dop_operator_v3 to 2025-02-13 00:06:00+00:00, run_after=2025-02-13 00:07:00+00:00
[2025-02-13T00:07:33.901+0000] {processor.py:208} INFO - Processing /home/airflow/.local/lib/python3.12/site-packages/airflow/example_dags/example_branch_python_dop_operator_3.py took 0.144 seconds
[2025-02-13T00:08:04.010+0000] {processor.py:186} INFO - Started process (PID=906) to work on /home/airflow/.local/lib/python3.12/site-packages/airflow/example_dags/example_branch_python_dop_operator_3.py
[2025-02-13T00:08:04.011+0000] {processor.py:914} INFO - Processing file /home/airflow/.local/lib/python3.12/site-packages/airflow/example_dags/example_branch_python_dop_operator_3.py for tasks to queue
[2025-02-13T00:08:04.013+0000] {logging_mixin.py:190} INFO - [2025-02-13T00:08:04.013+0000] {dagbag.py:588} INFO - Filling up the DagBag from /home/airflow/.local/lib/python3.12/site-packages/airflow/example_dags/example_branch_python_dop_operator_3.py
[2025-02-13T00:08:04.027+0000] {processor.py:925} INFO - DAG(s) 'example_branch_dop_operator_v3' retrieved from /home/airflow/.local/lib/python3.12/site-packages/airflow/example_dags/example_branch_python_dop_operator_3.py
[2025-02-13T00:08:04.055+0000] {logging_mixin.py:190} INFO - [2025-02-13T00:08:04.054+0000] {dag.py:3239} INFO - Sync 1 DAGs
[2025-02-13T00:08:04.104+0000] {logging_mixin.py:190} INFO - [2025-02-13T00:08:04.103+0000] {dag.py:4180} INFO - Setting next_dagrun for example_branch_dop_operator_v3 to 2025-02-13 00:07:00+00:00, run_after=2025-02-13 00:08:00+00:00
[2025-02-13T00:08:04.143+0000] {processor.py:208} INFO - Processing /home/airflow/.local/lib/python3.12/site-packages/airflow/example_dags/example_branch_python_dop_operator_3.py took 0.142 seconds
[2025-02-13T00:08:34.429+0000] {processor.py:186} INFO - Started process (PID=964) to work on /home/airflow/.local/lib/python3.12/site-packages/airflow/example_dags/example_branch_python_dop_operator_3.py
[2025-02-13T00:08:34.432+0000] {processor.py:914} INFO - Processing file /home/airflow/.local/lib/python3.12/site-packages/airflow/example_dags/example_branch_python_dop_operator_3.py for tasks to queue
[2025-02-13T00:08:34.434+0000] {logging_mixin.py:190} INFO - [2025-02-13T00:08:34.434+0000] {dagbag.py:588} INFO - Filling up the DagBag from /home/airflow/.local/lib/python3.12/site-packages/airflow/example_dags/example_branch_python_dop_operator_3.py
[2025-02-13T00:08:34.447+0000] {processor.py:925} INFO - DAG(s) 'example_branch_dop_operator_v3' retrieved from /home/airflow/.local/lib/python3.12/site-packages/airflow/example_dags/example_branch_python_dop_operator_3.py
[2025-02-13T00:08:34.485+0000] {logging_mixin.py:190} INFO - [2025-02-13T00:08:34.483+0000] {dag.py:3239} INFO - Sync 1 DAGs
[2025-02-13T00:08:34.590+0000] {logging_mixin.py:190} INFO - [2025-02-13T00:08:34.590+0000] {dag.py:4180} INFO - Setting next_dagrun for example_branch_dop_operator_v3 to 2025-02-13 00:07:00+00:00, run_after=2025-02-13 00:08:00+00:00
[2025-02-13T00:08:34.609+0000] {processor.py:208} INFO - Processing /home/airflow/.local/lib/python3.12/site-packages/airflow/example_dags/example_branch_python_dop_operator_3.py took 0.192 seconds
[2025-02-13T00:09:04.771+0000] {processor.py:186} INFO - Started process (PID=1022) to work on /home/airflow/.local/lib/python3.12/site-packages/airflow/example_dags/example_branch_python_dop_operator_3.py
[2025-02-13T00:09:04.772+0000] {processor.py:914} INFO - Processing file /home/airflow/.local/lib/python3.12/site-packages/airflow/example_dags/example_branch_python_dop_operator_3.py for tasks to queue
[2025-02-13T00:09:04.774+0000] {logging_mixin.py:190} INFO - [2025-02-13T00:09:04.774+0000] {dagbag.py:588} INFO - Filling up the DagBag from /home/airflow/.local/lib/python3.12/site-packages/airflow/example_dags/example_branch_python_dop_operator_3.py
[2025-02-13T00:09:04.786+0000] {processor.py:925} INFO - DAG(s) 'example_branch_dop_operator_v3' retrieved from /home/airflow/.local/lib/python3.12/site-packages/airflow/example_dags/example_branch_python_dop_operator_3.py
[2025-02-13T00:09:04.807+0000] {logging_mixin.py:190} INFO - [2025-02-13T00:09:04.806+0000] {dag.py:3239} INFO - Sync 1 DAGs
[2025-02-13T00:09:04.841+0000] {logging_mixin.py:190} INFO - [2025-02-13T00:09:04.841+0000] {dag.py:4180} INFO - Setting next_dagrun for example_branch_dop_operator_v3 to 2025-02-13 00:08:00+00:00, run_after=2025-02-13 00:09:00+00:00
[2025-02-13T00:09:04.858+0000] {processor.py:208} INFO - Processing /home/airflow/.local/lib/python3.12/site-packages/airflow/example_dags/example_branch_python_dop_operator_3.py took 0.095 seconds
[2025-02-13T00:09:35.020+0000] {processor.py:186} INFO - Started process (PID=1080) to work on /home/airflow/.local/lib/python3.12/site-packages/airflow/example_dags/example_branch_python_dop_operator_3.py
[2025-02-13T00:09:35.020+0000] {processor.py:914} INFO - Processing file /home/airflow/.local/lib/python3.12/site-packages/airflow/example_dags/example_branch_python_dop_operator_3.py for tasks to queue
[2025-02-13T00:09:35.023+0000] {logging_mixin.py:190} INFO - [2025-02-13T00:09:35.022+0000] {dagbag.py:588} INFO - Filling up the DagBag from /home/airflow/.local/lib/python3.12/site-packages/airflow/example_dags/example_branch_python_dop_operator_3.py
[2025-02-13T00:09:35.035+0000] {processor.py:925} INFO - DAG(s) 'example_branch_dop_operator_v3' retrieved from /home/airflow/.local/lib/python3.12/site-packages/airflow/example_dags/example_branch_python_dop_operator_3.py
[2025-02-13T00:09:35.056+0000] {logging_mixin.py:190} INFO - [2025-02-13T00:09:35.056+0000] {dag.py:3239} INFO - Sync 1 DAGs
[2025-02-13T00:09:35.090+0000] {logging_mixin.py:190} INFO - [2025-02-13T00:09:35.090+0000] {dag.py:4180} INFO - Setting next_dagrun for example_branch_dop_operator_v3 to 2025-02-13 00:08:00+00:00, run_after=2025-02-13 00:09:00+00:00
[2025-02-13T00:09:35.106+0000] {processor.py:208} INFO - Processing /home/airflow/.local/lib/python3.12/site-packages/airflow/example_dags/example_branch_python_dop_operator_3.py took 0.096 seconds
[2025-02-13T00:10:05.173+0000] {processor.py:186} INFO - Started process (PID=1138) to work on /home/airflow/.local/lib/python3.12/site-packages/airflow/example_dags/example_branch_python_dop_operator_3.py
[2025-02-13T00:10:05.174+0000] {processor.py:914} INFO - Processing file /home/airflow/.local/lib/python3.12/site-packages/airflow/example_dags/example_branch_python_dop_operator_3.py for tasks to queue
[2025-02-13T00:10:05.176+0000] {logging_mixin.py:190} INFO - [2025-02-13T00:10:05.176+0000] {dagbag.py:588} INFO - Filling up the DagBag from /home/airflow/.local/lib/python3.12/site-packages/airflow/example_dags/example_branch_python_dop_operator_3.py
[2025-02-13T00:10:05.189+0000] {processor.py:925} INFO - DAG(s) 'example_branch_dop_operator_v3' retrieved from /home/airflow/.local/lib/python3.12/site-packages/airflow/example_dags/example_branch_python_dop_operator_3.py
[2025-02-13T00:10:05.210+0000] {logging_mixin.py:190} INFO - [2025-02-13T00:10:05.210+0000] {dag.py:3239} INFO - Sync 1 DAGs
[2025-02-13T00:10:05.243+0000] {logging_mixin.py:190} INFO - [2025-02-13T00:10:05.243+0000] {dag.py:4180} INFO - Setting next_dagrun for example_branch_dop_operator_v3 to 2025-02-13 00:09:00+00:00, run_after=2025-02-13 00:10:00+00:00
[2025-02-13T00:10:05.263+0000] {processor.py:208} INFO - Processing /home/airflow/.local/lib/python3.12/site-packages/airflow/example_dags/example_branch_python_dop_operator_3.py took 0.098 seconds
[2025-02-13T00:10:35.447+0000] {processor.py:186} INFO - Started process (PID=1196) to work on /home/airflow/.local/lib/python3.12/site-packages/airflow/example_dags/example_branch_python_dop_operator_3.py
[2025-02-13T00:10:35.448+0000] {processor.py:914} INFO - Processing file /home/airflow/.local/lib/python3.12/site-packages/airflow/example_dags/example_branch_python_dop_operator_3.py for tasks to queue
[2025-02-13T00:10:35.450+0000] {logging_mixin.py:190} INFO - [2025-02-13T00:10:35.450+0000] {dagbag.py:588} INFO - Filling up the DagBag from /home/airflow/.local/lib/python3.12/site-packages/airflow/example_dags/example_branch_python_dop_operator_3.py
[2025-02-13T00:10:35.462+0000] {processor.py:925} INFO - DAG(s) 'example_branch_dop_operator_v3' retrieved from /home/airflow/.local/lib/python3.12/site-packages/airflow/example_dags/example_branch_python_dop_operator_3.py
[2025-02-13T00:10:35.485+0000] {logging_mixin.py:190} INFO - [2025-02-13T00:10:35.485+0000] {dag.py:3239} INFO - Sync 1 DAGs
[2025-02-13T00:10:35.519+0000] {logging_mixin.py:190} INFO - [2025-02-13T00:10:35.519+0000] {dag.py:4180} INFO - Setting next_dagrun for example_branch_dop_operator_v3 to 2025-02-13 00:09:00+00:00, run_after=2025-02-13 00:10:00+00:00
[2025-02-13T00:10:35.536+0000] {processor.py:208} INFO - Processing /home/airflow/.local/lib/python3.12/site-packages/airflow/example_dags/example_branch_python_dop_operator_3.py took 0.096 seconds
[2025-02-13T00:11:05.638+0000] {processor.py:186} INFO - Started process (PID=1254) to work on /home/airflow/.local/lib/python3.12/site-packages/airflow/example_dags/example_branch_python_dop_operator_3.py
[2025-02-13T00:11:05.639+0000] {processor.py:914} INFO - Processing file /home/airflow/.local/lib/python3.12/site-packages/airflow/example_dags/example_branch_python_dop_operator_3.py for tasks to queue
[2025-02-13T00:11:05.641+0000] {logging_mixin.py:190} INFO - [2025-02-13T00:11:05.641+0000] {dagbag.py:588} INFO - Filling up the DagBag from /home/airflow/.local/lib/python3.12/site-packages/airflow/example_dags/example_branch_python_dop_operator_3.py
[2025-02-13T00:11:05.654+0000] {processor.py:925} INFO - DAG(s) 'example_branch_dop_operator_v3' retrieved from /home/airflow/.local/lib/python3.12/site-packages/airflow/example_dags/example_branch_python_dop_operator_3.py
[2025-02-13T00:11:05.675+0000] {logging_mixin.py:190} INFO - [2025-02-13T00:11:05.674+0000] {dag.py:3239} INFO - Sync 1 DAGs
[2025-02-13T00:11:05.706+0000] {logging_mixin.py:190} INFO - [2025-02-13T00:11:05.706+0000] {dag.py:4180} INFO - Setting next_dagrun for example_branch_dop_operator_v3 to 2025-02-13 00:10:00+00:00, run_after=2025-02-13 00:11:00+00:00
[2025-02-13T00:11:05.723+0000] {processor.py:208} INFO - Processing /home/airflow/.local/lib/python3.12/site-packages/airflow/example_dags/example_branch_python_dop_operator_3.py took 0.092 seconds
[2025-02-13T00:11:36.207+0000] {processor.py:186} INFO - Started process (PID=1312) to work on /home/airflow/.local/lib/python3.12/site-packages/airflow/example_dags/example_branch_python_dop_operator_3.py
[2025-02-13T00:11:36.208+0000] {processor.py:914} INFO - Processing file /home/airflow/.local/lib/python3.12/site-packages/airflow/example_dags/example_branch_python_dop_operator_3.py for tasks to queue
[2025-02-13T00:11:36.211+0000] {logging_mixin.py:190} INFO - [2025-02-13T00:11:36.210+0000] {dagbag.py:588} INFO - Filling up the DagBag from /home/airflow/.local/lib/python3.12/site-packages/airflow/example_dags/example_branch_python_dop_operator_3.py
[2025-02-13T00:11:36.224+0000] {processor.py:925} INFO - DAG(s) 'example_branch_dop_operator_v3' retrieved from /home/airflow/.local/lib/python3.12/site-packages/airflow/example_dags/example_branch_python_dop_operator_3.py
[2025-02-13T00:11:36.246+0000] {logging_mixin.py:190} INFO - [2025-02-13T00:11:36.245+0000] {dag.py:3239} INFO - Sync 1 DAGs
[2025-02-13T00:11:36.280+0000] {logging_mixin.py:190} INFO - [2025-02-13T00:11:36.280+0000] {dag.py:4180} INFO - Setting next_dagrun for example_branch_dop_operator_v3 to 2025-02-13 00:10:00+00:00, run_after=2025-02-13 00:11:00+00:00
[2025-02-13T00:11:36.299+0000] {processor.py:208} INFO - Processing /home/airflow/.local/lib/python3.12/site-packages/airflow/example_dags/example_branch_python_dop_operator_3.py took 0.105 seconds
[2025-02-13T00:12:06.415+0000] {processor.py:186} INFO - Started process (PID=1370) to work on /home/airflow/.local/lib/python3.12/site-packages/airflow/example_dags/example_branch_python_dop_operator_3.py
[2025-02-13T00:12:06.416+0000] {processor.py:914} INFO - Processing file /home/airflow/.local/lib/python3.12/site-packages/airflow/example_dags/example_branch_python_dop_operator_3.py for tasks to queue
[2025-02-13T00:12:06.426+0000] {logging_mixin.py:190} INFO - [2025-02-13T00:12:06.426+0000] {dagbag.py:588} INFO - Filling up the DagBag from /home/airflow/.local/lib/python3.12/site-packages/airflow/example_dags/example_branch_python_dop_operator_3.py
[2025-02-13T00:12:06.438+0000] {processor.py:925} INFO - DAG(s) 'example_branch_dop_operator_v3' retrieved from /home/airflow/.local/lib/python3.12/site-packages/airflow/example_dags/example_branch_python_dop_operator_3.py
[2025-02-13T00:12:06.460+0000] {logging_mixin.py:190} INFO - [2025-02-13T00:12:06.459+0000] {dag.py:3239} INFO - Sync 1 DAGs
[2025-02-13T00:12:06.494+0000] {logging_mixin.py:190} INFO - [2025-02-13T00:12:06.494+0000] {dag.py:4180} INFO - Setting next_dagrun for example_branch_dop_operator_v3 to 2025-02-13 00:11:00+00:00, run_after=2025-02-13 00:12:00+00:00
[2025-02-13T00:12:06.511+0000] {processor.py:208} INFO - Processing /home/airflow/.local/lib/python3.12/site-packages/airflow/example_dags/example_branch_python_dop_operator_3.py took 0.103 seconds
[2025-02-13T00:12:37.001+0000] {processor.py:186} INFO - Started process (PID=1428) to work on /home/airflow/.local/lib/python3.12/site-packages/airflow/example_dags/example_branch_python_dop_operator_3.py
[2025-02-13T00:12:37.002+0000] {processor.py:914} INFO - Processing file /home/airflow/.local/lib/python3.12/site-packages/airflow/example_dags/example_branch_python_dop_operator_3.py for tasks to queue
[2025-02-13T00:12:37.005+0000] {logging_mixin.py:190} INFO - [2025-02-13T00:12:37.005+0000] {dagbag.py:588} INFO - Filling up the DagBag from /home/airflow/.local/lib/python3.12/site-packages/airflow/example_dags/example_branch_python_dop_operator_3.py
[2025-02-13T00:12:37.018+0000] {processor.py:925} INFO - DAG(s) 'example_branch_dop_operator_v3' retrieved from /home/airflow/.local/lib/python3.12/site-packages/airflow/example_dags/example_branch_python_dop_operator_3.py
[2025-02-13T00:12:37.041+0000] {logging_mixin.py:190} INFO - [2025-02-13T00:12:37.040+0000] {dag.py:3239} INFO - Sync 1 DAGs
[2025-02-13T00:12:37.075+0000] {logging_mixin.py:190} INFO - [2025-02-13T00:12:37.075+0000] {dag.py:4180} INFO - Setting next_dagrun for example_branch_dop_operator_v3 to 2025-02-13 00:11:00+00:00, run_after=2025-02-13 00:12:00+00:00
[2025-02-13T00:12:37.092+0000] {processor.py:208} INFO - Processing /home/airflow/.local/lib/python3.12/site-packages/airflow/example_dags/example_branch_python_dop_operator_3.py took 0.098 seconds
[2025-02-13T00:13:07.240+0000] {processor.py:186} INFO - Started process (PID=1486) to work on /home/airflow/.local/lib/python3.12/site-packages/airflow/example_dags/example_branch_python_dop_operator_3.py
[2025-02-13T00:13:07.240+0000] {processor.py:914} INFO - Processing file /home/airflow/.local/lib/python3.12/site-packages/airflow/example_dags/example_branch_python_dop_operator_3.py for tasks to queue
[2025-02-13T00:13:07.243+0000] {logging_mixin.py:190} INFO - [2025-02-13T00:13:07.242+0000] {dagbag.py:588} INFO - Filling up the DagBag from /home/airflow/.local/lib/python3.12/site-packages/airflow/example_dags/example_branch_python_dop_operator_3.py
[2025-02-13T00:13:07.254+0000] {processor.py:925} INFO - DAG(s) 'example_branch_dop_operator_v3' retrieved from /home/airflow/.local/lib/python3.12/site-packages/airflow/example_dags/example_branch_python_dop_operator_3.py
[2025-02-13T00:13:07.275+0000] {logging_mixin.py:190} INFO - [2025-02-13T00:13:07.274+0000] {dag.py:3239} INFO - Sync 1 DAGs
[2025-02-13T00:13:07.308+0000] {logging_mixin.py:190} INFO - [2025-02-13T00:13:07.308+0000] {dag.py:4180} INFO - Setting next_dagrun for example_branch_dop_operator_v3 to 2025-02-13 00:12:00+00:00, run_after=2025-02-13 00:13:00+00:00
[2025-02-13T00:13:07.337+0000] {processor.py:208} INFO - Processing /home/airflow/.local/lib/python3.12/site-packages/airflow/example_dags/example_branch_python_dop_operator_3.py took 0.105 seconds
[2025-02-13T00:13:37.406+0000] {processor.py:186} INFO - Started process (PID=1544) to work on /home/airflow/.local/lib/python3.12/site-packages/airflow/example_dags/example_branch_python_dop_operator_3.py
[2025-02-13T00:13:37.406+0000] {processor.py:914} INFO - Processing file /home/airflow/.local/lib/python3.12/site-packages/airflow/example_dags/example_branch_python_dop_operator_3.py for tasks to queue
[2025-02-13T00:13:37.409+0000] {logging_mixin.py:190} INFO - [2025-02-13T00:13:37.408+0000] {dagbag.py:588} INFO - Filling up the DagBag from /home/airflow/.local/lib/python3.12/site-packages/airflow/example_dags/example_branch_python_dop_operator_3.py
[2025-02-13T00:13:37.421+0000] {processor.py:925} INFO - DAG(s) 'example_branch_dop_operator_v3' retrieved from /home/airflow/.local/lib/python3.12/site-packages/airflow/example_dags/example_branch_python_dop_operator_3.py
[2025-02-13T00:13:37.443+0000] {logging_mixin.py:190} INFO - [2025-02-13T00:13:37.442+0000] {dag.py:3239} INFO - Sync 1 DAGs
[2025-02-13T00:13:37.478+0000] {logging_mixin.py:190} INFO - [2025-02-13T00:13:37.477+0000] {dag.py:4180} INFO - Setting next_dagrun for example_branch_dop_operator_v3 to 2025-02-13 00:12:00+00:00, run_after=2025-02-13 00:13:00+00:00
[2025-02-13T00:13:37.495+0000] {processor.py:208} INFO - Processing /home/airflow/.local/lib/python3.12/site-packages/airflow/example_dags/example_branch_python_dop_operator_3.py took 0.097 seconds
[2025-02-13T00:14:08.455+0000] {processor.py:186} INFO - Started process (PID=1602) to work on /home/airflow/.local/lib/python3.12/site-packages/airflow/example_dags/example_branch_python_dop_operator_3.py
[2025-02-13T00:14:08.455+0000] {processor.py:914} INFO - Processing file /home/airflow/.local/lib/python3.12/site-packages/airflow/example_dags/example_branch_python_dop_operator_3.py for tasks to queue
[2025-02-13T00:14:08.458+0000] {logging_mixin.py:190} INFO - [2025-02-13T00:14:08.458+0000] {dagbag.py:588} INFO - Filling up the DagBag from /home/airflow/.local/lib/python3.12/site-packages/airflow/example_dags/example_branch_python_dop_operator_3.py
[2025-02-13T00:14:08.476+0000] {processor.py:925} INFO - DAG(s) 'example_branch_dop_operator_v3' retrieved from /home/airflow/.local/lib/python3.12/site-packages/airflow/example_dags/example_branch_python_dop_operator_3.py
[2025-02-13T00:14:08.498+0000] {logging_mixin.py:190} INFO - [2025-02-13T00:14:08.497+0000] {dag.py:3239} INFO - Sync 1 DAGs
[2025-02-13T00:14:08.532+0000] {logging_mixin.py:190} INFO - [2025-02-13T00:14:08.532+0000] {dag.py:4180} INFO - Setting next_dagrun for example_branch_dop_operator_v3 to 2025-02-13 00:13:00+00:00, run_after=2025-02-13 00:14:00+00:00
[2025-02-13T00:14:08.550+0000] {processor.py:208} INFO - Processing /home/airflow/.local/lib/python3.12/site-packages/airflow/example_dags/example_branch_python_dop_operator_3.py took 0.102 seconds
[2025-02-13T00:14:38.871+0000] {processor.py:186} INFO - Started process (PID=1660) to work on /home/airflow/.local/lib/python3.12/site-packages/airflow/example_dags/example_branch_python_dop_operator_3.py
[2025-02-13T00:14:38.872+0000] {processor.py:914} INFO - Processing file /home/airflow/.local/lib/python3.12/site-packages/airflow/example_dags/example_branch_python_dop_operator_3.py for tasks to queue
[2025-02-13T00:14:38.874+0000] {logging_mixin.py:190} INFO - [2025-02-13T00:14:38.874+0000] {dagbag.py:588} INFO - Filling up the DagBag from /home/airflow/.local/lib/python3.12/site-packages/airflow/example_dags/example_branch_python_dop_operator_3.py
[2025-02-13T00:14:38.887+0000] {processor.py:925} INFO - DAG(s) 'example_branch_dop_operator_v3' retrieved from /home/airflow/.local/lib/python3.12/site-packages/airflow/example_dags/example_branch_python_dop_operator_3.py
[2025-02-13T00:14:38.908+0000] {logging_mixin.py:190} INFO - [2025-02-13T00:14:38.908+0000] {dag.py:3239} INFO - Sync 1 DAGs
[2025-02-13T00:14:38.942+0000] {logging_mixin.py:190} INFO - [2025-02-13T00:14:38.942+0000] {dag.py:4180} INFO - Setting next_dagrun for example_branch_dop_operator_v3 to 2025-02-13 00:13:00+00:00, run_after=2025-02-13 00:14:00+00:00
[2025-02-13T00:14:38.960+0000] {processor.py:208} INFO - Processing /home/airflow/.local/lib/python3.12/site-packages/airflow/example_dags/example_branch_python_dop_operator_3.py took 0.096 seconds
[2025-02-13T00:15:09.051+0000] {processor.py:186} INFO - Started process (PID=1718) to work on /home/airflow/.local/lib/python3.12/site-packages/airflow/example_dags/example_branch_python_dop_operator_3.py
[2025-02-13T00:15:09.052+0000] {processor.py:914} INFO - Processing file /home/airflow/.local/lib/python3.12/site-packages/airflow/example_dags/example_branch_python_dop_operator_3.py for tasks to queue
[2025-02-13T00:15:09.054+0000] {logging_mixin.py:190} INFO - [2025-02-13T00:15:09.054+0000] {dagbag.py:588} INFO - Filling up the DagBag from /home/airflow/.local/lib/python3.12/site-packages/airflow/example_dags/example_branch_python_dop_operator_3.py
[2025-02-13T00:15:09.078+0000] {processor.py:925} INFO - DAG(s) 'example_branch_dop_operator_v3' retrieved from /home/airflow/.local/lib/python3.12/site-packages/airflow/example_dags/example_branch_python_dop_operator_3.py
[2025-02-13T00:15:09.128+0000] {logging_mixin.py:190} INFO - [2025-02-13T00:15:09.128+0000] {dag.py:3239} INFO - Sync 1 DAGs
[2025-02-13T00:15:09.161+0000] {logging_mixin.py:190} INFO - [2025-02-13T00:15:09.161+0000] {dag.py:4180} INFO - Setting next_dagrun for example_branch_dop_operator_v3 to 2025-02-13 00:14:00+00:00, run_after=2025-02-13 00:15:00+00:00
[2025-02-13T00:15:09.177+0000] {processor.py:208} INFO - Processing /home/airflow/.local/lib/python3.12/site-packages/airflow/example_dags/example_branch_python_dop_operator_3.py took 0.133 seconds
[2025-02-13T00:15:39.351+0000] {processor.py:186} INFO - Started process (PID=1776) to work on /home/airflow/.local/lib/python3.12/site-packages/airflow/example_dags/example_branch_python_dop_operator_3.py
[2025-02-13T00:15:39.352+0000] {processor.py:914} INFO - Processing file /home/airflow/.local/lib/python3.12/site-packages/airflow/example_dags/example_branch_python_dop_operator_3.py for tasks to queue
[2025-02-13T00:15:39.354+0000] {logging_mixin.py:190} INFO - [2025-02-13T00:15:39.354+0000] {dagbag.py:588} INFO - Filling up the DagBag from /home/airflow/.local/lib/python3.12/site-packages/airflow/example_dags/example_branch_python_dop_operator_3.py
[2025-02-13T00:15:39.374+0000] {processor.py:925} INFO - DAG(s) 'example_branch_dop_operator_v3' retrieved from /home/airflow/.local/lib/python3.12/site-packages/airflow/example_dags/example_branch_python_dop_operator_3.py
[2025-02-13T00:15:39.395+0000] {logging_mixin.py:190} INFO - [2025-02-13T00:15:39.394+0000] {dag.py:3239} INFO - Sync 1 DAGs
[2025-02-13T00:15:39.429+0000] {logging_mixin.py:190} INFO - [2025-02-13T00:15:39.429+0000] {dag.py:4180} INFO - Setting next_dagrun for example_branch_dop_operator_v3 to 2025-02-13 00:14:00+00:00, run_after=2025-02-13 00:15:00+00:00
[2025-02-13T00:15:39.445+0000] {processor.py:208} INFO - Processing /home/airflow/.local/lib/python3.12/site-packages/airflow/example_dags/example_branch_python_dop_operator_3.py took 0.101 seconds
[2025-02-13T00:16:09.854+0000] {processor.py:186} INFO - Started process (PID=1834) to work on /home/airflow/.local/lib/python3.12/site-packages/airflow/example_dags/example_branch_python_dop_operator_3.py
[2025-02-13T00:16:09.855+0000] {processor.py:914} INFO - Processing file /home/airflow/.local/lib/python3.12/site-packages/airflow/example_dags/example_branch_python_dop_operator_3.py for tasks to queue
[2025-02-13T00:16:09.857+0000] {logging_mixin.py:190} INFO - [2025-02-13T00:16:09.857+0000] {dagbag.py:588} INFO - Filling up the DagBag from /home/airflow/.local/lib/python3.12/site-packages/airflow/example_dags/example_branch_python_dop_operator_3.py
[2025-02-13T00:16:09.869+0000] {processor.py:925} INFO - DAG(s) 'example_branch_dop_operator_v3' retrieved from /home/airflow/.local/lib/python3.12/site-packages/airflow/example_dags/example_branch_python_dop_operator_3.py
[2025-02-13T00:16:09.890+0000] {logging_mixin.py:190} INFO - [2025-02-13T00:16:09.890+0000] {dag.py:3239} INFO - Sync 1 DAGs
[2025-02-13T00:16:09.924+0000] {logging_mixin.py:190} INFO - [2025-02-13T00:16:09.924+0000] {dag.py:4180} INFO - Setting next_dagrun for example_branch_dop_operator_v3 to 2025-02-13 00:15:00+00:00, run_after=2025-02-13 00:16:00+00:00
[2025-02-13T00:16:09.941+0000] {processor.py:208} INFO - Processing /home/airflow/.local/lib/python3.12/site-packages/airflow/example_dags/example_branch_python_dop_operator_3.py took 0.094 seconds
[2025-02-13T00:16:40.829+0000] {processor.py:186} INFO - Started process (PID=1892) to work on /home/airflow/.local/lib/python3.12/site-packages/airflow/example_dags/example_branch_python_dop_operator_3.py
[2025-02-13T00:16:40.831+0000] {processor.py:914} INFO - Processing file /home/airflow/.local/lib/python3.12/site-packages/airflow/example_dags/example_branch_python_dop_operator_3.py for tasks to queue
[2025-02-13T00:16:40.833+0000] {logging_mixin.py:190} INFO - [2025-02-13T00:16:40.833+0000] {dagbag.py:588} INFO - Filling up the DagBag from /home/airflow/.local/lib/python3.12/site-packages/airflow/example_dags/example_branch_python_dop_operator_3.py
[2025-02-13T00:16:40.849+0000] {processor.py:925} INFO - DAG(s) 'example_branch_dop_operator_v3' retrieved from /home/airflow/.local/lib/python3.12/site-packages/airflow/example_dags/example_branch_python_dop_operator_3.py
[2025-02-13T00:16:40.904+0000] {logging_mixin.py:190} INFO - [2025-02-13T00:16:40.903+0000] {dag.py:3239} INFO - Sync 1 DAGs
[2025-02-13T00:16:40.948+0000] {logging_mixin.py:190} INFO - [2025-02-13T00:16:40.948+0000] {dag.py:4180} INFO - Setting next_dagrun for example_branch_dop_operator_v3 to 2025-02-13 00:15:00+00:00, run_after=2025-02-13 00:16:00+00:00
[2025-02-13T00:16:40.966+0000] {processor.py:208} INFO - Processing /home/airflow/.local/lib/python3.12/site-packages/airflow/example_dags/example_branch_python_dop_operator_3.py took 0.154 seconds
[2025-02-13T00:17:11.373+0000] {processor.py:186} INFO - Started process (PID=1950) to work on /home/airflow/.local/lib/python3.12/site-packages/airflow/example_dags/example_branch_python_dop_operator_3.py
[2025-02-13T00:17:11.374+0000] {processor.py:914} INFO - Processing file /home/airflow/.local/lib/python3.12/site-packages/airflow/example_dags/example_branch_python_dop_operator_3.py for tasks to queue
[2025-02-13T00:17:11.376+0000] {logging_mixin.py:190} INFO - [2025-02-13T00:17:11.376+0000] {dagbag.py:588} INFO - Filling up the DagBag from /home/airflow/.local/lib/python3.12/site-packages/airflow/example_dags/example_branch_python_dop_operator_3.py
[2025-02-13T00:17:11.389+0000] {processor.py:925} INFO - DAG(s) 'example_branch_dop_operator_v3' retrieved from /home/airflow/.local/lib/python3.12/site-packages/airflow/example_dags/example_branch_python_dop_operator_3.py
[2025-02-13T00:17:11.413+0000] {logging_mixin.py:190} INFO - [2025-02-13T00:17:11.412+0000] {dag.py:3239} INFO - Sync 1 DAGs
[2025-02-13T00:17:11.448+0000] {logging_mixin.py:190} INFO - [2025-02-13T00:17:11.448+0000] {dag.py:4180} INFO - Setting next_dagrun for example_branch_dop_operator_v3 to 2025-02-13 00:16:00+00:00, run_after=2025-02-13 00:17:00+00:00
[2025-02-13T00:17:11.466+0000] {processor.py:208} INFO - Processing /home/airflow/.local/lib/python3.12/site-packages/airflow/example_dags/example_branch_python_dop_operator_3.py took 0.101 seconds
[2025-02-13T00:17:41.788+0000] {processor.py:186} INFO - Started process (PID=2008) to work on /home/airflow/.local/lib/python3.12/site-packages/airflow/example_dags/example_branch_python_dop_operator_3.py
[2025-02-13T00:17:41.789+0000] {processor.py:914} INFO - Processing file /home/airflow/.local/lib/python3.12/site-packages/airflow/example_dags/example_branch_python_dop_operator_3.py for tasks to queue
[2025-02-13T00:17:41.791+0000] {logging_mixin.py:190} INFO - [2025-02-13T00:17:41.790+0000] {dagbag.py:588} INFO - Filling up the DagBag from /home/airflow/.local/lib/python3.12/site-packages/airflow/example_dags/example_branch_python_dop_operator_3.py
[2025-02-13T00:17:41.799+0000] {processor.py:925} INFO - DAG(s) 'example_branch_dop_operator_v3' retrieved from /home/airflow/.local/lib/python3.12/site-packages/airflow/example_dags/example_branch_python_dop_operator_3.py
[2025-02-13T00:17:41.816+0000] {logging_mixin.py:190} INFO - [2025-02-13T00:17:41.816+0000] {dag.py:3239} INFO - Sync 1 DAGs
[2025-02-13T00:17:41.838+0000] {logging_mixin.py:190} INFO - [2025-02-13T00:17:41.838+0000] {dag.py:4180} INFO - Setting next_dagrun for example_branch_dop_operator_v3 to 2025-02-13 00:16:00+00:00, run_after=2025-02-13 00:17:00+00:00
[2025-02-13T00:17:41.852+0000] {processor.py:208} INFO - Processing /home/airflow/.local/lib/python3.12/site-packages/airflow/example_dags/example_branch_python_dop_operator_3.py took 0.069 seconds
[2025-02-13T00:18:11.947+0000] {processor.py:186} INFO - Started process (PID=2066) to work on /home/airflow/.local/lib/python3.12/site-packages/airflow/example_dags/example_branch_python_dop_operator_3.py
[2025-02-13T00:18:11.948+0000] {processor.py:914} INFO - Processing file /home/airflow/.local/lib/python3.12/site-packages/airflow/example_dags/example_branch_python_dop_operator_3.py for tasks to queue
[2025-02-13T00:18:11.950+0000] {logging_mixin.py:190} INFO - [2025-02-13T00:18:11.950+0000] {dagbag.py:588} INFO - Filling up the DagBag from /home/airflow/.local/lib/python3.12/site-packages/airflow/example_dags/example_branch_python_dop_operator_3.py
[2025-02-13T00:18:11.964+0000] {processor.py:925} INFO - DAG(s) 'example_branch_dop_operator_v3' retrieved from /home/airflow/.local/lib/python3.12/site-packages/airflow/example_dags/example_branch_python_dop_operator_3.py
[2025-02-13T00:18:11.985+0000] {logging_mixin.py:190} INFO - [2025-02-13T00:18:11.984+0000] {dag.py:3239} INFO - Sync 1 DAGs
[2025-02-13T00:18:12.019+0000] {logging_mixin.py:190} INFO - [2025-02-13T00:18:12.019+0000] {dag.py:4180} INFO - Setting next_dagrun for example_branch_dop_operator_v3 to 2025-02-13 00:17:00+00:00, run_after=2025-02-13 00:18:00+00:00
[2025-02-13T00:18:12.032+0000] {processor.py:208} INFO - Processing /home/airflow/.local/lib/python3.12/site-packages/airflow/example_dags/example_branch_python_dop_operator_3.py took 0.093 seconds
[2025-02-13T00:18:42.737+0000] {processor.py:186} INFO - Started process (PID=2120) to work on /home/airflow/.local/lib/python3.12/site-packages/airflow/example_dags/example_branch_python_dop_operator_3.py
[2025-02-13T00:18:42.738+0000] {processor.py:914} INFO - Processing file /home/airflow/.local/lib/python3.12/site-packages/airflow/example_dags/example_branch_python_dop_operator_3.py for tasks to queue
[2025-02-13T00:18:42.741+0000] {logging_mixin.py:190} INFO - [2025-02-13T00:18:42.740+0000] {dagbag.py:588} INFO - Filling up the DagBag from /home/airflow/.local/lib/python3.12/site-packages/airflow/example_dags/example_branch_python_dop_operator_3.py
[2025-02-13T00:18:42.753+0000] {processor.py:925} INFO - DAG(s) 'example_branch_dop_operator_v3' retrieved from /home/airflow/.local/lib/python3.12/site-packages/airflow/example_dags/example_branch_python_dop_operator_3.py
[2025-02-13T00:18:42.775+0000] {logging_mixin.py:190} INFO - [2025-02-13T00:18:42.775+0000] {dag.py:3239} INFO - Sync 1 DAGs
[2025-02-13T00:18:42.811+0000] {logging_mixin.py:190} INFO - [2025-02-13T00:18:42.811+0000] {dag.py:4180} INFO - Setting next_dagrun for example_branch_dop_operator_v3 to 2025-02-13 00:17:00+00:00, run_after=2025-02-13 00:18:00+00:00
[2025-02-13T00:18:42.830+0000] {processor.py:208} INFO - Processing /home/airflow/.local/lib/python3.12/site-packages/airflow/example_dags/example_branch_python_dop_operator_3.py took 0.100 seconds
[2025-02-13T00:19:12.929+0000] {processor.py:186} INFO - Started process (PID=2167) to work on /home/airflow/.local/lib/python3.12/site-packages/airflow/example_dags/example_branch_python_dop_operator_3.py
[2025-02-13T00:19:12.930+0000] {processor.py:914} INFO - Processing file /home/airflow/.local/lib/python3.12/site-packages/airflow/example_dags/example_branch_python_dop_operator_3.py for tasks to queue
[2025-02-13T00:19:12.932+0000] {logging_mixin.py:190} INFO - [2025-02-13T00:19:12.932+0000] {dagbag.py:588} INFO - Filling up the DagBag from /home/airflow/.local/lib/python3.12/site-packages/airflow/example_dags/example_branch_python_dop_operator_3.py
[2025-02-13T00:19:12.944+0000] {processor.py:925} INFO - DAG(s) 'example_branch_dop_operator_v3' retrieved from /home/airflow/.local/lib/python3.12/site-packages/airflow/example_dags/example_branch_python_dop_operator_3.py
[2025-02-13T00:19:12.966+0000] {logging_mixin.py:190} INFO - [2025-02-13T00:19:12.965+0000] {dag.py:3239} INFO - Sync 1 DAGs
[2025-02-13T00:19:13.010+0000] {logging_mixin.py:190} INFO - [2025-02-13T00:19:13.010+0000] {dag.py:4180} INFO - Setting next_dagrun for example_branch_dop_operator_v3 to 2025-02-13 00:18:00+00:00, run_after=2025-02-13 00:19:00+00:00
[2025-02-13T00:19:13.043+0000] {processor.py:208} INFO - Processing /home/airflow/.local/lib/python3.12/site-packages/airflow/example_dags/example_branch_python_dop_operator_3.py took 0.127 seconds
[2025-02-13T00:19:43.323+0000] {processor.py:186} INFO - Started process (PID=2225) to work on /home/airflow/.local/lib/python3.12/site-packages/airflow/example_dags/example_branch_python_dop_operator_3.py
[2025-02-13T00:19:43.324+0000] {processor.py:914} INFO - Processing file /home/airflow/.local/lib/python3.12/site-packages/airflow/example_dags/example_branch_python_dop_operator_3.py for tasks to queue
[2025-02-13T00:19:43.326+0000] {logging_mixin.py:190} INFO - [2025-02-13T00:19:43.326+0000] {dagbag.py:588} INFO - Filling up the DagBag from /home/airflow/.local/lib/python3.12/site-packages/airflow/example_dags/example_branch_python_dop_operator_3.py
[2025-02-13T00:19:43.339+0000] {processor.py:925} INFO - DAG(s) 'example_branch_dop_operator_v3' retrieved from /home/airflow/.local/lib/python3.12/site-packages/airflow/example_dags/example_branch_python_dop_operator_3.py
[2025-02-13T00:19:43.360+0000] {logging_mixin.py:190} INFO - [2025-02-13T00:19:43.360+0000] {dag.py:3239} INFO - Sync 1 DAGs
[2025-02-13T00:19:43.394+0000] {logging_mixin.py:190} INFO - [2025-02-13T00:19:43.394+0000] {dag.py:4180} INFO - Setting next_dagrun for example_branch_dop_operator_v3 to 2025-02-13 00:18:00+00:00, run_after=2025-02-13 00:19:00+00:00
[2025-02-13T00:19:43.411+0000] {processor.py:208} INFO - Processing /home/airflow/.local/lib/python3.12/site-packages/airflow/example_dags/example_branch_python_dop_operator_3.py took 0.095 seconds
[2025-02-13T00:20:13.508+0000] {processor.py:186} INFO - Started process (PID=2283) to work on /home/airflow/.local/lib/python3.12/site-packages/airflow/example_dags/example_branch_python_dop_operator_3.py
[2025-02-13T00:20:13.508+0000] {processor.py:914} INFO - Processing file /home/airflow/.local/lib/python3.12/site-packages/airflow/example_dags/example_branch_python_dop_operator_3.py for tasks to queue
[2025-02-13T00:20:13.511+0000] {logging_mixin.py:190} INFO - [2025-02-13T00:20:13.511+0000] {dagbag.py:588} INFO - Filling up the DagBag from /home/airflow/.local/lib/python3.12/site-packages/airflow/example_dags/example_branch_python_dop_operator_3.py
[2025-02-13T00:20:13.525+0000] {processor.py:925} INFO - DAG(s) 'example_branch_dop_operator_v3' retrieved from /home/airflow/.local/lib/python3.12/site-packages/airflow/example_dags/example_branch_python_dop_operator_3.py
[2025-02-13T00:20:13.546+0000] {logging_mixin.py:190} INFO - [2025-02-13T00:20:13.545+0000] {dag.py:3239} INFO - Sync 1 DAGs
[2025-02-13T00:20:13.579+0000] {logging_mixin.py:190} INFO - [2025-02-13T00:20:13.579+0000] {dag.py:4180} INFO - Setting next_dagrun for example_branch_dop_operator_v3 to 2025-02-13 00:19:00+00:00, run_after=2025-02-13 00:20:00+00:00
[2025-02-13T00:20:13.599+0000] {processor.py:208} INFO - Processing /home/airflow/.local/lib/python3.12/site-packages/airflow/example_dags/example_branch_python_dop_operator_3.py took 0.099 seconds
[2025-02-13T00:20:43.648+0000] {processor.py:186} INFO - Started process (PID=2341) to work on /home/airflow/.local/lib/python3.12/site-packages/airflow/example_dags/example_branch_python_dop_operator_3.py
[2025-02-13T00:20:43.649+0000] {processor.py:914} INFO - Processing file /home/airflow/.local/lib/python3.12/site-packages/airflow/example_dags/example_branch_python_dop_operator_3.py for tasks to queue
[2025-02-13T00:20:43.651+0000] {logging_mixin.py:190} INFO - [2025-02-13T00:20:43.651+0000] {dagbag.py:588} INFO - Filling up the DagBag from /home/airflow/.local/lib/python3.12/site-packages/airflow/example_dags/example_branch_python_dop_operator_3.py
[2025-02-13T00:20:43.664+0000] {processor.py:925} INFO - DAG(s) 'example_branch_dop_operator_v3' retrieved from /home/airflow/.local/lib/python3.12/site-packages/airflow/example_dags/example_branch_python_dop_operator_3.py
[2025-02-13T00:20:43.685+0000] {logging_mixin.py:190} INFO - [2025-02-13T00:20:43.684+0000] {dag.py:3239} INFO - Sync 1 DAGs
[2025-02-13T00:20:43.719+0000] {logging_mixin.py:190} INFO - [2025-02-13T00:20:43.719+0000] {dag.py:4180} INFO - Setting next_dagrun for example_branch_dop_operator_v3 to 2025-02-13 00:19:00+00:00, run_after=2025-02-13 00:20:00+00:00
[2025-02-13T00:20:43.737+0000] {processor.py:208} INFO - Processing /home/airflow/.local/lib/python3.12/site-packages/airflow/example_dags/example_branch_python_dop_operator_3.py took 0.096 seconds
[2025-02-13T00:21:14.059+0000] {processor.py:186} INFO - Started process (PID=2399) to work on /home/airflow/.local/lib/python3.12/site-packages/airflow/example_dags/example_branch_python_dop_operator_3.py
[2025-02-13T00:21:14.060+0000] {processor.py:914} INFO - Processing file /home/airflow/.local/lib/python3.12/site-packages/airflow/example_dags/example_branch_python_dop_operator_3.py for tasks to queue
[2025-02-13T00:21:14.062+0000] {logging_mixin.py:190} INFO - [2025-02-13T00:21:14.062+0000] {dagbag.py:588} INFO - Filling up the DagBag from /home/airflow/.local/lib/python3.12/site-packages/airflow/example_dags/example_branch_python_dop_operator_3.py
[2025-02-13T00:21:14.075+0000] {processor.py:925} INFO - DAG(s) 'example_branch_dop_operator_v3' retrieved from /home/airflow/.local/lib/python3.12/site-packages/airflow/example_dags/example_branch_python_dop_operator_3.py
[2025-02-13T00:21:14.097+0000] {logging_mixin.py:190} INFO - [2025-02-13T00:21:14.096+0000] {dag.py:3239} INFO - Sync 1 DAGs
[2025-02-13T00:21:14.131+0000] {logging_mixin.py:190} INFO - [2025-02-13T00:21:14.131+0000] {dag.py:4180} INFO - Setting next_dagrun for example_branch_dop_operator_v3 to 2025-02-13 00:20:00+00:00, run_after=2025-02-13 00:21:00+00:00
[2025-02-13T00:21:14.159+0000] {processor.py:208} INFO - Processing /home/airflow/.local/lib/python3.12/site-packages/airflow/example_dags/example_branch_python_dop_operator_3.py took 0.108 seconds
[2025-02-13T00:21:44.265+0000] {processor.py:186} INFO - Started process (PID=2457) to work on /home/airflow/.local/lib/python3.12/site-packages/airflow/example_dags/example_branch_python_dop_operator_3.py
[2025-02-13T00:21:44.265+0000] {processor.py:914} INFO - Processing file /home/airflow/.local/lib/python3.12/site-packages/airflow/example_dags/example_branch_python_dop_operator_3.py for tasks to queue
[2025-02-13T00:21:44.268+0000] {logging_mixin.py:190} INFO - [2025-02-13T00:21:44.268+0000] {dagbag.py:588} INFO - Filling up the DagBag from /home/airflow/.local/lib/python3.12/site-packages/airflow/example_dags/example_branch_python_dop_operator_3.py
[2025-02-13T00:21:44.281+0000] {processor.py:925} INFO - DAG(s) 'example_branch_dop_operator_v3' retrieved from /home/airflow/.local/lib/python3.12/site-packages/airflow/example_dags/example_branch_python_dop_operator_3.py
[2025-02-13T00:21:44.302+0000] {logging_mixin.py:190} INFO - [2025-02-13T00:21:44.301+0000] {dag.py:3239} INFO - Sync 1 DAGs
[2025-02-13T00:21:44.339+0000] {logging_mixin.py:190} INFO - [2025-02-13T00:21:44.339+0000] {dag.py:4180} INFO - Setting next_dagrun for example_branch_dop_operator_v3 to 2025-02-13 00:20:00+00:00, run_after=2025-02-13 00:21:00+00:00
[2025-02-13T00:21:44.364+0000] {processor.py:208} INFO - Processing /home/airflow/.local/lib/python3.12/site-packages/airflow/example_dags/example_branch_python_dop_operator_3.py took 0.108 seconds
[2025-02-13T00:22:14.512+0000] {processor.py:186} INFO - Started process (PID=2515) to work on /home/airflow/.local/lib/python3.12/site-packages/airflow/example_dags/example_branch_python_dop_operator_3.py
[2025-02-13T00:22:14.513+0000] {processor.py:914} INFO - Processing file /home/airflow/.local/lib/python3.12/site-packages/airflow/example_dags/example_branch_python_dop_operator_3.py for tasks to queue
[2025-02-13T00:22:14.515+0000] {logging_mixin.py:190} INFO - [2025-02-13T00:22:14.515+0000] {dagbag.py:588} INFO - Filling up the DagBag from /home/airflow/.local/lib/python3.12/site-packages/airflow/example_dags/example_branch_python_dop_operator_3.py
[2025-02-13T00:22:14.528+0000] {processor.py:925} INFO - DAG(s) 'example_branch_dop_operator_v3' retrieved from /home/airflow/.local/lib/python3.12/site-packages/airflow/example_dags/example_branch_python_dop_operator_3.py
[2025-02-13T00:22:14.551+0000] {logging_mixin.py:190} INFO - [2025-02-13T00:22:14.551+0000] {dag.py:3239} INFO - Sync 1 DAGs
[2025-02-13T00:22:14.586+0000] {logging_mixin.py:190} INFO - [2025-02-13T00:22:14.585+0000] {dag.py:4180} INFO - Setting next_dagrun for example_branch_dop_operator_v3 to 2025-02-13 00:21:00+00:00, run_after=2025-02-13 00:22:00+00:00
[2025-02-13T00:22:14.605+0000] {processor.py:208} INFO - Processing /home/airflow/.local/lib/python3.12/site-packages/airflow/example_dags/example_branch_python_dop_operator_3.py took 0.100 seconds
[2025-02-13T00:22:44.688+0000] {processor.py:186} INFO - Started process (PID=2573) to work on /home/airflow/.local/lib/python3.12/site-packages/airflow/example_dags/example_branch_python_dop_operator_3.py
[2025-02-13T00:22:44.689+0000] {processor.py:914} INFO - Processing file /home/airflow/.local/lib/python3.12/site-packages/airflow/example_dags/example_branch_python_dop_operator_3.py for tasks to queue
[2025-02-13T00:22:44.691+0000] {logging_mixin.py:190} INFO - [2025-02-13T00:22:44.691+0000] {dagbag.py:588} INFO - Filling up the DagBag from /home/airflow/.local/lib/python3.12/site-packages/airflow/example_dags/example_branch_python_dop_operator_3.py
[2025-02-13T00:22:44.703+0000] {processor.py:925} INFO - DAG(s) 'example_branch_dop_operator_v3' retrieved from /home/airflow/.local/lib/python3.12/site-packages/airflow/example_dags/example_branch_python_dop_operator_3.py
[2025-02-13T00:22:44.727+0000] {logging_mixin.py:190} INFO - [2025-02-13T00:22:44.726+0000] {dag.py:3239} INFO - Sync 1 DAGs
[2025-02-13T00:22:44.763+0000] {logging_mixin.py:190} INFO - [2025-02-13T00:22:44.763+0000] {dag.py:4180} INFO - Setting next_dagrun for example_branch_dop_operator_v3 to 2025-02-13 00:21:00+00:00, run_after=2025-02-13 00:22:00+00:00
[2025-02-13T00:22:44.783+0000] {processor.py:208} INFO - Processing /home/airflow/.local/lib/python3.12/site-packages/airflow/example_dags/example_branch_python_dop_operator_3.py took 0.102 seconds
[2025-02-13T00:23:15.110+0000] {processor.py:186} INFO - Started process (PID=2631) to work on /home/airflow/.local/lib/python3.12/site-packages/airflow/example_dags/example_branch_python_dop_operator_3.py
[2025-02-13T00:23:15.112+0000] {processor.py:914} INFO - Processing file /home/airflow/.local/lib/python3.12/site-packages/airflow/example_dags/example_branch_python_dop_operator_3.py for tasks to queue
[2025-02-13T00:23:15.115+0000] {logging_mixin.py:190} INFO - [2025-02-13T00:23:15.115+0000] {dagbag.py:588} INFO - Filling up the DagBag from /home/airflow/.local/lib/python3.12/site-packages/airflow/example_dags/example_branch_python_dop_operator_3.py
[2025-02-13T00:23:15.127+0000] {processor.py:925} INFO - DAG(s) 'example_branch_dop_operator_v3' retrieved from /home/airflow/.local/lib/python3.12/site-packages/airflow/example_dags/example_branch_python_dop_operator_3.py
[2025-02-13T00:23:15.148+0000] {logging_mixin.py:190} INFO - [2025-02-13T00:23:15.148+0000] {dag.py:3239} INFO - Sync 1 DAGs
[2025-02-13T00:23:15.182+0000] {logging_mixin.py:190} INFO - [2025-02-13T00:23:15.182+0000] {dag.py:4180} INFO - Setting next_dagrun for example_branch_dop_operator_v3 to 2025-02-13 00:22:00+00:00, run_after=2025-02-13 00:23:00+00:00
[2025-02-13T00:23:15.200+0000] {processor.py:208} INFO - Processing /home/airflow/.local/lib/python3.12/site-packages/airflow/example_dags/example_branch_python_dop_operator_3.py took 0.099 seconds
[2025-02-13T00:23:45.351+0000] {processor.py:186} INFO - Started process (PID=2689) to work on /home/airflow/.local/lib/python3.12/site-packages/airflow/example_dags/example_branch_python_dop_operator_3.py
[2025-02-13T00:23:45.352+0000] {processor.py:914} INFO - Processing file /home/airflow/.local/lib/python3.12/site-packages/airflow/example_dags/example_branch_python_dop_operator_3.py for tasks to queue
[2025-02-13T00:23:45.355+0000] {logging_mixin.py:190} INFO - [2025-02-13T00:23:45.354+0000] {dagbag.py:588} INFO - Filling up the DagBag from /home/airflow/.local/lib/python3.12/site-packages/airflow/example_dags/example_branch_python_dop_operator_3.py
[2025-02-13T00:23:45.367+0000] {processor.py:925} INFO - DAG(s) 'example_branch_dop_operator_v3' retrieved from /home/airflow/.local/lib/python3.12/site-packages/airflow/example_dags/example_branch_python_dop_operator_3.py
[2025-02-13T00:23:45.388+0000] {logging_mixin.py:190} INFO - [2025-02-13T00:23:45.388+0000] {dag.py:3239} INFO - Sync 1 DAGs
[2025-02-13T00:23:45.441+0000] {logging_mixin.py:190} INFO - [2025-02-13T00:23:45.440+0000] {dag.py:4180} INFO - Setting next_dagrun for example_branch_dop_operator_v3 to 2025-02-13 00:22:00+00:00, run_after=2025-02-13 00:23:00+00:00
[2025-02-13T00:23:45.457+0000] {processor.py:208} INFO - Processing /home/airflow/.local/lib/python3.12/site-packages/airflow/example_dags/example_branch_python_dop_operator_3.py took 0.113 seconds
[2025-02-13T00:24:15.634+0000] {processor.py:186} INFO - Started process (PID=2747) to work on /home/airflow/.local/lib/python3.12/site-packages/airflow/example_dags/example_branch_python_dop_operator_3.py
[2025-02-13T00:24:15.635+0000] {processor.py:914} INFO - Processing file /home/airflow/.local/lib/python3.12/site-packages/airflow/example_dags/example_branch_python_dop_operator_3.py for tasks to queue
[2025-02-13T00:24:15.637+0000] {logging_mixin.py:190} INFO - [2025-02-13T00:24:15.637+0000] {dagbag.py:588} INFO - Filling up the DagBag from /home/airflow/.local/lib/python3.12/site-packages/airflow/example_dags/example_branch_python_dop_operator_3.py
[2025-02-13T00:24:15.650+0000] {processor.py:925} INFO - DAG(s) 'example_branch_dop_operator_v3' retrieved from /home/airflow/.local/lib/python3.12/site-packages/airflow/example_dags/example_branch_python_dop_operator_3.py
[2025-02-13T00:24:15.671+0000] {logging_mixin.py:190} INFO - [2025-02-13T00:24:15.671+0000] {dag.py:3239} INFO - Sync 1 DAGs
[2025-02-13T00:24:15.706+0000] {logging_mixin.py:190} INFO - [2025-02-13T00:24:15.706+0000] {dag.py:4180} INFO - Setting next_dagrun for example_branch_dop_operator_v3 to 2025-02-13 00:23:00+00:00, run_after=2025-02-13 00:24:00+00:00
[2025-02-13T00:24:15.724+0000] {processor.py:208} INFO - Processing /home/airflow/.local/lib/python3.12/site-packages/airflow/example_dags/example_branch_python_dop_operator_3.py took 0.098 seconds
[2025-02-13T00:24:45.837+0000] {processor.py:186} INFO - Started process (PID=2805) to work on /home/airflow/.local/lib/python3.12/site-packages/airflow/example_dags/example_branch_python_dop_operator_3.py
[2025-02-13T00:24:45.843+0000] {processor.py:914} INFO - Processing file /home/airflow/.local/lib/python3.12/site-packages/airflow/example_dags/example_branch_python_dop_operator_3.py for tasks to queue
[2025-02-13T00:24:45.846+0000] {logging_mixin.py:190} INFO - [2025-02-13T00:24:45.845+0000] {dagbag.py:588} INFO - Filling up the DagBag from /home/airflow/.local/lib/python3.12/site-packages/airflow/example_dags/example_branch_python_dop_operator_3.py
[2025-02-13T00:24:45.858+0000] {processor.py:925} INFO - DAG(s) 'example_branch_dop_operator_v3' retrieved from /home/airflow/.local/lib/python3.12/site-packages/airflow/example_dags/example_branch_python_dop_operator_3.py
[2025-02-13T00:24:45.881+0000] {logging_mixin.py:190} INFO - [2025-02-13T00:24:45.880+0000] {dag.py:3239} INFO - Sync 1 DAGs
[2025-02-13T00:24:45.913+0000] {logging_mixin.py:190} INFO - [2025-02-13T00:24:45.913+0000] {dag.py:4180} INFO - Setting next_dagrun for example_branch_dop_operator_v3 to 2025-02-13 00:23:00+00:00, run_after=2025-02-13 00:24:00+00:00
[2025-02-13T00:24:45.928+0000] {processor.py:208} INFO - Processing /home/airflow/.local/lib/python3.12/site-packages/airflow/example_dags/example_branch_python_dop_operator_3.py took 0.106 seconds
[2025-02-13T00:25:16.036+0000] {processor.py:186} INFO - Started process (PID=2863) to work on /home/airflow/.local/lib/python3.12/site-packages/airflow/example_dags/example_branch_python_dop_operator_3.py
[2025-02-13T00:25:16.036+0000] {processor.py:914} INFO - Processing file /home/airflow/.local/lib/python3.12/site-packages/airflow/example_dags/example_branch_python_dop_operator_3.py for tasks to queue
[2025-02-13T00:25:16.039+0000] {logging_mixin.py:190} INFO - [2025-02-13T00:25:16.038+0000] {dagbag.py:588} INFO - Filling up the DagBag from /home/airflow/.local/lib/python3.12/site-packages/airflow/example_dags/example_branch_python_dop_operator_3.py
[2025-02-13T00:25:16.051+0000] {processor.py:925} INFO - DAG(s) 'example_branch_dop_operator_v3' retrieved from /home/airflow/.local/lib/python3.12/site-packages/airflow/example_dags/example_branch_python_dop_operator_3.py
[2025-02-13T00:25:16.073+0000] {logging_mixin.py:190} INFO - [2025-02-13T00:25:16.072+0000] {dag.py:3239} INFO - Sync 1 DAGs
[2025-02-13T00:25:16.107+0000] {logging_mixin.py:190} INFO - [2025-02-13T00:25:16.107+0000] {dag.py:4180} INFO - Setting next_dagrun for example_branch_dop_operator_v3 to 2025-02-13 00:24:00+00:00, run_after=2025-02-13 00:25:00+00:00
[2025-02-13T00:25:16.126+0000] {processor.py:208} INFO - Processing /home/airflow/.local/lib/python3.12/site-packages/airflow/example_dags/example_branch_python_dop_operator_3.py took 0.097 seconds
[2025-02-13T00:25:46.382+0000] {processor.py:186} INFO - Started process (PID=2921) to work on /home/airflow/.local/lib/python3.12/site-packages/airflow/example_dags/example_branch_python_dop_operator_3.py
[2025-02-13T00:25:46.383+0000] {processor.py:914} INFO - Processing file /home/airflow/.local/lib/python3.12/site-packages/airflow/example_dags/example_branch_python_dop_operator_3.py for tasks to queue
[2025-02-13T00:25:46.385+0000] {logging_mixin.py:190} INFO - [2025-02-13T00:25:46.385+0000] {dagbag.py:588} INFO - Filling up the DagBag from /home/airflow/.local/lib/python3.12/site-packages/airflow/example_dags/example_branch_python_dop_operator_3.py
[2025-02-13T00:25:46.406+0000] {processor.py:925} INFO - DAG(s) 'example_branch_dop_operator_v3' retrieved from /home/airflow/.local/lib/python3.12/site-packages/airflow/example_dags/example_branch_python_dop_operator_3.py
[2025-02-13T00:25:46.457+0000] {logging_mixin.py:190} INFO - [2025-02-13T00:25:46.456+0000] {dag.py:3239} INFO - Sync 1 DAGs
[2025-02-13T00:25:46.492+0000] {logging_mixin.py:190} INFO - [2025-02-13T00:25:46.492+0000] {dag.py:4180} INFO - Setting next_dagrun for example_branch_dop_operator_v3 to 2025-02-13 00:24:00+00:00, run_after=2025-02-13 00:25:00+00:00
[2025-02-13T00:25:46.508+0000] {processor.py:208} INFO - Processing /home/airflow/.local/lib/python3.12/site-packages/airflow/example_dags/example_branch_python_dop_operator_3.py took 0.135 seconds
[2025-02-13T00:26:16.874+0000] {processor.py:186} INFO - Started process (PID=2979) to work on /home/airflow/.local/lib/python3.12/site-packages/airflow/example_dags/example_branch_python_dop_operator_3.py
[2025-02-13T00:26:16.875+0000] {processor.py:914} INFO - Processing file /home/airflow/.local/lib/python3.12/site-packages/airflow/example_dags/example_branch_python_dop_operator_3.py for tasks to queue
[2025-02-13T00:26:16.877+0000] {logging_mixin.py:190} INFO - [2025-02-13T00:26:16.877+0000] {dagbag.py:588} INFO - Filling up the DagBag from /home/airflow/.local/lib/python3.12/site-packages/airflow/example_dags/example_branch_python_dop_operator_3.py
[2025-02-13T00:26:16.889+0000] {processor.py:925} INFO - DAG(s) 'example_branch_dop_operator_v3' retrieved from /home/airflow/.local/lib/python3.12/site-packages/airflow/example_dags/example_branch_python_dop_operator_3.py
[2025-02-13T00:26:16.914+0000] {logging_mixin.py:190} INFO - [2025-02-13T00:26:16.914+0000] {dag.py:3239} INFO - Sync 1 DAGs
[2025-02-13T00:26:16.952+0000] {logging_mixin.py:190} INFO - [2025-02-13T00:26:16.952+0000] {dag.py:4180} INFO - Setting next_dagrun for example_branch_dop_operator_v3 to 2025-02-13 00:25:00+00:00, run_after=2025-02-13 00:26:00+00:00
[2025-02-13T00:26:16.971+0000] {processor.py:208} INFO - Processing /home/airflow/.local/lib/python3.12/site-packages/airflow/example_dags/example_branch_python_dop_operator_3.py took 0.103 seconds
[2025-02-13T00:26:47.103+0000] {processor.py:186} INFO - Started process (PID=3037) to work on /home/airflow/.local/lib/python3.12/site-packages/airflow/example_dags/example_branch_python_dop_operator_3.py
[2025-02-13T00:26:47.103+0000] {processor.py:914} INFO - Processing file /home/airflow/.local/lib/python3.12/site-packages/airflow/example_dags/example_branch_python_dop_operator_3.py for tasks to queue
[2025-02-13T00:26:47.106+0000] {logging_mixin.py:190} INFO - [2025-02-13T00:26:47.105+0000] {dagbag.py:588} INFO - Filling up the DagBag from /home/airflow/.local/lib/python3.12/site-packages/airflow/example_dags/example_branch_python_dop_operator_3.py
[2025-02-13T00:26:47.124+0000] {processor.py:925} INFO - DAG(s) 'example_branch_dop_operator_v3' retrieved from /home/airflow/.local/lib/python3.12/site-packages/airflow/example_dags/example_branch_python_dop_operator_3.py
[2025-02-13T00:26:47.151+0000] {logging_mixin.py:190} INFO - [2025-02-13T00:26:47.145+0000] {dag.py:3239} INFO - Sync 1 DAGs
[2025-02-13T00:26:47.186+0000] {logging_mixin.py:190} INFO - [2025-02-13T00:26:47.186+0000] {dag.py:4180} INFO - Setting next_dagrun for example_branch_dop_operator_v3 to 2025-02-13 00:25:00+00:00, run_after=2025-02-13 00:26:00+00:00
[2025-02-13T00:26:47.204+0000] {processor.py:208} INFO - Processing /home/airflow/.local/lib/python3.12/site-packages/airflow/example_dags/example_branch_python_dop_operator_3.py took 0.109 seconds
[2025-02-13T00:27:17.667+0000] {processor.py:186} INFO - Started process (PID=3095) to work on /home/airflow/.local/lib/python3.12/site-packages/airflow/example_dags/example_branch_python_dop_operator_3.py
[2025-02-13T00:27:17.668+0000] {processor.py:914} INFO - Processing file /home/airflow/.local/lib/python3.12/site-packages/airflow/example_dags/example_branch_python_dop_operator_3.py for tasks to queue
[2025-02-13T00:27:17.670+0000] {logging_mixin.py:190} INFO - [2025-02-13T00:27:17.670+0000] {dagbag.py:588} INFO - Filling up the DagBag from /home/airflow/.local/lib/python3.12/site-packages/airflow/example_dags/example_branch_python_dop_operator_3.py
[2025-02-13T00:27:17.682+0000] {processor.py:925} INFO - DAG(s) 'example_branch_dop_operator_v3' retrieved from /home/airflow/.local/lib/python3.12/site-packages/airflow/example_dags/example_branch_python_dop_operator_3.py
[2025-02-13T00:27:17.703+0000] {logging_mixin.py:190} INFO - [2025-02-13T00:27:17.702+0000] {dag.py:3239} INFO - Sync 1 DAGs
[2025-02-13T00:27:17.736+0000] {logging_mixin.py:190} INFO - [2025-02-13T00:27:17.735+0000] {dag.py:4180} INFO - Setting next_dagrun for example_branch_dop_operator_v3 to 2025-02-13 00:26:00+00:00, run_after=2025-02-13 00:27:00+00:00
[2025-02-13T00:27:17.753+0000] {processor.py:208} INFO - Processing /home/airflow/.local/lib/python3.12/site-packages/airflow/example_dags/example_branch_python_dop_operator_3.py took 0.099 seconds
[2025-02-13T00:27:47.858+0000] {processor.py:186} INFO - Started process (PID=3153) to work on /home/airflow/.local/lib/python3.12/site-packages/airflow/example_dags/example_branch_python_dop_operator_3.py
[2025-02-13T00:27:47.859+0000] {processor.py:914} INFO - Processing file /home/airflow/.local/lib/python3.12/site-packages/airflow/example_dags/example_branch_python_dop_operator_3.py for tasks to queue
[2025-02-13T00:27:47.862+0000] {logging_mixin.py:190} INFO - [2025-02-13T00:27:47.861+0000] {dagbag.py:588} INFO - Filling up the DagBag from /home/airflow/.local/lib/python3.12/site-packages/airflow/example_dags/example_branch_python_dop_operator_3.py
[2025-02-13T00:27:47.874+0000] {processor.py:925} INFO - DAG(s) 'example_branch_dop_operator_v3' retrieved from /home/airflow/.local/lib/python3.12/site-packages/airflow/example_dags/example_branch_python_dop_operator_3.py
[2025-02-13T00:27:47.894+0000] {logging_mixin.py:190} INFO - [2025-02-13T00:27:47.894+0000] {dag.py:3239} INFO - Sync 1 DAGs
[2025-02-13T00:27:47.929+0000] {logging_mixin.py:190} INFO - [2025-02-13T00:27:47.928+0000] {dag.py:4180} INFO - Setting next_dagrun for example_branch_dop_operator_v3 to 2025-02-13 00:26:00+00:00, run_after=2025-02-13 00:27:00+00:00
[2025-02-13T00:27:47.948+0000] {processor.py:208} INFO - Processing /home/airflow/.local/lib/python3.12/site-packages/airflow/example_dags/example_branch_python_dop_operator_3.py took 0.097 seconds
