[2025-02-13T00:00:32.461+0000] {processor.py:186} INFO - Started process (PID=161) to work on /home/airflow/.local/lib/python3.12/site-packages/airflow/example_dags/example_skip_dag.py
[2025-02-13T00:00:32.462+0000] {processor.py:914} INFO - Processing file /home/airflow/.local/lib/python3.12/site-packages/airflow/example_dags/example_skip_dag.py for tasks to queue
[2025-02-13T00:00:32.476+0000] {logging_mixin.py:190} INFO - [2025-02-13T00:00:32.475+0000] {dagbag.py:588} INFO - Filling up the DagBag from /home/airflow/.local/lib/python3.12/site-packages/airflow/example_dags/example_skip_dag.py
[2025-02-13T00:00:32.535+0000] {processor.py:925} INFO - DAG(s) 'example_skip_dag' retrieved from /home/airflow/.local/lib/python3.12/site-packages/airflow/example_dags/example_skip_dag.py
[2025-02-13T00:00:32.692+0000] {logging_mixin.py:190} INFO - [2025-02-13T00:00:32.691+0000] {dag.py:3239} INFO - Sync 1 DAGs
[2025-02-13T00:00:32.804+0000] {logging_mixin.py:190} INFO - [2025-02-13T00:00:32.803+0000] {dag.py:4180} INFO - Setting next_dagrun for example_skip_dag to 2025-02-12 00:00:00+00:00, run_after=2025-02-13 00:00:00+00:00
[2025-02-13T00:00:35.367+0000] {processor.py:208} INFO - Processing /home/airflow/.local/lib/python3.12/site-packages/airflow/example_dags/example_skip_dag.py took 2.942 seconds
[2025-02-13T00:01:19.712+0000] {processor.py:186} INFO - Started process (PID=220) to work on /home/airflow/.local/lib/python3.12/site-packages/airflow/example_dags/example_skip_dag.py
[2025-02-13T00:01:19.715+0000] {processor.py:914} INFO - Processing file /home/airflow/.local/lib/python3.12/site-packages/airflow/example_dags/example_skip_dag.py for tasks to queue
[2025-02-13T00:01:19.726+0000] {logging_mixin.py:190} INFO - [2025-02-13T00:01:19.723+0000] {dagbag.py:588} INFO - Filling up the DagBag from /home/airflow/.local/lib/python3.12/site-packages/airflow/example_dags/example_skip_dag.py
[2025-02-13T00:01:19.750+0000] {processor.py:925} INFO - DAG(s) 'example_skip_dag' retrieved from /home/airflow/.local/lib/python3.12/site-packages/airflow/example_dags/example_skip_dag.py
[2025-02-13T00:01:19.786+0000] {logging_mixin.py:190} INFO - [2025-02-13T00:01:19.785+0000] {dag.py:3239} INFO - Sync 1 DAGs
[2025-02-13T00:01:19.833+0000] {logging_mixin.py:190} INFO - [2025-02-13T00:01:19.832+0000] {dag.py:4180} INFO - Setting next_dagrun for example_skip_dag to 2025-02-12 00:00:00+00:00, run_after=2025-02-13 00:00:00+00:00
[2025-02-13T00:01:19.857+0000] {processor.py:208} INFO - Processing /home/airflow/.local/lib/python3.12/site-packages/airflow/example_dags/example_skip_dag.py took 0.162 seconds
[2025-02-13T00:02:07.371+0000] {processor.py:186} INFO - Started process (PID=278) to work on /home/airflow/.local/lib/python3.12/site-packages/airflow/example_dags/example_skip_dag.py
[2025-02-13T00:02:07.388+0000] {processor.py:914} INFO - Processing file /home/airflow/.local/lib/python3.12/site-packages/airflow/example_dags/example_skip_dag.py for tasks to queue
[2025-02-13T00:02:07.391+0000] {logging_mixin.py:190} INFO - [2025-02-13T00:02:07.390+0000] {dagbag.py:588} INFO - Filling up the DagBag from /home/airflow/.local/lib/python3.12/site-packages/airflow/example_dags/example_skip_dag.py
[2025-02-13T00:02:07.405+0000] {processor.py:925} INFO - DAG(s) 'example_skip_dag' retrieved from /home/airflow/.local/lib/python3.12/site-packages/airflow/example_dags/example_skip_dag.py
[2025-02-13T00:02:07.442+0000] {logging_mixin.py:190} INFO - [2025-02-13T00:02:07.441+0000] {dag.py:3239} INFO - Sync 1 DAGs
[2025-02-13T00:02:07.472+0000] {logging_mixin.py:190} INFO - [2025-02-13T00:02:07.472+0000] {dag.py:4180} INFO - Setting next_dagrun for example_skip_dag to 2025-02-12 00:00:00+00:00, run_after=2025-02-13 00:00:00+00:00
[2025-02-13T00:02:07.527+0000] {processor.py:208} INFO - Processing /home/airflow/.local/lib/python3.12/site-packages/airflow/example_dags/example_skip_dag.py took 0.163 seconds
[2025-02-13T00:02:50.269+0000] {processor.py:186} INFO - Started process (PID=329) to work on /home/airflow/.local/lib/python3.12/site-packages/airflow/example_dags/example_skip_dag.py
[2025-02-13T00:02:50.270+0000] {processor.py:914} INFO - Processing file /home/airflow/.local/lib/python3.12/site-packages/airflow/example_dags/example_skip_dag.py for tasks to queue
[2025-02-13T00:02:50.272+0000] {logging_mixin.py:190} INFO - [2025-02-13T00:02:50.272+0000] {dagbag.py:588} INFO - Filling up the DagBag from /home/airflow/.local/lib/python3.12/site-packages/airflow/example_dags/example_skip_dag.py
[2025-02-13T00:02:50.282+0000] {processor.py:925} INFO - DAG(s) 'example_skip_dag' retrieved from /home/airflow/.local/lib/python3.12/site-packages/airflow/example_dags/example_skip_dag.py
[2025-02-13T00:02:50.308+0000] {logging_mixin.py:190} INFO - [2025-02-13T00:02:50.308+0000] {dag.py:3239} INFO - Sync 1 DAGs
[2025-02-13T00:02:50.564+0000] {logging_mixin.py:190} INFO - [2025-02-13T00:02:50.564+0000] {dag.py:4180} INFO - Setting next_dagrun for example_skip_dag to 2025-02-12 00:00:00+00:00, run_after=2025-02-13 00:00:00+00:00
[2025-02-13T00:02:50.970+0000] {processor.py:208} INFO - Processing /home/airflow/.local/lib/python3.12/site-packages/airflow/example_dags/example_skip_dag.py took 0.711 seconds
[2025-02-13T00:03:23.336+0000] {processor.py:186} INFO - Started process (PID=387) to work on /home/airflow/.local/lib/python3.12/site-packages/airflow/example_dags/example_skip_dag.py
[2025-02-13T00:03:23.340+0000] {processor.py:914} INFO - Processing file /home/airflow/.local/lib/python3.12/site-packages/airflow/example_dags/example_skip_dag.py for tasks to queue
[2025-02-13T00:03:23.346+0000] {logging_mixin.py:190} INFO - [2025-02-13T00:03:23.346+0000] {dagbag.py:588} INFO - Filling up the DagBag from /home/airflow/.local/lib/python3.12/site-packages/airflow/example_dags/example_skip_dag.py
[2025-02-13T00:03:23.365+0000] {processor.py:925} INFO - DAG(s) 'example_skip_dag' retrieved from /home/airflow/.local/lib/python3.12/site-packages/airflow/example_dags/example_skip_dag.py
[2025-02-13T00:03:23.426+0000] {logging_mixin.py:190} INFO - [2025-02-13T00:03:23.425+0000] {dag.py:3239} INFO - Sync 1 DAGs
[2025-02-13T00:03:24.192+0000] {logging_mixin.py:190} INFO - [2025-02-13T00:03:24.192+0000] {dag.py:4180} INFO - Setting next_dagrun for example_skip_dag to 2025-02-12 00:00:00+00:00, run_after=2025-02-13 00:00:00+00:00
[2025-02-13T00:03:25.923+0000] {processor.py:208} INFO - Processing /home/airflow/.local/lib/python3.12/site-packages/airflow/example_dags/example_skip_dag.py took 2.594 seconds
[2025-02-13T00:03:56.205+0000] {processor.py:186} INFO - Started process (PID=445) to work on /home/airflow/.local/lib/python3.12/site-packages/airflow/example_dags/example_skip_dag.py
[2025-02-13T00:03:56.714+0000] {processor.py:914} INFO - Processing file /home/airflow/.local/lib/python3.12/site-packages/airflow/example_dags/example_skip_dag.py for tasks to queue
[2025-02-13T00:03:56.717+0000] {logging_mixin.py:190} INFO - [2025-02-13T00:03:56.716+0000] {dagbag.py:588} INFO - Filling up the DagBag from /home/airflow/.local/lib/python3.12/site-packages/airflow/example_dags/example_skip_dag.py
[2025-02-13T00:03:56.746+0000] {processor.py:925} INFO - DAG(s) 'example_skip_dag' retrieved from /home/airflow/.local/lib/python3.12/site-packages/airflow/example_dags/example_skip_dag.py
[2025-02-13T00:03:56.804+0000] {logging_mixin.py:190} INFO - [2025-02-13T00:03:56.803+0000] {dag.py:3239} INFO - Sync 1 DAGs
[2025-02-13T00:03:56.843+0000] {logging_mixin.py:190} INFO - [2025-02-13T00:03:56.842+0000] {dag.py:4180} INFO - Setting next_dagrun for example_skip_dag to 2025-02-12 00:00:00+00:00, run_after=2025-02-13 00:00:00+00:00
[2025-02-13T00:03:56.958+0000] {processor.py:208} INFO - Processing /home/airflow/.local/lib/python3.12/site-packages/airflow/example_dags/example_skip_dag.py took 0.762 seconds
[2025-02-13T00:04:27.948+0000] {processor.py:186} INFO - Started process (PID=503) to work on /home/airflow/.local/lib/python3.12/site-packages/airflow/example_dags/example_skip_dag.py
[2025-02-13T00:04:27.949+0000] {processor.py:914} INFO - Processing file /home/airflow/.local/lib/python3.12/site-packages/airflow/example_dags/example_skip_dag.py for tasks to queue
[2025-02-13T00:04:27.951+0000] {logging_mixin.py:190} INFO - [2025-02-13T00:04:27.951+0000] {dagbag.py:588} INFO - Filling up the DagBag from /home/airflow/.local/lib/python3.12/site-packages/airflow/example_dags/example_skip_dag.py
[2025-02-13T00:04:27.961+0000] {processor.py:925} INFO - DAG(s) 'example_skip_dag' retrieved from /home/airflow/.local/lib/python3.12/site-packages/airflow/example_dags/example_skip_dag.py
[2025-02-13T00:04:27.990+0000] {logging_mixin.py:190} INFO - [2025-02-13T00:04:27.989+0000] {dag.py:3239} INFO - Sync 1 DAGs
[2025-02-13T00:04:28.020+0000] {logging_mixin.py:190} INFO - [2025-02-13T00:04:28.020+0000] {dag.py:4180} INFO - Setting next_dagrun for example_skip_dag to 2025-02-12 00:00:00+00:00, run_after=2025-02-13 00:00:00+00:00
[2025-02-13T00:04:28.108+0000] {processor.py:208} INFO - Processing /home/airflow/.local/lib/python3.12/site-packages/airflow/example_dags/example_skip_dag.py took 0.168 seconds
[2025-02-13T00:04:59.181+0000] {processor.py:186} INFO - Started process (PID=561) to work on /home/airflow/.local/lib/python3.12/site-packages/airflow/example_dags/example_skip_dag.py
[2025-02-13T00:04:59.181+0000] {processor.py:914} INFO - Processing file /home/airflow/.local/lib/python3.12/site-packages/airflow/example_dags/example_skip_dag.py for tasks to queue
[2025-02-13T00:04:59.184+0000] {logging_mixin.py:190} INFO - [2025-02-13T00:04:59.183+0000] {dagbag.py:588} INFO - Filling up the DagBag from /home/airflow/.local/lib/python3.12/site-packages/airflow/example_dags/example_skip_dag.py
[2025-02-13T00:04:59.210+0000] {processor.py:925} INFO - DAG(s) 'example_skip_dag' retrieved from /home/airflow/.local/lib/python3.12/site-packages/airflow/example_dags/example_skip_dag.py
[2025-02-13T00:04:59.258+0000] {logging_mixin.py:190} INFO - [2025-02-13T00:04:59.257+0000] {dag.py:3239} INFO - Sync 1 DAGs
[2025-02-13T00:04:59.299+0000] {logging_mixin.py:190} INFO - [2025-02-13T00:04:59.298+0000] {dag.py:4180} INFO - Setting next_dagrun for example_skip_dag to 2025-02-12 00:00:00+00:00, run_after=2025-02-13 00:00:00+00:00
[2025-02-13T00:04:59.505+0000] {processor.py:208} INFO - Processing /home/airflow/.local/lib/python3.12/site-packages/airflow/example_dags/example_skip_dag.py took 0.331 seconds
[2025-02-13T00:05:31.638+0000] {processor.py:186} INFO - Started process (PID=619) to work on /home/airflow/.local/lib/python3.12/site-packages/airflow/example_dags/example_skip_dag.py
[2025-02-13T00:05:31.639+0000] {processor.py:914} INFO - Processing file /home/airflow/.local/lib/python3.12/site-packages/airflow/example_dags/example_skip_dag.py for tasks to queue
[2025-02-13T00:05:31.642+0000] {logging_mixin.py:190} INFO - [2025-02-13T00:05:31.642+0000] {dagbag.py:588} INFO - Filling up the DagBag from /home/airflow/.local/lib/python3.12/site-packages/airflow/example_dags/example_skip_dag.py
[2025-02-13T00:05:31.653+0000] {processor.py:925} INFO - DAG(s) 'example_skip_dag' retrieved from /home/airflow/.local/lib/python3.12/site-packages/airflow/example_dags/example_skip_dag.py
[2025-02-13T00:05:31.705+0000] {logging_mixin.py:190} INFO - [2025-02-13T00:05:31.703+0000] {dag.py:3239} INFO - Sync 1 DAGs
[2025-02-13T00:05:31.738+0000] {logging_mixin.py:190} INFO - [2025-02-13T00:05:31.738+0000] {dag.py:4180} INFO - Setting next_dagrun for example_skip_dag to 2025-02-12 00:00:00+00:00, run_after=2025-02-13 00:00:00+00:00
[2025-02-13T00:05:31.760+0000] {processor.py:208} INFO - Processing /home/airflow/.local/lib/python3.12/site-packages/airflow/example_dags/example_skip_dag.py took 0.130 seconds
[2025-02-13T00:06:03.328+0000] {processor.py:186} INFO - Started process (PID=677) to work on /home/airflow/.local/lib/python3.12/site-packages/airflow/example_dags/example_skip_dag.py
[2025-02-13T00:06:03.328+0000] {processor.py:914} INFO - Processing file /home/airflow/.local/lib/python3.12/site-packages/airflow/example_dags/example_skip_dag.py for tasks to queue
[2025-02-13T00:06:03.331+0000] {logging_mixin.py:190} INFO - [2025-02-13T00:06:03.330+0000] {dagbag.py:588} INFO - Filling up the DagBag from /home/airflow/.local/lib/python3.12/site-packages/airflow/example_dags/example_skip_dag.py
[2025-02-13T00:06:03.341+0000] {processor.py:925} INFO - DAG(s) 'example_skip_dag' retrieved from /home/airflow/.local/lib/python3.12/site-packages/airflow/example_dags/example_skip_dag.py
[2025-02-13T00:06:03.421+0000] {logging_mixin.py:190} INFO - [2025-02-13T00:06:03.419+0000] {dag.py:3239} INFO - Sync 1 DAGs
[2025-02-13T00:06:03.479+0000] {logging_mixin.py:190} INFO - [2025-02-13T00:06:03.479+0000] {dag.py:4180} INFO - Setting next_dagrun for example_skip_dag to 2025-02-12 00:00:00+00:00, run_after=2025-02-13 00:00:00+00:00
[2025-02-13T00:06:03.502+0000] {processor.py:208} INFO - Processing /home/airflow/.local/lib/python3.12/site-packages/airflow/example_dags/example_skip_dag.py took 0.182 seconds
[2025-02-13T00:06:33.827+0000] {processor.py:186} INFO - Started process (PID=735) to work on /home/airflow/.local/lib/python3.12/site-packages/airflow/example_dags/example_skip_dag.py
[2025-02-13T00:06:33.828+0000] {processor.py:914} INFO - Processing file /home/airflow/.local/lib/python3.12/site-packages/airflow/example_dags/example_skip_dag.py for tasks to queue
[2025-02-13T00:06:33.830+0000] {logging_mixin.py:190} INFO - [2025-02-13T00:06:33.830+0000] {dagbag.py:588} INFO - Filling up the DagBag from /home/airflow/.local/lib/python3.12/site-packages/airflow/example_dags/example_skip_dag.py
[2025-02-13T00:06:33.840+0000] {processor.py:925} INFO - DAG(s) 'example_skip_dag' retrieved from /home/airflow/.local/lib/python3.12/site-packages/airflow/example_dags/example_skip_dag.py
[2025-02-13T00:06:33.888+0000] {logging_mixin.py:190} INFO - [2025-02-13T00:06:33.887+0000] {dag.py:3239} INFO - Sync 1 DAGs
[2025-02-13T00:06:33.955+0000] {logging_mixin.py:190} INFO - [2025-02-13T00:06:33.955+0000] {dag.py:4180} INFO - Setting next_dagrun for example_skip_dag to 2025-02-12 00:00:00+00:00, run_after=2025-02-13 00:00:00+00:00
[2025-02-13T00:06:34.006+0000] {processor.py:208} INFO - Processing /home/airflow/.local/lib/python3.12/site-packages/airflow/example_dags/example_skip_dag.py took 0.193 seconds
[2025-02-13T00:07:04.946+0000] {processor.py:186} INFO - Started process (PID=793) to work on /home/airflow/.local/lib/python3.12/site-packages/airflow/example_dags/example_skip_dag.py
[2025-02-13T00:07:04.955+0000] {processor.py:914} INFO - Processing file /home/airflow/.local/lib/python3.12/site-packages/airflow/example_dags/example_skip_dag.py for tasks to queue
[2025-02-13T00:07:04.958+0000] {logging_mixin.py:190} INFO - [2025-02-13T00:07:04.957+0000] {dagbag.py:588} INFO - Filling up the DagBag from /home/airflow/.local/lib/python3.12/site-packages/airflow/example_dags/example_skip_dag.py
[2025-02-13T00:07:05.006+0000] {processor.py:925} INFO - DAG(s) 'example_skip_dag' retrieved from /home/airflow/.local/lib/python3.12/site-packages/airflow/example_dags/example_skip_dag.py
[2025-02-13T00:07:05.038+0000] {logging_mixin.py:190} INFO - [2025-02-13T00:07:05.038+0000] {dag.py:3239} INFO - Sync 1 DAGs
[2025-02-13T00:07:05.069+0000] {logging_mixin.py:190} INFO - [2025-02-13T00:07:05.068+0000] {dag.py:4180} INFO - Setting next_dagrun for example_skip_dag to 2025-02-12 00:00:00+00:00, run_after=2025-02-13 00:00:00+00:00
[2025-02-13T00:07:05.091+0000] {processor.py:208} INFO - Processing /home/airflow/.local/lib/python3.12/site-packages/airflow/example_dags/example_skip_dag.py took 0.157 seconds
[2025-02-13T00:07:35.987+0000] {processor.py:186} INFO - Started process (PID=851) to work on /home/airflow/.local/lib/python3.12/site-packages/airflow/example_dags/example_skip_dag.py
[2025-02-13T00:07:35.991+0000] {processor.py:914} INFO - Processing file /home/airflow/.local/lib/python3.12/site-packages/airflow/example_dags/example_skip_dag.py for tasks to queue
[2025-02-13T00:07:35.994+0000] {logging_mixin.py:190} INFO - [2025-02-13T00:07:35.994+0000] {dagbag.py:588} INFO - Filling up the DagBag from /home/airflow/.local/lib/python3.12/site-packages/airflow/example_dags/example_skip_dag.py
[2025-02-13T00:07:36.016+0000] {processor.py:925} INFO - DAG(s) 'example_skip_dag' retrieved from /home/airflow/.local/lib/python3.12/site-packages/airflow/example_dags/example_skip_dag.py
[2025-02-13T00:07:36.062+0000] {logging_mixin.py:190} INFO - [2025-02-13T00:07:36.061+0000] {dag.py:3239} INFO - Sync 1 DAGs
[2025-02-13T00:07:36.098+0000] {logging_mixin.py:190} INFO - [2025-02-13T00:07:36.098+0000] {dag.py:4180} INFO - Setting next_dagrun for example_skip_dag to 2025-02-12 00:00:00+00:00, run_after=2025-02-13 00:00:00+00:00
[2025-02-13T00:07:36.119+0000] {processor.py:208} INFO - Processing /home/airflow/.local/lib/python3.12/site-packages/airflow/example_dags/example_skip_dag.py took 0.141 seconds
[2025-02-13T00:08:06.257+0000] {processor.py:186} INFO - Started process (PID=908) to work on /home/airflow/.local/lib/python3.12/site-packages/airflow/example_dags/example_skip_dag.py
[2025-02-13T00:08:06.257+0000] {processor.py:914} INFO - Processing file /home/airflow/.local/lib/python3.12/site-packages/airflow/example_dags/example_skip_dag.py for tasks to queue
[2025-02-13T00:08:06.260+0000] {logging_mixin.py:190} INFO - [2025-02-13T00:08:06.260+0000] {dagbag.py:588} INFO - Filling up the DagBag from /home/airflow/.local/lib/python3.12/site-packages/airflow/example_dags/example_skip_dag.py
[2025-02-13T00:08:06.281+0000] {processor.py:925} INFO - DAG(s) 'example_skip_dag' retrieved from /home/airflow/.local/lib/python3.12/site-packages/airflow/example_dags/example_skip_dag.py
[2025-02-13T00:08:06.309+0000] {logging_mixin.py:190} INFO - [2025-02-13T00:08:06.308+0000] {dag.py:3239} INFO - Sync 1 DAGs
[2025-02-13T00:08:06.341+0000] {logging_mixin.py:190} INFO - [2025-02-13T00:08:06.340+0000] {dag.py:4180} INFO - Setting next_dagrun for example_skip_dag to 2025-02-12 00:00:00+00:00, run_after=2025-02-13 00:00:00+00:00
[2025-02-13T00:08:06.378+0000] {processor.py:208} INFO - Processing /home/airflow/.local/lib/python3.12/site-packages/airflow/example_dags/example_skip_dag.py took 0.129 seconds
[2025-02-13T00:08:36.653+0000] {processor.py:186} INFO - Started process (PID=966) to work on /home/airflow/.local/lib/python3.12/site-packages/airflow/example_dags/example_skip_dag.py
[2025-02-13T00:08:36.654+0000] {processor.py:914} INFO - Processing file /home/airflow/.local/lib/python3.12/site-packages/airflow/example_dags/example_skip_dag.py for tasks to queue
[2025-02-13T00:08:36.655+0000] {logging_mixin.py:190} INFO - [2025-02-13T00:08:36.655+0000] {dagbag.py:588} INFO - Filling up the DagBag from /home/airflow/.local/lib/python3.12/site-packages/airflow/example_dags/example_skip_dag.py
[2025-02-13T00:08:36.662+0000] {processor.py:925} INFO - DAG(s) 'example_skip_dag' retrieved from /home/airflow/.local/lib/python3.12/site-packages/airflow/example_dags/example_skip_dag.py
[2025-02-13T00:08:36.685+0000] {logging_mixin.py:190} INFO - [2025-02-13T00:08:36.685+0000] {dag.py:3239} INFO - Sync 1 DAGs
[2025-02-13T00:08:36.711+0000] {logging_mixin.py:190} INFO - [2025-02-13T00:08:36.711+0000] {dag.py:4180} INFO - Setting next_dagrun for example_skip_dag to 2025-02-12 00:00:00+00:00, run_after=2025-02-13 00:00:00+00:00
[2025-02-13T00:08:36.730+0000] {processor.py:208} INFO - Processing /home/airflow/.local/lib/python3.12/site-packages/airflow/example_dags/example_skip_dag.py took 0.082 seconds
[2025-02-13T00:09:06.894+0000] {processor.py:186} INFO - Started process (PID=1024) to work on /home/airflow/.local/lib/python3.12/site-packages/airflow/example_dags/example_skip_dag.py
[2025-02-13T00:09:06.895+0000] {processor.py:914} INFO - Processing file /home/airflow/.local/lib/python3.12/site-packages/airflow/example_dags/example_skip_dag.py for tasks to queue
[2025-02-13T00:09:06.897+0000] {logging_mixin.py:190} INFO - [2025-02-13T00:09:06.896+0000] {dagbag.py:588} INFO - Filling up the DagBag from /home/airflow/.local/lib/python3.12/site-packages/airflow/example_dags/example_skip_dag.py
[2025-02-13T00:09:06.903+0000] {processor.py:925} INFO - DAG(s) 'example_skip_dag' retrieved from /home/airflow/.local/lib/python3.12/site-packages/airflow/example_dags/example_skip_dag.py
[2025-02-13T00:09:06.920+0000] {logging_mixin.py:190} INFO - [2025-02-13T00:09:06.920+0000] {dag.py:3239} INFO - Sync 1 DAGs
[2025-02-13T00:09:06.939+0000] {logging_mixin.py:190} INFO - [2025-02-13T00:09:06.939+0000] {dag.py:4180} INFO - Setting next_dagrun for example_skip_dag to 2025-02-12 00:00:00+00:00, run_after=2025-02-13 00:00:00+00:00
[2025-02-13T00:09:06.954+0000] {processor.py:208} INFO - Processing /home/airflow/.local/lib/python3.12/site-packages/airflow/example_dags/example_skip_dag.py took 0.065 seconds
[2025-02-13T00:09:37.147+0000] {processor.py:186} INFO - Started process (PID=1082) to work on /home/airflow/.local/lib/python3.12/site-packages/airflow/example_dags/example_skip_dag.py
[2025-02-13T00:09:37.148+0000] {processor.py:914} INFO - Processing file /home/airflow/.local/lib/python3.12/site-packages/airflow/example_dags/example_skip_dag.py for tasks to queue
[2025-02-13T00:09:37.149+0000] {logging_mixin.py:190} INFO - [2025-02-13T00:09:37.149+0000] {dagbag.py:588} INFO - Filling up the DagBag from /home/airflow/.local/lib/python3.12/site-packages/airflow/example_dags/example_skip_dag.py
[2025-02-13T00:09:37.156+0000] {processor.py:925} INFO - DAG(s) 'example_skip_dag' retrieved from /home/airflow/.local/lib/python3.12/site-packages/airflow/example_dags/example_skip_dag.py
[2025-02-13T00:09:37.174+0000] {logging_mixin.py:190} INFO - [2025-02-13T00:09:37.173+0000] {dag.py:3239} INFO - Sync 1 DAGs
[2025-02-13T00:09:37.193+0000] {logging_mixin.py:190} INFO - [2025-02-13T00:09:37.193+0000] {dag.py:4180} INFO - Setting next_dagrun for example_skip_dag to 2025-02-12 00:00:00+00:00, run_after=2025-02-13 00:00:00+00:00
[2025-02-13T00:09:37.213+0000] {processor.py:208} INFO - Processing /home/airflow/.local/lib/python3.12/site-packages/airflow/example_dags/example_skip_dag.py took 0.071 seconds
[2025-02-13T00:10:07.318+0000] {processor.py:186} INFO - Started process (PID=1140) to work on /home/airflow/.local/lib/python3.12/site-packages/airflow/example_dags/example_skip_dag.py
[2025-02-13T00:10:07.319+0000] {processor.py:914} INFO - Processing file /home/airflow/.local/lib/python3.12/site-packages/airflow/example_dags/example_skip_dag.py for tasks to queue
[2025-02-13T00:10:07.321+0000] {logging_mixin.py:190} INFO - [2025-02-13T00:10:07.321+0000] {dagbag.py:588} INFO - Filling up the DagBag from /home/airflow/.local/lib/python3.12/site-packages/airflow/example_dags/example_skip_dag.py
[2025-02-13T00:10:07.327+0000] {processor.py:925} INFO - DAG(s) 'example_skip_dag' retrieved from /home/airflow/.local/lib/python3.12/site-packages/airflow/example_dags/example_skip_dag.py
[2025-02-13T00:10:07.345+0000] {logging_mixin.py:190} INFO - [2025-02-13T00:10:07.345+0000] {dag.py:3239} INFO - Sync 1 DAGs
[2025-02-13T00:10:07.364+0000] {logging_mixin.py:190} INFO - [2025-02-13T00:10:07.364+0000] {dag.py:4180} INFO - Setting next_dagrun for example_skip_dag to 2025-02-12 00:00:00+00:00, run_after=2025-02-13 00:00:00+00:00
[2025-02-13T00:10:07.381+0000] {processor.py:208} INFO - Processing /home/airflow/.local/lib/python3.12/site-packages/airflow/example_dags/example_skip_dag.py took 0.068 seconds
[2025-02-13T00:10:37.491+0000] {processor.py:186} INFO - Started process (PID=1198) to work on /home/airflow/.local/lib/python3.12/site-packages/airflow/example_dags/example_skip_dag.py
[2025-02-13T00:10:37.492+0000] {processor.py:914} INFO - Processing file /home/airflow/.local/lib/python3.12/site-packages/airflow/example_dags/example_skip_dag.py for tasks to queue
[2025-02-13T00:10:37.493+0000] {logging_mixin.py:190} INFO - [2025-02-13T00:10:37.493+0000] {dagbag.py:588} INFO - Filling up the DagBag from /home/airflow/.local/lib/python3.12/site-packages/airflow/example_dags/example_skip_dag.py
[2025-02-13T00:10:37.500+0000] {processor.py:925} INFO - DAG(s) 'example_skip_dag' retrieved from /home/airflow/.local/lib/python3.12/site-packages/airflow/example_dags/example_skip_dag.py
[2025-02-13T00:10:37.518+0000] {logging_mixin.py:190} INFO - [2025-02-13T00:10:37.517+0000] {dag.py:3239} INFO - Sync 1 DAGs
[2025-02-13T00:10:37.536+0000] {logging_mixin.py:190} INFO - [2025-02-13T00:10:37.536+0000] {dag.py:4180} INFO - Setting next_dagrun for example_skip_dag to 2025-02-12 00:00:00+00:00, run_after=2025-02-13 00:00:00+00:00
[2025-02-13T00:10:37.550+0000] {processor.py:208} INFO - Processing /home/airflow/.local/lib/python3.12/site-packages/airflow/example_dags/example_skip_dag.py took 0.064 seconds
[2025-02-13T00:11:07.774+0000] {processor.py:186} INFO - Started process (PID=1256) to work on /home/airflow/.local/lib/python3.12/site-packages/airflow/example_dags/example_skip_dag.py
[2025-02-13T00:11:07.775+0000] {processor.py:914} INFO - Processing file /home/airflow/.local/lib/python3.12/site-packages/airflow/example_dags/example_skip_dag.py for tasks to queue
[2025-02-13T00:11:07.778+0000] {logging_mixin.py:190} INFO - [2025-02-13T00:11:07.777+0000] {dagbag.py:588} INFO - Filling up the DagBag from /home/airflow/.local/lib/python3.12/site-packages/airflow/example_dags/example_skip_dag.py
[2025-02-13T00:11:07.785+0000] {processor.py:925} INFO - DAG(s) 'example_skip_dag' retrieved from /home/airflow/.local/lib/python3.12/site-packages/airflow/example_dags/example_skip_dag.py
[2025-02-13T00:11:07.810+0000] {logging_mixin.py:190} INFO - [2025-02-13T00:11:07.810+0000] {dag.py:3239} INFO - Sync 1 DAGs
[2025-02-13T00:11:07.841+0000] {logging_mixin.py:190} INFO - [2025-02-13T00:11:07.841+0000] {dag.py:4180} INFO - Setting next_dagrun for example_skip_dag to 2025-02-12 00:00:00+00:00, run_after=2025-02-13 00:00:00+00:00
[2025-02-13T00:11:07.862+0000] {processor.py:208} INFO - Processing /home/airflow/.local/lib/python3.12/site-packages/airflow/example_dags/example_skip_dag.py took 0.096 seconds
[2025-02-13T00:11:38.235+0000] {processor.py:186} INFO - Started process (PID=1314) to work on /home/airflow/.local/lib/python3.12/site-packages/airflow/example_dags/example_skip_dag.py
[2025-02-13T00:11:38.235+0000] {processor.py:914} INFO - Processing file /home/airflow/.local/lib/python3.12/site-packages/airflow/example_dags/example_skip_dag.py for tasks to queue
[2025-02-13T00:11:38.237+0000] {logging_mixin.py:190} INFO - [2025-02-13T00:11:38.237+0000] {dagbag.py:588} INFO - Filling up the DagBag from /home/airflow/.local/lib/python3.12/site-packages/airflow/example_dags/example_skip_dag.py
[2025-02-13T00:11:38.244+0000] {processor.py:925} INFO - DAG(s) 'example_skip_dag' retrieved from /home/airflow/.local/lib/python3.12/site-packages/airflow/example_dags/example_skip_dag.py
[2025-02-13T00:11:38.261+0000] {logging_mixin.py:190} INFO - [2025-02-13T00:11:38.261+0000] {dag.py:3239} INFO - Sync 1 DAGs
[2025-02-13T00:11:38.280+0000] {logging_mixin.py:190} INFO - [2025-02-13T00:11:38.280+0000] {dag.py:4180} INFO - Setting next_dagrun for example_skip_dag to 2025-02-12 00:00:00+00:00, run_after=2025-02-13 00:00:00+00:00
[2025-02-13T00:11:38.297+0000] {processor.py:208} INFO - Processing /home/airflow/.local/lib/python3.12/site-packages/airflow/example_dags/example_skip_dag.py took 0.067 seconds
[2025-02-13T00:12:08.551+0000] {processor.py:186} INFO - Started process (PID=1372) to work on /home/airflow/.local/lib/python3.12/site-packages/airflow/example_dags/example_skip_dag.py
[2025-02-13T00:12:08.552+0000] {processor.py:914} INFO - Processing file /home/airflow/.local/lib/python3.12/site-packages/airflow/example_dags/example_skip_dag.py for tasks to queue
[2025-02-13T00:12:08.554+0000] {logging_mixin.py:190} INFO - [2025-02-13T00:12:08.553+0000] {dagbag.py:588} INFO - Filling up the DagBag from /home/airflow/.local/lib/python3.12/site-packages/airflow/example_dags/example_skip_dag.py
[2025-02-13T00:12:08.560+0000] {processor.py:925} INFO - DAG(s) 'example_skip_dag' retrieved from /home/airflow/.local/lib/python3.12/site-packages/airflow/example_dags/example_skip_dag.py
[2025-02-13T00:12:08.578+0000] {logging_mixin.py:190} INFO - [2025-02-13T00:12:08.578+0000] {dag.py:3239} INFO - Sync 1 DAGs
[2025-02-13T00:12:08.597+0000] {logging_mixin.py:190} INFO - [2025-02-13T00:12:08.596+0000] {dag.py:4180} INFO - Setting next_dagrun for example_skip_dag to 2025-02-12 00:00:00+00:00, run_after=2025-02-13 00:00:00+00:00
[2025-02-13T00:12:08.612+0000] {processor.py:208} INFO - Processing /home/airflow/.local/lib/python3.12/site-packages/airflow/example_dags/example_skip_dag.py took 0.065 seconds
[2025-02-13T00:12:39.140+0000] {processor.py:186} INFO - Started process (PID=1430) to work on /home/airflow/.local/lib/python3.12/site-packages/airflow/example_dags/example_skip_dag.py
[2025-02-13T00:12:39.141+0000] {processor.py:914} INFO - Processing file /home/airflow/.local/lib/python3.12/site-packages/airflow/example_dags/example_skip_dag.py for tasks to queue
[2025-02-13T00:12:39.142+0000] {logging_mixin.py:190} INFO - [2025-02-13T00:12:39.142+0000] {dagbag.py:588} INFO - Filling up the DagBag from /home/airflow/.local/lib/python3.12/site-packages/airflow/example_dags/example_skip_dag.py
[2025-02-13T00:12:39.149+0000] {processor.py:925} INFO - DAG(s) 'example_skip_dag' retrieved from /home/airflow/.local/lib/python3.12/site-packages/airflow/example_dags/example_skip_dag.py
[2025-02-13T00:12:39.167+0000] {logging_mixin.py:190} INFO - [2025-02-13T00:12:39.166+0000] {dag.py:3239} INFO - Sync 1 DAGs
[2025-02-13T00:12:39.185+0000] {logging_mixin.py:190} INFO - [2025-02-13T00:12:39.185+0000] {dag.py:4180} INFO - Setting next_dagrun for example_skip_dag to 2025-02-12 00:00:00+00:00, run_after=2025-02-13 00:00:00+00:00
[2025-02-13T00:12:39.200+0000] {processor.py:208} INFO - Processing /home/airflow/.local/lib/python3.12/site-packages/airflow/example_dags/example_skip_dag.py took 0.065 seconds
[2025-02-13T00:13:09.374+0000] {processor.py:186} INFO - Started process (PID=1488) to work on /home/airflow/.local/lib/python3.12/site-packages/airflow/example_dags/example_skip_dag.py
[2025-02-13T00:13:09.374+0000] {processor.py:914} INFO - Processing file /home/airflow/.local/lib/python3.12/site-packages/airflow/example_dags/example_skip_dag.py for tasks to queue
[2025-02-13T00:13:09.377+0000] {logging_mixin.py:190} INFO - [2025-02-13T00:13:09.376+0000] {dagbag.py:588} INFO - Filling up the DagBag from /home/airflow/.local/lib/python3.12/site-packages/airflow/example_dags/example_skip_dag.py
[2025-02-13T00:13:09.383+0000] {processor.py:925} INFO - DAG(s) 'example_skip_dag' retrieved from /home/airflow/.local/lib/python3.12/site-packages/airflow/example_dags/example_skip_dag.py
[2025-02-13T00:13:09.402+0000] {logging_mixin.py:190} INFO - [2025-02-13T00:13:09.401+0000] {dag.py:3239} INFO - Sync 1 DAGs
[2025-02-13T00:13:09.423+0000] {logging_mixin.py:190} INFO - [2025-02-13T00:13:09.423+0000] {dag.py:4180} INFO - Setting next_dagrun for example_skip_dag to 2025-02-12 00:00:00+00:00, run_after=2025-02-13 00:00:00+00:00
[2025-02-13T00:13:09.436+0000] {processor.py:208} INFO - Processing /home/airflow/.local/lib/python3.12/site-packages/airflow/example_dags/example_skip_dag.py took 0.068 seconds
[2025-02-13T00:13:39.541+0000] {processor.py:186} INFO - Started process (PID=1546) to work on /home/airflow/.local/lib/python3.12/site-packages/airflow/example_dags/example_skip_dag.py
[2025-02-13T00:13:39.541+0000] {processor.py:914} INFO - Processing file /home/airflow/.local/lib/python3.12/site-packages/airflow/example_dags/example_skip_dag.py for tasks to queue
[2025-02-13T00:13:39.543+0000] {logging_mixin.py:190} INFO - [2025-02-13T00:13:39.543+0000] {dagbag.py:588} INFO - Filling up the DagBag from /home/airflow/.local/lib/python3.12/site-packages/airflow/example_dags/example_skip_dag.py
[2025-02-13T00:13:39.550+0000] {processor.py:925} INFO - DAG(s) 'example_skip_dag' retrieved from /home/airflow/.local/lib/python3.12/site-packages/airflow/example_dags/example_skip_dag.py
[2025-02-13T00:13:39.568+0000] {logging_mixin.py:190} INFO - [2025-02-13T00:13:39.567+0000] {dag.py:3239} INFO - Sync 1 DAGs
[2025-02-13T00:13:39.589+0000] {logging_mixin.py:190} INFO - [2025-02-13T00:13:39.588+0000] {dag.py:4180} INFO - Setting next_dagrun for example_skip_dag to 2025-02-12 00:00:00+00:00, run_after=2025-02-13 00:00:00+00:00
[2025-02-13T00:13:39.603+0000] {processor.py:208} INFO - Processing /home/airflow/.local/lib/python3.12/site-packages/airflow/example_dags/example_skip_dag.py took 0.067 seconds
[2025-02-13T00:14:09.649+0000] {processor.py:186} INFO - Started process (PID=1604) to work on /home/airflow/.local/lib/python3.12/site-packages/airflow/example_dags/example_skip_dag.py
[2025-02-13T00:14:09.650+0000] {processor.py:914} INFO - Processing file /home/airflow/.local/lib/python3.12/site-packages/airflow/example_dags/example_skip_dag.py for tasks to queue
[2025-02-13T00:14:09.652+0000] {logging_mixin.py:190} INFO - [2025-02-13T00:14:09.652+0000] {dagbag.py:588} INFO - Filling up the DagBag from /home/airflow/.local/lib/python3.12/site-packages/airflow/example_dags/example_skip_dag.py
[2025-02-13T00:14:09.658+0000] {processor.py:925} INFO - DAG(s) 'example_skip_dag' retrieved from /home/airflow/.local/lib/python3.12/site-packages/airflow/example_dags/example_skip_dag.py
[2025-02-13T00:14:09.682+0000] {logging_mixin.py:190} INFO - [2025-02-13T00:14:09.681+0000] {dag.py:3239} INFO - Sync 1 DAGs
[2025-02-13T00:14:09.714+0000] {logging_mixin.py:190} INFO - [2025-02-13T00:14:09.714+0000] {dag.py:4180} INFO - Setting next_dagrun for example_skip_dag to 2025-02-12 00:00:00+00:00, run_after=2025-02-13 00:00:00+00:00
[2025-02-13T00:14:09.748+0000] {processor.py:208} INFO - Processing /home/airflow/.local/lib/python3.12/site-packages/airflow/example_dags/example_skip_dag.py took 0.104 seconds
[2025-02-13T00:14:40.005+0000] {processor.py:186} INFO - Started process (PID=1662) to work on /home/airflow/.local/lib/python3.12/site-packages/airflow/example_dags/example_skip_dag.py
[2025-02-13T00:14:40.006+0000] {processor.py:914} INFO - Processing file /home/airflow/.local/lib/python3.12/site-packages/airflow/example_dags/example_skip_dag.py for tasks to queue
[2025-02-13T00:14:40.009+0000] {logging_mixin.py:190} INFO - [2025-02-13T00:14:40.008+0000] {dagbag.py:588} INFO - Filling up the DagBag from /home/airflow/.local/lib/python3.12/site-packages/airflow/example_dags/example_skip_dag.py
[2025-02-13T00:14:40.018+0000] {processor.py:925} INFO - DAG(s) 'example_skip_dag' retrieved from /home/airflow/.local/lib/python3.12/site-packages/airflow/example_dags/example_skip_dag.py
[2025-02-13T00:14:40.042+0000] {logging_mixin.py:190} INFO - [2025-02-13T00:14:40.042+0000] {dag.py:3239} INFO - Sync 1 DAGs
[2025-02-13T00:14:40.070+0000] {logging_mixin.py:190} INFO - [2025-02-13T00:14:40.070+0000] {dag.py:4180} INFO - Setting next_dagrun for example_skip_dag to 2025-02-12 00:00:00+00:00, run_after=2025-02-13 00:00:00+00:00
[2025-02-13T00:14:40.086+0000] {processor.py:208} INFO - Processing /home/airflow/.local/lib/python3.12/site-packages/airflow/example_dags/example_skip_dag.py took 0.088 seconds
[2025-02-13T00:15:10.224+0000] {processor.py:186} INFO - Started process (PID=1720) to work on /home/airflow/.local/lib/python3.12/site-packages/airflow/example_dags/example_skip_dag.py
[2025-02-13T00:15:10.225+0000] {processor.py:914} INFO - Processing file /home/airflow/.local/lib/python3.12/site-packages/airflow/example_dags/example_skip_dag.py for tasks to queue
[2025-02-13T00:15:10.227+0000] {logging_mixin.py:190} INFO - [2025-02-13T00:15:10.227+0000] {dagbag.py:588} INFO - Filling up the DagBag from /home/airflow/.local/lib/python3.12/site-packages/airflow/example_dags/example_skip_dag.py
[2025-02-13T00:15:10.236+0000] {processor.py:925} INFO - DAG(s) 'example_skip_dag' retrieved from /home/airflow/.local/lib/python3.12/site-packages/airflow/example_dags/example_skip_dag.py
[2025-02-13T00:15:10.260+0000] {logging_mixin.py:190} INFO - [2025-02-13T00:15:10.260+0000] {dag.py:3239} INFO - Sync 1 DAGs
[2025-02-13T00:15:10.288+0000] {logging_mixin.py:190} INFO - [2025-02-13T00:15:10.287+0000] {dag.py:4180} INFO - Setting next_dagrun for example_skip_dag to 2025-02-12 00:00:00+00:00, run_after=2025-02-13 00:00:00+00:00
[2025-02-13T00:15:10.304+0000] {processor.py:208} INFO - Processing /home/airflow/.local/lib/python3.12/site-packages/airflow/example_dags/example_skip_dag.py took 0.089 seconds
[2025-02-13T00:15:40.495+0000] {processor.py:186} INFO - Started process (PID=1778) to work on /home/airflow/.local/lib/python3.12/site-packages/airflow/example_dags/example_skip_dag.py
[2025-02-13T00:15:40.496+0000] {processor.py:914} INFO - Processing file /home/airflow/.local/lib/python3.12/site-packages/airflow/example_dags/example_skip_dag.py for tasks to queue
[2025-02-13T00:15:40.498+0000] {logging_mixin.py:190} INFO - [2025-02-13T00:15:40.498+0000] {dagbag.py:588} INFO - Filling up the DagBag from /home/airflow/.local/lib/python3.12/site-packages/airflow/example_dags/example_skip_dag.py
[2025-02-13T00:15:40.508+0000] {processor.py:925} INFO - DAG(s) 'example_skip_dag' retrieved from /home/airflow/.local/lib/python3.12/site-packages/airflow/example_dags/example_skip_dag.py
[2025-02-13T00:15:40.558+0000] {logging_mixin.py:190} INFO - [2025-02-13T00:15:40.557+0000] {dag.py:3239} INFO - Sync 1 DAGs
[2025-02-13T00:15:40.590+0000] {logging_mixin.py:190} INFO - [2025-02-13T00:15:40.590+0000] {dag.py:4180} INFO - Setting next_dagrun for example_skip_dag to 2025-02-12 00:00:00+00:00, run_after=2025-02-13 00:00:00+00:00
[2025-02-13T00:15:40.607+0000] {processor.py:208} INFO - Processing /home/airflow/.local/lib/python3.12/site-packages/airflow/example_dags/example_skip_dag.py took 0.119 seconds
[2025-02-13T00:16:10.984+0000] {processor.py:186} INFO - Started process (PID=1836) to work on /home/airflow/.local/lib/python3.12/site-packages/airflow/example_dags/example_skip_dag.py
[2025-02-13T00:16:10.985+0000] {processor.py:914} INFO - Processing file /home/airflow/.local/lib/python3.12/site-packages/airflow/example_dags/example_skip_dag.py for tasks to queue
[2025-02-13T00:16:10.987+0000] {logging_mixin.py:190} INFO - [2025-02-13T00:16:10.987+0000] {dagbag.py:588} INFO - Filling up the DagBag from /home/airflow/.local/lib/python3.12/site-packages/airflow/example_dags/example_skip_dag.py
[2025-02-13T00:16:10.996+0000] {processor.py:925} INFO - DAG(s) 'example_skip_dag' retrieved from /home/airflow/.local/lib/python3.12/site-packages/airflow/example_dags/example_skip_dag.py
[2025-02-13T00:16:11.021+0000] {logging_mixin.py:190} INFO - [2025-02-13T00:16:11.020+0000] {dag.py:3239} INFO - Sync 1 DAGs
[2025-02-13T00:16:11.049+0000] {logging_mixin.py:190} INFO - [2025-02-13T00:16:11.049+0000] {dag.py:4180} INFO - Setting next_dagrun for example_skip_dag to 2025-02-12 00:00:00+00:00, run_after=2025-02-13 00:00:00+00:00
[2025-02-13T00:16:11.065+0000] {processor.py:208} INFO - Processing /home/airflow/.local/lib/python3.12/site-packages/airflow/example_dags/example_skip_dag.py took 0.091 seconds
[2025-02-13T00:16:42.011+0000] {processor.py:186} INFO - Started process (PID=1894) to work on /home/airflow/.local/lib/python3.12/site-packages/airflow/example_dags/example_skip_dag.py
[2025-02-13T00:16:42.012+0000] {processor.py:914} INFO - Processing file /home/airflow/.local/lib/python3.12/site-packages/airflow/example_dags/example_skip_dag.py for tasks to queue
[2025-02-13T00:16:42.014+0000] {logging_mixin.py:190} INFO - [2025-02-13T00:16:42.014+0000] {dagbag.py:588} INFO - Filling up the DagBag from /home/airflow/.local/lib/python3.12/site-packages/airflow/example_dags/example_skip_dag.py
[2025-02-13T00:16:42.023+0000] {processor.py:925} INFO - DAG(s) 'example_skip_dag' retrieved from /home/airflow/.local/lib/python3.12/site-packages/airflow/example_dags/example_skip_dag.py
[2025-02-13T00:16:42.048+0000] {logging_mixin.py:190} INFO - [2025-02-13T00:16:42.047+0000] {dag.py:3239} INFO - Sync 1 DAGs
[2025-02-13T00:16:42.075+0000] {logging_mixin.py:190} INFO - [2025-02-13T00:16:42.075+0000] {dag.py:4180} INFO - Setting next_dagrun for example_skip_dag to 2025-02-12 00:00:00+00:00, run_after=2025-02-13 00:00:00+00:00
[2025-02-13T00:16:42.091+0000] {processor.py:208} INFO - Processing /home/airflow/.local/lib/python3.12/site-packages/airflow/example_dags/example_skip_dag.py took 0.091 seconds
[2025-02-13T00:17:12.507+0000] {processor.py:186} INFO - Started process (PID=1952) to work on /home/airflow/.local/lib/python3.12/site-packages/airflow/example_dags/example_skip_dag.py
[2025-02-13T00:17:12.508+0000] {processor.py:914} INFO - Processing file /home/airflow/.local/lib/python3.12/site-packages/airflow/example_dags/example_skip_dag.py for tasks to queue
[2025-02-13T00:17:12.510+0000] {logging_mixin.py:190} INFO - [2025-02-13T00:17:12.510+0000] {dagbag.py:588} INFO - Filling up the DagBag from /home/airflow/.local/lib/python3.12/site-packages/airflow/example_dags/example_skip_dag.py
[2025-02-13T00:17:12.519+0000] {processor.py:925} INFO - DAG(s) 'example_skip_dag' retrieved from /home/airflow/.local/lib/python3.12/site-packages/airflow/example_dags/example_skip_dag.py
[2025-02-13T00:17:12.544+0000] {logging_mixin.py:190} INFO - [2025-02-13T00:17:12.543+0000] {dag.py:3239} INFO - Sync 1 DAGs
[2025-02-13T00:17:12.572+0000] {logging_mixin.py:190} INFO - [2025-02-13T00:17:12.571+0000] {dag.py:4180} INFO - Setting next_dagrun for example_skip_dag to 2025-02-12 00:00:00+00:00, run_after=2025-02-13 00:00:00+00:00
[2025-02-13T00:17:12.587+0000] {processor.py:208} INFO - Processing /home/airflow/.local/lib/python3.12/site-packages/airflow/example_dags/example_skip_dag.py took 0.091 seconds
[2025-02-13T00:17:42.834+0000] {processor.py:186} INFO - Started process (PID=2010) to work on /home/airflow/.local/lib/python3.12/site-packages/airflow/example_dags/example_skip_dag.py
[2025-02-13T00:17:42.835+0000] {processor.py:914} INFO - Processing file /home/airflow/.local/lib/python3.12/site-packages/airflow/example_dags/example_skip_dag.py for tasks to queue
[2025-02-13T00:17:42.838+0000] {logging_mixin.py:190} INFO - [2025-02-13T00:17:42.837+0000] {dagbag.py:588} INFO - Filling up the DagBag from /home/airflow/.local/lib/python3.12/site-packages/airflow/example_dags/example_skip_dag.py
[2025-02-13T00:17:42.847+0000] {processor.py:925} INFO - DAG(s) 'example_skip_dag' retrieved from /home/airflow/.local/lib/python3.12/site-packages/airflow/example_dags/example_skip_dag.py
[2025-02-13T00:17:42.874+0000] {logging_mixin.py:190} INFO - [2025-02-13T00:17:42.874+0000] {dag.py:3239} INFO - Sync 1 DAGs
[2025-02-13T00:17:42.902+0000] {logging_mixin.py:190} INFO - [2025-02-13T00:17:42.901+0000] {dag.py:4180} INFO - Setting next_dagrun for example_skip_dag to 2025-02-12 00:00:00+00:00, run_after=2025-02-13 00:00:00+00:00
[2025-02-13T00:17:42.916+0000] {processor.py:208} INFO - Processing /home/airflow/.local/lib/python3.12/site-packages/airflow/example_dags/example_skip_dag.py took 0.091 seconds
[2025-02-13T00:18:13.028+0000] {processor.py:186} INFO - Started process (PID=2068) to work on /home/airflow/.local/lib/python3.12/site-packages/airflow/example_dags/example_skip_dag.py
[2025-02-13T00:18:13.030+0000] {processor.py:914} INFO - Processing file /home/airflow/.local/lib/python3.12/site-packages/airflow/example_dags/example_skip_dag.py for tasks to queue
[2025-02-13T00:18:13.032+0000] {logging_mixin.py:190} INFO - [2025-02-13T00:18:13.032+0000] {dagbag.py:588} INFO - Filling up the DagBag from /home/airflow/.local/lib/python3.12/site-packages/airflow/example_dags/example_skip_dag.py
[2025-02-13T00:18:13.044+0000] {processor.py:925} INFO - DAG(s) 'example_skip_dag' retrieved from /home/airflow/.local/lib/python3.12/site-packages/airflow/example_dags/example_skip_dag.py
[2025-02-13T00:18:13.076+0000] {logging_mixin.py:190} INFO - [2025-02-13T00:18:13.076+0000] {dag.py:3239} INFO - Sync 1 DAGs
[2025-02-13T00:18:13.105+0000] {logging_mixin.py:190} INFO - [2025-02-13T00:18:13.105+0000] {dag.py:4180} INFO - Setting next_dagrun for example_skip_dag to 2025-02-12 00:00:00+00:00, run_after=2025-02-13 00:00:00+00:00
[2025-02-13T00:18:13.122+0000] {processor.py:208} INFO - Processing /home/airflow/.local/lib/python3.12/site-packages/airflow/example_dags/example_skip_dag.py took 0.101 seconds
[2025-02-13T00:18:43.222+0000] {processor.py:186} INFO - Started process (PID=2126) to work on /home/airflow/.local/lib/python3.12/site-packages/airflow/example_dags/example_skip_dag.py
[2025-02-13T00:18:43.223+0000] {processor.py:914} INFO - Processing file /home/airflow/.local/lib/python3.12/site-packages/airflow/example_dags/example_skip_dag.py for tasks to queue
[2025-02-13T00:18:43.224+0000] {logging_mixin.py:190} INFO - [2025-02-13T00:18:43.224+0000] {dagbag.py:588} INFO - Filling up the DagBag from /home/airflow/.local/lib/python3.12/site-packages/airflow/example_dags/example_skip_dag.py
[2025-02-13T00:18:43.231+0000] {processor.py:925} INFO - DAG(s) 'example_skip_dag' retrieved from /home/airflow/.local/lib/python3.12/site-packages/airflow/example_dags/example_skip_dag.py
[2025-02-13T00:18:43.249+0000] {logging_mixin.py:190} INFO - [2025-02-13T00:18:43.249+0000] {dag.py:3239} INFO - Sync 1 DAGs
[2025-02-13T00:18:43.268+0000] {logging_mixin.py:190} INFO - [2025-02-13T00:18:43.268+0000] {dag.py:4180} INFO - Setting next_dagrun for example_skip_dag to 2025-02-12 00:00:00+00:00, run_after=2025-02-13 00:00:00+00:00
[2025-02-13T00:18:43.281+0000] {processor.py:208} INFO - Processing /home/airflow/.local/lib/python3.12/site-packages/airflow/example_dags/example_skip_dag.py took 0.064 seconds
[2025-02-13T00:19:14.177+0000] {processor.py:186} INFO - Started process (PID=2180) to work on /home/airflow/.local/lib/python3.12/site-packages/airflow/example_dags/example_skip_dag.py
[2025-02-13T00:19:14.178+0000] {processor.py:914} INFO - Processing file /home/airflow/.local/lib/python3.12/site-packages/airflow/example_dags/example_skip_dag.py for tasks to queue
[2025-02-13T00:19:14.180+0000] {logging_mixin.py:190} INFO - [2025-02-13T00:19:14.180+0000] {dagbag.py:588} INFO - Filling up the DagBag from /home/airflow/.local/lib/python3.12/site-packages/airflow/example_dags/example_skip_dag.py
[2025-02-13T00:19:14.190+0000] {processor.py:925} INFO - DAG(s) 'example_skip_dag' retrieved from /home/airflow/.local/lib/python3.12/site-packages/airflow/example_dags/example_skip_dag.py
[2025-02-13T00:19:14.246+0000] {logging_mixin.py:190} INFO - [2025-02-13T00:19:14.246+0000] {dag.py:3239} INFO - Sync 1 DAGs
[2025-02-13T00:19:14.287+0000] {logging_mixin.py:190} INFO - [2025-02-13T00:19:14.286+0000] {dag.py:4180} INFO - Setting next_dagrun for example_skip_dag to 2025-02-12 00:00:00+00:00, run_after=2025-02-13 00:00:00+00:00
[2025-02-13T00:19:14.304+0000] {processor.py:208} INFO - Processing /home/airflow/.local/lib/python3.12/site-packages/airflow/example_dags/example_skip_dag.py took 0.134 seconds
[2025-02-13T00:19:44.476+0000] {processor.py:186} INFO - Started process (PID=2238) to work on /home/airflow/.local/lib/python3.12/site-packages/airflow/example_dags/example_skip_dag.py
[2025-02-13T00:19:44.477+0000] {processor.py:914} INFO - Processing file /home/airflow/.local/lib/python3.12/site-packages/airflow/example_dags/example_skip_dag.py for tasks to queue
[2025-02-13T00:19:44.479+0000] {logging_mixin.py:190} INFO - [2025-02-13T00:19:44.479+0000] {dagbag.py:588} INFO - Filling up the DagBag from /home/airflow/.local/lib/python3.12/site-packages/airflow/example_dags/example_skip_dag.py
[2025-02-13T00:19:44.488+0000] {processor.py:925} INFO - DAG(s) 'example_skip_dag' retrieved from /home/airflow/.local/lib/python3.12/site-packages/airflow/example_dags/example_skip_dag.py
[2025-02-13T00:19:44.514+0000] {logging_mixin.py:190} INFO - [2025-02-13T00:19:44.514+0000] {dag.py:3239} INFO - Sync 1 DAGs
[2025-02-13T00:19:44.543+0000] {logging_mixin.py:190} INFO - [2025-02-13T00:19:44.543+0000] {dag.py:4180} INFO - Setting next_dagrun for example_skip_dag to 2025-02-12 00:00:00+00:00, run_after=2025-02-13 00:00:00+00:00
[2025-02-13T00:19:44.570+0000] {processor.py:208} INFO - Processing /home/airflow/.local/lib/python3.12/site-packages/airflow/example_dags/example_skip_dag.py took 0.103 seconds
[2025-02-13T00:20:14.643+0000] {processor.py:186} INFO - Started process (PID=2285) to work on /home/airflow/.local/lib/python3.12/site-packages/airflow/example_dags/example_skip_dag.py
[2025-02-13T00:20:14.644+0000] {processor.py:914} INFO - Processing file /home/airflow/.local/lib/python3.12/site-packages/airflow/example_dags/example_skip_dag.py for tasks to queue
[2025-02-13T00:20:14.647+0000] {logging_mixin.py:190} INFO - [2025-02-13T00:20:14.646+0000] {dagbag.py:588} INFO - Filling up the DagBag from /home/airflow/.local/lib/python3.12/site-packages/airflow/example_dags/example_skip_dag.py
[2025-02-13T00:20:14.656+0000] {processor.py:925} INFO - DAG(s) 'example_skip_dag' retrieved from /home/airflow/.local/lib/python3.12/site-packages/airflow/example_dags/example_skip_dag.py
[2025-02-13T00:20:14.680+0000] {logging_mixin.py:190} INFO - [2025-02-13T00:20:14.680+0000] {dag.py:3239} INFO - Sync 1 DAGs
[2025-02-13T00:20:14.710+0000] {logging_mixin.py:190} INFO - [2025-02-13T00:20:14.710+0000] {dag.py:4180} INFO - Setting next_dagrun for example_skip_dag to 2025-02-12 00:00:00+00:00, run_after=2025-02-13 00:00:00+00:00
[2025-02-13T00:20:14.728+0000] {processor.py:208} INFO - Processing /home/airflow/.local/lib/python3.12/site-packages/airflow/example_dags/example_skip_dag.py took 0.092 seconds
[2025-02-13T00:20:44.778+0000] {processor.py:186} INFO - Started process (PID=2343) to work on /home/airflow/.local/lib/python3.12/site-packages/airflow/example_dags/example_skip_dag.py
[2025-02-13T00:20:44.778+0000] {processor.py:914} INFO - Processing file /home/airflow/.local/lib/python3.12/site-packages/airflow/example_dags/example_skip_dag.py for tasks to queue
[2025-02-13T00:20:44.781+0000] {logging_mixin.py:190} INFO - [2025-02-13T00:20:44.781+0000] {dagbag.py:588} INFO - Filling up the DagBag from /home/airflow/.local/lib/python3.12/site-packages/airflow/example_dags/example_skip_dag.py
[2025-02-13T00:20:44.790+0000] {processor.py:925} INFO - DAG(s) 'example_skip_dag' retrieved from /home/airflow/.local/lib/python3.12/site-packages/airflow/example_dags/example_skip_dag.py
[2025-02-13T00:20:44.815+0000] {logging_mixin.py:190} INFO - [2025-02-13T00:20:44.815+0000] {dag.py:3239} INFO - Sync 1 DAGs
[2025-02-13T00:20:44.843+0000] {logging_mixin.py:190} INFO - [2025-02-13T00:20:44.843+0000] {dag.py:4180} INFO - Setting next_dagrun for example_skip_dag to 2025-02-12 00:00:00+00:00, run_after=2025-02-13 00:00:00+00:00
[2025-02-13T00:20:44.858+0000] {processor.py:208} INFO - Processing /home/airflow/.local/lib/python3.12/site-packages/airflow/example_dags/example_skip_dag.py took 0.088 seconds
[2025-02-13T00:21:15.218+0000] {processor.py:186} INFO - Started process (PID=2401) to work on /home/airflow/.local/lib/python3.12/site-packages/airflow/example_dags/example_skip_dag.py
[2025-02-13T00:21:15.218+0000] {processor.py:914} INFO - Processing file /home/airflow/.local/lib/python3.12/site-packages/airflow/example_dags/example_skip_dag.py for tasks to queue
[2025-02-13T00:21:15.222+0000] {logging_mixin.py:190} INFO - [2025-02-13T00:21:15.220+0000] {dagbag.py:588} INFO - Filling up the DagBag from /home/airflow/.local/lib/python3.12/site-packages/airflow/example_dags/example_skip_dag.py
[2025-02-13T00:21:15.231+0000] {processor.py:925} INFO - DAG(s) 'example_skip_dag' retrieved from /home/airflow/.local/lib/python3.12/site-packages/airflow/example_dags/example_skip_dag.py
[2025-02-13T00:21:15.256+0000] {logging_mixin.py:190} INFO - [2025-02-13T00:21:15.256+0000] {dag.py:3239} INFO - Sync 1 DAGs
[2025-02-13T00:21:15.282+0000] {logging_mixin.py:190} INFO - [2025-02-13T00:21:15.282+0000] {dag.py:4180} INFO - Setting next_dagrun for example_skip_dag to 2025-02-12 00:00:00+00:00, run_after=2025-02-13 00:00:00+00:00
[2025-02-13T00:21:15.296+0000] {processor.py:208} INFO - Processing /home/airflow/.local/lib/python3.12/site-packages/airflow/example_dags/example_skip_dag.py took 0.087 seconds
[2025-02-13T00:21:45.431+0000] {processor.py:186} INFO - Started process (PID=2459) to work on /home/airflow/.local/lib/python3.12/site-packages/airflow/example_dags/example_skip_dag.py
[2025-02-13T00:21:45.432+0000] {processor.py:914} INFO - Processing file /home/airflow/.local/lib/python3.12/site-packages/airflow/example_dags/example_skip_dag.py for tasks to queue
[2025-02-13T00:21:45.435+0000] {logging_mixin.py:190} INFO - [2025-02-13T00:21:45.435+0000] {dagbag.py:588} INFO - Filling up the DagBag from /home/airflow/.local/lib/python3.12/site-packages/airflow/example_dags/example_skip_dag.py
[2025-02-13T00:21:45.445+0000] {processor.py:925} INFO - DAG(s) 'example_skip_dag' retrieved from /home/airflow/.local/lib/python3.12/site-packages/airflow/example_dags/example_skip_dag.py
[2025-02-13T00:21:45.469+0000] {logging_mixin.py:190} INFO - [2025-02-13T00:21:45.469+0000] {dag.py:3239} INFO - Sync 1 DAGs
[2025-02-13T00:21:45.498+0000] {logging_mixin.py:190} INFO - [2025-02-13T00:21:45.498+0000] {dag.py:4180} INFO - Setting next_dagrun for example_skip_dag to 2025-02-12 00:00:00+00:00, run_after=2025-02-13 00:00:00+00:00
[2025-02-13T00:21:45.514+0000] {processor.py:208} INFO - Processing /home/airflow/.local/lib/python3.12/site-packages/airflow/example_dags/example_skip_dag.py took 0.090 seconds
[2025-02-13T00:22:15.656+0000] {processor.py:186} INFO - Started process (PID=2517) to work on /home/airflow/.local/lib/python3.12/site-packages/airflow/example_dags/example_skip_dag.py
[2025-02-13T00:22:15.657+0000] {processor.py:914} INFO - Processing file /home/airflow/.local/lib/python3.12/site-packages/airflow/example_dags/example_skip_dag.py for tasks to queue
[2025-02-13T00:22:15.660+0000] {logging_mixin.py:190} INFO - [2025-02-13T00:22:15.660+0000] {dagbag.py:588} INFO - Filling up the DagBag from /home/airflow/.local/lib/python3.12/site-packages/airflow/example_dags/example_skip_dag.py
[2025-02-13T00:22:15.670+0000] {processor.py:925} INFO - DAG(s) 'example_skip_dag' retrieved from /home/airflow/.local/lib/python3.12/site-packages/airflow/example_dags/example_skip_dag.py
[2025-02-13T00:22:15.695+0000] {logging_mixin.py:190} INFO - [2025-02-13T00:22:15.695+0000] {dag.py:3239} INFO - Sync 1 DAGs
[2025-02-13T00:22:15.724+0000] {logging_mixin.py:190} INFO - [2025-02-13T00:22:15.724+0000] {dag.py:4180} INFO - Setting next_dagrun for example_skip_dag to 2025-02-12 00:00:00+00:00, run_after=2025-02-13 00:00:00+00:00
[2025-02-13T00:22:15.740+0000] {processor.py:208} INFO - Processing /home/airflow/.local/lib/python3.12/site-packages/airflow/example_dags/example_skip_dag.py took 0.091 seconds
[2025-02-13T00:22:45.829+0000] {processor.py:186} INFO - Started process (PID=2575) to work on /home/airflow/.local/lib/python3.12/site-packages/airflow/example_dags/example_skip_dag.py
[2025-02-13T00:22:45.830+0000] {processor.py:914} INFO - Processing file /home/airflow/.local/lib/python3.12/site-packages/airflow/example_dags/example_skip_dag.py for tasks to queue
[2025-02-13T00:22:45.832+0000] {logging_mixin.py:190} INFO - [2025-02-13T00:22:45.832+0000] {dagbag.py:588} INFO - Filling up the DagBag from /home/airflow/.local/lib/python3.12/site-packages/airflow/example_dags/example_skip_dag.py
[2025-02-13T00:22:45.841+0000] {processor.py:925} INFO - DAG(s) 'example_skip_dag' retrieved from /home/airflow/.local/lib/python3.12/site-packages/airflow/example_dags/example_skip_dag.py
[2025-02-13T00:22:45.866+0000] {logging_mixin.py:190} INFO - [2025-02-13T00:22:45.866+0000] {dag.py:3239} INFO - Sync 1 DAGs
[2025-02-13T00:22:45.895+0000] {logging_mixin.py:190} INFO - [2025-02-13T00:22:45.894+0000] {dag.py:4180} INFO - Setting next_dagrun for example_skip_dag to 2025-02-12 00:00:00+00:00, run_after=2025-02-13 00:00:00+00:00
[2025-02-13T00:22:45.913+0000] {processor.py:208} INFO - Processing /home/airflow/.local/lib/python3.12/site-packages/airflow/example_dags/example_skip_dag.py took 0.090 seconds
[2025-02-13T00:23:16.243+0000] {processor.py:186} INFO - Started process (PID=2633) to work on /home/airflow/.local/lib/python3.12/site-packages/airflow/example_dags/example_skip_dag.py
[2025-02-13T00:23:16.244+0000] {processor.py:914} INFO - Processing file /home/airflow/.local/lib/python3.12/site-packages/airflow/example_dags/example_skip_dag.py for tasks to queue
[2025-02-13T00:23:16.246+0000] {logging_mixin.py:190} INFO - [2025-02-13T00:23:16.246+0000] {dagbag.py:588} INFO - Filling up the DagBag from /home/airflow/.local/lib/python3.12/site-packages/airflow/example_dags/example_skip_dag.py
[2025-02-13T00:23:16.266+0000] {processor.py:925} INFO - DAG(s) 'example_skip_dag' retrieved from /home/airflow/.local/lib/python3.12/site-packages/airflow/example_dags/example_skip_dag.py
[2025-02-13T00:23:16.300+0000] {logging_mixin.py:190} INFO - [2025-02-13T00:23:16.299+0000] {dag.py:3239} INFO - Sync 1 DAGs
[2025-02-13T00:23:16.324+0000] {logging_mixin.py:190} INFO - [2025-02-13T00:23:16.324+0000] {dag.py:4180} INFO - Setting next_dagrun for example_skip_dag to 2025-02-12 00:00:00+00:00, run_after=2025-02-13 00:00:00+00:00
[2025-02-13T00:23:16.343+0000] {processor.py:208} INFO - Processing /home/airflow/.local/lib/python3.12/site-packages/airflow/example_dags/example_skip_dag.py took 0.108 seconds
[2025-02-13T00:23:46.494+0000] {processor.py:186} INFO - Started process (PID=2691) to work on /home/airflow/.local/lib/python3.12/site-packages/airflow/example_dags/example_skip_dag.py
[2025-02-13T00:23:46.495+0000] {processor.py:914} INFO - Processing file /home/airflow/.local/lib/python3.12/site-packages/airflow/example_dags/example_skip_dag.py for tasks to queue
[2025-02-13T00:23:46.497+0000] {logging_mixin.py:190} INFO - [2025-02-13T00:23:46.497+0000] {dagbag.py:588} INFO - Filling up the DagBag from /home/airflow/.local/lib/python3.12/site-packages/airflow/example_dags/example_skip_dag.py
[2025-02-13T00:23:46.506+0000] {processor.py:925} INFO - DAG(s) 'example_skip_dag' retrieved from /home/airflow/.local/lib/python3.12/site-packages/airflow/example_dags/example_skip_dag.py
[2025-02-13T00:23:46.531+0000] {logging_mixin.py:190} INFO - [2025-02-13T00:23:46.530+0000] {dag.py:3239} INFO - Sync 1 DAGs
[2025-02-13T00:23:46.559+0000] {logging_mixin.py:190} INFO - [2025-02-13T00:23:46.559+0000] {dag.py:4180} INFO - Setting next_dagrun for example_skip_dag to 2025-02-12 00:00:00+00:00, run_after=2025-02-13 00:00:00+00:00
[2025-02-13T00:23:46.574+0000] {processor.py:208} INFO - Processing /home/airflow/.local/lib/python3.12/site-packages/airflow/example_dags/example_skip_dag.py took 0.089 seconds
[2025-02-13T00:24:16.766+0000] {processor.py:186} INFO - Started process (PID=2749) to work on /home/airflow/.local/lib/python3.12/site-packages/airflow/example_dags/example_skip_dag.py
[2025-02-13T00:24:16.767+0000] {processor.py:914} INFO - Processing file /home/airflow/.local/lib/python3.12/site-packages/airflow/example_dags/example_skip_dag.py for tasks to queue
[2025-02-13T00:24:16.770+0000] {logging_mixin.py:190} INFO - [2025-02-13T00:24:16.769+0000] {dagbag.py:588} INFO - Filling up the DagBag from /home/airflow/.local/lib/python3.12/site-packages/airflow/example_dags/example_skip_dag.py
[2025-02-13T00:24:16.779+0000] {processor.py:925} INFO - DAG(s) 'example_skip_dag' retrieved from /home/airflow/.local/lib/python3.12/site-packages/airflow/example_dags/example_skip_dag.py
[2025-02-13T00:24:16.804+0000] {logging_mixin.py:190} INFO - [2025-02-13T00:24:16.803+0000] {dag.py:3239} INFO - Sync 1 DAGs
[2025-02-13T00:24:16.833+0000] {logging_mixin.py:190} INFO - [2025-02-13T00:24:16.833+0000] {dag.py:4180} INFO - Setting next_dagrun for example_skip_dag to 2025-02-12 00:00:00+00:00, run_after=2025-02-13 00:00:00+00:00
[2025-02-13T00:24:16.853+0000] {processor.py:208} INFO - Processing /home/airflow/.local/lib/python3.12/site-packages/airflow/example_dags/example_skip_dag.py took 0.094 seconds
[2025-02-13T00:24:46.964+0000] {processor.py:186} INFO - Started process (PID=2807) to work on /home/airflow/.local/lib/python3.12/site-packages/airflow/example_dags/example_skip_dag.py
[2025-02-13T00:24:46.965+0000] {processor.py:914} INFO - Processing file /home/airflow/.local/lib/python3.12/site-packages/airflow/example_dags/example_skip_dag.py for tasks to queue
[2025-02-13T00:24:46.967+0000] {logging_mixin.py:190} INFO - [2025-02-13T00:24:46.967+0000] {dagbag.py:588} INFO - Filling up the DagBag from /home/airflow/.local/lib/python3.12/site-packages/airflow/example_dags/example_skip_dag.py
[2025-02-13T00:24:46.977+0000] {processor.py:925} INFO - DAG(s) 'example_skip_dag' retrieved from /home/airflow/.local/lib/python3.12/site-packages/airflow/example_dags/example_skip_dag.py
[2025-02-13T00:24:47.028+0000] {logging_mixin.py:190} INFO - [2025-02-13T00:24:47.027+0000] {dag.py:3239} INFO - Sync 1 DAGs
[2025-02-13T00:24:47.096+0000] {logging_mixin.py:190} INFO - [2025-02-13T00:24:47.096+0000] {dag.py:4180} INFO - Setting next_dagrun for example_skip_dag to 2025-02-12 00:00:00+00:00, run_after=2025-02-13 00:00:00+00:00
[2025-02-13T00:24:47.122+0000] {processor.py:208} INFO - Processing /home/airflow/.local/lib/python3.12/site-packages/airflow/example_dags/example_skip_dag.py took 0.166 seconds
[2025-02-13T00:25:17.179+0000] {processor.py:186} INFO - Started process (PID=2865) to work on /home/airflow/.local/lib/python3.12/site-packages/airflow/example_dags/example_skip_dag.py
[2025-02-13T00:25:17.181+0000] {processor.py:914} INFO - Processing file /home/airflow/.local/lib/python3.12/site-packages/airflow/example_dags/example_skip_dag.py for tasks to queue
[2025-02-13T00:25:17.183+0000] {logging_mixin.py:190} INFO - [2025-02-13T00:25:17.183+0000] {dagbag.py:588} INFO - Filling up the DagBag from /home/airflow/.local/lib/python3.12/site-packages/airflow/example_dags/example_skip_dag.py
[2025-02-13T00:25:17.194+0000] {processor.py:925} INFO - DAG(s) 'example_skip_dag' retrieved from /home/airflow/.local/lib/python3.12/site-packages/airflow/example_dags/example_skip_dag.py
[2025-02-13T00:25:17.219+0000] {logging_mixin.py:190} INFO - [2025-02-13T00:25:17.218+0000] {dag.py:3239} INFO - Sync 1 DAGs
[2025-02-13T00:25:17.248+0000] {logging_mixin.py:190} INFO - [2025-02-13T00:25:17.247+0000] {dag.py:4180} INFO - Setting next_dagrun for example_skip_dag to 2025-02-12 00:00:00+00:00, run_after=2025-02-13 00:00:00+00:00
[2025-02-13T00:25:17.265+0000] {processor.py:208} INFO - Processing /home/airflow/.local/lib/python3.12/site-packages/airflow/example_dags/example_skip_dag.py took 0.094 seconds
[2025-02-13T00:25:47.535+0000] {processor.py:186} INFO - Started process (PID=2923) to work on /home/airflow/.local/lib/python3.12/site-packages/airflow/example_dags/example_skip_dag.py
[2025-02-13T00:25:47.535+0000] {processor.py:914} INFO - Processing file /home/airflow/.local/lib/python3.12/site-packages/airflow/example_dags/example_skip_dag.py for tasks to queue
[2025-02-13T00:25:47.538+0000] {logging_mixin.py:190} INFO - [2025-02-13T00:25:47.537+0000] {dagbag.py:588} INFO - Filling up the DagBag from /home/airflow/.local/lib/python3.12/site-packages/airflow/example_dags/example_skip_dag.py
[2025-02-13T00:25:47.548+0000] {processor.py:925} INFO - DAG(s) 'example_skip_dag' retrieved from /home/airflow/.local/lib/python3.12/site-packages/airflow/example_dags/example_skip_dag.py
[2025-02-13T00:25:47.572+0000] {logging_mixin.py:190} INFO - [2025-02-13T00:25:47.571+0000] {dag.py:3239} INFO - Sync 1 DAGs
[2025-02-13T00:25:47.601+0000] {logging_mixin.py:190} INFO - [2025-02-13T00:25:47.601+0000] {dag.py:4180} INFO - Setting next_dagrun for example_skip_dag to 2025-02-12 00:00:00+00:00, run_after=2025-02-13 00:00:00+00:00
[2025-02-13T00:25:47.618+0000] {processor.py:208} INFO - Processing /home/airflow/.local/lib/python3.12/site-packages/airflow/example_dags/example_skip_dag.py took 0.097 seconds
[2025-02-13T00:26:18.019+0000] {processor.py:186} INFO - Started process (PID=2981) to work on /home/airflow/.local/lib/python3.12/site-packages/airflow/example_dags/example_skip_dag.py
[2025-02-13T00:26:18.020+0000] {processor.py:914} INFO - Processing file /home/airflow/.local/lib/python3.12/site-packages/airflow/example_dags/example_skip_dag.py for tasks to queue
[2025-02-13T00:26:18.023+0000] {logging_mixin.py:190} INFO - [2025-02-13T00:26:18.022+0000] {dagbag.py:588} INFO - Filling up the DagBag from /home/airflow/.local/lib/python3.12/site-packages/airflow/example_dags/example_skip_dag.py
[2025-02-13T00:26:18.032+0000] {processor.py:925} INFO - DAG(s) 'example_skip_dag' retrieved from /home/airflow/.local/lib/python3.12/site-packages/airflow/example_dags/example_skip_dag.py
[2025-02-13T00:26:18.056+0000] {logging_mixin.py:190} INFO - [2025-02-13T00:26:18.056+0000] {dag.py:3239} INFO - Sync 1 DAGs
[2025-02-13T00:26:18.084+0000] {logging_mixin.py:190} INFO - [2025-02-13T00:26:18.084+0000] {dag.py:4180} INFO - Setting next_dagrun for example_skip_dag to 2025-02-12 00:00:00+00:00, run_after=2025-02-13 00:00:00+00:00
[2025-02-13T00:26:18.099+0000] {processor.py:208} INFO - Processing /home/airflow/.local/lib/python3.12/site-packages/airflow/example_dags/example_skip_dag.py took 0.087 seconds
[2025-02-13T00:26:48.247+0000] {processor.py:186} INFO - Started process (PID=3039) to work on /home/airflow/.local/lib/python3.12/site-packages/airflow/example_dags/example_skip_dag.py
[2025-02-13T00:26:48.248+0000] {processor.py:914} INFO - Processing file /home/airflow/.local/lib/python3.12/site-packages/airflow/example_dags/example_skip_dag.py for tasks to queue
[2025-02-13T00:26:48.250+0000] {logging_mixin.py:190} INFO - [2025-02-13T00:26:48.250+0000] {dagbag.py:588} INFO - Filling up the DagBag from /home/airflow/.local/lib/python3.12/site-packages/airflow/example_dags/example_skip_dag.py
[2025-02-13T00:26:48.259+0000] {processor.py:925} INFO - DAG(s) 'example_skip_dag' retrieved from /home/airflow/.local/lib/python3.12/site-packages/airflow/example_dags/example_skip_dag.py
[2025-02-13T00:26:48.283+0000] {logging_mixin.py:190} INFO - [2025-02-13T00:26:48.282+0000] {dag.py:3239} INFO - Sync 1 DAGs
[2025-02-13T00:26:48.311+0000] {logging_mixin.py:190} INFO - [2025-02-13T00:26:48.310+0000] {dag.py:4180} INFO - Setting next_dagrun for example_skip_dag to 2025-02-12 00:00:00+00:00, run_after=2025-02-13 00:00:00+00:00
[2025-02-13T00:26:48.327+0000] {processor.py:208} INFO - Processing /home/airflow/.local/lib/python3.12/site-packages/airflow/example_dags/example_skip_dag.py took 0.086 seconds
[2025-02-13T00:27:18.809+0000] {processor.py:186} INFO - Started process (PID=3097) to work on /home/airflow/.local/lib/python3.12/site-packages/airflow/example_dags/example_skip_dag.py
[2025-02-13T00:27:18.810+0000] {processor.py:914} INFO - Processing file /home/airflow/.local/lib/python3.12/site-packages/airflow/example_dags/example_skip_dag.py for tasks to queue
[2025-02-13T00:27:18.812+0000] {logging_mixin.py:190} INFO - [2025-02-13T00:27:18.812+0000] {dagbag.py:588} INFO - Filling up the DagBag from /home/airflow/.local/lib/python3.12/site-packages/airflow/example_dags/example_skip_dag.py
[2025-02-13T00:27:18.821+0000] {processor.py:925} INFO - DAG(s) 'example_skip_dag' retrieved from /home/airflow/.local/lib/python3.12/site-packages/airflow/example_dags/example_skip_dag.py
[2025-02-13T00:27:18.846+0000] {logging_mixin.py:190} INFO - [2025-02-13T00:27:18.846+0000] {dag.py:3239} INFO - Sync 1 DAGs
[2025-02-13T00:27:18.873+0000] {logging_mixin.py:190} INFO - [2025-02-13T00:27:18.873+0000] {dag.py:4180} INFO - Setting next_dagrun for example_skip_dag to 2025-02-12 00:00:00+00:00, run_after=2025-02-13 00:00:00+00:00
[2025-02-13T00:27:18.887+0000] {processor.py:208} INFO - Processing /home/airflow/.local/lib/python3.12/site-packages/airflow/example_dags/example_skip_dag.py took 0.094 seconds
[2025-02-13T00:27:49.007+0000] {processor.py:186} INFO - Started process (PID=3155) to work on /home/airflow/.local/lib/python3.12/site-packages/airflow/example_dags/example_skip_dag.py
[2025-02-13T00:27:49.008+0000] {processor.py:914} INFO - Processing file /home/airflow/.local/lib/python3.12/site-packages/airflow/example_dags/example_skip_dag.py for tasks to queue
[2025-02-13T00:27:49.011+0000] {logging_mixin.py:190} INFO - [2025-02-13T00:27:49.011+0000] {dagbag.py:588} INFO - Filling up the DagBag from /home/airflow/.local/lib/python3.12/site-packages/airflow/example_dags/example_skip_dag.py
[2025-02-13T00:27:49.029+0000] {processor.py:925} INFO - DAG(s) 'example_skip_dag' retrieved from /home/airflow/.local/lib/python3.12/site-packages/airflow/example_dags/example_skip_dag.py
[2025-02-13T00:27:49.062+0000] {logging_mixin.py:190} INFO - [2025-02-13T00:27:49.061+0000] {dag.py:3239} INFO - Sync 1 DAGs
[2025-02-13T00:27:49.094+0000] {logging_mixin.py:190} INFO - [2025-02-13T00:27:49.094+0000] {dag.py:4180} INFO - Setting next_dagrun for example_skip_dag to 2025-02-12 00:00:00+00:00, run_after=2025-02-13 00:00:00+00:00
[2025-02-13T00:27:49.112+0000] {processor.py:208} INFO - Processing /home/airflow/.local/lib/python3.12/site-packages/airflow/example_dags/example_skip_dag.py took 0.118 seconds
