[2025-02-13T00:01:04.470+0000] {processor.py:186} INFO - Started process (PID=185) to work on /home/airflow/.local/lib/python3.12/site-packages/airflow/example_dags/example_latest_only_with_trigger.py
[2025-02-13T00:01:04.471+0000] {processor.py:914} INFO - Processing file /home/airflow/.local/lib/python3.12/site-packages/airflow/example_dags/example_latest_only_with_trigger.py for tasks to queue
[2025-02-13T00:01:04.482+0000] {logging_mixin.py:190} INFO - [2025-02-13T00:01:04.481+0000] {dagbag.py:588} INFO - Filling up the DagBag from /home/airflow/.local/lib/python3.12/site-packages/airflow/example_dags/example_latest_only_with_trigger.py
[2025-02-13T00:01:04.505+0000] {processor.py:925} INFO - DAG(s) 'latest_only_with_trigger' retrieved from /home/airflow/.local/lib/python3.12/site-packages/airflow/example_dags/example_latest_only_with_trigger.py
[2025-02-13T00:01:04.541+0000] {logging_mixin.py:190} INFO - [2025-02-13T00:01:04.540+0000] {dag.py:3239} INFO - Sync 1 DAGs
[2025-02-13T00:01:04.571+0000] {logging_mixin.py:190} INFO - [2025-02-13T00:01:04.571+0000] {dag.py:4180} INFO - Setting next_dagrun for latest_only_with_trigger to 2025-02-12 20:00:00+00:00, run_after=2025-02-13 00:00:00+00:00
[2025-02-13T00:01:05.217+0000] {processor.py:208} INFO - Processing /home/airflow/.local/lib/python3.12/site-packages/airflow/example_dags/example_latest_only_with_trigger.py took 0.767 seconds
[2025-02-13T00:01:38.403+0000] {processor.py:186} INFO - Started process (PID=243) to work on /home/airflow/.local/lib/python3.12/site-packages/airflow/example_dags/example_latest_only_with_trigger.py
[2025-02-13T00:01:38.404+0000] {processor.py:914} INFO - Processing file /home/airflow/.local/lib/python3.12/site-packages/airflow/example_dags/example_latest_only_with_trigger.py for tasks to queue
[2025-02-13T00:01:38.407+0000] {logging_mixin.py:190} INFO - [2025-02-13T00:01:38.407+0000] {dagbag.py:588} INFO - Filling up the DagBag from /home/airflow/.local/lib/python3.12/site-packages/airflow/example_dags/example_latest_only_with_trigger.py
[2025-02-13T00:01:38.417+0000] {processor.py:925} INFO - DAG(s) 'latest_only_with_trigger' retrieved from /home/airflow/.local/lib/python3.12/site-packages/airflow/example_dags/example_latest_only_with_trigger.py
[2025-02-13T00:01:38.510+0000] {logging_mixin.py:190} INFO - [2025-02-13T00:01:38.509+0000] {dag.py:3239} INFO - Sync 1 DAGs
[2025-02-13T00:01:38.543+0000] {logging_mixin.py:190} INFO - [2025-02-13T00:01:38.543+0000] {dag.py:4180} INFO - Setting next_dagrun for latest_only_with_trigger to 2025-02-12 20:00:00+00:00, run_after=2025-02-13 00:00:00+00:00
[2025-02-13T00:01:39.533+0000] {processor.py:208} INFO - Processing /home/airflow/.local/lib/python3.12/site-packages/airflow/example_dags/example_latest_only_with_trigger.py took 1.138 seconds
[2025-02-13T00:02:38.436+0000] {processor.py:186} INFO - Started process (PID=303) to work on /home/airflow/.local/lib/python3.12/site-packages/airflow/example_dags/example_latest_only_with_trigger.py
[2025-02-13T00:02:38.437+0000] {processor.py:914} INFO - Processing file /home/airflow/.local/lib/python3.12/site-packages/airflow/example_dags/example_latest_only_with_trigger.py for tasks to queue
[2025-02-13T00:02:38.441+0000] {logging_mixin.py:190} INFO - [2025-02-13T00:02:38.440+0000] {dagbag.py:588} INFO - Filling up the DagBag from /home/airflow/.local/lib/python3.12/site-packages/airflow/example_dags/example_latest_only_with_trigger.py
[2025-02-13T00:02:38.469+0000] {processor.py:925} INFO - DAG(s) 'latest_only_with_trigger' retrieved from /home/airflow/.local/lib/python3.12/site-packages/airflow/example_dags/example_latest_only_with_trigger.py
[2025-02-13T00:02:38.506+0000] {logging_mixin.py:190} INFO - [2025-02-13T00:02:38.506+0000] {dag.py:3239} INFO - Sync 1 DAGs
[2025-02-13T00:02:38.576+0000] {logging_mixin.py:190} INFO - [2025-02-13T00:02:38.576+0000] {dag.py:4180} INFO - Setting next_dagrun for latest_only_with_trigger to 2025-02-12 20:00:00+00:00, run_after=2025-02-13 00:00:00+00:00
[2025-02-13T00:02:39.759+0000] {processor.py:208} INFO - Processing /home/airflow/.local/lib/python3.12/site-packages/airflow/example_dags/example_latest_only_with_trigger.py took 1.344 seconds
[2025-02-13T00:03:10.740+0000] {processor.py:186} INFO - Started process (PID=361) to work on /home/airflow/.local/lib/python3.12/site-packages/airflow/example_dags/example_latest_only_with_trigger.py
[2025-02-13T00:03:10.741+0000] {processor.py:914} INFO - Processing file /home/airflow/.local/lib/python3.12/site-packages/airflow/example_dags/example_latest_only_with_trigger.py for tasks to queue
[2025-02-13T00:03:10.755+0000] {logging_mixin.py:190} INFO - [2025-02-13T00:03:10.743+0000] {dagbag.py:588} INFO - Filling up the DagBag from /home/airflow/.local/lib/python3.12/site-packages/airflow/example_dags/example_latest_only_with_trigger.py
[2025-02-13T00:03:10.779+0000] {processor.py:925} INFO - DAG(s) 'latest_only_with_trigger' retrieved from /home/airflow/.local/lib/python3.12/site-packages/airflow/example_dags/example_latest_only_with_trigger.py
[2025-02-13T00:03:10.845+0000] {logging_mixin.py:190} INFO - [2025-02-13T00:03:10.844+0000] {dag.py:3239} INFO - Sync 1 DAGs
[2025-02-13T00:03:10.882+0000] {logging_mixin.py:190} INFO - [2025-02-13T00:03:10.882+0000] {dag.py:4180} INFO - Setting next_dagrun for latest_only_with_trigger to 2025-02-12 20:00:00+00:00, run_after=2025-02-13 00:00:00+00:00
[2025-02-13T00:03:10.913+0000] {processor.py:208} INFO - Processing /home/airflow/.local/lib/python3.12/site-packages/airflow/example_dags/example_latest_only_with_trigger.py took 0.179 seconds
[2025-02-13T00:03:43.239+0000] {processor.py:186} INFO - Started process (PID=419) to work on /home/airflow/.local/lib/python3.12/site-packages/airflow/example_dags/example_latest_only_with_trigger.py
[2025-02-13T00:03:43.240+0000] {processor.py:914} INFO - Processing file /home/airflow/.local/lib/python3.12/site-packages/airflow/example_dags/example_latest_only_with_trigger.py for tasks to queue
[2025-02-13T00:03:43.243+0000] {logging_mixin.py:190} INFO - [2025-02-13T00:03:43.243+0000] {dagbag.py:588} INFO - Filling up the DagBag from /home/airflow/.local/lib/python3.12/site-packages/airflow/example_dags/example_latest_only_with_trigger.py
[2025-02-13T00:03:43.265+0000] {processor.py:925} INFO - DAG(s) 'latest_only_with_trigger' retrieved from /home/airflow/.local/lib/python3.12/site-packages/airflow/example_dags/example_latest_only_with_trigger.py
[2025-02-13T00:03:43.309+0000] {logging_mixin.py:190} INFO - [2025-02-13T00:03:43.308+0000] {dag.py:3239} INFO - Sync 1 DAGs
[2025-02-13T00:03:43.392+0000] {logging_mixin.py:190} INFO - [2025-02-13T00:03:43.392+0000] {dag.py:4180} INFO - Setting next_dagrun for latest_only_with_trigger to 2025-02-12 20:00:00+00:00, run_after=2025-02-13 00:00:00+00:00
[2025-02-13T00:03:43.486+0000] {processor.py:208} INFO - Processing /home/airflow/.local/lib/python3.12/site-packages/airflow/example_dags/example_latest_only_with_trigger.py took 0.278 seconds
[2025-02-13T00:04:15.553+0000] {processor.py:186} INFO - Started process (PID=477) to work on /home/airflow/.local/lib/python3.12/site-packages/airflow/example_dags/example_latest_only_with_trigger.py
[2025-02-13T00:04:15.555+0000] {processor.py:914} INFO - Processing file /home/airflow/.local/lib/python3.12/site-packages/airflow/example_dags/example_latest_only_with_trigger.py for tasks to queue
[2025-02-13T00:04:15.558+0000] {logging_mixin.py:190} INFO - [2025-02-13T00:04:15.558+0000] {dagbag.py:588} INFO - Filling up the DagBag from /home/airflow/.local/lib/python3.12/site-packages/airflow/example_dags/example_latest_only_with_trigger.py
[2025-02-13T00:04:15.568+0000] {processor.py:925} INFO - DAG(s) 'latest_only_with_trigger' retrieved from /home/airflow/.local/lib/python3.12/site-packages/airflow/example_dags/example_latest_only_with_trigger.py
[2025-02-13T00:04:15.601+0000] {logging_mixin.py:190} INFO - [2025-02-13T00:04:15.600+0000] {dag.py:3239} INFO - Sync 1 DAGs
[2025-02-13T00:04:15.665+0000] {logging_mixin.py:190} INFO - [2025-02-13T00:04:15.665+0000] {dag.py:4180} INFO - Setting next_dagrun for latest_only_with_trigger to 2025-02-12 20:00:00+00:00, run_after=2025-02-13 00:00:00+00:00
[2025-02-13T00:04:15.708+0000] {processor.py:208} INFO - Processing /home/airflow/.local/lib/python3.12/site-packages/airflow/example_dags/example_latest_only_with_trigger.py took 0.162 seconds
[2025-02-13T00:04:48.290+0000] {processor.py:186} INFO - Started process (PID=535) to work on /home/airflow/.local/lib/python3.12/site-packages/airflow/example_dags/example_latest_only_with_trigger.py
[2025-02-13T00:04:48.301+0000] {processor.py:914} INFO - Processing file /home/airflow/.local/lib/python3.12/site-packages/airflow/example_dags/example_latest_only_with_trigger.py for tasks to queue
[2025-02-13T00:04:48.307+0000] {logging_mixin.py:190} INFO - [2025-02-13T00:04:48.306+0000] {dagbag.py:588} INFO - Filling up the DagBag from /home/airflow/.local/lib/python3.12/site-packages/airflow/example_dags/example_latest_only_with_trigger.py
[2025-02-13T00:04:48.317+0000] {processor.py:925} INFO - DAG(s) 'latest_only_with_trigger' retrieved from /home/airflow/.local/lib/python3.12/site-packages/airflow/example_dags/example_latest_only_with_trigger.py
[2025-02-13T00:04:48.385+0000] {logging_mixin.py:190} INFO - [2025-02-13T00:04:48.384+0000] {dag.py:3239} INFO - Sync 1 DAGs
[2025-02-13T00:04:48.446+0000] {logging_mixin.py:190} INFO - [2025-02-13T00:04:48.446+0000] {dag.py:4180} INFO - Setting next_dagrun for latest_only_with_trigger to 2025-02-12 20:00:00+00:00, run_after=2025-02-13 00:00:00+00:00
[2025-02-13T00:04:48.496+0000] {processor.py:208} INFO - Processing /home/airflow/.local/lib/python3.12/site-packages/airflow/example_dags/example_latest_only_with_trigger.py took 0.224 seconds
[2025-02-13T00:05:19.370+0000] {processor.py:186} INFO - Started process (PID=594) to work on /home/airflow/.local/lib/python3.12/site-packages/airflow/example_dags/example_latest_only_with_trigger.py
[2025-02-13T00:05:19.372+0000] {processor.py:914} INFO - Processing file /home/airflow/.local/lib/python3.12/site-packages/airflow/example_dags/example_latest_only_with_trigger.py for tasks to queue
[2025-02-13T00:05:19.376+0000] {logging_mixin.py:190} INFO - [2025-02-13T00:05:19.375+0000] {dagbag.py:588} INFO - Filling up the DagBag from /home/airflow/.local/lib/python3.12/site-packages/airflow/example_dags/example_latest_only_with_trigger.py
[2025-02-13T00:05:19.385+0000] {processor.py:925} INFO - DAG(s) 'latest_only_with_trigger' retrieved from /home/airflow/.local/lib/python3.12/site-packages/airflow/example_dags/example_latest_only_with_trigger.py
[2025-02-13T00:05:19.426+0000] {logging_mixin.py:190} INFO - [2025-02-13T00:05:19.425+0000] {dag.py:3239} INFO - Sync 1 DAGs
[2025-02-13T00:05:19.487+0000] {logging_mixin.py:190} INFO - [2025-02-13T00:05:19.486+0000] {dag.py:4180} INFO - Setting next_dagrun for latest_only_with_trigger to 2025-02-12 20:00:00+00:00, run_after=2025-02-13 00:00:00+00:00
[2025-02-13T00:05:19.704+0000] {processor.py:208} INFO - Processing /home/airflow/.local/lib/python3.12/site-packages/airflow/example_dags/example_latest_only_with_trigger.py took 0.341 seconds
[2025-02-13T00:05:50.967+0000] {processor.py:186} INFO - Started process (PID=652) to work on /home/airflow/.local/lib/python3.12/site-packages/airflow/example_dags/example_latest_only_with_trigger.py
[2025-02-13T00:05:50.974+0000] {processor.py:914} INFO - Processing file /home/airflow/.local/lib/python3.12/site-packages/airflow/example_dags/example_latest_only_with_trigger.py for tasks to queue
[2025-02-13T00:05:50.976+0000] {logging_mixin.py:190} INFO - [2025-02-13T00:05:50.975+0000] {dagbag.py:588} INFO - Filling up the DagBag from /home/airflow/.local/lib/python3.12/site-packages/airflow/example_dags/example_latest_only_with_trigger.py
[2025-02-13T00:05:50.995+0000] {processor.py:925} INFO - DAG(s) 'latest_only_with_trigger' retrieved from /home/airflow/.local/lib/python3.12/site-packages/airflow/example_dags/example_latest_only_with_trigger.py
[2025-02-13T00:05:51.037+0000] {logging_mixin.py:190} INFO - [2025-02-13T00:05:51.036+0000] {dag.py:3239} INFO - Sync 1 DAGs
[2025-02-13T00:05:51.068+0000] {logging_mixin.py:190} INFO - [2025-02-13T00:05:51.067+0000] {dag.py:4180} INFO - Setting next_dagrun for latest_only_with_trigger to 2025-02-12 20:00:00+00:00, run_after=2025-02-13 00:00:00+00:00
[2025-02-13T00:05:51.307+0000] {processor.py:208} INFO - Processing /home/airflow/.local/lib/python3.12/site-packages/airflow/example_dags/example_latest_only_with_trigger.py took 0.357 seconds
[2025-02-13T00:06:21.480+0000] {processor.py:186} INFO - Started process (PID=709) to work on /home/airflow/.local/lib/python3.12/site-packages/airflow/example_dags/example_latest_only_with_trigger.py
[2025-02-13T00:06:21.481+0000] {processor.py:914} INFO - Processing file /home/airflow/.local/lib/python3.12/site-packages/airflow/example_dags/example_latest_only_with_trigger.py for tasks to queue
[2025-02-13T00:06:21.484+0000] {logging_mixin.py:190} INFO - [2025-02-13T00:06:21.483+0000] {dagbag.py:588} INFO - Filling up the DagBag from /home/airflow/.local/lib/python3.12/site-packages/airflow/example_dags/example_latest_only_with_trigger.py
[2025-02-13T00:06:21.492+0000] {processor.py:925} INFO - DAG(s) 'latest_only_with_trigger' retrieved from /home/airflow/.local/lib/python3.12/site-packages/airflow/example_dags/example_latest_only_with_trigger.py
[2025-02-13T00:06:21.517+0000] {logging_mixin.py:190} INFO - [2025-02-13T00:06:21.516+0000] {dag.py:3239} INFO - Sync 1 DAGs
[2025-02-13T00:06:21.548+0000] {logging_mixin.py:190} INFO - [2025-02-13T00:06:21.548+0000] {dag.py:4180} INFO - Setting next_dagrun for latest_only_with_trigger to 2025-02-12 20:00:00+00:00, run_after=2025-02-13 00:00:00+00:00
[2025-02-13T00:06:21.568+0000] {processor.py:208} INFO - Processing /home/airflow/.local/lib/python3.12/site-packages/airflow/example_dags/example_latest_only_with_trigger.py took 0.095 seconds
[2025-02-13T00:06:51.762+0000] {processor.py:186} INFO - Started process (PID=766) to work on /home/airflow/.local/lib/python3.12/site-packages/airflow/example_dags/example_latest_only_with_trigger.py
[2025-02-13T00:06:51.763+0000] {processor.py:914} INFO - Processing file /home/airflow/.local/lib/python3.12/site-packages/airflow/example_dags/example_latest_only_with_trigger.py for tasks to queue
[2025-02-13T00:06:51.765+0000] {logging_mixin.py:190} INFO - [2025-02-13T00:06:51.765+0000] {dagbag.py:588} INFO - Filling up the DagBag from /home/airflow/.local/lib/python3.12/site-packages/airflow/example_dags/example_latest_only_with_trigger.py
[2025-02-13T00:06:51.773+0000] {processor.py:925} INFO - DAG(s) 'latest_only_with_trigger' retrieved from /home/airflow/.local/lib/python3.12/site-packages/airflow/example_dags/example_latest_only_with_trigger.py
[2025-02-13T00:06:51.796+0000] {logging_mixin.py:190} INFO - [2025-02-13T00:06:51.795+0000] {dag.py:3239} INFO - Sync 1 DAGs
[2025-02-13T00:06:51.825+0000] {logging_mixin.py:190} INFO - [2025-02-13T00:06:51.824+0000] {dag.py:4180} INFO - Setting next_dagrun for latest_only_with_trigger to 2025-02-12 20:00:00+00:00, run_after=2025-02-13 00:00:00+00:00
[2025-02-13T00:06:51.843+0000] {processor.py:208} INFO - Processing /home/airflow/.local/lib/python3.12/site-packages/airflow/example_dags/example_latest_only_with_trigger.py took 0.088 seconds
[2025-02-13T00:07:22.173+0000] {processor.py:186} INFO - Started process (PID=824) to work on /home/airflow/.local/lib/python3.12/site-packages/airflow/example_dags/example_latest_only_with_trigger.py
[2025-02-13T00:07:22.178+0000] {processor.py:914} INFO - Processing file /home/airflow/.local/lib/python3.12/site-packages/airflow/example_dags/example_latest_only_with_trigger.py for tasks to queue
[2025-02-13T00:07:22.183+0000] {logging_mixin.py:190} INFO - [2025-02-13T00:07:22.183+0000] {dagbag.py:588} INFO - Filling up the DagBag from /home/airflow/.local/lib/python3.12/site-packages/airflow/example_dags/example_latest_only_with_trigger.py
[2025-02-13T00:07:22.202+0000] {processor.py:925} INFO - DAG(s) 'latest_only_with_trigger' retrieved from /home/airflow/.local/lib/python3.12/site-packages/airflow/example_dags/example_latest_only_with_trigger.py
[2025-02-13T00:07:22.257+0000] {logging_mixin.py:190} INFO - [2025-02-13T00:07:22.256+0000] {dag.py:3239} INFO - Sync 1 DAGs
[2025-02-13T00:07:22.337+0000] {logging_mixin.py:190} INFO - [2025-02-13T00:07:22.336+0000] {dag.py:4180} INFO - Setting next_dagrun for latest_only_with_trigger to 2025-02-12 20:00:00+00:00, run_after=2025-02-13 00:00:00+00:00
[2025-02-13T00:07:22.382+0000] {processor.py:208} INFO - Processing /home/airflow/.local/lib/python3.12/site-packages/airflow/example_dags/example_latest_only_with_trigger.py took 0.216 seconds
[2025-02-13T00:07:53.396+0000] {processor.py:186} INFO - Started process (PID=883) to work on /home/airflow/.local/lib/python3.12/site-packages/airflow/example_dags/example_latest_only_with_trigger.py
[2025-02-13T00:07:53.397+0000] {processor.py:914} INFO - Processing file /home/airflow/.local/lib/python3.12/site-packages/airflow/example_dags/example_latest_only_with_trigger.py for tasks to queue
[2025-02-13T00:07:53.399+0000] {logging_mixin.py:190} INFO - [2025-02-13T00:07:53.399+0000] {dagbag.py:588} INFO - Filling up the DagBag from /home/airflow/.local/lib/python3.12/site-packages/airflow/example_dags/example_latest_only_with_trigger.py
[2025-02-13T00:07:53.411+0000] {processor.py:925} INFO - DAG(s) 'latest_only_with_trigger' retrieved from /home/airflow/.local/lib/python3.12/site-packages/airflow/example_dags/example_latest_only_with_trigger.py
[2025-02-13T00:07:53.430+0000] {logging_mixin.py:190} INFO - [2025-02-13T00:07:53.429+0000] {dag.py:3239} INFO - Sync 1 DAGs
[2025-02-13T00:07:53.450+0000] {logging_mixin.py:190} INFO - [2025-02-13T00:07:53.450+0000] {dag.py:4180} INFO - Setting next_dagrun for latest_only_with_trigger to 2025-02-12 20:00:00+00:00, run_after=2025-02-13 00:00:00+00:00
[2025-02-13T00:07:53.463+0000] {processor.py:208} INFO - Processing /home/airflow/.local/lib/python3.12/site-packages/airflow/example_dags/example_latest_only_with_trigger.py took 0.074 seconds
[2025-02-13T00:08:23.953+0000] {processor.py:186} INFO - Started process (PID=941) to work on /home/airflow/.local/lib/python3.12/site-packages/airflow/example_dags/example_latest_only_with_trigger.py
[2025-02-13T00:08:23.960+0000] {processor.py:914} INFO - Processing file /home/airflow/.local/lib/python3.12/site-packages/airflow/example_dags/example_latest_only_with_trigger.py for tasks to queue
[2025-02-13T00:08:23.962+0000] {logging_mixin.py:190} INFO - [2025-02-13T00:08:23.962+0000] {dagbag.py:588} INFO - Filling up the DagBag from /home/airflow/.local/lib/python3.12/site-packages/airflow/example_dags/example_latest_only_with_trigger.py
[2025-02-13T00:08:23.994+0000] {processor.py:925} INFO - DAG(s) 'latest_only_with_trigger' retrieved from /home/airflow/.local/lib/python3.12/site-packages/airflow/example_dags/example_latest_only_with_trigger.py
[2025-02-13T00:08:24.035+0000] {logging_mixin.py:190} INFO - [2025-02-13T00:08:24.034+0000] {dag.py:3239} INFO - Sync 1 DAGs
[2025-02-13T00:08:24.129+0000] {logging_mixin.py:190} INFO - [2025-02-13T00:08:24.128+0000] {dag.py:4180} INFO - Setting next_dagrun for latest_only_with_trigger to 2025-02-12 20:00:00+00:00, run_after=2025-02-13 00:00:00+00:00
[2025-02-13T00:08:24.197+0000] {processor.py:208} INFO - Processing /home/airflow/.local/lib/python3.12/site-packages/airflow/example_dags/example_latest_only_with_trigger.py took 0.257 seconds
[2025-02-13T00:08:55.020+0000] {processor.py:186} INFO - Started process (PID=999) to work on /home/airflow/.local/lib/python3.12/site-packages/airflow/example_dags/example_latest_only_with_trigger.py
[2025-02-13T00:08:55.021+0000] {processor.py:914} INFO - Processing file /home/airflow/.local/lib/python3.12/site-packages/airflow/example_dags/example_latest_only_with_trigger.py for tasks to queue
[2025-02-13T00:08:55.024+0000] {logging_mixin.py:190} INFO - [2025-02-13T00:08:55.024+0000] {dagbag.py:588} INFO - Filling up the DagBag from /home/airflow/.local/lib/python3.12/site-packages/airflow/example_dags/example_latest_only_with_trigger.py
[2025-02-13T00:08:55.036+0000] {processor.py:925} INFO - DAG(s) 'latest_only_with_trigger' retrieved from /home/airflow/.local/lib/python3.12/site-packages/airflow/example_dags/example_latest_only_with_trigger.py
[2025-02-13T00:08:55.065+0000] {logging_mixin.py:190} INFO - [2025-02-13T00:08:55.064+0000] {dag.py:3239} INFO - Sync 1 DAGs
[2025-02-13T00:08:55.091+0000] {logging_mixin.py:190} INFO - [2025-02-13T00:08:55.091+0000] {dag.py:4180} INFO - Setting next_dagrun for latest_only_with_trigger to 2025-02-12 20:00:00+00:00, run_after=2025-02-13 00:00:00+00:00
[2025-02-13T00:08:55.110+0000] {processor.py:208} INFO - Processing /home/airflow/.local/lib/python3.12/site-packages/airflow/example_dags/example_latest_only_with_trigger.py took 0.105 seconds
[2025-02-13T00:09:25.258+0000] {processor.py:186} INFO - Started process (PID=1057) to work on /home/airflow/.local/lib/python3.12/site-packages/airflow/example_dags/example_latest_only_with_trigger.py
[2025-02-13T00:09:25.259+0000] {processor.py:914} INFO - Processing file /home/airflow/.local/lib/python3.12/site-packages/airflow/example_dags/example_latest_only_with_trigger.py for tasks to queue
[2025-02-13T00:09:25.261+0000] {logging_mixin.py:190} INFO - [2025-02-13T00:09:25.261+0000] {dagbag.py:588} INFO - Filling up the DagBag from /home/airflow/.local/lib/python3.12/site-packages/airflow/example_dags/example_latest_only_with_trigger.py
[2025-02-13T00:09:25.269+0000] {processor.py:925} INFO - DAG(s) 'latest_only_with_trigger' retrieved from /home/airflow/.local/lib/python3.12/site-packages/airflow/example_dags/example_latest_only_with_trigger.py
[2025-02-13T00:09:25.294+0000] {logging_mixin.py:190} INFO - [2025-02-13T00:09:25.293+0000] {dag.py:3239} INFO - Sync 1 DAGs
[2025-02-13T00:09:25.324+0000] {logging_mixin.py:190} INFO - [2025-02-13T00:09:25.323+0000] {dag.py:4180} INFO - Setting next_dagrun for latest_only_with_trigger to 2025-02-12 20:00:00+00:00, run_after=2025-02-13 00:00:00+00:00
[2025-02-13T00:09:25.342+0000] {processor.py:208} INFO - Processing /home/airflow/.local/lib/python3.12/site-packages/airflow/example_dags/example_latest_only_with_trigger.py took 0.092 seconds
[2025-02-13T00:09:56.535+0000] {processor.py:186} INFO - Started process (PID=1115) to work on /home/airflow/.local/lib/python3.12/site-packages/airflow/example_dags/example_latest_only_with_trigger.py
[2025-02-13T00:09:56.538+0000] {processor.py:914} INFO - Processing file /home/airflow/.local/lib/python3.12/site-packages/airflow/example_dags/example_latest_only_with_trigger.py for tasks to queue
[2025-02-13T00:09:56.544+0000] {logging_mixin.py:190} INFO - [2025-02-13T00:09:56.544+0000] {dagbag.py:588} INFO - Filling up the DagBag from /home/airflow/.local/lib/python3.12/site-packages/airflow/example_dags/example_latest_only_with_trigger.py
[2025-02-13T00:09:56.558+0000] {processor.py:925} INFO - DAG(s) 'latest_only_with_trigger' retrieved from /home/airflow/.local/lib/python3.12/site-packages/airflow/example_dags/example_latest_only_with_trigger.py
[2025-02-13T00:09:56.606+0000] {logging_mixin.py:190} INFO - [2025-02-13T00:09:56.605+0000] {dag.py:3239} INFO - Sync 1 DAGs
[2025-02-13T00:09:56.655+0000] {logging_mixin.py:190} INFO - [2025-02-13T00:09:56.654+0000] {dag.py:4180} INFO - Setting next_dagrun for latest_only_with_trigger to 2025-02-12 20:00:00+00:00, run_after=2025-02-13 00:00:00+00:00
[2025-02-13T00:09:56.675+0000] {processor.py:208} INFO - Processing /home/airflow/.local/lib/python3.12/site-packages/airflow/example_dags/example_latest_only_with_trigger.py took 0.150 seconds
[2025-02-13T00:10:27.942+0000] {processor.py:186} INFO - Started process (PID=1174) to work on /home/airflow/.local/lib/python3.12/site-packages/airflow/example_dags/example_latest_only_with_trigger.py
[2025-02-13T00:10:27.943+0000] {processor.py:914} INFO - Processing file /home/airflow/.local/lib/python3.12/site-packages/airflow/example_dags/example_latest_only_with_trigger.py for tasks to queue
[2025-02-13T00:10:27.946+0000] {logging_mixin.py:190} INFO - [2025-02-13T00:10:27.945+0000] {dagbag.py:588} INFO - Filling up the DagBag from /home/airflow/.local/lib/python3.12/site-packages/airflow/example_dags/example_latest_only_with_trigger.py
[2025-02-13T00:10:27.955+0000] {processor.py:925} INFO - DAG(s) 'latest_only_with_trigger' retrieved from /home/airflow/.local/lib/python3.12/site-packages/airflow/example_dags/example_latest_only_with_trigger.py
[2025-02-13T00:10:27.979+0000] {logging_mixin.py:190} INFO - [2025-02-13T00:10:27.978+0000] {dag.py:3239} INFO - Sync 1 DAGs
[2025-02-13T00:10:28.006+0000] {logging_mixin.py:190} INFO - [2025-02-13T00:10:28.005+0000] {dag.py:4180} INFO - Setting next_dagrun for latest_only_with_trigger to 2025-02-12 20:00:00+00:00, run_after=2025-02-13 00:00:00+00:00
[2025-02-13T00:10:28.024+0000] {processor.py:208} INFO - Processing /home/airflow/.local/lib/python3.12/site-packages/airflow/example_dags/example_latest_only_with_trigger.py took 0.088 seconds
[2025-02-13T00:10:59.171+0000] {processor.py:186} INFO - Started process (PID=1233) to work on /home/airflow/.local/lib/python3.12/site-packages/airflow/example_dags/example_latest_only_with_trigger.py
[2025-02-13T00:10:59.172+0000] {processor.py:914} INFO - Processing file /home/airflow/.local/lib/python3.12/site-packages/airflow/example_dags/example_latest_only_with_trigger.py for tasks to queue
[2025-02-13T00:10:59.174+0000] {logging_mixin.py:190} INFO - [2025-02-13T00:10:59.174+0000] {dagbag.py:588} INFO - Filling up the DagBag from /home/airflow/.local/lib/python3.12/site-packages/airflow/example_dags/example_latest_only_with_trigger.py
[2025-02-13T00:10:59.183+0000] {processor.py:925} INFO - DAG(s) 'latest_only_with_trigger' retrieved from /home/airflow/.local/lib/python3.12/site-packages/airflow/example_dags/example_latest_only_with_trigger.py
[2025-02-13T00:10:59.215+0000] {logging_mixin.py:190} INFO - [2025-02-13T00:10:59.215+0000] {dag.py:3239} INFO - Sync 1 DAGs
[2025-02-13T00:10:59.249+0000] {logging_mixin.py:190} INFO - [2025-02-13T00:10:59.248+0000] {dag.py:4180} INFO - Setting next_dagrun for latest_only_with_trigger to 2025-02-12 20:00:00+00:00, run_after=2025-02-13 00:00:00+00:00
[2025-02-13T00:10:59.270+0000] {processor.py:208} INFO - Processing /home/airflow/.local/lib/python3.12/site-packages/airflow/example_dags/example_latest_only_with_trigger.py took 0.107 seconds
[2025-02-13T00:11:29.790+0000] {processor.py:186} INFO - Started process (PID=1291) to work on /home/airflow/.local/lib/python3.12/site-packages/airflow/example_dags/example_latest_only_with_trigger.py
[2025-02-13T00:11:29.791+0000] {processor.py:914} INFO - Processing file /home/airflow/.local/lib/python3.12/site-packages/airflow/example_dags/example_latest_only_with_trigger.py for tasks to queue
[2025-02-13T00:11:29.793+0000] {logging_mixin.py:190} INFO - [2025-02-13T00:11:29.792+0000] {dagbag.py:588} INFO - Filling up the DagBag from /home/airflow/.local/lib/python3.12/site-packages/airflow/example_dags/example_latest_only_with_trigger.py
[2025-02-13T00:11:29.799+0000] {processor.py:925} INFO - DAG(s) 'latest_only_with_trigger' retrieved from /home/airflow/.local/lib/python3.12/site-packages/airflow/example_dags/example_latest_only_with_trigger.py
[2025-02-13T00:11:29.816+0000] {logging_mixin.py:190} INFO - [2025-02-13T00:11:29.815+0000] {dag.py:3239} INFO - Sync 1 DAGs
[2025-02-13T00:11:29.835+0000] {logging_mixin.py:190} INFO - [2025-02-13T00:11:29.835+0000] {dag.py:4180} INFO - Setting next_dagrun for latest_only_with_trigger to 2025-02-12 20:00:00+00:00, run_after=2025-02-13 00:00:00+00:00
[2025-02-13T00:11:29.848+0000] {processor.py:208} INFO - Processing /home/airflow/.local/lib/python3.12/site-packages/airflow/example_dags/example_latest_only_with_trigger.py took 0.063 seconds
[2025-02-13T00:12:00.952+0000] {processor.py:186} INFO - Started process (PID=1350) to work on /home/airflow/.local/lib/python3.12/site-packages/airflow/example_dags/example_latest_only_with_trigger.py
[2025-02-13T00:12:00.953+0000] {processor.py:914} INFO - Processing file /home/airflow/.local/lib/python3.12/site-packages/airflow/example_dags/example_latest_only_with_trigger.py for tasks to queue
[2025-02-13T00:12:00.955+0000] {logging_mixin.py:190} INFO - [2025-02-13T00:12:00.955+0000] {dagbag.py:588} INFO - Filling up the DagBag from /home/airflow/.local/lib/python3.12/site-packages/airflow/example_dags/example_latest_only_with_trigger.py
[2025-02-13T00:12:00.964+0000] {processor.py:925} INFO - DAG(s) 'latest_only_with_trigger' retrieved from /home/airflow/.local/lib/python3.12/site-packages/airflow/example_dags/example_latest_only_with_trigger.py
[2025-02-13T00:12:00.988+0000] {logging_mixin.py:190} INFO - [2025-02-13T00:12:00.988+0000] {dag.py:3239} INFO - Sync 1 DAGs
[2025-02-13T00:12:01.015+0000] {logging_mixin.py:190} INFO - [2025-02-13T00:12:01.015+0000] {dag.py:4180} INFO - Setting next_dagrun for latest_only_with_trigger to 2025-02-12 20:00:00+00:00, run_after=2025-02-13 00:00:00+00:00
[2025-02-13T00:12:01.033+0000] {processor.py:208} INFO - Processing /home/airflow/.local/lib/python3.12/site-packages/airflow/example_dags/example_latest_only_with_trigger.py took 0.088 seconds
[2025-02-13T00:12:31.633+0000] {processor.py:186} INFO - Started process (PID=1408) to work on /home/airflow/.local/lib/python3.12/site-packages/airflow/example_dags/example_latest_only_with_trigger.py
[2025-02-13T00:12:31.634+0000] {processor.py:914} INFO - Processing file /home/airflow/.local/lib/python3.12/site-packages/airflow/example_dags/example_latest_only_with_trigger.py for tasks to queue
[2025-02-13T00:12:31.636+0000] {logging_mixin.py:190} INFO - [2025-02-13T00:12:31.636+0000] {dagbag.py:588} INFO - Filling up the DagBag from /home/airflow/.local/lib/python3.12/site-packages/airflow/example_dags/example_latest_only_with_trigger.py
[2025-02-13T00:12:31.645+0000] {processor.py:925} INFO - DAG(s) 'latest_only_with_trigger' retrieved from /home/airflow/.local/lib/python3.12/site-packages/airflow/example_dags/example_latest_only_with_trigger.py
[2025-02-13T00:12:31.669+0000] {logging_mixin.py:190} INFO - [2025-02-13T00:12:31.668+0000] {dag.py:3239} INFO - Sync 1 DAGs
[2025-02-13T00:12:31.699+0000] {logging_mixin.py:190} INFO - [2025-02-13T00:12:31.699+0000] {dag.py:4180} INFO - Setting next_dagrun for latest_only_with_trigger to 2025-02-12 20:00:00+00:00, run_after=2025-02-13 00:00:00+00:00
[2025-02-13T00:12:31.719+0000] {processor.py:208} INFO - Processing /home/airflow/.local/lib/python3.12/site-packages/airflow/example_dags/example_latest_only_with_trigger.py took 0.094 seconds
[2025-02-13T00:13:02.947+0000] {processor.py:186} INFO - Started process (PID=1467) to work on /home/airflow/.local/lib/python3.12/site-packages/airflow/example_dags/example_latest_only_with_trigger.py
[2025-02-13T00:13:02.947+0000] {processor.py:914} INFO - Processing file /home/airflow/.local/lib/python3.12/site-packages/airflow/example_dags/example_latest_only_with_trigger.py for tasks to queue
[2025-02-13T00:13:02.950+0000] {logging_mixin.py:190} INFO - [2025-02-13T00:13:02.950+0000] {dagbag.py:588} INFO - Filling up the DagBag from /home/airflow/.local/lib/python3.12/site-packages/airflow/example_dags/example_latest_only_with_trigger.py
[2025-02-13T00:13:02.959+0000] {processor.py:925} INFO - DAG(s) 'latest_only_with_trigger' retrieved from /home/airflow/.local/lib/python3.12/site-packages/airflow/example_dags/example_latest_only_with_trigger.py
[2025-02-13T00:13:02.981+0000] {logging_mixin.py:190} INFO - [2025-02-13T00:13:02.980+0000] {dag.py:3239} INFO - Sync 1 DAGs
[2025-02-13T00:13:03.027+0000] {logging_mixin.py:190} INFO - [2025-02-13T00:13:03.027+0000] {dag.py:4180} INFO - Setting next_dagrun for latest_only_with_trigger to 2025-02-12 20:00:00+00:00, run_after=2025-02-13 00:00:00+00:00
[2025-02-13T00:13:03.050+0000] {processor.py:208} INFO - Processing /home/airflow/.local/lib/python3.12/site-packages/airflow/example_dags/example_latest_only_with_trigger.py took 0.110 seconds
[2025-02-13T00:13:34.015+0000] {processor.py:186} INFO - Started process (PID=1526) to work on /home/airflow/.local/lib/python3.12/site-packages/airflow/example_dags/example_latest_only_with_trigger.py
[2025-02-13T00:13:34.016+0000] {processor.py:914} INFO - Processing file /home/airflow/.local/lib/python3.12/site-packages/airflow/example_dags/example_latest_only_with_trigger.py for tasks to queue
[2025-02-13T00:13:34.018+0000] {logging_mixin.py:190} INFO - [2025-02-13T00:13:34.018+0000] {dagbag.py:588} INFO - Filling up the DagBag from /home/airflow/.local/lib/python3.12/site-packages/airflow/example_dags/example_latest_only_with_trigger.py
[2025-02-13T00:13:34.027+0000] {processor.py:925} INFO - DAG(s) 'latest_only_with_trigger' retrieved from /home/airflow/.local/lib/python3.12/site-packages/airflow/example_dags/example_latest_only_with_trigger.py
[2025-02-13T00:13:34.063+0000] {logging_mixin.py:190} INFO - [2025-02-13T00:13:34.063+0000] {dag.py:3239} INFO - Sync 1 DAGs
[2025-02-13T00:13:34.100+0000] {logging_mixin.py:190} INFO - [2025-02-13T00:13:34.099+0000] {dag.py:4180} INFO - Setting next_dagrun for latest_only_with_trigger to 2025-02-12 20:00:00+00:00, run_after=2025-02-13 00:00:00+00:00
[2025-02-13T00:13:34.117+0000] {processor.py:208} INFO - Processing /home/airflow/.local/lib/python3.12/site-packages/airflow/example_dags/example_latest_only_with_trigger.py took 0.109 seconds
[2025-02-13T00:14:05.247+0000] {processor.py:186} INFO - Started process (PID=1585) to work on /home/airflow/.local/lib/python3.12/site-packages/airflow/example_dags/example_latest_only_with_trigger.py
[2025-02-13T00:14:05.248+0000] {processor.py:914} INFO - Processing file /home/airflow/.local/lib/python3.12/site-packages/airflow/example_dags/example_latest_only_with_trigger.py for tasks to queue
[2025-02-13T00:14:05.250+0000] {logging_mixin.py:190} INFO - [2025-02-13T00:14:05.250+0000] {dagbag.py:588} INFO - Filling up the DagBag from /home/airflow/.local/lib/python3.12/site-packages/airflow/example_dags/example_latest_only_with_trigger.py
[2025-02-13T00:14:05.256+0000] {processor.py:925} INFO - DAG(s) 'latest_only_with_trigger' retrieved from /home/airflow/.local/lib/python3.12/site-packages/airflow/example_dags/example_latest_only_with_trigger.py
[2025-02-13T00:14:05.273+0000] {logging_mixin.py:190} INFO - [2025-02-13T00:14:05.273+0000] {dag.py:3239} INFO - Sync 1 DAGs
[2025-02-13T00:14:05.292+0000] {logging_mixin.py:190} INFO - [2025-02-13T00:14:05.292+0000] {dag.py:4180} INFO - Setting next_dagrun for latest_only_with_trigger to 2025-02-12 20:00:00+00:00, run_after=2025-02-13 00:00:00+00:00
[2025-02-13T00:14:05.305+0000] {processor.py:208} INFO - Processing /home/airflow/.local/lib/python3.12/site-packages/airflow/example_dags/example_latest_only_with_trigger.py took 0.063 seconds
[2025-02-13T00:14:35.660+0000] {processor.py:186} INFO - Started process (PID=1643) to work on /home/airflow/.local/lib/python3.12/site-packages/airflow/example_dags/example_latest_only_with_trigger.py
[2025-02-13T00:14:35.660+0000] {processor.py:914} INFO - Processing file /home/airflow/.local/lib/python3.12/site-packages/airflow/example_dags/example_latest_only_with_trigger.py for tasks to queue
[2025-02-13T00:14:35.663+0000] {logging_mixin.py:190} INFO - [2025-02-13T00:14:35.662+0000] {dagbag.py:588} INFO - Filling up the DagBag from /home/airflow/.local/lib/python3.12/site-packages/airflow/example_dags/example_latest_only_with_trigger.py
[2025-02-13T00:14:35.672+0000] {processor.py:925} INFO - DAG(s) 'latest_only_with_trigger' retrieved from /home/airflow/.local/lib/python3.12/site-packages/airflow/example_dags/example_latest_only_with_trigger.py
[2025-02-13T00:14:35.694+0000] {logging_mixin.py:190} INFO - [2025-02-13T00:14:35.693+0000] {dag.py:3239} INFO - Sync 1 DAGs
[2025-02-13T00:14:35.721+0000] {logging_mixin.py:190} INFO - [2025-02-13T00:14:35.721+0000] {dag.py:4180} INFO - Setting next_dagrun for latest_only_with_trigger to 2025-02-12 20:00:00+00:00, run_after=2025-02-13 00:00:00+00:00
[2025-02-13T00:14:35.740+0000] {processor.py:208} INFO - Processing /home/airflow/.local/lib/python3.12/site-packages/airflow/example_dags/example_latest_only_with_trigger.py took 0.088 seconds
[2025-02-13T00:15:06.834+0000] {processor.py:186} INFO - Started process (PID=1702) to work on /home/airflow/.local/lib/python3.12/site-packages/airflow/example_dags/example_latest_only_with_trigger.py
[2025-02-13T00:15:06.835+0000] {processor.py:914} INFO - Processing file /home/airflow/.local/lib/python3.12/site-packages/airflow/example_dags/example_latest_only_with_trigger.py for tasks to queue
[2025-02-13T00:15:06.837+0000] {logging_mixin.py:190} INFO - [2025-02-13T00:15:06.837+0000] {dagbag.py:588} INFO - Filling up the DagBag from /home/airflow/.local/lib/python3.12/site-packages/airflow/example_dags/example_latest_only_with_trigger.py
[2025-02-13T00:15:06.846+0000] {processor.py:925} INFO - DAG(s) 'latest_only_with_trigger' retrieved from /home/airflow/.local/lib/python3.12/site-packages/airflow/example_dags/example_latest_only_with_trigger.py
[2025-02-13T00:15:06.869+0000] {logging_mixin.py:190} INFO - [2025-02-13T00:15:06.869+0000] {dag.py:3239} INFO - Sync 1 DAGs
[2025-02-13T00:15:06.896+0000] {logging_mixin.py:190} INFO - [2025-02-13T00:15:06.896+0000] {dag.py:4180} INFO - Setting next_dagrun for latest_only_with_trigger to 2025-02-12 20:00:00+00:00, run_after=2025-02-13 00:00:00+00:00
[2025-02-13T00:15:06.914+0000] {processor.py:208} INFO - Processing /home/airflow/.local/lib/python3.12/site-packages/airflow/example_dags/example_latest_only_with_trigger.py took 0.087 seconds
[2025-02-13T00:15:37.186+0000] {processor.py:186} INFO - Started process (PID=1760) to work on /home/airflow/.local/lib/python3.12/site-packages/airflow/example_dags/example_latest_only_with_trigger.py
[2025-02-13T00:15:37.187+0000] {processor.py:914} INFO - Processing file /home/airflow/.local/lib/python3.12/site-packages/airflow/example_dags/example_latest_only_with_trigger.py for tasks to queue
[2025-02-13T00:15:37.189+0000] {logging_mixin.py:190} INFO - [2025-02-13T00:15:37.189+0000] {dagbag.py:588} INFO - Filling up the DagBag from /home/airflow/.local/lib/python3.12/site-packages/airflow/example_dags/example_latest_only_with_trigger.py
[2025-02-13T00:15:37.198+0000] {processor.py:925} INFO - DAG(s) 'latest_only_with_trigger' retrieved from /home/airflow/.local/lib/python3.12/site-packages/airflow/example_dags/example_latest_only_with_trigger.py
[2025-02-13T00:15:37.221+0000] {logging_mixin.py:190} INFO - [2025-02-13T00:15:37.220+0000] {dag.py:3239} INFO - Sync 1 DAGs
[2025-02-13T00:15:37.248+0000] {logging_mixin.py:190} INFO - [2025-02-13T00:15:37.248+0000] {dag.py:4180} INFO - Setting next_dagrun for latest_only_with_trigger to 2025-02-12 20:00:00+00:00, run_after=2025-02-13 00:00:00+00:00
[2025-02-13T00:15:37.267+0000] {processor.py:208} INFO - Processing /home/airflow/.local/lib/python3.12/site-packages/airflow/example_dags/example_latest_only_with_trigger.py took 0.087 seconds
[2025-02-13T00:16:07.525+0000] {processor.py:186} INFO - Started process (PID=1818) to work on /home/airflow/.local/lib/python3.12/site-packages/airflow/example_dags/example_latest_only_with_trigger.py
[2025-02-13T00:16:07.526+0000] {processor.py:914} INFO - Processing file /home/airflow/.local/lib/python3.12/site-packages/airflow/example_dags/example_latest_only_with_trigger.py for tasks to queue
[2025-02-13T00:16:07.528+0000] {logging_mixin.py:190} INFO - [2025-02-13T00:16:07.528+0000] {dagbag.py:588} INFO - Filling up the DagBag from /home/airflow/.local/lib/python3.12/site-packages/airflow/example_dags/example_latest_only_with_trigger.py
[2025-02-13T00:16:07.538+0000] {processor.py:925} INFO - DAG(s) 'latest_only_with_trigger' retrieved from /home/airflow/.local/lib/python3.12/site-packages/airflow/example_dags/example_latest_only_with_trigger.py
[2025-02-13T00:16:07.565+0000] {logging_mixin.py:190} INFO - [2025-02-13T00:16:07.564+0000] {dag.py:3239} INFO - Sync 1 DAGs
[2025-02-13T00:16:07.593+0000] {logging_mixin.py:190} INFO - [2025-02-13T00:16:07.593+0000] {dag.py:4180} INFO - Setting next_dagrun for latest_only_with_trigger to 2025-02-12 20:00:00+00:00, run_after=2025-02-13 00:00:00+00:00
[2025-02-13T00:16:07.612+0000] {processor.py:208} INFO - Processing /home/airflow/.local/lib/python3.12/site-packages/airflow/example_dags/example_latest_only_with_trigger.py took 0.094 seconds
[2025-02-13T00:16:38.804+0000] {processor.py:186} INFO - Started process (PID=1877) to work on /home/airflow/.local/lib/python3.12/site-packages/airflow/example_dags/example_latest_only_with_trigger.py
[2025-02-13T00:16:38.805+0000] {processor.py:914} INFO - Processing file /home/airflow/.local/lib/python3.12/site-packages/airflow/example_dags/example_latest_only_with_trigger.py for tasks to queue
[2025-02-13T00:16:38.808+0000] {logging_mixin.py:190} INFO - [2025-02-13T00:16:38.807+0000] {dagbag.py:588} INFO - Filling up the DagBag from /home/airflow/.local/lib/python3.12/site-packages/airflow/example_dags/example_latest_only_with_trigger.py
[2025-02-13T00:16:38.816+0000] {processor.py:925} INFO - DAG(s) 'latest_only_with_trigger' retrieved from /home/airflow/.local/lib/python3.12/site-packages/airflow/example_dags/example_latest_only_with_trigger.py
[2025-02-13T00:16:38.841+0000] {logging_mixin.py:190} INFO - [2025-02-13T00:16:38.840+0000] {dag.py:3239} INFO - Sync 1 DAGs
[2025-02-13T00:16:38.869+0000] {logging_mixin.py:190} INFO - [2025-02-13T00:16:38.869+0000] {dag.py:4180} INFO - Setting next_dagrun for latest_only_with_trigger to 2025-02-12 20:00:00+00:00, run_after=2025-02-13 00:00:00+00:00
[2025-02-13T00:16:38.887+0000] {processor.py:208} INFO - Processing /home/airflow/.local/lib/python3.12/site-packages/airflow/example_dags/example_latest_only_with_trigger.py took 0.090 seconds
[2025-02-13T00:17:09.319+0000] {processor.py:186} INFO - Started process (PID=1935) to work on /home/airflow/.local/lib/python3.12/site-packages/airflow/example_dags/example_latest_only_with_trigger.py
[2025-02-13T00:17:09.320+0000] {processor.py:914} INFO - Processing file /home/airflow/.local/lib/python3.12/site-packages/airflow/example_dags/example_latest_only_with_trigger.py for tasks to queue
[2025-02-13T00:17:09.322+0000] {logging_mixin.py:190} INFO - [2025-02-13T00:17:09.322+0000] {dagbag.py:588} INFO - Filling up the DagBag from /home/airflow/.local/lib/python3.12/site-packages/airflow/example_dags/example_latest_only_with_trigger.py
[2025-02-13T00:17:09.330+0000] {processor.py:925} INFO - DAG(s) 'latest_only_with_trigger' retrieved from /home/airflow/.local/lib/python3.12/site-packages/airflow/example_dags/example_latest_only_with_trigger.py
[2025-02-13T00:17:09.355+0000] {logging_mixin.py:190} INFO - [2025-02-13T00:17:09.354+0000] {dag.py:3239} INFO - Sync 1 DAGs
[2025-02-13T00:17:09.383+0000] {logging_mixin.py:190} INFO - [2025-02-13T00:17:09.382+0000] {dag.py:4180} INFO - Setting next_dagrun for latest_only_with_trigger to 2025-02-12 20:00:00+00:00, run_after=2025-02-13 00:00:00+00:00
[2025-02-13T00:17:09.401+0000] {processor.py:208} INFO - Processing /home/airflow/.local/lib/python3.12/site-packages/airflow/example_dags/example_latest_only_with_trigger.py took 0.089 seconds
[2025-02-13T00:17:40.643+0000] {processor.py:186} INFO - Started process (PID=1995) to work on /home/airflow/.local/lib/python3.12/site-packages/airflow/example_dags/example_latest_only_with_trigger.py
[2025-02-13T00:17:40.644+0000] {processor.py:914} INFO - Processing file /home/airflow/.local/lib/python3.12/site-packages/airflow/example_dags/example_latest_only_with_trigger.py for tasks to queue
[2025-02-13T00:17:40.646+0000] {logging_mixin.py:190} INFO - [2025-02-13T00:17:40.646+0000] {dagbag.py:588} INFO - Filling up the DagBag from /home/airflow/.local/lib/python3.12/site-packages/airflow/example_dags/example_latest_only_with_trigger.py
[2025-02-13T00:17:40.666+0000] {processor.py:925} INFO - DAG(s) 'latest_only_with_trigger' retrieved from /home/airflow/.local/lib/python3.12/site-packages/airflow/example_dags/example_latest_only_with_trigger.py
[2025-02-13T00:17:40.715+0000] {logging_mixin.py:190} INFO - [2025-02-13T00:17:40.714+0000] {dag.py:3239} INFO - Sync 1 DAGs
[2025-02-13T00:17:40.742+0000] {logging_mixin.py:190} INFO - [2025-02-13T00:17:40.742+0000] {dag.py:4180} INFO - Setting next_dagrun for latest_only_with_trigger to 2025-02-12 20:00:00+00:00, run_after=2025-02-13 00:00:00+00:00
[2025-02-13T00:17:40.763+0000] {processor.py:208} INFO - Processing /home/airflow/.local/lib/python3.12/site-packages/airflow/example_dags/example_latest_only_with_trigger.py took 0.127 seconds
[2025-02-13T00:18:10.936+0000] {processor.py:186} INFO - Started process (PID=2053) to work on /home/airflow/.local/lib/python3.12/site-packages/airflow/example_dags/example_latest_only_with_trigger.py
[2025-02-13T00:18:10.937+0000] {processor.py:914} INFO - Processing file /home/airflow/.local/lib/python3.12/site-packages/airflow/example_dags/example_latest_only_with_trigger.py for tasks to queue
[2025-02-13T00:18:10.939+0000] {logging_mixin.py:190} INFO - [2025-02-13T00:18:10.939+0000] {dagbag.py:588} INFO - Filling up the DagBag from /home/airflow/.local/lib/python3.12/site-packages/airflow/example_dags/example_latest_only_with_trigger.py
[2025-02-13T00:18:10.949+0000] {processor.py:925} INFO - DAG(s) 'latest_only_with_trigger' retrieved from /home/airflow/.local/lib/python3.12/site-packages/airflow/example_dags/example_latest_only_with_trigger.py
[2025-02-13T00:18:10.978+0000] {logging_mixin.py:190} INFO - [2025-02-13T00:18:10.978+0000] {dag.py:3239} INFO - Sync 1 DAGs
[2025-02-13T00:18:11.009+0000] {logging_mixin.py:190} INFO - [2025-02-13T00:18:11.008+0000] {dag.py:4180} INFO - Setting next_dagrun for latest_only_with_trigger to 2025-02-12 20:00:00+00:00, run_after=2025-02-13 00:00:00+00:00
[2025-02-13T00:18:11.027+0000] {processor.py:208} INFO - Processing /home/airflow/.local/lib/python3.12/site-packages/airflow/example_dags/example_latest_only_with_trigger.py took 0.098 seconds
[2025-02-13T00:18:42.103+0000] {processor.py:186} INFO - Started process (PID=2111) to work on /home/airflow/.local/lib/python3.12/site-packages/airflow/example_dags/example_latest_only_with_trigger.py
[2025-02-13T00:18:42.104+0000] {processor.py:914} INFO - Processing file /home/airflow/.local/lib/python3.12/site-packages/airflow/example_dags/example_latest_only_with_trigger.py for tasks to queue
[2025-02-13T00:18:42.106+0000] {logging_mixin.py:190} INFO - [2025-02-13T00:18:42.106+0000] {dagbag.py:588} INFO - Filling up the DagBag from /home/airflow/.local/lib/python3.12/site-packages/airflow/example_dags/example_latest_only_with_trigger.py
[2025-02-13T00:18:42.115+0000] {processor.py:925} INFO - DAG(s) 'latest_only_with_trigger' retrieved from /home/airflow/.local/lib/python3.12/site-packages/airflow/example_dags/example_latest_only_with_trigger.py
[2025-02-13T00:18:42.139+0000] {logging_mixin.py:190} INFO - [2025-02-13T00:18:42.138+0000] {dag.py:3239} INFO - Sync 1 DAGs
[2025-02-13T00:18:42.175+0000] {logging_mixin.py:190} INFO - [2025-02-13T00:18:42.175+0000] {dag.py:4180} INFO - Setting next_dagrun for latest_only_with_trigger to 2025-02-12 20:00:00+00:00, run_after=2025-02-13 00:00:00+00:00
[2025-02-13T00:18:42.193+0000] {processor.py:208} INFO - Processing /home/airflow/.local/lib/python3.12/site-packages/airflow/example_dags/example_latest_only_with_trigger.py took 0.097 seconds
[2025-02-13T00:19:13.463+0000] {processor.py:186} INFO - Started process (PID=2171) to work on /home/airflow/.local/lib/python3.12/site-packages/airflow/example_dags/example_latest_only_with_trigger.py
[2025-02-13T00:19:13.464+0000] {processor.py:914} INFO - Processing file /home/airflow/.local/lib/python3.12/site-packages/airflow/example_dags/example_latest_only_with_trigger.py for tasks to queue
[2025-02-13T00:19:13.467+0000] {logging_mixin.py:190} INFO - [2025-02-13T00:19:13.466+0000] {dagbag.py:588} INFO - Filling up the DagBag from /home/airflow/.local/lib/python3.12/site-packages/airflow/example_dags/example_latest_only_with_trigger.py
[2025-02-13T00:19:13.476+0000] {processor.py:925} INFO - DAG(s) 'latest_only_with_trigger' retrieved from /home/airflow/.local/lib/python3.12/site-packages/airflow/example_dags/example_latest_only_with_trigger.py
[2025-02-13T00:19:13.504+0000] {logging_mixin.py:190} INFO - [2025-02-13T00:19:13.503+0000] {dag.py:3239} INFO - Sync 1 DAGs
[2025-02-13T00:19:13.533+0000] {logging_mixin.py:190} INFO - [2025-02-13T00:19:13.533+0000] {dag.py:4180} INFO - Setting next_dagrun for latest_only_with_trigger to 2025-02-12 20:00:00+00:00, run_after=2025-02-13 00:00:00+00:00
[2025-02-13T00:19:13.550+0000] {processor.py:208} INFO - Processing /home/airflow/.local/lib/python3.12/site-packages/airflow/example_dags/example_latest_only_with_trigger.py took 0.095 seconds
[2025-02-13T00:19:43.832+0000] {processor.py:186} INFO - Started process (PID=2229) to work on /home/airflow/.local/lib/python3.12/site-packages/airflow/example_dags/example_latest_only_with_trigger.py
[2025-02-13T00:19:43.833+0000] {processor.py:914} INFO - Processing file /home/airflow/.local/lib/python3.12/site-packages/airflow/example_dags/example_latest_only_with_trigger.py for tasks to queue
[2025-02-13T00:19:43.835+0000] {logging_mixin.py:190} INFO - [2025-02-13T00:19:43.835+0000] {dagbag.py:588} INFO - Filling up the DagBag from /home/airflow/.local/lib/python3.12/site-packages/airflow/example_dags/example_latest_only_with_trigger.py
[2025-02-13T00:19:43.844+0000] {processor.py:925} INFO - DAG(s) 'latest_only_with_trigger' retrieved from /home/airflow/.local/lib/python3.12/site-packages/airflow/example_dags/example_latest_only_with_trigger.py
[2025-02-13T00:19:43.871+0000] {logging_mixin.py:190} INFO - [2025-02-13T00:19:43.871+0000] {dag.py:3239} INFO - Sync 1 DAGs
[2025-02-13T00:19:43.901+0000] {logging_mixin.py:190} INFO - [2025-02-13T00:19:43.901+0000] {dag.py:4180} INFO - Setting next_dagrun for latest_only_with_trigger to 2025-02-12 20:00:00+00:00, run_after=2025-02-13 00:00:00+00:00
[2025-02-13T00:19:43.920+0000] {processor.py:208} INFO - Processing /home/airflow/.local/lib/python3.12/site-packages/airflow/example_dags/example_latest_only_with_trigger.py took 0.096 seconds
[2025-02-13T00:20:15.182+0000] {processor.py:186} INFO - Started process (PID=2289) to work on /home/airflow/.local/lib/python3.12/site-packages/airflow/example_dags/example_latest_only_with_trigger.py
[2025-02-13T00:20:15.183+0000] {processor.py:914} INFO - Processing file /home/airflow/.local/lib/python3.12/site-packages/airflow/example_dags/example_latest_only_with_trigger.py for tasks to queue
[2025-02-13T00:20:15.185+0000] {logging_mixin.py:190} INFO - [2025-02-13T00:20:15.185+0000] {dagbag.py:588} INFO - Filling up the DagBag from /home/airflow/.local/lib/python3.12/site-packages/airflow/example_dags/example_latest_only_with_trigger.py
[2025-02-13T00:20:15.194+0000] {processor.py:925} INFO - DAG(s) 'latest_only_with_trigger' retrieved from /home/airflow/.local/lib/python3.12/site-packages/airflow/example_dags/example_latest_only_with_trigger.py
[2025-02-13T00:20:15.219+0000] {logging_mixin.py:190} INFO - [2025-02-13T00:20:15.218+0000] {dag.py:3239} INFO - Sync 1 DAGs
[2025-02-13T00:20:15.247+0000] {logging_mixin.py:190} INFO - [2025-02-13T00:20:15.247+0000] {dag.py:4180} INFO - Setting next_dagrun for latest_only_with_trigger to 2025-02-12 20:00:00+00:00, run_after=2025-02-13 00:00:00+00:00
[2025-02-13T00:20:15.265+0000] {processor.py:208} INFO - Processing /home/airflow/.local/lib/python3.12/site-packages/airflow/example_dags/example_latest_only_with_trigger.py took 0.089 seconds
[2025-02-13T00:20:46.269+0000] {processor.py:186} INFO - Started process (PID=2347) to work on /home/airflow/.local/lib/python3.12/site-packages/airflow/example_dags/example_latest_only_with_trigger.py
[2025-02-13T00:20:46.270+0000] {processor.py:914} INFO - Processing file /home/airflow/.local/lib/python3.12/site-packages/airflow/example_dags/example_latest_only_with_trigger.py for tasks to queue
[2025-02-13T00:20:46.273+0000] {logging_mixin.py:190} INFO - [2025-02-13T00:20:46.272+0000] {dagbag.py:588} INFO - Filling up the DagBag from /home/airflow/.local/lib/python3.12/site-packages/airflow/example_dags/example_latest_only_with_trigger.py
[2025-02-13T00:20:46.300+0000] {processor.py:925} INFO - DAG(s) 'latest_only_with_trigger' retrieved from /home/airflow/.local/lib/python3.12/site-packages/airflow/example_dags/example_latest_only_with_trigger.py
[2025-02-13T00:20:46.328+0000] {logging_mixin.py:190} INFO - [2025-02-13T00:20:46.327+0000] {dag.py:3239} INFO - Sync 1 DAGs
[2025-02-13T00:20:46.356+0000] {logging_mixin.py:190} INFO - [2025-02-13T00:20:46.356+0000] {dag.py:4180} INFO - Setting next_dagrun for latest_only_with_trigger to 2025-02-12 20:00:00+00:00, run_after=2025-02-13 00:00:00+00:00
[2025-02-13T00:20:46.376+0000] {processor.py:208} INFO - Processing /home/airflow/.local/lib/python3.12/site-packages/airflow/example_dags/example_latest_only_with_trigger.py took 0.121 seconds
[2025-02-13T00:21:16.748+0000] {processor.py:186} INFO - Started process (PID=2405) to work on /home/airflow/.local/lib/python3.12/site-packages/airflow/example_dags/example_latest_only_with_trigger.py
[2025-02-13T00:21:16.749+0000] {processor.py:914} INFO - Processing file /home/airflow/.local/lib/python3.12/site-packages/airflow/example_dags/example_latest_only_with_trigger.py for tasks to queue
[2025-02-13T00:21:16.751+0000] {logging_mixin.py:190} INFO - [2025-02-13T00:21:16.751+0000] {dagbag.py:588} INFO - Filling up the DagBag from /home/airflow/.local/lib/python3.12/site-packages/airflow/example_dags/example_latest_only_with_trigger.py
[2025-02-13T00:21:16.760+0000] {processor.py:925} INFO - DAG(s) 'latest_only_with_trigger' retrieved from /home/airflow/.local/lib/python3.12/site-packages/airflow/example_dags/example_latest_only_with_trigger.py
[2025-02-13T00:21:16.786+0000] {logging_mixin.py:190} INFO - [2025-02-13T00:21:16.785+0000] {dag.py:3239} INFO - Sync 1 DAGs
[2025-02-13T00:21:16.815+0000] {logging_mixin.py:190} INFO - [2025-02-13T00:21:16.815+0000] {dag.py:4180} INFO - Setting next_dagrun for latest_only_with_trigger to 2025-02-12 20:00:00+00:00, run_after=2025-02-13 00:00:00+00:00
[2025-02-13T00:21:16.834+0000] {processor.py:208} INFO - Processing /home/airflow/.local/lib/python3.12/site-packages/airflow/example_dags/example_latest_only_with_trigger.py took 0.092 seconds
[2025-02-13T00:21:48.081+0000] {processor.py:186} INFO - Started process (PID=2465) to work on /home/airflow/.local/lib/python3.12/site-packages/airflow/example_dags/example_latest_only_with_trigger.py
[2025-02-13T00:21:48.082+0000] {processor.py:914} INFO - Processing file /home/airflow/.local/lib/python3.12/site-packages/airflow/example_dags/example_latest_only_with_trigger.py for tasks to queue
[2025-02-13T00:21:48.085+0000] {logging_mixin.py:190} INFO - [2025-02-13T00:21:48.085+0000] {dagbag.py:588} INFO - Filling up the DagBag from /home/airflow/.local/lib/python3.12/site-packages/airflow/example_dags/example_latest_only_with_trigger.py
[2025-02-13T00:21:48.094+0000] {processor.py:925} INFO - DAG(s) 'latest_only_with_trigger' retrieved from /home/airflow/.local/lib/python3.12/site-packages/airflow/example_dags/example_latest_only_with_trigger.py
[2025-02-13T00:21:48.118+0000] {logging_mixin.py:190} INFO - [2025-02-13T00:21:48.118+0000] {dag.py:3239} INFO - Sync 1 DAGs
[2025-02-13T00:21:48.149+0000] {logging_mixin.py:190} INFO - [2025-02-13T00:21:48.148+0000] {dag.py:4180} INFO - Setting next_dagrun for latest_only_with_trigger to 2025-02-12 20:00:00+00:00, run_after=2025-02-13 00:00:00+00:00
[2025-02-13T00:21:48.165+0000] {processor.py:208} INFO - Processing /home/airflow/.local/lib/python3.12/site-packages/airflow/example_dags/example_latest_only_with_trigger.py took 0.104 seconds
[2025-02-13T00:22:19.291+0000] {processor.py:186} INFO - Started process (PID=2523) to work on /home/airflow/.local/lib/python3.12/site-packages/airflow/example_dags/example_latest_only_with_trigger.py
[2025-02-13T00:22:19.292+0000] {processor.py:914} INFO - Processing file /home/airflow/.local/lib/python3.12/site-packages/airflow/example_dags/example_latest_only_with_trigger.py for tasks to queue
[2025-02-13T00:22:19.296+0000] {logging_mixin.py:190} INFO - [2025-02-13T00:22:19.296+0000] {dagbag.py:588} INFO - Filling up the DagBag from /home/airflow/.local/lib/python3.12/site-packages/airflow/example_dags/example_latest_only_with_trigger.py
[2025-02-13T00:22:19.305+0000] {processor.py:925} INFO - DAG(s) 'latest_only_with_trigger' retrieved from /home/airflow/.local/lib/python3.12/site-packages/airflow/example_dags/example_latest_only_with_trigger.py
[2025-02-13T00:22:19.333+0000] {logging_mixin.py:190} INFO - [2025-02-13T00:22:19.333+0000] {dag.py:3239} INFO - Sync 1 DAGs
[2025-02-13T00:22:19.363+0000] {logging_mixin.py:190} INFO - [2025-02-13T00:22:19.363+0000] {dag.py:4180} INFO - Setting next_dagrun for latest_only_with_trigger to 2025-02-12 20:00:00+00:00, run_after=2025-02-13 00:00:00+00:00
[2025-02-13T00:22:19.381+0000] {processor.py:208} INFO - Processing /home/airflow/.local/lib/python3.12/site-packages/airflow/example_dags/example_latest_only_with_trigger.py took 0.099 seconds
[2025-02-13T00:22:50.552+0000] {processor.py:186} INFO - Started process (PID=2582) to work on /home/airflow/.local/lib/python3.12/site-packages/airflow/example_dags/example_latest_only_with_trigger.py
[2025-02-13T00:22:50.553+0000] {processor.py:914} INFO - Processing file /home/airflow/.local/lib/python3.12/site-packages/airflow/example_dags/example_latest_only_with_trigger.py for tasks to queue
[2025-02-13T00:22:50.555+0000] {logging_mixin.py:190} INFO - [2025-02-13T00:22:50.555+0000] {dagbag.py:588} INFO - Filling up the DagBag from /home/airflow/.local/lib/python3.12/site-packages/airflow/example_dags/example_latest_only_with_trigger.py
[2025-02-13T00:22:50.564+0000] {processor.py:925} INFO - DAG(s) 'latest_only_with_trigger' retrieved from /home/airflow/.local/lib/python3.12/site-packages/airflow/example_dags/example_latest_only_with_trigger.py
[2025-02-13T00:22:50.589+0000] {logging_mixin.py:190} INFO - [2025-02-13T00:22:50.588+0000] {dag.py:3239} INFO - Sync 1 DAGs
[2025-02-13T00:22:50.623+0000] {logging_mixin.py:190} INFO - [2025-02-13T00:22:50.623+0000] {dag.py:4180} INFO - Setting next_dagrun for latest_only_with_trigger to 2025-02-12 20:00:00+00:00, run_after=2025-02-13 00:00:00+00:00
[2025-02-13T00:22:50.641+0000] {processor.py:208} INFO - Processing /home/airflow/.local/lib/python3.12/site-packages/airflow/example_dags/example_latest_only_with_trigger.py took 0.098 seconds
[2025-02-13T00:23:20.880+0000] {processor.py:186} INFO - Started process (PID=2640) to work on /home/airflow/.local/lib/python3.12/site-packages/airflow/example_dags/example_latest_only_with_trigger.py
[2025-02-13T00:23:20.881+0000] {processor.py:914} INFO - Processing file /home/airflow/.local/lib/python3.12/site-packages/airflow/example_dags/example_latest_only_with_trigger.py for tasks to queue
[2025-02-13T00:23:20.884+0000] {logging_mixin.py:190} INFO - [2025-02-13T00:23:20.883+0000] {dagbag.py:588} INFO - Filling up the DagBag from /home/airflow/.local/lib/python3.12/site-packages/airflow/example_dags/example_latest_only_with_trigger.py
[2025-02-13T00:23:20.892+0000] {processor.py:925} INFO - DAG(s) 'latest_only_with_trigger' retrieved from /home/airflow/.local/lib/python3.12/site-packages/airflow/example_dags/example_latest_only_with_trigger.py
[2025-02-13T00:23:20.932+0000] {logging_mixin.py:190} INFO - [2025-02-13T00:23:20.931+0000] {dag.py:3239} INFO - Sync 1 DAGs
[2025-02-13T00:23:20.963+0000] {logging_mixin.py:190} INFO - [2025-02-13T00:23:20.963+0000] {dag.py:4180} INFO - Setting next_dagrun for latest_only_with_trigger to 2025-02-12 20:00:00+00:00, run_after=2025-02-13 00:00:00+00:00
[2025-02-13T00:23:20.979+0000] {processor.py:208} INFO - Processing /home/airflow/.local/lib/python3.12/site-packages/airflow/example_dags/example_latest_only_with_trigger.py took 0.106 seconds
[2025-02-13T00:23:52.384+0000] {processor.py:186} INFO - Started process (PID=2701) to work on /home/airflow/.local/lib/python3.12/site-packages/airflow/example_dags/example_latest_only_with_trigger.py
[2025-02-13T00:23:52.385+0000] {processor.py:914} INFO - Processing file /home/airflow/.local/lib/python3.12/site-packages/airflow/example_dags/example_latest_only_with_trigger.py for tasks to queue
[2025-02-13T00:23:52.388+0000] {logging_mixin.py:190} INFO - [2025-02-13T00:23:52.387+0000] {dagbag.py:588} INFO - Filling up the DagBag from /home/airflow/.local/lib/python3.12/site-packages/airflow/example_dags/example_latest_only_with_trigger.py
[2025-02-13T00:23:52.402+0000] {processor.py:925} INFO - DAG(s) 'latest_only_with_trigger' retrieved from /home/airflow/.local/lib/python3.12/site-packages/airflow/example_dags/example_latest_only_with_trigger.py
[2025-02-13T00:23:52.431+0000] {logging_mixin.py:190} INFO - [2025-02-13T00:23:52.431+0000] {dag.py:3239} INFO - Sync 1 DAGs
[2025-02-13T00:23:52.460+0000] {logging_mixin.py:190} INFO - [2025-02-13T00:23:52.460+0000] {dag.py:4180} INFO - Setting next_dagrun for latest_only_with_trigger to 2025-02-12 20:00:00+00:00, run_after=2025-02-13 00:00:00+00:00
[2025-02-13T00:23:52.482+0000] {processor.py:208} INFO - Processing /home/airflow/.local/lib/python3.12/site-packages/airflow/example_dags/example_latest_only_with_trigger.py took 0.120 seconds
[2025-02-13T00:24:23.633+0000] {processor.py:186} INFO - Started process (PID=2760) to work on /home/airflow/.local/lib/python3.12/site-packages/airflow/example_dags/example_latest_only_with_trigger.py
[2025-02-13T00:24:23.633+0000] {processor.py:914} INFO - Processing file /home/airflow/.local/lib/python3.12/site-packages/airflow/example_dags/example_latest_only_with_trigger.py for tasks to queue
[2025-02-13T00:24:23.636+0000] {logging_mixin.py:190} INFO - [2025-02-13T00:24:23.636+0000] {dagbag.py:588} INFO - Filling up the DagBag from /home/airflow/.local/lib/python3.12/site-packages/airflow/example_dags/example_latest_only_with_trigger.py
[2025-02-13T00:24:23.645+0000] {processor.py:925} INFO - DAG(s) 'latest_only_with_trigger' retrieved from /home/airflow/.local/lib/python3.12/site-packages/airflow/example_dags/example_latest_only_with_trigger.py
[2025-02-13T00:24:23.669+0000] {logging_mixin.py:190} INFO - [2025-02-13T00:24:23.669+0000] {dag.py:3239} INFO - Sync 1 DAGs
[2025-02-13T00:24:23.698+0000] {logging_mixin.py:190} INFO - [2025-02-13T00:24:23.698+0000] {dag.py:4180} INFO - Setting next_dagrun for latest_only_with_trigger to 2025-02-12 20:00:00+00:00, run_after=2025-02-13 00:00:00+00:00
[2025-02-13T00:24:23.715+0000] {processor.py:208} INFO - Processing /home/airflow/.local/lib/python3.12/site-packages/airflow/example_dags/example_latest_only_with_trigger.py took 0.090 seconds
[2025-02-13T00:24:54.918+0000] {processor.py:186} INFO - Started process (PID=2818) to work on /home/airflow/.local/lib/python3.12/site-packages/airflow/example_dags/example_latest_only_with_trigger.py
[2025-02-13T00:24:54.920+0000] {processor.py:914} INFO - Processing file /home/airflow/.local/lib/python3.12/site-packages/airflow/example_dags/example_latest_only_with_trigger.py for tasks to queue
[2025-02-13T00:24:54.928+0000] {logging_mixin.py:190} INFO - [2025-02-13T00:24:54.928+0000] {dagbag.py:588} INFO - Filling up the DagBag from /home/airflow/.local/lib/python3.12/site-packages/airflow/example_dags/example_latest_only_with_trigger.py
[2025-02-13T00:24:54.948+0000] {processor.py:925} INFO - DAG(s) 'latest_only_with_trigger' retrieved from /home/airflow/.local/lib/python3.12/site-packages/airflow/example_dags/example_latest_only_with_trigger.py
[2025-02-13T00:24:55.004+0000] {logging_mixin.py:190} INFO - [2025-02-13T00:24:55.004+0000] {dag.py:3239} INFO - Sync 1 DAGs
[2025-02-13T00:24:55.042+0000] {logging_mixin.py:190} INFO - [2025-02-13T00:24:55.041+0000] {dag.py:4180} INFO - Setting next_dagrun for latest_only_with_trigger to 2025-02-12 20:00:00+00:00, run_after=2025-02-13 00:00:00+00:00
[2025-02-13T00:24:55.062+0000] {processor.py:208} INFO - Processing /home/airflow/.local/lib/python3.12/site-packages/airflow/example_dags/example_latest_only_with_trigger.py took 0.155 seconds
[2025-02-13T00:25:26.119+0000] {processor.py:186} INFO - Started process (PID=2876) to work on /home/airflow/.local/lib/python3.12/site-packages/airflow/example_dags/example_latest_only_with_trigger.py
[2025-02-13T00:25:26.119+0000] {processor.py:914} INFO - Processing file /home/airflow/.local/lib/python3.12/site-packages/airflow/example_dags/example_latest_only_with_trigger.py for tasks to queue
[2025-02-13T00:25:26.122+0000] {logging_mixin.py:190} INFO - [2025-02-13T00:25:26.122+0000] {dagbag.py:588} INFO - Filling up the DagBag from /home/airflow/.local/lib/python3.12/site-packages/airflow/example_dags/example_latest_only_with_trigger.py
[2025-02-13T00:25:26.133+0000] {processor.py:925} INFO - DAG(s) 'latest_only_with_trigger' retrieved from /home/airflow/.local/lib/python3.12/site-packages/airflow/example_dags/example_latest_only_with_trigger.py
[2025-02-13T00:25:26.157+0000] {logging_mixin.py:190} INFO - [2025-02-13T00:25:26.156+0000] {dag.py:3239} INFO - Sync 1 DAGs
[2025-02-13T00:25:26.183+0000] {logging_mixin.py:190} INFO - [2025-02-13T00:25:26.183+0000] {dag.py:4180} INFO - Setting next_dagrun for latest_only_with_trigger to 2025-02-12 20:00:00+00:00, run_after=2025-02-13 00:00:00+00:00
[2025-02-13T00:25:26.201+0000] {processor.py:208} INFO - Processing /home/airflow/.local/lib/python3.12/site-packages/airflow/example_dags/example_latest_only_with_trigger.py took 0.091 seconds
[2025-02-13T00:25:56.595+0000] {processor.py:186} INFO - Started process (PID=2934) to work on /home/airflow/.local/lib/python3.12/site-packages/airflow/example_dags/example_latest_only_with_trigger.py
[2025-02-13T00:25:56.596+0000] {processor.py:914} INFO - Processing file /home/airflow/.local/lib/python3.12/site-packages/airflow/example_dags/example_latest_only_with_trigger.py for tasks to queue
[2025-02-13T00:25:56.599+0000] {logging_mixin.py:190} INFO - [2025-02-13T00:25:56.599+0000] {dagbag.py:588} INFO - Filling up the DagBag from /home/airflow/.local/lib/python3.12/site-packages/airflow/example_dags/example_latest_only_with_trigger.py
[2025-02-13T00:25:56.608+0000] {processor.py:925} INFO - DAG(s) 'latest_only_with_trigger' retrieved from /home/airflow/.local/lib/python3.12/site-packages/airflow/example_dags/example_latest_only_with_trigger.py
[2025-02-13T00:25:56.636+0000] {logging_mixin.py:190} INFO - [2025-02-13T00:25:56.635+0000] {dag.py:3239} INFO - Sync 1 DAGs
[2025-02-13T00:25:56.671+0000] {logging_mixin.py:190} INFO - [2025-02-13T00:25:56.670+0000] {dag.py:4180} INFO - Setting next_dagrun for latest_only_with_trigger to 2025-02-12 20:00:00+00:00, run_after=2025-02-13 00:00:00+00:00
[2025-02-13T00:25:56.730+0000] {processor.py:208} INFO - Processing /home/airflow/.local/lib/python3.12/site-packages/airflow/example_dags/example_latest_only_with_trigger.py took 0.141 seconds
[2025-02-13T00:26:26.915+0000] {processor.py:186} INFO - Started process (PID=2992) to work on /home/airflow/.local/lib/python3.12/site-packages/airflow/example_dags/example_latest_only_with_trigger.py
[2025-02-13T00:26:26.921+0000] {processor.py:914} INFO - Processing file /home/airflow/.local/lib/python3.12/site-packages/airflow/example_dags/example_latest_only_with_trigger.py for tasks to queue
[2025-02-13T00:26:26.924+0000] {logging_mixin.py:190} INFO - [2025-02-13T00:26:26.923+0000] {dagbag.py:588} INFO - Filling up the DagBag from /home/airflow/.local/lib/python3.12/site-packages/airflow/example_dags/example_latest_only_with_trigger.py
[2025-02-13T00:26:26.936+0000] {processor.py:925} INFO - DAG(s) 'latest_only_with_trigger' retrieved from /home/airflow/.local/lib/python3.12/site-packages/airflow/example_dags/example_latest_only_with_trigger.py
[2025-02-13T00:26:26.984+0000] {logging_mixin.py:190} INFO - [2025-02-13T00:26:26.983+0000] {dag.py:3239} INFO - Sync 1 DAGs
[2025-02-13T00:26:27.023+0000] {logging_mixin.py:190} INFO - [2025-02-13T00:26:27.023+0000] {dag.py:4180} INFO - Setting next_dagrun for latest_only_with_trigger to 2025-02-12 20:00:00+00:00, run_after=2025-02-13 00:00:00+00:00
[2025-02-13T00:26:27.064+0000] {processor.py:208} INFO - Processing /home/airflow/.local/lib/python3.12/site-packages/airflow/example_dags/example_latest_only_with_trigger.py took 0.163 seconds
[2025-02-13T00:26:58.491+0000] {processor.py:186} INFO - Started process (PID=3052) to work on /home/airflow/.local/lib/python3.12/site-packages/airflow/example_dags/example_latest_only_with_trigger.py
[2025-02-13T00:26:58.495+0000] {processor.py:914} INFO - Processing file /home/airflow/.local/lib/python3.12/site-packages/airflow/example_dags/example_latest_only_with_trigger.py for tasks to queue
[2025-02-13T00:26:58.501+0000] {logging_mixin.py:190} INFO - [2025-02-13T00:26:58.501+0000] {dagbag.py:588} INFO - Filling up the DagBag from /home/airflow/.local/lib/python3.12/site-packages/airflow/example_dags/example_latest_only_with_trigger.py
[2025-02-13T00:26:58.548+0000] {processor.py:925} INFO - DAG(s) 'latest_only_with_trigger' retrieved from /home/airflow/.local/lib/python3.12/site-packages/airflow/example_dags/example_latest_only_with_trigger.py
[2025-02-13T00:26:58.598+0000] {logging_mixin.py:190} INFO - [2025-02-13T00:26:58.598+0000] {dag.py:3239} INFO - Sync 1 DAGs
[2025-02-13T00:26:58.625+0000] {logging_mixin.py:190} INFO - [2025-02-13T00:26:58.624+0000] {dag.py:4180} INFO - Setting next_dagrun for latest_only_with_trigger to 2025-02-12 20:00:00+00:00, run_after=2025-02-13 00:00:00+00:00
[2025-02-13T00:26:58.643+0000] {processor.py:208} INFO - Processing /home/airflow/.local/lib/python3.12/site-packages/airflow/example_dags/example_latest_only_with_trigger.py took 0.169 seconds
[2025-02-13T00:27:28.712+0000] {processor.py:186} INFO - Started process (PID=3110) to work on /home/airflow/.local/lib/python3.12/site-packages/airflow/example_dags/example_latest_only_with_trigger.py
[2025-02-13T00:27:28.712+0000] {processor.py:914} INFO - Processing file /home/airflow/.local/lib/python3.12/site-packages/airflow/example_dags/example_latest_only_with_trigger.py for tasks to queue
[2025-02-13T00:27:28.715+0000] {logging_mixin.py:190} INFO - [2025-02-13T00:27:28.714+0000] {dagbag.py:588} INFO - Filling up the DagBag from /home/airflow/.local/lib/python3.12/site-packages/airflow/example_dags/example_latest_only_with_trigger.py
[2025-02-13T00:27:28.724+0000] {processor.py:925} INFO - DAG(s) 'latest_only_with_trigger' retrieved from /home/airflow/.local/lib/python3.12/site-packages/airflow/example_dags/example_latest_only_with_trigger.py
[2025-02-13T00:27:28.760+0000] {logging_mixin.py:190} INFO - [2025-02-13T00:27:28.759+0000] {dag.py:3239} INFO - Sync 1 DAGs
[2025-02-13T00:27:28.792+0000] {logging_mixin.py:190} INFO - [2025-02-13T00:27:28.792+0000] {dag.py:4180} INFO - Setting next_dagrun for latest_only_with_trigger to 2025-02-12 20:00:00+00:00, run_after=2025-02-13 00:00:00+00:00
[2025-02-13T00:27:28.829+0000] {processor.py:208} INFO - Processing /home/airflow/.local/lib/python3.12/site-packages/airflow/example_dags/example_latest_only_with_trigger.py took 0.124 seconds
[2025-02-13T00:27:58.973+0000] {processor.py:186} INFO - Started process (PID=3167) to work on /home/airflow/.local/lib/python3.12/site-packages/airflow/example_dags/example_latest_only_with_trigger.py
[2025-02-13T00:27:58.973+0000] {processor.py:914} INFO - Processing file /home/airflow/.local/lib/python3.12/site-packages/airflow/example_dags/example_latest_only_with_trigger.py for tasks to queue
[2025-02-13T00:27:58.976+0000] {logging_mixin.py:190} INFO - [2025-02-13T00:27:58.975+0000] {dagbag.py:588} INFO - Filling up the DagBag from /home/airflow/.local/lib/python3.12/site-packages/airflow/example_dags/example_latest_only_with_trigger.py
[2025-02-13T00:27:58.984+0000] {processor.py:925} INFO - DAG(s) 'latest_only_with_trigger' retrieved from /home/airflow/.local/lib/python3.12/site-packages/airflow/example_dags/example_latest_only_with_trigger.py
[2025-02-13T00:27:59.007+0000] {logging_mixin.py:190} INFO - [2025-02-13T00:27:59.006+0000] {dag.py:3239} INFO - Sync 1 DAGs
[2025-02-13T00:27:59.036+0000] {logging_mixin.py:190} INFO - [2025-02-13T00:27:59.036+0000] {dag.py:4180} INFO - Setting next_dagrun for latest_only_with_trigger to 2025-02-12 20:00:00+00:00, run_after=2025-02-13 00:00:00+00:00
[2025-02-13T00:27:59.055+0000] {processor.py:208} INFO - Processing /home/airflow/.local/lib/python3.12/site-packages/airflow/example_dags/example_latest_only_with_trigger.py took 0.089 seconds
