[2025-02-13T00:00:22.522+0000] {processor.py:186} INFO - Started process (PID=149) to work on /home/airflow/.local/lib/python3.12/site-packages/airflow/example_dags/example_branch_operator.py
[2025-02-13T00:00:22.527+0000] {processor.py:914} INFO - Processing file /home/airflow/.local/lib/python3.12/site-packages/airflow/example_dags/example_branch_operator.py for tasks to queue
[2025-02-13T00:00:22.530+0000] {logging_mixin.py:190} INFO - [2025-02-13T00:00:22.529+0000] {dagbag.py:588} INFO - Filling up the DagBag from /home/airflow/.local/lib/python3.12/site-packages/airflow/example_dags/example_branch_operator.py
[2025-02-13T00:00:22.917+0000] {processor.py:925} INFO - DAG(s) 'example_branch_operator' retrieved from /home/airflow/.local/lib/python3.12/site-packages/airflow/example_dags/example_branch_operator.py
[2025-02-13T00:00:23.084+0000] {logging_mixin.py:190} INFO - [2025-02-13T00:00:23.083+0000] {dag.py:3239} INFO - Sync 1 DAGs
[2025-02-13T00:00:23.146+0000] {logging_mixin.py:190} INFO - [2025-02-13T00:00:23.146+0000] {dag.py:4180} INFO - Setting next_dagrun for example_branch_operator to 2025-02-12 00:00:00+00:00, run_after=2025-02-13 00:00:00+00:00
[2025-02-13T00:00:25.128+0000] {processor.py:208} INFO - Processing /home/airflow/.local/lib/python3.12/site-packages/airflow/example_dags/example_branch_operator.py took 2.627 seconds
[2025-02-13T00:01:16.866+0000] {processor.py:186} INFO - Started process (PID=205) to work on /home/airflow/.local/lib/python3.12/site-packages/airflow/example_dags/example_branch_operator.py
[2025-02-13T00:01:16.869+0000] {processor.py:914} INFO - Processing file /home/airflow/.local/lib/python3.12/site-packages/airflow/example_dags/example_branch_operator.py for tasks to queue
[2025-02-13T00:01:16.873+0000] {logging_mixin.py:190} INFO - [2025-02-13T00:01:16.872+0000] {dagbag.py:588} INFO - Filling up the DagBag from /home/airflow/.local/lib/python3.12/site-packages/airflow/example_dags/example_branch_operator.py
[2025-02-13T00:01:16.921+0000] {processor.py:925} INFO - DAG(s) 'example_branch_operator' retrieved from /home/airflow/.local/lib/python3.12/site-packages/airflow/example_dags/example_branch_operator.py
[2025-02-13T00:01:17.023+0000] {logging_mixin.py:190} INFO - [2025-02-13T00:01:17.022+0000] {dag.py:3239} INFO - Sync 1 DAGs
[2025-02-13T00:01:17.087+0000] {logging_mixin.py:190} INFO - [2025-02-13T00:01:17.087+0000] {dag.py:4180} INFO - Setting next_dagrun for example_branch_operator to 2025-02-12 00:00:00+00:00, run_after=2025-02-13 00:00:00+00:00
[2025-02-13T00:01:17.145+0000] {processor.py:208} INFO - Processing /home/airflow/.local/lib/python3.12/site-packages/airflow/example_dags/example_branch_operator.py took 0.292 seconds
[2025-02-13T00:01:53.291+0000] {processor.py:186} INFO - Started process (PID=256) to work on /home/airflow/.local/lib/python3.12/site-packages/airflow/example_dags/example_branch_operator.py
[2025-02-13T00:01:53.303+0000] {processor.py:914} INFO - Processing file /home/airflow/.local/lib/python3.12/site-packages/airflow/example_dags/example_branch_operator.py for tasks to queue
[2025-02-13T00:01:53.306+0000] {logging_mixin.py:190} INFO - [2025-02-13T00:01:53.306+0000] {dagbag.py:588} INFO - Filling up the DagBag from /home/airflow/.local/lib/python3.12/site-packages/airflow/example_dags/example_branch_operator.py
[2025-02-13T00:01:53.366+0000] {processor.py:925} INFO - DAG(s) 'example_branch_operator' retrieved from /home/airflow/.local/lib/python3.12/site-packages/airflow/example_dags/example_branch_operator.py
[2025-02-13T00:01:53.474+0000] {logging_mixin.py:190} INFO - [2025-02-13T00:01:53.471+0000] {dag.py:3239} INFO - Sync 1 DAGs
[2025-02-13T00:01:53.945+0000] {logging_mixin.py:190} INFO - [2025-02-13T00:01:53.945+0000] {dag.py:4180} INFO - Setting next_dagrun for example_branch_operator to 2025-02-12 00:00:00+00:00, run_after=2025-02-13 00:00:00+00:00
[2025-02-13T00:01:54.676+0000] {processor.py:208} INFO - Processing /home/airflow/.local/lib/python3.12/site-packages/airflow/example_dags/example_branch_operator.py took 1.397 seconds
[2025-02-13T00:02:28.321+0000] {processor.py:186} INFO - Started process (PID=297) to work on /home/airflow/.local/lib/python3.12/site-packages/airflow/example_dags/example_branch_operator.py
[2025-02-13T00:02:28.323+0000] {processor.py:914} INFO - Processing file /home/airflow/.local/lib/python3.12/site-packages/airflow/example_dags/example_branch_operator.py for tasks to queue
[2025-02-13T00:02:28.344+0000] {logging_mixin.py:190} INFO - [2025-02-13T00:02:28.343+0000] {dagbag.py:588} INFO - Filling up the DagBag from /home/airflow/.local/lib/python3.12/site-packages/airflow/example_dags/example_branch_operator.py
[2025-02-13T00:02:28.481+0000] {processor.py:925} INFO - DAG(s) 'example_branch_operator' retrieved from /home/airflow/.local/lib/python3.12/site-packages/airflow/example_dags/example_branch_operator.py
[2025-02-13T00:02:28.594+0000] {logging_mixin.py:190} INFO - [2025-02-13T00:02:28.594+0000] {dag.py:3239} INFO - Sync 1 DAGs
[2025-02-13T00:02:28.640+0000] {logging_mixin.py:190} INFO - [2025-02-13T00:02:28.640+0000] {dag.py:4180} INFO - Setting next_dagrun for example_branch_operator to 2025-02-12 00:00:00+00:00, run_after=2025-02-13 00:00:00+00:00
[2025-02-13T00:02:31.623+0000] {processor.py:208} INFO - Processing /home/airflow/.local/lib/python3.12/site-packages/airflow/example_dags/example_branch_operator.py took 3.404 seconds
[2025-02-13T00:03:02.701+0000] {processor.py:186} INFO - Started process (PID=355) to work on /home/airflow/.local/lib/python3.12/site-packages/airflow/example_dags/example_branch_operator.py
[2025-02-13T00:03:02.719+0000] {processor.py:914} INFO - Processing file /home/airflow/.local/lib/python3.12/site-packages/airflow/example_dags/example_branch_operator.py for tasks to queue
[2025-02-13T00:03:02.722+0000] {logging_mixin.py:190} INFO - [2025-02-13T00:03:02.721+0000] {dagbag.py:588} INFO - Filling up the DagBag from /home/airflow/.local/lib/python3.12/site-packages/airflow/example_dags/example_branch_operator.py
[2025-02-13T00:03:02.777+0000] {processor.py:925} INFO - DAG(s) 'example_branch_operator' retrieved from /home/airflow/.local/lib/python3.12/site-packages/airflow/example_dags/example_branch_operator.py
[2025-02-13T00:03:02.905+0000] {logging_mixin.py:190} INFO - [2025-02-13T00:03:02.905+0000] {dag.py:3239} INFO - Sync 1 DAGs
[2025-02-13T00:03:03.559+0000] {logging_mixin.py:190} INFO - [2025-02-13T00:03:03.559+0000] {dag.py:4180} INFO - Setting next_dagrun for example_branch_operator to 2025-02-12 00:00:00+00:00, run_after=2025-02-13 00:00:00+00:00
[2025-02-13T00:03:03.601+0000] {processor.py:208} INFO - Processing /home/airflow/.local/lib/python3.12/site-packages/airflow/example_dags/example_branch_operator.py took 0.911 seconds
[2025-02-13T00:03:36.262+0000] {processor.py:186} INFO - Started process (PID=409) to work on /home/airflow/.local/lib/python3.12/site-packages/airflow/example_dags/example_branch_operator.py
[2025-02-13T00:03:36.263+0000] {processor.py:914} INFO - Processing file /home/airflow/.local/lib/python3.12/site-packages/airflow/example_dags/example_branch_operator.py for tasks to queue
[2025-02-13T00:03:36.271+0000] {logging_mixin.py:190} INFO - [2025-02-13T00:03:36.270+0000] {dagbag.py:588} INFO - Filling up the DagBag from /home/airflow/.local/lib/python3.12/site-packages/airflow/example_dags/example_branch_operator.py
[2025-02-13T00:03:36.316+0000] {processor.py:925} INFO - DAG(s) 'example_branch_operator' retrieved from /home/airflow/.local/lib/python3.12/site-packages/airflow/example_dags/example_branch_operator.py
[2025-02-13T00:03:36.416+0000] {logging_mixin.py:190} INFO - [2025-02-13T00:03:36.415+0000] {dag.py:3239} INFO - Sync 1 DAGs
[2025-02-13T00:03:36.489+0000] {logging_mixin.py:190} INFO - [2025-02-13T00:03:36.488+0000] {dag.py:4180} INFO - Setting next_dagrun for example_branch_operator to 2025-02-12 00:00:00+00:00, run_after=2025-02-13 00:00:00+00:00
[2025-02-13T00:03:36.545+0000] {processor.py:208} INFO - Processing /home/airflow/.local/lib/python3.12/site-packages/airflow/example_dags/example_branch_operator.py took 0.299 seconds
[2025-02-13T00:04:06.625+0000] {processor.py:186} INFO - Started process (PID=460) to work on /home/airflow/.local/lib/python3.12/site-packages/airflow/example_dags/example_branch_operator.py
[2025-02-13T00:04:06.689+0000] {processor.py:914} INFO - Processing file /home/airflow/.local/lib/python3.12/site-packages/airflow/example_dags/example_branch_operator.py for tasks to queue
[2025-02-13T00:04:06.691+0000] {logging_mixin.py:190} INFO - [2025-02-13T00:04:06.691+0000] {dagbag.py:588} INFO - Filling up the DagBag from /home/airflow/.local/lib/python3.12/site-packages/airflow/example_dags/example_branch_operator.py
[2025-02-13T00:04:06.806+0000] {processor.py:925} INFO - DAG(s) 'example_branch_operator' retrieved from /home/airflow/.local/lib/python3.12/site-packages/airflow/example_dags/example_branch_operator.py
[2025-02-13T00:04:06.860+0000] {logging_mixin.py:190} INFO - [2025-02-13T00:04:06.859+0000] {dag.py:3239} INFO - Sync 1 DAGs
[2025-02-13T00:04:06.908+0000] {logging_mixin.py:190} INFO - [2025-02-13T00:04:06.907+0000] {dag.py:4180} INFO - Setting next_dagrun for example_branch_operator to 2025-02-12 00:00:00+00:00, run_after=2025-02-13 00:00:00+00:00
[2025-02-13T00:04:07.065+0000] {processor.py:208} INFO - Processing /home/airflow/.local/lib/python3.12/site-packages/airflow/example_dags/example_branch_operator.py took 0.447 seconds
[2025-02-13T00:04:37.721+0000] {processor.py:186} INFO - Started process (PID=518) to work on /home/airflow/.local/lib/python3.12/site-packages/airflow/example_dags/example_branch_operator.py
[2025-02-13T00:04:37.731+0000] {processor.py:914} INFO - Processing file /home/airflow/.local/lib/python3.12/site-packages/airflow/example_dags/example_branch_operator.py for tasks to queue
[2025-02-13T00:04:37.734+0000] {logging_mixin.py:190} INFO - [2025-02-13T00:04:37.733+0000] {dagbag.py:588} INFO - Filling up the DagBag from /home/airflow/.local/lib/python3.12/site-packages/airflow/example_dags/example_branch_operator.py
[2025-02-13T00:04:37.923+0000] {processor.py:925} INFO - DAG(s) 'example_branch_operator' retrieved from /home/airflow/.local/lib/python3.12/site-packages/airflow/example_dags/example_branch_operator.py
[2025-02-13T00:04:37.963+0000] {logging_mixin.py:190} INFO - [2025-02-13T00:04:37.963+0000] {dag.py:3239} INFO - Sync 1 DAGs
[2025-02-13T00:04:38.053+0000] {logging_mixin.py:190} INFO - [2025-02-13T00:04:38.053+0000] {dag.py:4180} INFO - Setting next_dagrun for example_branch_operator to 2025-02-12 00:00:00+00:00, run_after=2025-02-13 00:00:00+00:00
[2025-02-13T00:04:39.436+0000] {processor.py:208} INFO - Processing /home/airflow/.local/lib/python3.12/site-packages/airflow/example_dags/example_branch_operator.py took 1.726 seconds
[2025-02-13T00:05:09.715+0000] {processor.py:186} INFO - Started process (PID=576) to work on /home/airflow/.local/lib/python3.12/site-packages/airflow/example_dags/example_branch_operator.py
[2025-02-13T00:05:09.717+0000] {processor.py:914} INFO - Processing file /home/airflow/.local/lib/python3.12/site-packages/airflow/example_dags/example_branch_operator.py for tasks to queue
[2025-02-13T00:05:09.752+0000] {logging_mixin.py:190} INFO - [2025-02-13T00:05:09.723+0000] {dagbag.py:588} INFO - Filling up the DagBag from /home/airflow/.local/lib/python3.12/site-packages/airflow/example_dags/example_branch_operator.py
[2025-02-13T00:05:09.862+0000] {processor.py:925} INFO - DAG(s) 'example_branch_operator' retrieved from /home/airflow/.local/lib/python3.12/site-packages/airflow/example_dags/example_branch_operator.py
[2025-02-13T00:05:09.934+0000] {logging_mixin.py:190} INFO - [2025-02-13T00:05:09.933+0000] {dag.py:3239} INFO - Sync 1 DAGs
[2025-02-13T00:05:09.967+0000] {logging_mixin.py:190} INFO - [2025-02-13T00:05:09.967+0000] {dag.py:4180} INFO - Setting next_dagrun for example_branch_operator to 2025-02-12 00:00:00+00:00, run_after=2025-02-13 00:00:00+00:00
[2025-02-13T00:05:11.013+0000] {processor.py:208} INFO - Processing /home/airflow/.local/lib/python3.12/site-packages/airflow/example_dags/example_branch_operator.py took 1.332 seconds
[2025-02-13T00:05:41.348+0000] {processor.py:186} INFO - Started process (PID=634) to work on /home/airflow/.local/lib/python3.12/site-packages/airflow/example_dags/example_branch_operator.py
[2025-02-13T00:05:41.440+0000] {processor.py:914} INFO - Processing file /home/airflow/.local/lib/python3.12/site-packages/airflow/example_dags/example_branch_operator.py for tasks to queue
[2025-02-13T00:05:41.442+0000] {logging_mixin.py:190} INFO - [2025-02-13T00:05:41.442+0000] {dagbag.py:588} INFO - Filling up the DagBag from /home/airflow/.local/lib/python3.12/site-packages/airflow/example_dags/example_branch_operator.py
[2025-02-13T00:05:41.471+0000] {processor.py:925} INFO - DAG(s) 'example_branch_operator' retrieved from /home/airflow/.local/lib/python3.12/site-packages/airflow/example_dags/example_branch_operator.py
[2025-02-13T00:05:41.561+0000] {logging_mixin.py:190} INFO - [2025-02-13T00:05:41.559+0000] {dag.py:3239} INFO - Sync 1 DAGs
[2025-02-13T00:05:41.624+0000] {logging_mixin.py:190} INFO - [2025-02-13T00:05:41.624+0000] {dag.py:4180} INFO - Setting next_dagrun for example_branch_operator to 2025-02-12 00:00:00+00:00, run_after=2025-02-13 00:00:00+00:00
[2025-02-13T00:05:41.807+0000] {processor.py:208} INFO - Processing /home/airflow/.local/lib/python3.12/site-packages/airflow/example_dags/example_branch_operator.py took 0.479 seconds
[2025-02-13T00:06:12.120+0000] {processor.py:186} INFO - Started process (PID=691) to work on /home/airflow/.local/lib/python3.12/site-packages/airflow/example_dags/example_branch_operator.py
[2025-02-13T00:06:12.122+0000] {processor.py:914} INFO - Processing file /home/airflow/.local/lib/python3.12/site-packages/airflow/example_dags/example_branch_operator.py for tasks to queue
[2025-02-13T00:06:12.125+0000] {logging_mixin.py:190} INFO - [2025-02-13T00:06:12.124+0000] {dagbag.py:588} INFO - Filling up the DagBag from /home/airflow/.local/lib/python3.12/site-packages/airflow/example_dags/example_branch_operator.py
[2025-02-13T00:06:12.155+0000] {processor.py:925} INFO - DAG(s) 'example_branch_operator' retrieved from /home/airflow/.local/lib/python3.12/site-packages/airflow/example_dags/example_branch_operator.py
[2025-02-13T00:06:12.234+0000] {logging_mixin.py:190} INFO - [2025-02-13T00:06:12.233+0000] {dag.py:3239} INFO - Sync 1 DAGs
[2025-02-13T00:06:12.268+0000] {logging_mixin.py:190} INFO - [2025-02-13T00:06:12.268+0000] {dag.py:4180} INFO - Setting next_dagrun for example_branch_operator to 2025-02-12 00:00:00+00:00, run_after=2025-02-13 00:00:00+00:00
[2025-02-13T00:06:12.294+0000] {processor.py:208} INFO - Processing /home/airflow/.local/lib/python3.12/site-packages/airflow/example_dags/example_branch_operator.py took 0.197 seconds
[2025-02-13T00:06:42.658+0000] {processor.py:186} INFO - Started process (PID=749) to work on /home/airflow/.local/lib/python3.12/site-packages/airflow/example_dags/example_branch_operator.py
[2025-02-13T00:06:42.659+0000] {processor.py:914} INFO - Processing file /home/airflow/.local/lib/python3.12/site-packages/airflow/example_dags/example_branch_operator.py for tasks to queue
[2025-02-13T00:06:42.661+0000] {logging_mixin.py:190} INFO - [2025-02-13T00:06:42.661+0000] {dagbag.py:588} INFO - Filling up the DagBag from /home/airflow/.local/lib/python3.12/site-packages/airflow/example_dags/example_branch_operator.py
[2025-02-13T00:06:42.689+0000] {processor.py:925} INFO - DAG(s) 'example_branch_operator' retrieved from /home/airflow/.local/lib/python3.12/site-packages/airflow/example_dags/example_branch_operator.py
[2025-02-13T00:06:42.753+0000] {logging_mixin.py:190} INFO - [2025-02-13T00:06:42.752+0000] {dag.py:3239} INFO - Sync 1 DAGs
[2025-02-13T00:06:42.833+0000] {logging_mixin.py:190} INFO - [2025-02-13T00:06:42.833+0000] {dag.py:4180} INFO - Setting next_dagrun for example_branch_operator to 2025-02-12 00:00:00+00:00, run_after=2025-02-13 00:00:00+00:00
[2025-02-13T00:06:42.880+0000] {processor.py:208} INFO - Processing /home/airflow/.local/lib/python3.12/site-packages/airflow/example_dags/example_branch_operator.py took 0.229 seconds
[2025-02-13T00:07:13.594+0000] {processor.py:186} INFO - Started process (PID=807) to work on /home/airflow/.local/lib/python3.12/site-packages/airflow/example_dags/example_branch_operator.py
[2025-02-13T00:07:13.595+0000] {processor.py:914} INFO - Processing file /home/airflow/.local/lib/python3.12/site-packages/airflow/example_dags/example_branch_operator.py for tasks to queue
[2025-02-13T00:07:13.604+0000] {logging_mixin.py:190} INFO - [2025-02-13T00:07:13.604+0000] {dagbag.py:588} INFO - Filling up the DagBag from /home/airflow/.local/lib/python3.12/site-packages/airflow/example_dags/example_branch_operator.py
[2025-02-13T00:07:13.682+0000] {processor.py:925} INFO - DAG(s) 'example_branch_operator' retrieved from /home/airflow/.local/lib/python3.12/site-packages/airflow/example_dags/example_branch_operator.py
[2025-02-13T00:07:13.743+0000] {logging_mixin.py:190} INFO - [2025-02-13T00:07:13.742+0000] {dag.py:3239} INFO - Sync 1 DAGs
[2025-02-13T00:07:13.806+0000] {logging_mixin.py:190} INFO - [2025-02-13T00:07:13.806+0000] {dag.py:4180} INFO - Setting next_dagrun for example_branch_operator to 2025-02-12 00:00:00+00:00, run_after=2025-02-13 00:00:00+00:00
[2025-02-13T00:07:13.842+0000] {processor.py:208} INFO - Processing /home/airflow/.local/lib/python3.12/site-packages/airflow/example_dags/example_branch_operator.py took 0.256 seconds
[2025-02-13T00:07:44.477+0000] {processor.py:186} INFO - Started process (PID=865) to work on /home/airflow/.local/lib/python3.12/site-packages/airflow/example_dags/example_branch_operator.py
[2025-02-13T00:07:44.511+0000] {processor.py:914} INFO - Processing file /home/airflow/.local/lib/python3.12/site-packages/airflow/example_dags/example_branch_operator.py for tasks to queue
[2025-02-13T00:07:44.517+0000] {logging_mixin.py:190} INFO - [2025-02-13T00:07:44.516+0000] {dagbag.py:588} INFO - Filling up the DagBag from /home/airflow/.local/lib/python3.12/site-packages/airflow/example_dags/example_branch_operator.py
[2025-02-13T00:07:44.734+0000] {processor.py:925} INFO - DAG(s) 'example_branch_operator' retrieved from /home/airflow/.local/lib/python3.12/site-packages/airflow/example_dags/example_branch_operator.py
[2025-02-13T00:07:44.796+0000] {logging_mixin.py:190} INFO - [2025-02-13T00:07:44.795+0000] {dag.py:3239} INFO - Sync 1 DAGs
[2025-02-13T00:07:44.849+0000] {logging_mixin.py:190} INFO - [2025-02-13T00:07:44.849+0000] {dag.py:4180} INFO - Setting next_dagrun for example_branch_operator to 2025-02-12 00:00:00+00:00, run_after=2025-02-13 00:00:00+00:00
[2025-02-13T00:07:44.883+0000] {processor.py:208} INFO - Processing /home/airflow/.local/lib/python3.12/site-packages/airflow/example_dags/example_branch_operator.py took 0.413 seconds
[2025-02-13T00:08:15.791+0000] {processor.py:186} INFO - Started process (PID=923) to work on /home/airflow/.local/lib/python3.12/site-packages/airflow/example_dags/example_branch_operator.py
[2025-02-13T00:08:15.792+0000] {processor.py:914} INFO - Processing file /home/airflow/.local/lib/python3.12/site-packages/airflow/example_dags/example_branch_operator.py for tasks to queue
[2025-02-13T00:08:15.795+0000] {logging_mixin.py:190} INFO - [2025-02-13T00:08:15.795+0000] {dagbag.py:588} INFO - Filling up the DagBag from /home/airflow/.local/lib/python3.12/site-packages/airflow/example_dags/example_branch_operator.py
[2025-02-13T00:08:15.840+0000] {processor.py:925} INFO - DAG(s) 'example_branch_operator' retrieved from /home/airflow/.local/lib/python3.12/site-packages/airflow/example_dags/example_branch_operator.py
[2025-02-13T00:08:15.888+0000] {logging_mixin.py:190} INFO - [2025-02-13T00:08:15.888+0000] {dag.py:3239} INFO - Sync 1 DAGs
[2025-02-13T00:08:15.917+0000] {logging_mixin.py:190} INFO - [2025-02-13T00:08:15.917+0000] {dag.py:4180} INFO - Setting next_dagrun for example_branch_operator to 2025-02-12 00:00:00+00:00, run_after=2025-02-13 00:00:00+00:00
[2025-02-13T00:08:15.941+0000] {processor.py:208} INFO - Processing /home/airflow/.local/lib/python3.12/site-packages/airflow/example_dags/example_branch_operator.py took 0.158 seconds
[2025-02-13T00:08:46.598+0000] {processor.py:186} INFO - Started process (PID=981) to work on /home/airflow/.local/lib/python3.12/site-packages/airflow/example_dags/example_branch_operator.py
[2025-02-13T00:08:46.600+0000] {processor.py:914} INFO - Processing file /home/airflow/.local/lib/python3.12/site-packages/airflow/example_dags/example_branch_operator.py for tasks to queue
[2025-02-13T00:08:46.602+0000] {logging_mixin.py:190} INFO - [2025-02-13T00:08:46.602+0000] {dagbag.py:588} INFO - Filling up the DagBag from /home/airflow/.local/lib/python3.12/site-packages/airflow/example_dags/example_branch_operator.py
[2025-02-13T00:08:46.618+0000] {processor.py:925} INFO - DAG(s) 'example_branch_operator' retrieved from /home/airflow/.local/lib/python3.12/site-packages/airflow/example_dags/example_branch_operator.py
[2025-02-13T00:08:46.643+0000] {logging_mixin.py:190} INFO - [2025-02-13T00:08:46.642+0000] {dag.py:3239} INFO - Sync 1 DAGs
[2025-02-13T00:08:46.662+0000] {logging_mixin.py:190} INFO - [2025-02-13T00:08:46.662+0000] {dag.py:4180} INFO - Setting next_dagrun for example_branch_operator to 2025-02-12 00:00:00+00:00, run_after=2025-02-13 00:00:00+00:00
[2025-02-13T00:08:46.676+0000] {processor.py:208} INFO - Processing /home/airflow/.local/lib/python3.12/site-packages/airflow/example_dags/example_branch_operator.py took 0.083 seconds
[2025-02-13T00:09:16.829+0000] {processor.py:186} INFO - Started process (PID=1039) to work on /home/airflow/.local/lib/python3.12/site-packages/airflow/example_dags/example_branch_operator.py
[2025-02-13T00:09:16.829+0000] {processor.py:914} INFO - Processing file /home/airflow/.local/lib/python3.12/site-packages/airflow/example_dags/example_branch_operator.py for tasks to queue
[2025-02-13T00:09:16.831+0000] {logging_mixin.py:190} INFO - [2025-02-13T00:09:16.831+0000] {dagbag.py:588} INFO - Filling up the DagBag from /home/airflow/.local/lib/python3.12/site-packages/airflow/example_dags/example_branch_operator.py
[2025-02-13T00:09:16.846+0000] {processor.py:925} INFO - DAG(s) 'example_branch_operator' retrieved from /home/airflow/.local/lib/python3.12/site-packages/airflow/example_dags/example_branch_operator.py
[2025-02-13T00:09:16.870+0000] {logging_mixin.py:190} INFO - [2025-02-13T00:09:16.870+0000] {dag.py:3239} INFO - Sync 1 DAGs
[2025-02-13T00:09:16.891+0000] {logging_mixin.py:190} INFO - [2025-02-13T00:09:16.891+0000] {dag.py:4180} INFO - Setting next_dagrun for example_branch_operator to 2025-02-12 00:00:00+00:00, run_after=2025-02-13 00:00:00+00:00
[2025-02-13T00:09:16.905+0000] {processor.py:208} INFO - Processing /home/airflow/.local/lib/python3.12/site-packages/airflow/example_dags/example_branch_operator.py took 0.082 seconds
[2025-02-13T00:09:47.022+0000] {processor.py:186} INFO - Started process (PID=1097) to work on /home/airflow/.local/lib/python3.12/site-packages/airflow/example_dags/example_branch_operator.py
[2025-02-13T00:09:47.023+0000] {processor.py:914} INFO - Processing file /home/airflow/.local/lib/python3.12/site-packages/airflow/example_dags/example_branch_operator.py for tasks to queue
[2025-02-13T00:09:47.024+0000] {logging_mixin.py:190} INFO - [2025-02-13T00:09:47.024+0000] {dagbag.py:588} INFO - Filling up the DagBag from /home/airflow/.local/lib/python3.12/site-packages/airflow/example_dags/example_branch_operator.py
[2025-02-13T00:09:47.040+0000] {processor.py:925} INFO - DAG(s) 'example_branch_operator' retrieved from /home/airflow/.local/lib/python3.12/site-packages/airflow/example_dags/example_branch_operator.py
[2025-02-13T00:09:47.069+0000] {logging_mixin.py:190} INFO - [2025-02-13T00:09:47.069+0000] {dag.py:3239} INFO - Sync 1 DAGs
[2025-02-13T00:09:47.091+0000] {logging_mixin.py:190} INFO - [2025-02-13T00:09:47.091+0000] {dag.py:4180} INFO - Setting next_dagrun for example_branch_operator to 2025-02-12 00:00:00+00:00, run_after=2025-02-13 00:00:00+00:00
[2025-02-13T00:09:47.104+0000] {processor.py:208} INFO - Processing /home/airflow/.local/lib/python3.12/site-packages/airflow/example_dags/example_branch_operator.py took 0.087 seconds
[2025-02-13T00:10:17.301+0000] {processor.py:186} INFO - Started process (PID=1155) to work on /home/airflow/.local/lib/python3.12/site-packages/airflow/example_dags/example_branch_operator.py
[2025-02-13T00:10:17.302+0000] {processor.py:914} INFO - Processing file /home/airflow/.local/lib/python3.12/site-packages/airflow/example_dags/example_branch_operator.py for tasks to queue
[2025-02-13T00:10:17.304+0000] {logging_mixin.py:190} INFO - [2025-02-13T00:10:17.303+0000] {dagbag.py:588} INFO - Filling up the DagBag from /home/airflow/.local/lib/python3.12/site-packages/airflow/example_dags/example_branch_operator.py
[2025-02-13T00:10:17.318+0000] {processor.py:925} INFO - DAG(s) 'example_branch_operator' retrieved from /home/airflow/.local/lib/python3.12/site-packages/airflow/example_dags/example_branch_operator.py
[2025-02-13T00:10:17.343+0000] {logging_mixin.py:190} INFO - [2025-02-13T00:10:17.343+0000] {dag.py:3239} INFO - Sync 1 DAGs
[2025-02-13T00:10:17.365+0000] {logging_mixin.py:190} INFO - [2025-02-13T00:10:17.365+0000] {dag.py:4180} INFO - Setting next_dagrun for example_branch_operator to 2025-02-12 00:00:00+00:00, run_after=2025-02-13 00:00:00+00:00
[2025-02-13T00:10:17.386+0000] {processor.py:208} INFO - Processing /home/airflow/.local/lib/python3.12/site-packages/airflow/example_dags/example_branch_operator.py took 0.089 seconds
[2025-02-13T00:10:47.455+0000] {processor.py:186} INFO - Started process (PID=1213) to work on /home/airflow/.local/lib/python3.12/site-packages/airflow/example_dags/example_branch_operator.py
[2025-02-13T00:10:47.456+0000] {processor.py:914} INFO - Processing file /home/airflow/.local/lib/python3.12/site-packages/airflow/example_dags/example_branch_operator.py for tasks to queue
[2025-02-13T00:10:47.458+0000] {logging_mixin.py:190} INFO - [2025-02-13T00:10:47.457+0000] {dagbag.py:588} INFO - Filling up the DagBag from /home/airflow/.local/lib/python3.12/site-packages/airflow/example_dags/example_branch_operator.py
[2025-02-13T00:10:47.483+0000] {processor.py:925} INFO - DAG(s) 'example_branch_operator' retrieved from /home/airflow/.local/lib/python3.12/site-packages/airflow/example_dags/example_branch_operator.py
[2025-02-13T00:10:47.515+0000] {logging_mixin.py:190} INFO - [2025-02-13T00:10:47.514+0000] {dag.py:3239} INFO - Sync 1 DAGs
[2025-02-13T00:10:47.541+0000] {logging_mixin.py:190} INFO - [2025-02-13T00:10:47.541+0000] {dag.py:4180} INFO - Setting next_dagrun for example_branch_operator to 2025-02-12 00:00:00+00:00, run_after=2025-02-13 00:00:00+00:00
[2025-02-13T00:10:47.555+0000] {processor.py:208} INFO - Processing /home/airflow/.local/lib/python3.12/site-packages/airflow/example_dags/example_branch_operator.py took 0.109 seconds
[2025-02-13T00:11:17.810+0000] {processor.py:186} INFO - Started process (PID=1271) to work on /home/airflow/.local/lib/python3.12/site-packages/airflow/example_dags/example_branch_operator.py
[2025-02-13T00:11:17.811+0000] {processor.py:914} INFO - Processing file /home/airflow/.local/lib/python3.12/site-packages/airflow/example_dags/example_branch_operator.py for tasks to queue
[2025-02-13T00:11:17.813+0000] {logging_mixin.py:190} INFO - [2025-02-13T00:11:17.813+0000] {dagbag.py:588} INFO - Filling up the DagBag from /home/airflow/.local/lib/python3.12/site-packages/airflow/example_dags/example_branch_operator.py
[2025-02-13T00:11:17.828+0000] {processor.py:925} INFO - DAG(s) 'example_branch_operator' retrieved from /home/airflow/.local/lib/python3.12/site-packages/airflow/example_dags/example_branch_operator.py
[2025-02-13T00:11:17.853+0000] {logging_mixin.py:190} INFO - [2025-02-13T00:11:17.853+0000] {dag.py:3239} INFO - Sync 1 DAGs
[2025-02-13T00:11:17.874+0000] {logging_mixin.py:190} INFO - [2025-02-13T00:11:17.874+0000] {dag.py:4180} INFO - Setting next_dagrun for example_branch_operator to 2025-02-12 00:00:00+00:00, run_after=2025-02-13 00:00:00+00:00
[2025-02-13T00:11:17.888+0000] {processor.py:208} INFO - Processing /home/airflow/.local/lib/python3.12/site-packages/airflow/example_dags/example_branch_operator.py took 0.083 seconds
[2025-02-13T00:11:48.296+0000] {processor.py:186} INFO - Started process (PID=1329) to work on /home/airflow/.local/lib/python3.12/site-packages/airflow/example_dags/example_branch_operator.py
[2025-02-13T00:11:48.297+0000] {processor.py:914} INFO - Processing file /home/airflow/.local/lib/python3.12/site-packages/airflow/example_dags/example_branch_operator.py for tasks to queue
[2025-02-13T00:11:48.299+0000] {logging_mixin.py:190} INFO - [2025-02-13T00:11:48.298+0000] {dagbag.py:588} INFO - Filling up the DagBag from /home/airflow/.local/lib/python3.12/site-packages/airflow/example_dags/example_branch_operator.py
[2025-02-13T00:11:48.313+0000] {processor.py:925} INFO - DAG(s) 'example_branch_operator' retrieved from /home/airflow/.local/lib/python3.12/site-packages/airflow/example_dags/example_branch_operator.py
[2025-02-13T00:11:48.345+0000] {logging_mixin.py:190} INFO - [2025-02-13T00:11:48.344+0000] {dag.py:3239} INFO - Sync 1 DAGs
[2025-02-13T00:11:48.377+0000] {logging_mixin.py:190} INFO - [2025-02-13T00:11:48.377+0000] {dag.py:4180} INFO - Setting next_dagrun for example_branch_operator to 2025-02-12 00:00:00+00:00, run_after=2025-02-13 00:00:00+00:00
[2025-02-13T00:11:48.404+0000] {processor.py:208} INFO - Processing /home/airflow/.local/lib/python3.12/site-packages/airflow/example_dags/example_branch_operator.py took 0.112 seconds
[2025-02-13T00:12:18.826+0000] {processor.py:186} INFO - Started process (PID=1387) to work on /home/airflow/.local/lib/python3.12/site-packages/airflow/example_dags/example_branch_operator.py
[2025-02-13T00:12:18.826+0000] {processor.py:914} INFO - Processing file /home/airflow/.local/lib/python3.12/site-packages/airflow/example_dags/example_branch_operator.py for tasks to queue
[2025-02-13T00:12:18.828+0000] {logging_mixin.py:190} INFO - [2025-02-13T00:12:18.828+0000] {dagbag.py:588} INFO - Filling up the DagBag from /home/airflow/.local/lib/python3.12/site-packages/airflow/example_dags/example_branch_operator.py
[2025-02-13T00:12:18.857+0000] {processor.py:925} INFO - DAG(s) 'example_branch_operator' retrieved from /home/airflow/.local/lib/python3.12/site-packages/airflow/example_dags/example_branch_operator.py
[2025-02-13T00:12:18.900+0000] {logging_mixin.py:190} INFO - [2025-02-13T00:12:18.900+0000] {dag.py:3239} INFO - Sync 1 DAGs
[2025-02-13T00:12:18.922+0000] {logging_mixin.py:190} INFO - [2025-02-13T00:12:18.922+0000] {dag.py:4180} INFO - Setting next_dagrun for example_branch_operator to 2025-02-12 00:00:00+00:00, run_after=2025-02-13 00:00:00+00:00
[2025-02-13T00:12:18.936+0000] {processor.py:208} INFO - Processing /home/airflow/.local/lib/python3.12/site-packages/airflow/example_dags/example_branch_operator.py took 0.115 seconds
[2025-02-13T00:12:49.162+0000] {processor.py:186} INFO - Started process (PID=1445) to work on /home/airflow/.local/lib/python3.12/site-packages/airflow/example_dags/example_branch_operator.py
[2025-02-13T00:12:49.162+0000] {processor.py:914} INFO - Processing file /home/airflow/.local/lib/python3.12/site-packages/airflow/example_dags/example_branch_operator.py for tasks to queue
[2025-02-13T00:12:49.164+0000] {logging_mixin.py:190} INFO - [2025-02-13T00:12:49.164+0000] {dagbag.py:588} INFO - Filling up the DagBag from /home/airflow/.local/lib/python3.12/site-packages/airflow/example_dags/example_branch_operator.py
[2025-02-13T00:12:49.180+0000] {processor.py:925} INFO - DAG(s) 'example_branch_operator' retrieved from /home/airflow/.local/lib/python3.12/site-packages/airflow/example_dags/example_branch_operator.py
[2025-02-13T00:12:49.205+0000] {logging_mixin.py:190} INFO - [2025-02-13T00:12:49.204+0000] {dag.py:3239} INFO - Sync 1 DAGs
[2025-02-13T00:12:49.226+0000] {logging_mixin.py:190} INFO - [2025-02-13T00:12:49.225+0000] {dag.py:4180} INFO - Setting next_dagrun for example_branch_operator to 2025-02-12 00:00:00+00:00, run_after=2025-02-13 00:00:00+00:00
[2025-02-13T00:12:49.240+0000] {processor.py:208} INFO - Processing /home/airflow/.local/lib/python3.12/site-packages/airflow/example_dags/example_branch_operator.py took 0.083 seconds
[2025-02-13T00:13:19.386+0000] {processor.py:186} INFO - Started process (PID=1503) to work on /home/airflow/.local/lib/python3.12/site-packages/airflow/example_dags/example_branch_operator.py
[2025-02-13T00:13:19.386+0000] {processor.py:914} INFO - Processing file /home/airflow/.local/lib/python3.12/site-packages/airflow/example_dags/example_branch_operator.py for tasks to queue
[2025-02-13T00:13:19.388+0000] {logging_mixin.py:190} INFO - [2025-02-13T00:13:19.388+0000] {dagbag.py:588} INFO - Filling up the DagBag from /home/airflow/.local/lib/python3.12/site-packages/airflow/example_dags/example_branch_operator.py
[2025-02-13T00:13:19.404+0000] {processor.py:925} INFO - DAG(s) 'example_branch_operator' retrieved from /home/airflow/.local/lib/python3.12/site-packages/airflow/example_dags/example_branch_operator.py
[2025-02-13T00:13:19.429+0000] {logging_mixin.py:190} INFO - [2025-02-13T00:13:19.429+0000] {dag.py:3239} INFO - Sync 1 DAGs
[2025-02-13T00:13:19.453+0000] {logging_mixin.py:190} INFO - [2025-02-13T00:13:19.453+0000] {dag.py:4180} INFO - Setting next_dagrun for example_branch_operator to 2025-02-12 00:00:00+00:00, run_after=2025-02-13 00:00:00+00:00
[2025-02-13T00:13:19.474+0000] {processor.py:208} INFO - Processing /home/airflow/.local/lib/python3.12/site-packages/airflow/example_dags/example_branch_operator.py took 0.093 seconds
[2025-02-13T00:13:49.730+0000] {processor.py:186} INFO - Started process (PID=1561) to work on /home/airflow/.local/lib/python3.12/site-packages/airflow/example_dags/example_branch_operator.py
[2025-02-13T00:13:49.730+0000] {processor.py:914} INFO - Processing file /home/airflow/.local/lib/python3.12/site-packages/airflow/example_dags/example_branch_operator.py for tasks to queue
[2025-02-13T00:13:49.732+0000] {logging_mixin.py:190} INFO - [2025-02-13T00:13:49.732+0000] {dagbag.py:588} INFO - Filling up the DagBag from /home/airflow/.local/lib/python3.12/site-packages/airflow/example_dags/example_branch_operator.py
[2025-02-13T00:13:49.748+0000] {processor.py:925} INFO - DAG(s) 'example_branch_operator' retrieved from /home/airflow/.local/lib/python3.12/site-packages/airflow/example_dags/example_branch_operator.py
[2025-02-13T00:13:49.785+0000] {logging_mixin.py:190} INFO - [2025-02-13T00:13:49.785+0000] {dag.py:3239} INFO - Sync 1 DAGs
[2025-02-13T00:13:49.812+0000] {logging_mixin.py:190} INFO - [2025-02-13T00:13:49.811+0000] {dag.py:4180} INFO - Setting next_dagrun for example_branch_operator to 2025-02-12 00:00:00+00:00, run_after=2025-02-13 00:00:00+00:00
[2025-02-13T00:13:49.825+0000] {processor.py:208} INFO - Processing /home/airflow/.local/lib/python3.12/site-packages/airflow/example_dags/example_branch_operator.py took 0.100 seconds
[2025-02-13T00:14:20.573+0000] {processor.py:186} INFO - Started process (PID=1619) to work on /home/airflow/.local/lib/python3.12/site-packages/airflow/example_dags/example_branch_operator.py
[2025-02-13T00:14:20.574+0000] {processor.py:914} INFO - Processing file /home/airflow/.local/lib/python3.12/site-packages/airflow/example_dags/example_branch_operator.py for tasks to queue
[2025-02-13T00:14:20.575+0000] {logging_mixin.py:190} INFO - [2025-02-13T00:14:20.575+0000] {dagbag.py:588} INFO - Filling up the DagBag from /home/airflow/.local/lib/python3.12/site-packages/airflow/example_dags/example_branch_operator.py
[2025-02-13T00:14:20.591+0000] {processor.py:925} INFO - DAG(s) 'example_branch_operator' retrieved from /home/airflow/.local/lib/python3.12/site-packages/airflow/example_dags/example_branch_operator.py
[2025-02-13T00:14:20.616+0000] {logging_mixin.py:190} INFO - [2025-02-13T00:14:20.616+0000] {dag.py:3239} INFO - Sync 1 DAGs
[2025-02-13T00:14:20.637+0000] {logging_mixin.py:190} INFO - [2025-02-13T00:14:20.637+0000] {dag.py:4180} INFO - Setting next_dagrun for example_branch_operator to 2025-02-12 00:00:00+00:00, run_after=2025-02-13 00:00:00+00:00
[2025-02-13T00:14:20.652+0000] {processor.py:208} INFO - Processing /home/airflow/.local/lib/python3.12/site-packages/airflow/example_dags/example_branch_operator.py took 0.084 seconds
[2025-02-13T00:14:51.025+0000] {processor.py:186} INFO - Started process (PID=1677) to work on /home/airflow/.local/lib/python3.12/site-packages/airflow/example_dags/example_branch_operator.py
[2025-02-13T00:14:51.025+0000] {processor.py:914} INFO - Processing file /home/airflow/.local/lib/python3.12/site-packages/airflow/example_dags/example_branch_operator.py for tasks to queue
[2025-02-13T00:14:51.027+0000] {logging_mixin.py:190} INFO - [2025-02-13T00:14:51.027+0000] {dagbag.py:588} INFO - Filling up the DagBag from /home/airflow/.local/lib/python3.12/site-packages/airflow/example_dags/example_branch_operator.py
[2025-02-13T00:14:51.042+0000] {processor.py:925} INFO - DAG(s) 'example_branch_operator' retrieved from /home/airflow/.local/lib/python3.12/site-packages/airflow/example_dags/example_branch_operator.py
[2025-02-13T00:14:51.068+0000] {logging_mixin.py:190} INFO - [2025-02-13T00:14:51.067+0000] {dag.py:3239} INFO - Sync 1 DAGs
[2025-02-13T00:14:51.088+0000] {logging_mixin.py:190} INFO - [2025-02-13T00:14:51.087+0000] {dag.py:4180} INFO - Setting next_dagrun for example_branch_operator to 2025-02-12 00:00:00+00:00, run_after=2025-02-13 00:00:00+00:00
[2025-02-13T00:14:51.103+0000] {processor.py:208} INFO - Processing /home/airflow/.local/lib/python3.12/site-packages/airflow/example_dags/example_branch_operator.py took 0.083 seconds
[2025-02-13T00:15:21.328+0000] {processor.py:186} INFO - Started process (PID=1735) to work on /home/airflow/.local/lib/python3.12/site-packages/airflow/example_dags/example_branch_operator.py
[2025-02-13T00:15:21.329+0000] {processor.py:914} INFO - Processing file /home/airflow/.local/lib/python3.12/site-packages/airflow/example_dags/example_branch_operator.py for tasks to queue
[2025-02-13T00:15:21.330+0000] {logging_mixin.py:190} INFO - [2025-02-13T00:15:21.330+0000] {dagbag.py:588} INFO - Filling up the DagBag from /home/airflow/.local/lib/python3.12/site-packages/airflow/example_dags/example_branch_operator.py
[2025-02-13T00:15:21.345+0000] {processor.py:925} INFO - DAG(s) 'example_branch_operator' retrieved from /home/airflow/.local/lib/python3.12/site-packages/airflow/example_dags/example_branch_operator.py
[2025-02-13T00:15:21.377+0000] {logging_mixin.py:190} INFO - [2025-02-13T00:15:21.376+0000] {dag.py:3239} INFO - Sync 1 DAGs
[2025-02-13T00:15:21.411+0000] {logging_mixin.py:190} INFO - [2025-02-13T00:15:21.410+0000] {dag.py:4180} INFO - Setting next_dagrun for example_branch_operator to 2025-02-12 00:00:00+00:00, run_after=2025-02-13 00:00:00+00:00
[2025-02-13T00:15:21.428+0000] {processor.py:208} INFO - Processing /home/airflow/.local/lib/python3.12/site-packages/airflow/example_dags/example_branch_operator.py took 0.105 seconds
[2025-02-13T00:15:51.667+0000] {processor.py:186} INFO - Started process (PID=1793) to work on /home/airflow/.local/lib/python3.12/site-packages/airflow/example_dags/example_branch_operator.py
[2025-02-13T00:15:51.667+0000] {processor.py:914} INFO - Processing file /home/airflow/.local/lib/python3.12/site-packages/airflow/example_dags/example_branch_operator.py for tasks to queue
[2025-02-13T00:15:51.669+0000] {logging_mixin.py:190} INFO - [2025-02-13T00:15:51.669+0000] {dagbag.py:588} INFO - Filling up the DagBag from /home/airflow/.local/lib/python3.12/site-packages/airflow/example_dags/example_branch_operator.py
[2025-02-13T00:15:51.685+0000] {processor.py:925} INFO - DAG(s) 'example_branch_operator' retrieved from /home/airflow/.local/lib/python3.12/site-packages/airflow/example_dags/example_branch_operator.py
[2025-02-13T00:15:51.709+0000] {logging_mixin.py:190} INFO - [2025-02-13T00:15:51.709+0000] {dag.py:3239} INFO - Sync 1 DAGs
[2025-02-13T00:15:51.731+0000] {logging_mixin.py:190} INFO - [2025-02-13T00:15:51.731+0000] {dag.py:4180} INFO - Setting next_dagrun for example_branch_operator to 2025-02-12 00:00:00+00:00, run_after=2025-02-13 00:00:00+00:00
[2025-02-13T00:15:51.745+0000] {processor.py:208} INFO - Processing /home/airflow/.local/lib/python3.12/site-packages/airflow/example_dags/example_branch_operator.py took 0.083 seconds
[2025-02-13T00:16:21.924+0000] {processor.py:186} INFO - Started process (PID=1851) to work on /home/airflow/.local/lib/python3.12/site-packages/airflow/example_dags/example_branch_operator.py
[2025-02-13T00:16:21.924+0000] {processor.py:914} INFO - Processing file /home/airflow/.local/lib/python3.12/site-packages/airflow/example_dags/example_branch_operator.py for tasks to queue
[2025-02-13T00:16:21.926+0000] {logging_mixin.py:190} INFO - [2025-02-13T00:16:21.926+0000] {dagbag.py:588} INFO - Filling up the DagBag from /home/airflow/.local/lib/python3.12/site-packages/airflow/example_dags/example_branch_operator.py
[2025-02-13T00:16:21.941+0000] {processor.py:925} INFO - DAG(s) 'example_branch_operator' retrieved from /home/airflow/.local/lib/python3.12/site-packages/airflow/example_dags/example_branch_operator.py
[2025-02-13T00:16:21.965+0000] {logging_mixin.py:190} INFO - [2025-02-13T00:16:21.964+0000] {dag.py:3239} INFO - Sync 1 DAGs
[2025-02-13T00:16:21.984+0000] {logging_mixin.py:190} INFO - [2025-02-13T00:16:21.984+0000] {dag.py:4180} INFO - Setting next_dagrun for example_branch_operator to 2025-02-12 00:00:00+00:00, run_after=2025-02-13 00:00:00+00:00
[2025-02-13T00:16:21.998+0000] {processor.py:208} INFO - Processing /home/airflow/.local/lib/python3.12/site-packages/airflow/example_dags/example_branch_operator.py took 0.079 seconds
[2025-02-13T00:16:52.193+0000] {processor.py:186} INFO - Started process (PID=1909) to work on /home/airflow/.local/lib/python3.12/site-packages/airflow/example_dags/example_branch_operator.py
[2025-02-13T00:16:52.194+0000] {processor.py:914} INFO - Processing file /home/airflow/.local/lib/python3.12/site-packages/airflow/example_dags/example_branch_operator.py for tasks to queue
[2025-02-13T00:16:52.195+0000] {logging_mixin.py:190} INFO - [2025-02-13T00:16:52.195+0000] {dagbag.py:588} INFO - Filling up the DagBag from /home/airflow/.local/lib/python3.12/site-packages/airflow/example_dags/example_branch_operator.py
[2025-02-13T00:16:52.212+0000] {processor.py:925} INFO - DAG(s) 'example_branch_operator' retrieved from /home/airflow/.local/lib/python3.12/site-packages/airflow/example_dags/example_branch_operator.py
[2025-02-13T00:16:52.260+0000] {logging_mixin.py:190} INFO - [2025-02-13T00:16:52.259+0000] {dag.py:3239} INFO - Sync 1 DAGs
[2025-02-13T00:16:52.291+0000] {logging_mixin.py:190} INFO - [2025-02-13T00:16:52.291+0000] {dag.py:4180} INFO - Setting next_dagrun for example_branch_operator to 2025-02-12 00:00:00+00:00, run_after=2025-02-13 00:00:00+00:00
[2025-02-13T00:16:52.310+0000] {processor.py:208} INFO - Processing /home/airflow/.local/lib/python3.12/site-packages/airflow/example_dags/example_branch_operator.py took 0.122 seconds
[2025-02-13T00:17:22.517+0000] {processor.py:186} INFO - Started process (PID=1967) to work on /home/airflow/.local/lib/python3.12/site-packages/airflow/example_dags/example_branch_operator.py
[2025-02-13T00:17:22.518+0000] {processor.py:914} INFO - Processing file /home/airflow/.local/lib/python3.12/site-packages/airflow/example_dags/example_branch_operator.py for tasks to queue
[2025-02-13T00:17:22.519+0000] {logging_mixin.py:190} INFO - [2025-02-13T00:17:22.519+0000] {dagbag.py:588} INFO - Filling up the DagBag from /home/airflow/.local/lib/python3.12/site-packages/airflow/example_dags/example_branch_operator.py
[2025-02-13T00:17:22.535+0000] {processor.py:925} INFO - DAG(s) 'example_branch_operator' retrieved from /home/airflow/.local/lib/python3.12/site-packages/airflow/example_dags/example_branch_operator.py
[2025-02-13T00:17:22.562+0000] {logging_mixin.py:190} INFO - [2025-02-13T00:17:22.562+0000] {dag.py:3239} INFO - Sync 1 DAGs
[2025-02-13T00:17:22.588+0000] {logging_mixin.py:190} INFO - [2025-02-13T00:17:22.587+0000] {dag.py:4180} INFO - Setting next_dagrun for example_branch_operator to 2025-02-12 00:00:00+00:00, run_after=2025-02-13 00:00:00+00:00
[2025-02-13T00:17:22.604+0000] {processor.py:208} INFO - Processing /home/airflow/.local/lib/python3.12/site-packages/airflow/example_dags/example_branch_operator.py took 0.092 seconds
[2025-02-13T00:17:52.748+0000] {processor.py:186} INFO - Started process (PID=2025) to work on /home/airflow/.local/lib/python3.12/site-packages/airflow/example_dags/example_branch_operator.py
[2025-02-13T00:17:52.749+0000] {processor.py:914} INFO - Processing file /home/airflow/.local/lib/python3.12/site-packages/airflow/example_dags/example_branch_operator.py for tasks to queue
[2025-02-13T00:17:52.750+0000] {logging_mixin.py:190} INFO - [2025-02-13T00:17:52.750+0000] {dagbag.py:588} INFO - Filling up the DagBag from /home/airflow/.local/lib/python3.12/site-packages/airflow/example_dags/example_branch_operator.py
[2025-02-13T00:17:52.766+0000] {processor.py:925} INFO - DAG(s) 'example_branch_operator' retrieved from /home/airflow/.local/lib/python3.12/site-packages/airflow/example_dags/example_branch_operator.py
[2025-02-13T00:17:52.791+0000] {logging_mixin.py:190} INFO - [2025-02-13T00:17:52.790+0000] {dag.py:3239} INFO - Sync 1 DAGs
[2025-02-13T00:17:52.812+0000] {logging_mixin.py:190} INFO - [2025-02-13T00:17:52.812+0000] {dag.py:4180} INFO - Setting next_dagrun for example_branch_operator to 2025-02-12 00:00:00+00:00, run_after=2025-02-13 00:00:00+00:00
[2025-02-13T00:17:52.826+0000] {processor.py:208} INFO - Processing /home/airflow/.local/lib/python3.12/site-packages/airflow/example_dags/example_branch_operator.py took 0.082 seconds
[2025-02-13T00:18:23.093+0000] {processor.py:186} INFO - Started process (PID=2083) to work on /home/airflow/.local/lib/python3.12/site-packages/airflow/example_dags/example_branch_operator.py
[2025-02-13T00:18:23.094+0000] {processor.py:914} INFO - Processing file /home/airflow/.local/lib/python3.12/site-packages/airflow/example_dags/example_branch_operator.py for tasks to queue
[2025-02-13T00:18:23.096+0000] {logging_mixin.py:190} INFO - [2025-02-13T00:18:23.096+0000] {dagbag.py:588} INFO - Filling up the DagBag from /home/airflow/.local/lib/python3.12/site-packages/airflow/example_dags/example_branch_operator.py
[2025-02-13T00:18:23.112+0000] {processor.py:925} INFO - DAG(s) 'example_branch_operator' retrieved from /home/airflow/.local/lib/python3.12/site-packages/airflow/example_dags/example_branch_operator.py
[2025-02-13T00:18:23.137+0000] {logging_mixin.py:190} INFO - [2025-02-13T00:18:23.136+0000] {dag.py:3239} INFO - Sync 1 DAGs
[2025-02-13T00:18:23.159+0000] {logging_mixin.py:190} INFO - [2025-02-13T00:18:23.159+0000] {dag.py:4180} INFO - Setting next_dagrun for example_branch_operator to 2025-02-12 00:00:00+00:00, run_after=2025-02-13 00:00:00+00:00
[2025-02-13T00:18:23.173+0000] {processor.py:208} INFO - Processing /home/airflow/.local/lib/python3.12/site-packages/airflow/example_dags/example_branch_operator.py took 0.087 seconds
[2025-02-13T00:18:53.316+0000] {processor.py:186} INFO - Started process (PID=2141) to work on /home/airflow/.local/lib/python3.12/site-packages/airflow/example_dags/example_branch_operator.py
[2025-02-13T00:18:53.317+0000] {processor.py:914} INFO - Processing file /home/airflow/.local/lib/python3.12/site-packages/airflow/example_dags/example_branch_operator.py for tasks to queue
[2025-02-13T00:18:53.319+0000] {logging_mixin.py:190} INFO - [2025-02-13T00:18:53.318+0000] {dagbag.py:588} INFO - Filling up the DagBag from /home/airflow/.local/lib/python3.12/site-packages/airflow/example_dags/example_branch_operator.py
[2025-02-13T00:18:53.334+0000] {processor.py:925} INFO - DAG(s) 'example_branch_operator' retrieved from /home/airflow/.local/lib/python3.12/site-packages/airflow/example_dags/example_branch_operator.py
[2025-02-13T00:18:53.359+0000] {logging_mixin.py:190} INFO - [2025-02-13T00:18:53.359+0000] {dag.py:3239} INFO - Sync 1 DAGs
[2025-02-13T00:18:53.382+0000] {logging_mixin.py:190} INFO - [2025-02-13T00:18:53.382+0000] {dag.py:4180} INFO - Setting next_dagrun for example_branch_operator to 2025-02-12 00:00:00+00:00, run_after=2025-02-13 00:00:00+00:00
[2025-02-13T00:18:53.396+0000] {processor.py:208} INFO - Processing /home/airflow/.local/lib/python3.12/site-packages/airflow/example_dags/example_branch_operator.py took 0.085 seconds
[2025-02-13T00:19:23.592+0000] {processor.py:186} INFO - Started process (PID=2199) to work on /home/airflow/.local/lib/python3.12/site-packages/airflow/example_dags/example_branch_operator.py
[2025-02-13T00:19:23.592+0000] {processor.py:914} INFO - Processing file /home/airflow/.local/lib/python3.12/site-packages/airflow/example_dags/example_branch_operator.py for tasks to queue
[2025-02-13T00:19:23.594+0000] {logging_mixin.py:190} INFO - [2025-02-13T00:19:23.594+0000] {dagbag.py:588} INFO - Filling up the DagBag from /home/airflow/.local/lib/python3.12/site-packages/airflow/example_dags/example_branch_operator.py
[2025-02-13T00:19:23.609+0000] {processor.py:925} INFO - DAG(s) 'example_branch_operator' retrieved from /home/airflow/.local/lib/python3.12/site-packages/airflow/example_dags/example_branch_operator.py
[2025-02-13T00:19:23.634+0000] {logging_mixin.py:190} INFO - [2025-02-13T00:19:23.633+0000] {dag.py:3239} INFO - Sync 1 DAGs
[2025-02-13T00:19:23.656+0000] {logging_mixin.py:190} INFO - [2025-02-13T00:19:23.656+0000] {dag.py:4180} INFO - Setting next_dagrun for example_branch_operator to 2025-02-12 00:00:00+00:00, run_after=2025-02-13 00:00:00+00:00
[2025-02-13T00:19:23.670+0000] {processor.py:208} INFO - Processing /home/airflow/.local/lib/python3.12/site-packages/airflow/example_dags/example_branch_operator.py took 0.083 seconds
[2025-02-13T00:19:53.708+0000] {processor.py:186} INFO - Started process (PID=2257) to work on /home/airflow/.local/lib/python3.12/site-packages/airflow/example_dags/example_branch_operator.py
[2025-02-13T00:19:53.708+0000] {processor.py:914} INFO - Processing file /home/airflow/.local/lib/python3.12/site-packages/airflow/example_dags/example_branch_operator.py for tasks to queue
[2025-02-13T00:19:53.710+0000] {logging_mixin.py:190} INFO - [2025-02-13T00:19:53.710+0000] {dagbag.py:588} INFO - Filling up the DagBag from /home/airflow/.local/lib/python3.12/site-packages/airflow/example_dags/example_branch_operator.py
[2025-02-13T00:19:53.725+0000] {processor.py:925} INFO - DAG(s) 'example_branch_operator' retrieved from /home/airflow/.local/lib/python3.12/site-packages/airflow/example_dags/example_branch_operator.py
[2025-02-13T00:19:53.750+0000] {logging_mixin.py:190} INFO - [2025-02-13T00:19:53.750+0000] {dag.py:3239} INFO - Sync 1 DAGs
[2025-02-13T00:19:53.770+0000] {logging_mixin.py:190} INFO - [2025-02-13T00:19:53.770+0000] {dag.py:4180} INFO - Setting next_dagrun for example_branch_operator to 2025-02-12 00:00:00+00:00, run_after=2025-02-13 00:00:00+00:00
[2025-02-13T00:19:53.787+0000] {processor.py:208} INFO - Processing /home/airflow/.local/lib/python3.12/site-packages/airflow/example_dags/example_branch_operator.py took 0.084 seconds
[2025-02-13T00:20:23.964+0000] {processor.py:186} INFO - Started process (PID=2315) to work on /home/airflow/.local/lib/python3.12/site-packages/airflow/example_dags/example_branch_operator.py
[2025-02-13T00:20:23.964+0000] {processor.py:914} INFO - Processing file /home/airflow/.local/lib/python3.12/site-packages/airflow/example_dags/example_branch_operator.py for tasks to queue
[2025-02-13T00:20:23.966+0000] {logging_mixin.py:190} INFO - [2025-02-13T00:20:23.966+0000] {dagbag.py:588} INFO - Filling up the DagBag from /home/airflow/.local/lib/python3.12/site-packages/airflow/example_dags/example_branch_operator.py
[2025-02-13T00:20:23.986+0000] {processor.py:925} INFO - DAG(s) 'example_branch_operator' retrieved from /home/airflow/.local/lib/python3.12/site-packages/airflow/example_dags/example_branch_operator.py
[2025-02-13T00:20:24.011+0000] {logging_mixin.py:190} INFO - [2025-02-13T00:20:24.011+0000] {dag.py:3239} INFO - Sync 1 DAGs
[2025-02-13T00:20:24.031+0000] {logging_mixin.py:190} INFO - [2025-02-13T00:20:24.031+0000] {dag.py:4180} INFO - Setting next_dagrun for example_branch_operator to 2025-02-12 00:00:00+00:00, run_after=2025-02-13 00:00:00+00:00
[2025-02-13T00:20:24.046+0000] {processor.py:208} INFO - Processing /home/airflow/.local/lib/python3.12/site-packages/airflow/example_dags/example_branch_operator.py took 0.088 seconds
[2025-02-13T00:20:54.256+0000] {processor.py:186} INFO - Started process (PID=2373) to work on /home/airflow/.local/lib/python3.12/site-packages/airflow/example_dags/example_branch_operator.py
[2025-02-13T00:20:54.256+0000] {processor.py:914} INFO - Processing file /home/airflow/.local/lib/python3.12/site-packages/airflow/example_dags/example_branch_operator.py for tasks to queue
[2025-02-13T00:20:54.258+0000] {logging_mixin.py:190} INFO - [2025-02-13T00:20:54.258+0000] {dagbag.py:588} INFO - Filling up the DagBag from /home/airflow/.local/lib/python3.12/site-packages/airflow/example_dags/example_branch_operator.py
[2025-02-13T00:20:54.273+0000] {processor.py:925} INFO - DAG(s) 'example_branch_operator' retrieved from /home/airflow/.local/lib/python3.12/site-packages/airflow/example_dags/example_branch_operator.py
[2025-02-13T00:20:54.306+0000] {logging_mixin.py:190} INFO - [2025-02-13T00:20:54.306+0000] {dag.py:3239} INFO - Sync 1 DAGs
[2025-02-13T00:20:54.327+0000] {logging_mixin.py:190} INFO - [2025-02-13T00:20:54.327+0000] {dag.py:4180} INFO - Setting next_dagrun for example_branch_operator to 2025-02-12 00:00:00+00:00, run_after=2025-02-13 00:00:00+00:00
[2025-02-13T00:20:54.341+0000] {processor.py:208} INFO - Processing /home/airflow/.local/lib/python3.12/site-packages/airflow/example_dags/example_branch_operator.py took 0.090 seconds
[2025-02-13T00:21:24.498+0000] {processor.py:186} INFO - Started process (PID=2431) to work on /home/airflow/.local/lib/python3.12/site-packages/airflow/example_dags/example_branch_operator.py
[2025-02-13T00:21:24.499+0000] {processor.py:914} INFO - Processing file /home/airflow/.local/lib/python3.12/site-packages/airflow/example_dags/example_branch_operator.py for tasks to queue
[2025-02-13T00:21:24.501+0000] {logging_mixin.py:190} INFO - [2025-02-13T00:21:24.501+0000] {dagbag.py:588} INFO - Filling up the DagBag from /home/airflow/.local/lib/python3.12/site-packages/airflow/example_dags/example_branch_operator.py
[2025-02-13T00:21:24.516+0000] {processor.py:925} INFO - DAG(s) 'example_branch_operator' retrieved from /home/airflow/.local/lib/python3.12/site-packages/airflow/example_dags/example_branch_operator.py
[2025-02-13T00:21:24.544+0000] {logging_mixin.py:190} INFO - [2025-02-13T00:21:24.543+0000] {dag.py:3239} INFO - Sync 1 DAGs
[2025-02-13T00:21:24.564+0000] {logging_mixin.py:190} INFO - [2025-02-13T00:21:24.564+0000] {dag.py:4180} INFO - Setting next_dagrun for example_branch_operator to 2025-02-12 00:00:00+00:00, run_after=2025-02-13 00:00:00+00:00
[2025-02-13T00:21:24.577+0000] {processor.py:208} INFO - Processing /home/airflow/.local/lib/python3.12/site-packages/airflow/example_dags/example_branch_operator.py took 0.084 seconds
[2025-02-13T00:21:54.849+0000] {processor.py:186} INFO - Started process (PID=2489) to work on /home/airflow/.local/lib/python3.12/site-packages/airflow/example_dags/example_branch_operator.py
[2025-02-13T00:21:54.850+0000] {processor.py:914} INFO - Processing file /home/airflow/.local/lib/python3.12/site-packages/airflow/example_dags/example_branch_operator.py for tasks to queue
[2025-02-13T00:21:54.851+0000] {logging_mixin.py:190} INFO - [2025-02-13T00:21:54.851+0000] {dagbag.py:588} INFO - Filling up the DagBag from /home/airflow/.local/lib/python3.12/site-packages/airflow/example_dags/example_branch_operator.py
[2025-02-13T00:21:54.867+0000] {processor.py:925} INFO - DAG(s) 'example_branch_operator' retrieved from /home/airflow/.local/lib/python3.12/site-packages/airflow/example_dags/example_branch_operator.py
[2025-02-13T00:21:54.900+0000] {logging_mixin.py:190} INFO - [2025-02-13T00:21:54.900+0000] {dag.py:3239} INFO - Sync 1 DAGs
[2025-02-13T00:21:54.921+0000] {logging_mixin.py:190} INFO - [2025-02-13T00:21:54.920+0000] {dag.py:4180} INFO - Setting next_dagrun for example_branch_operator to 2025-02-12 00:00:00+00:00, run_after=2025-02-13 00:00:00+00:00
[2025-02-13T00:21:54.934+0000] {processor.py:208} INFO - Processing /home/airflow/.local/lib/python3.12/site-packages/airflow/example_dags/example_branch_operator.py took 0.090 seconds
[2025-02-13T00:22:25.077+0000] {processor.py:186} INFO - Started process (PID=2547) to work on /home/airflow/.local/lib/python3.12/site-packages/airflow/example_dags/example_branch_operator.py
[2025-02-13T00:22:25.078+0000] {processor.py:914} INFO - Processing file /home/airflow/.local/lib/python3.12/site-packages/airflow/example_dags/example_branch_operator.py for tasks to queue
[2025-02-13T00:22:25.080+0000] {logging_mixin.py:190} INFO - [2025-02-13T00:22:25.080+0000] {dagbag.py:588} INFO - Filling up the DagBag from /home/airflow/.local/lib/python3.12/site-packages/airflow/example_dags/example_branch_operator.py
[2025-02-13T00:22:25.095+0000] {processor.py:925} INFO - DAG(s) 'example_branch_operator' retrieved from /home/airflow/.local/lib/python3.12/site-packages/airflow/example_dags/example_branch_operator.py
[2025-02-13T00:22:25.119+0000] {logging_mixin.py:190} INFO - [2025-02-13T00:22:25.119+0000] {dag.py:3239} INFO - Sync 1 DAGs
[2025-02-13T00:22:25.139+0000] {logging_mixin.py:190} INFO - [2025-02-13T00:22:25.139+0000] {dag.py:4180} INFO - Setting next_dagrun for example_branch_operator to 2025-02-12 00:00:00+00:00, run_after=2025-02-13 00:00:00+00:00
[2025-02-13T00:22:25.168+0000] {processor.py:208} INFO - Processing /home/airflow/.local/lib/python3.12/site-packages/airflow/example_dags/example_branch_operator.py took 0.097 seconds
[2025-02-13T00:22:55.356+0000] {processor.py:186} INFO - Started process (PID=2605) to work on /home/airflow/.local/lib/python3.12/site-packages/airflow/example_dags/example_branch_operator.py
[2025-02-13T00:22:55.357+0000] {processor.py:914} INFO - Processing file /home/airflow/.local/lib/python3.12/site-packages/airflow/example_dags/example_branch_operator.py for tasks to queue
[2025-02-13T00:22:55.359+0000] {logging_mixin.py:190} INFO - [2025-02-13T00:22:55.358+0000] {dagbag.py:588} INFO - Filling up the DagBag from /home/airflow/.local/lib/python3.12/site-packages/airflow/example_dags/example_branch_operator.py
[2025-02-13T00:22:55.374+0000] {processor.py:925} INFO - DAG(s) 'example_branch_operator' retrieved from /home/airflow/.local/lib/python3.12/site-packages/airflow/example_dags/example_branch_operator.py
[2025-02-13T00:22:55.401+0000] {logging_mixin.py:190} INFO - [2025-02-13T00:22:55.400+0000] {dag.py:3239} INFO - Sync 1 DAGs
[2025-02-13T00:22:55.421+0000] {logging_mixin.py:190} INFO - [2025-02-13T00:22:55.420+0000] {dag.py:4180} INFO - Setting next_dagrun for example_branch_operator to 2025-02-12 00:00:00+00:00, run_after=2025-02-13 00:00:00+00:00
[2025-02-13T00:22:55.435+0000] {processor.py:208} INFO - Processing /home/airflow/.local/lib/python3.12/site-packages/airflow/example_dags/example_branch_operator.py took 0.084 seconds
[2025-02-13T00:23:25.681+0000] {processor.py:186} INFO - Started process (PID=2663) to work on /home/airflow/.local/lib/python3.12/site-packages/airflow/example_dags/example_branch_operator.py
[2025-02-13T00:23:25.681+0000] {processor.py:914} INFO - Processing file /home/airflow/.local/lib/python3.12/site-packages/airflow/example_dags/example_branch_operator.py for tasks to queue
[2025-02-13T00:23:25.683+0000] {logging_mixin.py:190} INFO - [2025-02-13T00:23:25.683+0000] {dagbag.py:588} INFO - Filling up the DagBag from /home/airflow/.local/lib/python3.12/site-packages/airflow/example_dags/example_branch_operator.py
[2025-02-13T00:23:25.699+0000] {processor.py:925} INFO - DAG(s) 'example_branch_operator' retrieved from /home/airflow/.local/lib/python3.12/site-packages/airflow/example_dags/example_branch_operator.py
[2025-02-13T00:23:25.726+0000] {logging_mixin.py:190} INFO - [2025-02-13T00:23:25.725+0000] {dag.py:3239} INFO - Sync 1 DAGs
[2025-02-13T00:23:25.747+0000] {logging_mixin.py:190} INFO - [2025-02-13T00:23:25.746+0000] {dag.py:4180} INFO - Setting next_dagrun for example_branch_operator to 2025-02-12 00:00:00+00:00, run_after=2025-02-13 00:00:00+00:00
[2025-02-13T00:23:25.761+0000] {processor.py:208} INFO - Processing /home/airflow/.local/lib/python3.12/site-packages/airflow/example_dags/example_branch_operator.py took 0.085 seconds
[2025-02-13T00:23:55.927+0000] {processor.py:186} INFO - Started process (PID=2721) to work on /home/airflow/.local/lib/python3.12/site-packages/airflow/example_dags/example_branch_operator.py
[2025-02-13T00:23:55.928+0000] {processor.py:914} INFO - Processing file /home/airflow/.local/lib/python3.12/site-packages/airflow/example_dags/example_branch_operator.py for tasks to queue
[2025-02-13T00:23:55.929+0000] {logging_mixin.py:190} INFO - [2025-02-13T00:23:55.929+0000] {dagbag.py:588} INFO - Filling up the DagBag from /home/airflow/.local/lib/python3.12/site-packages/airflow/example_dags/example_branch_operator.py
[2025-02-13T00:23:55.944+0000] {processor.py:925} INFO - DAG(s) 'example_branch_operator' retrieved from /home/airflow/.local/lib/python3.12/site-packages/airflow/example_dags/example_branch_operator.py
[2025-02-13T00:23:55.969+0000] {logging_mixin.py:190} INFO - [2025-02-13T00:23:55.969+0000] {dag.py:3239} INFO - Sync 1 DAGs
[2025-02-13T00:23:55.998+0000] {logging_mixin.py:190} INFO - [2025-02-13T00:23:55.998+0000] {dag.py:4180} INFO - Setting next_dagrun for example_branch_operator to 2025-02-12 00:00:00+00:00, run_after=2025-02-13 00:00:00+00:00
[2025-02-13T00:23:56.012+0000] {processor.py:208} INFO - Processing /home/airflow/.local/lib/python3.12/site-packages/airflow/example_dags/example_branch_operator.py took 0.090 seconds
[2025-02-13T00:24:26.340+0000] {processor.py:186} INFO - Started process (PID=2779) to work on /home/airflow/.local/lib/python3.12/site-packages/airflow/example_dags/example_branch_operator.py
[2025-02-13T00:24:26.340+0000] {processor.py:914} INFO - Processing file /home/airflow/.local/lib/python3.12/site-packages/airflow/example_dags/example_branch_operator.py for tasks to queue
[2025-02-13T00:24:26.342+0000] {logging_mixin.py:190} INFO - [2025-02-13T00:24:26.342+0000] {dagbag.py:588} INFO - Filling up the DagBag from /home/airflow/.local/lib/python3.12/site-packages/airflow/example_dags/example_branch_operator.py
[2025-02-13T00:24:26.357+0000] {processor.py:925} INFO - DAG(s) 'example_branch_operator' retrieved from /home/airflow/.local/lib/python3.12/site-packages/airflow/example_dags/example_branch_operator.py
[2025-02-13T00:24:26.384+0000] {logging_mixin.py:190} INFO - [2025-02-13T00:24:26.384+0000] {dag.py:3239} INFO - Sync 1 DAGs
[2025-02-13T00:24:26.404+0000] {logging_mixin.py:190} INFO - [2025-02-13T00:24:26.404+0000] {dag.py:4180} INFO - Setting next_dagrun for example_branch_operator to 2025-02-12 00:00:00+00:00, run_after=2025-02-13 00:00:00+00:00
[2025-02-13T00:24:26.417+0000] {processor.py:208} INFO - Processing /home/airflow/.local/lib/python3.12/site-packages/airflow/example_dags/example_branch_operator.py took 0.083 seconds
[2025-02-13T00:24:56.564+0000] {processor.py:186} INFO - Started process (PID=2837) to work on /home/airflow/.local/lib/python3.12/site-packages/airflow/example_dags/example_branch_operator.py
[2025-02-13T00:24:56.565+0000] {processor.py:914} INFO - Processing file /home/airflow/.local/lib/python3.12/site-packages/airflow/example_dags/example_branch_operator.py for tasks to queue
[2025-02-13T00:24:56.566+0000] {logging_mixin.py:190} INFO - [2025-02-13T00:24:56.566+0000] {dagbag.py:588} INFO - Filling up the DagBag from /home/airflow/.local/lib/python3.12/site-packages/airflow/example_dags/example_branch_operator.py
[2025-02-13T00:24:56.582+0000] {processor.py:925} INFO - DAG(s) 'example_branch_operator' retrieved from /home/airflow/.local/lib/python3.12/site-packages/airflow/example_dags/example_branch_operator.py
[2025-02-13T00:24:56.606+0000] {logging_mixin.py:190} INFO - [2025-02-13T00:24:56.606+0000] {dag.py:3239} INFO - Sync 1 DAGs
[2025-02-13T00:24:56.627+0000] {logging_mixin.py:190} INFO - [2025-02-13T00:24:56.626+0000] {dag.py:4180} INFO - Setting next_dagrun for example_branch_operator to 2025-02-12 00:00:00+00:00, run_after=2025-02-13 00:00:00+00:00
[2025-02-13T00:24:56.640+0000] {processor.py:208} INFO - Processing /home/airflow/.local/lib/python3.12/site-packages/airflow/example_dags/example_branch_operator.py took 0.081 seconds
[2025-02-13T00:25:26.772+0000] {processor.py:186} INFO - Started process (PID=2885) to work on /home/airflow/.local/lib/python3.12/site-packages/airflow/example_dags/example_branch_operator.py
[2025-02-13T00:25:26.773+0000] {processor.py:914} INFO - Processing file /home/airflow/.local/lib/python3.12/site-packages/airflow/example_dags/example_branch_operator.py for tasks to queue
[2025-02-13T00:25:26.775+0000] {logging_mixin.py:190} INFO - [2025-02-13T00:25:26.775+0000] {dagbag.py:588} INFO - Filling up the DagBag from /home/airflow/.local/lib/python3.12/site-packages/airflow/example_dags/example_branch_operator.py
[2025-02-13T00:25:26.798+0000] {processor.py:925} INFO - DAG(s) 'example_branch_operator' retrieved from /home/airflow/.local/lib/python3.12/site-packages/airflow/example_dags/example_branch_operator.py
[2025-02-13T00:25:26.838+0000] {logging_mixin.py:190} INFO - [2025-02-13T00:25:26.837+0000] {dag.py:3239} INFO - Sync 1 DAGs
[2025-02-13T00:25:26.867+0000] {logging_mixin.py:190} INFO - [2025-02-13T00:25:26.866+0000] {dag.py:4180} INFO - Setting next_dagrun for example_branch_operator to 2025-02-12 00:00:00+00:00, run_after=2025-02-13 00:00:00+00:00
[2025-02-13T00:25:26.885+0000] {processor.py:208} INFO - Processing /home/airflow/.local/lib/python3.12/site-packages/airflow/example_dags/example_branch_operator.py took 0.121 seconds
[2025-02-13T00:25:57.294+0000] {processor.py:186} INFO - Started process (PID=2943) to work on /home/airflow/.local/lib/python3.12/site-packages/airflow/example_dags/example_branch_operator.py
[2025-02-13T00:25:57.294+0000] {processor.py:914} INFO - Processing file /home/airflow/.local/lib/python3.12/site-packages/airflow/example_dags/example_branch_operator.py for tasks to queue
[2025-02-13T00:25:57.297+0000] {logging_mixin.py:190} INFO - [2025-02-13T00:25:57.296+0000] {dagbag.py:588} INFO - Filling up the DagBag from /home/airflow/.local/lib/python3.12/site-packages/airflow/example_dags/example_branch_operator.py
[2025-02-13T00:25:57.318+0000] {processor.py:925} INFO - DAG(s) 'example_branch_operator' retrieved from /home/airflow/.local/lib/python3.12/site-packages/airflow/example_dags/example_branch_operator.py
[2025-02-13T00:25:57.355+0000] {logging_mixin.py:190} INFO - [2025-02-13T00:25:57.354+0000] {dag.py:3239} INFO - Sync 1 DAGs
[2025-02-13T00:25:57.386+0000] {logging_mixin.py:190} INFO - [2025-02-13T00:25:57.386+0000] {dag.py:4180} INFO - Setting next_dagrun for example_branch_operator to 2025-02-12 00:00:00+00:00, run_after=2025-02-13 00:00:00+00:00
[2025-02-13T00:25:57.405+0000] {processor.py:208} INFO - Processing /home/airflow/.local/lib/python3.12/site-packages/airflow/example_dags/example_branch_operator.py took 0.119 seconds
[2025-02-13T00:26:27.794+0000] {processor.py:186} INFO - Started process (PID=3001) to work on /home/airflow/.local/lib/python3.12/site-packages/airflow/example_dags/example_branch_operator.py
[2025-02-13T00:26:27.798+0000] {processor.py:914} INFO - Processing file /home/airflow/.local/lib/python3.12/site-packages/airflow/example_dags/example_branch_operator.py for tasks to queue
[2025-02-13T00:26:27.801+0000] {logging_mixin.py:190} INFO - [2025-02-13T00:26:27.801+0000] {dagbag.py:588} INFO - Filling up the DagBag from /home/airflow/.local/lib/python3.12/site-packages/airflow/example_dags/example_branch_operator.py
[2025-02-13T00:26:27.823+0000] {processor.py:925} INFO - DAG(s) 'example_branch_operator' retrieved from /home/airflow/.local/lib/python3.12/site-packages/airflow/example_dags/example_branch_operator.py
[2025-02-13T00:26:27.862+0000] {logging_mixin.py:190} INFO - [2025-02-13T00:26:27.861+0000] {dag.py:3239} INFO - Sync 1 DAGs
[2025-02-13T00:26:27.892+0000] {logging_mixin.py:190} INFO - [2025-02-13T00:26:27.891+0000] {dag.py:4180} INFO - Setting next_dagrun for example_branch_operator to 2025-02-12 00:00:00+00:00, run_after=2025-02-13 00:00:00+00:00
[2025-02-13T00:26:27.910+0000] {processor.py:208} INFO - Processing /home/airflow/.local/lib/python3.12/site-packages/airflow/example_dags/example_branch_operator.py took 0.123 seconds
[2025-02-13T00:26:57.974+0000] {processor.py:186} INFO - Started process (PID=3050) to work on /home/airflow/.local/lib/python3.12/site-packages/airflow/example_dags/example_branch_operator.py
[2025-02-13T00:26:57.975+0000] {processor.py:914} INFO - Processing file /home/airflow/.local/lib/python3.12/site-packages/airflow/example_dags/example_branch_operator.py for tasks to queue
[2025-02-13T00:26:57.978+0000] {logging_mixin.py:190} INFO - [2025-02-13T00:26:57.977+0000] {dagbag.py:588} INFO - Filling up the DagBag from /home/airflow/.local/lib/python3.12/site-packages/airflow/example_dags/example_branch_operator.py
[2025-02-13T00:26:58.004+0000] {processor.py:925} INFO - DAG(s) 'example_branch_operator' retrieved from /home/airflow/.local/lib/python3.12/site-packages/airflow/example_dags/example_branch_operator.py
[2025-02-13T00:26:58.065+0000] {logging_mixin.py:190} INFO - [2025-02-13T00:26:58.064+0000] {dag.py:3239} INFO - Sync 1 DAGs
[2025-02-13T00:26:58.105+0000] {logging_mixin.py:190} INFO - [2025-02-13T00:26:58.105+0000] {dag.py:4180} INFO - Setting next_dagrun for example_branch_operator to 2025-02-12 00:00:00+00:00, run_after=2025-02-13 00:00:00+00:00
[2025-02-13T00:26:58.125+0000] {processor.py:208} INFO - Processing /home/airflow/.local/lib/python3.12/site-packages/airflow/example_dags/example_branch_operator.py took 0.158 seconds
[2025-02-13T00:27:28.468+0000] {processor.py:186} INFO - Started process (PID=3108) to work on /home/airflow/.local/lib/python3.12/site-packages/airflow/example_dags/example_branch_operator.py
[2025-02-13T00:27:28.477+0000] {processor.py:914} INFO - Processing file /home/airflow/.local/lib/python3.12/site-packages/airflow/example_dags/example_branch_operator.py for tasks to queue
[2025-02-13T00:27:28.479+0000] {logging_mixin.py:190} INFO - [2025-02-13T00:27:28.479+0000] {dagbag.py:588} INFO - Filling up the DagBag from /home/airflow/.local/lib/python3.12/site-packages/airflow/example_dags/example_branch_operator.py
[2025-02-13T00:27:28.524+0000] {processor.py:925} INFO - DAG(s) 'example_branch_operator' retrieved from /home/airflow/.local/lib/python3.12/site-packages/airflow/example_dags/example_branch_operator.py
[2025-02-13T00:27:28.603+0000] {logging_mixin.py:190} INFO - [2025-02-13T00:27:28.602+0000] {dag.py:3239} INFO - Sync 1 DAGs
[2025-02-13T00:27:28.649+0000] {logging_mixin.py:190} INFO - [2025-02-13T00:27:28.648+0000] {dag.py:4180} INFO - Setting next_dagrun for example_branch_operator to 2025-02-12 00:00:00+00:00, run_after=2025-02-13 00:00:00+00:00
[2025-02-13T00:27:28.668+0000] {processor.py:208} INFO - Processing /home/airflow/.local/lib/python3.12/site-packages/airflow/example_dags/example_branch_operator.py took 0.207 seconds
[2025-02-13T00:27:58.830+0000] {processor.py:186} INFO - Started process (PID=3166) to work on /home/airflow/.local/lib/python3.12/site-packages/airflow/example_dags/example_branch_operator.py
[2025-02-13T00:27:58.831+0000] {processor.py:914} INFO - Processing file /home/airflow/.local/lib/python3.12/site-packages/airflow/example_dags/example_branch_operator.py for tasks to queue
[2025-02-13T00:27:58.834+0000] {logging_mixin.py:190} INFO - [2025-02-13T00:27:58.833+0000] {dagbag.py:588} INFO - Filling up the DagBag from /home/airflow/.local/lib/python3.12/site-packages/airflow/example_dags/example_branch_operator.py
[2025-02-13T00:27:58.858+0000] {processor.py:925} INFO - DAG(s) 'example_branch_operator' retrieved from /home/airflow/.local/lib/python3.12/site-packages/airflow/example_dags/example_branch_operator.py
[2025-02-13T00:27:58.913+0000] {logging_mixin.py:190} INFO - [2025-02-13T00:27:58.912+0000] {dag.py:3239} INFO - Sync 1 DAGs
[2025-02-13T00:27:58.944+0000] {logging_mixin.py:190} INFO - [2025-02-13T00:27:58.944+0000] {dag.py:4180} INFO - Setting next_dagrun for example_branch_operator to 2025-02-12 00:00:00+00:00, run_after=2025-02-13 00:00:00+00:00
[2025-02-13T00:27:58.964+0000] {processor.py:208} INFO - Processing /home/airflow/.local/lib/python3.12/site-packages/airflow/example_dags/example_branch_operator.py took 0.141 seconds
