[2025-02-13T00:00:45.786+0000] {processor.py:186} INFO - Started process (PID=169) to work on /home/airflow/.local/lib/python3.12/site-packages/airflow/example_dags/example_sla_dag.py
[2025-02-13T00:00:45.795+0000] {processor.py:914} INFO - Processing file /home/airflow/.local/lib/python3.12/site-packages/airflow/example_dags/example_sla_dag.py for tasks to queue
[2025-02-13T00:00:45.819+0000] {logging_mixin.py:190} INFO - [2025-02-13T00:00:45.801+0000] {dagbag.py:588} INFO - Filling up the DagBag from /home/airflow/.local/lib/python3.12/site-packages/airflow/example_dags/example_sla_dag.py
[2025-02-13T00:00:45.843+0000] {processor.py:925} INFO - DAG(s) 'example_sla_dag' retrieved from /home/airflow/.local/lib/python3.12/site-packages/airflow/example_dags/example_sla_dag.py
[2025-02-13T00:00:45.940+0000] {logging_mixin.py:190} INFO - [2025-02-13T00:00:45.938+0000] {dag.py:3239} INFO - Sync 1 DAGs
[2025-02-13T00:00:46.049+0000] {logging_mixin.py:190} INFO - [2025-02-13T00:00:46.049+0000] {dag.py:4180} INFO - Setting next_dagrun for example_sla_dag to 2025-02-12 23:58:00+00:00, run_after=2025-02-13 00:00:00+00:00
[2025-02-13T00:00:48.375+0000] {processor.py:208} INFO - Processing /home/airflow/.local/lib/python3.12/site-packages/airflow/example_dags/example_sla_dag.py took 2.607 seconds
[2025-02-13T00:01:21.828+0000] {processor.py:186} INFO - Started process (PID=227) to work on /home/airflow/.local/lib/python3.12/site-packages/airflow/example_dags/example_sla_dag.py
[2025-02-13T00:01:21.828+0000] {processor.py:914} INFO - Processing file /home/airflow/.local/lib/python3.12/site-packages/airflow/example_dags/example_sla_dag.py for tasks to queue
[2025-02-13T00:01:21.830+0000] {logging_mixin.py:190} INFO - [2025-02-13T00:01:21.830+0000] {dagbag.py:588} INFO - Filling up the DagBag from /home/airflow/.local/lib/python3.12/site-packages/airflow/example_dags/example_sla_dag.py
[2025-02-13T00:01:21.840+0000] {processor.py:925} INFO - DAG(s) 'example_sla_dag' retrieved from /home/airflow/.local/lib/python3.12/site-packages/airflow/example_dags/example_sla_dag.py
[2025-02-13T00:01:21.858+0000] {logging_mixin.py:190} INFO - [2025-02-13T00:01:21.857+0000] {dag.py:3239} INFO - Sync 1 DAGs
[2025-02-13T00:01:21.882+0000] {logging_mixin.py:190} INFO - [2025-02-13T00:01:21.881+0000] {dag.py:4180} INFO - Setting next_dagrun for example_sla_dag to 2025-02-12 23:58:00+00:00, run_after=2025-02-13 00:00:00+00:00
[2025-02-13T00:01:21.897+0000] {processor.py:208} INFO - Processing /home/airflow/.local/lib/python3.12/site-packages/airflow/example_dags/example_sla_dag.py took 0.075 seconds
[2025-02-13T00:02:17.037+0000] {processor.py:186} INFO - Started process (PID=285) to work on /home/airflow/.local/lib/python3.12/site-packages/airflow/example_dags/example_sla_dag.py
[2025-02-13T00:02:17.041+0000] {processor.py:914} INFO - Processing file /home/airflow/.local/lib/python3.12/site-packages/airflow/example_dags/example_sla_dag.py for tasks to queue
[2025-02-13T00:02:17.054+0000] {logging_mixin.py:190} INFO - [2025-02-13T00:02:17.054+0000] {dagbag.py:588} INFO - Filling up the DagBag from /home/airflow/.local/lib/python3.12/site-packages/airflow/example_dags/example_sla_dag.py
[2025-02-13T00:02:17.101+0000] {processor.py:925} INFO - DAG(s) 'example_sla_dag' retrieved from /home/airflow/.local/lib/python3.12/site-packages/airflow/example_dags/example_sla_dag.py
[2025-02-13T00:02:17.199+0000] {logging_mixin.py:190} INFO - [2025-02-13T00:02:17.198+0000] {dag.py:3239} INFO - Sync 1 DAGs
[2025-02-13T00:02:17.318+0000] {logging_mixin.py:190} INFO - [2025-02-13T00:02:17.318+0000] {dag.py:4180} INFO - Setting next_dagrun for example_sla_dag to 2025-02-13 00:00:00+00:00, run_after=2025-02-13 00:02:00+00:00
[2025-02-13T00:02:18.259+0000] {processor.py:208} INFO - Processing /home/airflow/.local/lib/python3.12/site-packages/airflow/example_dags/example_sla_dag.py took 1.235 seconds
[2025-02-13T00:02:54.172+0000] {processor.py:186} INFO - Started process (PID=343) to work on /home/airflow/.local/lib/python3.12/site-packages/airflow/example_dags/example_sla_dag.py
[2025-02-13T00:02:54.173+0000] {processor.py:914} INFO - Processing file /home/airflow/.local/lib/python3.12/site-packages/airflow/example_dags/example_sla_dag.py for tasks to queue
[2025-02-13T00:02:54.175+0000] {logging_mixin.py:190} INFO - [2025-02-13T00:02:54.175+0000] {dagbag.py:588} INFO - Filling up the DagBag from /home/airflow/.local/lib/python3.12/site-packages/airflow/example_dags/example_sla_dag.py
[2025-02-13T00:02:54.187+0000] {processor.py:925} INFO - DAG(s) 'example_sla_dag' retrieved from /home/airflow/.local/lib/python3.12/site-packages/airflow/example_dags/example_sla_dag.py
[2025-02-13T00:02:54.208+0000] {logging_mixin.py:190} INFO - [2025-02-13T00:02:54.207+0000] {dag.py:3239} INFO - Sync 1 DAGs
[2025-02-13T00:02:54.239+0000] {logging_mixin.py:190} INFO - [2025-02-13T00:02:54.239+0000] {dag.py:4180} INFO - Setting next_dagrun for example_sla_dag to 2025-02-13 00:00:00+00:00, run_after=2025-02-13 00:02:00+00:00
[2025-02-13T00:02:54.264+0000] {processor.py:208} INFO - Processing /home/airflow/.local/lib/python3.12/site-packages/airflow/example_dags/example_sla_dag.py took 0.102 seconds
[2025-02-13T00:03:28.005+0000] {processor.py:186} INFO - Started process (PID=394) to work on /home/airflow/.local/lib/python3.12/site-packages/airflow/example_dags/example_sla_dag.py
[2025-02-13T00:03:28.010+0000] {processor.py:914} INFO - Processing file /home/airflow/.local/lib/python3.12/site-packages/airflow/example_dags/example_sla_dag.py for tasks to queue
[2025-02-13T00:03:28.013+0000] {logging_mixin.py:190} INFO - [2025-02-13T00:03:28.012+0000] {dagbag.py:588} INFO - Filling up the DagBag from /home/airflow/.local/lib/python3.12/site-packages/airflow/example_dags/example_sla_dag.py
[2025-02-13T00:03:28.034+0000] {processor.py:925} INFO - DAG(s) 'example_sla_dag' retrieved from /home/airflow/.local/lib/python3.12/site-packages/airflow/example_dags/example_sla_dag.py
[2025-02-13T00:03:28.072+0000] {logging_mixin.py:190} INFO - [2025-02-13T00:03:28.072+0000] {dag.py:3239} INFO - Sync 1 DAGs
[2025-02-13T00:03:28.590+0000] {logging_mixin.py:190} INFO - [2025-02-13T00:03:28.589+0000] {dag.py:4180} INFO - Setting next_dagrun for example_sla_dag to 2025-02-13 00:00:00+00:00, run_after=2025-02-13 00:02:00+00:00
[2025-02-13T00:03:28.628+0000] {processor.py:208} INFO - Processing /home/airflow/.local/lib/python3.12/site-packages/airflow/example_dags/example_sla_dag.py took 0.635 seconds
[2025-02-13T00:04:01.223+0000] {processor.py:186} INFO - Started process (PID=452) to work on /home/airflow/.local/lib/python3.12/site-packages/airflow/example_dags/example_sla_dag.py
[2025-02-13T00:04:01.224+0000] {processor.py:914} INFO - Processing file /home/airflow/.local/lib/python3.12/site-packages/airflow/example_dags/example_sla_dag.py for tasks to queue
[2025-02-13T00:04:01.245+0000] {logging_mixin.py:190} INFO - [2025-02-13T00:04:01.226+0000] {dagbag.py:588} INFO - Filling up the DagBag from /home/airflow/.local/lib/python3.12/site-packages/airflow/example_dags/example_sla_dag.py
[2025-02-13T00:04:01.270+0000] {processor.py:925} INFO - DAG(s) 'example_sla_dag' retrieved from /home/airflow/.local/lib/python3.12/site-packages/airflow/example_dags/example_sla_dag.py
[2025-02-13T00:04:01.328+0000] {logging_mixin.py:190} INFO - [2025-02-13T00:04:01.328+0000] {dag.py:3239} INFO - Sync 1 DAGs
[2025-02-13T00:04:01.412+0000] {logging_mixin.py:190} INFO - [2025-02-13T00:04:01.412+0000] {dag.py:4180} INFO - Setting next_dagrun for example_sla_dag to 2025-02-13 00:02:00+00:00, run_after=2025-02-13 00:04:00+00:00
[2025-02-13T00:04:01.452+0000] {processor.py:208} INFO - Processing /home/airflow/.local/lib/python3.12/site-packages/airflow/example_dags/example_sla_dag.py took 0.241 seconds
[2025-02-13T00:04:31.874+0000] {processor.py:186} INFO - Started process (PID=510) to work on /home/airflow/.local/lib/python3.12/site-packages/airflow/example_dags/example_sla_dag.py
[2025-02-13T00:04:31.875+0000] {processor.py:914} INFO - Processing file /home/airflow/.local/lib/python3.12/site-packages/airflow/example_dags/example_sla_dag.py for tasks to queue
[2025-02-13T00:04:31.877+0000] {logging_mixin.py:190} INFO - [2025-02-13T00:04:31.877+0000] {dagbag.py:588} INFO - Filling up the DagBag from /home/airflow/.local/lib/python3.12/site-packages/airflow/example_dags/example_sla_dag.py
[2025-02-13T00:04:31.959+0000] {processor.py:925} INFO - DAG(s) 'example_sla_dag' retrieved from /home/airflow/.local/lib/python3.12/site-packages/airflow/example_dags/example_sla_dag.py
[2025-02-13T00:04:31.996+0000] {logging_mixin.py:190} INFO - [2025-02-13T00:04:31.996+0000] {dag.py:3239} INFO - Sync 1 DAGs
[2025-02-13T00:04:32.034+0000] {logging_mixin.py:190} INFO - [2025-02-13T00:04:32.034+0000] {dag.py:4180} INFO - Setting next_dagrun for example_sla_dag to 2025-02-13 00:02:00+00:00, run_after=2025-02-13 00:04:00+00:00
[2025-02-13T00:04:32.441+0000] {processor.py:208} INFO - Processing /home/airflow/.local/lib/python3.12/site-packages/airflow/example_dags/example_sla_dag.py took 0.576 seconds
[2025-02-13T00:05:04.030+0000] {processor.py:186} INFO - Started process (PID=568) to work on /home/airflow/.local/lib/python3.12/site-packages/airflow/example_dags/example_sla_dag.py
[2025-02-13T00:05:04.030+0000] {processor.py:914} INFO - Processing file /home/airflow/.local/lib/python3.12/site-packages/airflow/example_dags/example_sla_dag.py for tasks to queue
[2025-02-13T00:05:04.033+0000] {logging_mixin.py:190} INFO - [2025-02-13T00:05:04.033+0000] {dagbag.py:588} INFO - Filling up the DagBag from /home/airflow/.local/lib/python3.12/site-packages/airflow/example_dags/example_sla_dag.py
[2025-02-13T00:05:04.075+0000] {processor.py:925} INFO - DAG(s) 'example_sla_dag' retrieved from /home/airflow/.local/lib/python3.12/site-packages/airflow/example_dags/example_sla_dag.py
[2025-02-13T00:05:04.172+0000] {logging_mixin.py:190} INFO - [2025-02-13T00:05:04.167+0000] {dag.py:3239} INFO - Sync 1 DAGs
[2025-02-13T00:05:04.272+0000] {logging_mixin.py:190} INFO - [2025-02-13T00:05:04.272+0000] {dag.py:4180} INFO - Setting next_dagrun for example_sla_dag to 2025-02-13 00:02:00+00:00, run_after=2025-02-13 00:04:00+00:00
[2025-02-13T00:05:04.305+0000] {processor.py:208} INFO - Processing /home/airflow/.local/lib/python3.12/site-packages/airflow/example_dags/example_sla_dag.py took 0.295 seconds
[2025-02-13T00:05:36.479+0000] {processor.py:186} INFO - Started process (PID=626) to work on /home/airflow/.local/lib/python3.12/site-packages/airflow/example_dags/example_sla_dag.py
[2025-02-13T00:05:36.486+0000] {processor.py:914} INFO - Processing file /home/airflow/.local/lib/python3.12/site-packages/airflow/example_dags/example_sla_dag.py for tasks to queue
[2025-02-13T00:05:36.488+0000] {logging_mixin.py:190} INFO - [2025-02-13T00:05:36.488+0000] {dagbag.py:588} INFO - Filling up the DagBag from /home/airflow/.local/lib/python3.12/site-packages/airflow/example_dags/example_sla_dag.py
[2025-02-13T00:05:36.503+0000] {processor.py:925} INFO - DAG(s) 'example_sla_dag' retrieved from /home/airflow/.local/lib/python3.12/site-packages/airflow/example_dags/example_sla_dag.py
[2025-02-13T00:05:36.555+0000] {logging_mixin.py:190} INFO - [2025-02-13T00:05:36.551+0000] {dag.py:3239} INFO - Sync 1 DAGs
[2025-02-13T00:05:36.613+0000] {logging_mixin.py:190} INFO - [2025-02-13T00:05:36.613+0000] {dag.py:4180} INFO - Setting next_dagrun for example_sla_dag to 2025-02-13 00:02:00+00:00, run_after=2025-02-13 00:04:00+00:00
[2025-02-13T00:05:36.667+0000] {processor.py:208} INFO - Processing /home/airflow/.local/lib/python3.12/site-packages/airflow/example_dags/example_sla_dag.py took 0.199 seconds
[2025-02-13T00:06:07.572+0000] {processor.py:186} INFO - Started process (PID=684) to work on /home/airflow/.local/lib/python3.12/site-packages/airflow/example_dags/example_sla_dag.py
[2025-02-13T00:06:07.573+0000] {processor.py:914} INFO - Processing file /home/airflow/.local/lib/python3.12/site-packages/airflow/example_dags/example_sla_dag.py for tasks to queue
[2025-02-13T00:06:07.579+0000] {logging_mixin.py:190} INFO - [2025-02-13T00:06:07.578+0000] {dagbag.py:588} INFO - Filling up the DagBag from /home/airflow/.local/lib/python3.12/site-packages/airflow/example_dags/example_sla_dag.py
[2025-02-13T00:06:07.590+0000] {processor.py:925} INFO - DAG(s) 'example_sla_dag' retrieved from /home/airflow/.local/lib/python3.12/site-packages/airflow/example_dags/example_sla_dag.py
[2025-02-13T00:06:07.611+0000] {logging_mixin.py:190} INFO - [2025-02-13T00:06:07.610+0000] {dag.py:3239} INFO - Sync 1 DAGs
[2025-02-13T00:06:07.682+0000] {logging_mixin.py:190} INFO - [2025-02-13T00:06:07.682+0000] {dag.py:4180} INFO - Setting next_dagrun for example_sla_dag to 2025-02-13 00:04:00+00:00, run_after=2025-02-13 00:06:00+00:00
[2025-02-13T00:06:07.796+0000] {processor.py:208} INFO - Processing /home/airflow/.local/lib/python3.12/site-packages/airflow/example_dags/example_sla_dag.py took 0.232 seconds
[2025-02-13T00:06:38.017+0000] {processor.py:186} INFO - Started process (PID=742) to work on /home/airflow/.local/lib/python3.12/site-packages/airflow/example_dags/example_sla_dag.py
[2025-02-13T00:06:38.017+0000] {processor.py:914} INFO - Processing file /home/airflow/.local/lib/python3.12/site-packages/airflow/example_dags/example_sla_dag.py for tasks to queue
[2025-02-13T00:06:38.020+0000] {logging_mixin.py:190} INFO - [2025-02-13T00:06:38.019+0000] {dagbag.py:588} INFO - Filling up the DagBag from /home/airflow/.local/lib/python3.12/site-packages/airflow/example_dags/example_sla_dag.py
[2025-02-13T00:06:38.035+0000] {processor.py:925} INFO - DAG(s) 'example_sla_dag' retrieved from /home/airflow/.local/lib/python3.12/site-packages/airflow/example_dags/example_sla_dag.py
[2025-02-13T00:06:38.102+0000] {logging_mixin.py:190} INFO - [2025-02-13T00:06:38.101+0000] {dag.py:3239} INFO - Sync 1 DAGs
[2025-02-13T00:06:38.142+0000] {logging_mixin.py:190} INFO - [2025-02-13T00:06:38.142+0000] {dag.py:4180} INFO - Setting next_dagrun for example_sla_dag to 2025-02-13 00:04:00+00:00, run_after=2025-02-13 00:06:00+00:00
[2025-02-13T00:06:38.175+0000] {processor.py:208} INFO - Processing /home/airflow/.local/lib/python3.12/site-packages/airflow/example_dags/example_sla_dag.py took 0.165 seconds
[2025-02-13T00:07:08.732+0000] {processor.py:186} INFO - Started process (PID=800) to work on /home/airflow/.local/lib/python3.12/site-packages/airflow/example_dags/example_sla_dag.py
[2025-02-13T00:07:08.733+0000] {processor.py:914} INFO - Processing file /home/airflow/.local/lib/python3.12/site-packages/airflow/example_dags/example_sla_dag.py for tasks to queue
[2025-02-13T00:07:08.735+0000] {logging_mixin.py:190} INFO - [2025-02-13T00:07:08.735+0000] {dagbag.py:588} INFO - Filling up the DagBag from /home/airflow/.local/lib/python3.12/site-packages/airflow/example_dags/example_sla_dag.py
[2025-02-13T00:07:08.752+0000] {processor.py:925} INFO - DAG(s) 'example_sla_dag' retrieved from /home/airflow/.local/lib/python3.12/site-packages/airflow/example_dags/example_sla_dag.py
[2025-02-13T00:07:08.843+0000] {logging_mixin.py:190} INFO - [2025-02-13T00:07:08.843+0000] {dag.py:3239} INFO - Sync 1 DAGs
[2025-02-13T00:07:08.974+0000] {logging_mixin.py:190} INFO - [2025-02-13T00:07:08.974+0000] {dag.py:4180} INFO - Setting next_dagrun for example_sla_dag to 2025-02-13 00:04:00+00:00, run_after=2025-02-13 00:06:00+00:00
[2025-02-13T00:07:08.998+0000] {processor.py:208} INFO - Processing /home/airflow/.local/lib/python3.12/site-packages/airflow/example_dags/example_sla_dag.py took 0.275 seconds
[2025-02-13T00:07:39.842+0000] {processor.py:186} INFO - Started process (PID=858) to work on /home/airflow/.local/lib/python3.12/site-packages/airflow/example_dags/example_sla_dag.py
[2025-02-13T00:07:39.844+0000] {processor.py:914} INFO - Processing file /home/airflow/.local/lib/python3.12/site-packages/airflow/example_dags/example_sla_dag.py for tasks to queue
[2025-02-13T00:07:39.846+0000] {logging_mixin.py:190} INFO - [2025-02-13T00:07:39.846+0000] {dagbag.py:588} INFO - Filling up the DagBag from /home/airflow/.local/lib/python3.12/site-packages/airflow/example_dags/example_sla_dag.py
[2025-02-13T00:07:39.862+0000] {processor.py:925} INFO - DAG(s) 'example_sla_dag' retrieved from /home/airflow/.local/lib/python3.12/site-packages/airflow/example_dags/example_sla_dag.py
[2025-02-13T00:07:39.895+0000] {logging_mixin.py:190} INFO - [2025-02-13T00:07:39.894+0000] {dag.py:3239} INFO - Sync 1 DAGs
[2025-02-13T00:07:39.966+0000] {logging_mixin.py:190} INFO - [2025-02-13T00:07:39.966+0000] {dag.py:4180} INFO - Setting next_dagrun for example_sla_dag to 2025-02-13 00:04:00+00:00, run_after=2025-02-13 00:06:00+00:00
[2025-02-13T00:07:40.022+0000] {processor.py:208} INFO - Processing /home/airflow/.local/lib/python3.12/site-packages/airflow/example_dags/example_sla_dag.py took 0.188 seconds
[2025-02-13T00:08:10.154+0000] {processor.py:186} INFO - Started process (PID=915) to work on /home/airflow/.local/lib/python3.12/site-packages/airflow/example_dags/example_sla_dag.py
[2025-02-13T00:08:10.155+0000] {processor.py:914} INFO - Processing file /home/airflow/.local/lib/python3.12/site-packages/airflow/example_dags/example_sla_dag.py for tasks to queue
[2025-02-13T00:08:10.158+0000] {logging_mixin.py:190} INFO - [2025-02-13T00:08:10.158+0000] {dagbag.py:588} INFO - Filling up the DagBag from /home/airflow/.local/lib/python3.12/site-packages/airflow/example_dags/example_sla_dag.py
[2025-02-13T00:08:10.174+0000] {processor.py:925} INFO - DAG(s) 'example_sla_dag' retrieved from /home/airflow/.local/lib/python3.12/site-packages/airflow/example_dags/example_sla_dag.py
[2025-02-13T00:08:10.196+0000] {logging_mixin.py:190} INFO - [2025-02-13T00:08:10.196+0000] {dag.py:3239} INFO - Sync 1 DAGs
[2025-02-13T00:08:10.232+0000] {logging_mixin.py:190} INFO - [2025-02-13T00:08:10.231+0000] {dag.py:4180} INFO - Setting next_dagrun for example_sla_dag to 2025-02-13 00:06:00+00:00, run_after=2025-02-13 00:08:00+00:00
[2025-02-13T00:08:10.254+0000] {processor.py:208} INFO - Processing /home/airflow/.local/lib/python3.12/site-packages/airflow/example_dags/example_sla_dag.py took 0.109 seconds
[2025-02-13T00:08:41.169+0000] {processor.py:186} INFO - Started process (PID=974) to work on /home/airflow/.local/lib/python3.12/site-packages/airflow/example_dags/example_sla_dag.py
[2025-02-13T00:08:41.176+0000] {processor.py:914} INFO - Processing file /home/airflow/.local/lib/python3.12/site-packages/airflow/example_dags/example_sla_dag.py for tasks to queue
[2025-02-13T00:08:41.179+0000] {logging_mixin.py:190} INFO - [2025-02-13T00:08:41.178+0000] {dagbag.py:588} INFO - Filling up the DagBag from /home/airflow/.local/lib/python3.12/site-packages/airflow/example_dags/example_sla_dag.py
[2025-02-13T00:08:41.192+0000] {processor.py:925} INFO - DAG(s) 'example_sla_dag' retrieved from /home/airflow/.local/lib/python3.12/site-packages/airflow/example_dags/example_sla_dag.py
[2025-02-13T00:08:41.211+0000] {logging_mixin.py:190} INFO - [2025-02-13T00:08:41.211+0000] {dag.py:3239} INFO - Sync 1 DAGs
[2025-02-13T00:08:41.244+0000] {logging_mixin.py:190} INFO - [2025-02-13T00:08:41.244+0000] {dag.py:4180} INFO - Setting next_dagrun for example_sla_dag to 2025-02-13 00:06:00+00:00, run_after=2025-02-13 00:08:00+00:00
[2025-02-13T00:08:41.262+0000] {processor.py:208} INFO - Processing /home/airflow/.local/lib/python3.12/site-packages/airflow/example_dags/example_sla_dag.py took 0.100 seconds
[2025-02-13T00:09:11.387+0000] {processor.py:186} INFO - Started process (PID=1032) to work on /home/airflow/.local/lib/python3.12/site-packages/airflow/example_dags/example_sla_dag.py
[2025-02-13T00:09:11.388+0000] {processor.py:914} INFO - Processing file /home/airflow/.local/lib/python3.12/site-packages/airflow/example_dags/example_sla_dag.py for tasks to queue
[2025-02-13T00:09:11.390+0000] {logging_mixin.py:190} INFO - [2025-02-13T00:09:11.390+0000] {dagbag.py:588} INFO - Filling up the DagBag from /home/airflow/.local/lib/python3.12/site-packages/airflow/example_dags/example_sla_dag.py
[2025-02-13T00:09:11.401+0000] {processor.py:925} INFO - DAG(s) 'example_sla_dag' retrieved from /home/airflow/.local/lib/python3.12/site-packages/airflow/example_dags/example_sla_dag.py
[2025-02-13T00:09:11.422+0000] {logging_mixin.py:190} INFO - [2025-02-13T00:09:11.422+0000] {dag.py:3239} INFO - Sync 1 DAGs
[2025-02-13T00:09:11.456+0000] {logging_mixin.py:190} INFO - [2025-02-13T00:09:11.456+0000] {dag.py:4180} INFO - Setting next_dagrun for example_sla_dag to 2025-02-13 00:06:00+00:00, run_after=2025-02-13 00:08:00+00:00
[2025-02-13T00:09:11.474+0000] {processor.py:208} INFO - Processing /home/airflow/.local/lib/python3.12/site-packages/airflow/example_dags/example_sla_dag.py took 0.094 seconds
[2025-02-13T00:09:41.597+0000] {processor.py:186} INFO - Started process (PID=1090) to work on /home/airflow/.local/lib/python3.12/site-packages/airflow/example_dags/example_sla_dag.py
[2025-02-13T00:09:41.598+0000] {processor.py:914} INFO - Processing file /home/airflow/.local/lib/python3.12/site-packages/airflow/example_dags/example_sla_dag.py for tasks to queue
[2025-02-13T00:09:41.601+0000] {logging_mixin.py:190} INFO - [2025-02-13T00:09:41.600+0000] {dagbag.py:588} INFO - Filling up the DagBag from /home/airflow/.local/lib/python3.12/site-packages/airflow/example_dags/example_sla_dag.py
[2025-02-13T00:09:41.613+0000] {processor.py:925} INFO - DAG(s) 'example_sla_dag' retrieved from /home/airflow/.local/lib/python3.12/site-packages/airflow/example_dags/example_sla_dag.py
[2025-02-13T00:09:41.634+0000] {logging_mixin.py:190} INFO - [2025-02-13T00:09:41.634+0000] {dag.py:3239} INFO - Sync 1 DAGs
[2025-02-13T00:09:41.667+0000] {logging_mixin.py:190} INFO - [2025-02-13T00:09:41.666+0000] {dag.py:4180} INFO - Setting next_dagrun for example_sla_dag to 2025-02-13 00:06:00+00:00, run_after=2025-02-13 00:08:00+00:00
[2025-02-13T00:09:41.685+0000] {processor.py:208} INFO - Processing /home/airflow/.local/lib/python3.12/site-packages/airflow/example_dags/example_sla_dag.py took 0.095 seconds
[2025-02-13T00:10:11.886+0000] {processor.py:186} INFO - Started process (PID=1148) to work on /home/airflow/.local/lib/python3.12/site-packages/airflow/example_dags/example_sla_dag.py
[2025-02-13T00:10:11.886+0000] {processor.py:914} INFO - Processing file /home/airflow/.local/lib/python3.12/site-packages/airflow/example_dags/example_sla_dag.py for tasks to queue
[2025-02-13T00:10:11.889+0000] {logging_mixin.py:190} INFO - [2025-02-13T00:10:11.888+0000] {dagbag.py:588} INFO - Filling up the DagBag from /home/airflow/.local/lib/python3.12/site-packages/airflow/example_dags/example_sla_dag.py
[2025-02-13T00:10:11.901+0000] {processor.py:925} INFO - DAG(s) 'example_sla_dag' retrieved from /home/airflow/.local/lib/python3.12/site-packages/airflow/example_dags/example_sla_dag.py
[2025-02-13T00:10:11.923+0000] {logging_mixin.py:190} INFO - [2025-02-13T00:10:11.922+0000] {dag.py:3239} INFO - Sync 1 DAGs
[2025-02-13T00:10:11.955+0000] {logging_mixin.py:190} INFO - [2025-02-13T00:10:11.955+0000] {dag.py:4180} INFO - Setting next_dagrun for example_sla_dag to 2025-02-13 00:08:00+00:00, run_after=2025-02-13 00:10:00+00:00
[2025-02-13T00:10:11.973+0000] {processor.py:208} INFO - Processing /home/airflow/.local/lib/python3.12/site-packages/airflow/example_dags/example_sla_dag.py took 0.095 seconds
[2025-02-13T00:10:42.126+0000] {processor.py:186} INFO - Started process (PID=1206) to work on /home/airflow/.local/lib/python3.12/site-packages/airflow/example_dags/example_sla_dag.py
[2025-02-13T00:10:42.127+0000] {processor.py:914} INFO - Processing file /home/airflow/.local/lib/python3.12/site-packages/airflow/example_dags/example_sla_dag.py for tasks to queue
[2025-02-13T00:10:42.130+0000] {logging_mixin.py:190} INFO - [2025-02-13T00:10:42.129+0000] {dagbag.py:588} INFO - Filling up the DagBag from /home/airflow/.local/lib/python3.12/site-packages/airflow/example_dags/example_sla_dag.py
[2025-02-13T00:10:42.142+0000] {processor.py:925} INFO - DAG(s) 'example_sla_dag' retrieved from /home/airflow/.local/lib/python3.12/site-packages/airflow/example_dags/example_sla_dag.py
[2025-02-13T00:10:42.178+0000] {logging_mixin.py:190} INFO - [2025-02-13T00:10:42.177+0000] {dag.py:3239} INFO - Sync 1 DAGs
[2025-02-13T00:10:42.214+0000] {logging_mixin.py:190} INFO - [2025-02-13T00:10:42.214+0000] {dag.py:4180} INFO - Setting next_dagrun for example_sla_dag to 2025-02-13 00:08:00+00:00, run_after=2025-02-13 00:10:00+00:00
[2025-02-13T00:10:42.234+0000] {processor.py:208} INFO - Processing /home/airflow/.local/lib/python3.12/site-packages/airflow/example_dags/example_sla_dag.py took 0.114 seconds
[2025-02-13T00:11:12.401+0000] {processor.py:186} INFO - Started process (PID=1264) to work on /home/airflow/.local/lib/python3.12/site-packages/airflow/example_dags/example_sla_dag.py
[2025-02-13T00:11:12.401+0000] {processor.py:914} INFO - Processing file /home/airflow/.local/lib/python3.12/site-packages/airflow/example_dags/example_sla_dag.py for tasks to queue
[2025-02-13T00:11:12.404+0000] {logging_mixin.py:190} INFO - [2025-02-13T00:11:12.404+0000] {dagbag.py:588} INFO - Filling up the DagBag from /home/airflow/.local/lib/python3.12/site-packages/airflow/example_dags/example_sla_dag.py
[2025-02-13T00:11:12.416+0000] {processor.py:925} INFO - DAG(s) 'example_sla_dag' retrieved from /home/airflow/.local/lib/python3.12/site-packages/airflow/example_dags/example_sla_dag.py
[2025-02-13T00:11:12.437+0000] {logging_mixin.py:190} INFO - [2025-02-13T00:11:12.437+0000] {dag.py:3239} INFO - Sync 1 DAGs
[2025-02-13T00:11:12.469+0000] {logging_mixin.py:190} INFO - [2025-02-13T00:11:12.468+0000] {dag.py:4180} INFO - Setting next_dagrun for example_sla_dag to 2025-02-13 00:08:00+00:00, run_after=2025-02-13 00:10:00+00:00
[2025-02-13T00:11:12.486+0000] {processor.py:208} INFO - Processing /home/airflow/.local/lib/python3.12/site-packages/airflow/example_dags/example_sla_dag.py took 0.093 seconds
[2025-02-13T00:11:42.848+0000] {processor.py:186} INFO - Started process (PID=1322) to work on /home/airflow/.local/lib/python3.12/site-packages/airflow/example_dags/example_sla_dag.py
[2025-02-13T00:11:42.849+0000] {processor.py:914} INFO - Processing file /home/airflow/.local/lib/python3.12/site-packages/airflow/example_dags/example_sla_dag.py for tasks to queue
[2025-02-13T00:11:42.851+0000] {logging_mixin.py:190} INFO - [2025-02-13T00:11:42.851+0000] {dagbag.py:588} INFO - Filling up the DagBag from /home/airflow/.local/lib/python3.12/site-packages/airflow/example_dags/example_sla_dag.py
[2025-02-13T00:11:42.863+0000] {processor.py:925} INFO - DAG(s) 'example_sla_dag' retrieved from /home/airflow/.local/lib/python3.12/site-packages/airflow/example_dags/example_sla_dag.py
[2025-02-13T00:11:42.885+0000] {logging_mixin.py:190} INFO - [2025-02-13T00:11:42.884+0000] {dag.py:3239} INFO - Sync 1 DAGs
[2025-02-13T00:11:42.914+0000] {logging_mixin.py:190} INFO - [2025-02-13T00:11:42.914+0000] {dag.py:4180} INFO - Setting next_dagrun for example_sla_dag to 2025-02-13 00:08:00+00:00, run_after=2025-02-13 00:10:00+00:00
[2025-02-13T00:11:42.932+0000] {processor.py:208} INFO - Processing /home/airflow/.local/lib/python3.12/site-packages/airflow/example_dags/example_sla_dag.py took 0.091 seconds
[2025-02-13T00:12:13.291+0000] {processor.py:186} INFO - Started process (PID=1380) to work on /home/airflow/.local/lib/python3.12/site-packages/airflow/example_dags/example_sla_dag.py
[2025-02-13T00:12:13.292+0000] {processor.py:914} INFO - Processing file /home/airflow/.local/lib/python3.12/site-packages/airflow/example_dags/example_sla_dag.py for tasks to queue
[2025-02-13T00:12:13.294+0000] {logging_mixin.py:190} INFO - [2025-02-13T00:12:13.294+0000] {dagbag.py:588} INFO - Filling up the DagBag from /home/airflow/.local/lib/python3.12/site-packages/airflow/example_dags/example_sla_dag.py
[2025-02-13T00:12:13.307+0000] {processor.py:925} INFO - DAG(s) 'example_sla_dag' retrieved from /home/airflow/.local/lib/python3.12/site-packages/airflow/example_dags/example_sla_dag.py
[2025-02-13T00:12:13.336+0000] {logging_mixin.py:190} INFO - [2025-02-13T00:12:13.335+0000] {dag.py:3239} INFO - Sync 1 DAGs
[2025-02-13T00:12:13.368+0000] {logging_mixin.py:190} INFO - [2025-02-13T00:12:13.368+0000] {dag.py:4180} INFO - Setting next_dagrun for example_sla_dag to 2025-02-13 00:10:00+00:00, run_after=2025-02-13 00:12:00+00:00
[2025-02-13T00:12:13.393+0000] {processor.py:208} INFO - Processing /home/airflow/.local/lib/python3.12/site-packages/airflow/example_dags/example_sla_dag.py took 0.117 seconds
[2025-02-13T00:12:43.720+0000] {processor.py:186} INFO - Started process (PID=1438) to work on /home/airflow/.local/lib/python3.12/site-packages/airflow/example_dags/example_sla_dag.py
[2025-02-13T00:12:43.721+0000] {processor.py:914} INFO - Processing file /home/airflow/.local/lib/python3.12/site-packages/airflow/example_dags/example_sla_dag.py for tasks to queue
[2025-02-13T00:12:43.723+0000] {logging_mixin.py:190} INFO - [2025-02-13T00:12:43.723+0000] {dagbag.py:588} INFO - Filling up the DagBag from /home/airflow/.local/lib/python3.12/site-packages/airflow/example_dags/example_sla_dag.py
[2025-02-13T00:12:43.735+0000] {processor.py:925} INFO - DAG(s) 'example_sla_dag' retrieved from /home/airflow/.local/lib/python3.12/site-packages/airflow/example_dags/example_sla_dag.py
[2025-02-13T00:12:43.756+0000] {logging_mixin.py:190} INFO - [2025-02-13T00:12:43.756+0000] {dag.py:3239} INFO - Sync 1 DAGs
[2025-02-13T00:12:43.788+0000] {logging_mixin.py:190} INFO - [2025-02-13T00:12:43.787+0000] {dag.py:4180} INFO - Setting next_dagrun for example_sla_dag to 2025-02-13 00:10:00+00:00, run_after=2025-02-13 00:12:00+00:00
[2025-02-13T00:12:43.804+0000] {processor.py:208} INFO - Processing /home/airflow/.local/lib/python3.12/site-packages/airflow/example_dags/example_sla_dag.py took 0.091 seconds
[2025-02-13T00:13:13.969+0000] {processor.py:186} INFO - Started process (PID=1496) to work on /home/airflow/.local/lib/python3.12/site-packages/airflow/example_dags/example_sla_dag.py
[2025-02-13T00:13:13.969+0000] {processor.py:914} INFO - Processing file /home/airflow/.local/lib/python3.12/site-packages/airflow/example_dags/example_sla_dag.py for tasks to queue
[2025-02-13T00:13:13.972+0000] {logging_mixin.py:190} INFO - [2025-02-13T00:13:13.971+0000] {dagbag.py:588} INFO - Filling up the DagBag from /home/airflow/.local/lib/python3.12/site-packages/airflow/example_dags/example_sla_dag.py
[2025-02-13T00:13:13.984+0000] {processor.py:925} INFO - DAG(s) 'example_sla_dag' retrieved from /home/airflow/.local/lib/python3.12/site-packages/airflow/example_dags/example_sla_dag.py
[2025-02-13T00:13:14.006+0000] {logging_mixin.py:190} INFO - [2025-02-13T00:13:14.005+0000] {dag.py:3239} INFO - Sync 1 DAGs
[2025-02-13T00:13:14.036+0000] {logging_mixin.py:190} INFO - [2025-02-13T00:13:14.036+0000] {dag.py:4180} INFO - Setting next_dagrun for example_sla_dag to 2025-02-13 00:10:00+00:00, run_after=2025-02-13 00:12:00+00:00
[2025-02-13T00:13:14.054+0000] {processor.py:208} INFO - Processing /home/airflow/.local/lib/python3.12/site-packages/airflow/example_dags/example_sla_dag.py took 0.092 seconds
[2025-02-13T00:13:44.277+0000] {processor.py:186} INFO - Started process (PID=1554) to work on /home/airflow/.local/lib/python3.12/site-packages/airflow/example_dags/example_sla_dag.py
[2025-02-13T00:13:44.277+0000] {processor.py:914} INFO - Processing file /home/airflow/.local/lib/python3.12/site-packages/airflow/example_dags/example_sla_dag.py for tasks to queue
[2025-02-13T00:13:44.280+0000] {logging_mixin.py:190} INFO - [2025-02-13T00:13:44.280+0000] {dagbag.py:588} INFO - Filling up the DagBag from /home/airflow/.local/lib/python3.12/site-packages/airflow/example_dags/example_sla_dag.py
[2025-02-13T00:13:44.294+0000] {processor.py:925} INFO - DAG(s) 'example_sla_dag' retrieved from /home/airflow/.local/lib/python3.12/site-packages/airflow/example_dags/example_sla_dag.py
[2025-02-13T00:13:44.316+0000] {logging_mixin.py:190} INFO - [2025-02-13T00:13:44.315+0000] {dag.py:3239} INFO - Sync 1 DAGs
[2025-02-13T00:13:44.348+0000] {logging_mixin.py:190} INFO - [2025-02-13T00:13:44.348+0000] {dag.py:4180} INFO - Setting next_dagrun for example_sla_dag to 2025-02-13 00:10:00+00:00, run_after=2025-02-13 00:12:00+00:00
[2025-02-13T00:13:44.367+0000] {processor.py:208} INFO - Processing /home/airflow/.local/lib/python3.12/site-packages/airflow/example_dags/example_sla_dag.py took 0.098 seconds
[2025-02-13T00:14:15.245+0000] {processor.py:186} INFO - Started process (PID=1612) to work on /home/airflow/.local/lib/python3.12/site-packages/airflow/example_dags/example_sla_dag.py
[2025-02-13T00:14:15.246+0000] {processor.py:914} INFO - Processing file /home/airflow/.local/lib/python3.12/site-packages/airflow/example_dags/example_sla_dag.py for tasks to queue
[2025-02-13T00:14:15.248+0000] {logging_mixin.py:190} INFO - [2025-02-13T00:14:15.248+0000] {dagbag.py:588} INFO - Filling up the DagBag from /home/airflow/.local/lib/python3.12/site-packages/airflow/example_dags/example_sla_dag.py
[2025-02-13T00:14:15.260+0000] {processor.py:925} INFO - DAG(s) 'example_sla_dag' retrieved from /home/airflow/.local/lib/python3.12/site-packages/airflow/example_dags/example_sla_dag.py
[2025-02-13T00:14:15.281+0000] {logging_mixin.py:190} INFO - [2025-02-13T00:14:15.281+0000] {dag.py:3239} INFO - Sync 1 DAGs
[2025-02-13T00:14:15.314+0000] {logging_mixin.py:190} INFO - [2025-02-13T00:14:15.314+0000] {dag.py:4180} INFO - Setting next_dagrun for example_sla_dag to 2025-02-13 00:12:00+00:00, run_after=2025-02-13 00:14:00+00:00
[2025-02-13T00:14:15.332+0000] {processor.py:208} INFO - Processing /home/airflow/.local/lib/python3.12/site-packages/airflow/example_dags/example_sla_dag.py took 0.095 seconds
[2025-02-13T00:14:45.614+0000] {processor.py:186} INFO - Started process (PID=1670) to work on /home/airflow/.local/lib/python3.12/site-packages/airflow/example_dags/example_sla_dag.py
[2025-02-13T00:14:45.615+0000] {processor.py:914} INFO - Processing file /home/airflow/.local/lib/python3.12/site-packages/airflow/example_dags/example_sla_dag.py for tasks to queue
[2025-02-13T00:14:45.617+0000] {logging_mixin.py:190} INFO - [2025-02-13T00:14:45.617+0000] {dagbag.py:588} INFO - Filling up the DagBag from /home/airflow/.local/lib/python3.12/site-packages/airflow/example_dags/example_sla_dag.py
[2025-02-13T00:14:45.629+0000] {processor.py:925} INFO - DAG(s) 'example_sla_dag' retrieved from /home/airflow/.local/lib/python3.12/site-packages/airflow/example_dags/example_sla_dag.py
[2025-02-13T00:14:45.653+0000] {logging_mixin.py:190} INFO - [2025-02-13T00:14:45.653+0000] {dag.py:3239} INFO - Sync 1 DAGs
[2025-02-13T00:14:45.688+0000] {logging_mixin.py:190} INFO - [2025-02-13T00:14:45.687+0000] {dag.py:4180} INFO - Setting next_dagrun for example_sla_dag to 2025-02-13 00:12:00+00:00, run_after=2025-02-13 00:14:00+00:00
[2025-02-13T00:14:45.707+0000] {processor.py:208} INFO - Processing /home/airflow/.local/lib/python3.12/site-packages/airflow/example_dags/example_sla_dag.py took 0.099 seconds
[2025-02-13T00:15:15.852+0000] {processor.py:186} INFO - Started process (PID=1728) to work on /home/airflow/.local/lib/python3.12/site-packages/airflow/example_dags/example_sla_dag.py
[2025-02-13T00:15:15.853+0000] {processor.py:914} INFO - Processing file /home/airflow/.local/lib/python3.12/site-packages/airflow/example_dags/example_sla_dag.py for tasks to queue
[2025-02-13T00:15:15.855+0000] {logging_mixin.py:190} INFO - [2025-02-13T00:15:15.855+0000] {dagbag.py:588} INFO - Filling up the DagBag from /home/airflow/.local/lib/python3.12/site-packages/airflow/example_dags/example_sla_dag.py
[2025-02-13T00:15:15.867+0000] {processor.py:925} INFO - DAG(s) 'example_sla_dag' retrieved from /home/airflow/.local/lib/python3.12/site-packages/airflow/example_dags/example_sla_dag.py
[2025-02-13T00:15:15.889+0000] {logging_mixin.py:190} INFO - [2025-02-13T00:15:15.888+0000] {dag.py:3239} INFO - Sync 1 DAGs
[2025-02-13T00:15:15.920+0000] {logging_mixin.py:190} INFO - [2025-02-13T00:15:15.920+0000] {dag.py:4180} INFO - Setting next_dagrun for example_sla_dag to 2025-02-13 00:12:00+00:00, run_after=2025-02-13 00:14:00+00:00
[2025-02-13T00:15:15.937+0000] {processor.py:208} INFO - Processing /home/airflow/.local/lib/python3.12/site-packages/airflow/example_dags/example_sla_dag.py took 0.092 seconds
[2025-02-13T00:15:46.191+0000] {processor.py:186} INFO - Started process (PID=1786) to work on /home/airflow/.local/lib/python3.12/site-packages/airflow/example_dags/example_sla_dag.py
[2025-02-13T00:15:46.192+0000] {processor.py:914} INFO - Processing file /home/airflow/.local/lib/python3.12/site-packages/airflow/example_dags/example_sla_dag.py for tasks to queue
[2025-02-13T00:15:46.202+0000] {logging_mixin.py:190} INFO - [2025-02-13T00:15:46.194+0000] {dagbag.py:588} INFO - Filling up the DagBag from /home/airflow/.local/lib/python3.12/site-packages/airflow/example_dags/example_sla_dag.py
[2025-02-13T00:15:46.214+0000] {processor.py:925} INFO - DAG(s) 'example_sla_dag' retrieved from /home/airflow/.local/lib/python3.12/site-packages/airflow/example_dags/example_sla_dag.py
[2025-02-13T00:15:46.234+0000] {logging_mixin.py:190} INFO - [2025-02-13T00:15:46.234+0000] {dag.py:3239} INFO - Sync 1 DAGs
[2025-02-13T00:15:46.266+0000] {logging_mixin.py:190} INFO - [2025-02-13T00:15:46.266+0000] {dag.py:4180} INFO - Setting next_dagrun for example_sla_dag to 2025-02-13 00:12:00+00:00, run_after=2025-02-13 00:14:00+00:00
[2025-02-13T00:15:46.335+0000] {processor.py:208} INFO - Processing /home/airflow/.local/lib/python3.12/site-packages/airflow/example_dags/example_sla_dag.py took 0.152 seconds
[2025-02-13T00:16:16.505+0000] {processor.py:186} INFO - Started process (PID=1844) to work on /home/airflow/.local/lib/python3.12/site-packages/airflow/example_dags/example_sla_dag.py
[2025-02-13T00:16:16.505+0000] {processor.py:914} INFO - Processing file /home/airflow/.local/lib/python3.12/site-packages/airflow/example_dags/example_sla_dag.py for tasks to queue
[2025-02-13T00:16:16.508+0000] {logging_mixin.py:190} INFO - [2025-02-13T00:16:16.507+0000] {dagbag.py:588} INFO - Filling up the DagBag from /home/airflow/.local/lib/python3.12/site-packages/airflow/example_dags/example_sla_dag.py
[2025-02-13T00:16:16.520+0000] {processor.py:925} INFO - DAG(s) 'example_sla_dag' retrieved from /home/airflow/.local/lib/python3.12/site-packages/airflow/example_dags/example_sla_dag.py
[2025-02-13T00:16:16.544+0000] {logging_mixin.py:190} INFO - [2025-02-13T00:16:16.543+0000] {dag.py:3239} INFO - Sync 1 DAGs
[2025-02-13T00:16:16.575+0000] {logging_mixin.py:190} INFO - [2025-02-13T00:16:16.575+0000] {dag.py:4180} INFO - Setting next_dagrun for example_sla_dag to 2025-02-13 00:14:00+00:00, run_after=2025-02-13 00:16:00+00:00
[2025-02-13T00:16:16.593+0000] {processor.py:208} INFO - Processing /home/airflow/.local/lib/python3.12/site-packages/airflow/example_dags/example_sla_dag.py took 0.096 seconds
[2025-02-13T00:16:46.772+0000] {processor.py:186} INFO - Started process (PID=1902) to work on /home/airflow/.local/lib/python3.12/site-packages/airflow/example_dags/example_sla_dag.py
[2025-02-13T00:16:46.772+0000] {processor.py:914} INFO - Processing file /home/airflow/.local/lib/python3.12/site-packages/airflow/example_dags/example_sla_dag.py for tasks to queue
[2025-02-13T00:16:46.775+0000] {logging_mixin.py:190} INFO - [2025-02-13T00:16:46.774+0000] {dagbag.py:588} INFO - Filling up the DagBag from /home/airflow/.local/lib/python3.12/site-packages/airflow/example_dags/example_sla_dag.py
[2025-02-13T00:16:46.787+0000] {processor.py:925} INFO - DAG(s) 'example_sla_dag' retrieved from /home/airflow/.local/lib/python3.12/site-packages/airflow/example_dags/example_sla_dag.py
[2025-02-13T00:16:46.817+0000] {logging_mixin.py:190} INFO - [2025-02-13T00:16:46.817+0000] {dag.py:3239} INFO - Sync 1 DAGs
[2025-02-13T00:16:46.839+0000] {logging_mixin.py:190} INFO - [2025-02-13T00:16:46.839+0000] {dag.py:4180} INFO - Setting next_dagrun for example_sla_dag to 2025-02-13 00:14:00+00:00, run_after=2025-02-13 00:16:00+00:00
[2025-02-13T00:16:46.852+0000] {processor.py:208} INFO - Processing /home/airflow/.local/lib/python3.12/site-packages/airflow/example_dags/example_sla_dag.py took 0.088 seconds
[2025-02-13T00:17:17.141+0000] {processor.py:186} INFO - Started process (PID=1960) to work on /home/airflow/.local/lib/python3.12/site-packages/airflow/example_dags/example_sla_dag.py
[2025-02-13T00:17:17.142+0000] {processor.py:914} INFO - Processing file /home/airflow/.local/lib/python3.12/site-packages/airflow/example_dags/example_sla_dag.py for tasks to queue
[2025-02-13T00:17:17.144+0000] {logging_mixin.py:190} INFO - [2025-02-13T00:17:17.144+0000] {dagbag.py:588} INFO - Filling up the DagBag from /home/airflow/.local/lib/python3.12/site-packages/airflow/example_dags/example_sla_dag.py
[2025-02-13T00:17:17.156+0000] {processor.py:925} INFO - DAG(s) 'example_sla_dag' retrieved from /home/airflow/.local/lib/python3.12/site-packages/airflow/example_dags/example_sla_dag.py
[2025-02-13T00:17:17.178+0000] {logging_mixin.py:190} INFO - [2025-02-13T00:17:17.177+0000] {dag.py:3239} INFO - Sync 1 DAGs
[2025-02-13T00:17:17.211+0000] {logging_mixin.py:190} INFO - [2025-02-13T00:17:17.211+0000] {dag.py:4180} INFO - Setting next_dagrun for example_sla_dag to 2025-02-13 00:14:00+00:00, run_after=2025-02-13 00:16:00+00:00
[2025-02-13T00:17:17.229+0000] {processor.py:208} INFO - Processing /home/airflow/.local/lib/python3.12/site-packages/airflow/example_dags/example_sla_dag.py took 0.094 seconds
[2025-02-13T00:17:47.380+0000] {processor.py:186} INFO - Started process (PID=2018) to work on /home/airflow/.local/lib/python3.12/site-packages/airflow/example_dags/example_sla_dag.py
[2025-02-13T00:17:47.381+0000] {processor.py:914} INFO - Processing file /home/airflow/.local/lib/python3.12/site-packages/airflow/example_dags/example_sla_dag.py for tasks to queue
[2025-02-13T00:17:47.384+0000] {logging_mixin.py:190} INFO - [2025-02-13T00:17:47.383+0000] {dagbag.py:588} INFO - Filling up the DagBag from /home/airflow/.local/lib/python3.12/site-packages/airflow/example_dags/example_sla_dag.py
[2025-02-13T00:17:47.395+0000] {processor.py:925} INFO - DAG(s) 'example_sla_dag' retrieved from /home/airflow/.local/lib/python3.12/site-packages/airflow/example_dags/example_sla_dag.py
[2025-02-13T00:17:47.417+0000] {logging_mixin.py:190} INFO - [2025-02-13T00:17:47.416+0000] {dag.py:3239} INFO - Sync 1 DAGs
[2025-02-13T00:17:47.449+0000] {logging_mixin.py:190} INFO - [2025-02-13T00:17:47.449+0000] {dag.py:4180} INFO - Setting next_dagrun for example_sla_dag to 2025-02-13 00:14:00+00:00, run_after=2025-02-13 00:16:00+00:00
[2025-02-13T00:17:47.466+0000] {processor.py:208} INFO - Processing /home/airflow/.local/lib/python3.12/site-packages/airflow/example_dags/example_sla_dag.py took 0.093 seconds
[2025-02-13T00:18:17.660+0000] {processor.py:186} INFO - Started process (PID=2076) to work on /home/airflow/.local/lib/python3.12/site-packages/airflow/example_dags/example_sla_dag.py
[2025-02-13T00:18:17.661+0000] {processor.py:914} INFO - Processing file /home/airflow/.local/lib/python3.12/site-packages/airflow/example_dags/example_sla_dag.py for tasks to queue
[2025-02-13T00:18:17.663+0000] {logging_mixin.py:190} INFO - [2025-02-13T00:18:17.663+0000] {dagbag.py:588} INFO - Filling up the DagBag from /home/airflow/.local/lib/python3.12/site-packages/airflow/example_dags/example_sla_dag.py
[2025-02-13T00:18:17.675+0000] {processor.py:925} INFO - DAG(s) 'example_sla_dag' retrieved from /home/airflow/.local/lib/python3.12/site-packages/airflow/example_dags/example_sla_dag.py
[2025-02-13T00:18:17.697+0000] {logging_mixin.py:190} INFO - [2025-02-13T00:18:17.696+0000] {dag.py:3239} INFO - Sync 1 DAGs
[2025-02-13T00:18:17.730+0000] {logging_mixin.py:190} INFO - [2025-02-13T00:18:17.729+0000] {dag.py:4180} INFO - Setting next_dagrun for example_sla_dag to 2025-02-13 00:16:00+00:00, run_after=2025-02-13 00:18:00+00:00
[2025-02-13T00:18:17.748+0000] {processor.py:208} INFO - Processing /home/airflow/.local/lib/python3.12/site-packages/airflow/example_dags/example_sla_dag.py took 0.094 seconds
[2025-02-13T00:18:48.812+0000] {processor.py:186} INFO - Started process (PID=2134) to work on /home/airflow/.local/lib/python3.12/site-packages/airflow/example_dags/example_sla_dag.py
[2025-02-13T00:18:48.813+0000] {processor.py:914} INFO - Processing file /home/airflow/.local/lib/python3.12/site-packages/airflow/example_dags/example_sla_dag.py for tasks to queue
[2025-02-13T00:18:48.815+0000] {logging_mixin.py:190} INFO - [2025-02-13T00:18:48.815+0000] {dagbag.py:588} INFO - Filling up the DagBag from /home/airflow/.local/lib/python3.12/site-packages/airflow/example_dags/example_sla_dag.py
[2025-02-13T00:18:48.828+0000] {processor.py:925} INFO - DAG(s) 'example_sla_dag' retrieved from /home/airflow/.local/lib/python3.12/site-packages/airflow/example_dags/example_sla_dag.py
[2025-02-13T00:18:48.851+0000] {logging_mixin.py:190} INFO - [2025-02-13T00:18:48.850+0000] {dag.py:3239} INFO - Sync 1 DAGs
[2025-02-13T00:18:48.884+0000] {logging_mixin.py:190} INFO - [2025-02-13T00:18:48.884+0000] {dag.py:4180} INFO - Setting next_dagrun for example_sla_dag to 2025-02-13 00:16:00+00:00, run_after=2025-02-13 00:18:00+00:00
[2025-02-13T00:18:48.902+0000] {processor.py:208} INFO - Processing /home/airflow/.local/lib/python3.12/site-packages/airflow/example_dags/example_sla_dag.py took 0.097 seconds
[2025-02-13T00:19:19.003+0000] {processor.py:186} INFO - Started process (PID=2192) to work on /home/airflow/.local/lib/python3.12/site-packages/airflow/example_dags/example_sla_dag.py
[2025-02-13T00:19:19.004+0000] {processor.py:914} INFO - Processing file /home/airflow/.local/lib/python3.12/site-packages/airflow/example_dags/example_sla_dag.py for tasks to queue
[2025-02-13T00:19:19.006+0000] {logging_mixin.py:190} INFO - [2025-02-13T00:19:19.006+0000] {dagbag.py:588} INFO - Filling up the DagBag from /home/airflow/.local/lib/python3.12/site-packages/airflow/example_dags/example_sla_dag.py
[2025-02-13T00:19:19.018+0000] {processor.py:925} INFO - DAG(s) 'example_sla_dag' retrieved from /home/airflow/.local/lib/python3.12/site-packages/airflow/example_dags/example_sla_dag.py
[2025-02-13T00:19:19.040+0000] {logging_mixin.py:190} INFO - [2025-02-13T00:19:19.039+0000] {dag.py:3239} INFO - Sync 1 DAGs
[2025-02-13T00:19:19.074+0000] {logging_mixin.py:190} INFO - [2025-02-13T00:19:19.074+0000] {dag.py:4180} INFO - Setting next_dagrun for example_sla_dag to 2025-02-13 00:16:00+00:00, run_after=2025-02-13 00:18:00+00:00
[2025-02-13T00:19:19.092+0000] {processor.py:208} INFO - Processing /home/airflow/.local/lib/python3.12/site-packages/airflow/example_dags/example_sla_dag.py took 0.096 seconds
[2025-02-13T00:19:49.158+0000] {processor.py:186} INFO - Started process (PID=2249) to work on /home/airflow/.local/lib/python3.12/site-packages/airflow/example_dags/example_sla_dag.py
[2025-02-13T00:19:49.159+0000] {processor.py:914} INFO - Processing file /home/airflow/.local/lib/python3.12/site-packages/airflow/example_dags/example_sla_dag.py for tasks to queue
[2025-02-13T00:19:49.162+0000] {logging_mixin.py:190} INFO - [2025-02-13T00:19:49.161+0000] {dagbag.py:588} INFO - Filling up the DagBag from /home/airflow/.local/lib/python3.12/site-packages/airflow/example_dags/example_sla_dag.py
[2025-02-13T00:19:49.188+0000] {processor.py:925} INFO - DAG(s) 'example_sla_dag' retrieved from /home/airflow/.local/lib/python3.12/site-packages/airflow/example_dags/example_sla_dag.py
[2025-02-13T00:19:49.214+0000] {logging_mixin.py:190} INFO - [2025-02-13T00:19:49.213+0000] {dag.py:3239} INFO - Sync 1 DAGs
[2025-02-13T00:19:49.246+0000] {logging_mixin.py:190} INFO - [2025-02-13T00:19:49.246+0000] {dag.py:4180} INFO - Setting next_dagrun for example_sla_dag to 2025-02-13 00:16:00+00:00, run_after=2025-02-13 00:18:00+00:00
[2025-02-13T00:19:49.264+0000] {processor.py:208} INFO - Processing /home/airflow/.local/lib/python3.12/site-packages/airflow/example_dags/example_sla_dag.py took 0.114 seconds
[2025-02-13T00:20:19.326+0000] {processor.py:186} INFO - Started process (PID=2307) to work on /home/airflow/.local/lib/python3.12/site-packages/airflow/example_dags/example_sla_dag.py
[2025-02-13T00:20:19.327+0000] {processor.py:914} INFO - Processing file /home/airflow/.local/lib/python3.12/site-packages/airflow/example_dags/example_sla_dag.py for tasks to queue
[2025-02-13T00:20:19.330+0000] {logging_mixin.py:190} INFO - [2025-02-13T00:20:19.330+0000] {dagbag.py:588} INFO - Filling up the DagBag from /home/airflow/.local/lib/python3.12/site-packages/airflow/example_dags/example_sla_dag.py
[2025-02-13T00:20:19.342+0000] {processor.py:925} INFO - DAG(s) 'example_sla_dag' retrieved from /home/airflow/.local/lib/python3.12/site-packages/airflow/example_dags/example_sla_dag.py
[2025-02-13T00:20:19.364+0000] {logging_mixin.py:190} INFO - [2025-02-13T00:20:19.363+0000] {dag.py:3239} INFO - Sync 1 DAGs
[2025-02-13T00:20:19.397+0000] {logging_mixin.py:190} INFO - [2025-02-13T00:20:19.397+0000] {dag.py:4180} INFO - Setting next_dagrun for example_sla_dag to 2025-02-13 00:18:00+00:00, run_after=2025-02-13 00:20:00+00:00
[2025-02-13T00:20:19.416+0000] {processor.py:208} INFO - Processing /home/airflow/.local/lib/python3.12/site-packages/airflow/example_dags/example_sla_dag.py took 0.097 seconds
[2025-02-13T00:20:49.657+0000] {processor.py:186} INFO - Started process (PID=2365) to work on /home/airflow/.local/lib/python3.12/site-packages/airflow/example_dags/example_sla_dag.py
[2025-02-13T00:20:49.658+0000] {processor.py:914} INFO - Processing file /home/airflow/.local/lib/python3.12/site-packages/airflow/example_dags/example_sla_dag.py for tasks to queue
[2025-02-13T00:20:49.660+0000] {logging_mixin.py:190} INFO - [2025-02-13T00:20:49.660+0000] {dagbag.py:588} INFO - Filling up the DagBag from /home/airflow/.local/lib/python3.12/site-packages/airflow/example_dags/example_sla_dag.py
[2025-02-13T00:20:49.672+0000] {processor.py:925} INFO - DAG(s) 'example_sla_dag' retrieved from /home/airflow/.local/lib/python3.12/site-packages/airflow/example_dags/example_sla_dag.py
[2025-02-13T00:20:49.692+0000] {logging_mixin.py:190} INFO - [2025-02-13T00:20:49.692+0000] {dag.py:3239} INFO - Sync 1 DAGs
[2025-02-13T00:20:49.725+0000] {logging_mixin.py:190} INFO - [2025-02-13T00:20:49.724+0000] {dag.py:4180} INFO - Setting next_dagrun for example_sla_dag to 2025-02-13 00:18:00+00:00, run_after=2025-02-13 00:20:00+00:00
[2025-02-13T00:20:49.742+0000] {processor.py:208} INFO - Processing /home/airflow/.local/lib/python3.12/site-packages/airflow/example_dags/example_sla_dag.py took 0.093 seconds
[2025-02-13T00:21:19.946+0000] {processor.py:186} INFO - Started process (PID=2423) to work on /home/airflow/.local/lib/python3.12/site-packages/airflow/example_dags/example_sla_dag.py
[2025-02-13T00:21:19.947+0000] {processor.py:914} INFO - Processing file /home/airflow/.local/lib/python3.12/site-packages/airflow/example_dags/example_sla_dag.py for tasks to queue
[2025-02-13T00:21:19.949+0000] {logging_mixin.py:190} INFO - [2025-02-13T00:21:19.949+0000] {dagbag.py:588} INFO - Filling up the DagBag from /home/airflow/.local/lib/python3.12/site-packages/airflow/example_dags/example_sla_dag.py
[2025-02-13T00:21:19.961+0000] {processor.py:925} INFO - DAG(s) 'example_sla_dag' retrieved from /home/airflow/.local/lib/python3.12/site-packages/airflow/example_dags/example_sla_dag.py
[2025-02-13T00:21:19.982+0000] {logging_mixin.py:190} INFO - [2025-02-13T00:21:19.981+0000] {dag.py:3239} INFO - Sync 1 DAGs
[2025-02-13T00:21:20.013+0000] {logging_mixin.py:190} INFO - [2025-02-13T00:21:20.013+0000] {dag.py:4180} INFO - Setting next_dagrun for example_sla_dag to 2025-02-13 00:18:00+00:00, run_after=2025-02-13 00:20:00+00:00
[2025-02-13T00:21:20.044+0000] {processor.py:208} INFO - Processing /home/airflow/.local/lib/python3.12/site-packages/airflow/example_dags/example_sla_dag.py took 0.106 seconds
[2025-02-13T00:21:50.338+0000] {processor.py:186} INFO - Started process (PID=2481) to work on /home/airflow/.local/lib/python3.12/site-packages/airflow/example_dags/example_sla_dag.py
[2025-02-13T00:21:50.339+0000] {processor.py:914} INFO - Processing file /home/airflow/.local/lib/python3.12/site-packages/airflow/example_dags/example_sla_dag.py for tasks to queue
[2025-02-13T00:21:50.341+0000] {logging_mixin.py:190} INFO - [2025-02-13T00:21:50.341+0000] {dagbag.py:588} INFO - Filling up the DagBag from /home/airflow/.local/lib/python3.12/site-packages/airflow/example_dags/example_sla_dag.py
[2025-02-13T00:21:50.354+0000] {processor.py:925} INFO - DAG(s) 'example_sla_dag' retrieved from /home/airflow/.local/lib/python3.12/site-packages/airflow/example_dags/example_sla_dag.py
[2025-02-13T00:21:50.375+0000] {logging_mixin.py:190} INFO - [2025-02-13T00:21:50.375+0000] {dag.py:3239} INFO - Sync 1 DAGs
[2025-02-13T00:21:50.408+0000] {logging_mixin.py:190} INFO - [2025-02-13T00:21:50.408+0000] {dag.py:4180} INFO - Setting next_dagrun for example_sla_dag to 2025-02-13 00:18:00+00:00, run_after=2025-02-13 00:20:00+00:00
[2025-02-13T00:21:50.426+0000] {processor.py:208} INFO - Processing /home/airflow/.local/lib/python3.12/site-packages/airflow/example_dags/example_sla_dag.py took 0.094 seconds
[2025-02-13T00:22:20.490+0000] {processor.py:186} INFO - Started process (PID=2539) to work on /home/airflow/.local/lib/python3.12/site-packages/airflow/example_dags/example_sla_dag.py
[2025-02-13T00:22:20.490+0000] {processor.py:914} INFO - Processing file /home/airflow/.local/lib/python3.12/site-packages/airflow/example_dags/example_sla_dag.py for tasks to queue
[2025-02-13T00:22:20.493+0000] {logging_mixin.py:190} INFO - [2025-02-13T00:22:20.493+0000] {dagbag.py:588} INFO - Filling up the DagBag from /home/airflow/.local/lib/python3.12/site-packages/airflow/example_dags/example_sla_dag.py
[2025-02-13T00:22:20.505+0000] {processor.py:925} INFO - DAG(s) 'example_sla_dag' retrieved from /home/airflow/.local/lib/python3.12/site-packages/airflow/example_dags/example_sla_dag.py
[2025-02-13T00:22:20.526+0000] {logging_mixin.py:190} INFO - [2025-02-13T00:22:20.526+0000] {dag.py:3239} INFO - Sync 1 DAGs
[2025-02-13T00:22:20.559+0000] {logging_mixin.py:190} INFO - [2025-02-13T00:22:20.559+0000] {dag.py:4180} INFO - Setting next_dagrun for example_sla_dag to 2025-02-13 00:20:00+00:00, run_after=2025-02-13 00:22:00+00:00
[2025-02-13T00:22:20.578+0000] {processor.py:208} INFO - Processing /home/airflow/.local/lib/python3.12/site-packages/airflow/example_dags/example_sla_dag.py took 0.095 seconds
[2025-02-13T00:22:51.331+0000] {processor.py:186} INFO - Started process (PID=2593) to work on /home/airflow/.local/lib/python3.12/site-packages/airflow/example_dags/example_sla_dag.py
[2025-02-13T00:22:51.332+0000] {processor.py:914} INFO - Processing file /home/airflow/.local/lib/python3.12/site-packages/airflow/example_dags/example_sla_dag.py for tasks to queue
[2025-02-13T00:22:51.334+0000] {logging_mixin.py:190} INFO - [2025-02-13T00:22:51.334+0000] {dagbag.py:588} INFO - Filling up the DagBag from /home/airflow/.local/lib/python3.12/site-packages/airflow/example_dags/example_sla_dag.py
[2025-02-13T00:22:51.347+0000] {processor.py:925} INFO - DAG(s) 'example_sla_dag' retrieved from /home/airflow/.local/lib/python3.12/site-packages/airflow/example_dags/example_sla_dag.py
[2025-02-13T00:22:51.371+0000] {logging_mixin.py:190} INFO - [2025-02-13T00:22:51.370+0000] {dag.py:3239} INFO - Sync 1 DAGs
[2025-02-13T00:22:51.402+0000] {logging_mixin.py:190} INFO - [2025-02-13T00:22:51.402+0000] {dag.py:4180} INFO - Setting next_dagrun for example_sla_dag to 2025-02-13 00:20:00+00:00, run_after=2025-02-13 00:22:00+00:00
[2025-02-13T00:22:51.421+0000] {processor.py:208} INFO - Processing /home/airflow/.local/lib/python3.12/site-packages/airflow/example_dags/example_sla_dag.py took 0.097 seconds
[2025-02-13T00:23:21.711+0000] {processor.py:186} INFO - Started process (PID=2651) to work on /home/airflow/.local/lib/python3.12/site-packages/airflow/example_dags/example_sla_dag.py
[2025-02-13T00:23:21.712+0000] {processor.py:914} INFO - Processing file /home/airflow/.local/lib/python3.12/site-packages/airflow/example_dags/example_sla_dag.py for tasks to queue
[2025-02-13T00:23:21.714+0000] {logging_mixin.py:190} INFO - [2025-02-13T00:23:21.713+0000] {dagbag.py:588} INFO - Filling up the DagBag from /home/airflow/.local/lib/python3.12/site-packages/airflow/example_dags/example_sla_dag.py
[2025-02-13T00:23:21.722+0000] {processor.py:925} INFO - DAG(s) 'example_sla_dag' retrieved from /home/airflow/.local/lib/python3.12/site-packages/airflow/example_dags/example_sla_dag.py
[2025-02-13T00:23:21.737+0000] {logging_mixin.py:190} INFO - [2025-02-13T00:23:21.737+0000] {dag.py:3239} INFO - Sync 1 DAGs
[2025-02-13T00:23:21.759+0000] {logging_mixin.py:190} INFO - [2025-02-13T00:23:21.759+0000] {dag.py:4180} INFO - Setting next_dagrun for example_sla_dag to 2025-02-13 00:20:00+00:00, run_after=2025-02-13 00:22:00+00:00
[2025-02-13T00:23:21.772+0000] {processor.py:208} INFO - Processing /home/airflow/.local/lib/python3.12/site-packages/airflow/example_dags/example_sla_dag.py took 0.066 seconds
[2025-02-13T00:23:52.968+0000] {processor.py:186} INFO - Started process (PID=2709) to work on /home/airflow/.local/lib/python3.12/site-packages/airflow/example_dags/example_sla_dag.py
[2025-02-13T00:23:52.969+0000] {processor.py:914} INFO - Processing file /home/airflow/.local/lib/python3.12/site-packages/airflow/example_dags/example_sla_dag.py for tasks to queue
[2025-02-13T00:23:52.971+0000] {logging_mixin.py:190} INFO - [2025-02-13T00:23:52.971+0000] {dagbag.py:588} INFO - Filling up the DagBag from /home/airflow/.local/lib/python3.12/site-packages/airflow/example_dags/example_sla_dag.py
[2025-02-13T00:23:52.983+0000] {processor.py:925} INFO - DAG(s) 'example_sla_dag' retrieved from /home/airflow/.local/lib/python3.12/site-packages/airflow/example_dags/example_sla_dag.py
[2025-02-13T00:23:53.003+0000] {logging_mixin.py:190} INFO - [2025-02-13T00:23:53.003+0000] {dag.py:3239} INFO - Sync 1 DAGs
[2025-02-13T00:23:53.034+0000] {logging_mixin.py:190} INFO - [2025-02-13T00:23:53.034+0000] {dag.py:4180} INFO - Setting next_dagrun for example_sla_dag to 2025-02-13 00:20:00+00:00, run_after=2025-02-13 00:22:00+00:00
[2025-02-13T00:23:53.052+0000] {processor.py:208} INFO - Processing /home/airflow/.local/lib/python3.12/site-packages/airflow/example_dags/example_sla_dag.py took 0.092 seconds
[2025-02-13T00:24:23.200+0000] {processor.py:186} INFO - Started process (PID=2756) to work on /home/airflow/.local/lib/python3.12/site-packages/airflow/example_dags/example_sla_dag.py
[2025-02-13T00:24:23.201+0000] {processor.py:914} INFO - Processing file /home/airflow/.local/lib/python3.12/site-packages/airflow/example_dags/example_sla_dag.py for tasks to queue
[2025-02-13T00:24:23.203+0000] {logging_mixin.py:190} INFO - [2025-02-13T00:24:23.203+0000] {dagbag.py:588} INFO - Filling up the DagBag from /home/airflow/.local/lib/python3.12/site-packages/airflow/example_dags/example_sla_dag.py
[2025-02-13T00:24:23.215+0000] {processor.py:925} INFO - DAG(s) 'example_sla_dag' retrieved from /home/airflow/.local/lib/python3.12/site-packages/airflow/example_dags/example_sla_dag.py
[2025-02-13T00:24:23.238+0000] {logging_mixin.py:190} INFO - [2025-02-13T00:24:23.238+0000] {dag.py:3239} INFO - Sync 1 DAGs
[2025-02-13T00:24:23.271+0000] {logging_mixin.py:190} INFO - [2025-02-13T00:24:23.270+0000] {dag.py:4180} INFO - Setting next_dagrun for example_sla_dag to 2025-02-13 00:22:00+00:00, run_after=2025-02-13 00:24:00+00:00
[2025-02-13T00:24:23.290+0000] {processor.py:208} INFO - Processing /home/airflow/.local/lib/python3.12/site-packages/airflow/example_dags/example_sla_dag.py took 0.096 seconds
[2025-02-13T00:24:53.466+0000] {processor.py:186} INFO - Started process (PID=2814) to work on /home/airflow/.local/lib/python3.12/site-packages/airflow/example_dags/example_sla_dag.py
[2025-02-13T00:24:53.467+0000] {processor.py:914} INFO - Processing file /home/airflow/.local/lib/python3.12/site-packages/airflow/example_dags/example_sla_dag.py for tasks to queue
[2025-02-13T00:24:53.469+0000] {logging_mixin.py:190} INFO - [2025-02-13T00:24:53.468+0000] {dagbag.py:588} INFO - Filling up the DagBag from /home/airflow/.local/lib/python3.12/site-packages/airflow/example_dags/example_sla_dag.py
[2025-02-13T00:24:53.477+0000] {processor.py:925} INFO - DAG(s) 'example_sla_dag' retrieved from /home/airflow/.local/lib/python3.12/site-packages/airflow/example_dags/example_sla_dag.py
[2025-02-13T00:24:53.492+0000] {logging_mixin.py:190} INFO - [2025-02-13T00:24:53.492+0000] {dag.py:3239} INFO - Sync 1 DAGs
[2025-02-13T00:24:53.513+0000] {logging_mixin.py:190} INFO - [2025-02-13T00:24:53.513+0000] {dag.py:4180} INFO - Setting next_dagrun for example_sla_dag to 2025-02-13 00:22:00+00:00, run_after=2025-02-13 00:24:00+00:00
[2025-02-13T00:24:53.525+0000] {processor.py:208} INFO - Processing /home/airflow/.local/lib/python3.12/site-packages/airflow/example_dags/example_sla_dag.py took 0.064 seconds
[2025-02-13T00:25:23.627+0000] {processor.py:186} INFO - Started process (PID=2872) to work on /home/airflow/.local/lib/python3.12/site-packages/airflow/example_dags/example_sla_dag.py
[2025-02-13T00:25:23.628+0000] {processor.py:914} INFO - Processing file /home/airflow/.local/lib/python3.12/site-packages/airflow/example_dags/example_sla_dag.py for tasks to queue
[2025-02-13T00:25:23.630+0000] {logging_mixin.py:190} INFO - [2025-02-13T00:25:23.629+0000] {dagbag.py:588} INFO - Filling up the DagBag from /home/airflow/.local/lib/python3.12/site-packages/airflow/example_dags/example_sla_dag.py
[2025-02-13T00:25:23.638+0000] {processor.py:925} INFO - DAG(s) 'example_sla_dag' retrieved from /home/airflow/.local/lib/python3.12/site-packages/airflow/example_dags/example_sla_dag.py
[2025-02-13T00:25:23.654+0000] {logging_mixin.py:190} INFO - [2025-02-13T00:25:23.653+0000] {dag.py:3239} INFO - Sync 1 DAGs
[2025-02-13T00:25:23.675+0000] {logging_mixin.py:190} INFO - [2025-02-13T00:25:23.675+0000] {dag.py:4180} INFO - Setting next_dagrun for example_sla_dag to 2025-02-13 00:22:00+00:00, run_after=2025-02-13 00:24:00+00:00
[2025-02-13T00:25:23.690+0000] {processor.py:208} INFO - Processing /home/airflow/.local/lib/python3.12/site-packages/airflow/example_dags/example_sla_dag.py took 0.067 seconds
[2025-02-13T00:25:54.026+0000] {processor.py:186} INFO - Started process (PID=2930) to work on /home/airflow/.local/lib/python3.12/site-packages/airflow/example_dags/example_sla_dag.py
[2025-02-13T00:25:54.026+0000] {processor.py:914} INFO - Processing file /home/airflow/.local/lib/python3.12/site-packages/airflow/example_dags/example_sla_dag.py for tasks to queue
[2025-02-13T00:25:54.028+0000] {logging_mixin.py:190} INFO - [2025-02-13T00:25:54.028+0000] {dagbag.py:588} INFO - Filling up the DagBag from /home/airflow/.local/lib/python3.12/site-packages/airflow/example_dags/example_sla_dag.py
[2025-02-13T00:25:54.036+0000] {processor.py:925} INFO - DAG(s) 'example_sla_dag' retrieved from /home/airflow/.local/lib/python3.12/site-packages/airflow/example_dags/example_sla_dag.py
[2025-02-13T00:25:54.051+0000] {logging_mixin.py:190} INFO - [2025-02-13T00:25:54.051+0000] {dag.py:3239} INFO - Sync 1 DAGs
[2025-02-13T00:25:54.073+0000] {logging_mixin.py:190} INFO - [2025-02-13T00:25:54.072+0000] {dag.py:4180} INFO - Setting next_dagrun for example_sla_dag to 2025-02-13 00:22:00+00:00, run_after=2025-02-13 00:24:00+00:00
[2025-02-13T00:25:54.086+0000] {processor.py:208} INFO - Processing /home/airflow/.local/lib/python3.12/site-packages/airflow/example_dags/example_sla_dag.py took 0.067 seconds
[2025-02-13T00:26:24.472+0000] {processor.py:186} INFO - Started process (PID=2988) to work on /home/airflow/.local/lib/python3.12/site-packages/airflow/example_dags/example_sla_dag.py
[2025-02-13T00:26:24.472+0000] {processor.py:914} INFO - Processing file /home/airflow/.local/lib/python3.12/site-packages/airflow/example_dags/example_sla_dag.py for tasks to queue
[2025-02-13T00:26:24.474+0000] {logging_mixin.py:190} INFO - [2025-02-13T00:26:24.474+0000] {dagbag.py:588} INFO - Filling up the DagBag from /home/airflow/.local/lib/python3.12/site-packages/airflow/example_dags/example_sla_dag.py
[2025-02-13T00:26:24.483+0000] {processor.py:925} INFO - DAG(s) 'example_sla_dag' retrieved from /home/airflow/.local/lib/python3.12/site-packages/airflow/example_dags/example_sla_dag.py
[2025-02-13T00:26:24.501+0000] {logging_mixin.py:190} INFO - [2025-02-13T00:26:24.500+0000] {dag.py:3239} INFO - Sync 1 DAGs
[2025-02-13T00:26:24.523+0000] {logging_mixin.py:190} INFO - [2025-02-13T00:26:24.523+0000] {dag.py:4180} INFO - Setting next_dagrun for example_sla_dag to 2025-02-13 00:24:00+00:00, run_after=2025-02-13 00:26:00+00:00
[2025-02-13T00:26:24.537+0000] {processor.py:208} INFO - Processing /home/airflow/.local/lib/python3.12/site-packages/airflow/example_dags/example_sla_dag.py took 0.070 seconds
[2025-02-13T00:26:54.645+0000] {processor.py:186} INFO - Started process (PID=3046) to work on /home/airflow/.local/lib/python3.12/site-packages/airflow/example_dags/example_sla_dag.py
[2025-02-13T00:26:54.645+0000] {processor.py:914} INFO - Processing file /home/airflow/.local/lib/python3.12/site-packages/airflow/example_dags/example_sla_dag.py for tasks to queue
[2025-02-13T00:26:54.647+0000] {logging_mixin.py:190} INFO - [2025-02-13T00:26:54.647+0000] {dagbag.py:588} INFO - Filling up the DagBag from /home/airflow/.local/lib/python3.12/site-packages/airflow/example_dags/example_sla_dag.py
[2025-02-13T00:26:54.656+0000] {processor.py:925} INFO - DAG(s) 'example_sla_dag' retrieved from /home/airflow/.local/lib/python3.12/site-packages/airflow/example_dags/example_sla_dag.py
[2025-02-13T00:26:54.671+0000] {logging_mixin.py:190} INFO - [2025-02-13T00:26:54.670+0000] {dag.py:3239} INFO - Sync 1 DAGs
[2025-02-13T00:26:54.693+0000] {logging_mixin.py:190} INFO - [2025-02-13T00:26:54.693+0000] {dag.py:4180} INFO - Setting next_dagrun for example_sla_dag to 2025-02-13 00:24:00+00:00, run_after=2025-02-13 00:26:00+00:00
[2025-02-13T00:26:54.706+0000] {processor.py:208} INFO - Processing /home/airflow/.local/lib/python3.12/site-packages/airflow/example_dags/example_sla_dag.py took 0.066 seconds
[2025-02-13T00:27:25.210+0000] {processor.py:186} INFO - Started process (PID=3104) to work on /home/airflow/.local/lib/python3.12/site-packages/airflow/example_dags/example_sla_dag.py
[2025-02-13T00:27:25.211+0000] {processor.py:914} INFO - Processing file /home/airflow/.local/lib/python3.12/site-packages/airflow/example_dags/example_sla_dag.py for tasks to queue
[2025-02-13T00:27:25.213+0000] {logging_mixin.py:190} INFO - [2025-02-13T00:27:25.212+0000] {dagbag.py:588} INFO - Filling up the DagBag from /home/airflow/.local/lib/python3.12/site-packages/airflow/example_dags/example_sla_dag.py
[2025-02-13T00:27:25.221+0000] {processor.py:925} INFO - DAG(s) 'example_sla_dag' retrieved from /home/airflow/.local/lib/python3.12/site-packages/airflow/example_dags/example_sla_dag.py
[2025-02-13T00:27:25.236+0000] {logging_mixin.py:190} INFO - [2025-02-13T00:27:25.236+0000] {dag.py:3239} INFO - Sync 1 DAGs
[2025-02-13T00:27:25.260+0000] {logging_mixin.py:190} INFO - [2025-02-13T00:27:25.260+0000] {dag.py:4180} INFO - Setting next_dagrun for example_sla_dag to 2025-02-13 00:24:00+00:00, run_after=2025-02-13 00:26:00+00:00
[2025-02-13T00:27:25.273+0000] {processor.py:208} INFO - Processing /home/airflow/.local/lib/python3.12/site-packages/airflow/example_dags/example_sla_dag.py took 0.067 seconds
[2025-02-13T00:27:55.386+0000] {processor.py:186} INFO - Started process (PID=3162) to work on /home/airflow/.local/lib/python3.12/site-packages/airflow/example_dags/example_sla_dag.py
[2025-02-13T00:27:55.387+0000] {processor.py:914} INFO - Processing file /home/airflow/.local/lib/python3.12/site-packages/airflow/example_dags/example_sla_dag.py for tasks to queue
[2025-02-13T00:27:55.389+0000] {logging_mixin.py:190} INFO - [2025-02-13T00:27:55.388+0000] {dagbag.py:588} INFO - Filling up the DagBag from /home/airflow/.local/lib/python3.12/site-packages/airflow/example_dags/example_sla_dag.py
[2025-02-13T00:27:55.397+0000] {processor.py:925} INFO - DAG(s) 'example_sla_dag' retrieved from /home/airflow/.local/lib/python3.12/site-packages/airflow/example_dags/example_sla_dag.py
[2025-02-13T00:27:55.417+0000] {logging_mixin.py:190} INFO - [2025-02-13T00:27:55.416+0000] {dag.py:3239} INFO - Sync 1 DAGs
[2025-02-13T00:27:55.452+0000] {logging_mixin.py:190} INFO - [2025-02-13T00:27:55.451+0000] {dag.py:4180} INFO - Setting next_dagrun for example_sla_dag to 2025-02-13 00:24:00+00:00, run_after=2025-02-13 00:26:00+00:00
[2025-02-13T00:27:55.468+0000] {processor.py:208} INFO - Processing /home/airflow/.local/lib/python3.12/site-packages/airflow/example_dags/example_sla_dag.py took 0.088 seconds
