[2025-02-13T00:00:48.503+0000] {processor.py:186} INFO - Started process (PID=171) to work on /home/airflow/.local/lib/python3.12/site-packages/airflow/example_dags/example_task_group.py
[2025-02-13T00:00:48.504+0000] {processor.py:914} INFO - Processing file /home/airflow/.local/lib/python3.12/site-packages/airflow/example_dags/example_task_group.py for tasks to queue
[2025-02-13T00:00:48.507+0000] {logging_mixin.py:190} INFO - [2025-02-13T00:00:48.506+0000] {dagbag.py:588} INFO - Filling up the DagBag from /home/airflow/.local/lib/python3.12/site-packages/airflow/example_dags/example_task_group.py
[2025-02-13T00:00:48.544+0000] {processor.py:925} INFO - DAG(s) 'example_task_group' retrieved from /home/airflow/.local/lib/python3.12/site-packages/airflow/example_dags/example_task_group.py
[2025-02-13T00:00:48.619+0000] {logging_mixin.py:190} INFO - [2025-02-13T00:00:48.619+0000] {dag.py:3239} INFO - Sync 1 DAGs
[2025-02-13T00:00:48.653+0000] {logging_mixin.py:190} INFO - [2025-02-13T00:00:48.653+0000] {dag.py:4180} INFO - Setting next_dagrun for example_task_group to None, run_after=None
[2025-02-13T00:00:48.834+0000] {processor.py:208} INFO - Processing /home/airflow/.local/lib/python3.12/site-packages/airflow/example_dags/example_task_group.py took 0.352 seconds
[2025-02-13T00:01:21.945+0000] {processor.py:186} INFO - Started process (PID=229) to work on /home/airflow/.local/lib/python3.12/site-packages/airflow/example_dags/example_task_group.py
[2025-02-13T00:01:21.946+0000] {processor.py:914} INFO - Processing file /home/airflow/.local/lib/python3.12/site-packages/airflow/example_dags/example_task_group.py for tasks to queue
[2025-02-13T00:01:21.950+0000] {logging_mixin.py:190} INFO - [2025-02-13T00:01:21.950+0000] {dagbag.py:588} INFO - Filling up the DagBag from /home/airflow/.local/lib/python3.12/site-packages/airflow/example_dags/example_task_group.py
[2025-02-13T00:01:21.972+0000] {processor.py:925} INFO - DAG(s) 'example_task_group' retrieved from /home/airflow/.local/lib/python3.12/site-packages/airflow/example_dags/example_task_group.py
[2025-02-13T00:01:22.002+0000] {logging_mixin.py:190} INFO - [2025-02-13T00:01:22.001+0000] {dag.py:3239} INFO - Sync 1 DAGs
[2025-02-13T00:01:22.050+0000] {logging_mixin.py:190} INFO - [2025-02-13T00:01:22.050+0000] {dag.py:4180} INFO - Setting next_dagrun for example_task_group to None, run_after=None
[2025-02-13T00:01:22.089+0000] {processor.py:208} INFO - Processing /home/airflow/.local/lib/python3.12/site-packages/airflow/example_dags/example_task_group.py took 0.155 seconds
[2025-02-13T00:02:18.548+0000] {processor.py:186} INFO - Started process (PID=287) to work on /home/airflow/.local/lib/python3.12/site-packages/airflow/example_dags/example_task_group.py
[2025-02-13T00:02:18.550+0000] {processor.py:914} INFO - Processing file /home/airflow/.local/lib/python3.12/site-packages/airflow/example_dags/example_task_group.py for tasks to queue
[2025-02-13T00:02:18.554+0000] {logging_mixin.py:190} INFO - [2025-02-13T00:02:18.553+0000] {dagbag.py:588} INFO - Filling up the DagBag from /home/airflow/.local/lib/python3.12/site-packages/airflow/example_dags/example_task_group.py
[2025-02-13T00:02:18.567+0000] {processor.py:925} INFO - DAG(s) 'example_task_group' retrieved from /home/airflow/.local/lib/python3.12/site-packages/airflow/example_dags/example_task_group.py
[2025-02-13T00:02:18.637+0000] {logging_mixin.py:190} INFO - [2025-02-13T00:02:18.636+0000] {dag.py:3239} INFO - Sync 1 DAGs
[2025-02-13T00:02:18.719+0000] {logging_mixin.py:190} INFO - [2025-02-13T00:02:18.718+0000] {dag.py:4180} INFO - Setting next_dagrun for example_task_group to None, run_after=None
[2025-02-13T00:02:19.890+0000] {processor.py:208} INFO - Processing /home/airflow/.local/lib/python3.12/site-packages/airflow/example_dags/example_task_group.py took 1.359 seconds
[2025-02-13T00:02:54.336+0000] {processor.py:186} INFO - Started process (PID=345) to work on /home/airflow/.local/lib/python3.12/site-packages/airflow/example_dags/example_task_group.py
[2025-02-13T00:02:54.337+0000] {processor.py:914} INFO - Processing file /home/airflow/.local/lib/python3.12/site-packages/airflow/example_dags/example_task_group.py for tasks to queue
[2025-02-13T00:02:54.339+0000] {logging_mixin.py:190} INFO - [2025-02-13T00:02:54.339+0000] {dagbag.py:588} INFO - Filling up the DagBag from /home/airflow/.local/lib/python3.12/site-packages/airflow/example_dags/example_task_group.py
[2025-02-13T00:02:54.366+0000] {processor.py:925} INFO - DAG(s) 'example_task_group' retrieved from /home/airflow/.local/lib/python3.12/site-packages/airflow/example_dags/example_task_group.py
[2025-02-13T00:02:54.482+0000] {logging_mixin.py:190} INFO - [2025-02-13T00:02:54.458+0000] {dag.py:3239} INFO - Sync 1 DAGs
[2025-02-13T00:02:54.561+0000] {logging_mixin.py:190} INFO - [2025-02-13T00:02:54.561+0000] {dag.py:4180} INFO - Setting next_dagrun for example_task_group to None, run_after=None
[2025-02-13T00:02:54.608+0000] {processor.py:208} INFO - Processing /home/airflow/.local/lib/python3.12/site-packages/airflow/example_dags/example_task_group.py took 0.282 seconds
[2025-02-13T00:03:29.130+0000] {processor.py:186} INFO - Started process (PID=396) to work on /home/airflow/.local/lib/python3.12/site-packages/airflow/example_dags/example_task_group.py
[2025-02-13T00:03:29.133+0000] {processor.py:914} INFO - Processing file /home/airflow/.local/lib/python3.12/site-packages/airflow/example_dags/example_task_group.py for tasks to queue
[2025-02-13T00:03:29.140+0000] {logging_mixin.py:190} INFO - [2025-02-13T00:03:29.138+0000] {dagbag.py:588} INFO - Filling up the DagBag from /home/airflow/.local/lib/python3.12/site-packages/airflow/example_dags/example_task_group.py
[2025-02-13T00:03:29.163+0000] {processor.py:925} INFO - DAG(s) 'example_task_group' retrieved from /home/airflow/.local/lib/python3.12/site-packages/airflow/example_dags/example_task_group.py
[2025-02-13T00:03:29.292+0000] {logging_mixin.py:190} INFO - [2025-02-13T00:03:29.292+0000] {dag.py:3239} INFO - Sync 1 DAGs
[2025-02-13T00:03:29.567+0000] {logging_mixin.py:190} INFO - [2025-02-13T00:03:29.567+0000] {dag.py:4180} INFO - Setting next_dagrun for example_task_group to None, run_after=None
[2025-02-13T00:03:31.137+0000] {processor.py:208} INFO - Processing /home/airflow/.local/lib/python3.12/site-packages/airflow/example_dags/example_task_group.py took 2.046 seconds
[2025-02-13T00:04:01.529+0000] {processor.py:186} INFO - Started process (PID=454) to work on /home/airflow/.local/lib/python3.12/site-packages/airflow/example_dags/example_task_group.py
[2025-02-13T00:04:01.534+0000] {processor.py:914} INFO - Processing file /home/airflow/.local/lib/python3.12/site-packages/airflow/example_dags/example_task_group.py for tasks to queue
[2025-02-13T00:04:01.540+0000] {logging_mixin.py:190} INFO - [2025-02-13T00:04:01.539+0000] {dagbag.py:588} INFO - Filling up the DagBag from /home/airflow/.local/lib/python3.12/site-packages/airflow/example_dags/example_task_group.py
[2025-02-13T00:04:01.594+0000] {processor.py:925} INFO - DAG(s) 'example_task_group' retrieved from /home/airflow/.local/lib/python3.12/site-packages/airflow/example_dags/example_task_group.py
[2025-02-13T00:04:01.668+0000] {logging_mixin.py:190} INFO - [2025-02-13T00:04:01.668+0000] {dag.py:3239} INFO - Sync 1 DAGs
[2025-02-13T00:04:01.691+0000] {logging_mixin.py:190} INFO - [2025-02-13T00:04:01.691+0000] {dag.py:4180} INFO - Setting next_dagrun for example_task_group to None, run_after=None
[2025-02-13T00:04:01.761+0000] {processor.py:208} INFO - Processing /home/airflow/.local/lib/python3.12/site-packages/airflow/example_dags/example_task_group.py took 0.247 seconds
[2025-02-13T00:04:32.655+0000] {processor.py:186} INFO - Started process (PID=512) to work on /home/airflow/.local/lib/python3.12/site-packages/airflow/example_dags/example_task_group.py
[2025-02-13T00:04:32.656+0000] {processor.py:914} INFO - Processing file /home/airflow/.local/lib/python3.12/site-packages/airflow/example_dags/example_task_group.py for tasks to queue
[2025-02-13T00:04:32.659+0000] {logging_mixin.py:190} INFO - [2025-02-13T00:04:32.658+0000] {dagbag.py:588} INFO - Filling up the DagBag from /home/airflow/.local/lib/python3.12/site-packages/airflow/example_dags/example_task_group.py
[2025-02-13T00:04:32.671+0000] {processor.py:925} INFO - DAG(s) 'example_task_group' retrieved from /home/airflow/.local/lib/python3.12/site-packages/airflow/example_dags/example_task_group.py
[2025-02-13T00:04:32.700+0000] {logging_mixin.py:190} INFO - [2025-02-13T00:04:32.700+0000] {dag.py:3239} INFO - Sync 1 DAGs
[2025-02-13T00:04:32.728+0000] {logging_mixin.py:190} INFO - [2025-02-13T00:04:32.728+0000] {dag.py:4180} INFO - Setting next_dagrun for example_task_group to None, run_after=None
[2025-02-13T00:04:32.752+0000] {processor.py:208} INFO - Processing /home/airflow/.local/lib/python3.12/site-packages/airflow/example_dags/example_task_group.py took 0.105 seconds
[2025-02-13T00:05:04.394+0000] {processor.py:186} INFO - Started process (PID=570) to work on /home/airflow/.local/lib/python3.12/site-packages/airflow/example_dags/example_task_group.py
[2025-02-13T00:05:04.402+0000] {processor.py:914} INFO - Processing file /home/airflow/.local/lib/python3.12/site-packages/airflow/example_dags/example_task_group.py for tasks to queue
[2025-02-13T00:05:04.404+0000] {logging_mixin.py:190} INFO - [2025-02-13T00:05:04.404+0000] {dagbag.py:588} INFO - Filling up the DagBag from /home/airflow/.local/lib/python3.12/site-packages/airflow/example_dags/example_task_group.py
[2025-02-13T00:05:04.425+0000] {processor.py:925} INFO - DAG(s) 'example_task_group' retrieved from /home/airflow/.local/lib/python3.12/site-packages/airflow/example_dags/example_task_group.py
[2025-02-13T00:05:04.470+0000] {logging_mixin.py:190} INFO - [2025-02-13T00:05:04.470+0000] {dag.py:3239} INFO - Sync 1 DAGs
[2025-02-13T00:05:04.514+0000] {logging_mixin.py:190} INFO - [2025-02-13T00:05:04.514+0000] {dag.py:4180} INFO - Setting next_dagrun for example_task_group to None, run_after=None
[2025-02-13T00:05:04.563+0000] {processor.py:208} INFO - Processing /home/airflow/.local/lib/python3.12/site-packages/airflow/example_dags/example_task_group.py took 0.182 seconds
[2025-02-13T00:05:36.848+0000] {processor.py:186} INFO - Started process (PID=628) to work on /home/airflow/.local/lib/python3.12/site-packages/airflow/example_dags/example_task_group.py
[2025-02-13T00:05:36.849+0000] {processor.py:914} INFO - Processing file /home/airflow/.local/lib/python3.12/site-packages/airflow/example_dags/example_task_group.py for tasks to queue
[2025-02-13T00:05:36.851+0000] {logging_mixin.py:190} INFO - [2025-02-13T00:05:36.851+0000] {dagbag.py:588} INFO - Filling up the DagBag from /home/airflow/.local/lib/python3.12/site-packages/airflow/example_dags/example_task_group.py
[2025-02-13T00:05:36.870+0000] {processor.py:925} INFO - DAG(s) 'example_task_group' retrieved from /home/airflow/.local/lib/python3.12/site-packages/airflow/example_dags/example_task_group.py
[2025-02-13T00:05:36.925+0000] {logging_mixin.py:190} INFO - [2025-02-13T00:05:36.925+0000] {dag.py:3239} INFO - Sync 1 DAGs
[2025-02-13T00:05:36.972+0000] {logging_mixin.py:190} INFO - [2025-02-13T00:05:36.972+0000] {dag.py:4180} INFO - Setting next_dagrun for example_task_group to None, run_after=None
[2025-02-13T00:05:37.010+0000] {processor.py:208} INFO - Processing /home/airflow/.local/lib/python3.12/site-packages/airflow/example_dags/example_task_group.py took 0.172 seconds
[2025-02-13T00:06:07.833+0000] {processor.py:186} INFO - Started process (PID=686) to work on /home/airflow/.local/lib/python3.12/site-packages/airflow/example_dags/example_task_group.py
[2025-02-13T00:06:07.833+0000] {processor.py:914} INFO - Processing file /home/airflow/.local/lib/python3.12/site-packages/airflow/example_dags/example_task_group.py for tasks to queue
[2025-02-13T00:06:07.835+0000] {logging_mixin.py:190} INFO - [2025-02-13T00:06:07.835+0000] {dagbag.py:588} INFO - Filling up the DagBag from /home/airflow/.local/lib/python3.12/site-packages/airflow/example_dags/example_task_group.py
[2025-02-13T00:06:07.844+0000] {processor.py:925} INFO - DAG(s) 'example_task_group' retrieved from /home/airflow/.local/lib/python3.12/site-packages/airflow/example_dags/example_task_group.py
[2025-02-13T00:06:07.861+0000] {logging_mixin.py:190} INFO - [2025-02-13T00:06:07.861+0000] {dag.py:3239} INFO - Sync 1 DAGs
[2025-02-13T00:06:07.872+0000] {logging_mixin.py:190} INFO - [2025-02-13T00:06:07.872+0000] {dag.py:4180} INFO - Setting next_dagrun for example_task_group to None, run_after=None
[2025-02-13T00:06:07.913+0000] {processor.py:208} INFO - Processing /home/airflow/.local/lib/python3.12/site-packages/airflow/example_dags/example_task_group.py took 0.086 seconds
[2025-02-13T00:06:38.241+0000] {processor.py:186} INFO - Started process (PID=744) to work on /home/airflow/.local/lib/python3.12/site-packages/airflow/example_dags/example_task_group.py
[2025-02-13T00:06:38.243+0000] {processor.py:914} INFO - Processing file /home/airflow/.local/lib/python3.12/site-packages/airflow/example_dags/example_task_group.py for tasks to queue
[2025-02-13T00:06:38.245+0000] {logging_mixin.py:190} INFO - [2025-02-13T00:06:38.245+0000] {dagbag.py:588} INFO - Filling up the DagBag from /home/airflow/.local/lib/python3.12/site-packages/airflow/example_dags/example_task_group.py
[2025-02-13T00:06:38.334+0000] {processor.py:925} INFO - DAG(s) 'example_task_group' retrieved from /home/airflow/.local/lib/python3.12/site-packages/airflow/example_dags/example_task_group.py
[2025-02-13T00:06:38.379+0000] {logging_mixin.py:190} INFO - [2025-02-13T00:06:38.379+0000] {dag.py:3239} INFO - Sync 1 DAGs
[2025-02-13T00:06:38.411+0000] {logging_mixin.py:190} INFO - [2025-02-13T00:06:38.403+0000] {dag.py:4180} INFO - Setting next_dagrun for example_task_group to None, run_after=None
[2025-02-13T00:06:38.446+0000] {processor.py:208} INFO - Processing /home/airflow/.local/lib/python3.12/site-packages/airflow/example_dags/example_task_group.py took 0.220 seconds
[2025-02-13T00:07:09.059+0000] {processor.py:186} INFO - Started process (PID=802) to work on /home/airflow/.local/lib/python3.12/site-packages/airflow/example_dags/example_task_group.py
[2025-02-13T00:07:09.060+0000] {processor.py:914} INFO - Processing file /home/airflow/.local/lib/python3.12/site-packages/airflow/example_dags/example_task_group.py for tasks to queue
[2025-02-13T00:07:09.062+0000] {logging_mixin.py:190} INFO - [2025-02-13T00:07:09.062+0000] {dagbag.py:588} INFO - Filling up the DagBag from /home/airflow/.local/lib/python3.12/site-packages/airflow/example_dags/example_task_group.py
[2025-02-13T00:07:09.074+0000] {processor.py:925} INFO - DAG(s) 'example_task_group' retrieved from /home/airflow/.local/lib/python3.12/site-packages/airflow/example_dags/example_task_group.py
[2025-02-13T00:07:09.100+0000] {logging_mixin.py:190} INFO - [2025-02-13T00:07:09.099+0000] {dag.py:3239} INFO - Sync 1 DAGs
[2025-02-13T00:07:09.118+0000] {logging_mixin.py:190} INFO - [2025-02-13T00:07:09.117+0000] {dag.py:4180} INFO - Setting next_dagrun for example_task_group to None, run_after=None
[2025-02-13T00:07:09.135+0000] {processor.py:208} INFO - Processing /home/airflow/.local/lib/python3.12/site-packages/airflow/example_dags/example_task_group.py took 0.084 seconds
[2025-02-13T00:07:40.176+0000] {processor.py:186} INFO - Started process (PID=860) to work on /home/airflow/.local/lib/python3.12/site-packages/airflow/example_dags/example_task_group.py
[2025-02-13T00:07:40.177+0000] {processor.py:914} INFO - Processing file /home/airflow/.local/lib/python3.12/site-packages/airflow/example_dags/example_task_group.py for tasks to queue
[2025-02-13T00:07:40.179+0000] {logging_mixin.py:190} INFO - [2025-02-13T00:07:40.179+0000] {dagbag.py:588} INFO - Filling up the DagBag from /home/airflow/.local/lib/python3.12/site-packages/airflow/example_dags/example_task_group.py
[2025-02-13T00:07:40.190+0000] {processor.py:925} INFO - DAG(s) 'example_task_group' retrieved from /home/airflow/.local/lib/python3.12/site-packages/airflow/example_dags/example_task_group.py
[2025-02-13T00:07:40.220+0000] {logging_mixin.py:190} INFO - [2025-02-13T00:07:40.220+0000] {dag.py:3239} INFO - Sync 1 DAGs
[2025-02-13T00:07:40.240+0000] {logging_mixin.py:190} INFO - [2025-02-13T00:07:40.240+0000] {dag.py:4180} INFO - Setting next_dagrun for example_task_group to None, run_after=None
[2025-02-13T00:07:40.268+0000] {processor.py:208} INFO - Processing /home/airflow/.local/lib/python3.12/site-packages/airflow/example_dags/example_task_group.py took 0.101 seconds
[2025-02-13T00:08:10.476+0000] {processor.py:186} INFO - Started process (PID=918) to work on /home/airflow/.local/lib/python3.12/site-packages/airflow/example_dags/example_task_group.py
[2025-02-13T00:08:10.477+0000] {processor.py:914} INFO - Processing file /home/airflow/.local/lib/python3.12/site-packages/airflow/example_dags/example_task_group.py for tasks to queue
[2025-02-13T00:08:10.479+0000] {logging_mixin.py:190} INFO - [2025-02-13T00:08:10.479+0000] {dagbag.py:588} INFO - Filling up the DagBag from /home/airflow/.local/lib/python3.12/site-packages/airflow/example_dags/example_task_group.py
[2025-02-13T00:08:10.491+0000] {processor.py:925} INFO - DAG(s) 'example_task_group' retrieved from /home/airflow/.local/lib/python3.12/site-packages/airflow/example_dags/example_task_group.py
[2025-02-13T00:08:10.515+0000] {logging_mixin.py:190} INFO - [2025-02-13T00:08:10.515+0000] {dag.py:3239} INFO - Sync 1 DAGs
[2025-02-13T00:08:10.533+0000] {logging_mixin.py:190} INFO - [2025-02-13T00:08:10.533+0000] {dag.py:4180} INFO - Setting next_dagrun for example_task_group to None, run_after=None
[2025-02-13T00:08:10.552+0000] {processor.py:208} INFO - Processing /home/airflow/.local/lib/python3.12/site-packages/airflow/example_dags/example_task_group.py took 0.082 seconds
[2025-02-13T00:08:41.301+0000] {processor.py:186} INFO - Started process (PID=976) to work on /home/airflow/.local/lib/python3.12/site-packages/airflow/example_dags/example_task_group.py
[2025-02-13T00:08:41.302+0000] {processor.py:914} INFO - Processing file /home/airflow/.local/lib/python3.12/site-packages/airflow/example_dags/example_task_group.py for tasks to queue
[2025-02-13T00:08:41.305+0000] {logging_mixin.py:190} INFO - [2025-02-13T00:08:41.304+0000] {dagbag.py:588} INFO - Filling up the DagBag from /home/airflow/.local/lib/python3.12/site-packages/airflow/example_dags/example_task_group.py
[2025-02-13T00:08:41.316+0000] {processor.py:925} INFO - DAG(s) 'example_task_group' retrieved from /home/airflow/.local/lib/python3.12/site-packages/airflow/example_dags/example_task_group.py
[2025-02-13T00:08:41.352+0000] {logging_mixin.py:190} INFO - [2025-02-13T00:08:41.352+0000] {dag.py:3239} INFO - Sync 1 DAGs
[2025-02-13T00:08:41.375+0000] {logging_mixin.py:190} INFO - [2025-02-13T00:08:41.375+0000] {dag.py:4180} INFO - Setting next_dagrun for example_task_group to None, run_after=None
[2025-02-13T00:08:41.396+0000] {processor.py:208} INFO - Processing /home/airflow/.local/lib/python3.12/site-packages/airflow/example_dags/example_task_group.py took 0.103 seconds
[2025-02-13T00:09:11.515+0000] {processor.py:186} INFO - Started process (PID=1034) to work on /home/airflow/.local/lib/python3.12/site-packages/airflow/example_dags/example_task_group.py
[2025-02-13T00:09:11.516+0000] {processor.py:914} INFO - Processing file /home/airflow/.local/lib/python3.12/site-packages/airflow/example_dags/example_task_group.py for tasks to queue
[2025-02-13T00:09:11.518+0000] {logging_mixin.py:190} INFO - [2025-02-13T00:09:11.518+0000] {dagbag.py:588} INFO - Filling up the DagBag from /home/airflow/.local/lib/python3.12/site-packages/airflow/example_dags/example_task_group.py
[2025-02-13T00:09:11.529+0000] {processor.py:925} INFO - DAG(s) 'example_task_group' retrieved from /home/airflow/.local/lib/python3.12/site-packages/airflow/example_dags/example_task_group.py
[2025-02-13T00:09:11.554+0000] {logging_mixin.py:190} INFO - [2025-02-13T00:09:11.554+0000] {dag.py:3239} INFO - Sync 1 DAGs
[2025-02-13T00:09:11.573+0000] {logging_mixin.py:190} INFO - [2025-02-13T00:09:11.572+0000] {dag.py:4180} INFO - Setting next_dagrun for example_task_group to None, run_after=None
[2025-02-13T00:09:11.592+0000] {processor.py:208} INFO - Processing /home/airflow/.local/lib/python3.12/site-packages/airflow/example_dags/example_task_group.py took 0.084 seconds
[2025-02-13T00:09:41.750+0000] {processor.py:186} INFO - Started process (PID=1092) to work on /home/airflow/.local/lib/python3.12/site-packages/airflow/example_dags/example_task_group.py
[2025-02-13T00:09:41.750+0000] {processor.py:914} INFO - Processing file /home/airflow/.local/lib/python3.12/site-packages/airflow/example_dags/example_task_group.py for tasks to queue
[2025-02-13T00:09:41.753+0000] {logging_mixin.py:190} INFO - [2025-02-13T00:09:41.753+0000] {dagbag.py:588} INFO - Filling up the DagBag from /home/airflow/.local/lib/python3.12/site-packages/airflow/example_dags/example_task_group.py
[2025-02-13T00:09:41.763+0000] {processor.py:925} INFO - DAG(s) 'example_task_group' retrieved from /home/airflow/.local/lib/python3.12/site-packages/airflow/example_dags/example_task_group.py
[2025-02-13T00:09:41.787+0000] {logging_mixin.py:190} INFO - [2025-02-13T00:09:41.787+0000] {dag.py:3239} INFO - Sync 1 DAGs
[2025-02-13T00:09:41.805+0000] {logging_mixin.py:190} INFO - [2025-02-13T00:09:41.805+0000] {dag.py:4180} INFO - Setting next_dagrun for example_task_group to None, run_after=None
[2025-02-13T00:09:41.823+0000] {processor.py:208} INFO - Processing /home/airflow/.local/lib/python3.12/site-packages/airflow/example_dags/example_task_group.py took 0.086 seconds
[2025-02-13T00:10:12.014+0000] {processor.py:186} INFO - Started process (PID=1150) to work on /home/airflow/.local/lib/python3.12/site-packages/airflow/example_dags/example_task_group.py
[2025-02-13T00:10:12.015+0000] {processor.py:914} INFO - Processing file /home/airflow/.local/lib/python3.12/site-packages/airflow/example_dags/example_task_group.py for tasks to queue
[2025-02-13T00:10:12.017+0000] {logging_mixin.py:190} INFO - [2025-02-13T00:10:12.017+0000] {dagbag.py:588} INFO - Filling up the DagBag from /home/airflow/.local/lib/python3.12/site-packages/airflow/example_dags/example_task_group.py
[2025-02-13T00:10:12.028+0000] {processor.py:925} INFO - DAG(s) 'example_task_group' retrieved from /home/airflow/.local/lib/python3.12/site-packages/airflow/example_dags/example_task_group.py
[2025-02-13T00:10:12.053+0000] {logging_mixin.py:190} INFO - [2025-02-13T00:10:12.053+0000] {dag.py:3239} INFO - Sync 1 DAGs
[2025-02-13T00:10:12.071+0000] {logging_mixin.py:190} INFO - [2025-02-13T00:10:12.071+0000] {dag.py:4180} INFO - Setting next_dagrun for example_task_group to None, run_after=None
[2025-02-13T00:10:12.088+0000] {processor.py:208} INFO - Processing /home/airflow/.local/lib/python3.12/site-packages/airflow/example_dags/example_task_group.py took 0.082 seconds
[2025-02-13T00:10:42.272+0000] {processor.py:186} INFO - Started process (PID=1208) to work on /home/airflow/.local/lib/python3.12/site-packages/airflow/example_dags/example_task_group.py
[2025-02-13T00:10:42.273+0000] {processor.py:914} INFO - Processing file /home/airflow/.local/lib/python3.12/site-packages/airflow/example_dags/example_task_group.py for tasks to queue
[2025-02-13T00:10:42.275+0000] {logging_mixin.py:190} INFO - [2025-02-13T00:10:42.275+0000] {dagbag.py:588} INFO - Filling up the DagBag from /home/airflow/.local/lib/python3.12/site-packages/airflow/example_dags/example_task_group.py
[2025-02-13T00:10:42.286+0000] {processor.py:925} INFO - DAG(s) 'example_task_group' retrieved from /home/airflow/.local/lib/python3.12/site-packages/airflow/example_dags/example_task_group.py
[2025-02-13T00:10:42.311+0000] {logging_mixin.py:190} INFO - [2025-02-13T00:10:42.311+0000] {dag.py:3239} INFO - Sync 1 DAGs
[2025-02-13T00:10:42.328+0000] {logging_mixin.py:190} INFO - [2025-02-13T00:10:42.328+0000] {dag.py:4180} INFO - Setting next_dagrun for example_task_group to None, run_after=None
[2025-02-13T00:10:42.347+0000] {processor.py:208} INFO - Processing /home/airflow/.local/lib/python3.12/site-packages/airflow/example_dags/example_task_group.py took 0.082 seconds
[2025-02-13T00:11:12.527+0000] {processor.py:186} INFO - Started process (PID=1266) to work on /home/airflow/.local/lib/python3.12/site-packages/airflow/example_dags/example_task_group.py
[2025-02-13T00:11:12.528+0000] {processor.py:914} INFO - Processing file /home/airflow/.local/lib/python3.12/site-packages/airflow/example_dags/example_task_group.py for tasks to queue
[2025-02-13T00:11:12.530+0000] {logging_mixin.py:190} INFO - [2025-02-13T00:11:12.530+0000] {dagbag.py:588} INFO - Filling up the DagBag from /home/airflow/.local/lib/python3.12/site-packages/airflow/example_dags/example_task_group.py
[2025-02-13T00:11:12.541+0000] {processor.py:925} INFO - DAG(s) 'example_task_group' retrieved from /home/airflow/.local/lib/python3.12/site-packages/airflow/example_dags/example_task_group.py
[2025-02-13T00:11:12.567+0000] {logging_mixin.py:190} INFO - [2025-02-13T00:11:12.567+0000] {dag.py:3239} INFO - Sync 1 DAGs
[2025-02-13T00:11:12.583+0000] {logging_mixin.py:190} INFO - [2025-02-13T00:11:12.583+0000] {dag.py:4180} INFO - Setting next_dagrun for example_task_group to None, run_after=None
[2025-02-13T00:11:12.601+0000] {processor.py:208} INFO - Processing /home/airflow/.local/lib/python3.12/site-packages/airflow/example_dags/example_task_group.py took 0.081 seconds
[2025-02-13T00:11:42.969+0000] {processor.py:186} INFO - Started process (PID=1324) to work on /home/airflow/.local/lib/python3.12/site-packages/airflow/example_dags/example_task_group.py
[2025-02-13T00:11:42.970+0000] {processor.py:914} INFO - Processing file /home/airflow/.local/lib/python3.12/site-packages/airflow/example_dags/example_task_group.py for tasks to queue
[2025-02-13T00:11:42.972+0000] {logging_mixin.py:190} INFO - [2025-02-13T00:11:42.972+0000] {dagbag.py:588} INFO - Filling up the DagBag from /home/airflow/.local/lib/python3.12/site-packages/airflow/example_dags/example_task_group.py
[2025-02-13T00:11:42.983+0000] {processor.py:925} INFO - DAG(s) 'example_task_group' retrieved from /home/airflow/.local/lib/python3.12/site-packages/airflow/example_dags/example_task_group.py
[2025-02-13T00:11:43.009+0000] {logging_mixin.py:190} INFO - [2025-02-13T00:11:43.008+0000] {dag.py:3239} INFO - Sync 1 DAGs
[2025-02-13T00:11:43.024+0000] {logging_mixin.py:190} INFO - [2025-02-13T00:11:43.024+0000] {dag.py:4180} INFO - Setting next_dagrun for example_task_group to None, run_after=None
[2025-02-13T00:11:43.043+0000] {processor.py:208} INFO - Processing /home/airflow/.local/lib/python3.12/site-packages/airflow/example_dags/example_task_group.py took 0.081 seconds
[2025-02-13T00:12:13.522+0000] {processor.py:186} INFO - Started process (PID=1382) to work on /home/airflow/.local/lib/python3.12/site-packages/airflow/example_dags/example_task_group.py
[2025-02-13T00:12:13.523+0000] {processor.py:914} INFO - Processing file /home/airflow/.local/lib/python3.12/site-packages/airflow/example_dags/example_task_group.py for tasks to queue
[2025-02-13T00:12:13.525+0000] {logging_mixin.py:190} INFO - [2025-02-13T00:12:13.524+0000] {dagbag.py:588} INFO - Filling up the DagBag from /home/airflow/.local/lib/python3.12/site-packages/airflow/example_dags/example_task_group.py
[2025-02-13T00:12:13.532+0000] {processor.py:925} INFO - DAG(s) 'example_task_group' retrieved from /home/airflow/.local/lib/python3.12/site-packages/airflow/example_dags/example_task_group.py
[2025-02-13T00:12:13.549+0000] {logging_mixin.py:190} INFO - [2025-02-13T00:12:13.549+0000] {dag.py:3239} INFO - Sync 1 DAGs
[2025-02-13T00:12:13.567+0000] {logging_mixin.py:190} INFO - [2025-02-13T00:12:13.567+0000] {dag.py:4180} INFO - Setting next_dagrun for example_task_group to None, run_after=None
[2025-02-13T00:12:13.622+0000] {processor.py:208} INFO - Processing /home/airflow/.local/lib/python3.12/site-packages/airflow/example_dags/example_task_group.py took 0.105 seconds
[2025-02-13T00:12:43.845+0000] {processor.py:186} INFO - Started process (PID=1440) to work on /home/airflow/.local/lib/python3.12/site-packages/airflow/example_dags/example_task_group.py
[2025-02-13T00:12:43.846+0000] {processor.py:914} INFO - Processing file /home/airflow/.local/lib/python3.12/site-packages/airflow/example_dags/example_task_group.py for tasks to queue
[2025-02-13T00:12:43.848+0000] {logging_mixin.py:190} INFO - [2025-02-13T00:12:43.848+0000] {dagbag.py:588} INFO - Filling up the DagBag from /home/airflow/.local/lib/python3.12/site-packages/airflow/example_dags/example_task_group.py
[2025-02-13T00:12:43.859+0000] {processor.py:925} INFO - DAG(s) 'example_task_group' retrieved from /home/airflow/.local/lib/python3.12/site-packages/airflow/example_dags/example_task_group.py
[2025-02-13T00:12:43.883+0000] {logging_mixin.py:190} INFO - [2025-02-13T00:12:43.883+0000] {dag.py:3239} INFO - Sync 1 DAGs
[2025-02-13T00:12:43.902+0000] {logging_mixin.py:190} INFO - [2025-02-13T00:12:43.901+0000] {dag.py:4180} INFO - Setting next_dagrun for example_task_group to None, run_after=None
[2025-02-13T00:12:43.930+0000] {processor.py:208} INFO - Processing /home/airflow/.local/lib/python3.12/site-packages/airflow/example_dags/example_task_group.py took 0.093 seconds
[2025-02-13T00:13:14.093+0000] {processor.py:186} INFO - Started process (PID=1498) to work on /home/airflow/.local/lib/python3.12/site-packages/airflow/example_dags/example_task_group.py
[2025-02-13T00:13:14.094+0000] {processor.py:914} INFO - Processing file /home/airflow/.local/lib/python3.12/site-packages/airflow/example_dags/example_task_group.py for tasks to queue
[2025-02-13T00:13:14.107+0000] {logging_mixin.py:190} INFO - [2025-02-13T00:13:14.107+0000] {dagbag.py:588} INFO - Filling up the DagBag from /home/airflow/.local/lib/python3.12/site-packages/airflow/example_dags/example_task_group.py
[2025-02-13T00:13:14.127+0000] {processor.py:925} INFO - DAG(s) 'example_task_group' retrieved from /home/airflow/.local/lib/python3.12/site-packages/airflow/example_dags/example_task_group.py
[2025-02-13T00:13:14.150+0000] {logging_mixin.py:190} INFO - [2025-02-13T00:13:14.150+0000] {dag.py:3239} INFO - Sync 1 DAGs
[2025-02-13T00:13:14.168+0000] {logging_mixin.py:190} INFO - [2025-02-13T00:13:14.167+0000] {dag.py:4180} INFO - Setting next_dagrun for example_task_group to None, run_after=None
[2025-02-13T00:13:14.187+0000] {processor.py:208} INFO - Processing /home/airflow/.local/lib/python3.12/site-packages/airflow/example_dags/example_task_group.py took 0.100 seconds
[2025-02-13T00:13:44.410+0000] {processor.py:186} INFO - Started process (PID=1556) to work on /home/airflow/.local/lib/python3.12/site-packages/airflow/example_dags/example_task_group.py
[2025-02-13T00:13:44.411+0000] {processor.py:914} INFO - Processing file /home/airflow/.local/lib/python3.12/site-packages/airflow/example_dags/example_task_group.py for tasks to queue
[2025-02-13T00:13:44.413+0000] {logging_mixin.py:190} INFO - [2025-02-13T00:13:44.413+0000] {dagbag.py:588} INFO - Filling up the DagBag from /home/airflow/.local/lib/python3.12/site-packages/airflow/example_dags/example_task_group.py
[2025-02-13T00:13:44.424+0000] {processor.py:925} INFO - DAG(s) 'example_task_group' retrieved from /home/airflow/.local/lib/python3.12/site-packages/airflow/example_dags/example_task_group.py
[2025-02-13T00:13:44.465+0000] {logging_mixin.py:190} INFO - [2025-02-13T00:13:44.465+0000] {dag.py:3239} INFO - Sync 1 DAGs
[2025-02-13T00:13:44.485+0000] {logging_mixin.py:190} INFO - [2025-02-13T00:13:44.484+0000] {dag.py:4180} INFO - Setting next_dagrun for example_task_group to None, run_after=None
[2025-02-13T00:13:44.531+0000] {processor.py:208} INFO - Processing /home/airflow/.local/lib/python3.12/site-packages/airflow/example_dags/example_task_group.py took 0.129 seconds
[2025-02-13T00:14:15.372+0000] {processor.py:186} INFO - Started process (PID=1614) to work on /home/airflow/.local/lib/python3.12/site-packages/airflow/example_dags/example_task_group.py
[2025-02-13T00:14:15.374+0000] {processor.py:914} INFO - Processing file /home/airflow/.local/lib/python3.12/site-packages/airflow/example_dags/example_task_group.py for tasks to queue
[2025-02-13T00:14:15.376+0000] {logging_mixin.py:190} INFO - [2025-02-13T00:14:15.376+0000] {dagbag.py:588} INFO - Filling up the DagBag from /home/airflow/.local/lib/python3.12/site-packages/airflow/example_dags/example_task_group.py
[2025-02-13T00:14:15.387+0000] {processor.py:925} INFO - DAG(s) 'example_task_group' retrieved from /home/airflow/.local/lib/python3.12/site-packages/airflow/example_dags/example_task_group.py
[2025-02-13T00:14:15.413+0000] {logging_mixin.py:190} INFO - [2025-02-13T00:14:15.413+0000] {dag.py:3239} INFO - Sync 1 DAGs
[2025-02-13T00:14:15.430+0000] {logging_mixin.py:190} INFO - [2025-02-13T00:14:15.430+0000] {dag.py:4180} INFO - Setting next_dagrun for example_task_group to None, run_after=None
[2025-02-13T00:14:15.449+0000] {processor.py:208} INFO - Processing /home/airflow/.local/lib/python3.12/site-packages/airflow/example_dags/example_task_group.py took 0.084 seconds
[2025-02-13T00:14:45.750+0000] {processor.py:186} INFO - Started process (PID=1672) to work on /home/airflow/.local/lib/python3.12/site-packages/airflow/example_dags/example_task_group.py
[2025-02-13T00:14:45.751+0000] {processor.py:914} INFO - Processing file /home/airflow/.local/lib/python3.12/site-packages/airflow/example_dags/example_task_group.py for tasks to queue
[2025-02-13T00:14:45.753+0000] {logging_mixin.py:190} INFO - [2025-02-13T00:14:45.753+0000] {dagbag.py:588} INFO - Filling up the DagBag from /home/airflow/.local/lib/python3.12/site-packages/airflow/example_dags/example_task_group.py
[2025-02-13T00:14:45.764+0000] {processor.py:925} INFO - DAG(s) 'example_task_group' retrieved from /home/airflow/.local/lib/python3.12/site-packages/airflow/example_dags/example_task_group.py
[2025-02-13T00:14:45.790+0000] {logging_mixin.py:190} INFO - [2025-02-13T00:14:45.790+0000] {dag.py:3239} INFO - Sync 1 DAGs
[2025-02-13T00:14:45.807+0000] {logging_mixin.py:190} INFO - [2025-02-13T00:14:45.807+0000] {dag.py:4180} INFO - Setting next_dagrun for example_task_group to None, run_after=None
[2025-02-13T00:14:45.825+0000] {processor.py:208} INFO - Processing /home/airflow/.local/lib/python3.12/site-packages/airflow/example_dags/example_task_group.py took 0.083 seconds
[2025-02-13T00:15:15.986+0000] {processor.py:186} INFO - Started process (PID=1730) to work on /home/airflow/.local/lib/python3.12/site-packages/airflow/example_dags/example_task_group.py
[2025-02-13T00:15:15.987+0000] {processor.py:914} INFO - Processing file /home/airflow/.local/lib/python3.12/site-packages/airflow/example_dags/example_task_group.py for tasks to queue
[2025-02-13T00:15:15.990+0000] {logging_mixin.py:190} INFO - [2025-02-13T00:15:15.990+0000] {dagbag.py:588} INFO - Filling up the DagBag from /home/airflow/.local/lib/python3.12/site-packages/airflow/example_dags/example_task_group.py
[2025-02-13T00:15:16.001+0000] {processor.py:925} INFO - DAG(s) 'example_task_group' retrieved from /home/airflow/.local/lib/python3.12/site-packages/airflow/example_dags/example_task_group.py
[2025-02-13T00:15:16.027+0000] {logging_mixin.py:190} INFO - [2025-02-13T00:15:16.027+0000] {dag.py:3239} INFO - Sync 1 DAGs
[2025-02-13T00:15:16.043+0000] {logging_mixin.py:190} INFO - [2025-02-13T00:15:16.043+0000] {dag.py:4180} INFO - Setting next_dagrun for example_task_group to None, run_after=None
[2025-02-13T00:15:16.062+0000] {processor.py:208} INFO - Processing /home/airflow/.local/lib/python3.12/site-packages/airflow/example_dags/example_task_group.py took 0.083 seconds
[2025-02-13T00:15:46.378+0000] {processor.py:186} INFO - Started process (PID=1788) to work on /home/airflow/.local/lib/python3.12/site-packages/airflow/example_dags/example_task_group.py
[2025-02-13T00:15:46.379+0000] {processor.py:914} INFO - Processing file /home/airflow/.local/lib/python3.12/site-packages/airflow/example_dags/example_task_group.py for tasks to queue
[2025-02-13T00:15:46.381+0000] {logging_mixin.py:190} INFO - [2025-02-13T00:15:46.381+0000] {dagbag.py:588} INFO - Filling up the DagBag from /home/airflow/.local/lib/python3.12/site-packages/airflow/example_dags/example_task_group.py
[2025-02-13T00:15:46.392+0000] {processor.py:925} INFO - DAG(s) 'example_task_group' retrieved from /home/airflow/.local/lib/python3.12/site-packages/airflow/example_dags/example_task_group.py
[2025-02-13T00:15:46.416+0000] {logging_mixin.py:190} INFO - [2025-02-13T00:15:46.416+0000] {dag.py:3239} INFO - Sync 1 DAGs
[2025-02-13T00:15:46.435+0000] {logging_mixin.py:190} INFO - [2025-02-13T00:15:46.435+0000] {dag.py:4180} INFO - Setting next_dagrun for example_task_group to None, run_after=None
[2025-02-13T00:15:46.454+0000] {processor.py:208} INFO - Processing /home/airflow/.local/lib/python3.12/site-packages/airflow/example_dags/example_task_group.py took 0.083 seconds
[2025-02-13T00:16:16.637+0000] {processor.py:186} INFO - Started process (PID=1846) to work on /home/airflow/.local/lib/python3.12/site-packages/airflow/example_dags/example_task_group.py
[2025-02-13T00:16:16.638+0000] {processor.py:914} INFO - Processing file /home/airflow/.local/lib/python3.12/site-packages/airflow/example_dags/example_task_group.py for tasks to queue
[2025-02-13T00:16:16.641+0000] {logging_mixin.py:190} INFO - [2025-02-13T00:16:16.640+0000] {dagbag.py:588} INFO - Filling up the DagBag from /home/airflow/.local/lib/python3.12/site-packages/airflow/example_dags/example_task_group.py
[2025-02-13T00:16:16.653+0000] {processor.py:925} INFO - DAG(s) 'example_task_group' retrieved from /home/airflow/.local/lib/python3.12/site-packages/airflow/example_dags/example_task_group.py
[2025-02-13T00:16:16.679+0000] {logging_mixin.py:190} INFO - [2025-02-13T00:16:16.679+0000] {dag.py:3239} INFO - Sync 1 DAGs
[2025-02-13T00:16:16.696+0000] {logging_mixin.py:190} INFO - [2025-02-13T00:16:16.696+0000] {dag.py:4180} INFO - Setting next_dagrun for example_task_group to None, run_after=None
[2025-02-13T00:16:16.714+0000] {processor.py:208} INFO - Processing /home/airflow/.local/lib/python3.12/site-packages/airflow/example_dags/example_task_group.py took 0.085 seconds
[2025-02-13T00:16:46.891+0000] {processor.py:186} INFO - Started process (PID=1904) to work on /home/airflow/.local/lib/python3.12/site-packages/airflow/example_dags/example_task_group.py
[2025-02-13T00:16:46.892+0000] {processor.py:914} INFO - Processing file /home/airflow/.local/lib/python3.12/site-packages/airflow/example_dags/example_task_group.py for tasks to queue
[2025-02-13T00:16:46.894+0000] {logging_mixin.py:190} INFO - [2025-02-13T00:16:46.894+0000] {dagbag.py:588} INFO - Filling up the DagBag from /home/airflow/.local/lib/python3.12/site-packages/airflow/example_dags/example_task_group.py
[2025-02-13T00:16:46.905+0000] {processor.py:925} INFO - DAG(s) 'example_task_group' retrieved from /home/airflow/.local/lib/python3.12/site-packages/airflow/example_dags/example_task_group.py
[2025-02-13T00:16:46.929+0000] {logging_mixin.py:190} INFO - [2025-02-13T00:16:46.929+0000] {dag.py:3239} INFO - Sync 1 DAGs
[2025-02-13T00:16:46.949+0000] {logging_mixin.py:190} INFO - [2025-02-13T00:16:46.949+0000] {dag.py:4180} INFO - Setting next_dagrun for example_task_group to None, run_after=None
[2025-02-13T00:16:46.967+0000] {processor.py:208} INFO - Processing /home/airflow/.local/lib/python3.12/site-packages/airflow/example_dags/example_task_group.py took 0.083 seconds
[2025-02-13T00:17:17.264+0000] {processor.py:186} INFO - Started process (PID=1962) to work on /home/airflow/.local/lib/python3.12/site-packages/airflow/example_dags/example_task_group.py
[2025-02-13T00:17:17.265+0000] {processor.py:914} INFO - Processing file /home/airflow/.local/lib/python3.12/site-packages/airflow/example_dags/example_task_group.py for tasks to queue
[2025-02-13T00:17:17.267+0000] {logging_mixin.py:190} INFO - [2025-02-13T00:17:17.266+0000] {dagbag.py:588} INFO - Filling up the DagBag from /home/airflow/.local/lib/python3.12/site-packages/airflow/example_dags/example_task_group.py
[2025-02-13T00:17:17.274+0000] {processor.py:925} INFO - DAG(s) 'example_task_group' retrieved from /home/airflow/.local/lib/python3.12/site-packages/airflow/example_dags/example_task_group.py
[2025-02-13T00:17:17.292+0000] {logging_mixin.py:190} INFO - [2025-02-13T00:17:17.292+0000] {dag.py:3239} INFO - Sync 1 DAGs
[2025-02-13T00:17:17.304+0000] {logging_mixin.py:190} INFO - [2025-02-13T00:17:17.303+0000] {dag.py:4180} INFO - Setting next_dagrun for example_task_group to None, run_after=None
[2025-02-13T00:17:17.317+0000] {processor.py:208} INFO - Processing /home/airflow/.local/lib/python3.12/site-packages/airflow/example_dags/example_task_group.py took 0.058 seconds
[2025-02-13T00:17:47.578+0000] {processor.py:186} INFO - Started process (PID=2020) to work on /home/airflow/.local/lib/python3.12/site-packages/airflow/example_dags/example_task_group.py
[2025-02-13T00:17:47.579+0000] {processor.py:914} INFO - Processing file /home/airflow/.local/lib/python3.12/site-packages/airflow/example_dags/example_task_group.py for tasks to queue
[2025-02-13T00:17:47.582+0000] {logging_mixin.py:190} INFO - [2025-02-13T00:17:47.581+0000] {dagbag.py:588} INFO - Filling up the DagBag from /home/airflow/.local/lib/python3.12/site-packages/airflow/example_dags/example_task_group.py
[2025-02-13T00:17:47.593+0000] {processor.py:925} INFO - DAG(s) 'example_task_group' retrieved from /home/airflow/.local/lib/python3.12/site-packages/airflow/example_dags/example_task_group.py
[2025-02-13T00:17:47.618+0000] {logging_mixin.py:190} INFO - [2025-02-13T00:17:47.618+0000] {dag.py:3239} INFO - Sync 1 DAGs
[2025-02-13T00:17:47.636+0000] {logging_mixin.py:190} INFO - [2025-02-13T00:17:47.636+0000] {dag.py:4180} INFO - Setting next_dagrun for example_task_group to None, run_after=None
[2025-02-13T00:17:47.655+0000] {processor.py:208} INFO - Processing /home/airflow/.local/lib/python3.12/site-packages/airflow/example_dags/example_task_group.py took 0.083 seconds
[2025-02-13T00:18:17.806+0000] {processor.py:186} INFO - Started process (PID=2078) to work on /home/airflow/.local/lib/python3.12/site-packages/airflow/example_dags/example_task_group.py
[2025-02-13T00:18:17.807+0000] {processor.py:914} INFO - Processing file /home/airflow/.local/lib/python3.12/site-packages/airflow/example_dags/example_task_group.py for tasks to queue
[2025-02-13T00:18:17.810+0000] {logging_mixin.py:190} INFO - [2025-02-13T00:18:17.810+0000] {dagbag.py:588} INFO - Filling up the DagBag from /home/airflow/.local/lib/python3.12/site-packages/airflow/example_dags/example_task_group.py
[2025-02-13T00:18:17.821+0000] {processor.py:925} INFO - DAG(s) 'example_task_group' retrieved from /home/airflow/.local/lib/python3.12/site-packages/airflow/example_dags/example_task_group.py
[2025-02-13T00:18:17.845+0000] {logging_mixin.py:190} INFO - [2025-02-13T00:18:17.845+0000] {dag.py:3239} INFO - Sync 1 DAGs
[2025-02-13T00:18:17.863+0000] {logging_mixin.py:190} INFO - [2025-02-13T00:18:17.863+0000] {dag.py:4180} INFO - Setting next_dagrun for example_task_group to None, run_after=None
[2025-02-13T00:18:17.882+0000] {processor.py:208} INFO - Processing /home/airflow/.local/lib/python3.12/site-packages/airflow/example_dags/example_task_group.py took 0.082 seconds
[2025-02-13T00:18:49.036+0000] {processor.py:186} INFO - Started process (PID=2136) to work on /home/airflow/.local/lib/python3.12/site-packages/airflow/example_dags/example_task_group.py
[2025-02-13T00:18:49.037+0000] {processor.py:914} INFO - Processing file /home/airflow/.local/lib/python3.12/site-packages/airflow/example_dags/example_task_group.py for tasks to queue
[2025-02-13T00:18:49.039+0000] {logging_mixin.py:190} INFO - [2025-02-13T00:18:49.039+0000] {dagbag.py:588} INFO - Filling up the DagBag from /home/airflow/.local/lib/python3.12/site-packages/airflow/example_dags/example_task_group.py
[2025-02-13T00:18:49.050+0000] {processor.py:925} INFO - DAG(s) 'example_task_group' retrieved from /home/airflow/.local/lib/python3.12/site-packages/airflow/example_dags/example_task_group.py
[2025-02-13T00:18:49.077+0000] {logging_mixin.py:190} INFO - [2025-02-13T00:18:49.076+0000] {dag.py:3239} INFO - Sync 1 DAGs
[2025-02-13T00:18:49.095+0000] {logging_mixin.py:190} INFO - [2025-02-13T00:18:49.095+0000] {dag.py:4180} INFO - Setting next_dagrun for example_task_group to None, run_after=None
[2025-02-13T00:18:49.114+0000] {processor.py:208} INFO - Processing /home/airflow/.local/lib/python3.12/site-packages/airflow/example_dags/example_task_group.py took 0.085 seconds
[2025-02-13T00:19:19.329+0000] {processor.py:186} INFO - Started process (PID=2194) to work on /home/airflow/.local/lib/python3.12/site-packages/airflow/example_dags/example_task_group.py
[2025-02-13T00:19:19.330+0000] {processor.py:914} INFO - Processing file /home/airflow/.local/lib/python3.12/site-packages/airflow/example_dags/example_task_group.py for tasks to queue
[2025-02-13T00:19:19.332+0000] {logging_mixin.py:190} INFO - [2025-02-13T00:19:19.332+0000] {dagbag.py:588} INFO - Filling up the DagBag from /home/airflow/.local/lib/python3.12/site-packages/airflow/example_dags/example_task_group.py
[2025-02-13T00:19:19.343+0000] {processor.py:925} INFO - DAG(s) 'example_task_group' retrieved from /home/airflow/.local/lib/python3.12/site-packages/airflow/example_dags/example_task_group.py
[2025-02-13T00:19:19.364+0000] {logging_mixin.py:190} INFO - [2025-02-13T00:19:19.364+0000] {dag.py:3239} INFO - Sync 1 DAGs
[2025-02-13T00:19:19.379+0000] {logging_mixin.py:190} INFO - [2025-02-13T00:19:19.379+0000] {dag.py:4180} INFO - Setting next_dagrun for example_task_group to None, run_after=None
[2025-02-13T00:19:19.393+0000] {processor.py:208} INFO - Processing /home/airflow/.local/lib/python3.12/site-packages/airflow/example_dags/example_task_group.py took 0.072 seconds
[2025-02-13T00:19:50.320+0000] {processor.py:186} INFO - Started process (PID=2252) to work on /home/airflow/.local/lib/python3.12/site-packages/airflow/example_dags/example_task_group.py
[2025-02-13T00:19:50.321+0000] {processor.py:914} INFO - Processing file /home/airflow/.local/lib/python3.12/site-packages/airflow/example_dags/example_task_group.py for tasks to queue
[2025-02-13T00:19:50.323+0000] {logging_mixin.py:190} INFO - [2025-02-13T00:19:50.323+0000] {dagbag.py:588} INFO - Filling up the DagBag from /home/airflow/.local/lib/python3.12/site-packages/airflow/example_dags/example_task_group.py
[2025-02-13T00:19:50.334+0000] {processor.py:925} INFO - DAG(s) 'example_task_group' retrieved from /home/airflow/.local/lib/python3.12/site-packages/airflow/example_dags/example_task_group.py
[2025-02-13T00:19:50.360+0000] {logging_mixin.py:190} INFO - [2025-02-13T00:19:50.360+0000] {dag.py:3239} INFO - Sync 1 DAGs
[2025-02-13T00:19:50.377+0000] {logging_mixin.py:190} INFO - [2025-02-13T00:19:50.377+0000] {dag.py:4180} INFO - Setting next_dagrun for example_task_group to None, run_after=None
[2025-02-13T00:19:50.395+0000] {processor.py:208} INFO - Processing /home/airflow/.local/lib/python3.12/site-packages/airflow/example_dags/example_task_group.py took 0.081 seconds
[2025-02-13T00:20:20.477+0000] {processor.py:186} INFO - Started process (PID=2309) to work on /home/airflow/.local/lib/python3.12/site-packages/airflow/example_dags/example_task_group.py
[2025-02-13T00:20:20.477+0000] {processor.py:914} INFO - Processing file /home/airflow/.local/lib/python3.12/site-packages/airflow/example_dags/example_task_group.py for tasks to queue
[2025-02-13T00:20:20.480+0000] {logging_mixin.py:190} INFO - [2025-02-13T00:20:20.480+0000] {dagbag.py:588} INFO - Filling up the DagBag from /home/airflow/.local/lib/python3.12/site-packages/airflow/example_dags/example_task_group.py
[2025-02-13T00:20:20.491+0000] {processor.py:925} INFO - DAG(s) 'example_task_group' retrieved from /home/airflow/.local/lib/python3.12/site-packages/airflow/example_dags/example_task_group.py
[2025-02-13T00:20:20.515+0000] {logging_mixin.py:190} INFO - [2025-02-13T00:20:20.515+0000] {dag.py:3239} INFO - Sync 1 DAGs
[2025-02-13T00:20:20.541+0000] {logging_mixin.py:190} INFO - [2025-02-13T00:20:20.541+0000] {dag.py:4180} INFO - Setting next_dagrun for example_task_group to None, run_after=None
[2025-02-13T00:20:20.592+0000] {processor.py:208} INFO - Processing /home/airflow/.local/lib/python3.12/site-packages/airflow/example_dags/example_task_group.py took 0.129 seconds
[2025-02-13T00:20:50.809+0000] {processor.py:186} INFO - Started process (PID=2367) to work on /home/airflow/.local/lib/python3.12/site-packages/airflow/example_dags/example_task_group.py
[2025-02-13T00:20:50.810+0000] {processor.py:914} INFO - Processing file /home/airflow/.local/lib/python3.12/site-packages/airflow/example_dags/example_task_group.py for tasks to queue
[2025-02-13T00:20:50.812+0000] {logging_mixin.py:190} INFO - [2025-02-13T00:20:50.812+0000] {dagbag.py:588} INFO - Filling up the DagBag from /home/airflow/.local/lib/python3.12/site-packages/airflow/example_dags/example_task_group.py
[2025-02-13T00:20:50.823+0000] {processor.py:925} INFO - DAG(s) 'example_task_group' retrieved from /home/airflow/.local/lib/python3.12/site-packages/airflow/example_dags/example_task_group.py
[2025-02-13T00:20:50.847+0000] {logging_mixin.py:190} INFO - [2025-02-13T00:20:50.846+0000] {dag.py:3239} INFO - Sync 1 DAGs
[2025-02-13T00:20:50.865+0000] {logging_mixin.py:190} INFO - [2025-02-13T00:20:50.864+0000] {dag.py:4180} INFO - Setting next_dagrun for example_task_group to None, run_after=None
[2025-02-13T00:20:50.886+0000] {processor.py:208} INFO - Processing /home/airflow/.local/lib/python3.12/site-packages/airflow/example_dags/example_task_group.py took 0.086 seconds
[2025-02-13T00:21:21.121+0000] {processor.py:186} INFO - Started process (PID=2425) to work on /home/airflow/.local/lib/python3.12/site-packages/airflow/example_dags/example_task_group.py
[2025-02-13T00:21:21.122+0000] {processor.py:914} INFO - Processing file /home/airflow/.local/lib/python3.12/site-packages/airflow/example_dags/example_task_group.py for tasks to queue
[2025-02-13T00:21:21.125+0000] {logging_mixin.py:190} INFO - [2025-02-13T00:21:21.125+0000] {dagbag.py:588} INFO - Filling up the DagBag from /home/airflow/.local/lib/python3.12/site-packages/airflow/example_dags/example_task_group.py
[2025-02-13T00:21:21.137+0000] {processor.py:925} INFO - DAG(s) 'example_task_group' retrieved from /home/airflow/.local/lib/python3.12/site-packages/airflow/example_dags/example_task_group.py
[2025-02-13T00:21:21.166+0000] {logging_mixin.py:190} INFO - [2025-02-13T00:21:21.166+0000] {dag.py:3239} INFO - Sync 1 DAGs
[2025-02-13T00:21:21.184+0000] {logging_mixin.py:190} INFO - [2025-02-13T00:21:21.183+0000] {dag.py:4180} INFO - Setting next_dagrun for example_task_group to None, run_after=None
[2025-02-13T00:21:21.202+0000] {processor.py:208} INFO - Processing /home/airflow/.local/lib/python3.12/site-packages/airflow/example_dags/example_task_group.py took 0.089 seconds
[2025-02-13T00:21:51.483+0000] {processor.py:186} INFO - Started process (PID=2483) to work on /home/airflow/.local/lib/python3.12/site-packages/airflow/example_dags/example_task_group.py
[2025-02-13T00:21:51.484+0000] {processor.py:914} INFO - Processing file /home/airflow/.local/lib/python3.12/site-packages/airflow/example_dags/example_task_group.py for tasks to queue
[2025-02-13T00:21:51.486+0000] {logging_mixin.py:190} INFO - [2025-02-13T00:21:51.486+0000] {dagbag.py:588} INFO - Filling up the DagBag from /home/airflow/.local/lib/python3.12/site-packages/airflow/example_dags/example_task_group.py
[2025-02-13T00:21:51.497+0000] {processor.py:925} INFO - DAG(s) 'example_task_group' retrieved from /home/airflow/.local/lib/python3.12/site-packages/airflow/example_dags/example_task_group.py
[2025-02-13T00:21:51.521+0000] {logging_mixin.py:190} INFO - [2025-02-13T00:21:51.521+0000] {dag.py:3239} INFO - Sync 1 DAGs
[2025-02-13T00:21:51.539+0000] {logging_mixin.py:190} INFO - [2025-02-13T00:21:51.539+0000] {dag.py:4180} INFO - Setting next_dagrun for example_task_group to None, run_after=None
[2025-02-13T00:21:51.558+0000] {processor.py:208} INFO - Processing /home/airflow/.local/lib/python3.12/site-packages/airflow/example_dags/example_task_group.py took 0.084 seconds
[2025-02-13T00:22:21.640+0000] {processor.py:186} INFO - Started process (PID=2541) to work on /home/airflow/.local/lib/python3.12/site-packages/airflow/example_dags/example_task_group.py
[2025-02-13T00:22:21.641+0000] {processor.py:914} INFO - Processing file /home/airflow/.local/lib/python3.12/site-packages/airflow/example_dags/example_task_group.py for tasks to queue
[2025-02-13T00:22:21.643+0000] {logging_mixin.py:190} INFO - [2025-02-13T00:22:21.643+0000] {dagbag.py:588} INFO - Filling up the DagBag from /home/airflow/.local/lib/python3.12/site-packages/airflow/example_dags/example_task_group.py
[2025-02-13T00:22:21.655+0000] {processor.py:925} INFO - DAG(s) 'example_task_group' retrieved from /home/airflow/.local/lib/python3.12/site-packages/airflow/example_dags/example_task_group.py
[2025-02-13T00:22:21.680+0000] {logging_mixin.py:190} INFO - [2025-02-13T00:22:21.679+0000] {dag.py:3239} INFO - Sync 1 DAGs
[2025-02-13T00:22:21.698+0000] {logging_mixin.py:190} INFO - [2025-02-13T00:22:21.698+0000] {dag.py:4180} INFO - Setting next_dagrun for example_task_group to None, run_after=None
[2025-02-13T00:22:21.716+0000] {processor.py:208} INFO - Processing /home/airflow/.local/lib/python3.12/site-packages/airflow/example_dags/example_task_group.py took 0.084 seconds
[2025-02-13T00:22:52.732+0000] {processor.py:186} INFO - Started process (PID=2599) to work on /home/airflow/.local/lib/python3.12/site-packages/airflow/example_dags/example_task_group.py
[2025-02-13T00:22:52.732+0000] {processor.py:914} INFO - Processing file /home/airflow/.local/lib/python3.12/site-packages/airflow/example_dags/example_task_group.py for tasks to queue
[2025-02-13T00:22:52.735+0000] {logging_mixin.py:190} INFO - [2025-02-13T00:22:52.734+0000] {dagbag.py:588} INFO - Filling up the DagBag from /home/airflow/.local/lib/python3.12/site-packages/airflow/example_dags/example_task_group.py
[2025-02-13T00:22:52.745+0000] {processor.py:925} INFO - DAG(s) 'example_task_group' retrieved from /home/airflow/.local/lib/python3.12/site-packages/airflow/example_dags/example_task_group.py
[2025-02-13T00:22:52.770+0000] {logging_mixin.py:190} INFO - [2025-02-13T00:22:52.770+0000] {dag.py:3239} INFO - Sync 1 DAGs
[2025-02-13T00:22:52.789+0000] {logging_mixin.py:190} INFO - [2025-02-13T00:22:52.789+0000] {dag.py:4180} INFO - Setting next_dagrun for example_task_group to None, run_after=None
[2025-02-13T00:22:52.808+0000] {processor.py:208} INFO - Processing /home/airflow/.local/lib/python3.12/site-packages/airflow/example_dags/example_task_group.py took 0.083 seconds
[2025-02-13T00:23:23.069+0000] {processor.py:186} INFO - Started process (PID=2657) to work on /home/airflow/.local/lib/python3.12/site-packages/airflow/example_dags/example_task_group.py
[2025-02-13T00:23:23.070+0000] {processor.py:914} INFO - Processing file /home/airflow/.local/lib/python3.12/site-packages/airflow/example_dags/example_task_group.py for tasks to queue
[2025-02-13T00:23:23.073+0000] {logging_mixin.py:190} INFO - [2025-02-13T00:23:23.072+0000] {dagbag.py:588} INFO - Filling up the DagBag from /home/airflow/.local/lib/python3.12/site-packages/airflow/example_dags/example_task_group.py
[2025-02-13T00:23:23.084+0000] {processor.py:925} INFO - DAG(s) 'example_task_group' retrieved from /home/airflow/.local/lib/python3.12/site-packages/airflow/example_dags/example_task_group.py
[2025-02-13T00:23:23.109+0000] {logging_mixin.py:190} INFO - [2025-02-13T00:23:23.108+0000] {dag.py:3239} INFO - Sync 1 DAGs
[2025-02-13T00:23:23.131+0000] {logging_mixin.py:190} INFO - [2025-02-13T00:23:23.131+0000] {dag.py:4180} INFO - Setting next_dagrun for example_task_group to None, run_after=None
[2025-02-13T00:23:23.150+0000] {processor.py:208} INFO - Processing /home/airflow/.local/lib/python3.12/site-packages/airflow/example_dags/example_task_group.py took 0.087 seconds
[2025-02-13T00:23:53.368+0000] {processor.py:186} INFO - Started process (PID=2715) to work on /home/airflow/.local/lib/python3.12/site-packages/airflow/example_dags/example_task_group.py
[2025-02-13T00:23:53.368+0000] {processor.py:914} INFO - Processing file /home/airflow/.local/lib/python3.12/site-packages/airflow/example_dags/example_task_group.py for tasks to queue
[2025-02-13T00:23:53.371+0000] {logging_mixin.py:190} INFO - [2025-02-13T00:23:53.370+0000] {dagbag.py:588} INFO - Filling up the DagBag from /home/airflow/.local/lib/python3.12/site-packages/airflow/example_dags/example_task_group.py
[2025-02-13T00:23:53.382+0000] {processor.py:925} INFO - DAG(s) 'example_task_group' retrieved from /home/airflow/.local/lib/python3.12/site-packages/airflow/example_dags/example_task_group.py
[2025-02-13T00:23:53.461+0000] {logging_mixin.py:190} INFO - [2025-02-13T00:23:53.461+0000] {dag.py:3239} INFO - Sync 1 DAGs
[2025-02-13T00:23:53.479+0000] {logging_mixin.py:190} INFO - [2025-02-13T00:23:53.478+0000] {dag.py:4180} INFO - Setting next_dagrun for example_task_group to None, run_after=None
[2025-02-13T00:23:53.505+0000] {processor.py:208} INFO - Processing /home/airflow/.local/lib/python3.12/site-packages/airflow/example_dags/example_task_group.py took 0.144 seconds
[2025-02-13T00:24:24.575+0000] {processor.py:186} INFO - Started process (PID=2770) to work on /home/airflow/.local/lib/python3.12/site-packages/airflow/example_dags/example_task_group.py
[2025-02-13T00:24:24.576+0000] {processor.py:914} INFO - Processing file /home/airflow/.local/lib/python3.12/site-packages/airflow/example_dags/example_task_group.py for tasks to queue
[2025-02-13T00:24:24.578+0000] {logging_mixin.py:190} INFO - [2025-02-13T00:24:24.578+0000] {dagbag.py:588} INFO - Filling up the DagBag from /home/airflow/.local/lib/python3.12/site-packages/airflow/example_dags/example_task_group.py
[2025-02-13T00:24:24.589+0000] {processor.py:925} INFO - DAG(s) 'example_task_group' retrieved from /home/airflow/.local/lib/python3.12/site-packages/airflow/example_dags/example_task_group.py
[2025-02-13T00:24:24.629+0000] {logging_mixin.py:190} INFO - [2025-02-13T00:24:24.628+0000] {dag.py:3239} INFO - Sync 1 DAGs
[2025-02-13T00:24:24.664+0000] {logging_mixin.py:190} INFO - [2025-02-13T00:24:24.664+0000] {dag.py:4180} INFO - Setting next_dagrun for example_task_group to None, run_after=None
[2025-02-13T00:24:24.682+0000] {processor.py:208} INFO - Processing /home/airflow/.local/lib/python3.12/site-packages/airflow/example_dags/example_task_group.py took 0.113 seconds
[2025-02-13T00:24:55.985+0000] {processor.py:186} INFO - Started process (PID=2829) to work on /home/airflow/.local/lib/python3.12/site-packages/airflow/example_dags/example_task_group.py
[2025-02-13T00:24:55.986+0000] {processor.py:914} INFO - Processing file /home/airflow/.local/lib/python3.12/site-packages/airflow/example_dags/example_task_group.py for tasks to queue
[2025-02-13T00:24:55.988+0000] {logging_mixin.py:190} INFO - [2025-02-13T00:24:55.988+0000] {dagbag.py:588} INFO - Filling up the DagBag from /home/airflow/.local/lib/python3.12/site-packages/airflow/example_dags/example_task_group.py
[2025-02-13T00:24:56.000+0000] {processor.py:925} INFO - DAG(s) 'example_task_group' retrieved from /home/airflow/.local/lib/python3.12/site-packages/airflow/example_dags/example_task_group.py
[2025-02-13T00:24:56.030+0000] {logging_mixin.py:190} INFO - [2025-02-13T00:24:56.030+0000] {dag.py:3239} INFO - Sync 1 DAGs
[2025-02-13T00:24:56.048+0000] {logging_mixin.py:190} INFO - [2025-02-13T00:24:56.048+0000] {dag.py:4180} INFO - Setting next_dagrun for example_task_group to None, run_after=None
[2025-02-13T00:24:56.067+0000] {processor.py:208} INFO - Processing /home/airflow/.local/lib/python3.12/site-packages/airflow/example_dags/example_task_group.py took 0.089 seconds
[2025-02-13T00:25:27.088+0000] {processor.py:186} INFO - Started process (PID=2888) to work on /home/airflow/.local/lib/python3.12/site-packages/airflow/example_dags/example_task_group.py
[2025-02-13T00:25:27.089+0000] {processor.py:914} INFO - Processing file /home/airflow/.local/lib/python3.12/site-packages/airflow/example_dags/example_task_group.py for tasks to queue
[2025-02-13T00:25:27.091+0000] {logging_mixin.py:190} INFO - [2025-02-13T00:25:27.091+0000] {dagbag.py:588} INFO - Filling up the DagBag from /home/airflow/.local/lib/python3.12/site-packages/airflow/example_dags/example_task_group.py
[2025-02-13T00:25:27.102+0000] {processor.py:925} INFO - DAG(s) 'example_task_group' retrieved from /home/airflow/.local/lib/python3.12/site-packages/airflow/example_dags/example_task_group.py
[2025-02-13T00:25:27.127+0000] {logging_mixin.py:190} INFO - [2025-02-13T00:25:27.127+0000] {dag.py:3239} INFO - Sync 1 DAGs
[2025-02-13T00:25:27.145+0000] {logging_mixin.py:190} INFO - [2025-02-13T00:25:27.145+0000] {dag.py:4180} INFO - Setting next_dagrun for example_task_group to None, run_after=None
[2025-02-13T00:25:27.163+0000] {processor.py:208} INFO - Processing /home/airflow/.local/lib/python3.12/site-packages/airflow/example_dags/example_task_group.py took 0.083 seconds
[2025-02-13T00:25:57.447+0000] {processor.py:186} INFO - Started process (PID=2945) to work on /home/airflow/.local/lib/python3.12/site-packages/airflow/example_dags/example_task_group.py
[2025-02-13T00:25:57.448+0000] {processor.py:914} INFO - Processing file /home/airflow/.local/lib/python3.12/site-packages/airflow/example_dags/example_task_group.py for tasks to queue
[2025-02-13T00:25:57.450+0000] {logging_mixin.py:190} INFO - [2025-02-13T00:25:57.450+0000] {dagbag.py:588} INFO - Filling up the DagBag from /home/airflow/.local/lib/python3.12/site-packages/airflow/example_dags/example_task_group.py
[2025-02-13T00:25:57.460+0000] {processor.py:925} INFO - DAG(s) 'example_task_group' retrieved from /home/airflow/.local/lib/python3.12/site-packages/airflow/example_dags/example_task_group.py
[2025-02-13T00:25:57.485+0000] {logging_mixin.py:190} INFO - [2025-02-13T00:25:57.485+0000] {dag.py:3239} INFO - Sync 1 DAGs
[2025-02-13T00:25:57.502+0000] {logging_mixin.py:190} INFO - [2025-02-13T00:25:57.502+0000] {dag.py:4180} INFO - Setting next_dagrun for example_task_group to None, run_after=None
[2025-02-13T00:25:57.521+0000] {processor.py:208} INFO - Processing /home/airflow/.local/lib/python3.12/site-packages/airflow/example_dags/example_task_group.py took 0.081 seconds
[2025-02-13T00:26:27.946+0000] {processor.py:186} INFO - Started process (PID=3003) to work on /home/airflow/.local/lib/python3.12/site-packages/airflow/example_dags/example_task_group.py
[2025-02-13T00:26:27.946+0000] {processor.py:914} INFO - Processing file /home/airflow/.local/lib/python3.12/site-packages/airflow/example_dags/example_task_group.py for tasks to queue
[2025-02-13T00:26:27.948+0000] {logging_mixin.py:190} INFO - [2025-02-13T00:26:27.948+0000] {dagbag.py:588} INFO - Filling up the DagBag from /home/airflow/.local/lib/python3.12/site-packages/airflow/example_dags/example_task_group.py
[2025-02-13T00:26:27.956+0000] {processor.py:925} INFO - DAG(s) 'example_task_group' retrieved from /home/airflow/.local/lib/python3.12/site-packages/airflow/example_dags/example_task_group.py
[2025-02-13T00:26:27.976+0000] {logging_mixin.py:190} INFO - [2025-02-13T00:26:27.975+0000] {dag.py:3239} INFO - Sync 1 DAGs
[2025-02-13T00:26:27.992+0000] {logging_mixin.py:190} INFO - [2025-02-13T00:26:27.991+0000] {dag.py:4180} INFO - Setting next_dagrun for example_task_group to None, run_after=None
[2025-02-13T00:26:28.005+0000] {processor.py:208} INFO - Processing /home/airflow/.local/lib/python3.12/site-packages/airflow/example_dags/example_task_group.py took 0.064 seconds
[2025-02-13T00:26:59.225+0000] {processor.py:186} INFO - Started process (PID=3062) to work on /home/airflow/.local/lib/python3.12/site-packages/airflow/example_dags/example_task_group.py
[2025-02-13T00:26:59.226+0000] {processor.py:914} INFO - Processing file /home/airflow/.local/lib/python3.12/site-packages/airflow/example_dags/example_task_group.py for tasks to queue
[2025-02-13T00:26:59.228+0000] {logging_mixin.py:190} INFO - [2025-02-13T00:26:59.228+0000] {dagbag.py:588} INFO - Filling up the DagBag from /home/airflow/.local/lib/python3.12/site-packages/airflow/example_dags/example_task_group.py
[2025-02-13T00:26:59.240+0000] {processor.py:925} INFO - DAG(s) 'example_task_group' retrieved from /home/airflow/.local/lib/python3.12/site-packages/airflow/example_dags/example_task_group.py
[2025-02-13T00:26:59.288+0000] {logging_mixin.py:190} INFO - [2025-02-13T00:26:59.287+0000] {dag.py:3239} INFO - Sync 1 DAGs
[2025-02-13T00:26:59.309+0000] {logging_mixin.py:190} INFO - [2025-02-13T00:26:59.309+0000] {dag.py:4180} INFO - Setting next_dagrun for example_task_group to None, run_after=None
[2025-02-13T00:26:59.331+0000] {processor.py:208} INFO - Processing /home/airflow/.local/lib/python3.12/site-packages/airflow/example_dags/example_task_group.py took 0.113 seconds
[2025-02-13T00:27:29.553+0000] {processor.py:186} INFO - Started process (PID=3120) to work on /home/airflow/.local/lib/python3.12/site-packages/airflow/example_dags/example_task_group.py
[2025-02-13T00:27:29.553+0000] {processor.py:914} INFO - Processing file /home/airflow/.local/lib/python3.12/site-packages/airflow/example_dags/example_task_group.py for tasks to queue
[2025-02-13T00:27:29.556+0000] {logging_mixin.py:190} INFO - [2025-02-13T00:27:29.556+0000] {dagbag.py:588} INFO - Filling up the DagBag from /home/airflow/.local/lib/python3.12/site-packages/airflow/example_dags/example_task_group.py
[2025-02-13T00:27:29.566+0000] {processor.py:925} INFO - DAG(s) 'example_task_group' retrieved from /home/airflow/.local/lib/python3.12/site-packages/airflow/example_dags/example_task_group.py
[2025-02-13T00:27:29.601+0000] {logging_mixin.py:190} INFO - [2025-02-13T00:27:29.601+0000] {dag.py:3239} INFO - Sync 1 DAGs
[2025-02-13T00:27:29.620+0000] {logging_mixin.py:190} INFO - [2025-02-13T00:27:29.620+0000] {dag.py:4180} INFO - Setting next_dagrun for example_task_group to None, run_after=None
[2025-02-13T00:27:29.639+0000] {processor.py:208} INFO - Processing /home/airflow/.local/lib/python3.12/site-packages/airflow/example_dags/example_task_group.py took 0.093 seconds
[2025-02-13T00:27:59.734+0000] {processor.py:186} INFO - Started process (PID=3175) to work on /home/airflow/.local/lib/python3.12/site-packages/airflow/example_dags/example_task_group.py
[2025-02-13T00:27:59.735+0000] {processor.py:914} INFO - Processing file /home/airflow/.local/lib/python3.12/site-packages/airflow/example_dags/example_task_group.py for tasks to queue
[2025-02-13T00:27:59.737+0000] {logging_mixin.py:190} INFO - [2025-02-13T00:27:59.737+0000] {dagbag.py:588} INFO - Filling up the DagBag from /home/airflow/.local/lib/python3.12/site-packages/airflow/example_dags/example_task_group.py
[2025-02-13T00:27:59.748+0000] {processor.py:925} INFO - DAG(s) 'example_task_group' retrieved from /home/airflow/.local/lib/python3.12/site-packages/airflow/example_dags/example_task_group.py
[2025-02-13T00:27:59.774+0000] {logging_mixin.py:190} INFO - [2025-02-13T00:27:59.774+0000] {dag.py:3239} INFO - Sync 1 DAGs
[2025-02-13T00:27:59.793+0000] {logging_mixin.py:190} INFO - [2025-02-13T00:27:59.793+0000] {dag.py:4180} INFO - Setting next_dagrun for example_task_group to None, run_after=None
[2025-02-13T00:27:59.815+0000] {processor.py:208} INFO - Processing /home/airflow/.local/lib/python3.12/site-packages/airflow/example_dags/example_task_group.py took 0.088 seconds
