[2025-02-13T00:00:20.539+0000] {processor.py:186} INFO - Started process (PID=148) to work on /home/airflow/.local/lib/python3.12/site-packages/airflow/example_dags/example_params_trigger_ui.py
[2025-02-13T00:00:20.558+0000] {processor.py:914} INFO - Processing file /home/airflow/.local/lib/python3.12/site-packages/airflow/example_dags/example_params_trigger_ui.py for tasks to queue
[2025-02-13T00:00:20.568+0000] {logging_mixin.py:190} INFO - [2025-02-13T00:00:20.568+0000] {dagbag.py:588} INFO - Filling up the DagBag from /home/airflow/.local/lib/python3.12/site-packages/airflow/example_dags/example_params_trigger_ui.py
[2025-02-13T00:00:20.657+0000] {processor.py:925} INFO - DAG(s) 'example_params_trigger_ui' retrieved from /home/airflow/.local/lib/python3.12/site-packages/airflow/example_dags/example_params_trigger_ui.py
[2025-02-13T00:00:20.898+0000] {logging_mixin.py:190} INFO - [2025-02-13T00:00:20.898+0000] {dag.py:3239} INFO - Sync 1 DAGs
[2025-02-13T00:00:20.949+0000] {logging_mixin.py:190} INFO - [2025-02-13T00:00:20.949+0000] {dag.py:4180} INFO - Setting next_dagrun for example_params_trigger_ui to None, run_after=None
[2025-02-13T00:00:22.211+0000] {processor.py:208} INFO - Processing /home/airflow/.local/lib/python3.12/site-packages/airflow/example_dags/example_params_trigger_ui.py took 1.706 seconds
[2025-02-13T00:01:17.253+0000] {processor.py:186} INFO - Started process (PID=207) to work on /home/airflow/.local/lib/python3.12/site-packages/airflow/example_dags/example_params_trigger_ui.py
[2025-02-13T00:01:17.258+0000] {processor.py:914} INFO - Processing file /home/airflow/.local/lib/python3.12/site-packages/airflow/example_dags/example_params_trigger_ui.py for tasks to queue
[2025-02-13T00:01:17.265+0000] {logging_mixin.py:190} INFO - [2025-02-13T00:01:17.265+0000] {dagbag.py:588} INFO - Filling up the DagBag from /home/airflow/.local/lib/python3.12/site-packages/airflow/example_dags/example_params_trigger_ui.py
[2025-02-13T00:01:17.293+0000] {processor.py:925} INFO - DAG(s) 'example_params_trigger_ui' retrieved from /home/airflow/.local/lib/python3.12/site-packages/airflow/example_dags/example_params_trigger_ui.py
[2025-02-13T00:01:17.516+0000] {logging_mixin.py:190} INFO - [2025-02-13T00:01:17.516+0000] {dag.py:3239} INFO - Sync 1 DAGs
[2025-02-13T00:01:17.566+0000] {logging_mixin.py:190} INFO - [2025-02-13T00:01:17.566+0000] {dag.py:4180} INFO - Setting next_dagrun for example_params_trigger_ui to None, run_after=None
[2025-02-13T00:01:17.618+0000] {processor.py:208} INFO - Processing /home/airflow/.local/lib/python3.12/site-packages/airflow/example_dags/example_params_trigger_ui.py took 0.376 seconds
[2025-02-13T00:01:54.882+0000] {processor.py:186} INFO - Started process (PID=258) to work on /home/airflow/.local/lib/python3.12/site-packages/airflow/example_dags/example_params_trigger_ui.py
[2025-02-13T00:01:54.884+0000] {processor.py:914} INFO - Processing file /home/airflow/.local/lib/python3.12/site-packages/airflow/example_dags/example_params_trigger_ui.py for tasks to queue
[2025-02-13T00:01:54.887+0000] {logging_mixin.py:190} INFO - [2025-02-13T00:01:54.886+0000] {dagbag.py:588} INFO - Filling up the DagBag from /home/airflow/.local/lib/python3.12/site-packages/airflow/example_dags/example_params_trigger_ui.py
[2025-02-13T00:01:54.954+0000] {processor.py:925} INFO - DAG(s) 'example_params_trigger_ui' retrieved from /home/airflow/.local/lib/python3.12/site-packages/airflow/example_dags/example_params_trigger_ui.py
[2025-02-13T00:01:55.219+0000] {logging_mixin.py:190} INFO - [2025-02-13T00:01:55.218+0000] {dag.py:3239} INFO - Sync 1 DAGs
[2025-02-13T00:01:55.942+0000] {logging_mixin.py:190} INFO - [2025-02-13T00:01:55.942+0000] {dag.py:4180} INFO - Setting next_dagrun for example_params_trigger_ui to None, run_after=None
[2025-02-13T00:01:58.724+0000] {processor.py:208} INFO - Processing /home/airflow/.local/lib/python3.12/site-packages/airflow/example_dags/example_params_trigger_ui.py took 3.859 seconds
[2025-02-13T00:02:43.304+0000] {processor.py:186} INFO - Started process (PID=316) to work on /home/airflow/.local/lib/python3.12/site-packages/airflow/example_dags/example_params_trigger_ui.py
[2025-02-13T00:02:43.305+0000] {processor.py:914} INFO - Processing file /home/airflow/.local/lib/python3.12/site-packages/airflow/example_dags/example_params_trigger_ui.py for tasks to queue
[2025-02-13T00:02:43.307+0000] {logging_mixin.py:190} INFO - [2025-02-13T00:02:43.307+0000] {dagbag.py:588} INFO - Filling up the DagBag from /home/airflow/.local/lib/python3.12/site-packages/airflow/example_dags/example_params_trigger_ui.py
[2025-02-13T00:02:43.323+0000] {processor.py:925} INFO - DAG(s) 'example_params_trigger_ui' retrieved from /home/airflow/.local/lib/python3.12/site-packages/airflow/example_dags/example_params_trigger_ui.py
[2025-02-13T00:02:43.394+0000] {logging_mixin.py:190} INFO - [2025-02-13T00:02:43.393+0000] {dag.py:3239} INFO - Sync 1 DAGs
[2025-02-13T00:02:43.717+0000] {logging_mixin.py:190} INFO - [2025-02-13T00:02:43.717+0000] {dag.py:4180} INFO - Setting next_dagrun for example_params_trigger_ui to None, run_after=None
[2025-02-13T00:02:43.739+0000] {processor.py:208} INFO - Processing /home/airflow/.local/lib/python3.12/site-packages/airflow/example_dags/example_params_trigger_ui.py took 0.446 seconds
[2025-02-13T00:03:13.959+0000] {processor.py:186} INFO - Started process (PID=374) to work on /home/airflow/.local/lib/python3.12/site-packages/airflow/example_dags/example_params_trigger_ui.py
[2025-02-13T00:03:13.959+0000] {processor.py:914} INFO - Processing file /home/airflow/.local/lib/python3.12/site-packages/airflow/example_dags/example_params_trigger_ui.py for tasks to queue
[2025-02-13T00:03:13.989+0000] {logging_mixin.py:190} INFO - [2025-02-13T00:03:13.988+0000] {dagbag.py:588} INFO - Filling up the DagBag from /home/airflow/.local/lib/python3.12/site-packages/airflow/example_dags/example_params_trigger_ui.py
[2025-02-13T00:03:14.044+0000] {processor.py:925} INFO - DAG(s) 'example_params_trigger_ui' retrieved from /home/airflow/.local/lib/python3.12/site-packages/airflow/example_dags/example_params_trigger_ui.py
[2025-02-13T00:03:14.277+0000] {logging_mixin.py:190} INFO - [2025-02-13T00:03:14.276+0000] {dag.py:3239} INFO - Sync 1 DAGs
[2025-02-13T00:03:14.614+0000] {logging_mixin.py:190} INFO - [2025-02-13T00:03:14.614+0000] {dag.py:4180} INFO - Setting next_dagrun for example_params_trigger_ui to None, run_after=None
[2025-02-13T00:03:15.909+0000] {processor.py:208} INFO - Processing /home/airflow/.local/lib/python3.12/site-packages/airflow/example_dags/example_params_trigger_ui.py took 1.961 seconds
[2025-02-13T00:03:46.122+0000] {processor.py:186} INFO - Started process (PID=430) to work on /home/airflow/.local/lib/python3.12/site-packages/airflow/example_dags/example_params_trigger_ui.py
[2025-02-13T00:03:46.132+0000] {processor.py:914} INFO - Processing file /home/airflow/.local/lib/python3.12/site-packages/airflow/example_dags/example_params_trigger_ui.py for tasks to queue
[2025-02-13T00:03:46.135+0000] {logging_mixin.py:190} INFO - [2025-02-13T00:03:46.134+0000] {dagbag.py:588} INFO - Filling up the DagBag from /home/airflow/.local/lib/python3.12/site-packages/airflow/example_dags/example_params_trigger_ui.py
[2025-02-13T00:03:46.177+0000] {processor.py:925} INFO - DAG(s) 'example_params_trigger_ui' retrieved from /home/airflow/.local/lib/python3.12/site-packages/airflow/example_dags/example_params_trigger_ui.py
[2025-02-13T00:03:46.409+0000] {logging_mixin.py:190} INFO - [2025-02-13T00:03:46.405+0000] {dag.py:3239} INFO - Sync 1 DAGs
[2025-02-13T00:03:46.448+0000] {logging_mixin.py:190} INFO - [2025-02-13T00:03:46.448+0000] {dag.py:4180} INFO - Setting next_dagrun for example_params_trigger_ui to None, run_after=None
[2025-02-13T00:03:49.576+0000] {processor.py:208} INFO - Processing /home/airflow/.local/lib/python3.12/site-packages/airflow/example_dags/example_params_trigger_ui.py took 3.464 seconds
[2025-02-13T00:04:19.695+0000] {processor.py:186} INFO - Started process (PID=488) to work on /home/airflow/.local/lib/python3.12/site-packages/airflow/example_dags/example_params_trigger_ui.py
[2025-02-13T00:04:19.697+0000] {processor.py:914} INFO - Processing file /home/airflow/.local/lib/python3.12/site-packages/airflow/example_dags/example_params_trigger_ui.py for tasks to queue
[2025-02-13T00:04:19.700+0000] {logging_mixin.py:190} INFO - [2025-02-13T00:04:19.699+0000] {dagbag.py:588} INFO - Filling up the DagBag from /home/airflow/.local/lib/python3.12/site-packages/airflow/example_dags/example_params_trigger_ui.py
[2025-02-13T00:04:19.726+0000] {processor.py:925} INFO - DAG(s) 'example_params_trigger_ui' retrieved from /home/airflow/.local/lib/python3.12/site-packages/airflow/example_dags/example_params_trigger_ui.py
[2025-02-13T00:04:19.866+0000] {logging_mixin.py:190} INFO - [2025-02-13T00:04:19.865+0000] {dag.py:3239} INFO - Sync 1 DAGs
[2025-02-13T00:04:19.965+0000] {logging_mixin.py:190} INFO - [2025-02-13T00:04:19.965+0000] {dag.py:4180} INFO - Setting next_dagrun for example_params_trigger_ui to None, run_after=None
[2025-02-13T00:04:20.393+0000] {processor.py:208} INFO - Processing /home/airflow/.local/lib/python3.12/site-packages/airflow/example_dags/example_params_trigger_ui.py took 0.707 seconds
[2025-02-13T00:04:50.580+0000] {processor.py:186} INFO - Started process (PID=546) to work on /home/airflow/.local/lib/python3.12/site-packages/airflow/example_dags/example_params_trigger_ui.py
[2025-02-13T00:04:50.587+0000] {processor.py:914} INFO - Processing file /home/airflow/.local/lib/python3.12/site-packages/airflow/example_dags/example_params_trigger_ui.py for tasks to queue
[2025-02-13T00:04:50.609+0000] {logging_mixin.py:190} INFO - [2025-02-13T00:04:50.596+0000] {dagbag.py:588} INFO - Filling up the DagBag from /home/airflow/.local/lib/python3.12/site-packages/airflow/example_dags/example_params_trigger_ui.py
[2025-02-13T00:04:50.647+0000] {processor.py:925} INFO - DAG(s) 'example_params_trigger_ui' retrieved from /home/airflow/.local/lib/python3.12/site-packages/airflow/example_dags/example_params_trigger_ui.py
[2025-02-13T00:04:50.770+0000] {logging_mixin.py:190} INFO - [2025-02-13T00:04:50.769+0000] {dag.py:3239} INFO - Sync 1 DAGs
[2025-02-13T00:04:50.802+0000] {logging_mixin.py:190} INFO - [2025-02-13T00:04:50.802+0000] {dag.py:4180} INFO - Setting next_dagrun for example_params_trigger_ui to None, run_after=None
[2025-02-13T00:04:50.844+0000] {processor.py:208} INFO - Processing /home/airflow/.local/lib/python3.12/site-packages/airflow/example_dags/example_params_trigger_ui.py took 0.272 seconds
[2025-02-13T00:05:22.831+0000] {processor.py:186} INFO - Started process (PID=604) to work on /home/airflow/.local/lib/python3.12/site-packages/airflow/example_dags/example_params_trigger_ui.py
[2025-02-13T00:05:22.832+0000] {processor.py:914} INFO - Processing file /home/airflow/.local/lib/python3.12/site-packages/airflow/example_dags/example_params_trigger_ui.py for tasks to queue
[2025-02-13T00:05:22.835+0000] {logging_mixin.py:190} INFO - [2025-02-13T00:05:22.834+0000] {dagbag.py:588} INFO - Filling up the DagBag from /home/airflow/.local/lib/python3.12/site-packages/airflow/example_dags/example_params_trigger_ui.py
[2025-02-13T00:05:22.851+0000] {processor.py:925} INFO - DAG(s) 'example_params_trigger_ui' retrieved from /home/airflow/.local/lib/python3.12/site-packages/airflow/example_dags/example_params_trigger_ui.py
[2025-02-13T00:05:22.939+0000] {logging_mixin.py:190} INFO - [2025-02-13T00:05:22.938+0000] {dag.py:3239} INFO - Sync 1 DAGs
[2025-02-13T00:05:23.013+0000] {logging_mixin.py:190} INFO - [2025-02-13T00:05:23.013+0000] {dag.py:4180} INFO - Setting next_dagrun for example_params_trigger_ui to None, run_after=None
[2025-02-13T00:05:24.555+0000] {processor.py:208} INFO - Processing /home/airflow/.local/lib/python3.12/site-packages/airflow/example_dags/example_params_trigger_ui.py took 1.732 seconds
[2025-02-13T00:05:54.678+0000] {processor.py:186} INFO - Started process (PID=662) to work on /home/airflow/.local/lib/python3.12/site-packages/airflow/example_dags/example_params_trigger_ui.py
[2025-02-13T00:05:54.679+0000] {processor.py:914} INFO - Processing file /home/airflow/.local/lib/python3.12/site-packages/airflow/example_dags/example_params_trigger_ui.py for tasks to queue
[2025-02-13T00:05:54.681+0000] {logging_mixin.py:190} INFO - [2025-02-13T00:05:54.681+0000] {dagbag.py:588} INFO - Filling up the DagBag from /home/airflow/.local/lib/python3.12/site-packages/airflow/example_dags/example_params_trigger_ui.py
[2025-02-13T00:05:54.716+0000] {processor.py:925} INFO - DAG(s) 'example_params_trigger_ui' retrieved from /home/airflow/.local/lib/python3.12/site-packages/airflow/example_dags/example_params_trigger_ui.py
[2025-02-13T00:05:54.786+0000] {logging_mixin.py:190} INFO - [2025-02-13T00:05:54.786+0000] {dag.py:3239} INFO - Sync 1 DAGs
[2025-02-13T00:05:54.800+0000] {logging_mixin.py:190} INFO - [2025-02-13T00:05:54.800+0000] {dag.py:4180} INFO - Setting next_dagrun for example_params_trigger_ui to None, run_after=None
[2025-02-13T00:05:55.184+0000] {processor.py:208} INFO - Processing /home/airflow/.local/lib/python3.12/site-packages/airflow/example_dags/example_params_trigger_ui.py took 0.529 seconds
[2025-02-13T00:06:25.817+0000] {processor.py:186} INFO - Started process (PID=719) to work on /home/airflow/.local/lib/python3.12/site-packages/airflow/example_dags/example_params_trigger_ui.py
[2025-02-13T00:06:25.834+0000] {processor.py:914} INFO - Processing file /home/airflow/.local/lib/python3.12/site-packages/airflow/example_dags/example_params_trigger_ui.py for tasks to queue
[2025-02-13T00:06:25.836+0000] {logging_mixin.py:190} INFO - [2025-02-13T00:06:25.836+0000] {dagbag.py:588} INFO - Filling up the DagBag from /home/airflow/.local/lib/python3.12/site-packages/airflow/example_dags/example_params_trigger_ui.py
[2025-02-13T00:06:25.865+0000] {processor.py:925} INFO - DAG(s) 'example_params_trigger_ui' retrieved from /home/airflow/.local/lib/python3.12/site-packages/airflow/example_dags/example_params_trigger_ui.py
[2025-02-13T00:06:25.974+0000] {logging_mixin.py:190} INFO - [2025-02-13T00:06:25.973+0000] {dag.py:3239} INFO - Sync 1 DAGs
[2025-02-13T00:06:25.996+0000] {logging_mixin.py:190} INFO - [2025-02-13T00:06:25.995+0000] {dag.py:4180} INFO - Setting next_dagrun for example_params_trigger_ui to None, run_after=None
[2025-02-13T00:06:26.014+0000] {processor.py:208} INFO - Processing /home/airflow/.local/lib/python3.12/site-packages/airflow/example_dags/example_params_trigger_ui.py took 0.228 seconds
[2025-02-13T00:06:56.189+0000] {processor.py:186} INFO - Started process (PID=777) to work on /home/airflow/.local/lib/python3.12/site-packages/airflow/example_dags/example_params_trigger_ui.py
[2025-02-13T00:06:56.190+0000] {processor.py:914} INFO - Processing file /home/airflow/.local/lib/python3.12/site-packages/airflow/example_dags/example_params_trigger_ui.py for tasks to queue
[2025-02-13T00:06:56.193+0000] {logging_mixin.py:190} INFO - [2025-02-13T00:06:56.192+0000] {dagbag.py:588} INFO - Filling up the DagBag from /home/airflow/.local/lib/python3.12/site-packages/airflow/example_dags/example_params_trigger_ui.py
[2025-02-13T00:06:56.208+0000] {processor.py:925} INFO - DAG(s) 'example_params_trigger_ui' retrieved from /home/airflow/.local/lib/python3.12/site-packages/airflow/example_dags/example_params_trigger_ui.py
[2025-02-13T00:06:56.312+0000] {logging_mixin.py:190} INFO - [2025-02-13T00:06:56.311+0000] {dag.py:3239} INFO - Sync 1 DAGs
[2025-02-13T00:06:56.338+0000] {logging_mixin.py:190} INFO - [2025-02-13T00:06:56.338+0000] {dag.py:4180} INFO - Setting next_dagrun for example_params_trigger_ui to None, run_after=None
[2025-02-13T00:06:56.356+0000] {processor.py:208} INFO - Processing /home/airflow/.local/lib/python3.12/site-packages/airflow/example_dags/example_params_trigger_ui.py took 0.180 seconds
[2025-02-13T00:07:26.524+0000] {processor.py:186} INFO - Started process (PID=835) to work on /home/airflow/.local/lib/python3.12/site-packages/airflow/example_dags/example_params_trigger_ui.py
[2025-02-13T00:07:26.525+0000] {processor.py:914} INFO - Processing file /home/airflow/.local/lib/python3.12/site-packages/airflow/example_dags/example_params_trigger_ui.py for tasks to queue
[2025-02-13T00:07:26.528+0000] {logging_mixin.py:190} INFO - [2025-02-13T00:07:26.528+0000] {dagbag.py:588} INFO - Filling up the DagBag from /home/airflow/.local/lib/python3.12/site-packages/airflow/example_dags/example_params_trigger_ui.py
[2025-02-13T00:07:26.550+0000] {processor.py:925} INFO - DAG(s) 'example_params_trigger_ui' retrieved from /home/airflow/.local/lib/python3.12/site-packages/airflow/example_dags/example_params_trigger_ui.py
[2025-02-13T00:07:26.630+0000] {logging_mixin.py:190} INFO - [2025-02-13T00:07:26.630+0000] {dag.py:3239} INFO - Sync 1 DAGs
[2025-02-13T00:07:26.659+0000] {logging_mixin.py:190} INFO - [2025-02-13T00:07:26.659+0000] {dag.py:4180} INFO - Setting next_dagrun for example_params_trigger_ui to None, run_after=None
[2025-02-13T00:07:26.682+0000] {processor.py:208} INFO - Processing /home/airflow/.local/lib/python3.12/site-packages/airflow/example_dags/example_params_trigger_ui.py took 0.175 seconds
[2025-02-13T00:07:56.721+0000] {processor.py:186} INFO - Started process (PID=893) to work on /home/airflow/.local/lib/python3.12/site-packages/airflow/example_dags/example_params_trigger_ui.py
[2025-02-13T00:07:56.722+0000] {processor.py:914} INFO - Processing file /home/airflow/.local/lib/python3.12/site-packages/airflow/example_dags/example_params_trigger_ui.py for tasks to queue
[2025-02-13T00:07:56.724+0000] {logging_mixin.py:190} INFO - [2025-02-13T00:07:56.724+0000] {dagbag.py:588} INFO - Filling up the DagBag from /home/airflow/.local/lib/python3.12/site-packages/airflow/example_dags/example_params_trigger_ui.py
[2025-02-13T00:07:56.740+0000] {processor.py:925} INFO - DAG(s) 'example_params_trigger_ui' retrieved from /home/airflow/.local/lib/python3.12/site-packages/airflow/example_dags/example_params_trigger_ui.py
[2025-02-13T00:07:56.801+0000] {logging_mixin.py:190} INFO - [2025-02-13T00:07:56.801+0000] {dag.py:3239} INFO - Sync 1 DAGs
[2025-02-13T00:07:56.813+0000] {logging_mixin.py:190} INFO - [2025-02-13T00:07:56.813+0000] {dag.py:4180} INFO - Setting next_dagrun for example_params_trigger_ui to None, run_after=None
[2025-02-13T00:07:56.829+0000] {processor.py:208} INFO - Processing /home/airflow/.local/lib/python3.12/site-packages/airflow/example_dags/example_params_trigger_ui.py took 0.113 seconds
[2025-02-13T00:08:26.938+0000] {processor.py:186} INFO - Started process (PID=949) to work on /home/airflow/.local/lib/python3.12/site-packages/airflow/example_dags/example_params_trigger_ui.py
[2025-02-13T00:08:26.939+0000] {processor.py:914} INFO - Processing file /home/airflow/.local/lib/python3.12/site-packages/airflow/example_dags/example_params_trigger_ui.py for tasks to queue
[2025-02-13T00:08:26.942+0000] {logging_mixin.py:190} INFO - [2025-02-13T00:08:26.942+0000] {dagbag.py:588} INFO - Filling up the DagBag from /home/airflow/.local/lib/python3.12/site-packages/airflow/example_dags/example_params_trigger_ui.py
[2025-02-13T00:08:26.969+0000] {processor.py:925} INFO - DAG(s) 'example_params_trigger_ui' retrieved from /home/airflow/.local/lib/python3.12/site-packages/airflow/example_dags/example_params_trigger_ui.py
[2025-02-13T00:08:27.040+0000] {logging_mixin.py:190} INFO - [2025-02-13T00:08:27.039+0000] {dag.py:3239} INFO - Sync 1 DAGs
[2025-02-13T00:08:27.058+0000] {logging_mixin.py:190} INFO - [2025-02-13T00:08:27.058+0000] {dag.py:4180} INFO - Setting next_dagrun for example_params_trigger_ui to None, run_after=None
[2025-02-13T00:08:27.084+0000] {processor.py:208} INFO - Processing /home/airflow/.local/lib/python3.12/site-packages/airflow/example_dags/example_params_trigger_ui.py took 0.161 seconds
[2025-02-13T00:08:57.740+0000] {processor.py:186} INFO - Started process (PID=1007) to work on /home/airflow/.local/lib/python3.12/site-packages/airflow/example_dags/example_params_trigger_ui.py
[2025-02-13T00:08:57.742+0000] {processor.py:914} INFO - Processing file /home/airflow/.local/lib/python3.12/site-packages/airflow/example_dags/example_params_trigger_ui.py for tasks to queue
[2025-02-13T00:08:57.744+0000] {logging_mixin.py:190} INFO - [2025-02-13T00:08:57.744+0000] {dagbag.py:588} INFO - Filling up the DagBag from /home/airflow/.local/lib/python3.12/site-packages/airflow/example_dags/example_params_trigger_ui.py
[2025-02-13T00:08:57.757+0000] {processor.py:925} INFO - DAG(s) 'example_params_trigger_ui' retrieved from /home/airflow/.local/lib/python3.12/site-packages/airflow/example_dags/example_params_trigger_ui.py
[2025-02-13T00:08:57.825+0000] {logging_mixin.py:190} INFO - [2025-02-13T00:08:57.824+0000] {dag.py:3239} INFO - Sync 1 DAGs
[2025-02-13T00:08:57.844+0000] {logging_mixin.py:190} INFO - [2025-02-13T00:08:57.844+0000] {dag.py:4180} INFO - Setting next_dagrun for example_params_trigger_ui to None, run_after=None
[2025-02-13T00:08:57.863+0000] {processor.py:208} INFO - Processing /home/airflow/.local/lib/python3.12/site-packages/airflow/example_dags/example_params_trigger_ui.py took 0.129 seconds
[2025-02-13T00:09:27.958+0000] {processor.py:186} INFO - Started process (PID=1065) to work on /home/airflow/.local/lib/python3.12/site-packages/airflow/example_dags/example_params_trigger_ui.py
[2025-02-13T00:09:27.959+0000] {processor.py:914} INFO - Processing file /home/airflow/.local/lib/python3.12/site-packages/airflow/example_dags/example_params_trigger_ui.py for tasks to queue
[2025-02-13T00:09:27.961+0000] {logging_mixin.py:190} INFO - [2025-02-13T00:09:27.961+0000] {dagbag.py:588} INFO - Filling up the DagBag from /home/airflow/.local/lib/python3.12/site-packages/airflow/example_dags/example_params_trigger_ui.py
[2025-02-13T00:09:27.974+0000] {processor.py:925} INFO - DAG(s) 'example_params_trigger_ui' retrieved from /home/airflow/.local/lib/python3.12/site-packages/airflow/example_dags/example_params_trigger_ui.py
[2025-02-13T00:09:28.039+0000] {logging_mixin.py:190} INFO - [2025-02-13T00:09:28.038+0000] {dag.py:3239} INFO - Sync 1 DAGs
[2025-02-13T00:09:28.058+0000] {logging_mixin.py:190} INFO - [2025-02-13T00:09:28.058+0000] {dag.py:4180} INFO - Setting next_dagrun for example_params_trigger_ui to None, run_after=None
[2025-02-13T00:09:28.077+0000] {processor.py:208} INFO - Processing /home/airflow/.local/lib/python3.12/site-packages/airflow/example_dags/example_params_trigger_ui.py took 0.126 seconds
[2025-02-13T00:09:58.290+0000] {processor.py:186} INFO - Started process (PID=1123) to work on /home/airflow/.local/lib/python3.12/site-packages/airflow/example_dags/example_params_trigger_ui.py
[2025-02-13T00:09:58.291+0000] {processor.py:914} INFO - Processing file /home/airflow/.local/lib/python3.12/site-packages/airflow/example_dags/example_params_trigger_ui.py for tasks to queue
[2025-02-13T00:09:58.293+0000] {logging_mixin.py:190} INFO - [2025-02-13T00:09:58.293+0000] {dagbag.py:588} INFO - Filling up the DagBag from /home/airflow/.local/lib/python3.12/site-packages/airflow/example_dags/example_params_trigger_ui.py
[2025-02-13T00:09:58.308+0000] {processor.py:925} INFO - DAG(s) 'example_params_trigger_ui' retrieved from /home/airflow/.local/lib/python3.12/site-packages/airflow/example_dags/example_params_trigger_ui.py
[2025-02-13T00:09:58.369+0000] {logging_mixin.py:190} INFO - [2025-02-13T00:09:58.369+0000] {dag.py:3239} INFO - Sync 1 DAGs
[2025-02-13T00:09:58.389+0000] {logging_mixin.py:190} INFO - [2025-02-13T00:09:58.389+0000] {dag.py:4180} INFO - Setting next_dagrun for example_params_trigger_ui to None, run_after=None
[2025-02-13T00:09:58.408+0000] {processor.py:208} INFO - Processing /home/airflow/.local/lib/python3.12/site-packages/airflow/example_dags/example_params_trigger_ui.py took 0.124 seconds
[2025-02-13T00:10:28.461+0000] {processor.py:186} INFO - Started process (PID=1181) to work on /home/airflow/.local/lib/python3.12/site-packages/airflow/example_dags/example_params_trigger_ui.py
[2025-02-13T00:10:28.462+0000] {processor.py:914} INFO - Processing file /home/airflow/.local/lib/python3.12/site-packages/airflow/example_dags/example_params_trigger_ui.py for tasks to queue
[2025-02-13T00:10:28.464+0000] {logging_mixin.py:190} INFO - [2025-02-13T00:10:28.464+0000] {dagbag.py:588} INFO - Filling up the DagBag from /home/airflow/.local/lib/python3.12/site-packages/airflow/example_dags/example_params_trigger_ui.py
[2025-02-13T00:10:28.473+0000] {processor.py:925} INFO - DAG(s) 'example_params_trigger_ui' retrieved from /home/airflow/.local/lib/python3.12/site-packages/airflow/example_dags/example_params_trigger_ui.py
[2025-02-13T00:10:28.511+0000] {logging_mixin.py:190} INFO - [2025-02-13T00:10:28.511+0000] {dag.py:3239} INFO - Sync 1 DAGs
[2025-02-13T00:10:28.529+0000] {logging_mixin.py:190} INFO - [2025-02-13T00:10:28.529+0000] {dag.py:4180} INFO - Setting next_dagrun for example_params_trigger_ui to None, run_after=None
[2025-02-13T00:10:28.542+0000] {processor.py:208} INFO - Processing /home/airflow/.local/lib/python3.12/site-packages/airflow/example_dags/example_params_trigger_ui.py took 0.086 seconds
[2025-02-13T00:10:58.719+0000] {processor.py:186} INFO - Started process (PID=1229) to work on /home/airflow/.local/lib/python3.12/site-packages/airflow/example_dags/example_params_trigger_ui.py
[2025-02-13T00:10:58.719+0000] {processor.py:914} INFO - Processing file /home/airflow/.local/lib/python3.12/site-packages/airflow/example_dags/example_params_trigger_ui.py for tasks to queue
[2025-02-13T00:10:58.722+0000] {logging_mixin.py:190} INFO - [2025-02-13T00:10:58.721+0000] {dagbag.py:588} INFO - Filling up the DagBag from /home/airflow/.local/lib/python3.12/site-packages/airflow/example_dags/example_params_trigger_ui.py
[2025-02-13T00:10:58.736+0000] {processor.py:925} INFO - DAG(s) 'example_params_trigger_ui' retrieved from /home/airflow/.local/lib/python3.12/site-packages/airflow/example_dags/example_params_trigger_ui.py
[2025-02-13T00:10:58.800+0000] {logging_mixin.py:190} INFO - [2025-02-13T00:10:58.799+0000] {dag.py:3239} INFO - Sync 1 DAGs
[2025-02-13T00:10:58.833+0000] {logging_mixin.py:190} INFO - [2025-02-13T00:10:58.833+0000] {dag.py:4180} INFO - Setting next_dagrun for example_params_trigger_ui to None, run_after=None
[2025-02-13T00:10:58.857+0000] {processor.py:208} INFO - Processing /home/airflow/.local/lib/python3.12/site-packages/airflow/example_dags/example_params_trigger_ui.py took 0.145 seconds
[2025-02-13T00:11:29.117+0000] {processor.py:186} INFO - Started process (PID=1287) to work on /home/airflow/.local/lib/python3.12/site-packages/airflow/example_dags/example_params_trigger_ui.py
[2025-02-13T00:11:29.118+0000] {processor.py:914} INFO - Processing file /home/airflow/.local/lib/python3.12/site-packages/airflow/example_dags/example_params_trigger_ui.py for tasks to queue
[2025-02-13T00:11:29.120+0000] {logging_mixin.py:190} INFO - [2025-02-13T00:11:29.120+0000] {dagbag.py:588} INFO - Filling up the DagBag from /home/airflow/.local/lib/python3.12/site-packages/airflow/example_dags/example_params_trigger_ui.py
[2025-02-13T00:11:29.146+0000] {processor.py:925} INFO - DAG(s) 'example_params_trigger_ui' retrieved from /home/airflow/.local/lib/python3.12/site-packages/airflow/example_dags/example_params_trigger_ui.py
[2025-02-13T00:11:29.256+0000] {logging_mixin.py:190} INFO - [2025-02-13T00:11:29.256+0000] {dag.py:3239} INFO - Sync 1 DAGs
[2025-02-13T00:11:29.276+0000] {logging_mixin.py:190} INFO - [2025-02-13T00:11:29.275+0000] {dag.py:4180} INFO - Setting next_dagrun for example_params_trigger_ui to None, run_after=None
[2025-02-13T00:11:29.298+0000] {processor.py:208} INFO - Processing /home/airflow/.local/lib/python3.12/site-packages/airflow/example_dags/example_params_trigger_ui.py took 0.187 seconds
[2025-02-13T00:11:59.420+0000] {processor.py:186} INFO - Started process (PID=1345) to work on /home/airflow/.local/lib/python3.12/site-packages/airflow/example_dags/example_params_trigger_ui.py
[2025-02-13T00:11:59.421+0000] {processor.py:914} INFO - Processing file /home/airflow/.local/lib/python3.12/site-packages/airflow/example_dags/example_params_trigger_ui.py for tasks to queue
[2025-02-13T00:11:59.424+0000] {logging_mixin.py:190} INFO - [2025-02-13T00:11:59.423+0000] {dagbag.py:588} INFO - Filling up the DagBag from /home/airflow/.local/lib/python3.12/site-packages/airflow/example_dags/example_params_trigger_ui.py
[2025-02-13T00:11:59.437+0000] {processor.py:925} INFO - DAG(s) 'example_params_trigger_ui' retrieved from /home/airflow/.local/lib/python3.12/site-packages/airflow/example_dags/example_params_trigger_ui.py
[2025-02-13T00:11:59.504+0000] {logging_mixin.py:190} INFO - [2025-02-13T00:11:59.504+0000] {dag.py:3239} INFO - Sync 1 DAGs
[2025-02-13T00:11:59.523+0000] {logging_mixin.py:190} INFO - [2025-02-13T00:11:59.522+0000] {dag.py:4180} INFO - Setting next_dagrun for example_params_trigger_ui to None, run_after=None
[2025-02-13T00:11:59.541+0000] {processor.py:208} INFO - Processing /home/airflow/.local/lib/python3.12/site-packages/airflow/example_dags/example_params_trigger_ui.py took 0.128 seconds
[2025-02-13T00:12:30.102+0000] {processor.py:186} INFO - Started process (PID=1403) to work on /home/airflow/.local/lib/python3.12/site-packages/airflow/example_dags/example_params_trigger_ui.py
[2025-02-13T00:12:30.102+0000] {processor.py:914} INFO - Processing file /home/airflow/.local/lib/python3.12/site-packages/airflow/example_dags/example_params_trigger_ui.py for tasks to queue
[2025-02-13T00:12:30.104+0000] {logging_mixin.py:190} INFO - [2025-02-13T00:12:30.104+0000] {dagbag.py:588} INFO - Filling up the DagBag from /home/airflow/.local/lib/python3.12/site-packages/airflow/example_dags/example_params_trigger_ui.py
[2025-02-13T00:12:30.113+0000] {processor.py:925} INFO - DAG(s) 'example_params_trigger_ui' retrieved from /home/airflow/.local/lib/python3.12/site-packages/airflow/example_dags/example_params_trigger_ui.py
[2025-02-13T00:12:30.151+0000] {logging_mixin.py:190} INFO - [2025-02-13T00:12:30.151+0000] {dag.py:3239} INFO - Sync 1 DAGs
[2025-02-13T00:12:30.165+0000] {logging_mixin.py:190} INFO - [2025-02-13T00:12:30.165+0000] {dag.py:4180} INFO - Setting next_dagrun for example_params_trigger_ui to None, run_after=None
[2025-02-13T00:12:30.179+0000] {processor.py:208} INFO - Processing /home/airflow/.local/lib/python3.12/site-packages/airflow/example_dags/example_params_trigger_ui.py took 0.082 seconds
[2025-02-13T00:13:00.236+0000] {processor.py:186} INFO - Started process (PID=1461) to work on /home/airflow/.local/lib/python3.12/site-packages/airflow/example_dags/example_params_trigger_ui.py
[2025-02-13T00:13:00.237+0000] {processor.py:914} INFO - Processing file /home/airflow/.local/lib/python3.12/site-packages/airflow/example_dags/example_params_trigger_ui.py for tasks to queue
[2025-02-13T00:13:00.238+0000] {logging_mixin.py:190} INFO - [2025-02-13T00:13:00.238+0000] {dagbag.py:588} INFO - Filling up the DagBag from /home/airflow/.local/lib/python3.12/site-packages/airflow/example_dags/example_params_trigger_ui.py
[2025-02-13T00:13:00.248+0000] {processor.py:925} INFO - DAG(s) 'example_params_trigger_ui' retrieved from /home/airflow/.local/lib/python3.12/site-packages/airflow/example_dags/example_params_trigger_ui.py
[2025-02-13T00:13:00.300+0000] {logging_mixin.py:190} INFO - [2025-02-13T00:13:00.299+0000] {dag.py:3239} INFO - Sync 1 DAGs
[2025-02-13T00:13:00.319+0000] {logging_mixin.py:190} INFO - [2025-02-13T00:13:00.319+0000] {dag.py:4180} INFO - Setting next_dagrun for example_params_trigger_ui to None, run_after=None
[2025-02-13T00:13:00.341+0000] {processor.py:208} INFO - Processing /home/airflow/.local/lib/python3.12/site-packages/airflow/example_dags/example_params_trigger_ui.py took 0.110 seconds
[2025-02-13T00:13:30.473+0000] {processor.py:186} INFO - Started process (PID=1519) to work on /home/airflow/.local/lib/python3.12/site-packages/airflow/example_dags/example_params_trigger_ui.py
[2025-02-13T00:13:30.474+0000] {processor.py:914} INFO - Processing file /home/airflow/.local/lib/python3.12/site-packages/airflow/example_dags/example_params_trigger_ui.py for tasks to queue
[2025-02-13T00:13:30.476+0000] {logging_mixin.py:190} INFO - [2025-02-13T00:13:30.475+0000] {dagbag.py:588} INFO - Filling up the DagBag from /home/airflow/.local/lib/python3.12/site-packages/airflow/example_dags/example_params_trigger_ui.py
[2025-02-13T00:13:30.485+0000] {processor.py:925} INFO - DAG(s) 'example_params_trigger_ui' retrieved from /home/airflow/.local/lib/python3.12/site-packages/airflow/example_dags/example_params_trigger_ui.py
[2025-02-13T00:13:30.525+0000] {logging_mixin.py:190} INFO - [2025-02-13T00:13:30.524+0000] {dag.py:3239} INFO - Sync 1 DAGs
[2025-02-13T00:13:30.537+0000] {logging_mixin.py:190} INFO - [2025-02-13T00:13:30.537+0000] {dag.py:4180} INFO - Setting next_dagrun for example_params_trigger_ui to None, run_after=None
[2025-02-13T00:13:30.552+0000] {processor.py:208} INFO - Processing /home/airflow/.local/lib/python3.12/site-packages/airflow/example_dags/example_params_trigger_ui.py took 0.083 seconds
[2025-02-13T00:14:00.670+0000] {processor.py:186} INFO - Started process (PID=1577) to work on /home/airflow/.local/lib/python3.12/site-packages/airflow/example_dags/example_params_trigger_ui.py
[2025-02-13T00:14:00.671+0000] {processor.py:914} INFO - Processing file /home/airflow/.local/lib/python3.12/site-packages/airflow/example_dags/example_params_trigger_ui.py for tasks to queue
[2025-02-13T00:14:00.673+0000] {logging_mixin.py:190} INFO - [2025-02-13T00:14:00.673+0000] {dagbag.py:588} INFO - Filling up the DagBag from /home/airflow/.local/lib/python3.12/site-packages/airflow/example_dags/example_params_trigger_ui.py
[2025-02-13T00:14:00.682+0000] {processor.py:925} INFO - DAG(s) 'example_params_trigger_ui' retrieved from /home/airflow/.local/lib/python3.12/site-packages/airflow/example_dags/example_params_trigger_ui.py
[2025-02-13T00:14:00.720+0000] {logging_mixin.py:190} INFO - [2025-02-13T00:14:00.720+0000] {dag.py:3239} INFO - Sync 1 DAGs
[2025-02-13T00:14:00.732+0000] {logging_mixin.py:190} INFO - [2025-02-13T00:14:00.732+0000] {dag.py:4180} INFO - Setting next_dagrun for example_params_trigger_ui to None, run_after=None
[2025-02-13T00:14:00.745+0000] {processor.py:208} INFO - Processing /home/airflow/.local/lib/python3.12/site-packages/airflow/example_dags/example_params_trigger_ui.py took 0.080 seconds
[2025-02-13T00:14:30.839+0000] {processor.py:186} INFO - Started process (PID=1635) to work on /home/airflow/.local/lib/python3.12/site-packages/airflow/example_dags/example_params_trigger_ui.py
[2025-02-13T00:14:30.840+0000] {processor.py:914} INFO - Processing file /home/airflow/.local/lib/python3.12/site-packages/airflow/example_dags/example_params_trigger_ui.py for tasks to queue
[2025-02-13T00:14:30.841+0000] {logging_mixin.py:190} INFO - [2025-02-13T00:14:30.841+0000] {dagbag.py:588} INFO - Filling up the DagBag from /home/airflow/.local/lib/python3.12/site-packages/airflow/example_dags/example_params_trigger_ui.py
[2025-02-13T00:14:30.850+0000] {processor.py:925} INFO - DAG(s) 'example_params_trigger_ui' retrieved from /home/airflow/.local/lib/python3.12/site-packages/airflow/example_dags/example_params_trigger_ui.py
[2025-02-13T00:14:30.889+0000] {logging_mixin.py:190} INFO - [2025-02-13T00:14:30.888+0000] {dag.py:3239} INFO - Sync 1 DAGs
[2025-02-13T00:14:30.900+0000] {logging_mixin.py:190} INFO - [2025-02-13T00:14:30.900+0000] {dag.py:4180} INFO - Setting next_dagrun for example_params_trigger_ui to None, run_after=None
[2025-02-13T00:14:30.914+0000] {processor.py:208} INFO - Processing /home/airflow/.local/lib/python3.12/site-packages/airflow/example_dags/example_params_trigger_ui.py took 0.080 seconds
[2025-02-13T00:15:01.164+0000] {processor.py:186} INFO - Started process (PID=1693) to work on /home/airflow/.local/lib/python3.12/site-packages/airflow/example_dags/example_params_trigger_ui.py
[2025-02-13T00:15:01.165+0000] {processor.py:914} INFO - Processing file /home/airflow/.local/lib/python3.12/site-packages/airflow/example_dags/example_params_trigger_ui.py for tasks to queue
[2025-02-13T00:15:01.166+0000] {logging_mixin.py:190} INFO - [2025-02-13T00:15:01.166+0000] {dagbag.py:588} INFO - Filling up the DagBag from /home/airflow/.local/lib/python3.12/site-packages/airflow/example_dags/example_params_trigger_ui.py
[2025-02-13T00:15:01.176+0000] {processor.py:925} INFO - DAG(s) 'example_params_trigger_ui' retrieved from /home/airflow/.local/lib/python3.12/site-packages/airflow/example_dags/example_params_trigger_ui.py
[2025-02-13T00:15:01.214+0000] {logging_mixin.py:190} INFO - [2025-02-13T00:15:01.214+0000] {dag.py:3239} INFO - Sync 1 DAGs
[2025-02-13T00:15:01.226+0000] {logging_mixin.py:190} INFO - [2025-02-13T00:15:01.226+0000] {dag.py:4180} INFO - Setting next_dagrun for example_params_trigger_ui to None, run_after=None
[2025-02-13T00:15:01.240+0000] {processor.py:208} INFO - Processing /home/airflow/.local/lib/python3.12/site-packages/airflow/example_dags/example_params_trigger_ui.py took 0.081 seconds
[2025-02-13T00:15:31.274+0000] {processor.py:186} INFO - Started process (PID=1750) to work on /home/airflow/.local/lib/python3.12/site-packages/airflow/example_dags/example_params_trigger_ui.py
[2025-02-13T00:15:31.275+0000] {processor.py:914} INFO - Processing file /home/airflow/.local/lib/python3.12/site-packages/airflow/example_dags/example_params_trigger_ui.py for tasks to queue
[2025-02-13T00:15:31.277+0000] {logging_mixin.py:190} INFO - [2025-02-13T00:15:31.276+0000] {dagbag.py:588} INFO - Filling up the DagBag from /home/airflow/.local/lib/python3.12/site-packages/airflow/example_dags/example_params_trigger_ui.py
[2025-02-13T00:15:31.291+0000] {processor.py:925} INFO - DAG(s) 'example_params_trigger_ui' retrieved from /home/airflow/.local/lib/python3.12/site-packages/airflow/example_dags/example_params_trigger_ui.py
[2025-02-13T00:15:31.352+0000] {logging_mixin.py:190} INFO - [2025-02-13T00:15:31.351+0000] {dag.py:3239} INFO - Sync 1 DAGs
[2025-02-13T00:15:31.370+0000] {logging_mixin.py:190} INFO - [2025-02-13T00:15:31.370+0000] {dag.py:4180} INFO - Setting next_dagrun for example_params_trigger_ui to None, run_after=None
[2025-02-13T00:15:31.389+0000] {processor.py:208} INFO - Processing /home/airflow/.local/lib/python3.12/site-packages/airflow/example_dags/example_params_trigger_ui.py took 0.121 seconds
[2025-02-13T00:16:01.774+0000] {processor.py:186} INFO - Started process (PID=1808) to work on /home/airflow/.local/lib/python3.12/site-packages/airflow/example_dags/example_params_trigger_ui.py
[2025-02-13T00:16:01.774+0000] {processor.py:914} INFO - Processing file /home/airflow/.local/lib/python3.12/site-packages/airflow/example_dags/example_params_trigger_ui.py for tasks to queue
[2025-02-13T00:16:01.779+0000] {logging_mixin.py:190} INFO - [2025-02-13T00:16:01.778+0000] {dagbag.py:588} INFO - Filling up the DagBag from /home/airflow/.local/lib/python3.12/site-packages/airflow/example_dags/example_params_trigger_ui.py
[2025-02-13T00:16:01.793+0000] {processor.py:925} INFO - DAG(s) 'example_params_trigger_ui' retrieved from /home/airflow/.local/lib/python3.12/site-packages/airflow/example_dags/example_params_trigger_ui.py
[2025-02-13T00:16:01.854+0000] {logging_mixin.py:190} INFO - [2025-02-13T00:16:01.854+0000] {dag.py:3239} INFO - Sync 1 DAGs
[2025-02-13T00:16:01.873+0000] {logging_mixin.py:190} INFO - [2025-02-13T00:16:01.873+0000] {dag.py:4180} INFO - Setting next_dagrun for example_params_trigger_ui to None, run_after=None
[2025-02-13T00:16:01.892+0000] {processor.py:208} INFO - Processing /home/airflow/.local/lib/python3.12/site-packages/airflow/example_dags/example_params_trigger_ui.py took 0.124 seconds
[2025-02-13T00:16:31.977+0000] {processor.py:186} INFO - Started process (PID=1866) to work on /home/airflow/.local/lib/python3.12/site-packages/airflow/example_dags/example_params_trigger_ui.py
[2025-02-13T00:16:31.978+0000] {processor.py:914} INFO - Processing file /home/airflow/.local/lib/python3.12/site-packages/airflow/example_dags/example_params_trigger_ui.py for tasks to queue
[2025-02-13T00:16:31.980+0000] {logging_mixin.py:190} INFO - [2025-02-13T00:16:31.979+0000] {dagbag.py:588} INFO - Filling up the DagBag from /home/airflow/.local/lib/python3.12/site-packages/airflow/example_dags/example_params_trigger_ui.py
[2025-02-13T00:16:31.988+0000] {processor.py:925} INFO - DAG(s) 'example_params_trigger_ui' retrieved from /home/airflow/.local/lib/python3.12/site-packages/airflow/example_dags/example_params_trigger_ui.py
[2025-02-13T00:16:32.026+0000] {logging_mixin.py:190} INFO - [2025-02-13T00:16:32.025+0000] {dag.py:3239} INFO - Sync 1 DAGs
[2025-02-13T00:16:32.038+0000] {logging_mixin.py:190} INFO - [2025-02-13T00:16:32.037+0000] {dag.py:4180} INFO - Setting next_dagrun for example_params_trigger_ui to None, run_after=None
[2025-02-13T00:16:32.051+0000] {processor.py:208} INFO - Processing /home/airflow/.local/lib/python3.12/site-packages/airflow/example_dags/example_params_trigger_ui.py took 0.080 seconds
[2025-02-13T00:17:02.365+0000] {processor.py:186} INFO - Started process (PID=1924) to work on /home/airflow/.local/lib/python3.12/site-packages/airflow/example_dags/example_params_trigger_ui.py
[2025-02-13T00:17:02.366+0000] {processor.py:914} INFO - Processing file /home/airflow/.local/lib/python3.12/site-packages/airflow/example_dags/example_params_trigger_ui.py for tasks to queue
[2025-02-13T00:17:02.368+0000] {logging_mixin.py:190} INFO - [2025-02-13T00:17:02.368+0000] {dagbag.py:588} INFO - Filling up the DagBag from /home/airflow/.local/lib/python3.12/site-packages/airflow/example_dags/example_params_trigger_ui.py
[2025-02-13T00:17:02.382+0000] {processor.py:925} INFO - DAG(s) 'example_params_trigger_ui' retrieved from /home/airflow/.local/lib/python3.12/site-packages/airflow/example_dags/example_params_trigger_ui.py
[2025-02-13T00:17:02.445+0000] {logging_mixin.py:190} INFO - [2025-02-13T00:17:02.444+0000] {dag.py:3239} INFO - Sync 1 DAGs
[2025-02-13T00:17:02.464+0000] {logging_mixin.py:190} INFO - [2025-02-13T00:17:02.463+0000] {dag.py:4180} INFO - Setting next_dagrun for example_params_trigger_ui to None, run_after=None
[2025-02-13T00:17:02.483+0000] {processor.py:208} INFO - Processing /home/airflow/.local/lib/python3.12/site-packages/airflow/example_dags/example_params_trigger_ui.py took 0.124 seconds
[2025-02-13T00:17:32.718+0000] {processor.py:186} INFO - Started process (PID=1982) to work on /home/airflow/.local/lib/python3.12/site-packages/airflow/example_dags/example_params_trigger_ui.py
[2025-02-13T00:17:32.719+0000] {processor.py:914} INFO - Processing file /home/airflow/.local/lib/python3.12/site-packages/airflow/example_dags/example_params_trigger_ui.py for tasks to queue
[2025-02-13T00:17:32.721+0000] {logging_mixin.py:190} INFO - [2025-02-13T00:17:32.721+0000] {dagbag.py:588} INFO - Filling up the DagBag from /home/airflow/.local/lib/python3.12/site-packages/airflow/example_dags/example_params_trigger_ui.py
[2025-02-13T00:17:32.734+0000] {processor.py:925} INFO - DAG(s) 'example_params_trigger_ui' retrieved from /home/airflow/.local/lib/python3.12/site-packages/airflow/example_dags/example_params_trigger_ui.py
[2025-02-13T00:17:32.816+0000] {logging_mixin.py:190} INFO - [2025-02-13T00:17:32.815+0000] {dag.py:3239} INFO - Sync 1 DAGs
[2025-02-13T00:17:32.835+0000] {logging_mixin.py:190} INFO - [2025-02-13T00:17:32.834+0000] {dag.py:4180} INFO - Setting next_dagrun for example_params_trigger_ui to None, run_after=None
[2025-02-13T00:17:32.854+0000] {processor.py:208} INFO - Processing /home/airflow/.local/lib/python3.12/site-packages/airflow/example_dags/example_params_trigger_ui.py took 0.142 seconds
[2025-02-13T00:18:03.823+0000] {processor.py:186} INFO - Started process (PID=2040) to work on /home/airflow/.local/lib/python3.12/site-packages/airflow/example_dags/example_params_trigger_ui.py
[2025-02-13T00:18:03.823+0000] {processor.py:914} INFO - Processing file /home/airflow/.local/lib/python3.12/site-packages/airflow/example_dags/example_params_trigger_ui.py for tasks to queue
[2025-02-13T00:18:03.826+0000] {logging_mixin.py:190} INFO - [2025-02-13T00:18:03.825+0000] {dagbag.py:588} INFO - Filling up the DagBag from /home/airflow/.local/lib/python3.12/site-packages/airflow/example_dags/example_params_trigger_ui.py
[2025-02-13T00:18:03.840+0000] {processor.py:925} INFO - DAG(s) 'example_params_trigger_ui' retrieved from /home/airflow/.local/lib/python3.12/site-packages/airflow/example_dags/example_params_trigger_ui.py
[2025-02-13T00:18:03.903+0000] {logging_mixin.py:190} INFO - [2025-02-13T00:18:03.902+0000] {dag.py:3239} INFO - Sync 1 DAGs
[2025-02-13T00:18:03.922+0000] {logging_mixin.py:190} INFO - [2025-02-13T00:18:03.922+0000] {dag.py:4180} INFO - Setting next_dagrun for example_params_trigger_ui to None, run_after=None
[2025-02-13T00:18:03.943+0000] {processor.py:208} INFO - Processing /home/airflow/.local/lib/python3.12/site-packages/airflow/example_dags/example_params_trigger_ui.py took 0.127 seconds
[2025-02-13T00:18:34.303+0000] {processor.py:186} INFO - Started process (PID=2098) to work on /home/airflow/.local/lib/python3.12/site-packages/airflow/example_dags/example_params_trigger_ui.py
[2025-02-13T00:18:34.304+0000] {processor.py:914} INFO - Processing file /home/airflow/.local/lib/python3.12/site-packages/airflow/example_dags/example_params_trigger_ui.py for tasks to queue
[2025-02-13T00:18:34.306+0000] {logging_mixin.py:190} INFO - [2025-02-13T00:18:34.306+0000] {dagbag.py:588} INFO - Filling up the DagBag from /home/airflow/.local/lib/python3.12/site-packages/airflow/example_dags/example_params_trigger_ui.py
[2025-02-13T00:18:34.320+0000] {processor.py:925} INFO - DAG(s) 'example_params_trigger_ui' retrieved from /home/airflow/.local/lib/python3.12/site-packages/airflow/example_dags/example_params_trigger_ui.py
[2025-02-13T00:18:34.385+0000] {logging_mixin.py:190} INFO - [2025-02-13T00:18:34.384+0000] {dag.py:3239} INFO - Sync 1 DAGs
[2025-02-13T00:18:34.403+0000] {logging_mixin.py:190} INFO - [2025-02-13T00:18:34.403+0000] {dag.py:4180} INFO - Setting next_dagrun for example_params_trigger_ui to None, run_after=None
[2025-02-13T00:18:34.422+0000] {processor.py:208} INFO - Processing /home/airflow/.local/lib/python3.12/site-packages/airflow/example_dags/example_params_trigger_ui.py took 0.126 seconds
[2025-02-13T00:19:05.270+0000] {processor.py:186} INFO - Started process (PID=2156) to work on /home/airflow/.local/lib/python3.12/site-packages/airflow/example_dags/example_params_trigger_ui.py
[2025-02-13T00:19:05.271+0000] {processor.py:914} INFO - Processing file /home/airflow/.local/lib/python3.12/site-packages/airflow/example_dags/example_params_trigger_ui.py for tasks to queue
[2025-02-13T00:19:05.273+0000] {logging_mixin.py:190} INFO - [2025-02-13T00:19:05.273+0000] {dagbag.py:588} INFO - Filling up the DagBag from /home/airflow/.local/lib/python3.12/site-packages/airflow/example_dags/example_params_trigger_ui.py
[2025-02-13T00:19:05.292+0000] {processor.py:925} INFO - DAG(s) 'example_params_trigger_ui' retrieved from /home/airflow/.local/lib/python3.12/site-packages/airflow/example_dags/example_params_trigger_ui.py
[2025-02-13T00:19:05.357+0000] {logging_mixin.py:190} INFO - [2025-02-13T00:19:05.356+0000] {dag.py:3239} INFO - Sync 1 DAGs
[2025-02-13T00:19:05.375+0000] {logging_mixin.py:190} INFO - [2025-02-13T00:19:05.375+0000] {dag.py:4180} INFO - Setting next_dagrun for example_params_trigger_ui to None, run_after=None
[2025-02-13T00:19:05.392+0000] {processor.py:208} INFO - Processing /home/airflow/.local/lib/python3.12/site-packages/airflow/example_dags/example_params_trigger_ui.py took 0.134 seconds
[2025-02-13T00:19:35.507+0000] {processor.py:186} INFO - Started process (PID=2215) to work on /home/airflow/.local/lib/python3.12/site-packages/airflow/example_dags/example_params_trigger_ui.py
[2025-02-13T00:19:35.507+0000] {processor.py:914} INFO - Processing file /home/airflow/.local/lib/python3.12/site-packages/airflow/example_dags/example_params_trigger_ui.py for tasks to queue
[2025-02-13T00:19:35.510+0000] {logging_mixin.py:190} INFO - [2025-02-13T00:19:35.510+0000] {dagbag.py:588} INFO - Filling up the DagBag from /home/airflow/.local/lib/python3.12/site-packages/airflow/example_dags/example_params_trigger_ui.py
[2025-02-13T00:19:35.534+0000] {processor.py:925} INFO - DAG(s) 'example_params_trigger_ui' retrieved from /home/airflow/.local/lib/python3.12/site-packages/airflow/example_dags/example_params_trigger_ui.py
[2025-02-13T00:19:35.598+0000] {logging_mixin.py:190} INFO - [2025-02-13T00:19:35.597+0000] {dag.py:3239} INFO - Sync 1 DAGs
[2025-02-13T00:19:35.611+0000] {logging_mixin.py:190} INFO - [2025-02-13T00:19:35.610+0000] {dag.py:4180} INFO - Setting next_dagrun for example_params_trigger_ui to None, run_after=None
[2025-02-13T00:19:35.625+0000] {processor.py:208} INFO - Processing /home/airflow/.local/lib/python3.12/site-packages/airflow/example_dags/example_params_trigger_ui.py took 0.126 seconds
[2025-02-13T00:20:05.785+0000] {processor.py:186} INFO - Started process (PID=2272) to work on /home/airflow/.local/lib/python3.12/site-packages/airflow/example_dags/example_params_trigger_ui.py
[2025-02-13T00:20:05.787+0000] {processor.py:914} INFO - Processing file /home/airflow/.local/lib/python3.12/site-packages/airflow/example_dags/example_params_trigger_ui.py for tasks to queue
[2025-02-13T00:20:05.789+0000] {logging_mixin.py:190} INFO - [2025-02-13T00:20:05.789+0000] {dagbag.py:588} INFO - Filling up the DagBag from /home/airflow/.local/lib/python3.12/site-packages/airflow/example_dags/example_params_trigger_ui.py
[2025-02-13T00:20:05.802+0000] {processor.py:925} INFO - DAG(s) 'example_params_trigger_ui' retrieved from /home/airflow/.local/lib/python3.12/site-packages/airflow/example_dags/example_params_trigger_ui.py
[2025-02-13T00:20:05.869+0000] {logging_mixin.py:190} INFO - [2025-02-13T00:20:05.868+0000] {dag.py:3239} INFO - Sync 1 DAGs
[2025-02-13T00:20:05.889+0000] {logging_mixin.py:190} INFO - [2025-02-13T00:20:05.889+0000] {dag.py:4180} INFO - Setting next_dagrun for example_params_trigger_ui to None, run_after=None
[2025-02-13T00:20:05.906+0000] {processor.py:208} INFO - Processing /home/airflow/.local/lib/python3.12/site-packages/airflow/example_dags/example_params_trigger_ui.py took 0.128 seconds
[2025-02-13T00:20:36.116+0000] {processor.py:186} INFO - Started process (PID=2330) to work on /home/airflow/.local/lib/python3.12/site-packages/airflow/example_dags/example_params_trigger_ui.py
[2025-02-13T00:20:36.116+0000] {processor.py:914} INFO - Processing file /home/airflow/.local/lib/python3.12/site-packages/airflow/example_dags/example_params_trigger_ui.py for tasks to queue
[2025-02-13T00:20:36.119+0000] {logging_mixin.py:190} INFO - [2025-02-13T00:20:36.118+0000] {dagbag.py:588} INFO - Filling up the DagBag from /home/airflow/.local/lib/python3.12/site-packages/airflow/example_dags/example_params_trigger_ui.py
[2025-02-13T00:20:36.132+0000] {processor.py:925} INFO - DAG(s) 'example_params_trigger_ui' retrieved from /home/airflow/.local/lib/python3.12/site-packages/airflow/example_dags/example_params_trigger_ui.py
[2025-02-13T00:20:36.199+0000] {logging_mixin.py:190} INFO - [2025-02-13T00:20:36.198+0000] {dag.py:3239} INFO - Sync 1 DAGs
[2025-02-13T00:20:36.218+0000] {logging_mixin.py:190} INFO - [2025-02-13T00:20:36.218+0000] {dag.py:4180} INFO - Setting next_dagrun for example_params_trigger_ui to None, run_after=None
[2025-02-13T00:20:36.237+0000] {processor.py:208} INFO - Processing /home/airflow/.local/lib/python3.12/site-packages/airflow/example_dags/example_params_trigger_ui.py took 0.128 seconds
[2025-02-13T00:21:06.400+0000] {processor.py:186} INFO - Started process (PID=2388) to work on /home/airflow/.local/lib/python3.12/site-packages/airflow/example_dags/example_params_trigger_ui.py
[2025-02-13T00:21:06.401+0000] {processor.py:914} INFO - Processing file /home/airflow/.local/lib/python3.12/site-packages/airflow/example_dags/example_params_trigger_ui.py for tasks to queue
[2025-02-13T00:21:06.404+0000] {logging_mixin.py:190} INFO - [2025-02-13T00:21:06.403+0000] {dagbag.py:588} INFO - Filling up the DagBag from /home/airflow/.local/lib/python3.12/site-packages/airflow/example_dags/example_params_trigger_ui.py
[2025-02-13T00:21:06.425+0000] {processor.py:925} INFO - DAG(s) 'example_params_trigger_ui' retrieved from /home/airflow/.local/lib/python3.12/site-packages/airflow/example_dags/example_params_trigger_ui.py
[2025-02-13T00:21:06.489+0000] {logging_mixin.py:190} INFO - [2025-02-13T00:21:06.488+0000] {dag.py:3239} INFO - Sync 1 DAGs
[2025-02-13T00:21:06.508+0000] {logging_mixin.py:190} INFO - [2025-02-13T00:21:06.508+0000] {dag.py:4180} INFO - Setting next_dagrun for example_params_trigger_ui to None, run_after=None
[2025-02-13T00:21:06.526+0000] {processor.py:208} INFO - Processing /home/airflow/.local/lib/python3.12/site-packages/airflow/example_dags/example_params_trigger_ui.py took 0.132 seconds
[2025-02-13T00:21:36.650+0000] {processor.py:186} INFO - Started process (PID=2446) to work on /home/airflow/.local/lib/python3.12/site-packages/airflow/example_dags/example_params_trigger_ui.py
[2025-02-13T00:21:36.652+0000] {processor.py:914} INFO - Processing file /home/airflow/.local/lib/python3.12/site-packages/airflow/example_dags/example_params_trigger_ui.py for tasks to queue
[2025-02-13T00:21:36.654+0000] {logging_mixin.py:190} INFO - [2025-02-13T00:21:36.654+0000] {dagbag.py:588} INFO - Filling up the DagBag from /home/airflow/.local/lib/python3.12/site-packages/airflow/example_dags/example_params_trigger_ui.py
[2025-02-13T00:21:36.667+0000] {processor.py:925} INFO - DAG(s) 'example_params_trigger_ui' retrieved from /home/airflow/.local/lib/python3.12/site-packages/airflow/example_dags/example_params_trigger_ui.py
[2025-02-13T00:21:36.732+0000] {logging_mixin.py:190} INFO - [2025-02-13T00:21:36.731+0000] {dag.py:3239} INFO - Sync 1 DAGs
[2025-02-13T00:21:36.751+0000] {logging_mixin.py:190} INFO - [2025-02-13T00:21:36.751+0000] {dag.py:4180} INFO - Setting next_dagrun for example_params_trigger_ui to None, run_after=None
[2025-02-13T00:21:36.774+0000] {processor.py:208} INFO - Processing /home/airflow/.local/lib/python3.12/site-packages/airflow/example_dags/example_params_trigger_ui.py took 0.130 seconds
[2025-02-13T00:22:06.893+0000] {processor.py:186} INFO - Started process (PID=2505) to work on /home/airflow/.local/lib/python3.12/site-packages/airflow/example_dags/example_params_trigger_ui.py
[2025-02-13T00:22:06.893+0000] {processor.py:914} INFO - Processing file /home/airflow/.local/lib/python3.12/site-packages/airflow/example_dags/example_params_trigger_ui.py for tasks to queue
[2025-02-13T00:22:06.895+0000] {logging_mixin.py:190} INFO - [2025-02-13T00:22:06.895+0000] {dagbag.py:588} INFO - Filling up the DagBag from /home/airflow/.local/lib/python3.12/site-packages/airflow/example_dags/example_params_trigger_ui.py
[2025-02-13T00:22:06.904+0000] {processor.py:925} INFO - DAG(s) 'example_params_trigger_ui' retrieved from /home/airflow/.local/lib/python3.12/site-packages/airflow/example_dags/example_params_trigger_ui.py
[2025-02-13T00:22:06.944+0000] {logging_mixin.py:190} INFO - [2025-02-13T00:22:06.943+0000] {dag.py:3239} INFO - Sync 1 DAGs
[2025-02-13T00:22:06.962+0000] {logging_mixin.py:190} INFO - [2025-02-13T00:22:06.962+0000] {dag.py:4180} INFO - Setting next_dagrun for example_params_trigger_ui to None, run_after=None
[2025-02-13T00:22:06.983+0000] {processor.py:208} INFO - Processing /home/airflow/.local/lib/python3.12/site-packages/airflow/example_dags/example_params_trigger_ui.py took 0.095 seconds
[2025-02-13T00:22:37.058+0000] {processor.py:186} INFO - Started process (PID=2562) to work on /home/airflow/.local/lib/python3.12/site-packages/airflow/example_dags/example_params_trigger_ui.py
[2025-02-13T00:22:37.059+0000] {processor.py:914} INFO - Processing file /home/airflow/.local/lib/python3.12/site-packages/airflow/example_dags/example_params_trigger_ui.py for tasks to queue
[2025-02-13T00:22:37.062+0000] {logging_mixin.py:190} INFO - [2025-02-13T00:22:37.061+0000] {dagbag.py:588} INFO - Filling up the DagBag from /home/airflow/.local/lib/python3.12/site-packages/airflow/example_dags/example_params_trigger_ui.py
[2025-02-13T00:22:37.075+0000] {processor.py:925} INFO - DAG(s) 'example_params_trigger_ui' retrieved from /home/airflow/.local/lib/python3.12/site-packages/airflow/example_dags/example_params_trigger_ui.py
[2025-02-13T00:22:37.138+0000] {logging_mixin.py:190} INFO - [2025-02-13T00:22:37.138+0000] {dag.py:3239} INFO - Sync 1 DAGs
[2025-02-13T00:22:37.157+0000] {logging_mixin.py:190} INFO - [2025-02-13T00:22:37.156+0000] {dag.py:4180} INFO - Setting next_dagrun for example_params_trigger_ui to None, run_after=None
[2025-02-13T00:22:37.174+0000] {processor.py:208} INFO - Processing /home/airflow/.local/lib/python3.12/site-packages/airflow/example_dags/example_params_trigger_ui.py took 0.122 seconds
[2025-02-13T00:23:07.764+0000] {processor.py:186} INFO - Started process (PID=2620) to work on /home/airflow/.local/lib/python3.12/site-packages/airflow/example_dags/example_params_trigger_ui.py
[2025-02-13T00:23:07.768+0000] {processor.py:914} INFO - Processing file /home/airflow/.local/lib/python3.12/site-packages/airflow/example_dags/example_params_trigger_ui.py for tasks to queue
[2025-02-13T00:23:07.772+0000] {logging_mixin.py:190} INFO - [2025-02-13T00:23:07.771+0000] {dagbag.py:588} INFO - Filling up the DagBag from /home/airflow/.local/lib/python3.12/site-packages/airflow/example_dags/example_params_trigger_ui.py
[2025-02-13T00:23:07.794+0000] {processor.py:925} INFO - DAG(s) 'example_params_trigger_ui' retrieved from /home/airflow/.local/lib/python3.12/site-packages/airflow/example_dags/example_params_trigger_ui.py
[2025-02-13T00:23:07.952+0000] {logging_mixin.py:190} INFO - [2025-02-13T00:23:07.951+0000] {dag.py:3239} INFO - Sync 1 DAGs
[2025-02-13T00:23:07.984+0000] {logging_mixin.py:190} INFO - [2025-02-13T00:23:07.984+0000] {dag.py:4180} INFO - Setting next_dagrun for example_params_trigger_ui to None, run_after=None
[2025-02-13T00:23:08.039+0000] {processor.py:208} INFO - Processing /home/airflow/.local/lib/python3.12/site-packages/airflow/example_dags/example_params_trigger_ui.py took 0.291 seconds
[2025-02-13T00:23:38.404+0000] {processor.py:186} INFO - Started process (PID=2676) to work on /home/airflow/.local/lib/python3.12/site-packages/airflow/example_dags/example_params_trigger_ui.py
[2025-02-13T00:23:38.405+0000] {processor.py:914} INFO - Processing file /home/airflow/.local/lib/python3.12/site-packages/airflow/example_dags/example_params_trigger_ui.py for tasks to queue
[2025-02-13T00:23:38.407+0000] {logging_mixin.py:190} INFO - [2025-02-13T00:23:38.407+0000] {dagbag.py:588} INFO - Filling up the DagBag from /home/airflow/.local/lib/python3.12/site-packages/airflow/example_dags/example_params_trigger_ui.py
[2025-02-13T00:23:38.420+0000] {processor.py:925} INFO - DAG(s) 'example_params_trigger_ui' retrieved from /home/airflow/.local/lib/python3.12/site-packages/airflow/example_dags/example_params_trigger_ui.py
[2025-02-13T00:23:38.483+0000] {logging_mixin.py:190} INFO - [2025-02-13T00:23:38.482+0000] {dag.py:3239} INFO - Sync 1 DAGs
[2025-02-13T00:23:38.501+0000] {logging_mixin.py:190} INFO - [2025-02-13T00:23:38.501+0000] {dag.py:4180} INFO - Setting next_dagrun for example_params_trigger_ui to None, run_after=None
[2025-02-13T00:23:38.520+0000] {processor.py:208} INFO - Processing /home/airflow/.local/lib/python3.12/site-packages/airflow/example_dags/example_params_trigger_ui.py took 0.122 seconds
[2025-02-13T00:24:08.656+0000] {processor.py:186} INFO - Started process (PID=2734) to work on /home/airflow/.local/lib/python3.12/site-packages/airflow/example_dags/example_params_trigger_ui.py
[2025-02-13T00:24:08.657+0000] {processor.py:914} INFO - Processing file /home/airflow/.local/lib/python3.12/site-packages/airflow/example_dags/example_params_trigger_ui.py for tasks to queue
[2025-02-13T00:24:08.659+0000] {logging_mixin.py:190} INFO - [2025-02-13T00:24:08.659+0000] {dagbag.py:588} INFO - Filling up the DagBag from /home/airflow/.local/lib/python3.12/site-packages/airflow/example_dags/example_params_trigger_ui.py
[2025-02-13T00:24:08.672+0000] {processor.py:925} INFO - DAG(s) 'example_params_trigger_ui' retrieved from /home/airflow/.local/lib/python3.12/site-packages/airflow/example_dags/example_params_trigger_ui.py
[2025-02-13T00:24:08.760+0000] {logging_mixin.py:190} INFO - [2025-02-13T00:24:08.760+0000] {dag.py:3239} INFO - Sync 1 DAGs
[2025-02-13T00:24:08.796+0000] {logging_mixin.py:190} INFO - [2025-02-13T00:24:08.796+0000] {dag.py:4180} INFO - Setting next_dagrun for example_params_trigger_ui to None, run_after=None
[2025-02-13T00:24:08.816+0000] {processor.py:208} INFO - Processing /home/airflow/.local/lib/python3.12/site-packages/airflow/example_dags/example_params_trigger_ui.py took 0.166 seconds
[2025-02-13T00:24:39.006+0000] {processor.py:186} INFO - Started process (PID=2792) to work on /home/airflow/.local/lib/python3.12/site-packages/airflow/example_dags/example_params_trigger_ui.py
[2025-02-13T00:24:39.007+0000] {processor.py:914} INFO - Processing file /home/airflow/.local/lib/python3.12/site-packages/airflow/example_dags/example_params_trigger_ui.py for tasks to queue
[2025-02-13T00:24:39.009+0000] {logging_mixin.py:190} INFO - [2025-02-13T00:24:39.009+0000] {dagbag.py:588} INFO - Filling up the DagBag from /home/airflow/.local/lib/python3.12/site-packages/airflow/example_dags/example_params_trigger_ui.py
[2025-02-13T00:24:39.022+0000] {processor.py:925} INFO - DAG(s) 'example_params_trigger_ui' retrieved from /home/airflow/.local/lib/python3.12/site-packages/airflow/example_dags/example_params_trigger_ui.py
[2025-02-13T00:24:39.086+0000] {logging_mixin.py:190} INFO - [2025-02-13T00:24:39.085+0000] {dag.py:3239} INFO - Sync 1 DAGs
[2025-02-13T00:24:39.104+0000] {logging_mixin.py:190} INFO - [2025-02-13T00:24:39.104+0000] {dag.py:4180} INFO - Setting next_dagrun for example_params_trigger_ui to None, run_after=None
[2025-02-13T00:24:39.122+0000] {processor.py:208} INFO - Processing /home/airflow/.local/lib/python3.12/site-packages/airflow/example_dags/example_params_trigger_ui.py took 0.123 seconds
[2025-02-13T00:25:09.200+0000] {processor.py:186} INFO - Started process (PID=2850) to work on /home/airflow/.local/lib/python3.12/site-packages/airflow/example_dags/example_params_trigger_ui.py
[2025-02-13T00:25:09.201+0000] {processor.py:914} INFO - Processing file /home/airflow/.local/lib/python3.12/site-packages/airflow/example_dags/example_params_trigger_ui.py for tasks to queue
[2025-02-13T00:25:09.203+0000] {logging_mixin.py:190} INFO - [2025-02-13T00:25:09.203+0000] {dagbag.py:588} INFO - Filling up the DagBag from /home/airflow/.local/lib/python3.12/site-packages/airflow/example_dags/example_params_trigger_ui.py
[2025-02-13T00:25:09.217+0000] {processor.py:925} INFO - DAG(s) 'example_params_trigger_ui' retrieved from /home/airflow/.local/lib/python3.12/site-packages/airflow/example_dags/example_params_trigger_ui.py
[2025-02-13T00:25:09.303+0000] {logging_mixin.py:190} INFO - [2025-02-13T00:25:09.302+0000] {dag.py:3239} INFO - Sync 1 DAGs
[2025-02-13T00:25:09.337+0000] {logging_mixin.py:190} INFO - [2025-02-13T00:25:09.336+0000] {dag.py:4180} INFO - Setting next_dagrun for example_params_trigger_ui to None, run_after=None
[2025-02-13T00:25:09.366+0000] {processor.py:208} INFO - Processing /home/airflow/.local/lib/python3.12/site-packages/airflow/example_dags/example_params_trigger_ui.py took 0.173 seconds
[2025-02-13T00:25:40.287+0000] {processor.py:186} INFO - Started process (PID=2908) to work on /home/airflow/.local/lib/python3.12/site-packages/airflow/example_dags/example_params_trigger_ui.py
[2025-02-13T00:25:40.301+0000] {processor.py:914} INFO - Processing file /home/airflow/.local/lib/python3.12/site-packages/airflow/example_dags/example_params_trigger_ui.py for tasks to queue
[2025-02-13T00:25:40.303+0000] {logging_mixin.py:190} INFO - [2025-02-13T00:25:40.303+0000] {dagbag.py:588} INFO - Filling up the DagBag from /home/airflow/.local/lib/python3.12/site-packages/airflow/example_dags/example_params_trigger_ui.py
[2025-02-13T00:25:40.321+0000] {processor.py:925} INFO - DAG(s) 'example_params_trigger_ui' retrieved from /home/airflow/.local/lib/python3.12/site-packages/airflow/example_dags/example_params_trigger_ui.py
[2025-02-13T00:25:40.385+0000] {logging_mixin.py:190} INFO - [2025-02-13T00:25:40.384+0000] {dag.py:3239} INFO - Sync 1 DAGs
[2025-02-13T00:25:40.404+0000] {logging_mixin.py:190} INFO - [2025-02-13T00:25:40.404+0000] {dag.py:4180} INFO - Setting next_dagrun for example_params_trigger_ui to None, run_after=None
[2025-02-13T00:25:40.421+0000] {processor.py:208} INFO - Processing /home/airflow/.local/lib/python3.12/site-packages/airflow/example_dags/example_params_trigger_ui.py took 0.147 seconds
[2025-02-13T00:26:10.734+0000] {processor.py:186} INFO - Started process (PID=2966) to work on /home/airflow/.local/lib/python3.12/site-packages/airflow/example_dags/example_params_trigger_ui.py
[2025-02-13T00:26:10.735+0000] {processor.py:914} INFO - Processing file /home/airflow/.local/lib/python3.12/site-packages/airflow/example_dags/example_params_trigger_ui.py for tasks to queue
[2025-02-13T00:26:10.737+0000] {logging_mixin.py:190} INFO - [2025-02-13T00:26:10.737+0000] {dagbag.py:588} INFO - Filling up the DagBag from /home/airflow/.local/lib/python3.12/site-packages/airflow/example_dags/example_params_trigger_ui.py
[2025-02-13T00:26:10.750+0000] {processor.py:925} INFO - DAG(s) 'example_params_trigger_ui' retrieved from /home/airflow/.local/lib/python3.12/site-packages/airflow/example_dags/example_params_trigger_ui.py
[2025-02-13T00:26:10.849+0000] {logging_mixin.py:190} INFO - [2025-02-13T00:26:10.848+0000] {dag.py:3239} INFO - Sync 1 DAGs
[2025-02-13T00:26:10.866+0000] {logging_mixin.py:190} INFO - [2025-02-13T00:26:10.866+0000] {dag.py:4180} INFO - Setting next_dagrun for example_params_trigger_ui to None, run_after=None
[2025-02-13T00:26:10.905+0000] {processor.py:208} INFO - Processing /home/airflow/.local/lib/python3.12/site-packages/airflow/example_dags/example_params_trigger_ui.py took 0.177 seconds
[2025-02-13T00:26:41.133+0000] {processor.py:186} INFO - Started process (PID=3024) to work on /home/airflow/.local/lib/python3.12/site-packages/airflow/example_dags/example_params_trigger_ui.py
[2025-02-13T00:26:41.134+0000] {processor.py:914} INFO - Processing file /home/airflow/.local/lib/python3.12/site-packages/airflow/example_dags/example_params_trigger_ui.py for tasks to queue
[2025-02-13T00:26:41.137+0000] {logging_mixin.py:190} INFO - [2025-02-13T00:26:41.136+0000] {dagbag.py:588} INFO - Filling up the DagBag from /home/airflow/.local/lib/python3.12/site-packages/airflow/example_dags/example_params_trigger_ui.py
[2025-02-13T00:26:41.150+0000] {processor.py:925} INFO - DAG(s) 'example_params_trigger_ui' retrieved from /home/airflow/.local/lib/python3.12/site-packages/airflow/example_dags/example_params_trigger_ui.py
[2025-02-13T00:26:41.213+0000] {logging_mixin.py:190} INFO - [2025-02-13T00:26:41.213+0000] {dag.py:3239} INFO - Sync 1 DAGs
[2025-02-13T00:26:41.232+0000] {logging_mixin.py:190} INFO - [2025-02-13T00:26:41.232+0000] {dag.py:4180} INFO - Setting next_dagrun for example_params_trigger_ui to None, run_after=None
[2025-02-13T00:26:41.250+0000] {processor.py:208} INFO - Processing /home/airflow/.local/lib/python3.12/site-packages/airflow/example_dags/example_params_trigger_ui.py took 0.123 seconds
[2025-02-13T00:27:11.415+0000] {processor.py:186} INFO - Started process (PID=3082) to work on /home/airflow/.local/lib/python3.12/site-packages/airflow/example_dags/example_params_trigger_ui.py
[2025-02-13T00:27:11.416+0000] {processor.py:914} INFO - Processing file /home/airflow/.local/lib/python3.12/site-packages/airflow/example_dags/example_params_trigger_ui.py for tasks to queue
[2025-02-13T00:27:11.418+0000] {logging_mixin.py:190} INFO - [2025-02-13T00:27:11.418+0000] {dagbag.py:588} INFO - Filling up the DagBag from /home/airflow/.local/lib/python3.12/site-packages/airflow/example_dags/example_params_trigger_ui.py
[2025-02-13T00:27:11.431+0000] {processor.py:925} INFO - DAG(s) 'example_params_trigger_ui' retrieved from /home/airflow/.local/lib/python3.12/site-packages/airflow/example_dags/example_params_trigger_ui.py
[2025-02-13T00:27:11.500+0000] {logging_mixin.py:190} INFO - [2025-02-13T00:27:11.499+0000] {dag.py:3239} INFO - Sync 1 DAGs
[2025-02-13T00:27:11.518+0000] {logging_mixin.py:190} INFO - [2025-02-13T00:27:11.518+0000] {dag.py:4180} INFO - Setting next_dagrun for example_params_trigger_ui to None, run_after=None
[2025-02-13T00:27:11.537+0000] {processor.py:208} INFO - Processing /home/airflow/.local/lib/python3.12/site-packages/airflow/example_dags/example_params_trigger_ui.py took 0.129 seconds
[2025-02-13T00:27:41.658+0000] {processor.py:186} INFO - Started process (PID=3140) to work on /home/airflow/.local/lib/python3.12/site-packages/airflow/example_dags/example_params_trigger_ui.py
[2025-02-13T00:27:41.659+0000] {processor.py:914} INFO - Processing file /home/airflow/.local/lib/python3.12/site-packages/airflow/example_dags/example_params_trigger_ui.py for tasks to queue
[2025-02-13T00:27:41.661+0000] {logging_mixin.py:190} INFO - [2025-02-13T00:27:41.661+0000] {dagbag.py:588} INFO - Filling up the DagBag from /home/airflow/.local/lib/python3.12/site-packages/airflow/example_dags/example_params_trigger_ui.py
[2025-02-13T00:27:41.674+0000] {processor.py:925} INFO - DAG(s) 'example_params_trigger_ui' retrieved from /home/airflow/.local/lib/python3.12/site-packages/airflow/example_dags/example_params_trigger_ui.py
[2025-02-13T00:27:41.802+0000] {logging_mixin.py:190} INFO - [2025-02-13T00:27:41.797+0000] {dag.py:3239} INFO - Sync 1 DAGs
[2025-02-13T00:27:41.841+0000] {logging_mixin.py:190} INFO - [2025-02-13T00:27:41.841+0000] {dag.py:4180} INFO - Setting next_dagrun for example_params_trigger_ui to None, run_after=None
[2025-02-13T00:27:41.862+0000] {processor.py:208} INFO - Processing /home/airflow/.local/lib/python3.12/site-packages/airflow/example_dags/example_params_trigger_ui.py took 0.211 seconds
