[2025-02-13T00:00:56.245+0000] {processor.py:186} INFO - Started process (PID=178) to work on /home/airflow/.local/lib/python3.12/site-packages/airflow/example_dags/example_latest_only.py
[2025-02-13T00:00:56.248+0000] {processor.py:914} INFO - Processing file /home/airflow/.local/lib/python3.12/site-packages/airflow/example_dags/example_latest_only.py for tasks to queue
[2025-02-13T00:00:56.252+0000] {logging_mixin.py:190} INFO - [2025-02-13T00:00:56.252+0000] {dagbag.py:588} INFO - Filling up the DagBag from /home/airflow/.local/lib/python3.12/site-packages/airflow/example_dags/example_latest_only.py
[2025-02-13T00:00:56.266+0000] {processor.py:925} INFO - DAG(s) 'latest_only' retrieved from /home/airflow/.local/lib/python3.12/site-packages/airflow/example_dags/example_latest_only.py
[2025-02-13T00:00:56.321+0000] {logging_mixin.py:190} INFO - [2025-02-13T00:00:56.320+0000] {dag.py:3239} INFO - Sync 1 DAGs
[2025-02-13T00:00:56.404+0000] {logging_mixin.py:190} INFO - [2025-02-13T00:00:56.404+0000] {dag.py:4180} INFO - Setting next_dagrun for latest_only to 2025-02-12 20:00:00+00:00, run_after=2025-02-13 00:00:00+00:00
[2025-02-13T00:00:58.329+0000] {processor.py:208} INFO - Processing /home/airflow/.local/lib/python3.12/site-packages/airflow/example_dags/example_latest_only.py took 2.101 seconds
[2025-02-13T00:01:28.476+0000] {processor.py:186} INFO - Started process (PID=236) to work on /home/airflow/.local/lib/python3.12/site-packages/airflow/example_dags/example_latest_only.py
[2025-02-13T00:01:28.496+0000] {processor.py:914} INFO - Processing file /home/airflow/.local/lib/python3.12/site-packages/airflow/example_dags/example_latest_only.py for tasks to queue
[2025-02-13T00:01:28.498+0000] {logging_mixin.py:190} INFO - [2025-02-13T00:01:28.498+0000] {dagbag.py:588} INFO - Filling up the DagBag from /home/airflow/.local/lib/python3.12/site-packages/airflow/example_dags/example_latest_only.py
[2025-02-13T00:01:28.550+0000] {processor.py:925} INFO - DAG(s) 'latest_only' retrieved from /home/airflow/.local/lib/python3.12/site-packages/airflow/example_dags/example_latest_only.py
[2025-02-13T00:01:28.672+0000] {logging_mixin.py:190} INFO - [2025-02-13T00:01:28.671+0000] {dag.py:3239} INFO - Sync 1 DAGs
[2025-02-13T00:01:28.748+0000] {logging_mixin.py:190} INFO - [2025-02-13T00:01:28.748+0000] {dag.py:4180} INFO - Setting next_dagrun for latest_only to 2025-02-12 20:00:00+00:00, run_after=2025-02-13 00:00:00+00:00
[2025-02-13T00:01:31.340+0000] {processor.py:208} INFO - Processing /home/airflow/.local/lib/python3.12/site-packages/airflow/example_dags/example_latest_only.py took 2.877 seconds
[2025-02-13T00:02:26.038+0000] {processor.py:186} INFO - Started process (PID=294) to work on /home/airflow/.local/lib/python3.12/site-packages/airflow/example_dags/example_latest_only.py
[2025-02-13T00:02:26.039+0000] {processor.py:914} INFO - Processing file /home/airflow/.local/lib/python3.12/site-packages/airflow/example_dags/example_latest_only.py for tasks to queue
[2025-02-13T00:02:26.043+0000] {logging_mixin.py:190} INFO - [2025-02-13T00:02:26.042+0000] {dagbag.py:588} INFO - Filling up the DagBag from /home/airflow/.local/lib/python3.12/site-packages/airflow/example_dags/example_latest_only.py
[2025-02-13T00:02:26.055+0000] {processor.py:925} INFO - DAG(s) 'latest_only' retrieved from /home/airflow/.local/lib/python3.12/site-packages/airflow/example_dags/example_latest_only.py
[2025-02-13T00:02:26.081+0000] {logging_mixin.py:190} INFO - [2025-02-13T00:02:26.080+0000] {dag.py:3239} INFO - Sync 1 DAGs
[2025-02-13T00:02:26.126+0000] {logging_mixin.py:190} INFO - [2025-02-13T00:02:26.125+0000] {dag.py:4180} INFO - Setting next_dagrun for latest_only to 2025-02-12 20:00:00+00:00, run_after=2025-02-13 00:00:00+00:00
[2025-02-13T00:02:28.015+0000] {processor.py:208} INFO - Processing /home/airflow/.local/lib/python3.12/site-packages/airflow/example_dags/example_latest_only.py took 1.989 seconds
[2025-02-13T00:02:58.370+0000] {processor.py:186} INFO - Started process (PID=352) to work on /home/airflow/.local/lib/python3.12/site-packages/airflow/example_dags/example_latest_only.py
[2025-02-13T00:02:58.371+0000] {processor.py:914} INFO - Processing file /home/airflow/.local/lib/python3.12/site-packages/airflow/example_dags/example_latest_only.py for tasks to queue
[2025-02-13T00:02:58.374+0000] {logging_mixin.py:190} INFO - [2025-02-13T00:02:58.373+0000] {dagbag.py:588} INFO - Filling up the DagBag from /home/airflow/.local/lib/python3.12/site-packages/airflow/example_dags/example_latest_only.py
[2025-02-13T00:02:58.385+0000] {processor.py:925} INFO - DAG(s) 'latest_only' retrieved from /home/airflow/.local/lib/python3.12/site-packages/airflow/example_dags/example_latest_only.py
[2025-02-13T00:02:58.428+0000] {logging_mixin.py:190} INFO - [2025-02-13T00:02:58.427+0000] {dag.py:3239} INFO - Sync 1 DAGs
[2025-02-13T00:02:58.476+0000] {logging_mixin.py:190} INFO - [2025-02-13T00:02:58.476+0000] {dag.py:4180} INFO - Setting next_dagrun for latest_only to 2025-02-12 20:00:00+00:00, run_after=2025-02-13 00:00:00+00:00
[2025-02-13T00:02:58.604+0000] {processor.py:208} INFO - Processing /home/airflow/.local/lib/python3.12/site-packages/airflow/example_dags/example_latest_only.py took 0.241 seconds
[2025-02-13T00:03:37.048+0000] {processor.py:186} INFO - Started process (PID=412) to work on /home/airflow/.local/lib/python3.12/site-packages/airflow/example_dags/example_latest_only.py
[2025-02-13T00:03:37.055+0000] {processor.py:914} INFO - Processing file /home/airflow/.local/lib/python3.12/site-packages/airflow/example_dags/example_latest_only.py for tasks to queue
[2025-02-13T00:03:37.058+0000] {logging_mixin.py:190} INFO - [2025-02-13T00:03:37.057+0000] {dagbag.py:588} INFO - Filling up the DagBag from /home/airflow/.local/lib/python3.12/site-packages/airflow/example_dags/example_latest_only.py
[2025-02-13T00:03:37.082+0000] {processor.py:925} INFO - DAG(s) 'latest_only' retrieved from /home/airflow/.local/lib/python3.12/site-packages/airflow/example_dags/example_latest_only.py
[2025-02-13T00:03:37.130+0000] {logging_mixin.py:190} INFO - [2025-02-13T00:03:37.129+0000] {dag.py:3239} INFO - Sync 1 DAGs
[2025-02-13T00:03:37.208+0000] {logging_mixin.py:190} INFO - [2025-02-13T00:03:37.207+0000] {dag.py:4180} INFO - Setting next_dagrun for latest_only to 2025-02-12 20:00:00+00:00, run_after=2025-02-13 00:00:00+00:00
[2025-02-13T00:03:38.804+0000] {processor.py:208} INFO - Processing /home/airflow/.local/lib/python3.12/site-packages/airflow/example_dags/example_latest_only.py took 1.787 seconds
[2025-02-13T00:04:08.917+0000] {processor.py:186} INFO - Started process (PID=470) to work on /home/airflow/.local/lib/python3.12/site-packages/airflow/example_dags/example_latest_only.py
[2025-02-13T00:04:08.921+0000] {processor.py:914} INFO - Processing file /home/airflow/.local/lib/python3.12/site-packages/airflow/example_dags/example_latest_only.py for tasks to queue
[2025-02-13T00:04:08.924+0000] {logging_mixin.py:190} INFO - [2025-02-13T00:04:08.924+0000] {dagbag.py:588} INFO - Filling up the DagBag from /home/airflow/.local/lib/python3.12/site-packages/airflow/example_dags/example_latest_only.py
[2025-02-13T00:04:08.932+0000] {processor.py:925} INFO - DAG(s) 'latest_only' retrieved from /home/airflow/.local/lib/python3.12/site-packages/airflow/example_dags/example_latest_only.py
[2025-02-13T00:04:08.966+0000] {logging_mixin.py:190} INFO - [2025-02-13T00:04:08.966+0000] {dag.py:3239} INFO - Sync 1 DAGs
[2025-02-13T00:04:09.014+0000] {logging_mixin.py:190} INFO - [2025-02-13T00:04:09.014+0000] {dag.py:4180} INFO - Setting next_dagrun for latest_only to 2025-02-12 20:00:00+00:00, run_after=2025-02-13 00:00:00+00:00
[2025-02-13T00:04:11.128+0000] {processor.py:208} INFO - Processing /home/airflow/.local/lib/python3.12/site-packages/airflow/example_dags/example_latest_only.py took 2.222 seconds
[2025-02-13T00:04:41.833+0000] {processor.py:186} INFO - Started process (PID=528) to work on /home/airflow/.local/lib/python3.12/site-packages/airflow/example_dags/example_latest_only.py
[2025-02-13T00:04:41.834+0000] {processor.py:914} INFO - Processing file /home/airflow/.local/lib/python3.12/site-packages/airflow/example_dags/example_latest_only.py for tasks to queue
[2025-02-13T00:04:41.837+0000] {logging_mixin.py:190} INFO - [2025-02-13T00:04:41.836+0000] {dagbag.py:588} INFO - Filling up the DagBag from /home/airflow/.local/lib/python3.12/site-packages/airflow/example_dags/example_latest_only.py
[2025-02-13T00:04:41.849+0000] {processor.py:925} INFO - DAG(s) 'latest_only' retrieved from /home/airflow/.local/lib/python3.12/site-packages/airflow/example_dags/example_latest_only.py
[2025-02-13T00:04:41.879+0000] {logging_mixin.py:190} INFO - [2025-02-13T00:04:41.878+0000] {dag.py:3239} INFO - Sync 1 DAGs
[2025-02-13T00:04:41.911+0000] {logging_mixin.py:190} INFO - [2025-02-13T00:04:41.911+0000] {dag.py:4180} INFO - Setting next_dagrun for latest_only to 2025-02-12 20:00:00+00:00, run_after=2025-02-13 00:00:00+00:00
[2025-02-13T00:04:41.938+0000] {processor.py:208} INFO - Processing /home/airflow/.local/lib/python3.12/site-packages/airflow/example_dags/example_latest_only.py took 0.114 seconds
[2025-02-13T00:05:12.217+0000] {processor.py:186} INFO - Started process (PID=585) to work on /home/airflow/.local/lib/python3.12/site-packages/airflow/example_dags/example_latest_only.py
[2025-02-13T00:05:12.218+0000] {processor.py:914} INFO - Processing file /home/airflow/.local/lib/python3.12/site-packages/airflow/example_dags/example_latest_only.py for tasks to queue
[2025-02-13T00:05:12.221+0000] {logging_mixin.py:190} INFO - [2025-02-13T00:05:12.220+0000] {dagbag.py:588} INFO - Filling up the DagBag from /home/airflow/.local/lib/python3.12/site-packages/airflow/example_dags/example_latest_only.py
[2025-02-13T00:05:12.266+0000] {processor.py:925} INFO - DAG(s) 'latest_only' retrieved from /home/airflow/.local/lib/python3.12/site-packages/airflow/example_dags/example_latest_only.py
[2025-02-13T00:05:12.291+0000] {logging_mixin.py:190} INFO - [2025-02-13T00:05:12.290+0000] {dag.py:3239} INFO - Sync 1 DAGs
[2025-02-13T00:05:12.352+0000] {logging_mixin.py:190} INFO - [2025-02-13T00:05:12.351+0000] {dag.py:4180} INFO - Setting next_dagrun for latest_only to 2025-02-12 20:00:00+00:00, run_after=2025-02-13 00:00:00+00:00
[2025-02-13T00:05:13.540+0000] {processor.py:208} INFO - Processing /home/airflow/.local/lib/python3.12/site-packages/airflow/example_dags/example_latest_only.py took 1.331 seconds
[2025-02-13T00:05:43.993+0000] {processor.py:186} INFO - Started process (PID=643) to work on /home/airflow/.local/lib/python3.12/site-packages/airflow/example_dags/example_latest_only.py
[2025-02-13T00:05:43.996+0000] {processor.py:914} INFO - Processing file /home/airflow/.local/lib/python3.12/site-packages/airflow/example_dags/example_latest_only.py for tasks to queue
[2025-02-13T00:05:43.999+0000] {logging_mixin.py:190} INFO - [2025-02-13T00:05:43.999+0000] {dagbag.py:588} INFO - Filling up the DagBag from /home/airflow/.local/lib/python3.12/site-packages/airflow/example_dags/example_latest_only.py
[2025-02-13T00:05:44.037+0000] {processor.py:925} INFO - DAG(s) 'latest_only' retrieved from /home/airflow/.local/lib/python3.12/site-packages/airflow/example_dags/example_latest_only.py
[2025-02-13T00:05:44.088+0000] {logging_mixin.py:190} INFO - [2025-02-13T00:05:44.087+0000] {dag.py:3239} INFO - Sync 1 DAGs
[2025-02-13T00:05:44.122+0000] {logging_mixin.py:190} INFO - [2025-02-13T00:05:44.121+0000] {dag.py:4180} INFO - Setting next_dagrun for latest_only to 2025-02-12 20:00:00+00:00, run_after=2025-02-13 00:00:00+00:00
[2025-02-13T00:05:46.509+0000] {processor.py:208} INFO - Processing /home/airflow/.local/lib/python3.12/site-packages/airflow/example_dags/example_latest_only.py took 2.598 seconds
[2025-02-13T00:06:16.997+0000] {processor.py:186} INFO - Started process (PID=701) to work on /home/airflow/.local/lib/python3.12/site-packages/airflow/example_dags/example_latest_only.py
[2025-02-13T00:06:16.998+0000] {processor.py:914} INFO - Processing file /home/airflow/.local/lib/python3.12/site-packages/airflow/example_dags/example_latest_only.py for tasks to queue
[2025-02-13T00:06:17.001+0000] {logging_mixin.py:190} INFO - [2025-02-13T00:06:17.000+0000] {dagbag.py:588} INFO - Filling up the DagBag from /home/airflow/.local/lib/python3.12/site-packages/airflow/example_dags/example_latest_only.py
[2025-02-13T00:06:17.009+0000] {processor.py:925} INFO - DAG(s) 'latest_only' retrieved from /home/airflow/.local/lib/python3.12/site-packages/airflow/example_dags/example_latest_only.py
[2025-02-13T00:06:17.090+0000] {logging_mixin.py:190} INFO - [2025-02-13T00:06:17.089+0000] {dag.py:3239} INFO - Sync 1 DAGs
[2025-02-13T00:06:17.147+0000] {logging_mixin.py:190} INFO - [2025-02-13T00:06:17.147+0000] {dag.py:4180} INFO - Setting next_dagrun for latest_only to 2025-02-12 20:00:00+00:00, run_after=2025-02-13 00:00:00+00:00
[2025-02-13T00:06:17.166+0000] {processor.py:208} INFO - Processing /home/airflow/.local/lib/python3.12/site-packages/airflow/example_dags/example_latest_only.py took 0.178 seconds
[2025-02-13T00:06:47.797+0000] {processor.py:186} INFO - Started process (PID=759) to work on /home/airflow/.local/lib/python3.12/site-packages/airflow/example_dags/example_latest_only.py
[2025-02-13T00:06:47.798+0000] {processor.py:914} INFO - Processing file /home/airflow/.local/lib/python3.12/site-packages/airflow/example_dags/example_latest_only.py for tasks to queue
[2025-02-13T00:06:47.801+0000] {logging_mixin.py:190} INFO - [2025-02-13T00:06:47.800+0000] {dagbag.py:588} INFO - Filling up the DagBag from /home/airflow/.local/lib/python3.12/site-packages/airflow/example_dags/example_latest_only.py
[2025-02-13T00:06:47.808+0000] {processor.py:925} INFO - DAG(s) 'latest_only' retrieved from /home/airflow/.local/lib/python3.12/site-packages/airflow/example_dags/example_latest_only.py
[2025-02-13T00:06:47.845+0000] {logging_mixin.py:190} INFO - [2025-02-13T00:06:47.845+0000] {dag.py:3239} INFO - Sync 1 DAGs
[2025-02-13T00:06:47.891+0000] {logging_mixin.py:190} INFO - [2025-02-13T00:06:47.890+0000] {dag.py:4180} INFO - Setting next_dagrun for latest_only to 2025-02-12 20:00:00+00:00, run_after=2025-02-13 00:00:00+00:00
[2025-02-13T00:06:47.923+0000] {processor.py:208} INFO - Processing /home/airflow/.local/lib/python3.12/site-packages/airflow/example_dags/example_latest_only.py took 0.136 seconds
[2025-02-13T00:07:18.637+0000] {processor.py:186} INFO - Started process (PID=817) to work on /home/airflow/.local/lib/python3.12/site-packages/airflow/example_dags/example_latest_only.py
[2025-02-13T00:07:18.638+0000] {processor.py:914} INFO - Processing file /home/airflow/.local/lib/python3.12/site-packages/airflow/example_dags/example_latest_only.py for tasks to queue
[2025-02-13T00:07:18.646+0000] {logging_mixin.py:190} INFO - [2025-02-13T00:07:18.642+0000] {dagbag.py:588} INFO - Filling up the DagBag from /home/airflow/.local/lib/python3.12/site-packages/airflow/example_dags/example_latest_only.py
[2025-02-13T00:07:18.667+0000] {processor.py:925} INFO - DAG(s) 'latest_only' retrieved from /home/airflow/.local/lib/python3.12/site-packages/airflow/example_dags/example_latest_only.py
[2025-02-13T00:07:18.696+0000] {logging_mixin.py:190} INFO - [2025-02-13T00:07:18.696+0000] {dag.py:3239} INFO - Sync 1 DAGs
[2025-02-13T00:07:18.768+0000] {logging_mixin.py:190} INFO - [2025-02-13T00:07:18.768+0000] {dag.py:4180} INFO - Setting next_dagrun for latest_only to 2025-02-12 20:00:00+00:00, run_after=2025-02-13 00:00:00+00:00
[2025-02-13T00:07:18.795+0000] {processor.py:208} INFO - Processing /home/airflow/.local/lib/python3.12/site-packages/airflow/example_dags/example_latest_only.py took 0.166 seconds
[2025-02-13T00:07:49.679+0000] {processor.py:186} INFO - Started process (PID=875) to work on /home/airflow/.local/lib/python3.12/site-packages/airflow/example_dags/example_latest_only.py
[2025-02-13T00:07:49.681+0000] {processor.py:914} INFO - Processing file /home/airflow/.local/lib/python3.12/site-packages/airflow/example_dags/example_latest_only.py for tasks to queue
[2025-02-13T00:07:49.685+0000] {logging_mixin.py:190} INFO - [2025-02-13T00:07:49.684+0000] {dagbag.py:588} INFO - Filling up the DagBag from /home/airflow/.local/lib/python3.12/site-packages/airflow/example_dags/example_latest_only.py
[2025-02-13T00:07:49.693+0000] {processor.py:925} INFO - DAG(s) 'latest_only' retrieved from /home/airflow/.local/lib/python3.12/site-packages/airflow/example_dags/example_latest_only.py
[2025-02-13T00:07:49.720+0000] {logging_mixin.py:190} INFO - [2025-02-13T00:07:49.716+0000] {dag.py:3239} INFO - Sync 1 DAGs
[2025-02-13T00:07:49.921+0000] {logging_mixin.py:190} INFO - [2025-02-13T00:07:49.921+0000] {dag.py:4180} INFO - Setting next_dagrun for latest_only to 2025-02-12 20:00:00+00:00, run_after=2025-02-13 00:00:00+00:00
[2025-02-13T00:07:49.965+0000] {processor.py:208} INFO - Processing /home/airflow/.local/lib/python3.12/site-packages/airflow/example_dags/example_latest_only.py took 0.293 seconds
[2025-02-13T00:08:20.129+0000] {processor.py:186} INFO - Started process (PID=934) to work on /home/airflow/.local/lib/python3.12/site-packages/airflow/example_dags/example_latest_only.py
[2025-02-13T00:08:20.130+0000] {processor.py:914} INFO - Processing file /home/airflow/.local/lib/python3.12/site-packages/airflow/example_dags/example_latest_only.py for tasks to queue
[2025-02-13T00:08:20.138+0000] {logging_mixin.py:190} INFO - [2025-02-13T00:08:20.138+0000] {dagbag.py:588} INFO - Filling up the DagBag from /home/airflow/.local/lib/python3.12/site-packages/airflow/example_dags/example_latest_only.py
[2025-02-13T00:08:20.147+0000] {processor.py:925} INFO - DAG(s) 'latest_only' retrieved from /home/airflow/.local/lib/python3.12/site-packages/airflow/example_dags/example_latest_only.py
[2025-02-13T00:08:20.165+0000] {logging_mixin.py:190} INFO - [2025-02-13T00:08:20.164+0000] {dag.py:3239} INFO - Sync 1 DAGs
[2025-02-13T00:08:20.185+0000] {logging_mixin.py:190} INFO - [2025-02-13T00:08:20.185+0000] {dag.py:4180} INFO - Setting next_dagrun for latest_only to 2025-02-12 20:00:00+00:00, run_after=2025-02-13 00:00:00+00:00
[2025-02-13T00:08:20.198+0000] {processor.py:208} INFO - Processing /home/airflow/.local/lib/python3.12/site-packages/airflow/example_dags/example_latest_only.py took 0.079 seconds
[2025-02-13T00:08:50.275+0000] {processor.py:186} INFO - Started process (PID=991) to work on /home/airflow/.local/lib/python3.12/site-packages/airflow/example_dags/example_latest_only.py
[2025-02-13T00:08:50.276+0000] {processor.py:914} INFO - Processing file /home/airflow/.local/lib/python3.12/site-packages/airflow/example_dags/example_latest_only.py for tasks to queue
[2025-02-13T00:08:50.278+0000] {logging_mixin.py:190} INFO - [2025-02-13T00:08:50.278+0000] {dagbag.py:588} INFO - Filling up the DagBag from /home/airflow/.local/lib/python3.12/site-packages/airflow/example_dags/example_latest_only.py
[2025-02-13T00:08:50.286+0000] {processor.py:925} INFO - DAG(s) 'latest_only' retrieved from /home/airflow/.local/lib/python3.12/site-packages/airflow/example_dags/example_latest_only.py
[2025-02-13T00:08:50.306+0000] {logging_mixin.py:190} INFO - [2025-02-13T00:08:50.306+0000] {dag.py:3239} INFO - Sync 1 DAGs
[2025-02-13T00:08:50.335+0000] {logging_mixin.py:190} INFO - [2025-02-13T00:08:50.335+0000] {dag.py:4180} INFO - Setting next_dagrun for latest_only to 2025-02-12 20:00:00+00:00, run_after=2025-02-13 00:00:00+00:00
[2025-02-13T00:08:50.353+0000] {processor.py:208} INFO - Processing /home/airflow/.local/lib/python3.12/site-packages/airflow/example_dags/example_latest_only.py took 0.087 seconds
[2025-02-13T00:09:20.527+0000] {processor.py:186} INFO - Started process (PID=1049) to work on /home/airflow/.local/lib/python3.12/site-packages/airflow/example_dags/example_latest_only.py
[2025-02-13T00:09:20.528+0000] {processor.py:914} INFO - Processing file /home/airflow/.local/lib/python3.12/site-packages/airflow/example_dags/example_latest_only.py for tasks to queue
[2025-02-13T00:09:20.531+0000] {logging_mixin.py:190} INFO - [2025-02-13T00:09:20.530+0000] {dagbag.py:588} INFO - Filling up the DagBag from /home/airflow/.local/lib/python3.12/site-packages/airflow/example_dags/example_latest_only.py
[2025-02-13T00:09:20.539+0000] {processor.py:925} INFO - DAG(s) 'latest_only' retrieved from /home/airflow/.local/lib/python3.12/site-packages/airflow/example_dags/example_latest_only.py
[2025-02-13T00:09:20.560+0000] {logging_mixin.py:190} INFO - [2025-02-13T00:09:20.559+0000] {dag.py:3239} INFO - Sync 1 DAGs
[2025-02-13T00:09:20.589+0000] {logging_mixin.py:190} INFO - [2025-02-13T00:09:20.589+0000] {dag.py:4180} INFO - Setting next_dagrun for latest_only to 2025-02-12 20:00:00+00:00, run_after=2025-02-13 00:00:00+00:00
[2025-02-13T00:09:20.606+0000] {processor.py:208} INFO - Processing /home/airflow/.local/lib/python3.12/site-packages/airflow/example_dags/example_latest_only.py took 0.085 seconds
[2025-02-13T00:09:51.222+0000] {processor.py:186} INFO - Started process (PID=1100) to work on /home/airflow/.local/lib/python3.12/site-packages/airflow/example_dags/example_latest_only.py
[2025-02-13T00:09:51.222+0000] {processor.py:914} INFO - Processing file /home/airflow/.local/lib/python3.12/site-packages/airflow/example_dags/example_latest_only.py for tasks to queue
[2025-02-13T00:09:51.225+0000] {logging_mixin.py:190} INFO - [2025-02-13T00:09:51.225+0000] {dagbag.py:588} INFO - Filling up the DagBag from /home/airflow/.local/lib/python3.12/site-packages/airflow/example_dags/example_latest_only.py
[2025-02-13T00:09:51.233+0000] {processor.py:925} INFO - DAG(s) 'latest_only' retrieved from /home/airflow/.local/lib/python3.12/site-packages/airflow/example_dags/example_latest_only.py
[2025-02-13T00:09:51.274+0000] {logging_mixin.py:190} INFO - [2025-02-13T00:09:51.274+0000] {dag.py:3239} INFO - Sync 1 DAGs
[2025-02-13T00:09:51.315+0000] {logging_mixin.py:190} INFO - [2025-02-13T00:09:51.315+0000] {dag.py:4180} INFO - Setting next_dagrun for latest_only to 2025-02-12 20:00:00+00:00, run_after=2025-02-13 00:00:00+00:00
[2025-02-13T00:09:51.334+0000] {processor.py:208} INFO - Processing /home/airflow/.local/lib/python3.12/site-packages/airflow/example_dags/example_latest_only.py took 0.120 seconds
[2025-02-13T00:10:21.410+0000] {processor.py:186} INFO - Started process (PID=1157) to work on /home/airflow/.local/lib/python3.12/site-packages/airflow/example_dags/example_latest_only.py
[2025-02-13T00:10:21.411+0000] {processor.py:914} INFO - Processing file /home/airflow/.local/lib/python3.12/site-packages/airflow/example_dags/example_latest_only.py for tasks to queue
[2025-02-13T00:10:21.413+0000] {logging_mixin.py:190} INFO - [2025-02-13T00:10:21.413+0000] {dagbag.py:588} INFO - Filling up the DagBag from /home/airflow/.local/lib/python3.12/site-packages/airflow/example_dags/example_latest_only.py
[2025-02-13T00:10:21.430+0000] {processor.py:925} INFO - DAG(s) 'latest_only' retrieved from /home/airflow/.local/lib/python3.12/site-packages/airflow/example_dags/example_latest_only.py
[2025-02-13T00:10:21.453+0000] {logging_mixin.py:190} INFO - [2025-02-13T00:10:21.453+0000] {dag.py:3239} INFO - Sync 1 DAGs
[2025-02-13T00:10:21.482+0000] {logging_mixin.py:190} INFO - [2025-02-13T00:10:21.482+0000] {dag.py:4180} INFO - Setting next_dagrun for latest_only to 2025-02-12 20:00:00+00:00, run_after=2025-02-13 00:00:00+00:00
[2025-02-13T00:10:21.500+0000] {processor.py:208} INFO - Processing /home/airflow/.local/lib/python3.12/site-packages/airflow/example_dags/example_latest_only.py took 0.097 seconds
[2025-02-13T00:10:51.571+0000] {processor.py:186} INFO - Started process (PID=1215) to work on /home/airflow/.local/lib/python3.12/site-packages/airflow/example_dags/example_latest_only.py
[2025-02-13T00:10:51.572+0000] {processor.py:914} INFO - Processing file /home/airflow/.local/lib/python3.12/site-packages/airflow/example_dags/example_latest_only.py for tasks to queue
[2025-02-13T00:10:51.574+0000] {logging_mixin.py:190} INFO - [2025-02-13T00:10:51.573+0000] {dagbag.py:588} INFO - Filling up the DagBag from /home/airflow/.local/lib/python3.12/site-packages/airflow/example_dags/example_latest_only.py
[2025-02-13T00:10:51.587+0000] {processor.py:925} INFO - DAG(s) 'latest_only' retrieved from /home/airflow/.local/lib/python3.12/site-packages/airflow/example_dags/example_latest_only.py
[2025-02-13T00:10:51.608+0000] {logging_mixin.py:190} INFO - [2025-02-13T00:10:51.607+0000] {dag.py:3239} INFO - Sync 1 DAGs
[2025-02-13T00:10:51.636+0000] {logging_mixin.py:190} INFO - [2025-02-13T00:10:51.635+0000] {dag.py:4180} INFO - Setting next_dagrun for latest_only to 2025-02-12 20:00:00+00:00, run_after=2025-02-13 00:00:00+00:00
[2025-02-13T00:10:51.654+0000] {processor.py:208} INFO - Processing /home/airflow/.local/lib/python3.12/site-packages/airflow/example_dags/example_latest_only.py took 0.090 seconds
[2025-02-13T00:11:21.923+0000] {processor.py:186} INFO - Started process (PID=1273) to work on /home/airflow/.local/lib/python3.12/site-packages/airflow/example_dags/example_latest_only.py
[2025-02-13T00:11:21.924+0000] {processor.py:914} INFO - Processing file /home/airflow/.local/lib/python3.12/site-packages/airflow/example_dags/example_latest_only.py for tasks to queue
[2025-02-13T00:11:21.926+0000] {logging_mixin.py:190} INFO - [2025-02-13T00:11:21.926+0000] {dagbag.py:588} INFO - Filling up the DagBag from /home/airflow/.local/lib/python3.12/site-packages/airflow/example_dags/example_latest_only.py
[2025-02-13T00:11:21.934+0000] {processor.py:925} INFO - DAG(s) 'latest_only' retrieved from /home/airflow/.local/lib/python3.12/site-packages/airflow/example_dags/example_latest_only.py
[2025-02-13T00:11:21.955+0000] {logging_mixin.py:190} INFO - [2025-02-13T00:11:21.954+0000] {dag.py:3239} INFO - Sync 1 DAGs
[2025-02-13T00:11:21.983+0000] {logging_mixin.py:190} INFO - [2025-02-13T00:11:21.983+0000] {dag.py:4180} INFO - Setting next_dagrun for latest_only to 2025-02-12 20:00:00+00:00, run_after=2025-02-13 00:00:00+00:00
[2025-02-13T00:11:22.000+0000] {processor.py:208} INFO - Processing /home/airflow/.local/lib/python3.12/site-packages/airflow/example_dags/example_latest_only.py took 0.090 seconds
[2025-02-13T00:11:52.382+0000] {processor.py:186} INFO - Started process (PID=1331) to work on /home/airflow/.local/lib/python3.12/site-packages/airflow/example_dags/example_latest_only.py
[2025-02-13T00:11:52.383+0000] {processor.py:914} INFO - Processing file /home/airflow/.local/lib/python3.12/site-packages/airflow/example_dags/example_latest_only.py for tasks to queue
[2025-02-13T00:11:52.385+0000] {logging_mixin.py:190} INFO - [2025-02-13T00:11:52.385+0000] {dagbag.py:588} INFO - Filling up the DagBag from /home/airflow/.local/lib/python3.12/site-packages/airflow/example_dags/example_latest_only.py
[2025-02-13T00:11:52.393+0000] {processor.py:925} INFO - DAG(s) 'latest_only' retrieved from /home/airflow/.local/lib/python3.12/site-packages/airflow/example_dags/example_latest_only.py
[2025-02-13T00:11:52.415+0000] {logging_mixin.py:190} INFO - [2025-02-13T00:11:52.414+0000] {dag.py:3239} INFO - Sync 1 DAGs
[2025-02-13T00:11:52.477+0000] {logging_mixin.py:190} INFO - [2025-02-13T00:11:52.477+0000] {dag.py:4180} INFO - Setting next_dagrun for latest_only to 2025-02-12 20:00:00+00:00, run_after=2025-02-13 00:00:00+00:00
[2025-02-13T00:11:52.504+0000] {processor.py:208} INFO - Processing /home/airflow/.local/lib/python3.12/site-packages/airflow/example_dags/example_latest_only.py took 0.130 seconds
[2025-02-13T00:12:22.940+0000] {processor.py:186} INFO - Started process (PID=1389) to work on /home/airflow/.local/lib/python3.12/site-packages/airflow/example_dags/example_latest_only.py
[2025-02-13T00:12:22.941+0000] {processor.py:914} INFO - Processing file /home/airflow/.local/lib/python3.12/site-packages/airflow/example_dags/example_latest_only.py for tasks to queue
[2025-02-13T00:12:22.944+0000] {logging_mixin.py:190} INFO - [2025-02-13T00:12:22.943+0000] {dagbag.py:588} INFO - Filling up the DagBag from /home/airflow/.local/lib/python3.12/site-packages/airflow/example_dags/example_latest_only.py
[2025-02-13T00:12:22.951+0000] {processor.py:925} INFO - DAG(s) 'latest_only' retrieved from /home/airflow/.local/lib/python3.12/site-packages/airflow/example_dags/example_latest_only.py
[2025-02-13T00:12:22.974+0000] {logging_mixin.py:190} INFO - [2025-02-13T00:12:22.973+0000] {dag.py:3239} INFO - Sync 1 DAGs
[2025-02-13T00:12:23.002+0000] {logging_mixin.py:190} INFO - [2025-02-13T00:12:23.002+0000] {dag.py:4180} INFO - Setting next_dagrun for latest_only to 2025-02-12 20:00:00+00:00, run_after=2025-02-13 00:00:00+00:00
[2025-02-13T00:12:23.022+0000] {processor.py:208} INFO - Processing /home/airflow/.local/lib/python3.12/site-packages/airflow/example_dags/example_latest_only.py took 0.089 seconds
[2025-02-13T00:12:53.256+0000] {processor.py:186} INFO - Started process (PID=1447) to work on /home/airflow/.local/lib/python3.12/site-packages/airflow/example_dags/example_latest_only.py
[2025-02-13T00:12:53.256+0000] {processor.py:914} INFO - Processing file /home/airflow/.local/lib/python3.12/site-packages/airflow/example_dags/example_latest_only.py for tasks to queue
[2025-02-13T00:12:53.259+0000] {logging_mixin.py:190} INFO - [2025-02-13T00:12:53.259+0000] {dagbag.py:588} INFO - Filling up the DagBag from /home/airflow/.local/lib/python3.12/site-packages/airflow/example_dags/example_latest_only.py
[2025-02-13T00:12:53.271+0000] {processor.py:925} INFO - DAG(s) 'latest_only' retrieved from /home/airflow/.local/lib/python3.12/site-packages/airflow/example_dags/example_latest_only.py
[2025-02-13T00:12:53.292+0000] {logging_mixin.py:190} INFO - [2025-02-13T00:12:53.292+0000] {dag.py:3239} INFO - Sync 1 DAGs
[2025-02-13T00:12:53.320+0000] {logging_mixin.py:190} INFO - [2025-02-13T00:12:53.320+0000] {dag.py:4180} INFO - Setting next_dagrun for latest_only to 2025-02-12 20:00:00+00:00, run_after=2025-02-13 00:00:00+00:00
[2025-02-13T00:12:53.337+0000] {processor.py:208} INFO - Processing /home/airflow/.local/lib/python3.12/site-packages/airflow/example_dags/example_latest_only.py took 0.089 seconds
[2025-02-13T00:13:23.525+0000] {processor.py:186} INFO - Started process (PID=1505) to work on /home/airflow/.local/lib/python3.12/site-packages/airflow/example_dags/example_latest_only.py
[2025-02-13T00:13:23.527+0000] {processor.py:914} INFO - Processing file /home/airflow/.local/lib/python3.12/site-packages/airflow/example_dags/example_latest_only.py for tasks to queue
[2025-02-13T00:13:23.530+0000] {logging_mixin.py:190} INFO - [2025-02-13T00:13:23.529+0000] {dagbag.py:588} INFO - Filling up the DagBag from /home/airflow/.local/lib/python3.12/site-packages/airflow/example_dags/example_latest_only.py
[2025-02-13T00:13:23.537+0000] {processor.py:925} INFO - DAG(s) 'latest_only' retrieved from /home/airflow/.local/lib/python3.12/site-packages/airflow/example_dags/example_latest_only.py
[2025-02-13T00:13:23.562+0000] {logging_mixin.py:190} INFO - [2025-02-13T00:13:23.561+0000] {dag.py:3239} INFO - Sync 1 DAGs
[2025-02-13T00:13:23.591+0000] {logging_mixin.py:190} INFO - [2025-02-13T00:13:23.591+0000] {dag.py:4180} INFO - Setting next_dagrun for latest_only to 2025-02-12 20:00:00+00:00, run_after=2025-02-13 00:00:00+00:00
[2025-02-13T00:13:23.609+0000] {processor.py:208} INFO - Processing /home/airflow/.local/lib/python3.12/site-packages/airflow/example_dags/example_latest_only.py took 0.093 seconds
[2025-02-13T00:13:53.873+0000] {processor.py:186} INFO - Started process (PID=1563) to work on /home/airflow/.local/lib/python3.12/site-packages/airflow/example_dags/example_latest_only.py
[2025-02-13T00:13:53.874+0000] {processor.py:914} INFO - Processing file /home/airflow/.local/lib/python3.12/site-packages/airflow/example_dags/example_latest_only.py for tasks to queue
[2025-02-13T00:13:53.876+0000] {logging_mixin.py:190} INFO - [2025-02-13T00:13:53.876+0000] {dagbag.py:588} INFO - Filling up the DagBag from /home/airflow/.local/lib/python3.12/site-packages/airflow/example_dags/example_latest_only.py
[2025-02-13T00:13:53.884+0000] {processor.py:925} INFO - DAG(s) 'latest_only' retrieved from /home/airflow/.local/lib/python3.12/site-packages/airflow/example_dags/example_latest_only.py
[2025-02-13T00:13:53.905+0000] {logging_mixin.py:190} INFO - [2025-02-13T00:13:53.904+0000] {dag.py:3239} INFO - Sync 1 DAGs
[2025-02-13T00:13:53.933+0000] {logging_mixin.py:190} INFO - [2025-02-13T00:13:53.933+0000] {dag.py:4180} INFO - Setting next_dagrun for latest_only to 2025-02-12 20:00:00+00:00, run_after=2025-02-13 00:00:00+00:00
[2025-02-13T00:13:53.950+0000] {processor.py:208} INFO - Processing /home/airflow/.local/lib/python3.12/site-packages/airflow/example_dags/example_latest_only.py took 0.084 seconds
[2025-02-13T00:14:24.696+0000] {processor.py:186} INFO - Started process (PID=1621) to work on /home/airflow/.local/lib/python3.12/site-packages/airflow/example_dags/example_latest_only.py
[2025-02-13T00:14:24.697+0000] {processor.py:914} INFO - Processing file /home/airflow/.local/lib/python3.12/site-packages/airflow/example_dags/example_latest_only.py for tasks to queue
[2025-02-13T00:14:24.699+0000] {logging_mixin.py:190} INFO - [2025-02-13T00:14:24.699+0000] {dagbag.py:588} INFO - Filling up the DagBag from /home/airflow/.local/lib/python3.12/site-packages/airflow/example_dags/example_latest_only.py
[2025-02-13T00:14:24.706+0000] {processor.py:925} INFO - DAG(s) 'latest_only' retrieved from /home/airflow/.local/lib/python3.12/site-packages/airflow/example_dags/example_latest_only.py
[2025-02-13T00:14:24.727+0000] {logging_mixin.py:190} INFO - [2025-02-13T00:14:24.726+0000] {dag.py:3239} INFO - Sync 1 DAGs
[2025-02-13T00:14:24.754+0000] {logging_mixin.py:190} INFO - [2025-02-13T00:14:24.754+0000] {dag.py:4180} INFO - Setting next_dagrun for latest_only to 2025-02-12 20:00:00+00:00, run_after=2025-02-13 00:00:00+00:00
[2025-02-13T00:14:24.772+0000] {processor.py:208} INFO - Processing /home/airflow/.local/lib/python3.12/site-packages/airflow/example_dags/example_latest_only.py took 0.087 seconds
[2025-02-13T00:14:55.158+0000] {processor.py:186} INFO - Started process (PID=1679) to work on /home/airflow/.local/lib/python3.12/site-packages/airflow/example_dags/example_latest_only.py
[2025-02-13T00:14:55.159+0000] {processor.py:914} INFO - Processing file /home/airflow/.local/lib/python3.12/site-packages/airflow/example_dags/example_latest_only.py for tasks to queue
[2025-02-13T00:14:55.161+0000] {logging_mixin.py:190} INFO - [2025-02-13T00:14:55.161+0000] {dagbag.py:588} INFO - Filling up the DagBag from /home/airflow/.local/lib/python3.12/site-packages/airflow/example_dags/example_latest_only.py
[2025-02-13T00:14:55.169+0000] {processor.py:925} INFO - DAG(s) 'latest_only' retrieved from /home/airflow/.local/lib/python3.12/site-packages/airflow/example_dags/example_latest_only.py
[2025-02-13T00:14:55.190+0000] {logging_mixin.py:190} INFO - [2025-02-13T00:14:55.189+0000] {dag.py:3239} INFO - Sync 1 DAGs
[2025-02-13T00:14:55.217+0000] {logging_mixin.py:190} INFO - [2025-02-13T00:14:55.217+0000] {dag.py:4180} INFO - Setting next_dagrun for latest_only to 2025-02-12 20:00:00+00:00, run_after=2025-02-13 00:00:00+00:00
[2025-02-13T00:14:55.237+0000] {processor.py:208} INFO - Processing /home/airflow/.local/lib/python3.12/site-packages/airflow/example_dags/example_latest_only.py took 0.087 seconds
[2025-02-13T00:15:25.469+0000] {processor.py:186} INFO - Started process (PID=1737) to work on /home/airflow/.local/lib/python3.12/site-packages/airflow/example_dags/example_latest_only.py
[2025-02-13T00:15:25.473+0000] {processor.py:914} INFO - Processing file /home/airflow/.local/lib/python3.12/site-packages/airflow/example_dags/example_latest_only.py for tasks to queue
[2025-02-13T00:15:25.476+0000] {logging_mixin.py:190} INFO - [2025-02-13T00:15:25.476+0000] {dagbag.py:588} INFO - Filling up the DagBag from /home/airflow/.local/lib/python3.12/site-packages/airflow/example_dags/example_latest_only.py
[2025-02-13T00:15:25.486+0000] {processor.py:925} INFO - DAG(s) 'latest_only' retrieved from /home/airflow/.local/lib/python3.12/site-packages/airflow/example_dags/example_latest_only.py
[2025-02-13T00:15:25.509+0000] {logging_mixin.py:190} INFO - [2025-02-13T00:15:25.509+0000] {dag.py:3239} INFO - Sync 1 DAGs
[2025-02-13T00:15:25.552+0000] {logging_mixin.py:190} INFO - [2025-02-13T00:15:25.552+0000] {dag.py:4180} INFO - Setting next_dagrun for latest_only to 2025-02-12 20:00:00+00:00, run_after=2025-02-13 00:00:00+00:00
[2025-02-13T00:15:25.570+0000] {processor.py:208} INFO - Processing /home/airflow/.local/lib/python3.12/site-packages/airflow/example_dags/example_latest_only.py took 0.116 seconds
[2025-02-13T00:15:55.781+0000] {processor.py:186} INFO - Started process (PID=1795) to work on /home/airflow/.local/lib/python3.12/site-packages/airflow/example_dags/example_latest_only.py
[2025-02-13T00:15:55.783+0000] {processor.py:914} INFO - Processing file /home/airflow/.local/lib/python3.12/site-packages/airflow/example_dags/example_latest_only.py for tasks to queue
[2025-02-13T00:15:55.787+0000] {logging_mixin.py:190} INFO - [2025-02-13T00:15:55.786+0000] {dagbag.py:588} INFO - Filling up the DagBag from /home/airflow/.local/lib/python3.12/site-packages/airflow/example_dags/example_latest_only.py
[2025-02-13T00:15:55.795+0000] {processor.py:925} INFO - DAG(s) 'latest_only' retrieved from /home/airflow/.local/lib/python3.12/site-packages/airflow/example_dags/example_latest_only.py
[2025-02-13T00:15:55.814+0000] {logging_mixin.py:190} INFO - [2025-02-13T00:15:55.814+0000] {dag.py:3239} INFO - Sync 1 DAGs
[2025-02-13T00:15:55.842+0000] {logging_mixin.py:190} INFO - [2025-02-13T00:15:55.842+0000] {dag.py:4180} INFO - Setting next_dagrun for latest_only to 2025-02-12 20:00:00+00:00, run_after=2025-02-13 00:00:00+00:00
[2025-02-13T00:15:55.860+0000] {processor.py:208} INFO - Processing /home/airflow/.local/lib/python3.12/site-packages/airflow/example_dags/example_latest_only.py took 0.089 seconds
[2025-02-13T00:16:26.049+0000] {processor.py:186} INFO - Started process (PID=1853) to work on /home/airflow/.local/lib/python3.12/site-packages/airflow/example_dags/example_latest_only.py
[2025-02-13T00:16:26.050+0000] {processor.py:914} INFO - Processing file /home/airflow/.local/lib/python3.12/site-packages/airflow/example_dags/example_latest_only.py for tasks to queue
[2025-02-13T00:16:26.052+0000] {logging_mixin.py:190} INFO - [2025-02-13T00:16:26.052+0000] {dagbag.py:588} INFO - Filling up the DagBag from /home/airflow/.local/lib/python3.12/site-packages/airflow/example_dags/example_latest_only.py
[2025-02-13T00:16:26.059+0000] {processor.py:925} INFO - DAG(s) 'latest_only' retrieved from /home/airflow/.local/lib/python3.12/site-packages/airflow/example_dags/example_latest_only.py
[2025-02-13T00:16:26.080+0000] {logging_mixin.py:190} INFO - [2025-02-13T00:16:26.079+0000] {dag.py:3239} INFO - Sync 1 DAGs
[2025-02-13T00:16:26.108+0000] {logging_mixin.py:190} INFO - [2025-02-13T00:16:26.108+0000] {dag.py:4180} INFO - Setting next_dagrun for latest_only to 2025-02-12 20:00:00+00:00, run_after=2025-02-13 00:00:00+00:00
[2025-02-13T00:16:26.127+0000] {processor.py:208} INFO - Processing /home/airflow/.local/lib/python3.12/site-packages/airflow/example_dags/example_latest_only.py took 0.085 seconds
[2025-02-13T00:16:56.321+0000] {processor.py:186} INFO - Started process (PID=1911) to work on /home/airflow/.local/lib/python3.12/site-packages/airflow/example_dags/example_latest_only.py
[2025-02-13T00:16:56.322+0000] {processor.py:914} INFO - Processing file /home/airflow/.local/lib/python3.12/site-packages/airflow/example_dags/example_latest_only.py for tasks to queue
[2025-02-13T00:16:56.324+0000] {logging_mixin.py:190} INFO - [2025-02-13T00:16:56.324+0000] {dagbag.py:588} INFO - Filling up the DagBag from /home/airflow/.local/lib/python3.12/site-packages/airflow/example_dags/example_latest_only.py
[2025-02-13T00:16:56.332+0000] {processor.py:925} INFO - DAG(s) 'latest_only' retrieved from /home/airflow/.local/lib/python3.12/site-packages/airflow/example_dags/example_latest_only.py
[2025-02-13T00:16:56.357+0000] {logging_mixin.py:190} INFO - [2025-02-13T00:16:56.357+0000] {dag.py:3239} INFO - Sync 1 DAGs
[2025-02-13T00:16:56.386+0000] {logging_mixin.py:190} INFO - [2025-02-13T00:16:56.386+0000] {dag.py:4180} INFO - Setting next_dagrun for latest_only to 2025-02-12 20:00:00+00:00, run_after=2025-02-13 00:00:00+00:00
[2025-02-13T00:16:56.404+0000] {processor.py:208} INFO - Processing /home/airflow/.local/lib/python3.12/site-packages/airflow/example_dags/example_latest_only.py took 0.091 seconds
[2025-02-13T00:17:26.638+0000] {processor.py:186} INFO - Started process (PID=1969) to work on /home/airflow/.local/lib/python3.12/site-packages/airflow/example_dags/example_latest_only.py
[2025-02-13T00:17:26.639+0000] {processor.py:914} INFO - Processing file /home/airflow/.local/lib/python3.12/site-packages/airflow/example_dags/example_latest_only.py for tasks to queue
[2025-02-13T00:17:26.641+0000] {logging_mixin.py:190} INFO - [2025-02-13T00:17:26.641+0000] {dagbag.py:588} INFO - Filling up the DagBag from /home/airflow/.local/lib/python3.12/site-packages/airflow/example_dags/example_latest_only.py
[2025-02-13T00:17:26.649+0000] {processor.py:925} INFO - DAG(s) 'latest_only' retrieved from /home/airflow/.local/lib/python3.12/site-packages/airflow/example_dags/example_latest_only.py
[2025-02-13T00:17:26.671+0000] {logging_mixin.py:190} INFO - [2025-02-13T00:17:26.670+0000] {dag.py:3239} INFO - Sync 1 DAGs
[2025-02-13T00:17:26.702+0000] {logging_mixin.py:190} INFO - [2025-02-13T00:17:26.702+0000] {dag.py:4180} INFO - Setting next_dagrun for latest_only to 2025-02-12 20:00:00+00:00, run_after=2025-02-13 00:00:00+00:00
[2025-02-13T00:17:26.719+0000] {processor.py:208} INFO - Processing /home/airflow/.local/lib/python3.12/site-packages/airflow/example_dags/example_latest_only.py took 0.096 seconds
[2025-02-13T00:17:56.867+0000] {processor.py:186} INFO - Started process (PID=2027) to work on /home/airflow/.local/lib/python3.12/site-packages/airflow/example_dags/example_latest_only.py
[2025-02-13T00:17:56.868+0000] {processor.py:914} INFO - Processing file /home/airflow/.local/lib/python3.12/site-packages/airflow/example_dags/example_latest_only.py for tasks to queue
[2025-02-13T00:17:56.870+0000] {logging_mixin.py:190} INFO - [2025-02-13T00:17:56.870+0000] {dagbag.py:588} INFO - Filling up the DagBag from /home/airflow/.local/lib/python3.12/site-packages/airflow/example_dags/example_latest_only.py
[2025-02-13T00:17:56.878+0000] {processor.py:925} INFO - DAG(s) 'latest_only' retrieved from /home/airflow/.local/lib/python3.12/site-packages/airflow/example_dags/example_latest_only.py
[2025-02-13T00:17:56.898+0000] {logging_mixin.py:190} INFO - [2025-02-13T00:17:56.897+0000] {dag.py:3239} INFO - Sync 1 DAGs
[2025-02-13T00:17:56.925+0000] {logging_mixin.py:190} INFO - [2025-02-13T00:17:56.925+0000] {dag.py:4180} INFO - Setting next_dagrun for latest_only to 2025-02-12 20:00:00+00:00, run_after=2025-02-13 00:00:00+00:00
[2025-02-13T00:17:56.945+0000] {processor.py:208} INFO - Processing /home/airflow/.local/lib/python3.12/site-packages/airflow/example_dags/example_latest_only.py took 0.084 seconds
[2025-02-13T00:18:27.210+0000] {processor.py:186} INFO - Started process (PID=2085) to work on /home/airflow/.local/lib/python3.12/site-packages/airflow/example_dags/example_latest_only.py
[2025-02-13T00:18:27.210+0000] {processor.py:914} INFO - Processing file /home/airflow/.local/lib/python3.12/site-packages/airflow/example_dags/example_latest_only.py for tasks to queue
[2025-02-13T00:18:27.213+0000] {logging_mixin.py:190} INFO - [2025-02-13T00:18:27.212+0000] {dagbag.py:588} INFO - Filling up the DagBag from /home/airflow/.local/lib/python3.12/site-packages/airflow/example_dags/example_latest_only.py
[2025-02-13T00:18:27.221+0000] {processor.py:925} INFO - DAG(s) 'latest_only' retrieved from /home/airflow/.local/lib/python3.12/site-packages/airflow/example_dags/example_latest_only.py
[2025-02-13T00:18:27.241+0000] {logging_mixin.py:190} INFO - [2025-02-13T00:18:27.241+0000] {dag.py:3239} INFO - Sync 1 DAGs
[2025-02-13T00:18:27.270+0000] {logging_mixin.py:190} INFO - [2025-02-13T00:18:27.270+0000] {dag.py:4180} INFO - Setting next_dagrun for latest_only to 2025-02-12 20:00:00+00:00, run_after=2025-02-13 00:00:00+00:00
[2025-02-13T00:18:27.289+0000] {processor.py:208} INFO - Processing /home/airflow/.local/lib/python3.12/site-packages/airflow/example_dags/example_latest_only.py took 0.097 seconds
[2025-02-13T00:18:57.436+0000] {processor.py:186} INFO - Started process (PID=2143) to work on /home/airflow/.local/lib/python3.12/site-packages/airflow/example_dags/example_latest_only.py
[2025-02-13T00:18:57.437+0000] {processor.py:914} INFO - Processing file /home/airflow/.local/lib/python3.12/site-packages/airflow/example_dags/example_latest_only.py for tasks to queue
[2025-02-13T00:18:57.440+0000] {logging_mixin.py:190} INFO - [2025-02-13T00:18:57.439+0000] {dagbag.py:588} INFO - Filling up the DagBag from /home/airflow/.local/lib/python3.12/site-packages/airflow/example_dags/example_latest_only.py
[2025-02-13T00:18:57.447+0000] {processor.py:925} INFO - DAG(s) 'latest_only' retrieved from /home/airflow/.local/lib/python3.12/site-packages/airflow/example_dags/example_latest_only.py
[2025-02-13T00:18:57.468+0000] {logging_mixin.py:190} INFO - [2025-02-13T00:18:57.468+0000] {dag.py:3239} INFO - Sync 1 DAGs
[2025-02-13T00:18:57.520+0000] {logging_mixin.py:190} INFO - [2025-02-13T00:18:57.520+0000] {dag.py:4180} INFO - Setting next_dagrun for latest_only to 2025-02-12 20:00:00+00:00, run_after=2025-02-13 00:00:00+00:00
[2025-02-13T00:18:57.544+0000] {processor.py:208} INFO - Processing /home/airflow/.local/lib/python3.12/site-packages/airflow/example_dags/example_latest_only.py took 0.118 seconds
[2025-02-13T00:19:27.707+0000] {processor.py:186} INFO - Started process (PID=2201) to work on /home/airflow/.local/lib/python3.12/site-packages/airflow/example_dags/example_latest_only.py
[2025-02-13T00:19:27.708+0000] {processor.py:914} INFO - Processing file /home/airflow/.local/lib/python3.12/site-packages/airflow/example_dags/example_latest_only.py for tasks to queue
[2025-02-13T00:19:27.711+0000] {logging_mixin.py:190} INFO - [2025-02-13T00:19:27.711+0000] {dagbag.py:588} INFO - Filling up the DagBag from /home/airflow/.local/lib/python3.12/site-packages/airflow/example_dags/example_latest_only.py
[2025-02-13T00:19:27.720+0000] {processor.py:925} INFO - DAG(s) 'latest_only' retrieved from /home/airflow/.local/lib/python3.12/site-packages/airflow/example_dags/example_latest_only.py
[2025-02-13T00:19:27.779+0000] {logging_mixin.py:190} INFO - [2025-02-13T00:19:27.778+0000] {dag.py:3239} INFO - Sync 1 DAGs
[2025-02-13T00:19:27.836+0000] {logging_mixin.py:190} INFO - [2025-02-13T00:19:27.836+0000] {dag.py:4180} INFO - Setting next_dagrun for latest_only to 2025-02-12 20:00:00+00:00, run_after=2025-02-13 00:00:00+00:00
[2025-02-13T00:19:27.857+0000] {processor.py:208} INFO - Processing /home/airflow/.local/lib/python3.12/site-packages/airflow/example_dags/example_latest_only.py took 0.157 seconds
[2025-02-13T00:19:58.836+0000] {processor.py:186} INFO - Started process (PID=2259) to work on /home/airflow/.local/lib/python3.12/site-packages/airflow/example_dags/example_latest_only.py
[2025-02-13T00:19:58.837+0000] {processor.py:914} INFO - Processing file /home/airflow/.local/lib/python3.12/site-packages/airflow/example_dags/example_latest_only.py for tasks to queue
[2025-02-13T00:19:58.840+0000] {logging_mixin.py:190} INFO - [2025-02-13T00:19:58.839+0000] {dagbag.py:588} INFO - Filling up the DagBag from /home/airflow/.local/lib/python3.12/site-packages/airflow/example_dags/example_latest_only.py
[2025-02-13T00:19:58.847+0000] {processor.py:925} INFO - DAG(s) 'latest_only' retrieved from /home/airflow/.local/lib/python3.12/site-packages/airflow/example_dags/example_latest_only.py
[2025-02-13T00:19:58.869+0000] {logging_mixin.py:190} INFO - [2025-02-13T00:19:58.868+0000] {dag.py:3239} INFO - Sync 1 DAGs
[2025-02-13T00:19:58.897+0000] {logging_mixin.py:190} INFO - [2025-02-13T00:19:58.897+0000] {dag.py:4180} INFO - Setting next_dagrun for latest_only to 2025-02-12 20:00:00+00:00, run_after=2025-02-13 00:00:00+00:00
[2025-02-13T00:19:58.920+0000] {processor.py:208} INFO - Processing /home/airflow/.local/lib/python3.12/site-packages/airflow/example_dags/example_latest_only.py took 0.092 seconds
[2025-02-13T00:20:29.118+0000] {processor.py:186} INFO - Started process (PID=2317) to work on /home/airflow/.local/lib/python3.12/site-packages/airflow/example_dags/example_latest_only.py
[2025-02-13T00:20:29.119+0000] {processor.py:914} INFO - Processing file /home/airflow/.local/lib/python3.12/site-packages/airflow/example_dags/example_latest_only.py for tasks to queue
[2025-02-13T00:20:29.121+0000] {logging_mixin.py:190} INFO - [2025-02-13T00:20:29.121+0000] {dagbag.py:588} INFO - Filling up the DagBag from /home/airflow/.local/lib/python3.12/site-packages/airflow/example_dags/example_latest_only.py
[2025-02-13T00:20:29.130+0000] {processor.py:925} INFO - DAG(s) 'latest_only' retrieved from /home/airflow/.local/lib/python3.12/site-packages/airflow/example_dags/example_latest_only.py
[2025-02-13T00:20:29.195+0000] {logging_mixin.py:190} INFO - [2025-02-13T00:20:29.195+0000] {dag.py:3239} INFO - Sync 1 DAGs
[2025-02-13T00:20:29.245+0000] {logging_mixin.py:190} INFO - [2025-02-13T00:20:29.245+0000] {dag.py:4180} INFO - Setting next_dagrun for latest_only to 2025-02-12 20:00:00+00:00, run_after=2025-02-13 00:00:00+00:00
[2025-02-13T00:20:29.264+0000] {processor.py:208} INFO - Processing /home/airflow/.local/lib/python3.12/site-packages/airflow/example_dags/example_latest_only.py took 0.153 seconds
[2025-02-13T00:20:59.366+0000] {processor.py:186} INFO - Started process (PID=2375) to work on /home/airflow/.local/lib/python3.12/site-packages/airflow/example_dags/example_latest_only.py
[2025-02-13T00:20:59.367+0000] {processor.py:914} INFO - Processing file /home/airflow/.local/lib/python3.12/site-packages/airflow/example_dags/example_latest_only.py for tasks to queue
[2025-02-13T00:20:59.369+0000] {logging_mixin.py:190} INFO - [2025-02-13T00:20:59.369+0000] {dagbag.py:588} INFO - Filling up the DagBag from /home/airflow/.local/lib/python3.12/site-packages/airflow/example_dags/example_latest_only.py
[2025-02-13T00:20:59.382+0000] {processor.py:925} INFO - DAG(s) 'latest_only' retrieved from /home/airflow/.local/lib/python3.12/site-packages/airflow/example_dags/example_latest_only.py
[2025-02-13T00:20:59.404+0000] {logging_mixin.py:190} INFO - [2025-02-13T00:20:59.403+0000] {dag.py:3239} INFO - Sync 1 DAGs
[2025-02-13T00:20:59.457+0000] {logging_mixin.py:190} INFO - [2025-02-13T00:20:59.457+0000] {dag.py:4180} INFO - Setting next_dagrun for latest_only to 2025-02-12 20:00:00+00:00, run_after=2025-02-13 00:00:00+00:00
[2025-02-13T00:20:59.489+0000] {processor.py:208} INFO - Processing /home/airflow/.local/lib/python3.12/site-packages/airflow/example_dags/example_latest_only.py took 0.130 seconds
[2025-02-13T00:21:29.595+0000] {processor.py:186} INFO - Started process (PID=2433) to work on /home/airflow/.local/lib/python3.12/site-packages/airflow/example_dags/example_latest_only.py
[2025-02-13T00:21:29.596+0000] {processor.py:914} INFO - Processing file /home/airflow/.local/lib/python3.12/site-packages/airflow/example_dags/example_latest_only.py for tasks to queue
[2025-02-13T00:21:29.599+0000] {logging_mixin.py:190} INFO - [2025-02-13T00:21:29.598+0000] {dagbag.py:588} INFO - Filling up the DagBag from /home/airflow/.local/lib/python3.12/site-packages/airflow/example_dags/example_latest_only.py
[2025-02-13T00:21:29.606+0000] {processor.py:925} INFO - DAG(s) 'latest_only' retrieved from /home/airflow/.local/lib/python3.12/site-packages/airflow/example_dags/example_latest_only.py
[2025-02-13T00:21:29.629+0000] {logging_mixin.py:190} INFO - [2025-02-13T00:21:29.628+0000] {dag.py:3239} INFO - Sync 1 DAGs
[2025-02-13T00:21:29.659+0000] {logging_mixin.py:190} INFO - [2025-02-13T00:21:29.659+0000] {dag.py:4180} INFO - Setting next_dagrun for latest_only to 2025-02-12 20:00:00+00:00, run_after=2025-02-13 00:00:00+00:00
[2025-02-13T00:21:29.677+0000] {processor.py:208} INFO - Processing /home/airflow/.local/lib/python3.12/site-packages/airflow/example_dags/example_latest_only.py took 0.089 seconds
[2025-02-13T00:21:59.992+0000] {processor.py:186} INFO - Started process (PID=2491) to work on /home/airflow/.local/lib/python3.12/site-packages/airflow/example_dags/example_latest_only.py
[2025-02-13T00:21:59.993+0000] {processor.py:914} INFO - Processing file /home/airflow/.local/lib/python3.12/site-packages/airflow/example_dags/example_latest_only.py for tasks to queue
[2025-02-13T00:21:59.997+0000] {logging_mixin.py:190} INFO - [2025-02-13T00:21:59.997+0000] {dagbag.py:588} INFO - Filling up the DagBag from /home/airflow/.local/lib/python3.12/site-packages/airflow/example_dags/example_latest_only.py
[2025-02-13T00:22:00.006+0000] {processor.py:925} INFO - DAG(s) 'latest_only' retrieved from /home/airflow/.local/lib/python3.12/site-packages/airflow/example_dags/example_latest_only.py
[2025-02-13T00:22:00.027+0000] {logging_mixin.py:190} INFO - [2025-02-13T00:22:00.027+0000] {dag.py:3239} INFO - Sync 1 DAGs
[2025-02-13T00:22:00.055+0000] {logging_mixin.py:190} INFO - [2025-02-13T00:22:00.054+0000] {dag.py:4180} INFO - Setting next_dagrun for latest_only to 2025-02-12 20:00:00+00:00, run_after=2025-02-13 00:00:00+00:00
[2025-02-13T00:22:00.072+0000] {processor.py:208} INFO - Processing /home/airflow/.local/lib/python3.12/site-packages/airflow/example_dags/example_latest_only.py took 0.102 seconds
[2025-02-13T00:22:30.127+0000] {processor.py:186} INFO - Started process (PID=2549) to work on /home/airflow/.local/lib/python3.12/site-packages/airflow/example_dags/example_latest_only.py
[2025-02-13T00:22:30.128+0000] {processor.py:914} INFO - Processing file /home/airflow/.local/lib/python3.12/site-packages/airflow/example_dags/example_latest_only.py for tasks to queue
[2025-02-13T00:22:30.130+0000] {logging_mixin.py:190} INFO - [2025-02-13T00:22:30.130+0000] {dagbag.py:588} INFO - Filling up the DagBag from /home/airflow/.local/lib/python3.12/site-packages/airflow/example_dags/example_latest_only.py
[2025-02-13T00:22:30.138+0000] {processor.py:925} INFO - DAG(s) 'latest_only' retrieved from /home/airflow/.local/lib/python3.12/site-packages/airflow/example_dags/example_latest_only.py
[2025-02-13T00:22:30.159+0000] {logging_mixin.py:190} INFO - [2025-02-13T00:22:30.158+0000] {dag.py:3239} INFO - Sync 1 DAGs
[2025-02-13T00:22:30.189+0000] {logging_mixin.py:190} INFO - [2025-02-13T00:22:30.188+0000] {dag.py:4180} INFO - Setting next_dagrun for latest_only to 2025-02-12 20:00:00+00:00, run_after=2025-02-13 00:00:00+00:00
[2025-02-13T00:22:30.219+0000] {processor.py:208} INFO - Processing /home/airflow/.local/lib/python3.12/site-packages/airflow/example_dags/example_latest_only.py took 0.098 seconds
[2025-02-13T00:23:00.440+0000] {processor.py:186} INFO - Started process (PID=2607) to work on /home/airflow/.local/lib/python3.12/site-packages/airflow/example_dags/example_latest_only.py
[2025-02-13T00:23:00.441+0000] {processor.py:914} INFO - Processing file /home/airflow/.local/lib/python3.12/site-packages/airflow/example_dags/example_latest_only.py for tasks to queue
[2025-02-13T00:23:00.443+0000] {logging_mixin.py:190} INFO - [2025-02-13T00:23:00.443+0000] {dagbag.py:588} INFO - Filling up the DagBag from /home/airflow/.local/lib/python3.12/site-packages/airflow/example_dags/example_latest_only.py
[2025-02-13T00:23:00.452+0000] {processor.py:925} INFO - DAG(s) 'latest_only' retrieved from /home/airflow/.local/lib/python3.12/site-packages/airflow/example_dags/example_latest_only.py
[2025-02-13T00:23:00.475+0000] {logging_mixin.py:190} INFO - [2025-02-13T00:23:00.474+0000] {dag.py:3239} INFO - Sync 1 DAGs
[2025-02-13T00:23:00.504+0000] {logging_mixin.py:190} INFO - [2025-02-13T00:23:00.504+0000] {dag.py:4180} INFO - Setting next_dagrun for latest_only to 2025-02-12 20:00:00+00:00, run_after=2025-02-13 00:00:00+00:00
[2025-02-13T00:23:00.522+0000] {processor.py:208} INFO - Processing /home/airflow/.local/lib/python3.12/site-packages/airflow/example_dags/example_latest_only.py took 0.089 seconds
[2025-02-13T00:23:30.807+0000] {processor.py:186} INFO - Started process (PID=2665) to work on /home/airflow/.local/lib/python3.12/site-packages/airflow/example_dags/example_latest_only.py
[2025-02-13T00:23:30.808+0000] {processor.py:914} INFO - Processing file /home/airflow/.local/lib/python3.12/site-packages/airflow/example_dags/example_latest_only.py for tasks to queue
[2025-02-13T00:23:30.810+0000] {logging_mixin.py:190} INFO - [2025-02-13T00:23:30.810+0000] {dagbag.py:588} INFO - Filling up the DagBag from /home/airflow/.local/lib/python3.12/site-packages/airflow/example_dags/example_latest_only.py
[2025-02-13T00:23:30.818+0000] {processor.py:925} INFO - DAG(s) 'latest_only' retrieved from /home/airflow/.local/lib/python3.12/site-packages/airflow/example_dags/example_latest_only.py
[2025-02-13T00:23:30.838+0000] {logging_mixin.py:190} INFO - [2025-02-13T00:23:30.838+0000] {dag.py:3239} INFO - Sync 1 DAGs
[2025-02-13T00:23:30.867+0000] {logging_mixin.py:190} INFO - [2025-02-13T00:23:30.867+0000] {dag.py:4180} INFO - Setting next_dagrun for latest_only to 2025-02-12 20:00:00+00:00, run_after=2025-02-13 00:00:00+00:00
[2025-02-13T00:23:30.885+0000] {processor.py:208} INFO - Processing /home/airflow/.local/lib/python3.12/site-packages/airflow/example_dags/example_latest_only.py took 0.091 seconds
[2025-02-13T00:24:01.079+0000] {processor.py:186} INFO - Started process (PID=2723) to work on /home/airflow/.local/lib/python3.12/site-packages/airflow/example_dags/example_latest_only.py
[2025-02-13T00:24:01.080+0000] {processor.py:914} INFO - Processing file /home/airflow/.local/lib/python3.12/site-packages/airflow/example_dags/example_latest_only.py for tasks to queue
[2025-02-13T00:24:01.082+0000] {logging_mixin.py:190} INFO - [2025-02-13T00:24:01.082+0000] {dagbag.py:588} INFO - Filling up the DagBag from /home/airflow/.local/lib/python3.12/site-packages/airflow/example_dags/example_latest_only.py
[2025-02-13T00:24:01.090+0000] {processor.py:925} INFO - DAG(s) 'latest_only' retrieved from /home/airflow/.local/lib/python3.12/site-packages/airflow/example_dags/example_latest_only.py
[2025-02-13T00:24:01.111+0000] {logging_mixin.py:190} INFO - [2025-02-13T00:24:01.110+0000] {dag.py:3239} INFO - Sync 1 DAGs
[2025-02-13T00:24:01.140+0000] {logging_mixin.py:190} INFO - [2025-02-13T00:24:01.139+0000] {dag.py:4180} INFO - Setting next_dagrun for latest_only to 2025-02-12 20:00:00+00:00, run_after=2025-02-13 00:00:00+00:00
[2025-02-13T00:24:01.157+0000] {processor.py:208} INFO - Processing /home/airflow/.local/lib/python3.12/site-packages/airflow/example_dags/example_latest_only.py took 0.085 seconds
[2025-02-13T00:24:31.426+0000] {processor.py:186} INFO - Started process (PID=2781) to work on /home/airflow/.local/lib/python3.12/site-packages/airflow/example_dags/example_latest_only.py
[2025-02-13T00:24:31.427+0000] {processor.py:914} INFO - Processing file /home/airflow/.local/lib/python3.12/site-packages/airflow/example_dags/example_latest_only.py for tasks to queue
[2025-02-13T00:24:31.430+0000] {logging_mixin.py:190} INFO - [2025-02-13T00:24:31.429+0000] {dagbag.py:588} INFO - Filling up the DagBag from /home/airflow/.local/lib/python3.12/site-packages/airflow/example_dags/example_latest_only.py
[2025-02-13T00:24:31.438+0000] {processor.py:925} INFO - DAG(s) 'latest_only' retrieved from /home/airflow/.local/lib/python3.12/site-packages/airflow/example_dags/example_latest_only.py
[2025-02-13T00:24:31.464+0000] {logging_mixin.py:190} INFO - [2025-02-13T00:24:31.464+0000] {dag.py:3239} INFO - Sync 1 DAGs
[2025-02-13T00:24:31.495+0000] {logging_mixin.py:190} INFO - [2025-02-13T00:24:31.494+0000] {dag.py:4180} INFO - Setting next_dagrun for latest_only to 2025-02-12 20:00:00+00:00, run_after=2025-02-13 00:00:00+00:00
[2025-02-13T00:24:31.514+0000] {processor.py:208} INFO - Processing /home/airflow/.local/lib/python3.12/site-packages/airflow/example_dags/example_latest_only.py took 0.095 seconds
[2025-02-13T00:25:01.609+0000] {processor.py:186} INFO - Started process (PID=2839) to work on /home/airflow/.local/lib/python3.12/site-packages/airflow/example_dags/example_latest_only.py
[2025-02-13T00:25:01.610+0000] {processor.py:914} INFO - Processing file /home/airflow/.local/lib/python3.12/site-packages/airflow/example_dags/example_latest_only.py for tasks to queue
[2025-02-13T00:25:01.613+0000] {logging_mixin.py:190} INFO - [2025-02-13T00:25:01.612+0000] {dagbag.py:588} INFO - Filling up the DagBag from /home/airflow/.local/lib/python3.12/site-packages/airflow/example_dags/example_latest_only.py
[2025-02-13T00:25:01.620+0000] {processor.py:925} INFO - DAG(s) 'latest_only' retrieved from /home/airflow/.local/lib/python3.12/site-packages/airflow/example_dags/example_latest_only.py
[2025-02-13T00:25:01.642+0000] {logging_mixin.py:190} INFO - [2025-02-13T00:25:01.641+0000] {dag.py:3239} INFO - Sync 1 DAGs
[2025-02-13T00:25:01.673+0000] {logging_mixin.py:190} INFO - [2025-02-13T00:25:01.673+0000] {dag.py:4180} INFO - Setting next_dagrun for latest_only to 2025-02-12 20:00:00+00:00, run_after=2025-02-13 00:00:00+00:00
[2025-02-13T00:25:01.691+0000] {processor.py:208} INFO - Processing /home/airflow/.local/lib/python3.12/site-packages/airflow/example_dags/example_latest_only.py took 0.089 seconds
[2025-02-13T00:25:31.758+0000] {processor.py:186} INFO - Started process (PID=2897) to work on /home/airflow/.local/lib/python3.12/site-packages/airflow/example_dags/example_latest_only.py
[2025-02-13T00:25:31.759+0000] {processor.py:914} INFO - Processing file /home/airflow/.local/lib/python3.12/site-packages/airflow/example_dags/example_latest_only.py for tasks to queue
[2025-02-13T00:25:31.761+0000] {logging_mixin.py:190} INFO - [2025-02-13T00:25:31.761+0000] {dagbag.py:588} INFO - Filling up the DagBag from /home/airflow/.local/lib/python3.12/site-packages/airflow/example_dags/example_latest_only.py
[2025-02-13T00:25:31.769+0000] {processor.py:925} INFO - DAG(s) 'latest_only' retrieved from /home/airflow/.local/lib/python3.12/site-packages/airflow/example_dags/example_latest_only.py
[2025-02-13T00:25:31.791+0000] {logging_mixin.py:190} INFO - [2025-02-13T00:25:31.790+0000] {dag.py:3239} INFO - Sync 1 DAGs
[2025-02-13T00:25:31.819+0000] {logging_mixin.py:190} INFO - [2025-02-13T00:25:31.819+0000] {dag.py:4180} INFO - Setting next_dagrun for latest_only to 2025-02-12 20:00:00+00:00, run_after=2025-02-13 00:00:00+00:00
[2025-02-13T00:25:31.837+0000] {processor.py:208} INFO - Processing /home/airflow/.local/lib/python3.12/site-packages/airflow/example_dags/example_latest_only.py took 0.086 seconds
[2025-02-13T00:26:02.223+0000] {processor.py:186} INFO - Started process (PID=2955) to work on /home/airflow/.local/lib/python3.12/site-packages/airflow/example_dags/example_latest_only.py
[2025-02-13T00:26:02.224+0000] {processor.py:914} INFO - Processing file /home/airflow/.local/lib/python3.12/site-packages/airflow/example_dags/example_latest_only.py for tasks to queue
[2025-02-13T00:26:02.227+0000] {logging_mixin.py:190} INFO - [2025-02-13T00:26:02.226+0000] {dagbag.py:588} INFO - Filling up the DagBag from /home/airflow/.local/lib/python3.12/site-packages/airflow/example_dags/example_latest_only.py
[2025-02-13T00:26:02.235+0000] {processor.py:925} INFO - DAG(s) 'latest_only' retrieved from /home/airflow/.local/lib/python3.12/site-packages/airflow/example_dags/example_latest_only.py
[2025-02-13T00:26:02.258+0000] {logging_mixin.py:190} INFO - [2025-02-13T00:26:02.258+0000] {dag.py:3239} INFO - Sync 1 DAGs
[2025-02-13T00:26:02.287+0000] {logging_mixin.py:190} INFO - [2025-02-13T00:26:02.287+0000] {dag.py:4180} INFO - Setting next_dagrun for latest_only to 2025-02-12 20:00:00+00:00, run_after=2025-02-13 00:00:00+00:00
[2025-02-13T00:26:02.305+0000] {processor.py:208} INFO - Processing /home/airflow/.local/lib/python3.12/site-packages/airflow/example_dags/example_latest_only.py took 0.090 seconds
[2025-02-13T00:26:32.600+0000] {processor.py:186} INFO - Started process (PID=3013) to work on /home/airflow/.local/lib/python3.12/site-packages/airflow/example_dags/example_latest_only.py
[2025-02-13T00:26:32.601+0000] {processor.py:914} INFO - Processing file /home/airflow/.local/lib/python3.12/site-packages/airflow/example_dags/example_latest_only.py for tasks to queue
[2025-02-13T00:26:32.604+0000] {logging_mixin.py:190} INFO - [2025-02-13T00:26:32.603+0000] {dagbag.py:588} INFO - Filling up the DagBag from /home/airflow/.local/lib/python3.12/site-packages/airflow/example_dags/example_latest_only.py
[2025-02-13T00:26:32.611+0000] {processor.py:925} INFO - DAG(s) 'latest_only' retrieved from /home/airflow/.local/lib/python3.12/site-packages/airflow/example_dags/example_latest_only.py
[2025-02-13T00:26:32.633+0000] {logging_mixin.py:190} INFO - [2025-02-13T00:26:32.633+0000] {dag.py:3239} INFO - Sync 1 DAGs
[2025-02-13T00:26:32.662+0000] {logging_mixin.py:190} INFO - [2025-02-13T00:26:32.661+0000] {dag.py:4180} INFO - Setting next_dagrun for latest_only to 2025-02-12 20:00:00+00:00, run_after=2025-02-13 00:00:00+00:00
[2025-02-13T00:26:32.680+0000] {processor.py:208} INFO - Processing /home/airflow/.local/lib/python3.12/site-packages/airflow/example_dags/example_latest_only.py took 0.087 seconds
[2025-02-13T00:27:02.770+0000] {processor.py:186} INFO - Started process (PID=3071) to work on /home/airflow/.local/lib/python3.12/site-packages/airflow/example_dags/example_latest_only.py
[2025-02-13T00:27:02.770+0000] {processor.py:914} INFO - Processing file /home/airflow/.local/lib/python3.12/site-packages/airflow/example_dags/example_latest_only.py for tasks to queue
[2025-02-13T00:27:02.776+0000] {logging_mixin.py:190} INFO - [2025-02-13T00:27:02.776+0000] {dagbag.py:588} INFO - Filling up the DagBag from /home/airflow/.local/lib/python3.12/site-packages/airflow/example_dags/example_latest_only.py
[2025-02-13T00:27:02.784+0000] {processor.py:925} INFO - DAG(s) 'latest_only' retrieved from /home/airflow/.local/lib/python3.12/site-packages/airflow/example_dags/example_latest_only.py
[2025-02-13T00:27:02.833+0000] {logging_mixin.py:190} INFO - [2025-02-13T00:27:02.832+0000] {dag.py:3239} INFO - Sync 1 DAGs
[2025-02-13T00:27:02.899+0000] {logging_mixin.py:190} INFO - [2025-02-13T00:27:02.899+0000] {dag.py:4180} INFO - Setting next_dagrun for latest_only to 2025-02-12 20:00:00+00:00, run_after=2025-02-13 00:00:00+00:00
[2025-02-13T00:27:02.918+0000] {processor.py:208} INFO - Processing /home/airflow/.local/lib/python3.12/site-packages/airflow/example_dags/example_latest_only.py took 0.155 seconds
[2025-02-13T00:27:33.155+0000] {processor.py:186} INFO - Started process (PID=3129) to work on /home/airflow/.local/lib/python3.12/site-packages/airflow/example_dags/example_latest_only.py
[2025-02-13T00:27:33.156+0000] {processor.py:914} INFO - Processing file /home/airflow/.local/lib/python3.12/site-packages/airflow/example_dags/example_latest_only.py for tasks to queue
[2025-02-13T00:27:33.158+0000] {logging_mixin.py:190} INFO - [2025-02-13T00:27:33.158+0000] {dagbag.py:588} INFO - Filling up the DagBag from /home/airflow/.local/lib/python3.12/site-packages/airflow/example_dags/example_latest_only.py
[2025-02-13T00:27:33.166+0000] {processor.py:925} INFO - DAG(s) 'latest_only' retrieved from /home/airflow/.local/lib/python3.12/site-packages/airflow/example_dags/example_latest_only.py
[2025-02-13T00:27:33.187+0000] {logging_mixin.py:190} INFO - [2025-02-13T00:27:33.186+0000] {dag.py:3239} INFO - Sync 1 DAGs
[2025-02-13T00:27:33.216+0000] {logging_mixin.py:190} INFO - [2025-02-13T00:27:33.216+0000] {dag.py:4180} INFO - Setting next_dagrun for latest_only to 2025-02-12 20:00:00+00:00, run_after=2025-02-13 00:00:00+00:00
[2025-02-13T00:27:33.235+0000] {processor.py:208} INFO - Processing /home/airflow/.local/lib/python3.12/site-packages/airflow/example_dags/example_latest_only.py took 0.088 seconds
[2025-02-13T00:28:03.719+0000] {processor.py:186} INFO - Started process (PID=3187) to work on /home/airflow/.local/lib/python3.12/site-packages/airflow/example_dags/example_latest_only.py
[2025-02-13T00:28:03.720+0000] {processor.py:914} INFO - Processing file /home/airflow/.local/lib/python3.12/site-packages/airflow/example_dags/example_latest_only.py for tasks to queue
[2025-02-13T00:28:03.728+0000] {logging_mixin.py:190} INFO - [2025-02-13T00:28:03.728+0000] {dagbag.py:588} INFO - Filling up the DagBag from /home/airflow/.local/lib/python3.12/site-packages/airflow/example_dags/example_latest_only.py
[2025-02-13T00:28:03.741+0000] {processor.py:925} INFO - DAG(s) 'latest_only' retrieved from /home/airflow/.local/lib/python3.12/site-packages/airflow/example_dags/example_latest_only.py
[2025-02-13T00:28:03.786+0000] {logging_mixin.py:190} INFO - [2025-02-13T00:28:03.785+0000] {dag.py:3239} INFO - Sync 1 DAGs
[2025-02-13T00:28:03.846+0000] {logging_mixin.py:190} INFO - [2025-02-13T00:28:03.846+0000] {dag.py:4180} INFO - Setting next_dagrun for latest_only to 2025-02-12 20:00:00+00:00, run_after=2025-02-13 00:00:00+00:00
[2025-02-13T00:28:03.868+0000] {processor.py:208} INFO - Processing /home/airflow/.local/lib/python3.12/site-packages/airflow/example_dags/example_latest_only.py took 0.170 seconds
