[2025-02-13T00:00:59.448+0000] {processor.py:186} INFO - Started process (PID=181) to work on /home/airflow/.local/lib/python3.12/site-packages/airflow/example_dags/example_sensors.py
[2025-02-13T00:00:59.449+0000] {processor.py:914} INFO - Processing file /home/airflow/.local/lib/python3.12/site-packages/airflow/example_dags/example_sensors.py for tasks to queue
[2025-02-13T00:00:59.452+0000] {logging_mixin.py:190} INFO - [2025-02-13T00:00:59.452+0000] {dagbag.py:588} INFO - Filling up the DagBag from /home/airflow/.local/lib/python3.12/site-packages/airflow/example_dags/example_sensors.py
[2025-02-13T00:00:59.489+0000] {processor.py:925} INFO - DAG(s) 'example_sensors' retrieved from /home/airflow/.local/lib/python3.12/site-packages/airflow/example_dags/example_sensors.py
[2025-02-13T00:00:59.723+0000] {logging_mixin.py:190} INFO - [2025-02-13T00:00:59.722+0000] {dag.py:3239} INFO - Sync 1 DAGs
[2025-02-13T00:00:59.830+0000] {logging_mixin.py:190} INFO - [2025-02-13T00:00:59.830+0000] {dag.py:4180} INFO - Setting next_dagrun for example_sensors to None, run_after=None
[2025-02-13T00:01:02.696+0000] {processor.py:208} INFO - Processing /home/airflow/.local/lib/python3.12/site-packages/airflow/example_dags/example_sensors.py took 3.291 seconds
[2025-02-13T00:01:33.460+0000] {processor.py:186} INFO - Started process (PID=239) to work on /home/airflow/.local/lib/python3.12/site-packages/airflow/example_dags/example_sensors.py
[2025-02-13T00:01:33.461+0000] {processor.py:914} INFO - Processing file /home/airflow/.local/lib/python3.12/site-packages/airflow/example_dags/example_sensors.py for tasks to queue
[2025-02-13T00:01:33.464+0000] {logging_mixin.py:190} INFO - [2025-02-13T00:01:33.464+0000] {dagbag.py:588} INFO - Filling up the DagBag from /home/airflow/.local/lib/python3.12/site-packages/airflow/example_dags/example_sensors.py
[2025-02-13T00:01:33.512+0000] {processor.py:925} INFO - DAG(s) 'example_sensors' retrieved from /home/airflow/.local/lib/python3.12/site-packages/airflow/example_dags/example_sensors.py
[2025-02-13T00:01:33.588+0000] {logging_mixin.py:190} INFO - [2025-02-13T00:01:33.587+0000] {dag.py:3239} INFO - Sync 1 DAGs
[2025-02-13T00:01:33.622+0000] {logging_mixin.py:190} INFO - [2025-02-13T00:01:33.621+0000] {dag.py:4180} INFO - Setting next_dagrun for example_sensors to None, run_after=None
[2025-02-13T00:01:36.103+0000] {processor.py:208} INFO - Processing /home/airflow/.local/lib/python3.12/site-packages/airflow/example_dags/example_sensors.py took 2.660 seconds
[2025-02-13T00:02:32.266+0000] {processor.py:186} INFO - Started process (PID=299) to work on /home/airflow/.local/lib/python3.12/site-packages/airflow/example_dags/example_sensors.py
[2025-02-13T00:02:33.823+0000] {processor.py:914} INFO - Processing file /home/airflow/.local/lib/python3.12/site-packages/airflow/example_dags/example_sensors.py for tasks to queue
[2025-02-13T00:02:33.834+0000] {logging_mixin.py:190} INFO - [2025-02-13T00:02:33.826+0000] {dagbag.py:588} INFO - Filling up the DagBag from /home/airflow/.local/lib/python3.12/site-packages/airflow/example_dags/example_sensors.py
[2025-02-13T00:02:33.978+0000] {processor.py:925} INFO - DAG(s) 'example_sensors' retrieved from /home/airflow/.local/lib/python3.12/site-packages/airflow/example_dags/example_sensors.py
[2025-02-13T00:02:34.213+0000] {logging_mixin.py:190} INFO - [2025-02-13T00:02:34.213+0000] {dag.py:3239} INFO - Sync 1 DAGs
[2025-02-13T00:02:34.286+0000] {logging_mixin.py:190} INFO - [2025-02-13T00:02:34.286+0000] {dag.py:4180} INFO - Setting next_dagrun for example_sensors to None, run_after=None
[2025-02-13T00:02:36.294+0000] {processor.py:208} INFO - Processing /home/airflow/.local/lib/python3.12/site-packages/airflow/example_dags/example_sensors.py took 4.035 seconds
[2025-02-13T00:03:06.696+0000] {processor.py:186} INFO - Started process (PID=357) to work on /home/airflow/.local/lib/python3.12/site-packages/airflow/example_dags/example_sensors.py
[2025-02-13T00:03:06.698+0000] {processor.py:914} INFO - Processing file /home/airflow/.local/lib/python3.12/site-packages/airflow/example_dags/example_sensors.py for tasks to queue
[2025-02-13T00:03:06.700+0000] {logging_mixin.py:190} INFO - [2025-02-13T00:03:06.700+0000] {dagbag.py:588} INFO - Filling up the DagBag from /home/airflow/.local/lib/python3.12/site-packages/airflow/example_dags/example_sensors.py
[2025-02-13T00:03:06.715+0000] {processor.py:925} INFO - DAG(s) 'example_sensors' retrieved from /home/airflow/.local/lib/python3.12/site-packages/airflow/example_dags/example_sensors.py
[2025-02-13T00:03:06.768+0000] {logging_mixin.py:190} INFO - [2025-02-13T00:03:06.768+0000] {dag.py:3239} INFO - Sync 1 DAGs
[2025-02-13T00:03:06.792+0000] {logging_mixin.py:190} INFO - [2025-02-13T00:03:06.792+0000] {dag.py:4180} INFO - Setting next_dagrun for example_sensors to None, run_after=None
[2025-02-13T00:03:06.814+0000] {processor.py:208} INFO - Processing /home/airflow/.local/lib/python3.12/site-packages/airflow/example_dags/example_sensors.py took 0.125 seconds
[2025-02-13T00:03:39.108+0000] {processor.py:186} INFO - Started process (PID=415) to work on /home/airflow/.local/lib/python3.12/site-packages/airflow/example_dags/example_sensors.py
[2025-02-13T00:03:39.111+0000] {processor.py:914} INFO - Processing file /home/airflow/.local/lib/python3.12/site-packages/airflow/example_dags/example_sensors.py for tasks to queue
[2025-02-13T00:03:39.122+0000] {logging_mixin.py:190} INFO - [2025-02-13T00:03:39.121+0000] {dagbag.py:588} INFO - Filling up the DagBag from /home/airflow/.local/lib/python3.12/site-packages/airflow/example_dags/example_sensors.py
[2025-02-13T00:03:39.158+0000] {processor.py:925} INFO - DAG(s) 'example_sensors' retrieved from /home/airflow/.local/lib/python3.12/site-packages/airflow/example_dags/example_sensors.py
[2025-02-13T00:03:39.218+0000] {logging_mixin.py:190} INFO - [2025-02-13T00:03:39.217+0000] {dag.py:3239} INFO - Sync 1 DAGs
[2025-02-13T00:03:39.330+0000] {logging_mixin.py:190} INFO - [2025-02-13T00:03:39.328+0000] {dag.py:4180} INFO - Setting next_dagrun for example_sensors to None, run_after=None
[2025-02-13T00:03:40.126+0000] {processor.py:208} INFO - Processing /home/airflow/.local/lib/python3.12/site-packages/airflow/example_dags/example_sensors.py took 1.029 seconds
[2025-02-13T00:04:11.368+0000] {processor.py:186} INFO - Started process (PID=473) to work on /home/airflow/.local/lib/python3.12/site-packages/airflow/example_dags/example_sensors.py
[2025-02-13T00:04:11.369+0000] {processor.py:914} INFO - Processing file /home/airflow/.local/lib/python3.12/site-packages/airflow/example_dags/example_sensors.py for tasks to queue
[2025-02-13T00:04:11.378+0000] {logging_mixin.py:190} INFO - [2025-02-13T00:04:11.378+0000] {dagbag.py:588} INFO - Filling up the DagBag from /home/airflow/.local/lib/python3.12/site-packages/airflow/example_dags/example_sensors.py
[2025-02-13T00:04:11.401+0000] {processor.py:925} INFO - DAG(s) 'example_sensors' retrieved from /home/airflow/.local/lib/python3.12/site-packages/airflow/example_dags/example_sensors.py
[2025-02-13T00:04:11.469+0000] {logging_mixin.py:190} INFO - [2025-02-13T00:04:11.469+0000] {dag.py:3239} INFO - Sync 1 DAGs
[2025-02-13T00:04:11.522+0000] {logging_mixin.py:190} INFO - [2025-02-13T00:04:11.522+0000] {dag.py:4180} INFO - Setting next_dagrun for example_sensors to None, run_after=None
[2025-02-13T00:04:12.220+0000] {processor.py:208} INFO - Processing /home/airflow/.local/lib/python3.12/site-packages/airflow/example_dags/example_sensors.py took 0.859 seconds
[2025-02-13T00:04:42.957+0000] {processor.py:186} INFO - Started process (PID=531) to work on /home/airflow/.local/lib/python3.12/site-packages/airflow/example_dags/example_sensors.py
[2025-02-13T00:04:42.963+0000] {processor.py:914} INFO - Processing file /home/airflow/.local/lib/python3.12/site-packages/airflow/example_dags/example_sensors.py for tasks to queue
[2025-02-13T00:04:42.966+0000] {logging_mixin.py:190} INFO - [2025-02-13T00:04:42.966+0000] {dagbag.py:588} INFO - Filling up the DagBag from /home/airflow/.local/lib/python3.12/site-packages/airflow/example_dags/example_sensors.py
[2025-02-13T00:04:42.996+0000] {processor.py:925} INFO - DAG(s) 'example_sensors' retrieved from /home/airflow/.local/lib/python3.12/site-packages/airflow/example_dags/example_sensors.py
[2025-02-13T00:04:43.065+0000] {logging_mixin.py:190} INFO - [2025-02-13T00:04:43.065+0000] {dag.py:3239} INFO - Sync 1 DAGs
[2025-02-13T00:04:43.097+0000] {logging_mixin.py:190} INFO - [2025-02-13T00:04:43.097+0000] {dag.py:4180} INFO - Setting next_dagrun for example_sensors to None, run_after=None
[2025-02-13T00:04:43.756+0000] {processor.py:208} INFO - Processing /home/airflow/.local/lib/python3.12/site-packages/airflow/example_dags/example_sensors.py took 0.808 seconds
[2025-02-13T00:05:14.596+0000] {processor.py:186} INFO - Started process (PID=589) to work on /home/airflow/.local/lib/python3.12/site-packages/airflow/example_dags/example_sensors.py
[2025-02-13T00:05:14.610+0000] {processor.py:914} INFO - Processing file /home/airflow/.local/lib/python3.12/site-packages/airflow/example_dags/example_sensors.py for tasks to queue
[2025-02-13T00:05:14.627+0000] {logging_mixin.py:190} INFO - [2025-02-13T00:05:14.626+0000] {dagbag.py:588} INFO - Filling up the DagBag from /home/airflow/.local/lib/python3.12/site-packages/airflow/example_dags/example_sensors.py
[2025-02-13T00:05:14.652+0000] {processor.py:925} INFO - DAG(s) 'example_sensors' retrieved from /home/airflow/.local/lib/python3.12/site-packages/airflow/example_dags/example_sensors.py
[2025-02-13T00:05:14.690+0000] {logging_mixin.py:190} INFO - [2025-02-13T00:05:14.690+0000] {dag.py:3239} INFO - Sync 1 DAGs
[2025-02-13T00:05:14.708+0000] {logging_mixin.py:190} INFO - [2025-02-13T00:05:14.708+0000] {dag.py:4180} INFO - Setting next_dagrun for example_sensors to None, run_after=None
[2025-02-13T00:05:14.730+0000] {processor.py:208} INFO - Processing /home/airflow/.local/lib/python3.12/site-packages/airflow/example_dags/example_sensors.py took 0.220 seconds
[2025-02-13T00:05:47.876+0000] {processor.py:186} INFO - Started process (PID=647) to work on /home/airflow/.local/lib/python3.12/site-packages/airflow/example_dags/example_sensors.py
[2025-02-13T00:05:47.892+0000] {processor.py:914} INFO - Processing file /home/airflow/.local/lib/python3.12/site-packages/airflow/example_dags/example_sensors.py for tasks to queue
[2025-02-13T00:05:47.895+0000] {logging_mixin.py:190} INFO - [2025-02-13T00:05:47.895+0000] {dagbag.py:588} INFO - Filling up the DagBag from /home/airflow/.local/lib/python3.12/site-packages/airflow/example_dags/example_sensors.py
[2025-02-13T00:05:47.910+0000] {processor.py:925} INFO - DAG(s) 'example_sensors' retrieved from /home/airflow/.local/lib/python3.12/site-packages/airflow/example_dags/example_sensors.py
[2025-02-13T00:05:47.986+0000] {logging_mixin.py:190} INFO - [2025-02-13T00:05:47.986+0000] {dag.py:3239} INFO - Sync 1 DAGs
[2025-02-13T00:05:48.022+0000] {logging_mixin.py:190} INFO - [2025-02-13T00:05:48.022+0000] {dag.py:4180} INFO - Setting next_dagrun for example_sensors to None, run_after=None
[2025-02-13T00:05:48.064+0000] {processor.py:208} INFO - Processing /home/airflow/.local/lib/python3.12/site-packages/airflow/example_dags/example_sensors.py took 0.194 seconds
[2025-02-13T00:06:18.930+0000] {processor.py:186} INFO - Started process (PID=705) to work on /home/airflow/.local/lib/python3.12/site-packages/airflow/example_dags/example_sensors.py
[2025-02-13T00:06:18.932+0000] {processor.py:914} INFO - Processing file /home/airflow/.local/lib/python3.12/site-packages/airflow/example_dags/example_sensors.py for tasks to queue
[2025-02-13T00:06:18.934+0000] {logging_mixin.py:190} INFO - [2025-02-13T00:06:18.934+0000] {dagbag.py:588} INFO - Filling up the DagBag from /home/airflow/.local/lib/python3.12/site-packages/airflow/example_dags/example_sensors.py
[2025-02-13T00:06:18.951+0000] {processor.py:925} INFO - DAG(s) 'example_sensors' retrieved from /home/airflow/.local/lib/python3.12/site-packages/airflow/example_dags/example_sensors.py
[2025-02-13T00:06:18.985+0000] {logging_mixin.py:190} INFO - [2025-02-13T00:06:18.985+0000] {dag.py:3239} INFO - Sync 1 DAGs
[2025-02-13T00:06:19.003+0000] {logging_mixin.py:190} INFO - [2025-02-13T00:06:19.003+0000] {dag.py:4180} INFO - Setting next_dagrun for example_sensors to None, run_after=None
[2025-02-13T00:06:19.022+0000] {processor.py:208} INFO - Processing /home/airflow/.local/lib/python3.12/site-packages/airflow/example_dags/example_sensors.py took 0.099 seconds
[2025-02-13T00:06:49.130+0000] {processor.py:186} INFO - Started process (PID=762) to work on /home/airflow/.local/lib/python3.12/site-packages/airflow/example_dags/example_sensors.py
[2025-02-13T00:06:49.131+0000] {processor.py:914} INFO - Processing file /home/airflow/.local/lib/python3.12/site-packages/airflow/example_dags/example_sensors.py for tasks to queue
[2025-02-13T00:06:49.134+0000] {logging_mixin.py:190} INFO - [2025-02-13T00:06:49.134+0000] {dagbag.py:588} INFO - Filling up the DagBag from /home/airflow/.local/lib/python3.12/site-packages/airflow/example_dags/example_sensors.py
[2025-02-13T00:06:49.190+0000] {processor.py:925} INFO - DAG(s) 'example_sensors' retrieved from /home/airflow/.local/lib/python3.12/site-packages/airflow/example_dags/example_sensors.py
[2025-02-13T00:06:49.227+0000] {logging_mixin.py:190} INFO - [2025-02-13T00:06:49.227+0000] {dag.py:3239} INFO - Sync 1 DAGs
[2025-02-13T00:06:49.260+0000] {logging_mixin.py:190} INFO - [2025-02-13T00:06:49.260+0000] {dag.py:4180} INFO - Setting next_dagrun for example_sensors to None, run_after=None
[2025-02-13T00:06:49.312+0000] {processor.py:208} INFO - Processing /home/airflow/.local/lib/python3.12/site-packages/airflow/example_dags/example_sensors.py took 0.193 seconds
[2025-02-13T00:07:19.996+0000] {processor.py:186} INFO - Started process (PID=820) to work on /home/airflow/.local/lib/python3.12/site-packages/airflow/example_dags/example_sensors.py
[2025-02-13T00:07:19.997+0000] {processor.py:914} INFO - Processing file /home/airflow/.local/lib/python3.12/site-packages/airflow/example_dags/example_sensors.py for tasks to queue
[2025-02-13T00:07:20.006+0000] {logging_mixin.py:190} INFO - [2025-02-13T00:07:20.006+0000] {dagbag.py:588} INFO - Filling up the DagBag from /home/airflow/.local/lib/python3.12/site-packages/airflow/example_dags/example_sensors.py
[2025-02-13T00:07:20.057+0000] {processor.py:925} INFO - DAG(s) 'example_sensors' retrieved from /home/airflow/.local/lib/python3.12/site-packages/airflow/example_dags/example_sensors.py
[2025-02-13T00:07:20.139+0000] {logging_mixin.py:190} INFO - [2025-02-13T00:07:20.139+0000] {dag.py:3239} INFO - Sync 1 DAGs
[2025-02-13T00:07:20.166+0000] {logging_mixin.py:190} INFO - [2025-02-13T00:07:20.166+0000] {dag.py:4180} INFO - Setting next_dagrun for example_sensors to None, run_after=None
[2025-02-13T00:07:20.227+0000] {processor.py:208} INFO - Processing /home/airflow/.local/lib/python3.12/site-packages/airflow/example_dags/example_sensors.py took 0.241 seconds
[2025-02-13T00:07:51.783+0000] {processor.py:186} INFO - Started process (PID=879) to work on /home/airflow/.local/lib/python3.12/site-packages/airflow/example_dags/example_sensors.py
[2025-02-13T00:07:51.784+0000] {processor.py:914} INFO - Processing file /home/airflow/.local/lib/python3.12/site-packages/airflow/example_dags/example_sensors.py for tasks to queue
[2025-02-13T00:07:51.786+0000] {logging_mixin.py:190} INFO - [2025-02-13T00:07:51.786+0000] {dagbag.py:588} INFO - Filling up the DagBag from /home/airflow/.local/lib/python3.12/site-packages/airflow/example_dags/example_sensors.py
[2025-02-13T00:07:51.811+0000] {processor.py:925} INFO - DAG(s) 'example_sensors' retrieved from /home/airflow/.local/lib/python3.12/site-packages/airflow/example_dags/example_sensors.py
[2025-02-13T00:07:51.960+0000] {logging_mixin.py:190} INFO - [2025-02-13T00:07:51.959+0000] {dag.py:3239} INFO - Sync 1 DAGs
[2025-02-13T00:07:51.993+0000] {logging_mixin.py:190} INFO - [2025-02-13T00:07:51.992+0000] {dag.py:4180} INFO - Setting next_dagrun for example_sensors to None, run_after=None
[2025-02-13T00:07:52.023+0000] {processor.py:208} INFO - Processing /home/airflow/.local/lib/python3.12/site-packages/airflow/example_dags/example_sensors.py took 0.248 seconds
[2025-02-13T00:08:23.064+0000] {processor.py:186} INFO - Started process (PID=937) to work on /home/airflow/.local/lib/python3.12/site-packages/airflow/example_dags/example_sensors.py
[2025-02-13T00:08:23.066+0000] {processor.py:914} INFO - Processing file /home/airflow/.local/lib/python3.12/site-packages/airflow/example_dags/example_sensors.py for tasks to queue
[2025-02-13T00:08:23.070+0000] {logging_mixin.py:190} INFO - [2025-02-13T00:08:23.070+0000] {dagbag.py:588} INFO - Filling up the DagBag from /home/airflow/.local/lib/python3.12/site-packages/airflow/example_dags/example_sensors.py
[2025-02-13T00:08:23.112+0000] {processor.py:925} INFO - DAG(s) 'example_sensors' retrieved from /home/airflow/.local/lib/python3.12/site-packages/airflow/example_dags/example_sensors.py
[2025-02-13T00:08:23.171+0000] {logging_mixin.py:190} INFO - [2025-02-13T00:08:23.170+0000] {dag.py:3239} INFO - Sync 1 DAGs
[2025-02-13T00:08:23.245+0000] {logging_mixin.py:190} INFO - [2025-02-13T00:08:23.239+0000] {dag.py:4180} INFO - Setting next_dagrun for example_sensors to None, run_after=None
[2025-02-13T00:08:23.354+0000] {processor.py:208} INFO - Processing /home/airflow/.local/lib/python3.12/site-packages/airflow/example_dags/example_sensors.py took 0.299 seconds
[2025-02-13T00:08:53.482+0000] {processor.py:186} INFO - Started process (PID=994) to work on /home/airflow/.local/lib/python3.12/site-packages/airflow/example_dags/example_sensors.py
[2025-02-13T00:08:53.483+0000] {processor.py:914} INFO - Processing file /home/airflow/.local/lib/python3.12/site-packages/airflow/example_dags/example_sensors.py for tasks to queue
[2025-02-13T00:08:53.486+0000] {logging_mixin.py:190} INFO - [2025-02-13T00:08:53.485+0000] {dagbag.py:588} INFO - Filling up the DagBag from /home/airflow/.local/lib/python3.12/site-packages/airflow/example_dags/example_sensors.py
[2025-02-13T00:08:53.499+0000] {processor.py:925} INFO - DAG(s) 'example_sensors' retrieved from /home/airflow/.local/lib/python3.12/site-packages/airflow/example_dags/example_sensors.py
[2025-02-13T00:08:53.547+0000] {logging_mixin.py:190} INFO - [2025-02-13T00:08:53.547+0000] {dag.py:3239} INFO - Sync 1 DAGs
[2025-02-13T00:08:53.566+0000] {logging_mixin.py:190} INFO - [2025-02-13T00:08:53.566+0000] {dag.py:4180} INFO - Setting next_dagrun for example_sensors to None, run_after=None
[2025-02-13T00:08:53.585+0000] {processor.py:208} INFO - Processing /home/airflow/.local/lib/python3.12/site-packages/airflow/example_dags/example_sensors.py took 0.110 seconds
[2025-02-13T00:09:23.680+0000] {processor.py:186} INFO - Started process (PID=1052) to work on /home/airflow/.local/lib/python3.12/site-packages/airflow/example_dags/example_sensors.py
[2025-02-13T00:09:23.680+0000] {processor.py:914} INFO - Processing file /home/airflow/.local/lib/python3.12/site-packages/airflow/example_dags/example_sensors.py for tasks to queue
[2025-02-13T00:09:23.683+0000] {logging_mixin.py:190} INFO - [2025-02-13T00:09:23.682+0000] {dagbag.py:588} INFO - Filling up the DagBag from /home/airflow/.local/lib/python3.12/site-packages/airflow/example_dags/example_sensors.py
[2025-02-13T00:09:23.696+0000] {processor.py:925} INFO - DAG(s) 'example_sensors' retrieved from /home/airflow/.local/lib/python3.12/site-packages/airflow/example_dags/example_sensors.py
[2025-02-13T00:09:23.735+0000] {logging_mixin.py:190} INFO - [2025-02-13T00:09:23.735+0000] {dag.py:3239} INFO - Sync 1 DAGs
[2025-02-13T00:09:23.754+0000] {logging_mixin.py:190} INFO - [2025-02-13T00:09:23.753+0000] {dag.py:4180} INFO - Setting next_dagrun for example_sensors to None, run_after=None
[2025-02-13T00:09:23.773+0000] {processor.py:208} INFO - Processing /home/airflow/.local/lib/python3.12/site-packages/airflow/example_dags/example_sensors.py took 0.100 seconds
[2025-02-13T00:09:53.970+0000] {processor.py:186} INFO - Started process (PID=1110) to work on /home/airflow/.local/lib/python3.12/site-packages/airflow/example_dags/example_sensors.py
[2025-02-13T00:09:53.971+0000] {processor.py:914} INFO - Processing file /home/airflow/.local/lib/python3.12/site-packages/airflow/example_dags/example_sensors.py for tasks to queue
[2025-02-13T00:09:53.974+0000] {logging_mixin.py:190} INFO - [2025-02-13T00:09:53.973+0000] {dagbag.py:588} INFO - Filling up the DagBag from /home/airflow/.local/lib/python3.12/site-packages/airflow/example_dags/example_sensors.py
[2025-02-13T00:09:53.987+0000] {processor.py:925} INFO - DAG(s) 'example_sensors' retrieved from /home/airflow/.local/lib/python3.12/site-packages/airflow/example_dags/example_sensors.py
[2025-02-13T00:09:54.020+0000] {logging_mixin.py:190} INFO - [2025-02-13T00:09:54.020+0000] {dag.py:3239} INFO - Sync 1 DAGs
[2025-02-13T00:09:54.039+0000] {logging_mixin.py:190} INFO - [2025-02-13T00:09:54.039+0000] {dag.py:4180} INFO - Setting next_dagrun for example_sensors to None, run_after=None
[2025-02-13T00:09:54.058+0000] {processor.py:208} INFO - Processing /home/airflow/.local/lib/python3.12/site-packages/airflow/example_dags/example_sensors.py took 0.095 seconds
[2025-02-13T00:10:24.226+0000] {processor.py:186} INFO - Started process (PID=1168) to work on /home/airflow/.local/lib/python3.12/site-packages/airflow/example_dags/example_sensors.py
[2025-02-13T00:10:24.227+0000] {processor.py:914} INFO - Processing file /home/airflow/.local/lib/python3.12/site-packages/airflow/example_dags/example_sensors.py for tasks to queue
[2025-02-13T00:10:24.229+0000] {logging_mixin.py:190} INFO - [2025-02-13T00:10:24.229+0000] {dagbag.py:588} INFO - Filling up the DagBag from /home/airflow/.local/lib/python3.12/site-packages/airflow/example_dags/example_sensors.py
[2025-02-13T00:10:24.243+0000] {processor.py:925} INFO - DAG(s) 'example_sensors' retrieved from /home/airflow/.local/lib/python3.12/site-packages/airflow/example_dags/example_sensors.py
[2025-02-13T00:10:24.275+0000] {logging_mixin.py:190} INFO - [2025-02-13T00:10:24.275+0000] {dag.py:3239} INFO - Sync 1 DAGs
[2025-02-13T00:10:24.295+0000] {logging_mixin.py:190} INFO - [2025-02-13T00:10:24.295+0000] {dag.py:4180} INFO - Setting next_dagrun for example_sensors to None, run_after=None
[2025-02-13T00:10:24.314+0000] {processor.py:208} INFO - Processing /home/airflow/.local/lib/python3.12/site-packages/airflow/example_dags/example_sensors.py took 0.095 seconds
[2025-02-13T00:10:54.352+0000] {processor.py:186} INFO - Started process (PID=1225) to work on /home/airflow/.local/lib/python3.12/site-packages/airflow/example_dags/example_sensors.py
[2025-02-13T00:10:54.352+0000] {processor.py:914} INFO - Processing file /home/airflow/.local/lib/python3.12/site-packages/airflow/example_dags/example_sensors.py for tasks to queue
[2025-02-13T00:10:54.354+0000] {logging_mixin.py:190} INFO - [2025-02-13T00:10:54.354+0000] {dagbag.py:588} INFO - Filling up the DagBag from /home/airflow/.local/lib/python3.12/site-packages/airflow/example_dags/example_sensors.py
[2025-02-13T00:10:54.364+0000] {processor.py:925} INFO - DAG(s) 'example_sensors' retrieved from /home/airflow/.local/lib/python3.12/site-packages/airflow/example_dags/example_sensors.py
[2025-02-13T00:10:54.385+0000] {logging_mixin.py:190} INFO - [2025-02-13T00:10:54.385+0000] {dag.py:3239} INFO - Sync 1 DAGs
[2025-02-13T00:10:54.397+0000] {logging_mixin.py:190} INFO - [2025-02-13T00:10:54.397+0000] {dag.py:4180} INFO - Setting next_dagrun for example_sensors to None, run_after=None
[2025-02-13T00:10:54.411+0000] {processor.py:208} INFO - Processing /home/airflow/.local/lib/python3.12/site-packages/airflow/example_dags/example_sensors.py took 0.065 seconds
[2025-02-13T00:11:24.789+0000] {processor.py:186} INFO - Started process (PID=1283) to work on /home/airflow/.local/lib/python3.12/site-packages/airflow/example_dags/example_sensors.py
[2025-02-13T00:11:24.790+0000] {processor.py:914} INFO - Processing file /home/airflow/.local/lib/python3.12/site-packages/airflow/example_dags/example_sensors.py for tasks to queue
[2025-02-13T00:11:24.791+0000] {logging_mixin.py:190} INFO - [2025-02-13T00:11:24.791+0000] {dagbag.py:588} INFO - Filling up the DagBag from /home/airflow/.local/lib/python3.12/site-packages/airflow/example_dags/example_sensors.py
[2025-02-13T00:11:24.801+0000] {processor.py:925} INFO - DAG(s) 'example_sensors' retrieved from /home/airflow/.local/lib/python3.12/site-packages/airflow/example_dags/example_sensors.py
[2025-02-13T00:11:24.825+0000] {logging_mixin.py:190} INFO - [2025-02-13T00:11:24.825+0000] {dag.py:3239} INFO - Sync 1 DAGs
[2025-02-13T00:11:24.837+0000] {logging_mixin.py:190} INFO - [2025-02-13T00:11:24.837+0000] {dag.py:4180} INFO - Setting next_dagrun for example_sensors to None, run_after=None
[2025-02-13T00:11:24.850+0000] {processor.py:208} INFO - Processing /home/airflow/.local/lib/python3.12/site-packages/airflow/example_dags/example_sensors.py took 0.066 seconds
[2025-02-13T00:11:55.135+0000] {processor.py:186} INFO - Started process (PID=1341) to work on /home/airflow/.local/lib/python3.12/site-packages/airflow/example_dags/example_sensors.py
[2025-02-13T00:11:55.136+0000] {processor.py:914} INFO - Processing file /home/airflow/.local/lib/python3.12/site-packages/airflow/example_dags/example_sensors.py for tasks to queue
[2025-02-13T00:11:55.137+0000] {logging_mixin.py:190} INFO - [2025-02-13T00:11:55.137+0000] {dagbag.py:588} INFO - Filling up the DagBag from /home/airflow/.local/lib/python3.12/site-packages/airflow/example_dags/example_sensors.py
[2025-02-13T00:11:55.147+0000] {processor.py:925} INFO - DAG(s) 'example_sensors' retrieved from /home/airflow/.local/lib/python3.12/site-packages/airflow/example_dags/example_sensors.py
[2025-02-13T00:11:55.169+0000] {logging_mixin.py:190} INFO - [2025-02-13T00:11:55.169+0000] {dag.py:3239} INFO - Sync 1 DAGs
[2025-02-13T00:11:55.181+0000] {logging_mixin.py:190} INFO - [2025-02-13T00:11:55.181+0000] {dag.py:4180} INFO - Setting next_dagrun for example_sensors to None, run_after=None
[2025-02-13T00:11:55.195+0000] {processor.py:208} INFO - Processing /home/airflow/.local/lib/python3.12/site-packages/airflow/example_dags/example_sensors.py took 0.065 seconds
[2025-02-13T00:12:25.780+0000] {processor.py:186} INFO - Started process (PID=1399) to work on /home/airflow/.local/lib/python3.12/site-packages/airflow/example_dags/example_sensors.py
[2025-02-13T00:12:25.781+0000] {processor.py:914} INFO - Processing file /home/airflow/.local/lib/python3.12/site-packages/airflow/example_dags/example_sensors.py for tasks to queue
[2025-02-13T00:12:25.782+0000] {logging_mixin.py:190} INFO - [2025-02-13T00:12:25.782+0000] {dagbag.py:588} INFO - Filling up the DagBag from /home/airflow/.local/lib/python3.12/site-packages/airflow/example_dags/example_sensors.py
[2025-02-13T00:12:25.792+0000] {processor.py:925} INFO - DAG(s) 'example_sensors' retrieved from /home/airflow/.local/lib/python3.12/site-packages/airflow/example_dags/example_sensors.py
[2025-02-13T00:12:25.813+0000] {logging_mixin.py:190} INFO - [2025-02-13T00:12:25.813+0000] {dag.py:3239} INFO - Sync 1 DAGs
[2025-02-13T00:12:25.825+0000] {logging_mixin.py:190} INFO - [2025-02-13T00:12:25.825+0000] {dag.py:4180} INFO - Setting next_dagrun for example_sensors to None, run_after=None
[2025-02-13T00:12:25.840+0000] {processor.py:208} INFO - Processing /home/airflow/.local/lib/python3.12/site-packages/airflow/example_dags/example_sensors.py took 0.065 seconds
[2025-02-13T00:12:55.914+0000] {processor.py:186} INFO - Started process (PID=1457) to work on /home/airflow/.local/lib/python3.12/site-packages/airflow/example_dags/example_sensors.py
[2025-02-13T00:12:55.915+0000] {processor.py:914} INFO - Processing file /home/airflow/.local/lib/python3.12/site-packages/airflow/example_dags/example_sensors.py for tasks to queue
[2025-02-13T00:12:55.917+0000] {logging_mixin.py:190} INFO - [2025-02-13T00:12:55.917+0000] {dagbag.py:588} INFO - Filling up the DagBag from /home/airflow/.local/lib/python3.12/site-packages/airflow/example_dags/example_sensors.py
[2025-02-13T00:12:55.933+0000] {processor.py:925} INFO - DAG(s) 'example_sensors' retrieved from /home/airflow/.local/lib/python3.12/site-packages/airflow/example_dags/example_sensors.py
[2025-02-13T00:12:55.972+0000] {logging_mixin.py:190} INFO - [2025-02-13T00:12:55.972+0000] {dag.py:3239} INFO - Sync 1 DAGs
[2025-02-13T00:12:55.987+0000] {logging_mixin.py:190} INFO - [2025-02-13T00:12:55.987+0000] {dag.py:4180} INFO - Setting next_dagrun for example_sensors to None, run_after=None
[2025-02-13T00:12:56.001+0000] {processor.py:208} INFO - Processing /home/airflow/.local/lib/python3.12/site-packages/airflow/example_dags/example_sensors.py took 0.093 seconds
[2025-02-13T00:13:26.158+0000] {processor.py:186} INFO - Started process (PID=1515) to work on /home/airflow/.local/lib/python3.12/site-packages/airflow/example_dags/example_sensors.py
[2025-02-13T00:13:26.158+0000] {processor.py:914} INFO - Processing file /home/airflow/.local/lib/python3.12/site-packages/airflow/example_dags/example_sensors.py for tasks to queue
[2025-02-13T00:13:26.160+0000] {logging_mixin.py:190} INFO - [2025-02-13T00:13:26.160+0000] {dagbag.py:588} INFO - Filling up the DagBag from /home/airflow/.local/lib/python3.12/site-packages/airflow/example_dags/example_sensors.py
[2025-02-13T00:13:26.170+0000] {processor.py:925} INFO - DAG(s) 'example_sensors' retrieved from /home/airflow/.local/lib/python3.12/site-packages/airflow/example_dags/example_sensors.py
[2025-02-13T00:13:26.192+0000] {logging_mixin.py:190} INFO - [2025-02-13T00:13:26.192+0000] {dag.py:3239} INFO - Sync 1 DAGs
[2025-02-13T00:13:26.204+0000] {logging_mixin.py:190} INFO - [2025-02-13T00:13:26.204+0000] {dag.py:4180} INFO - Setting next_dagrun for example_sensors to None, run_after=None
[2025-02-13T00:13:26.218+0000] {processor.py:208} INFO - Processing /home/airflow/.local/lib/python3.12/site-packages/airflow/example_dags/example_sensors.py took 0.066 seconds
[2025-02-13T00:13:56.513+0000] {processor.py:186} INFO - Started process (PID=1573) to work on /home/airflow/.local/lib/python3.12/site-packages/airflow/example_dags/example_sensors.py
[2025-02-13T00:13:56.513+0000] {processor.py:914} INFO - Processing file /home/airflow/.local/lib/python3.12/site-packages/airflow/example_dags/example_sensors.py for tasks to queue
[2025-02-13T00:13:56.515+0000] {logging_mixin.py:190} INFO - [2025-02-13T00:13:56.515+0000] {dagbag.py:588} INFO - Filling up the DagBag from /home/airflow/.local/lib/python3.12/site-packages/airflow/example_dags/example_sensors.py
[2025-02-13T00:13:56.524+0000] {processor.py:925} INFO - DAG(s) 'example_sensors' retrieved from /home/airflow/.local/lib/python3.12/site-packages/airflow/example_dags/example_sensors.py
[2025-02-13T00:13:56.545+0000] {logging_mixin.py:190} INFO - [2025-02-13T00:13:56.545+0000] {dag.py:3239} INFO - Sync 1 DAGs
[2025-02-13T00:13:56.557+0000] {logging_mixin.py:190} INFO - [2025-02-13T00:13:56.557+0000] {dag.py:4180} INFO - Setting next_dagrun for example_sensors to None, run_after=None
[2025-02-13T00:13:56.570+0000] {processor.py:208} INFO - Processing /home/airflow/.local/lib/python3.12/site-packages/airflow/example_dags/example_sensors.py took 0.063 seconds
[2025-02-13T00:14:27.430+0000] {processor.py:186} INFO - Started process (PID=1631) to work on /home/airflow/.local/lib/python3.12/site-packages/airflow/example_dags/example_sensors.py
[2025-02-13T00:14:27.430+0000] {processor.py:914} INFO - Processing file /home/airflow/.local/lib/python3.12/site-packages/airflow/example_dags/example_sensors.py for tasks to queue
[2025-02-13T00:14:27.432+0000] {logging_mixin.py:190} INFO - [2025-02-13T00:14:27.432+0000] {dagbag.py:588} INFO - Filling up the DagBag from /home/airflow/.local/lib/python3.12/site-packages/airflow/example_dags/example_sensors.py
[2025-02-13T00:14:27.441+0000] {processor.py:925} INFO - DAG(s) 'example_sensors' retrieved from /home/airflow/.local/lib/python3.12/site-packages/airflow/example_dags/example_sensors.py
[2025-02-13T00:14:27.463+0000] {logging_mixin.py:190} INFO - [2025-02-13T00:14:27.463+0000] {dag.py:3239} INFO - Sync 1 DAGs
[2025-02-13T00:14:27.475+0000] {logging_mixin.py:190} INFO - [2025-02-13T00:14:27.475+0000] {dag.py:4180} INFO - Setting next_dagrun for example_sensors to None, run_after=None
[2025-02-13T00:14:27.489+0000] {processor.py:208} INFO - Processing /home/airflow/.local/lib/python3.12/site-packages/airflow/example_dags/example_sensors.py took 0.065 seconds
[2025-02-13T00:14:57.947+0000] {processor.py:186} INFO - Started process (PID=1689) to work on /home/airflow/.local/lib/python3.12/site-packages/airflow/example_dags/example_sensors.py
[2025-02-13T00:14:57.948+0000] {processor.py:914} INFO - Processing file /home/airflow/.local/lib/python3.12/site-packages/airflow/example_dags/example_sensors.py for tasks to queue
[2025-02-13T00:14:57.949+0000] {logging_mixin.py:190} INFO - [2025-02-13T00:14:57.949+0000] {dagbag.py:588} INFO - Filling up the DagBag from /home/airflow/.local/lib/python3.12/site-packages/airflow/example_dags/example_sensors.py
[2025-02-13T00:14:57.958+0000] {processor.py:925} INFO - DAG(s) 'example_sensors' retrieved from /home/airflow/.local/lib/python3.12/site-packages/airflow/example_dags/example_sensors.py
[2025-02-13T00:14:57.980+0000] {logging_mixin.py:190} INFO - [2025-02-13T00:14:57.980+0000] {dag.py:3239} INFO - Sync 1 DAGs
[2025-02-13T00:14:57.994+0000] {logging_mixin.py:190} INFO - [2025-02-13T00:14:57.994+0000] {dag.py:4180} INFO - Setting next_dagrun for example_sensors to None, run_after=None
[2025-02-13T00:14:58.007+0000] {processor.py:208} INFO - Processing /home/airflow/.local/lib/python3.12/site-packages/airflow/example_dags/example_sensors.py took 0.065 seconds
[2025-02-13T00:15:28.050+0000] {processor.py:186} INFO - Started process (PID=1747) to work on /home/airflow/.local/lib/python3.12/site-packages/airflow/example_dags/example_sensors.py
[2025-02-13T00:15:28.050+0000] {processor.py:914} INFO - Processing file /home/airflow/.local/lib/python3.12/site-packages/airflow/example_dags/example_sensors.py for tasks to queue
[2025-02-13T00:15:28.053+0000] {logging_mixin.py:190} INFO - [2025-02-13T00:15:28.052+0000] {dagbag.py:588} INFO - Filling up the DagBag from /home/airflow/.local/lib/python3.12/site-packages/airflow/example_dags/example_sensors.py
[2025-02-13T00:15:28.070+0000] {processor.py:925} INFO - DAG(s) 'example_sensors' retrieved from /home/airflow/.local/lib/python3.12/site-packages/airflow/example_dags/example_sensors.py
[2025-02-13T00:15:28.091+0000] {logging_mixin.py:190} INFO - [2025-02-13T00:15:28.091+0000] {dag.py:3239} INFO - Sync 1 DAGs
[2025-02-13T00:15:28.103+0000] {logging_mixin.py:190} INFO - [2025-02-13T00:15:28.102+0000] {dag.py:4180} INFO - Setting next_dagrun for example_sensors to None, run_after=None
[2025-02-13T00:15:28.116+0000] {processor.py:208} INFO - Processing /home/airflow/.local/lib/python3.12/site-packages/airflow/example_dags/example_sensors.py took 0.073 seconds
[2025-02-13T00:15:58.437+0000] {processor.py:186} INFO - Started process (PID=1801) to work on /home/airflow/.local/lib/python3.12/site-packages/airflow/example_dags/example_sensors.py
[2025-02-13T00:15:58.437+0000] {processor.py:914} INFO - Processing file /home/airflow/.local/lib/python3.12/site-packages/airflow/example_dags/example_sensors.py for tasks to queue
[2025-02-13T00:15:58.439+0000] {logging_mixin.py:190} INFO - [2025-02-13T00:15:58.439+0000] {dagbag.py:588} INFO - Filling up the DagBag from /home/airflow/.local/lib/python3.12/site-packages/airflow/example_dags/example_sensors.py
[2025-02-13T00:15:58.449+0000] {processor.py:925} INFO - DAG(s) 'example_sensors' retrieved from /home/airflow/.local/lib/python3.12/site-packages/airflow/example_dags/example_sensors.py
[2025-02-13T00:15:58.470+0000] {logging_mixin.py:190} INFO - [2025-02-13T00:15:58.470+0000] {dag.py:3239} INFO - Sync 1 DAGs
[2025-02-13T00:15:58.482+0000] {logging_mixin.py:190} INFO - [2025-02-13T00:15:58.482+0000] {dag.py:4180} INFO - Setting next_dagrun for example_sensors to None, run_after=None
[2025-02-13T00:15:58.495+0000] {processor.py:208} INFO - Processing /home/airflow/.local/lib/python3.12/site-packages/airflow/example_dags/example_sensors.py took 0.064 seconds
[2025-02-13T00:16:29.195+0000] {processor.py:186} INFO - Started process (PID=1856) to work on /home/airflow/.local/lib/python3.12/site-packages/airflow/example_dags/example_sensors.py
[2025-02-13T00:16:29.196+0000] {processor.py:914} INFO - Processing file /home/airflow/.local/lib/python3.12/site-packages/airflow/example_dags/example_sensors.py for tasks to queue
[2025-02-13T00:16:29.198+0000] {logging_mixin.py:190} INFO - [2025-02-13T00:16:29.198+0000] {dagbag.py:588} INFO - Filling up the DagBag from /home/airflow/.local/lib/python3.12/site-packages/airflow/example_dags/example_sensors.py
[2025-02-13T00:16:29.217+0000] {processor.py:925} INFO - DAG(s) 'example_sensors' retrieved from /home/airflow/.local/lib/python3.12/site-packages/airflow/example_dags/example_sensors.py
[2025-02-13T00:16:29.256+0000] {logging_mixin.py:190} INFO - [2025-02-13T00:16:29.255+0000] {dag.py:3239} INFO - Sync 1 DAGs
[2025-02-13T00:16:29.274+0000] {logging_mixin.py:190} INFO - [2025-02-13T00:16:29.274+0000] {dag.py:4180} INFO - Setting next_dagrun for example_sensors to None, run_after=None
[2025-02-13T00:16:29.293+0000] {processor.py:208} INFO - Processing /home/airflow/.local/lib/python3.12/site-packages/airflow/example_dags/example_sensors.py took 0.106 seconds
[2025-02-13T00:16:59.462+0000] {processor.py:186} INFO - Started process (PID=1913) to work on /home/airflow/.local/lib/python3.12/site-packages/airflow/example_dags/example_sensors.py
[2025-02-13T00:16:59.462+0000] {processor.py:914} INFO - Processing file /home/airflow/.local/lib/python3.12/site-packages/airflow/example_dags/example_sensors.py for tasks to queue
[2025-02-13T00:16:59.464+0000] {logging_mixin.py:190} INFO - [2025-02-13T00:16:59.464+0000] {dagbag.py:588} INFO - Filling up the DagBag from /home/airflow/.local/lib/python3.12/site-packages/airflow/example_dags/example_sensors.py
[2025-02-13T00:16:59.477+0000] {processor.py:925} INFO - DAG(s) 'example_sensors' retrieved from /home/airflow/.local/lib/python3.12/site-packages/airflow/example_dags/example_sensors.py
[2025-02-13T00:16:59.499+0000] {logging_mixin.py:190} INFO - [2025-02-13T00:16:59.499+0000] {dag.py:3239} INFO - Sync 1 DAGs
[2025-02-13T00:16:59.513+0000] {logging_mixin.py:190} INFO - [2025-02-13T00:16:59.513+0000] {dag.py:4180} INFO - Setting next_dagrun for example_sensors to None, run_after=None
[2025-02-13T00:16:59.527+0000] {processor.py:208} INFO - Processing /home/airflow/.local/lib/python3.12/site-packages/airflow/example_dags/example_sensors.py took 0.072 seconds
[2025-02-13T00:17:29.771+0000] {processor.py:186} INFO - Started process (PID=1971) to work on /home/airflow/.local/lib/python3.12/site-packages/airflow/example_dags/example_sensors.py
[2025-02-13T00:17:29.772+0000] {processor.py:914} INFO - Processing file /home/airflow/.local/lib/python3.12/site-packages/airflow/example_dags/example_sensors.py for tasks to queue
[2025-02-13T00:17:29.774+0000] {logging_mixin.py:190} INFO - [2025-02-13T00:17:29.773+0000] {dagbag.py:588} INFO - Filling up the DagBag from /home/airflow/.local/lib/python3.12/site-packages/airflow/example_dags/example_sensors.py
[2025-02-13T00:17:29.783+0000] {processor.py:925} INFO - DAG(s) 'example_sensors' retrieved from /home/airflow/.local/lib/python3.12/site-packages/airflow/example_dags/example_sensors.py
[2025-02-13T00:17:29.805+0000] {logging_mixin.py:190} INFO - [2025-02-13T00:17:29.805+0000] {dag.py:3239} INFO - Sync 1 DAGs
[2025-02-13T00:17:29.818+0000] {logging_mixin.py:190} INFO - [2025-02-13T00:17:29.817+0000] {dag.py:4180} INFO - Setting next_dagrun for example_sensors to None, run_after=None
[2025-02-13T00:17:29.834+0000] {processor.py:208} INFO - Processing /home/airflow/.local/lib/python3.12/site-packages/airflow/example_dags/example_sensors.py took 0.069 seconds
[2025-02-13T00:17:59.998+0000] {processor.py:186} INFO - Started process (PID=2029) to work on /home/airflow/.local/lib/python3.12/site-packages/airflow/example_dags/example_sensors.py
[2025-02-13T00:17:59.999+0000] {processor.py:914} INFO - Processing file /home/airflow/.local/lib/python3.12/site-packages/airflow/example_dags/example_sensors.py for tasks to queue
[2025-02-13T00:18:00.001+0000] {logging_mixin.py:190} INFO - [2025-02-13T00:18:00.001+0000] {dagbag.py:588} INFO - Filling up the DagBag from /home/airflow/.local/lib/python3.12/site-packages/airflow/example_dags/example_sensors.py
[2025-02-13T00:18:00.011+0000] {processor.py:925} INFO - DAG(s) 'example_sensors' retrieved from /home/airflow/.local/lib/python3.12/site-packages/airflow/example_dags/example_sensors.py
[2025-02-13T00:18:00.035+0000] {logging_mixin.py:190} INFO - [2025-02-13T00:18:00.035+0000] {dag.py:3239} INFO - Sync 1 DAGs
[2025-02-13T00:18:00.050+0000] {logging_mixin.py:190} INFO - [2025-02-13T00:18:00.049+0000] {dag.py:4180} INFO - Setting next_dagrun for example_sensors to None, run_after=None
[2025-02-13T00:18:00.064+0000] {processor.py:208} INFO - Processing /home/airflow/.local/lib/python3.12/site-packages/airflow/example_dags/example_sensors.py took 0.071 seconds
[2025-02-13T00:18:30.337+0000] {processor.py:186} INFO - Started process (PID=2087) to work on /home/airflow/.local/lib/python3.12/site-packages/airflow/example_dags/example_sensors.py
[2025-02-13T00:18:30.338+0000] {processor.py:914} INFO - Processing file /home/airflow/.local/lib/python3.12/site-packages/airflow/example_dags/example_sensors.py for tasks to queue
[2025-02-13T00:18:30.340+0000] {logging_mixin.py:190} INFO - [2025-02-13T00:18:30.339+0000] {dagbag.py:588} INFO - Filling up the DagBag from /home/airflow/.local/lib/python3.12/site-packages/airflow/example_dags/example_sensors.py
[2025-02-13T00:18:30.349+0000] {processor.py:925} INFO - DAG(s) 'example_sensors' retrieved from /home/airflow/.local/lib/python3.12/site-packages/airflow/example_dags/example_sensors.py
[2025-02-13T00:18:30.371+0000] {logging_mixin.py:190} INFO - [2025-02-13T00:18:30.371+0000] {dag.py:3239} INFO - Sync 1 DAGs
[2025-02-13T00:18:30.385+0000] {logging_mixin.py:190} INFO - [2025-02-13T00:18:30.384+0000] {dag.py:4180} INFO - Setting next_dagrun for example_sensors to None, run_after=None
[2025-02-13T00:18:30.398+0000] {processor.py:208} INFO - Processing /home/airflow/.local/lib/python3.12/site-packages/airflow/example_dags/example_sensors.py took 0.066 seconds
[2025-02-13T00:19:00.592+0000] {processor.py:186} INFO - Started process (PID=2145) to work on /home/airflow/.local/lib/python3.12/site-packages/airflow/example_dags/example_sensors.py
[2025-02-13T00:19:00.592+0000] {processor.py:914} INFO - Processing file /home/airflow/.local/lib/python3.12/site-packages/airflow/example_dags/example_sensors.py for tasks to queue
[2025-02-13T00:19:00.594+0000] {logging_mixin.py:190} INFO - [2025-02-13T00:19:00.594+0000] {dagbag.py:588} INFO - Filling up the DagBag from /home/airflow/.local/lib/python3.12/site-packages/airflow/example_dags/example_sensors.py
[2025-02-13T00:19:00.604+0000] {processor.py:925} INFO - DAG(s) 'example_sensors' retrieved from /home/airflow/.local/lib/python3.12/site-packages/airflow/example_dags/example_sensors.py
[2025-02-13T00:19:00.628+0000] {logging_mixin.py:190} INFO - [2025-02-13T00:19:00.628+0000] {dag.py:3239} INFO - Sync 1 DAGs
[2025-02-13T00:19:00.649+0000] {logging_mixin.py:190} INFO - [2025-02-13T00:19:00.649+0000] {dag.py:4180} INFO - Setting next_dagrun for example_sensors to None, run_after=None
[2025-02-13T00:19:00.669+0000] {processor.py:208} INFO - Processing /home/airflow/.local/lib/python3.12/site-packages/airflow/example_dags/example_sensors.py took 0.082 seconds
[2025-02-13T00:19:30.905+0000] {processor.py:186} INFO - Started process (PID=2203) to work on /home/airflow/.local/lib/python3.12/site-packages/airflow/example_dags/example_sensors.py
[2025-02-13T00:19:30.906+0000] {processor.py:914} INFO - Processing file /home/airflow/.local/lib/python3.12/site-packages/airflow/example_dags/example_sensors.py for tasks to queue
[2025-02-13T00:19:30.908+0000] {logging_mixin.py:190} INFO - [2025-02-13T00:19:30.907+0000] {dagbag.py:588} INFO - Filling up the DagBag from /home/airflow/.local/lib/python3.12/site-packages/airflow/example_dags/example_sensors.py
[2025-02-13T00:19:30.917+0000] {processor.py:925} INFO - DAG(s) 'example_sensors' retrieved from /home/airflow/.local/lib/python3.12/site-packages/airflow/example_dags/example_sensors.py
[2025-02-13T00:19:30.941+0000] {logging_mixin.py:190} INFO - [2025-02-13T00:19:30.940+0000] {dag.py:3239} INFO - Sync 1 DAGs
[2025-02-13T00:19:30.953+0000] {logging_mixin.py:190} INFO - [2025-02-13T00:19:30.953+0000] {dag.py:4180} INFO - Setting next_dagrun for example_sensors to None, run_after=None
[2025-02-13T00:19:30.967+0000] {processor.py:208} INFO - Processing /home/airflow/.local/lib/python3.12/site-packages/airflow/example_dags/example_sensors.py took 0.067 seconds
[2025-02-13T00:20:01.027+0000] {processor.py:186} INFO - Started process (PID=2261) to work on /home/airflow/.local/lib/python3.12/site-packages/airflow/example_dags/example_sensors.py
[2025-02-13T00:20:01.028+0000] {processor.py:914} INFO - Processing file /home/airflow/.local/lib/python3.12/site-packages/airflow/example_dags/example_sensors.py for tasks to queue
[2025-02-13T00:20:01.030+0000] {logging_mixin.py:190} INFO - [2025-02-13T00:20:01.030+0000] {dagbag.py:588} INFO - Filling up the DagBag from /home/airflow/.local/lib/python3.12/site-packages/airflow/example_dags/example_sensors.py
[2025-02-13T00:20:01.039+0000] {processor.py:925} INFO - DAG(s) 'example_sensors' retrieved from /home/airflow/.local/lib/python3.12/site-packages/airflow/example_dags/example_sensors.py
[2025-02-13T00:20:01.060+0000] {logging_mixin.py:190} INFO - [2025-02-13T00:20:01.060+0000] {dag.py:3239} INFO - Sync 1 DAGs
[2025-02-13T00:20:01.072+0000] {logging_mixin.py:190} INFO - [2025-02-13T00:20:01.072+0000] {dag.py:4180} INFO - Setting next_dagrun for example_sensors to None, run_after=None
[2025-02-13T00:20:01.086+0000] {processor.py:208} INFO - Processing /home/airflow/.local/lib/python3.12/site-packages/airflow/example_dags/example_sensors.py took 0.063 seconds
[2025-02-13T00:20:31.308+0000] {processor.py:186} INFO - Started process (PID=2319) to work on /home/airflow/.local/lib/python3.12/site-packages/airflow/example_dags/example_sensors.py
[2025-02-13T00:20:31.309+0000] {processor.py:914} INFO - Processing file /home/airflow/.local/lib/python3.12/site-packages/airflow/example_dags/example_sensors.py for tasks to queue
[2025-02-13T00:20:31.310+0000] {logging_mixin.py:190} INFO - [2025-02-13T00:20:31.310+0000] {dagbag.py:588} INFO - Filling up the DagBag from /home/airflow/.local/lib/python3.12/site-packages/airflow/example_dags/example_sensors.py
[2025-02-13T00:20:31.319+0000] {processor.py:925} INFO - DAG(s) 'example_sensors' retrieved from /home/airflow/.local/lib/python3.12/site-packages/airflow/example_dags/example_sensors.py
[2025-02-13T00:20:31.343+0000] {logging_mixin.py:190} INFO - [2025-02-13T00:20:31.343+0000] {dag.py:3239} INFO - Sync 1 DAGs
[2025-02-13T00:20:31.355+0000] {logging_mixin.py:190} INFO - [2025-02-13T00:20:31.355+0000] {dag.py:4180} INFO - Setting next_dagrun for example_sensors to None, run_after=None
[2025-02-13T00:20:31.369+0000] {processor.py:208} INFO - Processing /home/airflow/.local/lib/python3.12/site-packages/airflow/example_dags/example_sensors.py took 0.066 seconds
[2025-02-13T00:21:01.537+0000] {processor.py:186} INFO - Started process (PID=2377) to work on /home/airflow/.local/lib/python3.12/site-packages/airflow/example_dags/example_sensors.py
[2025-02-13T00:21:01.537+0000] {processor.py:914} INFO - Processing file /home/airflow/.local/lib/python3.12/site-packages/airflow/example_dags/example_sensors.py for tasks to queue
[2025-02-13T00:21:01.539+0000] {logging_mixin.py:190} INFO - [2025-02-13T00:21:01.539+0000] {dagbag.py:588} INFO - Filling up the DagBag from /home/airflow/.local/lib/python3.12/site-packages/airflow/example_dags/example_sensors.py
[2025-02-13T00:21:01.548+0000] {processor.py:925} INFO - DAG(s) 'example_sensors' retrieved from /home/airflow/.local/lib/python3.12/site-packages/airflow/example_dags/example_sensors.py
[2025-02-13T00:21:01.570+0000] {logging_mixin.py:190} INFO - [2025-02-13T00:21:01.570+0000] {dag.py:3239} INFO - Sync 1 DAGs
[2025-02-13T00:21:01.584+0000] {logging_mixin.py:190} INFO - [2025-02-13T00:21:01.584+0000] {dag.py:4180} INFO - Setting next_dagrun for example_sensors to None, run_after=None
[2025-02-13T00:21:01.597+0000] {processor.py:208} INFO - Processing /home/airflow/.local/lib/python3.12/site-packages/airflow/example_dags/example_sensors.py took 0.066 seconds
[2025-02-13T00:21:31.737+0000] {processor.py:186} INFO - Started process (PID=2435) to work on /home/airflow/.local/lib/python3.12/site-packages/airflow/example_dags/example_sensors.py
[2025-02-13T00:21:31.738+0000] {processor.py:914} INFO - Processing file /home/airflow/.local/lib/python3.12/site-packages/airflow/example_dags/example_sensors.py for tasks to queue
[2025-02-13T00:21:31.740+0000] {logging_mixin.py:190} INFO - [2025-02-13T00:21:31.739+0000] {dagbag.py:588} INFO - Filling up the DagBag from /home/airflow/.local/lib/python3.12/site-packages/airflow/example_dags/example_sensors.py
[2025-02-13T00:21:31.749+0000] {processor.py:925} INFO - DAG(s) 'example_sensors' retrieved from /home/airflow/.local/lib/python3.12/site-packages/airflow/example_dags/example_sensors.py
[2025-02-13T00:21:31.770+0000] {logging_mixin.py:190} INFO - [2025-02-13T00:21:31.770+0000] {dag.py:3239} INFO - Sync 1 DAGs
[2025-02-13T00:21:31.782+0000] {logging_mixin.py:190} INFO - [2025-02-13T00:21:31.782+0000] {dag.py:4180} INFO - Setting next_dagrun for example_sensors to None, run_after=None
[2025-02-13T00:21:31.796+0000] {processor.py:208} INFO - Processing /home/airflow/.local/lib/python3.12/site-packages/airflow/example_dags/example_sensors.py took 0.064 seconds
[2025-02-13T00:22:02.115+0000] {processor.py:186} INFO - Started process (PID=2493) to work on /home/airflow/.local/lib/python3.12/site-packages/airflow/example_dags/example_sensors.py
[2025-02-13T00:22:02.116+0000] {processor.py:914} INFO - Processing file /home/airflow/.local/lib/python3.12/site-packages/airflow/example_dags/example_sensors.py for tasks to queue
[2025-02-13T00:22:02.117+0000] {logging_mixin.py:190} INFO - [2025-02-13T00:22:02.117+0000] {dagbag.py:588} INFO - Filling up the DagBag from /home/airflow/.local/lib/python3.12/site-packages/airflow/example_dags/example_sensors.py
[2025-02-13T00:22:02.126+0000] {processor.py:925} INFO - DAG(s) 'example_sensors' retrieved from /home/airflow/.local/lib/python3.12/site-packages/airflow/example_dags/example_sensors.py
[2025-02-13T00:22:02.148+0000] {logging_mixin.py:190} INFO - [2025-02-13T00:22:02.148+0000] {dag.py:3239} INFO - Sync 1 DAGs
[2025-02-13T00:22:02.161+0000] {logging_mixin.py:190} INFO - [2025-02-13T00:22:02.161+0000] {dag.py:4180} INFO - Setting next_dagrun for example_sensors to None, run_after=None
[2025-02-13T00:22:02.175+0000] {processor.py:208} INFO - Processing /home/airflow/.local/lib/python3.12/site-packages/airflow/example_dags/example_sensors.py took 0.064 seconds
[2025-02-13T00:22:32.274+0000] {processor.py:186} INFO - Started process (PID=2551) to work on /home/airflow/.local/lib/python3.12/site-packages/airflow/example_dags/example_sensors.py
[2025-02-13T00:22:32.275+0000] {processor.py:914} INFO - Processing file /home/airflow/.local/lib/python3.12/site-packages/airflow/example_dags/example_sensors.py for tasks to queue
[2025-02-13T00:22:32.276+0000] {logging_mixin.py:190} INFO - [2025-02-13T00:22:32.276+0000] {dagbag.py:588} INFO - Filling up the DagBag from /home/airflow/.local/lib/python3.12/site-packages/airflow/example_dags/example_sensors.py
[2025-02-13T00:22:32.286+0000] {processor.py:925} INFO - DAG(s) 'example_sensors' retrieved from /home/airflow/.local/lib/python3.12/site-packages/airflow/example_dags/example_sensors.py
[2025-02-13T00:22:32.307+0000] {logging_mixin.py:190} INFO - [2025-02-13T00:22:32.307+0000] {dag.py:3239} INFO - Sync 1 DAGs
[2025-02-13T00:22:32.319+0000] {logging_mixin.py:190} INFO - [2025-02-13T00:22:32.318+0000] {dag.py:4180} INFO - Setting next_dagrun for example_sensors to None, run_after=None
[2025-02-13T00:22:32.333+0000] {processor.py:208} INFO - Processing /home/airflow/.local/lib/python3.12/site-packages/airflow/example_dags/example_sensors.py took 0.064 seconds
[2025-02-13T00:23:02.567+0000] {processor.py:186} INFO - Started process (PID=2609) to work on /home/airflow/.local/lib/python3.12/site-packages/airflow/example_dags/example_sensors.py
[2025-02-13T00:23:02.568+0000] {processor.py:914} INFO - Processing file /home/airflow/.local/lib/python3.12/site-packages/airflow/example_dags/example_sensors.py for tasks to queue
[2025-02-13T00:23:02.570+0000] {logging_mixin.py:190} INFO - [2025-02-13T00:23:02.569+0000] {dagbag.py:588} INFO - Filling up the DagBag from /home/airflow/.local/lib/python3.12/site-packages/airflow/example_dags/example_sensors.py
[2025-02-13T00:23:02.579+0000] {processor.py:925} INFO - DAG(s) 'example_sensors' retrieved from /home/airflow/.local/lib/python3.12/site-packages/airflow/example_dags/example_sensors.py
[2025-02-13T00:23:02.601+0000] {logging_mixin.py:190} INFO - [2025-02-13T00:23:02.601+0000] {dag.py:3239} INFO - Sync 1 DAGs
[2025-02-13T00:23:02.613+0000] {logging_mixin.py:190} INFO - [2025-02-13T00:23:02.613+0000] {dag.py:4180} INFO - Setting next_dagrun for example_sensors to None, run_after=None
[2025-02-13T00:23:02.628+0000] {processor.py:208} INFO - Processing /home/airflow/.local/lib/python3.12/site-packages/airflow/example_dags/example_sensors.py took 0.066 seconds
[2025-02-13T00:23:32.938+0000] {processor.py:186} INFO - Started process (PID=2667) to work on /home/airflow/.local/lib/python3.12/site-packages/airflow/example_dags/example_sensors.py
[2025-02-13T00:23:32.939+0000] {processor.py:914} INFO - Processing file /home/airflow/.local/lib/python3.12/site-packages/airflow/example_dags/example_sensors.py for tasks to queue
[2025-02-13T00:23:32.941+0000] {logging_mixin.py:190} INFO - [2025-02-13T00:23:32.940+0000] {dagbag.py:588} INFO - Filling up the DagBag from /home/airflow/.local/lib/python3.12/site-packages/airflow/example_dags/example_sensors.py
[2025-02-13T00:23:32.950+0000] {processor.py:925} INFO - DAG(s) 'example_sensors' retrieved from /home/airflow/.local/lib/python3.12/site-packages/airflow/example_dags/example_sensors.py
[2025-02-13T00:23:32.985+0000] {logging_mixin.py:190} INFO - [2025-02-13T00:23:32.985+0000] {dag.py:3239} INFO - Sync 1 DAGs
[2025-02-13T00:23:33.006+0000] {logging_mixin.py:190} INFO - [2025-02-13T00:23:33.006+0000] {dag.py:4180} INFO - Setting next_dagrun for example_sensors to None, run_after=None
[2025-02-13T00:23:33.037+0000] {processor.py:208} INFO - Processing /home/airflow/.local/lib/python3.12/site-packages/airflow/example_dags/example_sensors.py took 0.107 seconds
[2025-02-13T00:24:03.200+0000] {processor.py:186} INFO - Started process (PID=2725) to work on /home/airflow/.local/lib/python3.12/site-packages/airflow/example_dags/example_sensors.py
[2025-02-13T00:24:03.200+0000] {processor.py:914} INFO - Processing file /home/airflow/.local/lib/python3.12/site-packages/airflow/example_dags/example_sensors.py for tasks to queue
[2025-02-13T00:24:03.202+0000] {logging_mixin.py:190} INFO - [2025-02-13T00:24:03.202+0000] {dagbag.py:588} INFO - Filling up the DagBag from /home/airflow/.local/lib/python3.12/site-packages/airflow/example_dags/example_sensors.py
[2025-02-13T00:24:03.211+0000] {processor.py:925} INFO - DAG(s) 'example_sensors' retrieved from /home/airflow/.local/lib/python3.12/site-packages/airflow/example_dags/example_sensors.py
[2025-02-13T00:24:03.233+0000] {logging_mixin.py:190} INFO - [2025-02-13T00:24:03.233+0000] {dag.py:3239} INFO - Sync 1 DAGs
[2025-02-13T00:24:03.245+0000] {logging_mixin.py:190} INFO - [2025-02-13T00:24:03.244+0000] {dag.py:4180} INFO - Setting next_dagrun for example_sensors to None, run_after=None
[2025-02-13T00:24:03.260+0000] {processor.py:208} INFO - Processing /home/airflow/.local/lib/python3.12/site-packages/airflow/example_dags/example_sensors.py took 0.065 seconds
[2025-02-13T00:24:33.560+0000] {processor.py:186} INFO - Started process (PID=2783) to work on /home/airflow/.local/lib/python3.12/site-packages/airflow/example_dags/example_sensors.py
[2025-02-13T00:24:33.561+0000] {processor.py:914} INFO - Processing file /home/airflow/.local/lib/python3.12/site-packages/airflow/example_dags/example_sensors.py for tasks to queue
[2025-02-13T00:24:33.563+0000] {logging_mixin.py:190} INFO - [2025-02-13T00:24:33.562+0000] {dagbag.py:588} INFO - Filling up the DagBag from /home/airflow/.local/lib/python3.12/site-packages/airflow/example_dags/example_sensors.py
[2025-02-13T00:24:33.572+0000] {processor.py:925} INFO - DAG(s) 'example_sensors' retrieved from /home/airflow/.local/lib/python3.12/site-packages/airflow/example_dags/example_sensors.py
[2025-02-13T00:24:33.593+0000] {logging_mixin.py:190} INFO - [2025-02-13T00:24:33.593+0000] {dag.py:3239} INFO - Sync 1 DAGs
[2025-02-13T00:24:33.605+0000] {logging_mixin.py:190} INFO - [2025-02-13T00:24:33.605+0000] {dag.py:4180} INFO - Setting next_dagrun for example_sensors to None, run_after=None
[2025-02-13T00:24:33.624+0000] {processor.py:208} INFO - Processing /home/airflow/.local/lib/python3.12/site-packages/airflow/example_dags/example_sensors.py took 0.069 seconds
[2025-02-13T00:25:03.745+0000] {processor.py:186} INFO - Started process (PID=2841) to work on /home/airflow/.local/lib/python3.12/site-packages/airflow/example_dags/example_sensors.py
[2025-02-13T00:25:03.746+0000] {processor.py:914} INFO - Processing file /home/airflow/.local/lib/python3.12/site-packages/airflow/example_dags/example_sensors.py for tasks to queue
[2025-02-13T00:25:03.748+0000] {logging_mixin.py:190} INFO - [2025-02-13T00:25:03.747+0000] {dagbag.py:588} INFO - Filling up the DagBag from /home/airflow/.local/lib/python3.12/site-packages/airflow/example_dags/example_sensors.py
[2025-02-13T00:25:03.766+0000] {processor.py:925} INFO - DAG(s) 'example_sensors' retrieved from /home/airflow/.local/lib/python3.12/site-packages/airflow/example_dags/example_sensors.py
[2025-02-13T00:25:03.798+0000] {logging_mixin.py:190} INFO - [2025-02-13T00:25:03.798+0000] {dag.py:3239} INFO - Sync 1 DAGs
[2025-02-13T00:25:03.823+0000] {logging_mixin.py:190} INFO - [2025-02-13T00:25:03.822+0000] {dag.py:4180} INFO - Setting next_dagrun for example_sensors to None, run_after=None
[2025-02-13T00:25:03.863+0000] {processor.py:208} INFO - Processing /home/airflow/.local/lib/python3.12/site-packages/airflow/example_dags/example_sensors.py took 0.123 seconds
[2025-02-13T00:25:33.944+0000] {processor.py:186} INFO - Started process (PID=2899) to work on /home/airflow/.local/lib/python3.12/site-packages/airflow/example_dags/example_sensors.py
[2025-02-13T00:25:33.945+0000] {processor.py:914} INFO - Processing file /home/airflow/.local/lib/python3.12/site-packages/airflow/example_dags/example_sensors.py for tasks to queue
[2025-02-13T00:25:33.946+0000] {logging_mixin.py:190} INFO - [2025-02-13T00:25:33.946+0000] {dagbag.py:588} INFO - Filling up the DagBag from /home/airflow/.local/lib/python3.12/site-packages/airflow/example_dags/example_sensors.py
[2025-02-13T00:25:33.958+0000] {processor.py:925} INFO - DAG(s) 'example_sensors' retrieved from /home/airflow/.local/lib/python3.12/site-packages/airflow/example_dags/example_sensors.py
[2025-02-13T00:25:33.979+0000] {logging_mixin.py:190} INFO - [2025-02-13T00:25:33.979+0000] {dag.py:3239} INFO - Sync 1 DAGs
[2025-02-13T00:25:33.997+0000] {logging_mixin.py:190} INFO - [2025-02-13T00:25:33.996+0000] {dag.py:4180} INFO - Setting next_dagrun for example_sensors to None, run_after=None
[2025-02-13T00:25:34.011+0000] {processor.py:208} INFO - Processing /home/airflow/.local/lib/python3.12/site-packages/airflow/example_dags/example_sensors.py took 0.072 seconds
[2025-02-13T00:26:04.350+0000] {processor.py:186} INFO - Started process (PID=2957) to work on /home/airflow/.local/lib/python3.12/site-packages/airflow/example_dags/example_sensors.py
[2025-02-13T00:26:04.350+0000] {processor.py:914} INFO - Processing file /home/airflow/.local/lib/python3.12/site-packages/airflow/example_dags/example_sensors.py for tasks to queue
[2025-02-13T00:26:04.352+0000] {logging_mixin.py:190} INFO - [2025-02-13T00:26:04.352+0000] {dagbag.py:588} INFO - Filling up the DagBag from /home/airflow/.local/lib/python3.12/site-packages/airflow/example_dags/example_sensors.py
[2025-02-13T00:26:04.362+0000] {processor.py:925} INFO - DAG(s) 'example_sensors' retrieved from /home/airflow/.local/lib/python3.12/site-packages/airflow/example_dags/example_sensors.py
[2025-02-13T00:26:04.383+0000] {logging_mixin.py:190} INFO - [2025-02-13T00:26:04.383+0000] {dag.py:3239} INFO - Sync 1 DAGs
[2025-02-13T00:26:04.395+0000] {logging_mixin.py:190} INFO - [2025-02-13T00:26:04.395+0000] {dag.py:4180} INFO - Setting next_dagrun for example_sensors to None, run_after=None
[2025-02-13T00:26:04.410+0000] {processor.py:208} INFO - Processing /home/airflow/.local/lib/python3.12/site-packages/airflow/example_dags/example_sensors.py took 0.065 seconds
[2025-02-13T00:26:34.724+0000] {processor.py:186} INFO - Started process (PID=3015) to work on /home/airflow/.local/lib/python3.12/site-packages/airflow/example_dags/example_sensors.py
[2025-02-13T00:26:34.725+0000] {processor.py:914} INFO - Processing file /home/airflow/.local/lib/python3.12/site-packages/airflow/example_dags/example_sensors.py for tasks to queue
[2025-02-13T00:26:34.726+0000] {logging_mixin.py:190} INFO - [2025-02-13T00:26:34.726+0000] {dagbag.py:588} INFO - Filling up the DagBag from /home/airflow/.local/lib/python3.12/site-packages/airflow/example_dags/example_sensors.py
[2025-02-13T00:26:34.735+0000] {processor.py:925} INFO - DAG(s) 'example_sensors' retrieved from /home/airflow/.local/lib/python3.12/site-packages/airflow/example_dags/example_sensors.py
[2025-02-13T00:26:34.757+0000] {logging_mixin.py:190} INFO - [2025-02-13T00:26:34.756+0000] {dag.py:3239} INFO - Sync 1 DAGs
[2025-02-13T00:26:34.768+0000] {logging_mixin.py:190} INFO - [2025-02-13T00:26:34.768+0000] {dag.py:4180} INFO - Setting next_dagrun for example_sensors to None, run_after=None
[2025-02-13T00:26:34.783+0000] {processor.py:208} INFO - Processing /home/airflow/.local/lib/python3.12/site-packages/airflow/example_dags/example_sensors.py took 0.064 seconds
[2025-02-13T00:27:04.970+0000] {processor.py:186} INFO - Started process (PID=3073) to work on /home/airflow/.local/lib/python3.12/site-packages/airflow/example_dags/example_sensors.py
[2025-02-13T00:27:04.971+0000] {processor.py:914} INFO - Processing file /home/airflow/.local/lib/python3.12/site-packages/airflow/example_dags/example_sensors.py for tasks to queue
[2025-02-13T00:27:04.972+0000] {logging_mixin.py:190} INFO - [2025-02-13T00:27:04.972+0000] {dagbag.py:588} INFO - Filling up the DagBag from /home/airflow/.local/lib/python3.12/site-packages/airflow/example_dags/example_sensors.py
[2025-02-13T00:27:04.982+0000] {processor.py:925} INFO - DAG(s) 'example_sensors' retrieved from /home/airflow/.local/lib/python3.12/site-packages/airflow/example_dags/example_sensors.py
[2025-02-13T00:27:05.003+0000] {logging_mixin.py:190} INFO - [2025-02-13T00:27:05.003+0000] {dag.py:3239} INFO - Sync 1 DAGs
[2025-02-13T00:27:05.015+0000] {logging_mixin.py:190} INFO - [2025-02-13T00:27:05.015+0000] {dag.py:4180} INFO - Setting next_dagrun for example_sensors to None, run_after=None
[2025-02-13T00:27:05.030+0000] {processor.py:208} INFO - Processing /home/airflow/.local/lib/python3.12/site-packages/airflow/example_dags/example_sensors.py took 0.066 seconds
[2025-02-13T00:27:35.299+0000] {processor.py:186} INFO - Started process (PID=3131) to work on /home/airflow/.local/lib/python3.12/site-packages/airflow/example_dags/example_sensors.py
[2025-02-13T00:27:35.300+0000] {processor.py:914} INFO - Processing file /home/airflow/.local/lib/python3.12/site-packages/airflow/example_dags/example_sensors.py for tasks to queue
[2025-02-13T00:27:35.302+0000] {logging_mixin.py:190} INFO - [2025-02-13T00:27:35.301+0000] {dagbag.py:588} INFO - Filling up the DagBag from /home/airflow/.local/lib/python3.12/site-packages/airflow/example_dags/example_sensors.py
[2025-02-13T00:27:35.311+0000] {processor.py:925} INFO - DAG(s) 'example_sensors' retrieved from /home/airflow/.local/lib/python3.12/site-packages/airflow/example_dags/example_sensors.py
[2025-02-13T00:27:35.334+0000] {logging_mixin.py:190} INFO - [2025-02-13T00:27:35.334+0000] {dag.py:3239} INFO - Sync 1 DAGs
[2025-02-13T00:27:35.347+0000] {logging_mixin.py:190} INFO - [2025-02-13T00:27:35.346+0000] {dag.py:4180} INFO - Setting next_dagrun for example_sensors to None, run_after=None
[2025-02-13T00:27:35.361+0000] {processor.py:208} INFO - Processing /home/airflow/.local/lib/python3.12/site-packages/airflow/example_dags/example_sensors.py took 0.067 seconds
[2025-02-13T00:28:05.920+0000] {processor.py:186} INFO - Started process (PID=3189) to work on /home/airflow/.local/lib/python3.12/site-packages/airflow/example_dags/example_sensors.py
[2025-02-13T00:28:05.921+0000] {processor.py:914} INFO - Processing file /home/airflow/.local/lib/python3.12/site-packages/airflow/example_dags/example_sensors.py for tasks to queue
[2025-02-13T00:28:05.922+0000] {logging_mixin.py:190} INFO - [2025-02-13T00:28:05.922+0000] {dagbag.py:588} INFO - Filling up the DagBag from /home/airflow/.local/lib/python3.12/site-packages/airflow/example_dags/example_sensors.py
[2025-02-13T00:28:05.931+0000] {processor.py:925} INFO - DAG(s) 'example_sensors' retrieved from /home/airflow/.local/lib/python3.12/site-packages/airflow/example_dags/example_sensors.py
[2025-02-13T00:28:05.953+0000] {logging_mixin.py:190} INFO - [2025-02-13T00:28:05.953+0000] {dag.py:3239} INFO - Sync 1 DAGs
[2025-02-13T00:28:05.965+0000] {logging_mixin.py:190} INFO - [2025-02-13T00:28:05.965+0000] {dag.py:4180} INFO - Setting next_dagrun for example_sensors to None, run_after=None
[2025-02-13T00:28:05.981+0000] {processor.py:208} INFO - Processing /home/airflow/.local/lib/python3.12/site-packages/airflow/example_dags/example_sensors.py took 0.066 seconds
