[2025-02-13T00:00:45.800+0000] {processor.py:186} INFO - Started process (PID=170) to work on /home/airflow/.local/lib/python3.12/site-packages/airflow/example_dags/example_nested_branch_dag.py
[2025-02-13T00:00:45.801+0000] {processor.py:914} INFO - Processing file /home/airflow/.local/lib/python3.12/site-packages/airflow/example_dags/example_nested_branch_dag.py for tasks to queue
[2025-02-13T00:00:45.804+0000] {logging_mixin.py:190} INFO - [2025-02-13T00:00:45.804+0000] {dagbag.py:588} INFO - Filling up the DagBag from /home/airflow/.local/lib/python3.12/site-packages/airflow/example_dags/example_nested_branch_dag.py
[2025-02-13T00:00:45.846+0000] {processor.py:925} INFO - DAG(s) 'example_nested_branch_dag' retrieved from /home/airflow/.local/lib/python3.12/site-packages/airflow/example_dags/example_nested_branch_dag.py
[2025-02-13T00:00:45.914+0000] {logging_mixin.py:190} INFO - [2025-02-13T00:00:45.914+0000] {dag.py:3239} INFO - Sync 1 DAGs
[2025-02-13T00:00:45.991+0000] {logging_mixin.py:190} INFO - [2025-02-13T00:00:45.990+0000] {dag.py:4180} INFO - Setting next_dagrun for example_nested_branch_dag to 2025-02-12 00:00:00+00:00, run_after=2025-02-13 00:00:00+00:00
[2025-02-13T00:00:48.395+0000] {processor.py:208} INFO - Processing /home/airflow/.local/lib/python3.12/site-packages/airflow/example_dags/example_nested_branch_dag.py took 2.611 seconds
[2025-02-13T00:01:21.932+0000] {processor.py:186} INFO - Started process (PID=228) to work on /home/airflow/.local/lib/python3.12/site-packages/airflow/example_dags/example_nested_branch_dag.py
[2025-02-13T00:01:21.933+0000] {processor.py:914} INFO - Processing file /home/airflow/.local/lib/python3.12/site-packages/airflow/example_dags/example_nested_branch_dag.py for tasks to queue
[2025-02-13T00:01:21.936+0000] {logging_mixin.py:190} INFO - [2025-02-13T00:01:21.935+0000] {dagbag.py:588} INFO - Filling up the DagBag from /home/airflow/.local/lib/python3.12/site-packages/airflow/example_dags/example_nested_branch_dag.py
[2025-02-13T00:01:21.951+0000] {processor.py:925} INFO - DAG(s) 'example_nested_branch_dag' retrieved from /home/airflow/.local/lib/python3.12/site-packages/airflow/example_dags/example_nested_branch_dag.py
[2025-02-13T00:01:21.981+0000] {logging_mixin.py:190} INFO - [2025-02-13T00:01:21.980+0000] {dag.py:3239} INFO - Sync 1 DAGs
[2025-02-13T00:01:22.029+0000] {logging_mixin.py:190} INFO - [2025-02-13T00:01:22.029+0000] {dag.py:4180} INFO - Setting next_dagrun for example_nested_branch_dag to 2025-02-12 00:00:00+00:00, run_after=2025-02-13 00:00:00+00:00
[2025-02-13T00:01:22.064+0000] {processor.py:208} INFO - Processing /home/airflow/.local/lib/python3.12/site-packages/airflow/example_dags/example_nested_branch_dag.py took 0.141 seconds
[2025-02-13T00:02:18.342+0000] {processor.py:186} INFO - Started process (PID=286) to work on /home/airflow/.local/lib/python3.12/site-packages/airflow/example_dags/example_nested_branch_dag.py
[2025-02-13T00:02:18.343+0000] {processor.py:914} INFO - Processing file /home/airflow/.local/lib/python3.12/site-packages/airflow/example_dags/example_nested_branch_dag.py for tasks to queue
[2025-02-13T00:02:18.346+0000] {logging_mixin.py:190} INFO - [2025-02-13T00:02:18.346+0000] {dagbag.py:588} INFO - Filling up the DagBag from /home/airflow/.local/lib/python3.12/site-packages/airflow/example_dags/example_nested_branch_dag.py
[2025-02-13T00:02:18.362+0000] {processor.py:925} INFO - DAG(s) 'example_nested_branch_dag' retrieved from /home/airflow/.local/lib/python3.12/site-packages/airflow/example_dags/example_nested_branch_dag.py
[2025-02-13T00:02:18.401+0000] {logging_mixin.py:190} INFO - [2025-02-13T00:02:18.400+0000] {dag.py:3239} INFO - Sync 1 DAGs
[2025-02-13T00:02:18.453+0000] {logging_mixin.py:190} INFO - [2025-02-13T00:02:18.452+0000] {dag.py:4180} INFO - Setting next_dagrun for example_nested_branch_dag to 2025-02-12 00:00:00+00:00, run_after=2025-02-13 00:00:00+00:00
[2025-02-13T00:02:18.481+0000] {processor.py:208} INFO - Processing /home/airflow/.local/lib/python3.12/site-packages/airflow/example_dags/example_nested_branch_dag.py took 0.150 seconds
[2025-02-13T00:02:54.189+0000] {processor.py:186} INFO - Started process (PID=344) to work on /home/airflow/.local/lib/python3.12/site-packages/airflow/example_dags/example_nested_branch_dag.py
[2025-02-13T00:02:54.199+0000] {processor.py:914} INFO - Processing file /home/airflow/.local/lib/python3.12/site-packages/airflow/example_dags/example_nested_branch_dag.py for tasks to queue
[2025-02-13T00:02:54.202+0000] {logging_mixin.py:190} INFO - [2025-02-13T00:02:54.201+0000] {dagbag.py:588} INFO - Filling up the DagBag from /home/airflow/.local/lib/python3.12/site-packages/airflow/example_dags/example_nested_branch_dag.py
[2025-02-13T00:02:54.245+0000] {processor.py:925} INFO - DAG(s) 'example_nested_branch_dag' retrieved from /home/airflow/.local/lib/python3.12/site-packages/airflow/example_dags/example_nested_branch_dag.py
[2025-02-13T00:02:54.294+0000] {logging_mixin.py:190} INFO - [2025-02-13T00:02:54.294+0000] {dag.py:3239} INFO - Sync 1 DAGs
[2025-02-13T00:02:54.366+0000] {logging_mixin.py:190} INFO - [2025-02-13T00:02:54.366+0000] {dag.py:4180} INFO - Setting next_dagrun for example_nested_branch_dag to 2025-02-12 00:00:00+00:00, run_after=2025-02-13 00:00:00+00:00
[2025-02-13T00:02:54.491+0000] {processor.py:208} INFO - Processing /home/airflow/.local/lib/python3.12/site-packages/airflow/example_dags/example_nested_branch_dag.py took 0.317 seconds
[2025-02-13T00:03:28.720+0000] {processor.py:186} INFO - Started process (PID=395) to work on /home/airflow/.local/lib/python3.12/site-packages/airflow/example_dags/example_nested_branch_dag.py
[2025-02-13T00:03:28.725+0000] {processor.py:914} INFO - Processing file /home/airflow/.local/lib/python3.12/site-packages/airflow/example_dags/example_nested_branch_dag.py for tasks to queue
[2025-02-13T00:03:28.727+0000] {logging_mixin.py:190} INFO - [2025-02-13T00:03:28.727+0000] {dagbag.py:588} INFO - Filling up the DagBag from /home/airflow/.local/lib/python3.12/site-packages/airflow/example_dags/example_nested_branch_dag.py
[2025-02-13T00:03:28.785+0000] {processor.py:925} INFO - DAG(s) 'example_nested_branch_dag' retrieved from /home/airflow/.local/lib/python3.12/site-packages/airflow/example_dags/example_nested_branch_dag.py
[2025-02-13T00:03:28.838+0000] {logging_mixin.py:190} INFO - [2025-02-13T00:03:28.837+0000] {dag.py:3239} INFO - Sync 1 DAGs
[2025-02-13T00:03:29.328+0000] {logging_mixin.py:190} INFO - [2025-02-13T00:03:29.328+0000] {dag.py:4180} INFO - Setting next_dagrun for example_nested_branch_dag to 2025-02-12 00:00:00+00:00, run_after=2025-02-13 00:00:00+00:00
[2025-02-13T00:03:31.137+0000] {processor.py:208} INFO - Processing /home/airflow/.local/lib/python3.12/site-packages/airflow/example_dags/example_nested_branch_dag.py took 2.432 seconds
[2025-02-13T00:04:01.436+0000] {processor.py:186} INFO - Started process (PID=453) to work on /home/airflow/.local/lib/python3.12/site-packages/airflow/example_dags/example_nested_branch_dag.py
[2025-02-13T00:04:01.441+0000] {processor.py:914} INFO - Processing file /home/airflow/.local/lib/python3.12/site-packages/airflow/example_dags/example_nested_branch_dag.py for tasks to queue
[2025-02-13T00:04:01.448+0000] {logging_mixin.py:190} INFO - [2025-02-13T00:04:01.447+0000] {dagbag.py:588} INFO - Filling up the DagBag from /home/airflow/.local/lib/python3.12/site-packages/airflow/example_dags/example_nested_branch_dag.py
[2025-02-13T00:04:01.483+0000] {processor.py:925} INFO - DAG(s) 'example_nested_branch_dag' retrieved from /home/airflow/.local/lib/python3.12/site-packages/airflow/example_dags/example_nested_branch_dag.py
[2025-02-13T00:04:01.569+0000] {logging_mixin.py:190} INFO - [2025-02-13T00:04:01.568+0000] {dag.py:3239} INFO - Sync 1 DAGs
[2025-02-13T00:04:01.692+0000] {logging_mixin.py:190} INFO - [2025-02-13T00:04:01.692+0000] {dag.py:4180} INFO - Setting next_dagrun for example_nested_branch_dag to 2025-02-12 00:00:00+00:00, run_after=2025-02-13 00:00:00+00:00
[2025-02-13T00:04:01.757+0000] {processor.py:208} INFO - Processing /home/airflow/.local/lib/python3.12/site-packages/airflow/example_dags/example_nested_branch_dag.py took 0.336 seconds
[2025-02-13T00:04:32.482+0000] {processor.py:186} INFO - Started process (PID=511) to work on /home/airflow/.local/lib/python3.12/site-packages/airflow/example_dags/example_nested_branch_dag.py
[2025-02-13T00:04:32.483+0000] {processor.py:914} INFO - Processing file /home/airflow/.local/lib/python3.12/site-packages/airflow/example_dags/example_nested_branch_dag.py for tasks to queue
[2025-02-13T00:04:32.486+0000] {logging_mixin.py:190} INFO - [2025-02-13T00:04:32.485+0000] {dagbag.py:588} INFO - Filling up the DagBag from /home/airflow/.local/lib/python3.12/site-packages/airflow/example_dags/example_nested_branch_dag.py
[2025-02-13T00:04:32.506+0000] {processor.py:925} INFO - DAG(s) 'example_nested_branch_dag' retrieved from /home/airflow/.local/lib/python3.12/site-packages/airflow/example_dags/example_nested_branch_dag.py
[2025-02-13T00:04:32.551+0000] {logging_mixin.py:190} INFO - [2025-02-13T00:04:32.551+0000] {dag.py:3239} INFO - Sync 1 DAGs
[2025-02-13T00:04:32.584+0000] {logging_mixin.py:190} INFO - [2025-02-13T00:04:32.584+0000] {dag.py:4180} INFO - Setting next_dagrun for example_nested_branch_dag to 2025-02-12 00:00:00+00:00, run_after=2025-02-13 00:00:00+00:00
[2025-02-13T00:04:32.605+0000] {processor.py:208} INFO - Processing /home/airflow/.local/lib/python3.12/site-packages/airflow/example_dags/example_nested_branch_dag.py took 0.132 seconds
[2025-02-13T00:05:04.304+0000] {processor.py:186} INFO - Started process (PID=569) to work on /home/airflow/.local/lib/python3.12/site-packages/airflow/example_dags/example_nested_branch_dag.py
[2025-02-13T00:05:04.310+0000] {processor.py:914} INFO - Processing file /home/airflow/.local/lib/python3.12/site-packages/airflow/example_dags/example_nested_branch_dag.py for tasks to queue
[2025-02-13T00:05:04.317+0000] {logging_mixin.py:190} INFO - [2025-02-13T00:05:04.317+0000] {dagbag.py:588} INFO - Filling up the DagBag from /home/airflow/.local/lib/python3.12/site-packages/airflow/example_dags/example_nested_branch_dag.py
[2025-02-13T00:05:04.339+0000] {processor.py:925} INFO - DAG(s) 'example_nested_branch_dag' retrieved from /home/airflow/.local/lib/python3.12/site-packages/airflow/example_dags/example_nested_branch_dag.py
[2025-02-13T00:05:04.390+0000] {logging_mixin.py:190} INFO - [2025-02-13T00:05:04.389+0000] {dag.py:3239} INFO - Sync 1 DAGs
[2025-02-13T00:05:04.448+0000] {logging_mixin.py:190} INFO - [2025-02-13T00:05:04.448+0000] {dag.py:4180} INFO - Setting next_dagrun for example_nested_branch_dag to 2025-02-12 00:00:00+00:00, run_after=2025-02-13 00:00:00+00:00
[2025-02-13T00:05:04.489+0000] {processor.py:208} INFO - Processing /home/airflow/.local/lib/python3.12/site-packages/airflow/example_dags/example_nested_branch_dag.py took 0.207 seconds
[2025-02-13T00:05:36.692+0000] {processor.py:186} INFO - Started process (PID=627) to work on /home/airflow/.local/lib/python3.12/site-packages/airflow/example_dags/example_nested_branch_dag.py
[2025-02-13T00:05:36.692+0000] {processor.py:914} INFO - Processing file /home/airflow/.local/lib/python3.12/site-packages/airflow/example_dags/example_nested_branch_dag.py for tasks to queue
[2025-02-13T00:05:36.694+0000] {logging_mixin.py:190} INFO - [2025-02-13T00:05:36.694+0000] {dagbag.py:588} INFO - Filling up the DagBag from /home/airflow/.local/lib/python3.12/site-packages/airflow/example_dags/example_nested_branch_dag.py
[2025-02-13T00:05:36.704+0000] {processor.py:925} INFO - DAG(s) 'example_nested_branch_dag' retrieved from /home/airflow/.local/lib/python3.12/site-packages/airflow/example_dags/example_nested_branch_dag.py
[2025-02-13T00:05:36.723+0000] {logging_mixin.py:190} INFO - [2025-02-13T00:05:36.722+0000] {dag.py:3239} INFO - Sync 1 DAGs
[2025-02-13T00:05:36.743+0000] {logging_mixin.py:190} INFO - [2025-02-13T00:05:36.743+0000] {dag.py:4180} INFO - Setting next_dagrun for example_nested_branch_dag to 2025-02-12 00:00:00+00:00, run_after=2025-02-13 00:00:00+00:00
[2025-02-13T00:05:36.796+0000] {processor.py:208} INFO - Processing /home/airflow/.local/lib/python3.12/site-packages/airflow/example_dags/example_nested_branch_dag.py took 0.110 seconds
[2025-02-13T00:06:07.615+0000] {processor.py:186} INFO - Started process (PID=685) to work on /home/airflow/.local/lib/python3.12/site-packages/airflow/example_dags/example_nested_branch_dag.py
[2025-02-13T00:06:07.616+0000] {processor.py:914} INFO - Processing file /home/airflow/.local/lib/python3.12/site-packages/airflow/example_dags/example_nested_branch_dag.py for tasks to queue
[2025-02-13T00:06:07.618+0000] {logging_mixin.py:190} INFO - [2025-02-13T00:06:07.618+0000] {dagbag.py:588} INFO - Filling up the DagBag from /home/airflow/.local/lib/python3.12/site-packages/airflow/example_dags/example_nested_branch_dag.py
[2025-02-13T00:06:07.643+0000] {processor.py:925} INFO - DAG(s) 'example_nested_branch_dag' retrieved from /home/airflow/.local/lib/python3.12/site-packages/airflow/example_dags/example_nested_branch_dag.py
[2025-02-13T00:06:07.680+0000] {logging_mixin.py:190} INFO - [2025-02-13T00:06:07.678+0000] {dag.py:3239} INFO - Sync 1 DAGs
[2025-02-13T00:06:07.708+0000] {logging_mixin.py:190} INFO - [2025-02-13T00:06:07.707+0000] {dag.py:4180} INFO - Setting next_dagrun for example_nested_branch_dag to 2025-02-12 00:00:00+00:00, run_after=2025-02-13 00:00:00+00:00
[2025-02-13T00:06:07.802+0000] {processor.py:208} INFO - Processing /home/airflow/.local/lib/python3.12/site-packages/airflow/example_dags/example_nested_branch_dag.py took 0.194 seconds
[2025-02-13T00:06:38.065+0000] {processor.py:186} INFO - Started process (PID=743) to work on /home/airflow/.local/lib/python3.12/site-packages/airflow/example_dags/example_nested_branch_dag.py
[2025-02-13T00:06:38.065+0000] {processor.py:914} INFO - Processing file /home/airflow/.local/lib/python3.12/site-packages/airflow/example_dags/example_nested_branch_dag.py for tasks to queue
[2025-02-13T00:06:38.070+0000] {logging_mixin.py:190} INFO - [2025-02-13T00:06:38.070+0000] {dagbag.py:588} INFO - Filling up the DagBag from /home/airflow/.local/lib/python3.12/site-packages/airflow/example_dags/example_nested_branch_dag.py
[2025-02-13T00:06:38.087+0000] {processor.py:925} INFO - DAG(s) 'example_nested_branch_dag' retrieved from /home/airflow/.local/lib/python3.12/site-packages/airflow/example_dags/example_nested_branch_dag.py
[2025-02-13T00:06:38.139+0000] {logging_mixin.py:190} INFO - [2025-02-13T00:06:38.139+0000] {dag.py:3239} INFO - Sync 1 DAGs
[2025-02-13T00:06:38.199+0000] {logging_mixin.py:190} INFO - [2025-02-13T00:06:38.199+0000] {dag.py:4180} INFO - Setting next_dagrun for example_nested_branch_dag to 2025-02-12 00:00:00+00:00, run_after=2025-02-13 00:00:00+00:00
[2025-02-13T00:06:38.233+0000] {processor.py:208} INFO - Processing /home/airflow/.local/lib/python3.12/site-packages/airflow/example_dags/example_nested_branch_dag.py took 0.179 seconds
[2025-02-13T00:07:09.010+0000] {processor.py:186} INFO - Started process (PID=801) to work on /home/airflow/.local/lib/python3.12/site-packages/airflow/example_dags/example_nested_branch_dag.py
[2025-02-13T00:07:09.011+0000] {processor.py:914} INFO - Processing file /home/airflow/.local/lib/python3.12/site-packages/airflow/example_dags/example_nested_branch_dag.py for tasks to queue
[2025-02-13T00:07:09.013+0000] {logging_mixin.py:190} INFO - [2025-02-13T00:07:09.013+0000] {dagbag.py:588} INFO - Filling up the DagBag from /home/airflow/.local/lib/python3.12/site-packages/airflow/example_dags/example_nested_branch_dag.py
[2025-02-13T00:07:09.028+0000] {processor.py:925} INFO - DAG(s) 'example_nested_branch_dag' retrieved from /home/airflow/.local/lib/python3.12/site-packages/airflow/example_dags/example_nested_branch_dag.py
[2025-02-13T00:07:09.080+0000] {logging_mixin.py:190} INFO - [2025-02-13T00:07:09.079+0000] {dag.py:3239} INFO - Sync 1 DAGs
[2025-02-13T00:07:09.118+0000] {logging_mixin.py:190} INFO - [2025-02-13T00:07:09.117+0000] {dag.py:4180} INFO - Setting next_dagrun for example_nested_branch_dag to 2025-02-12 00:00:00+00:00, run_after=2025-02-13 00:00:00+00:00
[2025-02-13T00:07:09.135+0000] {processor.py:208} INFO - Processing /home/airflow/.local/lib/python3.12/site-packages/airflow/example_dags/example_nested_branch_dag.py took 0.132 seconds
[2025-02-13T00:07:40.110+0000] {processor.py:186} INFO - Started process (PID=859) to work on /home/airflow/.local/lib/python3.12/site-packages/airflow/example_dags/example_nested_branch_dag.py
[2025-02-13T00:07:40.116+0000] {processor.py:914} INFO - Processing file /home/airflow/.local/lib/python3.12/site-packages/airflow/example_dags/example_nested_branch_dag.py for tasks to queue
[2025-02-13T00:07:40.120+0000] {logging_mixin.py:190} INFO - [2025-02-13T00:07:40.119+0000] {dagbag.py:588} INFO - Filling up the DagBag from /home/airflow/.local/lib/python3.12/site-packages/airflow/example_dags/example_nested_branch_dag.py
[2025-02-13T00:07:40.141+0000] {processor.py:925} INFO - DAG(s) 'example_nested_branch_dag' retrieved from /home/airflow/.local/lib/python3.12/site-packages/airflow/example_dags/example_nested_branch_dag.py
[2025-02-13T00:07:40.185+0000] {logging_mixin.py:190} INFO - [2025-02-13T00:07:40.184+0000] {dag.py:3239} INFO - Sync 1 DAGs
[2025-02-13T00:07:40.223+0000] {logging_mixin.py:190} INFO - [2025-02-13T00:07:40.222+0000] {dag.py:4180} INFO - Setting next_dagrun for example_nested_branch_dag to 2025-02-12 00:00:00+00:00, run_after=2025-02-13 00:00:00+00:00
[2025-02-13T00:07:40.242+0000] {processor.py:208} INFO - Processing /home/airflow/.local/lib/python3.12/site-packages/airflow/example_dags/example_nested_branch_dag.py took 0.141 seconds
[2025-02-13T00:08:10.311+0000] {processor.py:186} INFO - Started process (PID=917) to work on /home/airflow/.local/lib/python3.12/site-packages/airflow/example_dags/example_nested_branch_dag.py
[2025-02-13T00:08:10.313+0000] {processor.py:914} INFO - Processing file /home/airflow/.local/lib/python3.12/site-packages/airflow/example_dags/example_nested_branch_dag.py for tasks to queue
[2025-02-13T00:08:10.318+0000] {logging_mixin.py:190} INFO - [2025-02-13T00:08:10.318+0000] {dagbag.py:588} INFO - Filling up the DagBag from /home/airflow/.local/lib/python3.12/site-packages/airflow/example_dags/example_nested_branch_dag.py
[2025-02-13T00:08:10.361+0000] {processor.py:925} INFO - DAG(s) 'example_nested_branch_dag' retrieved from /home/airflow/.local/lib/python3.12/site-packages/airflow/example_dags/example_nested_branch_dag.py
[2025-02-13T00:08:10.392+0000] {logging_mixin.py:190} INFO - [2025-02-13T00:08:10.391+0000] {dag.py:3239} INFO - Sync 1 DAGs
[2025-02-13T00:08:10.452+0000] {logging_mixin.py:190} INFO - [2025-02-13T00:08:10.451+0000] {dag.py:4180} INFO - Setting next_dagrun for example_nested_branch_dag to 2025-02-12 00:00:00+00:00, run_after=2025-02-13 00:00:00+00:00
[2025-02-13T00:08:10.471+0000] {processor.py:208} INFO - Processing /home/airflow/.local/lib/python3.12/site-packages/airflow/example_dags/example_nested_branch_dag.py took 0.174 seconds
[2025-02-13T00:08:41.243+0000] {processor.py:186} INFO - Started process (PID=975) to work on /home/airflow/.local/lib/python3.12/site-packages/airflow/example_dags/example_nested_branch_dag.py
[2025-02-13T00:08:41.245+0000] {processor.py:914} INFO - Processing file /home/airflow/.local/lib/python3.12/site-packages/airflow/example_dags/example_nested_branch_dag.py for tasks to queue
[2025-02-13T00:08:41.248+0000] {logging_mixin.py:190} INFO - [2025-02-13T00:08:41.248+0000] {dagbag.py:588} INFO - Filling up the DagBag from /home/airflow/.local/lib/python3.12/site-packages/airflow/example_dags/example_nested_branch_dag.py
[2025-02-13T00:08:41.262+0000] {processor.py:925} INFO - DAG(s) 'example_nested_branch_dag' retrieved from /home/airflow/.local/lib/python3.12/site-packages/airflow/example_dags/example_nested_branch_dag.py
[2025-02-13T00:08:41.287+0000] {logging_mixin.py:190} INFO - [2025-02-13T00:08:41.286+0000] {dag.py:3239} INFO - Sync 1 DAGs
[2025-02-13T00:08:41.316+0000] {logging_mixin.py:190} INFO - [2025-02-13T00:08:41.316+0000] {dag.py:4180} INFO - Setting next_dagrun for example_nested_branch_dag to 2025-02-12 00:00:00+00:00, run_after=2025-02-13 00:00:00+00:00
[2025-02-13T00:08:41.344+0000] {processor.py:208} INFO - Processing /home/airflow/.local/lib/python3.12/site-packages/airflow/example_dags/example_nested_branch_dag.py took 0.107 seconds
[2025-02-13T00:09:11.408+0000] {processor.py:186} INFO - Started process (PID=1033) to work on /home/airflow/.local/lib/python3.12/site-packages/airflow/example_dags/example_nested_branch_dag.py
[2025-02-13T00:09:11.409+0000] {processor.py:914} INFO - Processing file /home/airflow/.local/lib/python3.12/site-packages/airflow/example_dags/example_nested_branch_dag.py for tasks to queue
[2025-02-13T00:09:11.411+0000] {logging_mixin.py:190} INFO - [2025-02-13T00:09:11.411+0000] {dagbag.py:588} INFO - Filling up the DagBag from /home/airflow/.local/lib/python3.12/site-packages/airflow/example_dags/example_nested_branch_dag.py
[2025-02-13T00:09:11.425+0000] {processor.py:925} INFO - DAG(s) 'example_nested_branch_dag' retrieved from /home/airflow/.local/lib/python3.12/site-packages/airflow/example_dags/example_nested_branch_dag.py
[2025-02-13T00:09:11.450+0000] {logging_mixin.py:190} INFO - [2025-02-13T00:09:11.450+0000] {dag.py:3239} INFO - Sync 1 DAGs
[2025-02-13T00:09:11.480+0000] {logging_mixin.py:190} INFO - [2025-02-13T00:09:11.480+0000] {dag.py:4180} INFO - Setting next_dagrun for example_nested_branch_dag to 2025-02-12 00:00:00+00:00, run_after=2025-02-13 00:00:00+00:00
[2025-02-13T00:09:11.497+0000] {processor.py:208} INFO - Processing /home/airflow/.local/lib/python3.12/site-packages/airflow/example_dags/example_nested_branch_dag.py took 0.096 seconds
[2025-02-13T00:09:41.666+0000] {processor.py:186} INFO - Started process (PID=1091) to work on /home/airflow/.local/lib/python3.12/site-packages/airflow/example_dags/example_nested_branch_dag.py
[2025-02-13T00:09:41.667+0000] {processor.py:914} INFO - Processing file /home/airflow/.local/lib/python3.12/site-packages/airflow/example_dags/example_nested_branch_dag.py for tasks to queue
[2025-02-13T00:09:41.669+0000] {logging_mixin.py:190} INFO - [2025-02-13T00:09:41.669+0000] {dagbag.py:588} INFO - Filling up the DagBag from /home/airflow/.local/lib/python3.12/site-packages/airflow/example_dags/example_nested_branch_dag.py
[2025-02-13T00:09:41.684+0000] {processor.py:925} INFO - DAG(s) 'example_nested_branch_dag' retrieved from /home/airflow/.local/lib/python3.12/site-packages/airflow/example_dags/example_nested_branch_dag.py
[2025-02-13T00:09:41.708+0000] {logging_mixin.py:190} INFO - [2025-02-13T00:09:41.707+0000] {dag.py:3239} INFO - Sync 1 DAGs
[2025-02-13T00:09:41.738+0000] {logging_mixin.py:190} INFO - [2025-02-13T00:09:41.738+0000] {dag.py:4180} INFO - Setting next_dagrun for example_nested_branch_dag to 2025-02-12 00:00:00+00:00, run_after=2025-02-13 00:00:00+00:00
[2025-02-13T00:09:41.757+0000] {processor.py:208} INFO - Processing /home/airflow/.local/lib/python3.12/site-packages/airflow/example_dags/example_nested_branch_dag.py took 0.099 seconds
[2025-02-13T00:10:11.971+0000] {processor.py:186} INFO - Started process (PID=1149) to work on /home/airflow/.local/lib/python3.12/site-packages/airflow/example_dags/example_nested_branch_dag.py
[2025-02-13T00:10:11.972+0000] {processor.py:914} INFO - Processing file /home/airflow/.local/lib/python3.12/site-packages/airflow/example_dags/example_nested_branch_dag.py for tasks to queue
[2025-02-13T00:10:11.979+0000] {logging_mixin.py:190} INFO - [2025-02-13T00:10:11.979+0000] {dagbag.py:588} INFO - Filling up the DagBag from /home/airflow/.local/lib/python3.12/site-packages/airflow/example_dags/example_nested_branch_dag.py
[2025-02-13T00:10:11.992+0000] {processor.py:925} INFO - DAG(s) 'example_nested_branch_dag' retrieved from /home/airflow/.local/lib/python3.12/site-packages/airflow/example_dags/example_nested_branch_dag.py
[2025-02-13T00:10:12.017+0000] {logging_mixin.py:190} INFO - [2025-02-13T00:10:12.016+0000] {dag.py:3239} INFO - Sync 1 DAGs
[2025-02-13T00:10:12.046+0000] {logging_mixin.py:190} INFO - [2025-02-13T00:10:12.046+0000] {dag.py:4180} INFO - Setting next_dagrun for example_nested_branch_dag to 2025-02-12 00:00:00+00:00, run_after=2025-02-13 00:00:00+00:00
[2025-02-13T00:10:12.065+0000] {processor.py:208} INFO - Processing /home/airflow/.local/lib/python3.12/site-packages/airflow/example_dags/example_nested_branch_dag.py took 0.101 seconds
[2025-02-13T00:10:42.195+0000] {processor.py:186} INFO - Started process (PID=1207) to work on /home/airflow/.local/lib/python3.12/site-packages/airflow/example_dags/example_nested_branch_dag.py
[2025-02-13T00:10:42.196+0000] {processor.py:914} INFO - Processing file /home/airflow/.local/lib/python3.12/site-packages/airflow/example_dags/example_nested_branch_dag.py for tasks to queue
[2025-02-13T00:10:42.200+0000] {logging_mixin.py:190} INFO - [2025-02-13T00:10:42.200+0000] {dagbag.py:588} INFO - Filling up the DagBag from /home/airflow/.local/lib/python3.12/site-packages/airflow/example_dags/example_nested_branch_dag.py
[2025-02-13T00:10:42.214+0000] {processor.py:925} INFO - DAG(s) 'example_nested_branch_dag' retrieved from /home/airflow/.local/lib/python3.12/site-packages/airflow/example_dags/example_nested_branch_dag.py
[2025-02-13T00:10:42.240+0000] {logging_mixin.py:190} INFO - [2025-02-13T00:10:42.239+0000] {dag.py:3239} INFO - Sync 1 DAGs
[2025-02-13T00:10:42.268+0000] {logging_mixin.py:190} INFO - [2025-02-13T00:10:42.268+0000] {dag.py:4180} INFO - Setting next_dagrun for example_nested_branch_dag to 2025-02-12 00:00:00+00:00, run_after=2025-02-13 00:00:00+00:00
[2025-02-13T00:10:42.286+0000] {processor.py:208} INFO - Processing /home/airflow/.local/lib/python3.12/site-packages/airflow/example_dags/example_nested_branch_dag.py took 0.098 seconds
[2025-02-13T00:11:12.473+0000] {processor.py:186} INFO - Started process (PID=1265) to work on /home/airflow/.local/lib/python3.12/site-packages/airflow/example_dags/example_nested_branch_dag.py
[2025-02-13T00:11:12.473+0000] {processor.py:914} INFO - Processing file /home/airflow/.local/lib/python3.12/site-packages/airflow/example_dags/example_nested_branch_dag.py for tasks to queue
[2025-02-13T00:11:12.476+0000] {logging_mixin.py:190} INFO - [2025-02-13T00:11:12.475+0000] {dagbag.py:588} INFO - Filling up the DagBag from /home/airflow/.local/lib/python3.12/site-packages/airflow/example_dags/example_nested_branch_dag.py
[2025-02-13T00:11:12.490+0000] {processor.py:925} INFO - DAG(s) 'example_nested_branch_dag' retrieved from /home/airflow/.local/lib/python3.12/site-packages/airflow/example_dags/example_nested_branch_dag.py
[2025-02-13T00:11:12.515+0000] {logging_mixin.py:190} INFO - [2025-02-13T00:11:12.514+0000] {dag.py:3239} INFO - Sync 1 DAGs
[2025-02-13T00:11:12.545+0000] {logging_mixin.py:190} INFO - [2025-02-13T00:11:12.545+0000] {dag.py:4180} INFO - Setting next_dagrun for example_nested_branch_dag to 2025-02-12 00:00:00+00:00, run_after=2025-02-13 00:00:00+00:00
[2025-02-13T00:11:12.564+0000] {processor.py:208} INFO - Processing /home/airflow/.local/lib/python3.12/site-packages/airflow/example_dags/example_nested_branch_dag.py took 0.098 seconds
[2025-02-13T00:11:42.919+0000] {processor.py:186} INFO - Started process (PID=1323) to work on /home/airflow/.local/lib/python3.12/site-packages/airflow/example_dags/example_nested_branch_dag.py
[2025-02-13T00:11:42.920+0000] {processor.py:914} INFO - Processing file /home/airflow/.local/lib/python3.12/site-packages/airflow/example_dags/example_nested_branch_dag.py for tasks to queue
[2025-02-13T00:11:42.922+0000] {logging_mixin.py:190} INFO - [2025-02-13T00:11:42.922+0000] {dagbag.py:588} INFO - Filling up the DagBag from /home/airflow/.local/lib/python3.12/site-packages/airflow/example_dags/example_nested_branch_dag.py
[2025-02-13T00:11:42.936+0000] {processor.py:925} INFO - DAG(s) 'example_nested_branch_dag' retrieved from /home/airflow/.local/lib/python3.12/site-packages/airflow/example_dags/example_nested_branch_dag.py
[2025-02-13T00:11:42.960+0000] {logging_mixin.py:190} INFO - [2025-02-13T00:11:42.960+0000] {dag.py:3239} INFO - Sync 1 DAGs
[2025-02-13T00:11:42.991+0000] {logging_mixin.py:190} INFO - [2025-02-13T00:11:42.990+0000] {dag.py:4180} INFO - Setting next_dagrun for example_nested_branch_dag to 2025-02-12 00:00:00+00:00, run_after=2025-02-13 00:00:00+00:00
[2025-02-13T00:11:43.009+0000] {processor.py:208} INFO - Processing /home/airflow/.local/lib/python3.12/site-packages/airflow/example_dags/example_nested_branch_dag.py took 0.097 seconds
[2025-02-13T00:12:13.428+0000] {processor.py:186} INFO - Started process (PID=1381) to work on /home/airflow/.local/lib/python3.12/site-packages/airflow/example_dags/example_nested_branch_dag.py
[2025-02-13T00:12:13.429+0000] {processor.py:914} INFO - Processing file /home/airflow/.local/lib/python3.12/site-packages/airflow/example_dags/example_nested_branch_dag.py for tasks to queue
[2025-02-13T00:12:13.431+0000] {logging_mixin.py:190} INFO - [2025-02-13T00:12:13.430+0000] {dagbag.py:588} INFO - Filling up the DagBag from /home/airflow/.local/lib/python3.12/site-packages/airflow/example_dags/example_nested_branch_dag.py
[2025-02-13T00:12:13.441+0000] {processor.py:925} INFO - DAG(s) 'example_nested_branch_dag' retrieved from /home/airflow/.local/lib/python3.12/site-packages/airflow/example_dags/example_nested_branch_dag.py
[2025-02-13T00:12:13.459+0000] {logging_mixin.py:190} INFO - [2025-02-13T00:12:13.458+0000] {dag.py:3239} INFO - Sync 1 DAGs
[2025-02-13T00:12:13.482+0000] {logging_mixin.py:190} INFO - [2025-02-13T00:12:13.482+0000] {dag.py:4180} INFO - Setting next_dagrun for example_nested_branch_dag to 2025-02-12 00:00:00+00:00, run_after=2025-02-13 00:00:00+00:00
[2025-02-13T00:12:13.496+0000] {processor.py:208} INFO - Processing /home/airflow/.local/lib/python3.12/site-packages/airflow/example_dags/example_nested_branch_dag.py took 0.072 seconds
[2025-02-13T00:12:43.815+0000] {processor.py:186} INFO - Started process (PID=1439) to work on /home/airflow/.local/lib/python3.12/site-packages/airflow/example_dags/example_nested_branch_dag.py
[2025-02-13T00:12:43.815+0000] {processor.py:914} INFO - Processing file /home/airflow/.local/lib/python3.12/site-packages/airflow/example_dags/example_nested_branch_dag.py for tasks to queue
[2025-02-13T00:12:43.818+0000] {logging_mixin.py:190} INFO - [2025-02-13T00:12:43.817+0000] {dagbag.py:588} INFO - Filling up the DagBag from /home/airflow/.local/lib/python3.12/site-packages/airflow/example_dags/example_nested_branch_dag.py
[2025-02-13T00:12:43.831+0000] {processor.py:925} INFO - DAG(s) 'example_nested_branch_dag' retrieved from /home/airflow/.local/lib/python3.12/site-packages/airflow/example_dags/example_nested_branch_dag.py
[2025-02-13T00:12:43.856+0000] {logging_mixin.py:190} INFO - [2025-02-13T00:12:43.855+0000] {dag.py:3239} INFO - Sync 1 DAGs
[2025-02-13T00:12:43.887+0000] {logging_mixin.py:190} INFO - [2025-02-13T00:12:43.886+0000] {dag.py:4180} INFO - Setting next_dagrun for example_nested_branch_dag to 2025-02-12 00:00:00+00:00, run_after=2025-02-13 00:00:00+00:00
[2025-02-13T00:12:43.911+0000] {processor.py:208} INFO - Processing /home/airflow/.local/lib/python3.12/site-packages/airflow/example_dags/example_nested_branch_dag.py took 0.103 seconds
[2025-02-13T00:13:14.041+0000] {processor.py:186} INFO - Started process (PID=1497) to work on /home/airflow/.local/lib/python3.12/site-packages/airflow/example_dags/example_nested_branch_dag.py
[2025-02-13T00:13:14.042+0000] {processor.py:914} INFO - Processing file /home/airflow/.local/lib/python3.12/site-packages/airflow/example_dags/example_nested_branch_dag.py for tasks to queue
[2025-02-13T00:13:14.045+0000] {logging_mixin.py:190} INFO - [2025-02-13T00:13:14.044+0000] {dagbag.py:588} INFO - Filling up the DagBag from /home/airflow/.local/lib/python3.12/site-packages/airflow/example_dags/example_nested_branch_dag.py
[2025-02-13T00:13:14.059+0000] {processor.py:925} INFO - DAG(s) 'example_nested_branch_dag' retrieved from /home/airflow/.local/lib/python3.12/site-packages/airflow/example_dags/example_nested_branch_dag.py
[2025-02-13T00:13:14.082+0000] {logging_mixin.py:190} INFO - [2025-02-13T00:13:14.082+0000] {dag.py:3239} INFO - Sync 1 DAGs
[2025-02-13T00:13:14.114+0000] {logging_mixin.py:190} INFO - [2025-02-13T00:13:14.114+0000] {dag.py:4180} INFO - Setting next_dagrun for example_nested_branch_dag to 2025-02-12 00:00:00+00:00, run_after=2025-02-13 00:00:00+00:00
[2025-02-13T00:13:14.133+0000] {processor.py:208} INFO - Processing /home/airflow/.local/lib/python3.12/site-packages/airflow/example_dags/example_nested_branch_dag.py took 0.099 seconds
[2025-02-13T00:13:44.336+0000] {processor.py:186} INFO - Started process (PID=1555) to work on /home/airflow/.local/lib/python3.12/site-packages/airflow/example_dags/example_nested_branch_dag.py
[2025-02-13T00:13:44.337+0000] {processor.py:914} INFO - Processing file /home/airflow/.local/lib/python3.12/site-packages/airflow/example_dags/example_nested_branch_dag.py for tasks to queue
[2025-02-13T00:13:44.339+0000] {logging_mixin.py:190} INFO - [2025-02-13T00:13:44.339+0000] {dagbag.py:588} INFO - Filling up the DagBag from /home/airflow/.local/lib/python3.12/site-packages/airflow/example_dags/example_nested_branch_dag.py
[2025-02-13T00:13:44.353+0000] {processor.py:925} INFO - DAG(s) 'example_nested_branch_dag' retrieved from /home/airflow/.local/lib/python3.12/site-packages/airflow/example_dags/example_nested_branch_dag.py
[2025-02-13T00:13:44.378+0000] {logging_mixin.py:190} INFO - [2025-02-13T00:13:44.378+0000] {dag.py:3239} INFO - Sync 1 DAGs
[2025-02-13T00:13:44.408+0000] {logging_mixin.py:190} INFO - [2025-02-13T00:13:44.408+0000] {dag.py:4180} INFO - Setting next_dagrun for example_nested_branch_dag to 2025-02-12 00:00:00+00:00, run_after=2025-02-13 00:00:00+00:00
[2025-02-13T00:13:44.426+0000] {processor.py:208} INFO - Processing /home/airflow/.local/lib/python3.12/site-packages/airflow/example_dags/example_nested_branch_dag.py took 0.097 seconds
[2025-02-13T00:14:15.310+0000] {processor.py:186} INFO - Started process (PID=1613) to work on /home/airflow/.local/lib/python3.12/site-packages/airflow/example_dags/example_nested_branch_dag.py
[2025-02-13T00:14:15.311+0000] {processor.py:914} INFO - Processing file /home/airflow/.local/lib/python3.12/site-packages/airflow/example_dags/example_nested_branch_dag.py for tasks to queue
[2025-02-13T00:14:15.315+0000] {logging_mixin.py:190} INFO - [2025-02-13T00:14:15.315+0000] {dagbag.py:588} INFO - Filling up the DagBag from /home/airflow/.local/lib/python3.12/site-packages/airflow/example_dags/example_nested_branch_dag.py
[2025-02-13T00:14:15.329+0000] {processor.py:925} INFO - DAG(s) 'example_nested_branch_dag' retrieved from /home/airflow/.local/lib/python3.12/site-packages/airflow/example_dags/example_nested_branch_dag.py
[2025-02-13T00:14:15.358+0000] {logging_mixin.py:190} INFO - [2025-02-13T00:14:15.357+0000] {dag.py:3239} INFO - Sync 1 DAGs
[2025-02-13T00:14:15.389+0000] {logging_mixin.py:190} INFO - [2025-02-13T00:14:15.388+0000] {dag.py:4180} INFO - Setting next_dagrun for example_nested_branch_dag to 2025-02-12 00:00:00+00:00, run_after=2025-02-13 00:00:00+00:00
[2025-02-13T00:14:15.407+0000] {processor.py:208} INFO - Processing /home/airflow/.local/lib/python3.12/site-packages/airflow/example_dags/example_nested_branch_dag.py took 0.105 seconds
[2025-02-13T00:14:45.693+0000] {processor.py:186} INFO - Started process (PID=1671) to work on /home/airflow/.local/lib/python3.12/site-packages/airflow/example_dags/example_nested_branch_dag.py
[2025-02-13T00:14:45.694+0000] {processor.py:914} INFO - Processing file /home/airflow/.local/lib/python3.12/site-packages/airflow/example_dags/example_nested_branch_dag.py for tasks to queue
[2025-02-13T00:14:45.697+0000] {logging_mixin.py:190} INFO - [2025-02-13T00:14:45.696+0000] {dagbag.py:588} INFO - Filling up the DagBag from /home/airflow/.local/lib/python3.12/site-packages/airflow/example_dags/example_nested_branch_dag.py
[2025-02-13T00:14:45.718+0000] {processor.py:925} INFO - DAG(s) 'example_nested_branch_dag' retrieved from /home/airflow/.local/lib/python3.12/site-packages/airflow/example_dags/example_nested_branch_dag.py
[2025-02-13T00:14:45.742+0000] {logging_mixin.py:190} INFO - [2025-02-13T00:14:45.741+0000] {dag.py:3239} INFO - Sync 1 DAGs
[2025-02-13T00:14:45.774+0000] {logging_mixin.py:190} INFO - [2025-02-13T00:14:45.774+0000] {dag.py:4180} INFO - Setting next_dagrun for example_nested_branch_dag to 2025-02-12 00:00:00+00:00, run_after=2025-02-13 00:00:00+00:00
[2025-02-13T00:14:45.792+0000] {processor.py:208} INFO - Processing /home/airflow/.local/lib/python3.12/site-packages/airflow/example_dags/example_nested_branch_dag.py took 0.107 seconds
[2025-02-13T00:15:15.931+0000] {processor.py:186} INFO - Started process (PID=1729) to work on /home/airflow/.local/lib/python3.12/site-packages/airflow/example_dags/example_nested_branch_dag.py
[2025-02-13T00:15:15.931+0000] {processor.py:914} INFO - Processing file /home/airflow/.local/lib/python3.12/site-packages/airflow/example_dags/example_nested_branch_dag.py for tasks to queue
[2025-02-13T00:15:15.934+0000] {logging_mixin.py:190} INFO - [2025-02-13T00:15:15.934+0000] {dagbag.py:588} INFO - Filling up the DagBag from /home/airflow/.local/lib/python3.12/site-packages/airflow/example_dags/example_nested_branch_dag.py
[2025-02-13T00:15:15.947+0000] {processor.py:925} INFO - DAG(s) 'example_nested_branch_dag' retrieved from /home/airflow/.local/lib/python3.12/site-packages/airflow/example_dags/example_nested_branch_dag.py
[2025-02-13T00:15:15.972+0000] {logging_mixin.py:190} INFO - [2025-02-13T00:15:15.972+0000] {dag.py:3239} INFO - Sync 1 DAGs
[2025-02-13T00:15:16.003+0000] {logging_mixin.py:190} INFO - [2025-02-13T00:15:16.002+0000] {dag.py:4180} INFO - Setting next_dagrun for example_nested_branch_dag to 2025-02-12 00:00:00+00:00, run_after=2025-02-13 00:00:00+00:00
[2025-02-13T00:15:16.021+0000] {processor.py:208} INFO - Processing /home/airflow/.local/lib/python3.12/site-packages/airflow/example_dags/example_nested_branch_dag.py took 0.098 seconds
[2025-02-13T00:15:46.239+0000] {processor.py:186} INFO - Started process (PID=1787) to work on /home/airflow/.local/lib/python3.12/site-packages/airflow/example_dags/example_nested_branch_dag.py
[2025-02-13T00:15:46.239+0000] {processor.py:914} INFO - Processing file /home/airflow/.local/lib/python3.12/site-packages/airflow/example_dags/example_nested_branch_dag.py for tasks to queue
[2025-02-13T00:15:46.242+0000] {logging_mixin.py:190} INFO - [2025-02-13T00:15:46.241+0000] {dagbag.py:588} INFO - Filling up the DagBag from /home/airflow/.local/lib/python3.12/site-packages/airflow/example_dags/example_nested_branch_dag.py
[2025-02-13T00:15:46.255+0000] {processor.py:925} INFO - DAG(s) 'example_nested_branch_dag' retrieved from /home/airflow/.local/lib/python3.12/site-packages/airflow/example_dags/example_nested_branch_dag.py
[2025-02-13T00:15:46.310+0000] {logging_mixin.py:190} INFO - [2025-02-13T00:15:46.309+0000] {dag.py:3239} INFO - Sync 1 DAGs
[2025-02-13T00:15:46.345+0000] {logging_mixin.py:190} INFO - [2025-02-13T00:15:46.345+0000] {dag.py:4180} INFO - Setting next_dagrun for example_nested_branch_dag to 2025-02-12 00:00:00+00:00, run_after=2025-02-13 00:00:00+00:00
[2025-02-13T00:15:46.371+0000] {processor.py:208} INFO - Processing /home/airflow/.local/lib/python3.12/site-packages/airflow/example_dags/example_nested_branch_dag.py took 0.140 seconds
[2025-02-13T00:16:16.585+0000] {processor.py:186} INFO - Started process (PID=1845) to work on /home/airflow/.local/lib/python3.12/site-packages/airflow/example_dags/example_nested_branch_dag.py
[2025-02-13T00:16:16.586+0000] {processor.py:914} INFO - Processing file /home/airflow/.local/lib/python3.12/site-packages/airflow/example_dags/example_nested_branch_dag.py for tasks to queue
[2025-02-13T00:16:16.589+0000] {logging_mixin.py:190} INFO - [2025-02-13T00:16:16.588+0000] {dagbag.py:588} INFO - Filling up the DagBag from /home/airflow/.local/lib/python3.12/site-packages/airflow/example_dags/example_nested_branch_dag.py
[2025-02-13T00:16:16.602+0000] {processor.py:925} INFO - DAG(s) 'example_nested_branch_dag' retrieved from /home/airflow/.local/lib/python3.12/site-packages/airflow/example_dags/example_nested_branch_dag.py
[2025-02-13T00:16:16.626+0000] {logging_mixin.py:190} INFO - [2025-02-13T00:16:16.626+0000] {dag.py:3239} INFO - Sync 1 DAGs
[2025-02-13T00:16:16.657+0000] {logging_mixin.py:190} INFO - [2025-02-13T00:16:16.657+0000] {dag.py:4180} INFO - Setting next_dagrun for example_nested_branch_dag to 2025-02-12 00:00:00+00:00, run_after=2025-02-13 00:00:00+00:00
[2025-02-13T00:16:16.678+0000] {processor.py:208} INFO - Processing /home/airflow/.local/lib/python3.12/site-packages/airflow/example_dags/example_nested_branch_dag.py took 0.100 seconds
[2025-02-13T00:16:46.880+0000] {processor.py:186} INFO - Started process (PID=1903) to work on /home/airflow/.local/lib/python3.12/site-packages/airflow/example_dags/example_nested_branch_dag.py
[2025-02-13T00:16:46.881+0000] {processor.py:914} INFO - Processing file /home/airflow/.local/lib/python3.12/site-packages/airflow/example_dags/example_nested_branch_dag.py for tasks to queue
[2025-02-13T00:16:46.883+0000] {logging_mixin.py:190} INFO - [2025-02-13T00:16:46.883+0000] {dagbag.py:588} INFO - Filling up the DagBag from /home/airflow/.local/lib/python3.12/site-packages/airflow/example_dags/example_nested_branch_dag.py
[2025-02-13T00:16:46.897+0000] {processor.py:925} INFO - DAG(s) 'example_nested_branch_dag' retrieved from /home/airflow/.local/lib/python3.12/site-packages/airflow/example_dags/example_nested_branch_dag.py
[2025-02-13T00:16:46.923+0000] {logging_mixin.py:190} INFO - [2025-02-13T00:16:46.923+0000] {dag.py:3239} INFO - Sync 1 DAGs
[2025-02-13T00:16:46.954+0000] {logging_mixin.py:190} INFO - [2025-02-13T00:16:46.954+0000] {dag.py:4180} INFO - Setting next_dagrun for example_nested_branch_dag to 2025-02-12 00:00:00+00:00, run_after=2025-02-13 00:00:00+00:00
[2025-02-13T00:16:46.972+0000] {processor.py:208} INFO - Processing /home/airflow/.local/lib/python3.12/site-packages/airflow/example_dags/example_nested_branch_dag.py took 0.098 seconds
[2025-02-13T00:17:17.152+0000] {processor.py:186} INFO - Started process (PID=1961) to work on /home/airflow/.local/lib/python3.12/site-packages/airflow/example_dags/example_nested_branch_dag.py
[2025-02-13T00:17:17.153+0000] {processor.py:914} INFO - Processing file /home/airflow/.local/lib/python3.12/site-packages/airflow/example_dags/example_nested_branch_dag.py for tasks to queue
[2025-02-13T00:17:17.155+0000] {logging_mixin.py:190} INFO - [2025-02-13T00:17:17.155+0000] {dagbag.py:588} INFO - Filling up the DagBag from /home/airflow/.local/lib/python3.12/site-packages/airflow/example_dags/example_nested_branch_dag.py
[2025-02-13T00:17:17.169+0000] {processor.py:925} INFO - DAG(s) 'example_nested_branch_dag' retrieved from /home/airflow/.local/lib/python3.12/site-packages/airflow/example_dags/example_nested_branch_dag.py
[2025-02-13T00:17:17.196+0000] {logging_mixin.py:190} INFO - [2025-02-13T00:17:17.195+0000] {dag.py:3239} INFO - Sync 1 DAGs
[2025-02-13T00:17:17.226+0000] {logging_mixin.py:190} INFO - [2025-02-13T00:17:17.225+0000] {dag.py:4180} INFO - Setting next_dagrun for example_nested_branch_dag to 2025-02-12 00:00:00+00:00, run_after=2025-02-13 00:00:00+00:00
[2025-02-13T00:17:17.243+0000] {processor.py:208} INFO - Processing /home/airflow/.local/lib/python3.12/site-packages/airflow/example_dags/example_nested_branch_dag.py took 0.097 seconds
[2025-02-13T00:17:47.488+0000] {processor.py:186} INFO - Started process (PID=2019) to work on /home/airflow/.local/lib/python3.12/site-packages/airflow/example_dags/example_nested_branch_dag.py
[2025-02-13T00:17:47.488+0000] {processor.py:914} INFO - Processing file /home/airflow/.local/lib/python3.12/site-packages/airflow/example_dags/example_nested_branch_dag.py for tasks to queue
[2025-02-13T00:17:47.490+0000] {logging_mixin.py:190} INFO - [2025-02-13T00:17:47.490+0000] {dagbag.py:588} INFO - Filling up the DagBag from /home/airflow/.local/lib/python3.12/site-packages/airflow/example_dags/example_nested_branch_dag.py
[2025-02-13T00:17:47.500+0000] {processor.py:925} INFO - DAG(s) 'example_nested_branch_dag' retrieved from /home/airflow/.local/lib/python3.12/site-packages/airflow/example_dags/example_nested_branch_dag.py
[2025-02-13T00:17:47.518+0000] {logging_mixin.py:190} INFO - [2025-02-13T00:17:47.517+0000] {dag.py:3239} INFO - Sync 1 DAGs
[2025-02-13T00:17:47.537+0000] {logging_mixin.py:190} INFO - [2025-02-13T00:17:47.537+0000] {dag.py:4180} INFO - Setting next_dagrun for example_nested_branch_dag to 2025-02-12 00:00:00+00:00, run_after=2025-02-13 00:00:00+00:00
[2025-02-13T00:17:47.551+0000] {processor.py:208} INFO - Processing /home/airflow/.local/lib/python3.12/site-packages/airflow/example_dags/example_nested_branch_dag.py took 0.068 seconds
[2025-02-13T00:18:17.788+0000] {processor.py:186} INFO - Started process (PID=2077) to work on /home/airflow/.local/lib/python3.12/site-packages/airflow/example_dags/example_nested_branch_dag.py
[2025-02-13T00:18:17.789+0000] {processor.py:914} INFO - Processing file /home/airflow/.local/lib/python3.12/site-packages/airflow/example_dags/example_nested_branch_dag.py for tasks to queue
[2025-02-13T00:18:17.791+0000] {logging_mixin.py:190} INFO - [2025-02-13T00:18:17.791+0000] {dagbag.py:588} INFO - Filling up the DagBag from /home/airflow/.local/lib/python3.12/site-packages/airflow/example_dags/example_nested_branch_dag.py
[2025-02-13T00:18:17.804+0000] {processor.py:925} INFO - DAG(s) 'example_nested_branch_dag' retrieved from /home/airflow/.local/lib/python3.12/site-packages/airflow/example_dags/example_nested_branch_dag.py
[2025-02-13T00:18:17.829+0000] {logging_mixin.py:190} INFO - [2025-02-13T00:18:17.829+0000] {dag.py:3239} INFO - Sync 1 DAGs
[2025-02-13T00:18:17.859+0000] {logging_mixin.py:190} INFO - [2025-02-13T00:18:17.859+0000] {dag.py:4180} INFO - Setting next_dagrun for example_nested_branch_dag to 2025-02-12 00:00:00+00:00, run_after=2025-02-13 00:00:00+00:00
[2025-02-13T00:18:17.877+0000] {processor.py:208} INFO - Processing /home/airflow/.local/lib/python3.12/site-packages/airflow/example_dags/example_nested_branch_dag.py took 0.097 seconds
[2025-02-13T00:18:48.932+0000] {processor.py:186} INFO - Started process (PID=2135) to work on /home/airflow/.local/lib/python3.12/site-packages/airflow/example_dags/example_nested_branch_dag.py
[2025-02-13T00:18:48.933+0000] {processor.py:914} INFO - Processing file /home/airflow/.local/lib/python3.12/site-packages/airflow/example_dags/example_nested_branch_dag.py for tasks to queue
[2025-02-13T00:18:48.935+0000] {logging_mixin.py:190} INFO - [2025-02-13T00:18:48.935+0000] {dagbag.py:588} INFO - Filling up the DagBag from /home/airflow/.local/lib/python3.12/site-packages/airflow/example_dags/example_nested_branch_dag.py
[2025-02-13T00:18:48.949+0000] {processor.py:925} INFO - DAG(s) 'example_nested_branch_dag' retrieved from /home/airflow/.local/lib/python3.12/site-packages/airflow/example_dags/example_nested_branch_dag.py
[2025-02-13T00:18:48.969+0000] {logging_mixin.py:190} INFO - [2025-02-13T00:18:48.968+0000] {dag.py:3239} INFO - Sync 1 DAGs
[2025-02-13T00:18:48.988+0000] {logging_mixin.py:190} INFO - [2025-02-13T00:18:48.988+0000] {dag.py:4180} INFO - Setting next_dagrun for example_nested_branch_dag to 2025-02-12 00:00:00+00:00, run_after=2025-02-13 00:00:00+00:00
[2025-02-13T00:18:49.002+0000] {processor.py:208} INFO - Processing /home/airflow/.local/lib/python3.12/site-packages/airflow/example_dags/example_nested_branch_dag.py took 0.074 seconds
[2025-02-13T00:19:19.146+0000] {processor.py:186} INFO - Started process (PID=2193) to work on /home/airflow/.local/lib/python3.12/site-packages/airflow/example_dags/example_nested_branch_dag.py
[2025-02-13T00:19:19.147+0000] {processor.py:914} INFO - Processing file /home/airflow/.local/lib/python3.12/site-packages/airflow/example_dags/example_nested_branch_dag.py for tasks to queue
[2025-02-13T00:19:19.155+0000] {logging_mixin.py:190} INFO - [2025-02-13T00:19:19.154+0000] {dagbag.py:588} INFO - Filling up the DagBag from /home/airflow/.local/lib/python3.12/site-packages/airflow/example_dags/example_nested_branch_dag.py
[2025-02-13T00:19:19.182+0000] {processor.py:925} INFO - DAG(s) 'example_nested_branch_dag' retrieved from /home/airflow/.local/lib/python3.12/site-packages/airflow/example_dags/example_nested_branch_dag.py
[2025-02-13T00:19:19.225+0000] {logging_mixin.py:190} INFO - [2025-02-13T00:19:19.225+0000] {dag.py:3239} INFO - Sync 1 DAGs
[2025-02-13T00:19:19.256+0000] {logging_mixin.py:190} INFO - [2025-02-13T00:19:19.256+0000] {dag.py:4180} INFO - Setting next_dagrun for example_nested_branch_dag to 2025-02-12 00:00:00+00:00, run_after=2025-02-13 00:00:00+00:00
[2025-02-13T00:19:19.293+0000] {processor.py:208} INFO - Processing /home/airflow/.local/lib/python3.12/site-packages/airflow/example_dags/example_nested_branch_dag.py took 0.157 seconds
[2025-02-13T00:19:50.189+0000] {processor.py:186} INFO - Started process (PID=2251) to work on /home/airflow/.local/lib/python3.12/site-packages/airflow/example_dags/example_nested_branch_dag.py
[2025-02-13T00:19:50.189+0000] {processor.py:914} INFO - Processing file /home/airflow/.local/lib/python3.12/site-packages/airflow/example_dags/example_nested_branch_dag.py for tasks to queue
[2025-02-13T00:19:50.192+0000] {logging_mixin.py:190} INFO - [2025-02-13T00:19:50.191+0000] {dagbag.py:588} INFO - Filling up the DagBag from /home/airflow/.local/lib/python3.12/site-packages/airflow/example_dags/example_nested_branch_dag.py
[2025-02-13T00:19:50.205+0000] {processor.py:925} INFO - DAG(s) 'example_nested_branch_dag' retrieved from /home/airflow/.local/lib/python3.12/site-packages/airflow/example_dags/example_nested_branch_dag.py
[2025-02-13T00:19:50.231+0000] {logging_mixin.py:190} INFO - [2025-02-13T00:19:50.230+0000] {dag.py:3239} INFO - Sync 1 DAGs
[2025-02-13T00:19:50.260+0000] {logging_mixin.py:190} INFO - [2025-02-13T00:19:50.260+0000] {dag.py:4180} INFO - Setting next_dagrun for example_nested_branch_dag to 2025-02-12 00:00:00+00:00, run_after=2025-02-13 00:00:00+00:00
[2025-02-13T00:19:50.279+0000] {processor.py:208} INFO - Processing /home/airflow/.local/lib/python3.12/site-packages/airflow/example_dags/example_nested_branch_dag.py took 0.097 seconds
[2025-02-13T00:20:20.458+0000] {processor.py:186} INFO - Started process (PID=2308) to work on /home/airflow/.local/lib/python3.12/site-packages/airflow/example_dags/example_nested_branch_dag.py
[2025-02-13T00:20:20.459+0000] {processor.py:914} INFO - Processing file /home/airflow/.local/lib/python3.12/site-packages/airflow/example_dags/example_nested_branch_dag.py for tasks to queue
[2025-02-13T00:20:20.461+0000] {logging_mixin.py:190} INFO - [2025-02-13T00:20:20.461+0000] {dagbag.py:588} INFO - Filling up the DagBag from /home/airflow/.local/lib/python3.12/site-packages/airflow/example_dags/example_nested_branch_dag.py
[2025-02-13T00:20:20.476+0000] {processor.py:925} INFO - DAG(s) 'example_nested_branch_dag' retrieved from /home/airflow/.local/lib/python3.12/site-packages/airflow/example_dags/example_nested_branch_dag.py
[2025-02-13T00:20:20.502+0000] {logging_mixin.py:190} INFO - [2025-02-13T00:20:20.502+0000] {dag.py:3239} INFO - Sync 1 DAGs
[2025-02-13T00:20:20.533+0000] {logging_mixin.py:190} INFO - [2025-02-13T00:20:20.532+0000] {dag.py:4180} INFO - Setting next_dagrun for example_nested_branch_dag to 2025-02-12 00:00:00+00:00, run_after=2025-02-13 00:00:00+00:00
[2025-02-13T00:20:20.569+0000] {processor.py:208} INFO - Processing /home/airflow/.local/lib/python3.12/site-packages/airflow/example_dags/example_nested_branch_dag.py took 0.118 seconds
[2025-02-13T00:20:50.800+0000] {processor.py:186} INFO - Started process (PID=2366) to work on /home/airflow/.local/lib/python3.12/site-packages/airflow/example_dags/example_nested_branch_dag.py
[2025-02-13T00:20:50.800+0000] {processor.py:914} INFO - Processing file /home/airflow/.local/lib/python3.12/site-packages/airflow/example_dags/example_nested_branch_dag.py for tasks to queue
[2025-02-13T00:20:50.803+0000] {logging_mixin.py:190} INFO - [2025-02-13T00:20:50.803+0000] {dagbag.py:588} INFO - Filling up the DagBag from /home/airflow/.local/lib/python3.12/site-packages/airflow/example_dags/example_nested_branch_dag.py
[2025-02-13T00:20:50.817+0000] {processor.py:925} INFO - DAG(s) 'example_nested_branch_dag' retrieved from /home/airflow/.local/lib/python3.12/site-packages/airflow/example_dags/example_nested_branch_dag.py
[2025-02-13T00:20:50.844+0000] {logging_mixin.py:190} INFO - [2025-02-13T00:20:50.843+0000] {dag.py:3239} INFO - Sync 1 DAGs
[2025-02-13T00:20:50.895+0000] {logging_mixin.py:190} INFO - [2025-02-13T00:20:50.894+0000] {dag.py:4180} INFO - Setting next_dagrun for example_nested_branch_dag to 2025-02-12 00:00:00+00:00, run_after=2025-02-13 00:00:00+00:00
[2025-02-13T00:20:50.912+0000] {processor.py:208} INFO - Processing /home/airflow/.local/lib/python3.12/site-packages/airflow/example_dags/example_nested_branch_dag.py took 0.122 seconds
[2025-02-13T00:21:21.102+0000] {processor.py:186} INFO - Started process (PID=2424) to work on /home/airflow/.local/lib/python3.12/site-packages/airflow/example_dags/example_nested_branch_dag.py
[2025-02-13T00:21:21.103+0000] {processor.py:914} INFO - Processing file /home/airflow/.local/lib/python3.12/site-packages/airflow/example_dags/example_nested_branch_dag.py for tasks to queue
[2025-02-13T00:21:21.105+0000] {logging_mixin.py:190} INFO - [2025-02-13T00:21:21.105+0000] {dagbag.py:588} INFO - Filling up the DagBag from /home/airflow/.local/lib/python3.12/site-packages/airflow/example_dags/example_nested_branch_dag.py
[2025-02-13T00:21:21.137+0000] {processor.py:925} INFO - DAG(s) 'example_nested_branch_dag' retrieved from /home/airflow/.local/lib/python3.12/site-packages/airflow/example_dags/example_nested_branch_dag.py
[2025-02-13T00:21:21.163+0000] {logging_mixin.py:190} INFO - [2025-02-13T00:21:21.162+0000] {dag.py:3239} INFO - Sync 1 DAGs
[2025-02-13T00:21:21.193+0000] {logging_mixin.py:190} INFO - [2025-02-13T00:21:21.193+0000] {dag.py:4180} INFO - Setting next_dagrun for example_nested_branch_dag to 2025-02-12 00:00:00+00:00, run_after=2025-02-13 00:00:00+00:00
[2025-02-13T00:21:21.210+0000] {processor.py:208} INFO - Processing /home/airflow/.local/lib/python3.12/site-packages/airflow/example_dags/example_nested_branch_dag.py took 0.115 seconds
[2025-02-13T00:21:51.466+0000] {processor.py:186} INFO - Started process (PID=2482) to work on /home/airflow/.local/lib/python3.12/site-packages/airflow/example_dags/example_nested_branch_dag.py
[2025-02-13T00:21:51.467+0000] {processor.py:914} INFO - Processing file /home/airflow/.local/lib/python3.12/site-packages/airflow/example_dags/example_nested_branch_dag.py for tasks to queue
[2025-02-13T00:21:51.469+0000] {logging_mixin.py:190} INFO - [2025-02-13T00:21:51.468+0000] {dagbag.py:588} INFO - Filling up the DagBag from /home/airflow/.local/lib/python3.12/site-packages/airflow/example_dags/example_nested_branch_dag.py
[2025-02-13T00:21:51.483+0000] {processor.py:925} INFO - DAG(s) 'example_nested_branch_dag' retrieved from /home/airflow/.local/lib/python3.12/site-packages/airflow/example_dags/example_nested_branch_dag.py
[2025-02-13T00:21:51.510+0000] {logging_mixin.py:190} INFO - [2025-02-13T00:21:51.510+0000] {dag.py:3239} INFO - Sync 1 DAGs
[2025-02-13T00:21:51.540+0000] {logging_mixin.py:190} INFO - [2025-02-13T00:21:51.540+0000] {dag.py:4180} INFO - Setting next_dagrun for example_nested_branch_dag to 2025-02-12 00:00:00+00:00, run_after=2025-02-13 00:00:00+00:00
[2025-02-13T00:21:51.558+0000] {processor.py:208} INFO - Processing /home/airflow/.local/lib/python3.12/site-packages/airflow/example_dags/example_nested_branch_dag.py took 0.099 seconds
[2025-02-13T00:22:21.620+0000] {processor.py:186} INFO - Started process (PID=2540) to work on /home/airflow/.local/lib/python3.12/site-packages/airflow/example_dags/example_nested_branch_dag.py
[2025-02-13T00:22:21.621+0000] {processor.py:914} INFO - Processing file /home/airflow/.local/lib/python3.12/site-packages/airflow/example_dags/example_nested_branch_dag.py for tasks to queue
[2025-02-13T00:22:21.623+0000] {logging_mixin.py:190} INFO - [2025-02-13T00:22:21.623+0000] {dagbag.py:588} INFO - Filling up the DagBag from /home/airflow/.local/lib/python3.12/site-packages/airflow/example_dags/example_nested_branch_dag.py
[2025-02-13T00:22:21.638+0000] {processor.py:925} INFO - DAG(s) 'example_nested_branch_dag' retrieved from /home/airflow/.local/lib/python3.12/site-packages/airflow/example_dags/example_nested_branch_dag.py
[2025-02-13T00:22:21.665+0000] {logging_mixin.py:190} INFO - [2025-02-13T00:22:21.665+0000] {dag.py:3239} INFO - Sync 1 DAGs
[2025-02-13T00:22:21.696+0000] {logging_mixin.py:190} INFO - [2025-02-13T00:22:21.696+0000] {dag.py:4180} INFO - Setting next_dagrun for example_nested_branch_dag to 2025-02-12 00:00:00+00:00, run_after=2025-02-13 00:00:00+00:00
[2025-02-13T00:22:21.714+0000] {processor.py:208} INFO - Processing /home/airflow/.local/lib/python3.12/site-packages/airflow/example_dags/example_nested_branch_dag.py took 0.100 seconds
[2025-02-13T00:22:52.713+0000] {processor.py:186} INFO - Started process (PID=2598) to work on /home/airflow/.local/lib/python3.12/site-packages/airflow/example_dags/example_nested_branch_dag.py
[2025-02-13T00:22:52.714+0000] {processor.py:914} INFO - Processing file /home/airflow/.local/lib/python3.12/site-packages/airflow/example_dags/example_nested_branch_dag.py for tasks to queue
[2025-02-13T00:22:52.716+0000] {logging_mixin.py:190} INFO - [2025-02-13T00:22:52.716+0000] {dagbag.py:588} INFO - Filling up the DagBag from /home/airflow/.local/lib/python3.12/site-packages/airflow/example_dags/example_nested_branch_dag.py
[2025-02-13T00:22:52.730+0000] {processor.py:925} INFO - DAG(s) 'example_nested_branch_dag' retrieved from /home/airflow/.local/lib/python3.12/site-packages/airflow/example_dags/example_nested_branch_dag.py
[2025-02-13T00:22:52.756+0000] {logging_mixin.py:190} INFO - [2025-02-13T00:22:52.756+0000] {dag.py:3239} INFO - Sync 1 DAGs
[2025-02-13T00:22:52.788+0000] {logging_mixin.py:190} INFO - [2025-02-13T00:22:52.788+0000] {dag.py:4180} INFO - Setting next_dagrun for example_nested_branch_dag to 2025-02-12 00:00:00+00:00, run_after=2025-02-13 00:00:00+00:00
[2025-02-13T00:22:52.807+0000] {processor.py:208} INFO - Processing /home/airflow/.local/lib/python3.12/site-packages/airflow/example_dags/example_nested_branch_dag.py took 0.100 seconds
[2025-02-13T00:23:23.056+0000] {processor.py:186} INFO - Started process (PID=2656) to work on /home/airflow/.local/lib/python3.12/site-packages/airflow/example_dags/example_nested_branch_dag.py
[2025-02-13T00:23:23.057+0000] {processor.py:914} INFO - Processing file /home/airflow/.local/lib/python3.12/site-packages/airflow/example_dags/example_nested_branch_dag.py for tasks to queue
[2025-02-13T00:23:23.059+0000] {logging_mixin.py:190} INFO - [2025-02-13T00:23:23.059+0000] {dagbag.py:588} INFO - Filling up the DagBag from /home/airflow/.local/lib/python3.12/site-packages/airflow/example_dags/example_nested_branch_dag.py
[2025-02-13T00:23:23.073+0000] {processor.py:925} INFO - DAG(s) 'example_nested_branch_dag' retrieved from /home/airflow/.local/lib/python3.12/site-packages/airflow/example_dags/example_nested_branch_dag.py
[2025-02-13T00:23:23.100+0000] {logging_mixin.py:190} INFO - [2025-02-13T00:23:23.099+0000] {dag.py:3239} INFO - Sync 1 DAGs
[2025-02-13T00:23:23.133+0000] {logging_mixin.py:190} INFO - [2025-02-13T00:23:23.133+0000] {dag.py:4180} INFO - Setting next_dagrun for example_nested_branch_dag to 2025-02-12 00:00:00+00:00, run_after=2025-02-13 00:00:00+00:00
[2025-02-13T00:23:23.158+0000] {processor.py:208} INFO - Processing /home/airflow/.local/lib/python3.12/site-packages/airflow/example_dags/example_nested_branch_dag.py took 0.108 seconds
[2025-02-13T00:23:53.351+0000] {processor.py:186} INFO - Started process (PID=2714) to work on /home/airflow/.local/lib/python3.12/site-packages/airflow/example_dags/example_nested_branch_dag.py
[2025-02-13T00:23:53.352+0000] {processor.py:914} INFO - Processing file /home/airflow/.local/lib/python3.12/site-packages/airflow/example_dags/example_nested_branch_dag.py for tasks to queue
[2025-02-13T00:23:53.355+0000] {logging_mixin.py:190} INFO - [2025-02-13T00:23:53.354+0000] {dagbag.py:588} INFO - Filling up the DagBag from /home/airflow/.local/lib/python3.12/site-packages/airflow/example_dags/example_nested_branch_dag.py
[2025-02-13T00:23:53.368+0000] {processor.py:925} INFO - DAG(s) 'example_nested_branch_dag' retrieved from /home/airflow/.local/lib/python3.12/site-packages/airflow/example_dags/example_nested_branch_dag.py
[2025-02-13T00:23:53.394+0000] {logging_mixin.py:190} INFO - [2025-02-13T00:23:53.393+0000] {dag.py:3239} INFO - Sync 1 DAGs
[2025-02-13T00:23:53.426+0000] {logging_mixin.py:190} INFO - [2025-02-13T00:23:53.425+0000] {dag.py:4180} INFO - Setting next_dagrun for example_nested_branch_dag to 2025-02-12 00:00:00+00:00, run_after=2025-02-13 00:00:00+00:00
[2025-02-13T00:23:53.472+0000] {processor.py:208} INFO - Processing /home/airflow/.local/lib/python3.12/site-packages/airflow/example_dags/example_nested_branch_dag.py took 0.128 seconds
[2025-02-13T00:24:24.441+0000] {processor.py:186} INFO - Started process (PID=2769) to work on /home/airflow/.local/lib/python3.12/site-packages/airflow/example_dags/example_nested_branch_dag.py
[2025-02-13T00:24:24.441+0000] {processor.py:914} INFO - Processing file /home/airflow/.local/lib/python3.12/site-packages/airflow/example_dags/example_nested_branch_dag.py for tasks to queue
[2025-02-13T00:24:24.444+0000] {logging_mixin.py:190} INFO - [2025-02-13T00:24:24.443+0000] {dagbag.py:588} INFO - Filling up the DagBag from /home/airflow/.local/lib/python3.12/site-packages/airflow/example_dags/example_nested_branch_dag.py
[2025-02-13T00:24:24.468+0000] {processor.py:925} INFO - DAG(s) 'example_nested_branch_dag' retrieved from /home/airflow/.local/lib/python3.12/site-packages/airflow/example_dags/example_nested_branch_dag.py
[2025-02-13T00:24:24.504+0000] {logging_mixin.py:190} INFO - [2025-02-13T00:24:24.503+0000] {dag.py:3239} INFO - Sync 1 DAGs
[2025-02-13T00:24:24.546+0000] {logging_mixin.py:190} INFO - [2025-02-13T00:24:24.546+0000] {dag.py:4180} INFO - Setting next_dagrun for example_nested_branch_dag to 2025-02-12 00:00:00+00:00, run_after=2025-02-13 00:00:00+00:00
[2025-02-13T00:24:24.564+0000] {processor.py:208} INFO - Processing /home/airflow/.local/lib/python3.12/site-packages/airflow/example_dags/example_nested_branch_dag.py took 0.131 seconds
[2025-02-13T00:24:55.752+0000] {processor.py:186} INFO - Started process (PID=2828) to work on /home/airflow/.local/lib/python3.12/site-packages/airflow/example_dags/example_nested_branch_dag.py
[2025-02-13T00:24:55.753+0000] {processor.py:914} INFO - Processing file /home/airflow/.local/lib/python3.12/site-packages/airflow/example_dags/example_nested_branch_dag.py for tasks to queue
[2025-02-13T00:24:55.755+0000] {logging_mixin.py:190} INFO - [2025-02-13T00:24:55.755+0000] {dagbag.py:588} INFO - Filling up the DagBag from /home/airflow/.local/lib/python3.12/site-packages/airflow/example_dags/example_nested_branch_dag.py
[2025-02-13T00:24:55.769+0000] {processor.py:925} INFO - DAG(s) 'example_nested_branch_dag' retrieved from /home/airflow/.local/lib/python3.12/site-packages/airflow/example_dags/example_nested_branch_dag.py
[2025-02-13T00:24:55.810+0000] {logging_mixin.py:190} INFO - [2025-02-13T00:24:55.809+0000] {dag.py:3239} INFO - Sync 1 DAGs
[2025-02-13T00:24:55.869+0000] {logging_mixin.py:190} INFO - [2025-02-13T00:24:55.869+0000] {dag.py:4180} INFO - Setting next_dagrun for example_nested_branch_dag to 2025-02-12 00:00:00+00:00, run_after=2025-02-13 00:00:00+00:00
[2025-02-13T00:24:55.937+0000] {processor.py:208} INFO - Processing /home/airflow/.local/lib/python3.12/site-packages/airflow/example_dags/example_nested_branch_dag.py took 0.192 seconds
[2025-02-13T00:25:26.939+0000] {processor.py:186} INFO - Started process (PID=2887) to work on /home/airflow/.local/lib/python3.12/site-packages/airflow/example_dags/example_nested_branch_dag.py
[2025-02-13T00:25:26.939+0000] {processor.py:914} INFO - Processing file /home/airflow/.local/lib/python3.12/site-packages/airflow/example_dags/example_nested_branch_dag.py for tasks to queue
[2025-02-13T00:25:26.942+0000] {logging_mixin.py:190} INFO - [2025-02-13T00:25:26.941+0000] {dagbag.py:588} INFO - Filling up the DagBag from /home/airflow/.local/lib/python3.12/site-packages/airflow/example_dags/example_nested_branch_dag.py
[2025-02-13T00:25:26.955+0000] {processor.py:925} INFO - DAG(s) 'example_nested_branch_dag' retrieved from /home/airflow/.local/lib/python3.12/site-packages/airflow/example_dags/example_nested_branch_dag.py
[2025-02-13T00:25:26.982+0000] {logging_mixin.py:190} INFO - [2025-02-13T00:25:26.982+0000] {dag.py:3239} INFO - Sync 1 DAGs
[2025-02-13T00:25:27.012+0000] {logging_mixin.py:190} INFO - [2025-02-13T00:25:27.012+0000] {dag.py:4180} INFO - Setting next_dagrun for example_nested_branch_dag to 2025-02-12 00:00:00+00:00, run_after=2025-02-13 00:00:00+00:00
[2025-02-13T00:25:27.047+0000] {processor.py:208} INFO - Processing /home/airflow/.local/lib/python3.12/site-packages/airflow/example_dags/example_nested_branch_dag.py took 0.115 seconds
[2025-02-13T00:25:57.340+0000] {processor.py:186} INFO - Started process (PID=2944) to work on /home/airflow/.local/lib/python3.12/site-packages/airflow/example_dags/example_nested_branch_dag.py
[2025-02-13T00:25:57.341+0000] {processor.py:914} INFO - Processing file /home/airflow/.local/lib/python3.12/site-packages/airflow/example_dags/example_nested_branch_dag.py for tasks to queue
[2025-02-13T00:25:57.343+0000] {logging_mixin.py:190} INFO - [2025-02-13T00:25:57.343+0000] {dagbag.py:588} INFO - Filling up the DagBag from /home/airflow/.local/lib/python3.12/site-packages/airflow/example_dags/example_nested_branch_dag.py
[2025-02-13T00:25:57.357+0000] {processor.py:925} INFO - DAG(s) 'example_nested_branch_dag' retrieved from /home/airflow/.local/lib/python3.12/site-packages/airflow/example_dags/example_nested_branch_dag.py
[2025-02-13T00:25:57.383+0000] {logging_mixin.py:190} INFO - [2025-02-13T00:25:57.383+0000] {dag.py:3239} INFO - Sync 1 DAGs
[2025-02-13T00:25:57.414+0000] {logging_mixin.py:190} INFO - [2025-02-13T00:25:57.413+0000] {dag.py:4180} INFO - Setting next_dagrun for example_nested_branch_dag to 2025-02-12 00:00:00+00:00, run_after=2025-02-13 00:00:00+00:00
[2025-02-13T00:25:57.432+0000] {processor.py:208} INFO - Processing /home/airflow/.local/lib/python3.12/site-packages/airflow/example_dags/example_nested_branch_dag.py took 0.099 seconds
[2025-02-13T00:26:27.833+0000] {processor.py:186} INFO - Started process (PID=3002) to work on /home/airflow/.local/lib/python3.12/site-packages/airflow/example_dags/example_nested_branch_dag.py
[2025-02-13T00:26:27.834+0000] {processor.py:914} INFO - Processing file /home/airflow/.local/lib/python3.12/site-packages/airflow/example_dags/example_nested_branch_dag.py for tasks to queue
[2025-02-13T00:26:27.837+0000] {logging_mixin.py:190} INFO - [2025-02-13T00:26:27.836+0000] {dagbag.py:588} INFO - Filling up the DagBag from /home/airflow/.local/lib/python3.12/site-packages/airflow/example_dags/example_nested_branch_dag.py
[2025-02-13T00:26:27.850+0000] {processor.py:925} INFO - DAG(s) 'example_nested_branch_dag' retrieved from /home/airflow/.local/lib/python3.12/site-packages/airflow/example_dags/example_nested_branch_dag.py
[2025-02-13T00:26:27.876+0000] {logging_mixin.py:190} INFO - [2025-02-13T00:26:27.875+0000] {dag.py:3239} INFO - Sync 1 DAGs
[2025-02-13T00:26:27.907+0000] {logging_mixin.py:190} INFO - [2025-02-13T00:26:27.907+0000] {dag.py:4180} INFO - Setting next_dagrun for example_nested_branch_dag to 2025-02-12 00:00:00+00:00, run_after=2025-02-13 00:00:00+00:00
[2025-02-13T00:26:27.925+0000] {processor.py:208} INFO - Processing /home/airflow/.local/lib/python3.12/site-packages/airflow/example_dags/example_nested_branch_dag.py took 0.101 seconds
[2025-02-13T00:26:59.086+0000] {processor.py:186} INFO - Started process (PID=3061) to work on /home/airflow/.local/lib/python3.12/site-packages/airflow/example_dags/example_nested_branch_dag.py
[2025-02-13T00:26:59.087+0000] {processor.py:914} INFO - Processing file /home/airflow/.local/lib/python3.12/site-packages/airflow/example_dags/example_nested_branch_dag.py for tasks to queue
[2025-02-13T00:26:59.089+0000] {logging_mixin.py:190} INFO - [2025-02-13T00:26:59.089+0000] {dagbag.py:588} INFO - Filling up the DagBag from /home/airflow/.local/lib/python3.12/site-packages/airflow/example_dags/example_nested_branch_dag.py
[2025-02-13T00:26:59.103+0000] {processor.py:925} INFO - DAG(s) 'example_nested_branch_dag' retrieved from /home/airflow/.local/lib/python3.12/site-packages/airflow/example_dags/example_nested_branch_dag.py
[2025-02-13T00:26:59.129+0000] {logging_mixin.py:190} INFO - [2025-02-13T00:26:59.128+0000] {dag.py:3239} INFO - Sync 1 DAGs
[2025-02-13T00:26:59.159+0000] {logging_mixin.py:190} INFO - [2025-02-13T00:26:59.159+0000] {dag.py:4180} INFO - Setting next_dagrun for example_nested_branch_dag to 2025-02-12 00:00:00+00:00, run_after=2025-02-13 00:00:00+00:00
[2025-02-13T00:26:59.179+0000] {processor.py:208} INFO - Processing /home/airflow/.local/lib/python3.12/site-packages/airflow/example_dags/example_nested_branch_dag.py took 0.100 seconds
[2025-02-13T00:27:29.253+0000] {processor.py:186} INFO - Started process (PID=3116) to work on /home/airflow/.local/lib/python3.12/site-packages/airflow/example_dags/example_nested_branch_dag.py
[2025-02-13T00:27:29.253+0000] {processor.py:914} INFO - Processing file /home/airflow/.local/lib/python3.12/site-packages/airflow/example_dags/example_nested_branch_dag.py for tasks to queue
[2025-02-13T00:27:29.256+0000] {logging_mixin.py:190} INFO - [2025-02-13T00:27:29.256+0000] {dagbag.py:588} INFO - Filling up the DagBag from /home/airflow/.local/lib/python3.12/site-packages/airflow/example_dags/example_nested_branch_dag.py
[2025-02-13T00:27:29.270+0000] {processor.py:925} INFO - DAG(s) 'example_nested_branch_dag' retrieved from /home/airflow/.local/lib/python3.12/site-packages/airflow/example_dags/example_nested_branch_dag.py
[2025-02-13T00:27:29.298+0000] {logging_mixin.py:190} INFO - [2025-02-13T00:27:29.297+0000] {dag.py:3239} INFO - Sync 1 DAGs
[2025-02-13T00:27:29.330+0000] {logging_mixin.py:190} INFO - [2025-02-13T00:27:29.330+0000] {dag.py:4180} INFO - Setting next_dagrun for example_nested_branch_dag to 2025-02-12 00:00:00+00:00, run_after=2025-02-13 00:00:00+00:00
[2025-02-13T00:27:29.349+0000] {processor.py:208} INFO - Processing /home/airflow/.local/lib/python3.12/site-packages/airflow/example_dags/example_nested_branch_dag.py took 0.103 seconds
[2025-02-13T00:27:59.437+0000] {processor.py:186} INFO - Started process (PID=3171) to work on /home/airflow/.local/lib/python3.12/site-packages/airflow/example_dags/example_nested_branch_dag.py
[2025-02-13T00:27:59.438+0000] {processor.py:914} INFO - Processing file /home/airflow/.local/lib/python3.12/site-packages/airflow/example_dags/example_nested_branch_dag.py for tasks to queue
[2025-02-13T00:27:59.440+0000] {logging_mixin.py:190} INFO - [2025-02-13T00:27:59.440+0000] {dagbag.py:588} INFO - Filling up the DagBag from /home/airflow/.local/lib/python3.12/site-packages/airflow/example_dags/example_nested_branch_dag.py
[2025-02-13T00:27:59.454+0000] {processor.py:925} INFO - DAG(s) 'example_nested_branch_dag' retrieved from /home/airflow/.local/lib/python3.12/site-packages/airflow/example_dags/example_nested_branch_dag.py
[2025-02-13T00:27:59.481+0000] {logging_mixin.py:190} INFO - [2025-02-13T00:27:59.481+0000] {dag.py:3239} INFO - Sync 1 DAGs
[2025-02-13T00:27:59.533+0000] {logging_mixin.py:190} INFO - [2025-02-13T00:27:59.533+0000] {dag.py:4180} INFO - Setting next_dagrun for example_nested_branch_dag to 2025-02-12 00:00:00+00:00, run_after=2025-02-13 00:00:00+00:00
[2025-02-13T00:27:59.573+0000] {processor.py:208} INFO - Processing /home/airflow/.local/lib/python3.12/site-packages/airflow/example_dags/example_nested_branch_dag.py took 0.143 seconds
