[2025-02-13T00:00:48.968+0000] {processor.py:186} INFO - Started process (PID=173) to work on /home/airflow/.local/lib/python3.12/site-packages/airflow/example_dags/example_complex.py
[2025-02-13T00:00:48.969+0000] {processor.py:914} INFO - Processing file /home/airflow/.local/lib/python3.12/site-packages/airflow/example_dags/example_complex.py for tasks to queue
[2025-02-13T00:00:48.971+0000] {logging_mixin.py:190} INFO - [2025-02-13T00:00:48.971+0000] {dagbag.py:588} INFO - Filling up the DagBag from /home/airflow/.local/lib/python3.12/site-packages/airflow/example_dags/example_complex.py
[2025-02-13T00:00:49.044+0000] {processor.py:925} INFO - DAG(s) 'example_complex' retrieved from /home/airflow/.local/lib/python3.12/site-packages/airflow/example_dags/example_complex.py
[2025-02-13T00:00:49.230+0000] {logging_mixin.py:190} INFO - [2025-02-13T00:00:49.229+0000] {dag.py:3239} INFO - Sync 1 DAGs
[2025-02-13T00:00:49.276+0000] {logging_mixin.py:190} INFO - [2025-02-13T00:00:49.275+0000] {dag.py:4180} INFO - Setting next_dagrun for example_complex to None, run_after=None
[2025-02-13T00:00:50.211+0000] {processor.py:208} INFO - Processing /home/airflow/.local/lib/python3.12/site-packages/airflow/example_dags/example_complex.py took 1.258 seconds
[2025-02-13T00:01:22.200+0000] {processor.py:186} INFO - Started process (PID=231) to work on /home/airflow/.local/lib/python3.12/site-packages/airflow/example_dags/example_complex.py
[2025-02-13T00:01:22.203+0000] {processor.py:914} INFO - Processing file /home/airflow/.local/lib/python3.12/site-packages/airflow/example_dags/example_complex.py for tasks to queue
[2025-02-13T00:01:22.206+0000] {logging_mixin.py:190} INFO - [2025-02-13T00:01:22.206+0000] {dagbag.py:588} INFO - Filling up the DagBag from /home/airflow/.local/lib/python3.12/site-packages/airflow/example_dags/example_complex.py
[2025-02-13T00:01:22.268+0000] {processor.py:925} INFO - DAG(s) 'example_complex' retrieved from /home/airflow/.local/lib/python3.12/site-packages/airflow/example_dags/example_complex.py
[2025-02-13T00:01:22.349+0000] {logging_mixin.py:190} INFO - [2025-02-13T00:01:22.349+0000] {dag.py:3239} INFO - Sync 1 DAGs
[2025-02-13T00:01:22.375+0000] {logging_mixin.py:190} INFO - [2025-02-13T00:01:22.374+0000] {dag.py:4180} INFO - Setting next_dagrun for example_complex to None, run_after=None
[2025-02-13T00:01:22.425+0000] {processor.py:208} INFO - Processing /home/airflow/.local/lib/python3.12/site-packages/airflow/example_dags/example_complex.py took 0.252 seconds
[2025-02-13T00:02:20.092+0000] {processor.py:186} INFO - Started process (PID=289) to work on /home/airflow/.local/lib/python3.12/site-packages/airflow/example_dags/example_complex.py
[2025-02-13T00:02:20.093+0000] {processor.py:914} INFO - Processing file /home/airflow/.local/lib/python3.12/site-packages/airflow/example_dags/example_complex.py for tasks to queue
[2025-02-13T00:02:20.096+0000] {logging_mixin.py:190} INFO - [2025-02-13T00:02:20.095+0000] {dagbag.py:588} INFO - Filling up the DagBag from /home/airflow/.local/lib/python3.12/site-packages/airflow/example_dags/example_complex.py
[2025-02-13T00:02:20.115+0000] {processor.py:925} INFO - DAG(s) 'example_complex' retrieved from /home/airflow/.local/lib/python3.12/site-packages/airflow/example_dags/example_complex.py
[2025-02-13T00:02:20.237+0000] {logging_mixin.py:190} INFO - [2025-02-13T00:02:20.236+0000] {dag.py:3239} INFO - Sync 1 DAGs
[2025-02-13T00:02:20.306+0000] {logging_mixin.py:190} INFO - [2025-02-13T00:02:20.306+0000] {dag.py:4180} INFO - Setting next_dagrun for example_complex to None, run_after=None
[2025-02-13T00:02:23.284+0000] {processor.py:208} INFO - Processing /home/airflow/.local/lib/python3.12/site-packages/airflow/example_dags/example_complex.py took 3.203 seconds
[2025-02-13T00:02:54.749+0000] {processor.py:186} INFO - Started process (PID=347) to work on /home/airflow/.local/lib/python3.12/site-packages/airflow/example_dags/example_complex.py
[2025-02-13T00:02:54.753+0000] {processor.py:914} INFO - Processing file /home/airflow/.local/lib/python3.12/site-packages/airflow/example_dags/example_complex.py for tasks to queue
[2025-02-13T00:02:54.757+0000] {logging_mixin.py:190} INFO - [2025-02-13T00:02:54.757+0000] {dagbag.py:588} INFO - Filling up the DagBag from /home/airflow/.local/lib/python3.12/site-packages/airflow/example_dags/example_complex.py
[2025-02-13T00:02:54.792+0000] {processor.py:925} INFO - DAG(s) 'example_complex' retrieved from /home/airflow/.local/lib/python3.12/site-packages/airflow/example_dags/example_complex.py
[2025-02-13T00:02:54.903+0000] {logging_mixin.py:190} INFO - [2025-02-13T00:02:54.903+0000] {dag.py:3239} INFO - Sync 1 DAGs
[2025-02-13T00:02:54.933+0000] {logging_mixin.py:190} INFO - [2025-02-13T00:02:54.933+0000] {dag.py:4180} INFO - Setting next_dagrun for example_complex to None, run_after=None
[2025-02-13T00:02:55.034+0000] {processor.py:208} INFO - Processing /home/airflow/.local/lib/python3.12/site-packages/airflow/example_dags/example_complex.py took 0.313 seconds
[2025-02-13T00:03:31.623+0000] {processor.py:186} INFO - Started process (PID=398) to work on /home/airflow/.local/lib/python3.12/site-packages/airflow/example_dags/example_complex.py
[2025-02-13T00:03:31.624+0000] {processor.py:914} INFO - Processing file /home/airflow/.local/lib/python3.12/site-packages/airflow/example_dags/example_complex.py for tasks to queue
[2025-02-13T00:03:31.627+0000] {logging_mixin.py:190} INFO - [2025-02-13T00:03:31.627+0000] {dagbag.py:588} INFO - Filling up the DagBag from /home/airflow/.local/lib/python3.12/site-packages/airflow/example_dags/example_complex.py
[2025-02-13T00:03:31.648+0000] {processor.py:925} INFO - DAG(s) 'example_complex' retrieved from /home/airflow/.local/lib/python3.12/site-packages/airflow/example_dags/example_complex.py
[2025-02-13T00:03:32.120+0000] {logging_mixin.py:190} INFO - [2025-02-13T00:03:32.119+0000] {dag.py:3239} INFO - Sync 1 DAGs
[2025-02-13T00:03:32.154+0000] {logging_mixin.py:190} INFO - [2025-02-13T00:03:32.153+0000] {dag.py:4180} INFO - Setting next_dagrun for example_complex to None, run_after=None
[2025-02-13T00:03:33.310+0000] {processor.py:208} INFO - Processing /home/airflow/.local/lib/python3.12/site-packages/airflow/example_dags/example_complex.py took 1.701 seconds
[2025-02-13T00:04:03.863+0000] {processor.py:186} INFO - Started process (PID=456) to work on /home/airflow/.local/lib/python3.12/site-packages/airflow/example_dags/example_complex.py
[2025-02-13T00:04:03.867+0000] {processor.py:914} INFO - Processing file /home/airflow/.local/lib/python3.12/site-packages/airflow/example_dags/example_complex.py for tasks to queue
[2025-02-13T00:04:03.870+0000] {logging_mixin.py:190} INFO - [2025-02-13T00:04:03.869+0000] {dagbag.py:588} INFO - Filling up the DagBag from /home/airflow/.local/lib/python3.12/site-packages/airflow/example_dags/example_complex.py
[2025-02-13T00:04:03.904+0000] {processor.py:925} INFO - DAG(s) 'example_complex' retrieved from /home/airflow/.local/lib/python3.12/site-packages/airflow/example_dags/example_complex.py
[2025-02-13T00:04:04.008+0000] {logging_mixin.py:190} INFO - [2025-02-13T00:04:04.008+0000] {dag.py:3239} INFO - Sync 1 DAGs
[2025-02-13T00:04:04.038+0000] {logging_mixin.py:190} INFO - [2025-02-13T00:04:04.037+0000] {dag.py:4180} INFO - Setting next_dagrun for example_complex to None, run_after=None
[2025-02-13T00:04:05.797+0000] {processor.py:208} INFO - Processing /home/airflow/.local/lib/python3.12/site-packages/airflow/example_dags/example_complex.py took 1.947 seconds
[2025-02-13T00:04:35.976+0000] {processor.py:186} INFO - Started process (PID=514) to work on /home/airflow/.local/lib/python3.12/site-packages/airflow/example_dags/example_complex.py
[2025-02-13T00:04:35.979+0000] {processor.py:914} INFO - Processing file /home/airflow/.local/lib/python3.12/site-packages/airflow/example_dags/example_complex.py for tasks to queue
[2025-02-13T00:04:35.985+0000] {logging_mixin.py:190} INFO - [2025-02-13T00:04:35.985+0000] {dagbag.py:588} INFO - Filling up the DagBag from /home/airflow/.local/lib/python3.12/site-packages/airflow/example_dags/example_complex.py
[2025-02-13T00:04:36.030+0000] {processor.py:925} INFO - DAG(s) 'example_complex' retrieved from /home/airflow/.local/lib/python3.12/site-packages/airflow/example_dags/example_complex.py
[2025-02-13T00:04:36.151+0000] {logging_mixin.py:190} INFO - [2025-02-13T00:04:36.151+0000] {dag.py:3239} INFO - Sync 1 DAGs
[2025-02-13T00:04:36.216+0000] {logging_mixin.py:190} INFO - [2025-02-13T00:04:36.215+0000] {dag.py:4180} INFO - Setting next_dagrun for example_complex to None, run_after=None
[2025-02-13T00:04:36.243+0000] {processor.py:208} INFO - Processing /home/airflow/.local/lib/python3.12/site-packages/airflow/example_dags/example_complex.py took 0.282 seconds
[2025-02-13T00:05:06.641+0000] {processor.py:186} INFO - Started process (PID=572) to work on /home/airflow/.local/lib/python3.12/site-packages/airflow/example_dags/example_complex.py
[2025-02-13T00:05:06.643+0000] {processor.py:914} INFO - Processing file /home/airflow/.local/lib/python3.12/site-packages/airflow/example_dags/example_complex.py for tasks to queue
[2025-02-13T00:05:06.653+0000] {logging_mixin.py:190} INFO - [2025-02-13T00:05:06.652+0000] {dagbag.py:588} INFO - Filling up the DagBag from /home/airflow/.local/lib/python3.12/site-packages/airflow/example_dags/example_complex.py
[2025-02-13T00:05:06.703+0000] {processor.py:925} INFO - DAG(s) 'example_complex' retrieved from /home/airflow/.local/lib/python3.12/site-packages/airflow/example_dags/example_complex.py
[2025-02-13T00:05:07.248+0000] {logging_mixin.py:190} INFO - [2025-02-13T00:05:07.247+0000] {dag.py:3239} INFO - Sync 1 DAGs
[2025-02-13T00:05:07.288+0000] {logging_mixin.py:190} INFO - [2025-02-13T00:05:07.288+0000] {dag.py:4180} INFO - Setting next_dagrun for example_complex to None, run_after=None
[2025-02-13T00:05:07.337+0000] {processor.py:208} INFO - Processing /home/airflow/.local/lib/python3.12/site-packages/airflow/example_dags/example_complex.py took 0.709 seconds
[2025-02-13T00:05:38.070+0000] {processor.py:186} INFO - Started process (PID=630) to work on /home/airflow/.local/lib/python3.12/site-packages/airflow/example_dags/example_complex.py
[2025-02-13T00:05:38.076+0000] {processor.py:914} INFO - Processing file /home/airflow/.local/lib/python3.12/site-packages/airflow/example_dags/example_complex.py for tasks to queue
[2025-02-13T00:05:38.084+0000] {logging_mixin.py:190} INFO - [2025-02-13T00:05:38.084+0000] {dagbag.py:588} INFO - Filling up the DagBag from /home/airflow/.local/lib/python3.12/site-packages/airflow/example_dags/example_complex.py
[2025-02-13T00:05:38.125+0000] {processor.py:925} INFO - DAG(s) 'example_complex' retrieved from /home/airflow/.local/lib/python3.12/site-packages/airflow/example_dags/example_complex.py
[2025-02-13T00:05:38.204+0000] {logging_mixin.py:190} INFO - [2025-02-13T00:05:38.203+0000] {dag.py:3239} INFO - Sync 1 DAGs
[2025-02-13T00:05:38.225+0000] {logging_mixin.py:190} INFO - [2025-02-13T00:05:38.225+0000] {dag.py:4180} INFO - Setting next_dagrun for example_complex to None, run_after=None
[2025-02-13T00:05:40.429+0000] {processor.py:208} INFO - Processing /home/airflow/.local/lib/python3.12/site-packages/airflow/example_dags/example_complex.py took 2.385 seconds
[2025-02-13T00:06:10.991+0000] {processor.py:186} INFO - Started process (PID=688) to work on /home/airflow/.local/lib/python3.12/site-packages/airflow/example_dags/example_complex.py
[2025-02-13T00:06:10.993+0000] {processor.py:914} INFO - Processing file /home/airflow/.local/lib/python3.12/site-packages/airflow/example_dags/example_complex.py for tasks to queue
[2025-02-13T00:06:10.996+0000] {logging_mixin.py:190} INFO - [2025-02-13T00:06:10.995+0000] {dagbag.py:588} INFO - Filling up the DagBag from /home/airflow/.local/lib/python3.12/site-packages/airflow/example_dags/example_complex.py
[2025-02-13T00:06:11.023+0000] {processor.py:925} INFO - DAG(s) 'example_complex' retrieved from /home/airflow/.local/lib/python3.12/site-packages/airflow/example_dags/example_complex.py
[2025-02-13T00:06:11.090+0000] {logging_mixin.py:190} INFO - [2025-02-13T00:06:11.090+0000] {dag.py:3239} INFO - Sync 1 DAGs
[2025-02-13T00:06:11.118+0000] {logging_mixin.py:190} INFO - [2025-02-13T00:06:11.118+0000] {dag.py:4180} INFO - Setting next_dagrun for example_complex to None, run_after=None
[2025-02-13T00:06:11.150+0000] {processor.py:208} INFO - Processing /home/airflow/.local/lib/python3.12/site-packages/airflow/example_dags/example_complex.py took 0.167 seconds
[2025-02-13T00:06:41.504+0000] {processor.py:186} INFO - Started process (PID=746) to work on /home/airflow/.local/lib/python3.12/site-packages/airflow/example_dags/example_complex.py
[2025-02-13T00:06:41.506+0000] {processor.py:914} INFO - Processing file /home/airflow/.local/lib/python3.12/site-packages/airflow/example_dags/example_complex.py for tasks to queue
[2025-02-13T00:06:41.510+0000] {logging_mixin.py:190} INFO - [2025-02-13T00:06:41.510+0000] {dagbag.py:588} INFO - Filling up the DagBag from /home/airflow/.local/lib/python3.12/site-packages/airflow/example_dags/example_complex.py
[2025-02-13T00:06:41.554+0000] {processor.py:925} INFO - DAG(s) 'example_complex' retrieved from /home/airflow/.local/lib/python3.12/site-packages/airflow/example_dags/example_complex.py
[2025-02-13T00:06:41.618+0000] {logging_mixin.py:190} INFO - [2025-02-13T00:06:41.618+0000] {dag.py:3239} INFO - Sync 1 DAGs
[2025-02-13T00:06:41.634+0000] {logging_mixin.py:190} INFO - [2025-02-13T00:06:41.634+0000] {dag.py:4180} INFO - Setting next_dagrun for example_complex to None, run_after=None
[2025-02-13T00:06:41.650+0000] {processor.py:208} INFO - Processing /home/airflow/.local/lib/python3.12/site-packages/airflow/example_dags/example_complex.py took 0.153 seconds
[2025-02-13T00:07:12.220+0000] {processor.py:186} INFO - Started process (PID=804) to work on /home/airflow/.local/lib/python3.12/site-packages/airflow/example_dags/example_complex.py
[2025-02-13T00:07:12.221+0000] {processor.py:914} INFO - Processing file /home/airflow/.local/lib/python3.12/site-packages/airflow/example_dags/example_complex.py for tasks to queue
[2025-02-13T00:07:12.224+0000] {logging_mixin.py:190} INFO - [2025-02-13T00:07:12.223+0000] {dagbag.py:588} INFO - Filling up the DagBag from /home/airflow/.local/lib/python3.12/site-packages/airflow/example_dags/example_complex.py
[2025-02-13T00:07:12.286+0000] {processor.py:925} INFO - DAG(s) 'example_complex' retrieved from /home/airflow/.local/lib/python3.12/site-packages/airflow/example_dags/example_complex.py
[2025-02-13T00:07:12.403+0000] {logging_mixin.py:190} INFO - [2025-02-13T00:07:12.402+0000] {dag.py:3239} INFO - Sync 1 DAGs
[2025-02-13T00:07:12.440+0000] {logging_mixin.py:190} INFO - [2025-02-13T00:07:12.438+0000] {dag.py:4180} INFO - Setting next_dagrun for example_complex to None, run_after=None
[2025-02-13T00:07:12.501+0000] {processor.py:208} INFO - Processing /home/airflow/.local/lib/python3.12/site-packages/airflow/example_dags/example_complex.py took 0.291 seconds
[2025-02-13T00:07:43.336+0000] {processor.py:186} INFO - Started process (PID=862) to work on /home/airflow/.local/lib/python3.12/site-packages/airflow/example_dags/example_complex.py
[2025-02-13T00:07:43.338+0000] {processor.py:914} INFO - Processing file /home/airflow/.local/lib/python3.12/site-packages/airflow/example_dags/example_complex.py for tasks to queue
[2025-02-13T00:07:43.340+0000] {logging_mixin.py:190} INFO - [2025-02-13T00:07:43.340+0000] {dagbag.py:588} INFO - Filling up the DagBag from /home/airflow/.local/lib/python3.12/site-packages/airflow/example_dags/example_complex.py
[2025-02-13T00:07:43.359+0000] {processor.py:925} INFO - DAG(s) 'example_complex' retrieved from /home/airflow/.local/lib/python3.12/site-packages/airflow/example_dags/example_complex.py
[2025-02-13T00:07:43.408+0000] {logging_mixin.py:190} INFO - [2025-02-13T00:07:43.407+0000] {dag.py:3239} INFO - Sync 1 DAGs
[2025-02-13T00:07:43.426+0000] {logging_mixin.py:190} INFO - [2025-02-13T00:07:43.426+0000] {dag.py:4180} INFO - Setting next_dagrun for example_complex to None, run_after=None
[2025-02-13T00:07:43.461+0000] {processor.py:208} INFO - Processing /home/airflow/.local/lib/python3.12/site-packages/airflow/example_dags/example_complex.py took 0.133 seconds
[2025-02-13T00:08:13.607+0000] {processor.py:186} INFO - Started process (PID=920) to work on /home/airflow/.local/lib/python3.12/site-packages/airflow/example_dags/example_complex.py
[2025-02-13T00:08:13.608+0000] {processor.py:914} INFO - Processing file /home/airflow/.local/lib/python3.12/site-packages/airflow/example_dags/example_complex.py for tasks to queue
[2025-02-13T00:08:13.611+0000] {logging_mixin.py:190} INFO - [2025-02-13T00:08:13.610+0000] {dagbag.py:588} INFO - Filling up the DagBag from /home/airflow/.local/lib/python3.12/site-packages/airflow/example_dags/example_complex.py
[2025-02-13T00:08:13.637+0000] {processor.py:925} INFO - DAG(s) 'example_complex' retrieved from /home/airflow/.local/lib/python3.12/site-packages/airflow/example_dags/example_complex.py
[2025-02-13T00:08:13.683+0000] {logging_mixin.py:190} INFO - [2025-02-13T00:08:13.682+0000] {dag.py:3239} INFO - Sync 1 DAGs
[2025-02-13T00:08:13.701+0000] {logging_mixin.py:190} INFO - [2025-02-13T00:08:13.701+0000] {dag.py:4180} INFO - Setting next_dagrun for example_complex to None, run_after=None
[2025-02-13T00:08:13.718+0000] {processor.py:208} INFO - Processing /home/airflow/.local/lib/python3.12/site-packages/airflow/example_dags/example_complex.py took 0.119 seconds
[2025-02-13T00:08:44.450+0000] {processor.py:186} INFO - Started process (PID=978) to work on /home/airflow/.local/lib/python3.12/site-packages/airflow/example_dags/example_complex.py
[2025-02-13T00:08:44.451+0000] {processor.py:914} INFO - Processing file /home/airflow/.local/lib/python3.12/site-packages/airflow/example_dags/example_complex.py for tasks to queue
[2025-02-13T00:08:44.453+0000] {logging_mixin.py:190} INFO - [2025-02-13T00:08:44.453+0000] {dagbag.py:588} INFO - Filling up the DagBag from /home/airflow/.local/lib/python3.12/site-packages/airflow/example_dags/example_complex.py
[2025-02-13T00:08:44.469+0000] {processor.py:925} INFO - DAG(s) 'example_complex' retrieved from /home/airflow/.local/lib/python3.12/site-packages/airflow/example_dags/example_complex.py
[2025-02-13T00:08:44.520+0000] {logging_mixin.py:190} INFO - [2025-02-13T00:08:44.520+0000] {dag.py:3239} INFO - Sync 1 DAGs
[2025-02-13T00:08:44.538+0000] {logging_mixin.py:190} INFO - [2025-02-13T00:08:44.538+0000] {dag.py:4180} INFO - Setting next_dagrun for example_complex to None, run_after=None
[2025-02-13T00:08:44.555+0000] {processor.py:208} INFO - Processing /home/airflow/.local/lib/python3.12/site-packages/airflow/example_dags/example_complex.py took 0.111 seconds
[2025-02-13T00:09:14.643+0000] {processor.py:186} INFO - Started process (PID=1036) to work on /home/airflow/.local/lib/python3.12/site-packages/airflow/example_dags/example_complex.py
[2025-02-13T00:09:14.643+0000] {processor.py:914} INFO - Processing file /home/airflow/.local/lib/python3.12/site-packages/airflow/example_dags/example_complex.py for tasks to queue
[2025-02-13T00:09:14.645+0000] {logging_mixin.py:190} INFO - [2025-02-13T00:09:14.645+0000] {dagbag.py:588} INFO - Filling up the DagBag from /home/airflow/.local/lib/python3.12/site-packages/airflow/example_dags/example_complex.py
[2025-02-13T00:09:14.662+0000] {processor.py:925} INFO - DAG(s) 'example_complex' retrieved from /home/airflow/.local/lib/python3.12/site-packages/airflow/example_dags/example_complex.py
[2025-02-13T00:09:14.748+0000] {logging_mixin.py:190} INFO - [2025-02-13T00:09:14.748+0000] {dag.py:3239} INFO - Sync 1 DAGs
[2025-02-13T00:09:14.767+0000] {logging_mixin.py:190} INFO - [2025-02-13T00:09:14.766+0000] {dag.py:4180} INFO - Setting next_dagrun for example_complex to None, run_after=None
[2025-02-13T00:09:14.784+0000] {processor.py:208} INFO - Processing /home/airflow/.local/lib/python3.12/site-packages/airflow/example_dags/example_complex.py took 0.148 seconds
[2025-02-13T00:09:44.874+0000] {processor.py:186} INFO - Started process (PID=1094) to work on /home/airflow/.local/lib/python3.12/site-packages/airflow/example_dags/example_complex.py
[2025-02-13T00:09:44.875+0000] {processor.py:914} INFO - Processing file /home/airflow/.local/lib/python3.12/site-packages/airflow/example_dags/example_complex.py for tasks to queue
[2025-02-13T00:09:44.877+0000] {logging_mixin.py:190} INFO - [2025-02-13T00:09:44.877+0000] {dagbag.py:588} INFO - Filling up the DagBag from /home/airflow/.local/lib/python3.12/site-packages/airflow/example_dags/example_complex.py
[2025-02-13T00:09:44.894+0000] {processor.py:925} INFO - DAG(s) 'example_complex' retrieved from /home/airflow/.local/lib/python3.12/site-packages/airflow/example_dags/example_complex.py
[2025-02-13T00:09:44.938+0000] {logging_mixin.py:190} INFO - [2025-02-13T00:09:44.938+0000] {dag.py:3239} INFO - Sync 1 DAGs
[2025-02-13T00:09:44.956+0000] {logging_mixin.py:190} INFO - [2025-02-13T00:09:44.956+0000] {dag.py:4180} INFO - Setting next_dagrun for example_complex to None, run_after=None
[2025-02-13T00:09:44.973+0000] {processor.py:208} INFO - Processing /home/airflow/.local/lib/python3.12/site-packages/airflow/example_dags/example_complex.py took 0.105 seconds
[2025-02-13T00:10:15.139+0000] {processor.py:186} INFO - Started process (PID=1152) to work on /home/airflow/.local/lib/python3.12/site-packages/airflow/example_dags/example_complex.py
[2025-02-13T00:10:15.139+0000] {processor.py:914} INFO - Processing file /home/airflow/.local/lib/python3.12/site-packages/airflow/example_dags/example_complex.py for tasks to queue
[2025-02-13T00:10:15.141+0000] {logging_mixin.py:190} INFO - [2025-02-13T00:10:15.141+0000] {dagbag.py:588} INFO - Filling up the DagBag from /home/airflow/.local/lib/python3.12/site-packages/airflow/example_dags/example_complex.py
[2025-02-13T00:10:15.159+0000] {processor.py:925} INFO - DAG(s) 'example_complex' retrieved from /home/airflow/.local/lib/python3.12/site-packages/airflow/example_dags/example_complex.py
[2025-02-13T00:10:15.210+0000] {logging_mixin.py:190} INFO - [2025-02-13T00:10:15.210+0000] {dag.py:3239} INFO - Sync 1 DAGs
[2025-02-13T00:10:15.228+0000] {logging_mixin.py:190} INFO - [2025-02-13T00:10:15.228+0000] {dag.py:4180} INFO - Setting next_dagrun for example_complex to None, run_after=None
[2025-02-13T00:10:15.245+0000] {processor.py:208} INFO - Processing /home/airflow/.local/lib/python3.12/site-packages/airflow/example_dags/example_complex.py took 0.113 seconds
[2025-02-13T00:10:45.397+0000] {processor.py:186} INFO - Started process (PID=1210) to work on /home/airflow/.local/lib/python3.12/site-packages/airflow/example_dags/example_complex.py
[2025-02-13T00:10:45.398+0000] {processor.py:914} INFO - Processing file /home/airflow/.local/lib/python3.12/site-packages/airflow/example_dags/example_complex.py for tasks to queue
[2025-02-13T00:10:45.400+0000] {logging_mixin.py:190} INFO - [2025-02-13T00:10:45.400+0000] {dagbag.py:588} INFO - Filling up the DagBag from /home/airflow/.local/lib/python3.12/site-packages/airflow/example_dags/example_complex.py
[2025-02-13T00:10:45.417+0000] {processor.py:925} INFO - DAG(s) 'example_complex' retrieved from /home/airflow/.local/lib/python3.12/site-packages/airflow/example_dags/example_complex.py
[2025-02-13T00:10:45.466+0000] {logging_mixin.py:190} INFO - [2025-02-13T00:10:45.466+0000] {dag.py:3239} INFO - Sync 1 DAGs
[2025-02-13T00:10:45.495+0000] {logging_mixin.py:190} INFO - [2025-02-13T00:10:45.495+0000] {dag.py:4180} INFO - Setting next_dagrun for example_complex to None, run_after=None
[2025-02-13T00:10:45.517+0000] {processor.py:208} INFO - Processing /home/airflow/.local/lib/python3.12/site-packages/airflow/example_dags/example_complex.py took 0.126 seconds
[2025-02-13T00:11:15.655+0000] {processor.py:186} INFO - Started process (PID=1268) to work on /home/airflow/.local/lib/python3.12/site-packages/airflow/example_dags/example_complex.py
[2025-02-13T00:11:15.656+0000] {processor.py:914} INFO - Processing file /home/airflow/.local/lib/python3.12/site-packages/airflow/example_dags/example_complex.py for tasks to queue
[2025-02-13T00:11:15.658+0000] {logging_mixin.py:190} INFO - [2025-02-13T00:11:15.658+0000] {dagbag.py:588} INFO - Filling up the DagBag from /home/airflow/.local/lib/python3.12/site-packages/airflow/example_dags/example_complex.py
[2025-02-13T00:11:15.677+0000] {processor.py:925} INFO - DAG(s) 'example_complex' retrieved from /home/airflow/.local/lib/python3.12/site-packages/airflow/example_dags/example_complex.py
[2025-02-13T00:11:15.726+0000] {logging_mixin.py:190} INFO - [2025-02-13T00:11:15.726+0000] {dag.py:3239} INFO - Sync 1 DAGs
[2025-02-13T00:11:15.745+0000] {logging_mixin.py:190} INFO - [2025-02-13T00:11:15.745+0000] {dag.py:4180} INFO - Setting next_dagrun for example_complex to None, run_after=None
[2025-02-13T00:11:15.763+0000] {processor.py:208} INFO - Processing /home/airflow/.local/lib/python3.12/site-packages/airflow/example_dags/example_complex.py took 0.117 seconds
[2025-02-13T00:11:46.091+0000] {processor.py:186} INFO - Started process (PID=1326) to work on /home/airflow/.local/lib/python3.12/site-packages/airflow/example_dags/example_complex.py
[2025-02-13T00:11:46.092+0000] {processor.py:914} INFO - Processing file /home/airflow/.local/lib/python3.12/site-packages/airflow/example_dags/example_complex.py for tasks to queue
[2025-02-13T00:11:46.094+0000] {logging_mixin.py:190} INFO - [2025-02-13T00:11:46.094+0000] {dagbag.py:588} INFO - Filling up the DagBag from /home/airflow/.local/lib/python3.12/site-packages/airflow/example_dags/example_complex.py
[2025-02-13T00:11:46.112+0000] {processor.py:925} INFO - DAG(s) 'example_complex' retrieved from /home/airflow/.local/lib/python3.12/site-packages/airflow/example_dags/example_complex.py
[2025-02-13T00:11:46.162+0000] {logging_mixin.py:190} INFO - [2025-02-13T00:11:46.161+0000] {dag.py:3239} INFO - Sync 1 DAGs
[2025-02-13T00:11:46.195+0000] {logging_mixin.py:190} INFO - [2025-02-13T00:11:46.195+0000] {dag.py:4180} INFO - Setting next_dagrun for example_complex to None, run_after=None
[2025-02-13T00:11:46.235+0000] {processor.py:208} INFO - Processing /home/airflow/.local/lib/python3.12/site-packages/airflow/example_dags/example_complex.py took 0.151 seconds
[2025-02-13T00:12:16.670+0000] {processor.py:186} INFO - Started process (PID=1384) to work on /home/airflow/.local/lib/python3.12/site-packages/airflow/example_dags/example_complex.py
[2025-02-13T00:12:16.671+0000] {processor.py:914} INFO - Processing file /home/airflow/.local/lib/python3.12/site-packages/airflow/example_dags/example_complex.py for tasks to queue
[2025-02-13T00:12:16.673+0000] {logging_mixin.py:190} INFO - [2025-02-13T00:12:16.673+0000] {dagbag.py:588} INFO - Filling up the DagBag from /home/airflow/.local/lib/python3.12/site-packages/airflow/example_dags/example_complex.py
[2025-02-13T00:12:16.690+0000] {processor.py:925} INFO - DAG(s) 'example_complex' retrieved from /home/airflow/.local/lib/python3.12/site-packages/airflow/example_dags/example_complex.py
[2025-02-13T00:12:16.740+0000] {logging_mixin.py:190} INFO - [2025-02-13T00:12:16.739+0000] {dag.py:3239} INFO - Sync 1 DAGs
[2025-02-13T00:12:16.768+0000] {logging_mixin.py:190} INFO - [2025-02-13T00:12:16.768+0000] {dag.py:4180} INFO - Setting next_dagrun for example_complex to None, run_after=None
[2025-02-13T00:12:16.783+0000] {processor.py:208} INFO - Processing /home/airflow/.local/lib/python3.12/site-packages/airflow/example_dags/example_complex.py took 0.119 seconds
[2025-02-13T00:12:46.995+0000] {processor.py:186} INFO - Started process (PID=1442) to work on /home/airflow/.local/lib/python3.12/site-packages/airflow/example_dags/example_complex.py
[2025-02-13T00:12:46.996+0000] {processor.py:914} INFO - Processing file /home/airflow/.local/lib/python3.12/site-packages/airflow/example_dags/example_complex.py for tasks to queue
[2025-02-13T00:12:46.998+0000] {logging_mixin.py:190} INFO - [2025-02-13T00:12:46.998+0000] {dagbag.py:588} INFO - Filling up the DagBag from /home/airflow/.local/lib/python3.12/site-packages/airflow/example_dags/example_complex.py
[2025-02-13T00:12:47.015+0000] {processor.py:925} INFO - DAG(s) 'example_complex' retrieved from /home/airflow/.local/lib/python3.12/site-packages/airflow/example_dags/example_complex.py
[2025-02-13T00:12:47.061+0000] {logging_mixin.py:190} INFO - [2025-02-13T00:12:47.061+0000] {dag.py:3239} INFO - Sync 1 DAGs
[2025-02-13T00:12:47.079+0000] {logging_mixin.py:190} INFO - [2025-02-13T00:12:47.079+0000] {dag.py:4180} INFO - Setting next_dagrun for example_complex to None, run_after=None
[2025-02-13T00:12:47.097+0000] {processor.py:208} INFO - Processing /home/airflow/.local/lib/python3.12/site-packages/airflow/example_dags/example_complex.py took 0.108 seconds
[2025-02-13T00:13:17.240+0000] {processor.py:186} INFO - Started process (PID=1500) to work on /home/airflow/.local/lib/python3.12/site-packages/airflow/example_dags/example_complex.py
[2025-02-13T00:13:17.241+0000] {processor.py:914} INFO - Processing file /home/airflow/.local/lib/python3.12/site-packages/airflow/example_dags/example_complex.py for tasks to queue
[2025-02-13T00:13:17.243+0000] {logging_mixin.py:190} INFO - [2025-02-13T00:13:17.243+0000] {dagbag.py:588} INFO - Filling up the DagBag from /home/airflow/.local/lib/python3.12/site-packages/airflow/example_dags/example_complex.py
[2025-02-13T00:13:17.260+0000] {processor.py:925} INFO - DAG(s) 'example_complex' retrieved from /home/airflow/.local/lib/python3.12/site-packages/airflow/example_dags/example_complex.py
[2025-02-13T00:13:17.311+0000] {logging_mixin.py:190} INFO - [2025-02-13T00:13:17.311+0000] {dag.py:3239} INFO - Sync 1 DAGs
[2025-02-13T00:13:17.330+0000] {logging_mixin.py:190} INFO - [2025-02-13T00:13:17.330+0000] {dag.py:4180} INFO - Setting next_dagrun for example_complex to None, run_after=None
[2025-02-13T00:13:17.348+0000] {processor.py:208} INFO - Processing /home/airflow/.local/lib/python3.12/site-packages/airflow/example_dags/example_complex.py took 0.114 seconds
[2025-02-13T00:13:47.590+0000] {processor.py:186} INFO - Started process (PID=1558) to work on /home/airflow/.local/lib/python3.12/site-packages/airflow/example_dags/example_complex.py
[2025-02-13T00:13:47.590+0000] {processor.py:914} INFO - Processing file /home/airflow/.local/lib/python3.12/site-packages/airflow/example_dags/example_complex.py for tasks to queue
[2025-02-13T00:13:47.593+0000] {logging_mixin.py:190} INFO - [2025-02-13T00:13:47.592+0000] {dagbag.py:588} INFO - Filling up the DagBag from /home/airflow/.local/lib/python3.12/site-packages/airflow/example_dags/example_complex.py
[2025-02-13T00:13:47.612+0000] {processor.py:925} INFO - DAG(s) 'example_complex' retrieved from /home/airflow/.local/lib/python3.12/site-packages/airflow/example_dags/example_complex.py
[2025-02-13T00:13:47.655+0000] {logging_mixin.py:190} INFO - [2025-02-13T00:13:47.654+0000] {dag.py:3239} INFO - Sync 1 DAGs
[2025-02-13T00:13:47.672+0000] {logging_mixin.py:190} INFO - [2025-02-13T00:13:47.672+0000] {dag.py:4180} INFO - Setting next_dagrun for example_complex to None, run_after=None
[2025-02-13T00:13:47.688+0000] {processor.py:208} INFO - Processing /home/airflow/.local/lib/python3.12/site-packages/airflow/example_dags/example_complex.py took 0.106 seconds
[2025-02-13T00:14:18.528+0000] {processor.py:186} INFO - Started process (PID=1616) to work on /home/airflow/.local/lib/python3.12/site-packages/airflow/example_dags/example_complex.py
[2025-02-13T00:14:18.528+0000] {processor.py:914} INFO - Processing file /home/airflow/.local/lib/python3.12/site-packages/airflow/example_dags/example_complex.py for tasks to queue
[2025-02-13T00:14:18.531+0000] {logging_mixin.py:190} INFO - [2025-02-13T00:14:18.530+0000] {dagbag.py:588} INFO - Filling up the DagBag from /home/airflow/.local/lib/python3.12/site-packages/airflow/example_dags/example_complex.py
[2025-02-13T00:14:18.549+0000] {processor.py:925} INFO - DAG(s) 'example_complex' retrieved from /home/airflow/.local/lib/python3.12/site-packages/airflow/example_dags/example_complex.py
[2025-02-13T00:14:18.595+0000] {logging_mixin.py:190} INFO - [2025-02-13T00:14:18.595+0000] {dag.py:3239} INFO - Sync 1 DAGs
[2025-02-13T00:14:18.614+0000] {logging_mixin.py:190} INFO - [2025-02-13T00:14:18.614+0000] {dag.py:4180} INFO - Setting next_dagrun for example_complex to None, run_after=None
[2025-02-13T00:14:18.635+0000] {processor.py:208} INFO - Processing /home/airflow/.local/lib/python3.12/site-packages/airflow/example_dags/example_complex.py took 0.115 seconds
[2025-02-13T00:14:48.878+0000] {processor.py:186} INFO - Started process (PID=1674) to work on /home/airflow/.local/lib/python3.12/site-packages/airflow/example_dags/example_complex.py
[2025-02-13T00:14:48.879+0000] {processor.py:914} INFO - Processing file /home/airflow/.local/lib/python3.12/site-packages/airflow/example_dags/example_complex.py for tasks to queue
[2025-02-13T00:14:48.881+0000] {logging_mixin.py:190} INFO - [2025-02-13T00:14:48.881+0000] {dagbag.py:588} INFO - Filling up the DagBag from /home/airflow/.local/lib/python3.12/site-packages/airflow/example_dags/example_complex.py
[2025-02-13T00:14:48.898+0000] {processor.py:925} INFO - DAG(s) 'example_complex' retrieved from /home/airflow/.local/lib/python3.12/site-packages/airflow/example_dags/example_complex.py
[2025-02-13T00:14:48.943+0000] {logging_mixin.py:190} INFO - [2025-02-13T00:14:48.943+0000] {dag.py:3239} INFO - Sync 1 DAGs
[2025-02-13T00:14:48.962+0000] {logging_mixin.py:190} INFO - [2025-02-13T00:14:48.961+0000] {dag.py:4180} INFO - Setting next_dagrun for example_complex to None, run_after=None
[2025-02-13T00:14:48.978+0000] {processor.py:208} INFO - Processing /home/airflow/.local/lib/python3.12/site-packages/airflow/example_dags/example_complex.py took 0.107 seconds
[2025-02-13T00:15:19.131+0000] {processor.py:186} INFO - Started process (PID=1732) to work on /home/airflow/.local/lib/python3.12/site-packages/airflow/example_dags/example_complex.py
[2025-02-13T00:15:19.139+0000] {processor.py:914} INFO - Processing file /home/airflow/.local/lib/python3.12/site-packages/airflow/example_dags/example_complex.py for tasks to queue
[2025-02-13T00:15:19.144+0000] {logging_mixin.py:190} INFO - [2025-02-13T00:15:19.143+0000] {dagbag.py:588} INFO - Filling up the DagBag from /home/airflow/.local/lib/python3.12/site-packages/airflow/example_dags/example_complex.py
[2025-02-13T00:15:19.173+0000] {processor.py:925} INFO - DAG(s) 'example_complex' retrieved from /home/airflow/.local/lib/python3.12/site-packages/airflow/example_dags/example_complex.py
[2025-02-13T00:15:19.226+0000] {logging_mixin.py:190} INFO - [2025-02-13T00:15:19.225+0000] {dag.py:3239} INFO - Sync 1 DAGs
[2025-02-13T00:15:19.251+0000] {logging_mixin.py:190} INFO - [2025-02-13T00:15:19.250+0000] {dag.py:4180} INFO - Setting next_dagrun for example_complex to None, run_after=None
[2025-02-13T00:15:19.268+0000] {processor.py:208} INFO - Processing /home/airflow/.local/lib/python3.12/site-packages/airflow/example_dags/example_complex.py took 0.150 seconds
[2025-02-13T00:15:49.518+0000] {processor.py:186} INFO - Started process (PID=1790) to work on /home/airflow/.local/lib/python3.12/site-packages/airflow/example_dags/example_complex.py
[2025-02-13T00:15:49.519+0000] {processor.py:914} INFO - Processing file /home/airflow/.local/lib/python3.12/site-packages/airflow/example_dags/example_complex.py for tasks to queue
[2025-02-13T00:15:49.521+0000] {logging_mixin.py:190} INFO - [2025-02-13T00:15:49.521+0000] {dagbag.py:588} INFO - Filling up the DagBag from /home/airflow/.local/lib/python3.12/site-packages/airflow/example_dags/example_complex.py
[2025-02-13T00:15:49.538+0000] {processor.py:925} INFO - DAG(s) 'example_complex' retrieved from /home/airflow/.local/lib/python3.12/site-packages/airflow/example_dags/example_complex.py
[2025-02-13T00:15:49.583+0000] {logging_mixin.py:190} INFO - [2025-02-13T00:15:49.583+0000] {dag.py:3239} INFO - Sync 1 DAGs
[2025-02-13T00:15:49.603+0000] {logging_mixin.py:190} INFO - [2025-02-13T00:15:49.603+0000] {dag.py:4180} INFO - Setting next_dagrun for example_complex to None, run_after=None
[2025-02-13T00:15:49.621+0000] {processor.py:208} INFO - Processing /home/airflow/.local/lib/python3.12/site-packages/airflow/example_dags/example_complex.py took 0.109 seconds
[2025-02-13T00:16:19.768+0000] {processor.py:186} INFO - Started process (PID=1848) to work on /home/airflow/.local/lib/python3.12/site-packages/airflow/example_dags/example_complex.py
[2025-02-13T00:16:19.768+0000] {processor.py:914} INFO - Processing file /home/airflow/.local/lib/python3.12/site-packages/airflow/example_dags/example_complex.py for tasks to queue
[2025-02-13T00:16:19.771+0000] {logging_mixin.py:190} INFO - [2025-02-13T00:16:19.770+0000] {dagbag.py:588} INFO - Filling up the DagBag from /home/airflow/.local/lib/python3.12/site-packages/airflow/example_dags/example_complex.py
[2025-02-13T00:16:19.788+0000] {processor.py:925} INFO - DAG(s) 'example_complex' retrieved from /home/airflow/.local/lib/python3.12/site-packages/airflow/example_dags/example_complex.py
[2025-02-13T00:16:19.834+0000] {logging_mixin.py:190} INFO - [2025-02-13T00:16:19.834+0000] {dag.py:3239} INFO - Sync 1 DAGs
[2025-02-13T00:16:19.853+0000] {logging_mixin.py:190} INFO - [2025-02-13T00:16:19.852+0000] {dag.py:4180} INFO - Setting next_dagrun for example_complex to None, run_after=None
[2025-02-13T00:16:19.870+0000] {processor.py:208} INFO - Processing /home/airflow/.local/lib/python3.12/site-packages/airflow/example_dags/example_complex.py took 0.108 seconds
[2025-02-13T00:16:50.023+0000] {processor.py:186} INFO - Started process (PID=1906) to work on /home/airflow/.local/lib/python3.12/site-packages/airflow/example_dags/example_complex.py
[2025-02-13T00:16:50.023+0000] {processor.py:914} INFO - Processing file /home/airflow/.local/lib/python3.12/site-packages/airflow/example_dags/example_complex.py for tasks to queue
[2025-02-13T00:16:50.026+0000] {logging_mixin.py:190} INFO - [2025-02-13T00:16:50.025+0000] {dagbag.py:588} INFO - Filling up the DagBag from /home/airflow/.local/lib/python3.12/site-packages/airflow/example_dags/example_complex.py
[2025-02-13T00:16:50.043+0000] {processor.py:925} INFO - DAG(s) 'example_complex' retrieved from /home/airflow/.local/lib/python3.12/site-packages/airflow/example_dags/example_complex.py
[2025-02-13T00:16:50.089+0000] {logging_mixin.py:190} INFO - [2025-02-13T00:16:50.089+0000] {dag.py:3239} INFO - Sync 1 DAGs
[2025-02-13T00:16:50.117+0000] {logging_mixin.py:190} INFO - [2025-02-13T00:16:50.117+0000] {dag.py:4180} INFO - Setting next_dagrun for example_complex to None, run_after=None
[2025-02-13T00:16:50.147+0000] {processor.py:208} INFO - Processing /home/airflow/.local/lib/python3.12/site-packages/airflow/example_dags/example_complex.py took 0.130 seconds
[2025-02-13T00:17:20.368+0000] {processor.py:186} INFO - Started process (PID=1964) to work on /home/airflow/.local/lib/python3.12/site-packages/airflow/example_dags/example_complex.py
[2025-02-13T00:17:20.368+0000] {processor.py:914} INFO - Processing file /home/airflow/.local/lib/python3.12/site-packages/airflow/example_dags/example_complex.py for tasks to queue
[2025-02-13T00:17:20.371+0000] {logging_mixin.py:190} INFO - [2025-02-13T00:17:20.371+0000] {dagbag.py:588} INFO - Filling up the DagBag from /home/airflow/.local/lib/python3.12/site-packages/airflow/example_dags/example_complex.py
[2025-02-13T00:17:20.388+0000] {processor.py:925} INFO - DAG(s) 'example_complex' retrieved from /home/airflow/.local/lib/python3.12/site-packages/airflow/example_dags/example_complex.py
[2025-02-13T00:17:20.440+0000] {logging_mixin.py:190} INFO - [2025-02-13T00:17:20.440+0000] {dag.py:3239} INFO - Sync 1 DAGs
[2025-02-13T00:17:20.458+0000] {logging_mixin.py:190} INFO - [2025-02-13T00:17:20.458+0000] {dag.py:4180} INFO - Setting next_dagrun for example_complex to None, run_after=None
[2025-02-13T00:17:20.475+0000] {processor.py:208} INFO - Processing /home/airflow/.local/lib/python3.12/site-packages/airflow/example_dags/example_complex.py took 0.115 seconds
[2025-02-13T00:17:50.608+0000] {processor.py:186} INFO - Started process (PID=2022) to work on /home/airflow/.local/lib/python3.12/site-packages/airflow/example_dags/example_complex.py
[2025-02-13T00:17:50.609+0000] {processor.py:914} INFO - Processing file /home/airflow/.local/lib/python3.12/site-packages/airflow/example_dags/example_complex.py for tasks to queue
[2025-02-13T00:17:50.611+0000] {logging_mixin.py:190} INFO - [2025-02-13T00:17:50.611+0000] {dagbag.py:588} INFO - Filling up the DagBag from /home/airflow/.local/lib/python3.12/site-packages/airflow/example_dags/example_complex.py
[2025-02-13T00:17:50.628+0000] {processor.py:925} INFO - DAG(s) 'example_complex' retrieved from /home/airflow/.local/lib/python3.12/site-packages/airflow/example_dags/example_complex.py
[2025-02-13T00:17:50.673+0000] {logging_mixin.py:190} INFO - [2025-02-13T00:17:50.673+0000] {dag.py:3239} INFO - Sync 1 DAGs
[2025-02-13T00:17:50.695+0000] {logging_mixin.py:190} INFO - [2025-02-13T00:17:50.695+0000] {dag.py:4180} INFO - Setting next_dagrun for example_complex to None, run_after=None
[2025-02-13T00:17:50.712+0000] {processor.py:208} INFO - Processing /home/airflow/.local/lib/python3.12/site-packages/airflow/example_dags/example_complex.py took 0.110 seconds
[2025-02-13T00:18:20.935+0000] {processor.py:186} INFO - Started process (PID=2080) to work on /home/airflow/.local/lib/python3.12/site-packages/airflow/example_dags/example_complex.py
[2025-02-13T00:18:20.937+0000] {processor.py:914} INFO - Processing file /home/airflow/.local/lib/python3.12/site-packages/airflow/example_dags/example_complex.py for tasks to queue
[2025-02-13T00:18:20.939+0000] {logging_mixin.py:190} INFO - [2025-02-13T00:18:20.939+0000] {dagbag.py:588} INFO - Filling up the DagBag from /home/airflow/.local/lib/python3.12/site-packages/airflow/example_dags/example_complex.py
[2025-02-13T00:18:20.956+0000] {processor.py:925} INFO - DAG(s) 'example_complex' retrieved from /home/airflow/.local/lib/python3.12/site-packages/airflow/example_dags/example_complex.py
[2025-02-13T00:18:21.016+0000] {logging_mixin.py:190} INFO - [2025-02-13T00:18:21.016+0000] {dag.py:3239} INFO - Sync 1 DAGs
[2025-02-13T00:18:21.035+0000] {logging_mixin.py:190} INFO - [2025-02-13T00:18:21.034+0000] {dag.py:4180} INFO - Setting next_dagrun for example_complex to None, run_after=None
[2025-02-13T00:18:21.052+0000] {processor.py:208} INFO - Processing /home/airflow/.local/lib/python3.12/site-packages/airflow/example_dags/example_complex.py took 0.123 seconds
[2025-02-13T00:18:51.159+0000] {processor.py:186} INFO - Started process (PID=2138) to work on /home/airflow/.local/lib/python3.12/site-packages/airflow/example_dags/example_complex.py
[2025-02-13T00:18:51.159+0000] {processor.py:914} INFO - Processing file /home/airflow/.local/lib/python3.12/site-packages/airflow/example_dags/example_complex.py for tasks to queue
[2025-02-13T00:18:51.162+0000] {logging_mixin.py:190} INFO - [2025-02-13T00:18:51.161+0000] {dagbag.py:588} INFO - Filling up the DagBag from /home/airflow/.local/lib/python3.12/site-packages/airflow/example_dags/example_complex.py
[2025-02-13T00:18:51.179+0000] {processor.py:925} INFO - DAG(s) 'example_complex' retrieved from /home/airflow/.local/lib/python3.12/site-packages/airflow/example_dags/example_complex.py
[2025-02-13T00:18:51.233+0000] {logging_mixin.py:190} INFO - [2025-02-13T00:18:51.233+0000] {dag.py:3239} INFO - Sync 1 DAGs
[2025-02-13T00:18:51.252+0000] {logging_mixin.py:190} INFO - [2025-02-13T00:18:51.252+0000] {dag.py:4180} INFO - Setting next_dagrun for example_complex to None, run_after=None
[2025-02-13T00:18:51.270+0000] {processor.py:208} INFO - Processing /home/airflow/.local/lib/python3.12/site-packages/airflow/example_dags/example_complex.py took 0.117 seconds
[2025-02-13T00:19:21.439+0000] {processor.py:186} INFO - Started process (PID=2196) to work on /home/airflow/.local/lib/python3.12/site-packages/airflow/example_dags/example_complex.py
[2025-02-13T00:19:21.440+0000] {processor.py:914} INFO - Processing file /home/airflow/.local/lib/python3.12/site-packages/airflow/example_dags/example_complex.py for tasks to queue
[2025-02-13T00:19:21.442+0000] {logging_mixin.py:190} INFO - [2025-02-13T00:19:21.442+0000] {dagbag.py:588} INFO - Filling up the DagBag from /home/airflow/.local/lib/python3.12/site-packages/airflow/example_dags/example_complex.py
[2025-02-13T00:19:21.459+0000] {processor.py:925} INFO - DAG(s) 'example_complex' retrieved from /home/airflow/.local/lib/python3.12/site-packages/airflow/example_dags/example_complex.py
[2025-02-13T00:19:21.511+0000] {logging_mixin.py:190} INFO - [2025-02-13T00:19:21.510+0000] {dag.py:3239} INFO - Sync 1 DAGs
[2025-02-13T00:19:21.533+0000] {logging_mixin.py:190} INFO - [2025-02-13T00:19:21.532+0000] {dag.py:4180} INFO - Setting next_dagrun for example_complex to None, run_after=None
[2025-02-13T00:19:21.553+0000] {processor.py:208} INFO - Processing /home/airflow/.local/lib/python3.12/site-packages/airflow/example_dags/example_complex.py took 0.121 seconds
[2025-02-13T00:19:52.487+0000] {processor.py:186} INFO - Started process (PID=2254) to work on /home/airflow/.local/lib/python3.12/site-packages/airflow/example_dags/example_complex.py
[2025-02-13T00:19:52.488+0000] {processor.py:914} INFO - Processing file /home/airflow/.local/lib/python3.12/site-packages/airflow/example_dags/example_complex.py for tasks to queue
[2025-02-13T00:19:52.490+0000] {logging_mixin.py:190} INFO - [2025-02-13T00:19:52.490+0000] {dagbag.py:588} INFO - Filling up the DagBag from /home/airflow/.local/lib/python3.12/site-packages/airflow/example_dags/example_complex.py
[2025-02-13T00:19:52.509+0000] {processor.py:925} INFO - DAG(s) 'example_complex' retrieved from /home/airflow/.local/lib/python3.12/site-packages/airflow/example_dags/example_complex.py
[2025-02-13T00:19:52.553+0000] {logging_mixin.py:190} INFO - [2025-02-13T00:19:52.553+0000] {dag.py:3239} INFO - Sync 1 DAGs
[2025-02-13T00:19:52.574+0000] {logging_mixin.py:190} INFO - [2025-02-13T00:19:52.574+0000] {dag.py:4180} INFO - Setting next_dagrun for example_complex to None, run_after=None
[2025-02-13T00:19:52.606+0000] {processor.py:208} INFO - Processing /home/airflow/.local/lib/python3.12/site-packages/airflow/example_dags/example_complex.py took 0.126 seconds
[2025-02-13T00:20:22.774+0000] {processor.py:186} INFO - Started process (PID=2312) to work on /home/airflow/.local/lib/python3.12/site-packages/airflow/example_dags/example_complex.py
[2025-02-13T00:20:22.775+0000] {processor.py:914} INFO - Processing file /home/airflow/.local/lib/python3.12/site-packages/airflow/example_dags/example_complex.py for tasks to queue
[2025-02-13T00:20:22.778+0000] {logging_mixin.py:190} INFO - [2025-02-13T00:20:22.778+0000] {dagbag.py:588} INFO - Filling up the DagBag from /home/airflow/.local/lib/python3.12/site-packages/airflow/example_dags/example_complex.py
[2025-02-13T00:20:22.795+0000] {processor.py:925} INFO - DAG(s) 'example_complex' retrieved from /home/airflow/.local/lib/python3.12/site-packages/airflow/example_dags/example_complex.py
[2025-02-13T00:20:22.845+0000] {logging_mixin.py:190} INFO - [2025-02-13T00:20:22.845+0000] {dag.py:3239} INFO - Sync 1 DAGs
[2025-02-13T00:20:22.885+0000] {logging_mixin.py:190} INFO - [2025-02-13T00:20:22.884+0000] {dag.py:4180} INFO - Setting next_dagrun for example_complex to None, run_after=None
[2025-02-13T00:20:22.918+0000] {processor.py:208} INFO - Processing /home/airflow/.local/lib/python3.12/site-packages/airflow/example_dags/example_complex.py took 0.150 seconds
[2025-02-13T00:20:53.070+0000] {processor.py:186} INFO - Started process (PID=2371) to work on /home/airflow/.local/lib/python3.12/site-packages/airflow/example_dags/example_complex.py
[2025-02-13T00:20:53.071+0000] {processor.py:914} INFO - Processing file /home/airflow/.local/lib/python3.12/site-packages/airflow/example_dags/example_complex.py for tasks to queue
[2025-02-13T00:20:53.074+0000] {logging_mixin.py:190} INFO - [2025-02-13T00:20:53.074+0000] {dagbag.py:588} INFO - Filling up the DagBag from /home/airflow/.local/lib/python3.12/site-packages/airflow/example_dags/example_complex.py
[2025-02-13T00:20:53.100+0000] {processor.py:925} INFO - DAG(s) 'example_complex' retrieved from /home/airflow/.local/lib/python3.12/site-packages/airflow/example_dags/example_complex.py
[2025-02-13T00:20:53.177+0000] {logging_mixin.py:190} INFO - [2025-02-13T00:20:53.176+0000] {dag.py:3239} INFO - Sync 1 DAGs
[2025-02-13T00:20:53.194+0000] {logging_mixin.py:190} INFO - [2025-02-13T00:20:53.194+0000] {dag.py:4180} INFO - Setting next_dagrun for example_complex to None, run_after=None
[2025-02-13T00:20:53.213+0000] {processor.py:208} INFO - Processing /home/airflow/.local/lib/python3.12/site-packages/airflow/example_dags/example_complex.py took 0.150 seconds
[2025-02-13T00:21:23.356+0000] {processor.py:186} INFO - Started process (PID=2429) to work on /home/airflow/.local/lib/python3.12/site-packages/airflow/example_dags/example_complex.py
[2025-02-13T00:21:23.357+0000] {processor.py:914} INFO - Processing file /home/airflow/.local/lib/python3.12/site-packages/airflow/example_dags/example_complex.py for tasks to queue
[2025-02-13T00:21:23.359+0000] {logging_mixin.py:190} INFO - [2025-02-13T00:21:23.359+0000] {dagbag.py:588} INFO - Filling up the DagBag from /home/airflow/.local/lib/python3.12/site-packages/airflow/example_dags/example_complex.py
[2025-02-13T00:21:23.378+0000] {processor.py:925} INFO - DAG(s) 'example_complex' retrieved from /home/airflow/.local/lib/python3.12/site-packages/airflow/example_dags/example_complex.py
[2025-02-13T00:21:23.422+0000] {logging_mixin.py:190} INFO - [2025-02-13T00:21:23.422+0000] {dag.py:3239} INFO - Sync 1 DAGs
[2025-02-13T00:21:23.441+0000] {logging_mixin.py:190} INFO - [2025-02-13T00:21:23.440+0000] {dag.py:4180} INFO - Setting next_dagrun for example_complex to None, run_after=None
[2025-02-13T00:21:23.458+0000] {processor.py:208} INFO - Processing /home/airflow/.local/lib/python3.12/site-packages/airflow/example_dags/example_complex.py took 0.109 seconds
[2025-02-13T00:21:53.702+0000] {processor.py:186} INFO - Started process (PID=2487) to work on /home/airflow/.local/lib/python3.12/site-packages/airflow/example_dags/example_complex.py
[2025-02-13T00:21:53.703+0000] {processor.py:914} INFO - Processing file /home/airflow/.local/lib/python3.12/site-packages/airflow/example_dags/example_complex.py for tasks to queue
[2025-02-13T00:21:53.705+0000] {logging_mixin.py:190} INFO - [2025-02-13T00:21:53.705+0000] {dagbag.py:588} INFO - Filling up the DagBag from /home/airflow/.local/lib/python3.12/site-packages/airflow/example_dags/example_complex.py
[2025-02-13T00:21:53.723+0000] {processor.py:925} INFO - DAG(s) 'example_complex' retrieved from /home/airflow/.local/lib/python3.12/site-packages/airflow/example_dags/example_complex.py
[2025-02-13T00:21:53.770+0000] {logging_mixin.py:190} INFO - [2025-02-13T00:21:53.769+0000] {dag.py:3239} INFO - Sync 1 DAGs
[2025-02-13T00:21:53.787+0000] {logging_mixin.py:190} INFO - [2025-02-13T00:21:53.787+0000] {dag.py:4180} INFO - Setting next_dagrun for example_complex to None, run_after=None
[2025-02-13T00:21:53.806+0000] {processor.py:208} INFO - Processing /home/airflow/.local/lib/python3.12/site-packages/airflow/example_dags/example_complex.py took 0.111 seconds
[2025-02-13T00:22:23.946+0000] {processor.py:186} INFO - Started process (PID=2545) to work on /home/airflow/.local/lib/python3.12/site-packages/airflow/example_dags/example_complex.py
[2025-02-13T00:22:23.947+0000] {processor.py:914} INFO - Processing file /home/airflow/.local/lib/python3.12/site-packages/airflow/example_dags/example_complex.py for tasks to queue
[2025-02-13T00:22:23.949+0000] {logging_mixin.py:190} INFO - [2025-02-13T00:22:23.949+0000] {dagbag.py:588} INFO - Filling up the DagBag from /home/airflow/.local/lib/python3.12/site-packages/airflow/example_dags/example_complex.py
[2025-02-13T00:22:23.967+0000] {processor.py:925} INFO - DAG(s) 'example_complex' retrieved from /home/airflow/.local/lib/python3.12/site-packages/airflow/example_dags/example_complex.py
[2025-02-13T00:22:24.012+0000] {logging_mixin.py:190} INFO - [2025-02-13T00:22:24.011+0000] {dag.py:3239} INFO - Sync 1 DAGs
[2025-02-13T00:22:24.030+0000] {logging_mixin.py:190} INFO - [2025-02-13T00:22:24.030+0000] {dag.py:4180} INFO - Setting next_dagrun for example_complex to None, run_after=None
[2025-02-13T00:22:24.048+0000] {processor.py:208} INFO - Processing /home/airflow/.local/lib/python3.12/site-packages/airflow/example_dags/example_complex.py took 0.108 seconds
[2025-02-13T00:22:54.186+0000] {processor.py:186} INFO - Started process (PID=2603) to work on /home/airflow/.local/lib/python3.12/site-packages/airflow/example_dags/example_complex.py
[2025-02-13T00:22:54.191+0000] {processor.py:914} INFO - Processing file /home/airflow/.local/lib/python3.12/site-packages/airflow/example_dags/example_complex.py for tasks to queue
[2025-02-13T00:22:54.194+0000] {logging_mixin.py:190} INFO - [2025-02-13T00:22:54.194+0000] {dagbag.py:588} INFO - Filling up the DagBag from /home/airflow/.local/lib/python3.12/site-packages/airflow/example_dags/example_complex.py
[2025-02-13T00:22:54.224+0000] {processor.py:925} INFO - DAG(s) 'example_complex' retrieved from /home/airflow/.local/lib/python3.12/site-packages/airflow/example_dags/example_complex.py
[2025-02-13T00:22:54.276+0000] {logging_mixin.py:190} INFO - [2025-02-13T00:22:54.276+0000] {dag.py:3239} INFO - Sync 1 DAGs
[2025-02-13T00:22:54.294+0000] {logging_mixin.py:190} INFO - [2025-02-13T00:22:54.294+0000] {dag.py:4180} INFO - Setting next_dagrun for example_complex to None, run_after=None
[2025-02-13T00:22:54.313+0000] {processor.py:208} INFO - Processing /home/airflow/.local/lib/python3.12/site-packages/airflow/example_dags/example_complex.py took 0.148 seconds
[2025-02-13T00:23:24.469+0000] {processor.py:186} INFO - Started process (PID=2661) to work on /home/airflow/.local/lib/python3.12/site-packages/airflow/example_dags/example_complex.py
[2025-02-13T00:23:24.469+0000] {processor.py:914} INFO - Processing file /home/airflow/.local/lib/python3.12/site-packages/airflow/example_dags/example_complex.py for tasks to queue
[2025-02-13T00:23:24.472+0000] {logging_mixin.py:190} INFO - [2025-02-13T00:23:24.472+0000] {dagbag.py:588} INFO - Filling up the DagBag from /home/airflow/.local/lib/python3.12/site-packages/airflow/example_dags/example_complex.py
[2025-02-13T00:23:24.500+0000] {processor.py:925} INFO - DAG(s) 'example_complex' retrieved from /home/airflow/.local/lib/python3.12/site-packages/airflow/example_dags/example_complex.py
[2025-02-13T00:23:24.592+0000] {logging_mixin.py:190} INFO - [2025-02-13T00:23:24.591+0000] {dag.py:3239} INFO - Sync 1 DAGs
[2025-02-13T00:23:24.619+0000] {logging_mixin.py:190} INFO - [2025-02-13T00:23:24.619+0000] {dag.py:4180} INFO - Setting next_dagrun for example_complex to None, run_after=None
[2025-02-13T00:23:24.639+0000] {processor.py:208} INFO - Processing /home/airflow/.local/lib/python3.12/site-packages/airflow/example_dags/example_complex.py took 0.178 seconds
[2025-02-13T00:23:54.796+0000] {processor.py:186} INFO - Started process (PID=2719) to work on /home/airflow/.local/lib/python3.12/site-packages/airflow/example_dags/example_complex.py
[2025-02-13T00:23:54.796+0000] {processor.py:914} INFO - Processing file /home/airflow/.local/lib/python3.12/site-packages/airflow/example_dags/example_complex.py for tasks to queue
[2025-02-13T00:23:54.798+0000] {logging_mixin.py:190} INFO - [2025-02-13T00:23:54.798+0000] {dagbag.py:588} INFO - Filling up the DagBag from /home/airflow/.local/lib/python3.12/site-packages/airflow/example_dags/example_complex.py
[2025-02-13T00:23:54.814+0000] {processor.py:925} INFO - DAG(s) 'example_complex' retrieved from /home/airflow/.local/lib/python3.12/site-packages/airflow/example_dags/example_complex.py
[2025-02-13T00:23:54.861+0000] {logging_mixin.py:190} INFO - [2025-02-13T00:23:54.861+0000] {dag.py:3239} INFO - Sync 1 DAGs
[2025-02-13T00:23:54.875+0000] {logging_mixin.py:190} INFO - [2025-02-13T00:23:54.875+0000] {dag.py:4180} INFO - Setting next_dagrun for example_complex to None, run_after=None
[2025-02-13T00:23:54.888+0000] {processor.py:208} INFO - Processing /home/airflow/.local/lib/python3.12/site-packages/airflow/example_dags/example_complex.py took 0.099 seconds
[2025-02-13T00:24:25.090+0000] {processor.py:186} INFO - Started process (PID=2777) to work on /home/airflow/.local/lib/python3.12/site-packages/airflow/example_dags/example_complex.py
[2025-02-13T00:24:25.091+0000] {processor.py:914} INFO - Processing file /home/airflow/.local/lib/python3.12/site-packages/airflow/example_dags/example_complex.py for tasks to queue
[2025-02-13T00:24:25.094+0000] {logging_mixin.py:190} INFO - [2025-02-13T00:24:25.093+0000] {dagbag.py:588} INFO - Filling up the DagBag from /home/airflow/.local/lib/python3.12/site-packages/airflow/example_dags/example_complex.py
[2025-02-13T00:24:25.111+0000] {processor.py:925} INFO - DAG(s) 'example_complex' retrieved from /home/airflow/.local/lib/python3.12/site-packages/airflow/example_dags/example_complex.py
[2025-02-13T00:24:25.188+0000] {logging_mixin.py:190} INFO - [2025-02-13T00:24:25.187+0000] {dag.py:3239} INFO - Sync 1 DAGs
[2025-02-13T00:24:25.209+0000] {logging_mixin.py:190} INFO - [2025-02-13T00:24:25.208+0000] {dag.py:4180} INFO - Setting next_dagrun for example_complex to None, run_after=None
[2025-02-13T00:24:25.243+0000] {processor.py:208} INFO - Processing /home/airflow/.local/lib/python3.12/site-packages/airflow/example_dags/example_complex.py took 0.160 seconds
[2025-02-13T00:24:56.110+0000] {processor.py:186} INFO - Started process (PID=2831) to work on /home/airflow/.local/lib/python3.12/site-packages/airflow/example_dags/example_complex.py
[2025-02-13T00:24:56.110+0000] {processor.py:914} INFO - Processing file /home/airflow/.local/lib/python3.12/site-packages/airflow/example_dags/example_complex.py for tasks to queue
[2025-02-13T00:24:56.113+0000] {logging_mixin.py:190} INFO - [2025-02-13T00:24:56.112+0000] {dagbag.py:588} INFO - Filling up the DagBag from /home/airflow/.local/lib/python3.12/site-packages/airflow/example_dags/example_complex.py
[2025-02-13T00:24:56.130+0000] {processor.py:925} INFO - DAG(s) 'example_complex' retrieved from /home/airflow/.local/lib/python3.12/site-packages/airflow/example_dags/example_complex.py
[2025-02-13T00:24:56.174+0000] {logging_mixin.py:190} INFO - [2025-02-13T00:24:56.174+0000] {dag.py:3239} INFO - Sync 1 DAGs
[2025-02-13T00:24:56.192+0000] {logging_mixin.py:190} INFO - [2025-02-13T00:24:56.191+0000] {dag.py:4180} INFO - Setting next_dagrun for example_complex to None, run_after=None
[2025-02-13T00:24:56.210+0000] {processor.py:208} INFO - Processing /home/airflow/.local/lib/python3.12/site-packages/airflow/example_dags/example_complex.py took 0.107 seconds
[2025-02-13T00:25:27.274+0000] {processor.py:186} INFO - Started process (PID=2890) to work on /home/airflow/.local/lib/python3.12/site-packages/airflow/example_dags/example_complex.py
[2025-02-13T00:25:27.275+0000] {processor.py:914} INFO - Processing file /home/airflow/.local/lib/python3.12/site-packages/airflow/example_dags/example_complex.py for tasks to queue
[2025-02-13T00:25:27.277+0000] {logging_mixin.py:190} INFO - [2025-02-13T00:25:27.277+0000] {dagbag.py:588} INFO - Filling up the DagBag from /home/airflow/.local/lib/python3.12/site-packages/airflow/example_dags/example_complex.py
[2025-02-13T00:25:27.294+0000] {processor.py:925} INFO - DAG(s) 'example_complex' retrieved from /home/airflow/.local/lib/python3.12/site-packages/airflow/example_dags/example_complex.py
[2025-02-13T00:25:27.347+0000] {logging_mixin.py:190} INFO - [2025-02-13T00:25:27.347+0000] {dag.py:3239} INFO - Sync 1 DAGs
[2025-02-13T00:25:27.366+0000] {logging_mixin.py:190} INFO - [2025-02-13T00:25:27.366+0000] {dag.py:4180} INFO - Setting next_dagrun for example_complex to None, run_after=None
[2025-02-13T00:25:27.383+0000] {processor.py:208} INFO - Processing /home/airflow/.local/lib/python3.12/site-packages/airflow/example_dags/example_complex.py took 0.115 seconds
[2025-02-13T00:25:57.688+0000] {processor.py:186} INFO - Started process (PID=2948) to work on /home/airflow/.local/lib/python3.12/site-packages/airflow/example_dags/example_complex.py
[2025-02-13T00:25:57.688+0000] {processor.py:914} INFO - Processing file /home/airflow/.local/lib/python3.12/site-packages/airflow/example_dags/example_complex.py for tasks to queue
[2025-02-13T00:25:57.691+0000] {logging_mixin.py:190} INFO - [2025-02-13T00:25:57.690+0000] {dagbag.py:588} INFO - Filling up the DagBag from /home/airflow/.local/lib/python3.12/site-packages/airflow/example_dags/example_complex.py
[2025-02-13T00:25:57.709+0000] {processor.py:925} INFO - DAG(s) 'example_complex' retrieved from /home/airflow/.local/lib/python3.12/site-packages/airflow/example_dags/example_complex.py
[2025-02-13T00:25:57.754+0000] {logging_mixin.py:190} INFO - [2025-02-13T00:25:57.754+0000] {dag.py:3239} INFO - Sync 1 DAGs
[2025-02-13T00:25:57.772+0000] {logging_mixin.py:190} INFO - [2025-02-13T00:25:57.771+0000] {dag.py:4180} INFO - Setting next_dagrun for example_complex to None, run_after=None
[2025-02-13T00:25:57.790+0000] {processor.py:208} INFO - Processing /home/airflow/.local/lib/python3.12/site-packages/airflow/example_dags/example_complex.py took 0.110 seconds
[2025-02-13T00:26:28.124+0000] {processor.py:186} INFO - Started process (PID=3006) to work on /home/airflow/.local/lib/python3.12/site-packages/airflow/example_dags/example_complex.py
[2025-02-13T00:26:28.125+0000] {processor.py:914} INFO - Processing file /home/airflow/.local/lib/python3.12/site-packages/airflow/example_dags/example_complex.py for tasks to queue
[2025-02-13T00:26:28.127+0000] {logging_mixin.py:190} INFO - [2025-02-13T00:26:28.127+0000] {dagbag.py:588} INFO - Filling up the DagBag from /home/airflow/.local/lib/python3.12/site-packages/airflow/example_dags/example_complex.py
[2025-02-13T00:26:28.144+0000] {processor.py:925} INFO - DAG(s) 'example_complex' retrieved from /home/airflow/.local/lib/python3.12/site-packages/airflow/example_dags/example_complex.py
[2025-02-13T00:26:28.189+0000] {logging_mixin.py:190} INFO - [2025-02-13T00:26:28.189+0000] {dag.py:3239} INFO - Sync 1 DAGs
[2025-02-13T00:26:28.208+0000] {logging_mixin.py:190} INFO - [2025-02-13T00:26:28.208+0000] {dag.py:4180} INFO - Setting next_dagrun for example_complex to None, run_after=None
[2025-02-13T00:26:28.228+0000] {processor.py:208} INFO - Processing /home/airflow/.local/lib/python3.12/site-packages/airflow/example_dags/example_complex.py took 0.110 seconds
[2025-02-13T00:26:59.403+0000] {processor.py:186} INFO - Started process (PID=3064) to work on /home/airflow/.local/lib/python3.12/site-packages/airflow/example_dags/example_complex.py
[2025-02-13T00:26:59.404+0000] {processor.py:914} INFO - Processing file /home/airflow/.local/lib/python3.12/site-packages/airflow/example_dags/example_complex.py for tasks to queue
[2025-02-13T00:26:59.406+0000] {logging_mixin.py:190} INFO - [2025-02-13T00:26:59.406+0000] {dagbag.py:588} INFO - Filling up the DagBag from /home/airflow/.local/lib/python3.12/site-packages/airflow/example_dags/example_complex.py
[2025-02-13T00:26:59.424+0000] {processor.py:925} INFO - DAG(s) 'example_complex' retrieved from /home/airflow/.local/lib/python3.12/site-packages/airflow/example_dags/example_complex.py
[2025-02-13T00:26:59.468+0000] {logging_mixin.py:190} INFO - [2025-02-13T00:26:59.467+0000] {dag.py:3239} INFO - Sync 1 DAGs
[2025-02-13T00:26:59.485+0000] {logging_mixin.py:190} INFO - [2025-02-13T00:26:59.485+0000] {dag.py:4180} INFO - Setting next_dagrun for example_complex to None, run_after=None
[2025-02-13T00:26:59.510+0000] {processor.py:208} INFO - Processing /home/airflow/.local/lib/python3.12/site-packages/airflow/example_dags/example_complex.py took 0.114 seconds
[2025-02-13T00:27:29.805+0000] {processor.py:186} INFO - Started process (PID=3122) to work on /home/airflow/.local/lib/python3.12/site-packages/airflow/example_dags/example_complex.py
[2025-02-13T00:27:29.806+0000] {processor.py:914} INFO - Processing file /home/airflow/.local/lib/python3.12/site-packages/airflow/example_dags/example_complex.py for tasks to queue
[2025-02-13T00:27:29.808+0000] {logging_mixin.py:190} INFO - [2025-02-13T00:27:29.808+0000] {dagbag.py:588} INFO - Filling up the DagBag from /home/airflow/.local/lib/python3.12/site-packages/airflow/example_dags/example_complex.py
[2025-02-13T00:27:29.826+0000] {processor.py:925} INFO - DAG(s) 'example_complex' retrieved from /home/airflow/.local/lib/python3.12/site-packages/airflow/example_dags/example_complex.py
[2025-02-13T00:27:29.870+0000] {logging_mixin.py:190} INFO - [2025-02-13T00:27:29.870+0000] {dag.py:3239} INFO - Sync 1 DAGs
[2025-02-13T00:27:29.896+0000] {logging_mixin.py:190} INFO - [2025-02-13T00:27:29.895+0000] {dag.py:4180} INFO - Setting next_dagrun for example_complex to None, run_after=None
[2025-02-13T00:27:29.916+0000] {processor.py:208} INFO - Processing /home/airflow/.local/lib/python3.12/site-packages/airflow/example_dags/example_complex.py took 0.119 seconds
[2025-02-13T00:28:00.219+0000] {processor.py:186} INFO - Started process (PID=3180) to work on /home/airflow/.local/lib/python3.12/site-packages/airflow/example_dags/example_complex.py
[2025-02-13T00:28:00.219+0000] {processor.py:914} INFO - Processing file /home/airflow/.local/lib/python3.12/site-packages/airflow/example_dags/example_complex.py for tasks to queue
[2025-02-13T00:28:00.222+0000] {logging_mixin.py:190} INFO - [2025-02-13T00:28:00.221+0000] {dagbag.py:588} INFO - Filling up the DagBag from /home/airflow/.local/lib/python3.12/site-packages/airflow/example_dags/example_complex.py
[2025-02-13T00:28:00.239+0000] {processor.py:925} INFO - DAG(s) 'example_complex' retrieved from /home/airflow/.local/lib/python3.12/site-packages/airflow/example_dags/example_complex.py
[2025-02-13T00:28:00.285+0000] {logging_mixin.py:190} INFO - [2025-02-13T00:28:00.285+0000] {dag.py:3239} INFO - Sync 1 DAGs
[2025-02-13T00:28:00.302+0000] {logging_mixin.py:190} INFO - [2025-02-13T00:28:00.302+0000] {dag.py:4180} INFO - Setting next_dagrun for example_complex to None, run_after=None
[2025-02-13T00:28:00.321+0000] {processor.py:208} INFO - Processing /home/airflow/.local/lib/python3.12/site-packages/airflow/example_dags/example_complex.py took 0.109 seconds
