[2025-02-13T00:00:54.502+0000] {processor.py:186} INFO - Started process (PID=177) to work on /home/airflow/.local/lib/python3.12/site-packages/airflow/example_dags/example_python_decorator.py
[2025-02-13T00:00:54.503+0000] {processor.py:914} INFO - Processing file /home/airflow/.local/lib/python3.12/site-packages/airflow/example_dags/example_python_decorator.py for tasks to queue
[2025-02-13T00:00:54.505+0000] {logging_mixin.py:190} INFO - [2025-02-13T00:00:54.505+0000] {dagbag.py:588} INFO - Filling up the DagBag from /home/airflow/.local/lib/python3.12/site-packages/airflow/example_dags/example_python_decorator.py
[2025-02-13T00:00:54.530+0000] {processor.py:925} INFO - DAG(s) 'example_python_decorator' retrieved from /home/airflow/.local/lib/python3.12/site-packages/airflow/example_dags/example_python_decorator.py
[2025-02-13T00:00:54.570+0000] {logging_mixin.py:190} INFO - [2025-02-13T00:00:54.569+0000] {dag.py:3239} INFO - Sync 1 DAGs
[2025-02-13T00:00:54.598+0000] {logging_mixin.py:190} INFO - [2025-02-13T00:00:54.597+0000] {dag.py:4180} INFO - Setting next_dagrun for example_python_decorator to None, run_after=None
[2025-02-13T00:00:56.089+0000] {processor.py:208} INFO - Processing /home/airflow/.local/lib/python3.12/site-packages/airflow/example_dags/example_python_decorator.py took 1.595 seconds
[2025-02-13T00:01:27.420+0000] {processor.py:186} INFO - Started process (PID=235) to work on /home/airflow/.local/lib/python3.12/site-packages/airflow/example_dags/example_python_decorator.py
[2025-02-13T00:01:27.423+0000] {processor.py:914} INFO - Processing file /home/airflow/.local/lib/python3.12/site-packages/airflow/example_dags/example_python_decorator.py for tasks to queue
[2025-02-13T00:01:27.426+0000] {logging_mixin.py:190} INFO - [2025-02-13T00:01:27.425+0000] {dagbag.py:588} INFO - Filling up the DagBag from /home/airflow/.local/lib/python3.12/site-packages/airflow/example_dags/example_python_decorator.py
[2025-02-13T00:01:27.457+0000] {processor.py:925} INFO - DAG(s) 'example_python_decorator' retrieved from /home/airflow/.local/lib/python3.12/site-packages/airflow/example_dags/example_python_decorator.py
[2025-02-13T00:01:27.501+0000] {logging_mixin.py:190} INFO - [2025-02-13T00:01:27.500+0000] {dag.py:3239} INFO - Sync 1 DAGs
[2025-02-13T00:01:27.527+0000] {logging_mixin.py:190} INFO - [2025-02-13T00:01:27.527+0000] {dag.py:4180} INFO - Setting next_dagrun for example_python_decorator to None, run_after=None
[2025-02-13T00:01:27.558+0000] {processor.py:208} INFO - Processing /home/airflow/.local/lib/python3.12/site-packages/airflow/example_dags/example_python_decorator.py took 0.153 seconds
[2025-02-13T00:02:25.041+0000] {processor.py:186} INFO - Started process (PID=293) to work on /home/airflow/.local/lib/python3.12/site-packages/airflow/example_dags/example_python_decorator.py
[2025-02-13T00:02:25.049+0000] {processor.py:914} INFO - Processing file /home/airflow/.local/lib/python3.12/site-packages/airflow/example_dags/example_python_decorator.py for tasks to queue
[2025-02-13T00:02:25.055+0000] {logging_mixin.py:190} INFO - [2025-02-13T00:02:25.052+0000] {dagbag.py:588} INFO - Filling up the DagBag from /home/airflow/.local/lib/python3.12/site-packages/airflow/example_dags/example_python_decorator.py
[2025-02-13T00:02:25.116+0000] {processor.py:925} INFO - DAG(s) 'example_python_decorator' retrieved from /home/airflow/.local/lib/python3.12/site-packages/airflow/example_dags/example_python_decorator.py
[2025-02-13T00:02:25.233+0000] {logging_mixin.py:190} INFO - [2025-02-13T00:02:25.230+0000] {dag.py:3239} INFO - Sync 1 DAGs
[2025-02-13T00:02:25.268+0000] {logging_mixin.py:190} INFO - [2025-02-13T00:02:25.267+0000] {dag.py:4180} INFO - Setting next_dagrun for example_python_decorator to None, run_after=None
[2025-02-13T00:02:27.221+0000] {processor.py:208} INFO - Processing /home/airflow/.local/lib/python3.12/site-packages/airflow/example_dags/example_python_decorator.py took 2.230 seconds
[2025-02-13T00:02:57.349+0000] {processor.py:186} INFO - Started process (PID=351) to work on /home/airflow/.local/lib/python3.12/site-packages/airflow/example_dags/example_python_decorator.py
[2025-02-13T00:02:57.355+0000] {processor.py:914} INFO - Processing file /home/airflow/.local/lib/python3.12/site-packages/airflow/example_dags/example_python_decorator.py for tasks to queue
[2025-02-13T00:02:57.357+0000] {logging_mixin.py:190} INFO - [2025-02-13T00:02:57.357+0000] {dagbag.py:588} INFO - Filling up the DagBag from /home/airflow/.local/lib/python3.12/site-packages/airflow/example_dags/example_python_decorator.py
[2025-02-13T00:02:57.380+0000] {processor.py:925} INFO - DAG(s) 'example_python_decorator' retrieved from /home/airflow/.local/lib/python3.12/site-packages/airflow/example_dags/example_python_decorator.py
[2025-02-13T00:02:57.427+0000] {logging_mixin.py:190} INFO - [2025-02-13T00:02:57.426+0000] {dag.py:3239} INFO - Sync 1 DAGs
[2025-02-13T00:02:57.447+0000] {logging_mixin.py:190} INFO - [2025-02-13T00:02:57.446+0000] {dag.py:4180} INFO - Setting next_dagrun for example_python_decorator to None, run_after=None
[2025-02-13T00:02:58.468+0000] {processor.py:208} INFO - Processing /home/airflow/.local/lib/python3.12/site-packages/airflow/example_dags/example_python_decorator.py took 1.133 seconds
[2025-02-13T00:03:36.696+0000] {processor.py:186} INFO - Started process (PID=411) to work on /home/airflow/.local/lib/python3.12/site-packages/airflow/example_dags/example_python_decorator.py
[2025-02-13T00:03:36.719+0000] {processor.py:914} INFO - Processing file /home/airflow/.local/lib/python3.12/site-packages/airflow/example_dags/example_python_decorator.py for tasks to queue
[2025-02-13T00:03:36.724+0000] {logging_mixin.py:190} INFO - [2025-02-13T00:03:36.724+0000] {dagbag.py:588} INFO - Filling up the DagBag from /home/airflow/.local/lib/python3.12/site-packages/airflow/example_dags/example_python_decorator.py
[2025-02-13T00:03:36.773+0000] {processor.py:925} INFO - DAG(s) 'example_python_decorator' retrieved from /home/airflow/.local/lib/python3.12/site-packages/airflow/example_dags/example_python_decorator.py
[2025-02-13T00:03:36.841+0000] {logging_mixin.py:190} INFO - [2025-02-13T00:03:36.840+0000] {dag.py:3239} INFO - Sync 1 DAGs
[2025-02-13T00:03:36.885+0000] {logging_mixin.py:190} INFO - [2025-02-13T00:03:36.884+0000] {dag.py:4180} INFO - Setting next_dagrun for example_python_decorator to None, run_after=None
[2025-02-13T00:03:36.928+0000] {processor.py:208} INFO - Processing /home/airflow/.local/lib/python3.12/site-packages/airflow/example_dags/example_python_decorator.py took 0.289 seconds
[2025-02-13T00:04:07.852+0000] {processor.py:186} INFO - Started process (PID=468) to work on /home/airflow/.local/lib/python3.12/site-packages/airflow/example_dags/example_python_decorator.py
[2025-02-13T00:04:07.853+0000] {processor.py:914} INFO - Processing file /home/airflow/.local/lib/python3.12/site-packages/airflow/example_dags/example_python_decorator.py for tasks to queue
[2025-02-13T00:04:07.857+0000] {logging_mixin.py:190} INFO - [2025-02-13T00:04:07.856+0000] {dagbag.py:588} INFO - Filling up the DagBag from /home/airflow/.local/lib/python3.12/site-packages/airflow/example_dags/example_python_decorator.py
[2025-02-13T00:04:07.878+0000] {processor.py:925} INFO - DAG(s) 'example_python_decorator' retrieved from /home/airflow/.local/lib/python3.12/site-packages/airflow/example_dags/example_python_decorator.py
[2025-02-13T00:04:07.917+0000] {logging_mixin.py:190} INFO - [2025-02-13T00:04:07.916+0000] {dag.py:3239} INFO - Sync 1 DAGs
[2025-02-13T00:04:07.966+0000] {logging_mixin.py:190} INFO - [2025-02-13T00:04:07.959+0000] {dag.py:4180} INFO - Setting next_dagrun for example_python_decorator to None, run_after=None
[2025-02-13T00:04:08.001+0000] {processor.py:208} INFO - Processing /home/airflow/.local/lib/python3.12/site-packages/airflow/example_dags/example_python_decorator.py took 0.156 seconds
[2025-02-13T00:04:40.092+0000] {processor.py:186} INFO - Started process (PID=523) to work on /home/airflow/.local/lib/python3.12/site-packages/airflow/example_dags/example_python_decorator.py
[2025-02-13T00:04:40.093+0000] {processor.py:914} INFO - Processing file /home/airflow/.local/lib/python3.12/site-packages/airflow/example_dags/example_python_decorator.py for tasks to queue
[2025-02-13T00:04:40.096+0000] {logging_mixin.py:190} INFO - [2025-02-13T00:04:40.095+0000] {dagbag.py:588} INFO - Filling up the DagBag from /home/airflow/.local/lib/python3.12/site-packages/airflow/example_dags/example_python_decorator.py
[2025-02-13T00:04:40.149+0000] {processor.py:925} INFO - DAG(s) 'example_python_decorator' retrieved from /home/airflow/.local/lib/python3.12/site-packages/airflow/example_dags/example_python_decorator.py
[2025-02-13T00:04:40.181+0000] {logging_mixin.py:190} INFO - [2025-02-13T00:04:40.180+0000] {dag.py:3239} INFO - Sync 1 DAGs
[2025-02-13T00:04:40.202+0000] {logging_mixin.py:190} INFO - [2025-02-13T00:04:40.201+0000] {dag.py:4180} INFO - Setting next_dagrun for example_python_decorator to None, run_after=None
[2025-02-13T00:04:40.663+0000] {processor.py:208} INFO - Processing /home/airflow/.local/lib/python3.12/site-packages/airflow/example_dags/example_python_decorator.py took 0.579 seconds
[2025-02-13T00:05:11.838+0000] {processor.py:186} INFO - Started process (PID=581) to work on /home/airflow/.local/lib/python3.12/site-packages/airflow/example_dags/example_python_decorator.py
[2025-02-13T00:05:11.840+0000] {processor.py:914} INFO - Processing file /home/airflow/.local/lib/python3.12/site-packages/airflow/example_dags/example_python_decorator.py for tasks to queue
[2025-02-13T00:05:11.843+0000] {logging_mixin.py:190} INFO - [2025-02-13T00:05:11.842+0000] {dagbag.py:588} INFO - Filling up the DagBag from /home/airflow/.local/lib/python3.12/site-packages/airflow/example_dags/example_python_decorator.py
[2025-02-13T00:05:11.868+0000] {processor.py:925} INFO - DAG(s) 'example_python_decorator' retrieved from /home/airflow/.local/lib/python3.12/site-packages/airflow/example_dags/example_python_decorator.py
[2025-02-13T00:05:11.939+0000] {logging_mixin.py:190} INFO - [2025-02-13T00:05:11.936+0000] {dag.py:3239} INFO - Sync 1 DAGs
[2025-02-13T00:05:11.980+0000] {logging_mixin.py:190} INFO - [2025-02-13T00:05:11.975+0000] {dag.py:4180} INFO - Setting next_dagrun for example_python_decorator to None, run_after=None
[2025-02-13T00:05:13.342+0000] {processor.py:208} INFO - Processing /home/airflow/.local/lib/python3.12/site-packages/airflow/example_dags/example_python_decorator.py took 1.513 seconds
[2025-02-13T00:05:43.822+0000] {processor.py:186} INFO - Started process (PID=642) to work on /home/airflow/.local/lib/python3.12/site-packages/airflow/example_dags/example_python_decorator.py
[2025-02-13T00:05:43.825+0000] {processor.py:914} INFO - Processing file /home/airflow/.local/lib/python3.12/site-packages/airflow/example_dags/example_python_decorator.py for tasks to queue
[2025-02-13T00:05:43.833+0000] {logging_mixin.py:190} INFO - [2025-02-13T00:05:43.833+0000] {dagbag.py:588} INFO - Filling up the DagBag from /home/airflow/.local/lib/python3.12/site-packages/airflow/example_dags/example_python_decorator.py
[2025-02-13T00:05:43.885+0000] {processor.py:925} INFO - DAG(s) 'example_python_decorator' retrieved from /home/airflow/.local/lib/python3.12/site-packages/airflow/example_dags/example_python_decorator.py
[2025-02-13T00:05:43.919+0000] {logging_mixin.py:190} INFO - [2025-02-13T00:05:43.918+0000] {dag.py:3239} INFO - Sync 1 DAGs
[2025-02-13T00:05:44.028+0000] {logging_mixin.py:190} INFO - [2025-02-13T00:05:44.028+0000] {dag.py:4180} INFO - Setting next_dagrun for example_python_decorator to None, run_after=None
[2025-02-13T00:05:46.491+0000] {processor.py:208} INFO - Processing /home/airflow/.local/lib/python3.12/site-packages/airflow/example_dags/example_python_decorator.py took 2.689 seconds
[2025-02-13T00:06:16.993+0000] {processor.py:186} INFO - Started process (PID=700) to work on /home/airflow/.local/lib/python3.12/site-packages/airflow/example_dags/example_python_decorator.py
[2025-02-13T00:06:16.995+0000] {processor.py:914} INFO - Processing file /home/airflow/.local/lib/python3.12/site-packages/airflow/example_dags/example_python_decorator.py for tasks to queue
[2025-02-13T00:06:16.997+0000] {logging_mixin.py:190} INFO - [2025-02-13T00:06:16.997+0000] {dagbag.py:588} INFO - Filling up the DagBag from /home/airflow/.local/lib/python3.12/site-packages/airflow/example_dags/example_python_decorator.py
[2025-02-13T00:06:17.038+0000] {processor.py:925} INFO - DAG(s) 'example_python_decorator' retrieved from /home/airflow/.local/lib/python3.12/site-packages/airflow/example_dags/example_python_decorator.py
[2025-02-13T00:06:17.071+0000] {logging_mixin.py:190} INFO - [2025-02-13T00:06:17.070+0000] {dag.py:3239} INFO - Sync 1 DAGs
[2025-02-13T00:06:17.173+0000] {logging_mixin.py:190} INFO - [2025-02-13T00:06:17.173+0000] {dag.py:4180} INFO - Setting next_dagrun for example_python_decorator to None, run_after=None
[2025-02-13T00:06:17.198+0000] {processor.py:208} INFO - Processing /home/airflow/.local/lib/python3.12/site-packages/airflow/example_dags/example_python_decorator.py took 0.221 seconds
[2025-02-13T00:06:47.774+0000] {processor.py:186} INFO - Started process (PID=758) to work on /home/airflow/.local/lib/python3.12/site-packages/airflow/example_dags/example_python_decorator.py
[2025-02-13T00:06:47.777+0000] {processor.py:914} INFO - Processing file /home/airflow/.local/lib/python3.12/site-packages/airflow/example_dags/example_python_decorator.py for tasks to queue
[2025-02-13T00:06:47.779+0000] {logging_mixin.py:190} INFO - [2025-02-13T00:06:47.779+0000] {dagbag.py:588} INFO - Filling up the DagBag from /home/airflow/.local/lib/python3.12/site-packages/airflow/example_dags/example_python_decorator.py
[2025-02-13T00:06:47.822+0000] {processor.py:925} INFO - DAG(s) 'example_python_decorator' retrieved from /home/airflow/.local/lib/python3.12/site-packages/airflow/example_dags/example_python_decorator.py
[2025-02-13T00:06:47.857+0000] {logging_mixin.py:190} INFO - [2025-02-13T00:06:47.857+0000] {dag.py:3239} INFO - Sync 1 DAGs
[2025-02-13T00:06:47.878+0000] {logging_mixin.py:190} INFO - [2025-02-13T00:06:47.878+0000] {dag.py:4180} INFO - Setting next_dagrun for example_python_decorator to None, run_after=None
[2025-02-13T00:06:47.902+0000] {processor.py:208} INFO - Processing /home/airflow/.local/lib/python3.12/site-packages/airflow/example_dags/example_python_decorator.py took 0.135 seconds
[2025-02-13T00:07:18.631+0000] {processor.py:186} INFO - Started process (PID=816) to work on /home/airflow/.local/lib/python3.12/site-packages/airflow/example_dags/example_python_decorator.py
[2025-02-13T00:07:18.632+0000] {processor.py:914} INFO - Processing file /home/airflow/.local/lib/python3.12/site-packages/airflow/example_dags/example_python_decorator.py for tasks to queue
[2025-02-13T00:07:18.634+0000] {logging_mixin.py:190} INFO - [2025-02-13T00:07:18.634+0000] {dagbag.py:588} INFO - Filling up the DagBag from /home/airflow/.local/lib/python3.12/site-packages/airflow/example_dags/example_python_decorator.py
[2025-02-13T00:07:18.771+0000] {processor.py:925} INFO - DAG(s) 'example_python_decorator' retrieved from /home/airflow/.local/lib/python3.12/site-packages/airflow/example_dags/example_python_decorator.py
[2025-02-13T00:07:18.827+0000] {logging_mixin.py:190} INFO - [2025-02-13T00:07:18.822+0000] {dag.py:3239} INFO - Sync 1 DAGs
[2025-02-13T00:07:18.887+0000] {logging_mixin.py:190} INFO - [2025-02-13T00:07:18.887+0000] {dag.py:4180} INFO - Setting next_dagrun for example_python_decorator to None, run_after=None
[2025-02-13T00:07:18.935+0000] {processor.py:208} INFO - Processing /home/airflow/.local/lib/python3.12/site-packages/airflow/example_dags/example_python_decorator.py took 0.314 seconds
[2025-02-13T00:07:49.572+0000] {processor.py:186} INFO - Started process (PID=874) to work on /home/airflow/.local/lib/python3.12/site-packages/airflow/example_dags/example_python_decorator.py
[2025-02-13T00:07:49.573+0000] {processor.py:914} INFO - Processing file /home/airflow/.local/lib/python3.12/site-packages/airflow/example_dags/example_python_decorator.py for tasks to queue
[2025-02-13T00:07:49.576+0000] {logging_mixin.py:190} INFO - [2025-02-13T00:07:49.575+0000] {dagbag.py:588} INFO - Filling up the DagBag from /home/airflow/.local/lib/python3.12/site-packages/airflow/example_dags/example_python_decorator.py
[2025-02-13T00:07:49.594+0000] {processor.py:925} INFO - DAG(s) 'example_python_decorator' retrieved from /home/airflow/.local/lib/python3.12/site-packages/airflow/example_dags/example_python_decorator.py
[2025-02-13T00:07:49.621+0000] {logging_mixin.py:190} INFO - [2025-02-13T00:07:49.621+0000] {dag.py:3239} INFO - Sync 1 DAGs
[2025-02-13T00:07:49.640+0000] {logging_mixin.py:190} INFO - [2025-02-13T00:07:49.640+0000] {dag.py:4180} INFO - Setting next_dagrun for example_python_decorator to None, run_after=None
[2025-02-13T00:07:49.665+0000] {processor.py:208} INFO - Processing /home/airflow/.local/lib/python3.12/site-packages/airflow/example_dags/example_python_decorator.py took 0.099 seconds
[2025-02-13T00:08:19.947+0000] {processor.py:186} INFO - Started process (PID=932) to work on /home/airflow/.local/lib/python3.12/site-packages/airflow/example_dags/example_python_decorator.py
[2025-02-13T00:08:19.948+0000] {processor.py:914} INFO - Processing file /home/airflow/.local/lib/python3.12/site-packages/airflow/example_dags/example_python_decorator.py for tasks to queue
[2025-02-13T00:08:19.951+0000] {logging_mixin.py:190} INFO - [2025-02-13T00:08:19.950+0000] {dagbag.py:588} INFO - Filling up the DagBag from /home/airflow/.local/lib/python3.12/site-packages/airflow/example_dags/example_python_decorator.py
[2025-02-13T00:08:19.965+0000] {processor.py:925} INFO - DAG(s) 'example_python_decorator' retrieved from /home/airflow/.local/lib/python3.12/site-packages/airflow/example_dags/example_python_decorator.py
[2025-02-13T00:08:20.006+0000] {logging_mixin.py:190} INFO - [2025-02-13T00:08:20.006+0000] {dag.py:3239} INFO - Sync 1 DAGs
[2025-02-13T00:08:20.034+0000] {logging_mixin.py:190} INFO - [2025-02-13T00:08:20.033+0000] {dag.py:4180} INFO - Setting next_dagrun for example_python_decorator to None, run_after=None
[2025-02-13T00:08:20.115+0000] {processor.py:208} INFO - Processing /home/airflow/.local/lib/python3.12/site-packages/airflow/example_dags/example_python_decorator.py took 0.176 seconds
[2025-02-13T00:08:50.259+0000] {processor.py:186} INFO - Started process (PID=990) to work on /home/airflow/.local/lib/python3.12/site-packages/airflow/example_dags/example_python_decorator.py
[2025-02-13T00:08:50.261+0000] {processor.py:914} INFO - Processing file /home/airflow/.local/lib/python3.12/site-packages/airflow/example_dags/example_python_decorator.py for tasks to queue
[2025-02-13T00:08:50.263+0000] {logging_mixin.py:190} INFO - [2025-02-13T00:08:50.263+0000] {dagbag.py:588} INFO - Filling up the DagBag from /home/airflow/.local/lib/python3.12/site-packages/airflow/example_dags/example_python_decorator.py
[2025-02-13T00:08:50.282+0000] {processor.py:925} INFO - DAG(s) 'example_python_decorator' retrieved from /home/airflow/.local/lib/python3.12/site-packages/airflow/example_dags/example_python_decorator.py
[2025-02-13T00:08:50.309+0000] {logging_mixin.py:190} INFO - [2025-02-13T00:08:50.308+0000] {dag.py:3239} INFO - Sync 1 DAGs
[2025-02-13T00:08:50.327+0000] {logging_mixin.py:190} INFO - [2025-02-13T00:08:50.326+0000] {dag.py:4180} INFO - Setting next_dagrun for example_python_decorator to None, run_after=None
[2025-02-13T00:08:50.346+0000] {processor.py:208} INFO - Processing /home/airflow/.local/lib/python3.12/site-packages/airflow/example_dags/example_python_decorator.py took 0.093 seconds
[2025-02-13T00:09:20.506+0000] {processor.py:186} INFO - Started process (PID=1048) to work on /home/airflow/.local/lib/python3.12/site-packages/airflow/example_dags/example_python_decorator.py
[2025-02-13T00:09:20.507+0000] {processor.py:914} INFO - Processing file /home/airflow/.local/lib/python3.12/site-packages/airflow/example_dags/example_python_decorator.py for tasks to queue
[2025-02-13T00:09:20.509+0000] {logging_mixin.py:190} INFO - [2025-02-13T00:09:20.509+0000] {dagbag.py:588} INFO - Filling up the DagBag from /home/airflow/.local/lib/python3.12/site-packages/airflow/example_dags/example_python_decorator.py
[2025-02-13T00:09:20.526+0000] {processor.py:925} INFO - DAG(s) 'example_python_decorator' retrieved from /home/airflow/.local/lib/python3.12/site-packages/airflow/example_dags/example_python_decorator.py
[2025-02-13T00:09:20.553+0000] {logging_mixin.py:190} INFO - [2025-02-13T00:09:20.552+0000] {dag.py:3239} INFO - Sync 1 DAGs
[2025-02-13T00:09:20.572+0000] {logging_mixin.py:190} INFO - [2025-02-13T00:09:20.571+0000] {dag.py:4180} INFO - Setting next_dagrun for example_python_decorator to None, run_after=None
[2025-02-13T00:09:20.591+0000] {processor.py:208} INFO - Processing /home/airflow/.local/lib/python3.12/site-packages/airflow/example_dags/example_python_decorator.py took 0.091 seconds
[2025-02-13T00:09:51.065+0000] {processor.py:186} INFO - Started process (PID=1099) to work on /home/airflow/.local/lib/python3.12/site-packages/airflow/example_dags/example_python_decorator.py
[2025-02-13T00:09:51.066+0000] {processor.py:914} INFO - Processing file /home/airflow/.local/lib/python3.12/site-packages/airflow/example_dags/example_python_decorator.py for tasks to queue
[2025-02-13T00:09:51.068+0000] {logging_mixin.py:190} INFO - [2025-02-13T00:09:51.068+0000] {dagbag.py:588} INFO - Filling up the DagBag from /home/airflow/.local/lib/python3.12/site-packages/airflow/example_dags/example_python_decorator.py
[2025-02-13T00:09:51.086+0000] {processor.py:925} INFO - DAG(s) 'example_python_decorator' retrieved from /home/airflow/.local/lib/python3.12/site-packages/airflow/example_dags/example_python_decorator.py
[2025-02-13T00:09:51.126+0000] {logging_mixin.py:190} INFO - [2025-02-13T00:09:51.125+0000] {dag.py:3239} INFO - Sync 1 DAGs
[2025-02-13T00:09:51.150+0000] {logging_mixin.py:190} INFO - [2025-02-13T00:09:51.150+0000] {dag.py:4180} INFO - Setting next_dagrun for example_python_decorator to None, run_after=None
[2025-02-13T00:09:51.171+0000] {processor.py:208} INFO - Processing /home/airflow/.local/lib/python3.12/site-packages/airflow/example_dags/example_python_decorator.py took 0.113 seconds
[2025-02-13T00:10:21.399+0000] {processor.py:186} INFO - Started process (PID=1156) to work on /home/airflow/.local/lib/python3.12/site-packages/airflow/example_dags/example_python_decorator.py
[2025-02-13T00:10:21.400+0000] {processor.py:914} INFO - Processing file /home/airflow/.local/lib/python3.12/site-packages/airflow/example_dags/example_python_decorator.py for tasks to queue
[2025-02-13T00:10:21.402+0000] {logging_mixin.py:190} INFO - [2025-02-13T00:10:21.402+0000] {dagbag.py:588} INFO - Filling up the DagBag from /home/airflow/.local/lib/python3.12/site-packages/airflow/example_dags/example_python_decorator.py
[2025-02-13T00:10:21.422+0000] {processor.py:925} INFO - DAG(s) 'example_python_decorator' retrieved from /home/airflow/.local/lib/python3.12/site-packages/airflow/example_dags/example_python_decorator.py
[2025-02-13T00:10:21.457+0000] {logging_mixin.py:190} INFO - [2025-02-13T00:10:21.456+0000] {dag.py:3239} INFO - Sync 1 DAGs
[2025-02-13T00:10:21.475+0000] {logging_mixin.py:190} INFO - [2025-02-13T00:10:21.475+0000] {dag.py:4180} INFO - Setting next_dagrun for example_python_decorator to None, run_after=None
[2025-02-13T00:10:21.494+0000] {processor.py:208} INFO - Processing /home/airflow/.local/lib/python3.12/site-packages/airflow/example_dags/example_python_decorator.py took 0.101 seconds
[2025-02-13T00:10:51.559+0000] {processor.py:186} INFO - Started process (PID=1214) to work on /home/airflow/.local/lib/python3.12/site-packages/airflow/example_dags/example_python_decorator.py
[2025-02-13T00:10:51.560+0000] {processor.py:914} INFO - Processing file /home/airflow/.local/lib/python3.12/site-packages/airflow/example_dags/example_python_decorator.py for tasks to queue
[2025-02-13T00:10:51.562+0000] {logging_mixin.py:190} INFO - [2025-02-13T00:10:51.562+0000] {dagbag.py:588} INFO - Filling up the DagBag from /home/airflow/.local/lib/python3.12/site-packages/airflow/example_dags/example_python_decorator.py
[2025-02-13T00:10:51.580+0000] {processor.py:925} INFO - DAG(s) 'example_python_decorator' retrieved from /home/airflow/.local/lib/python3.12/site-packages/airflow/example_dags/example_python_decorator.py
[2025-02-13T00:10:51.608+0000] {logging_mixin.py:190} INFO - [2025-02-13T00:10:51.607+0000] {dag.py:3239} INFO - Sync 1 DAGs
[2025-02-13T00:10:51.625+0000] {logging_mixin.py:190} INFO - [2025-02-13T00:10:51.624+0000] {dag.py:4180} INFO - Setting next_dagrun for example_python_decorator to None, run_after=None
[2025-02-13T00:10:51.645+0000] {processor.py:208} INFO - Processing /home/airflow/.local/lib/python3.12/site-packages/airflow/example_dags/example_python_decorator.py took 0.092 seconds
[2025-02-13T00:11:21.904+0000] {processor.py:186} INFO - Started process (PID=1272) to work on /home/airflow/.local/lib/python3.12/site-packages/airflow/example_dags/example_python_decorator.py
[2025-02-13T00:11:21.905+0000] {processor.py:914} INFO - Processing file /home/airflow/.local/lib/python3.12/site-packages/airflow/example_dags/example_python_decorator.py for tasks to queue
[2025-02-13T00:11:21.907+0000] {logging_mixin.py:190} INFO - [2025-02-13T00:11:21.907+0000] {dagbag.py:588} INFO - Filling up the DagBag from /home/airflow/.local/lib/python3.12/site-packages/airflow/example_dags/example_python_decorator.py
[2025-02-13T00:11:21.925+0000] {processor.py:925} INFO - DAG(s) 'example_python_decorator' retrieved from /home/airflow/.local/lib/python3.12/site-packages/airflow/example_dags/example_python_decorator.py
[2025-02-13T00:11:21.952+0000] {logging_mixin.py:190} INFO - [2025-02-13T00:11:21.952+0000] {dag.py:3239} INFO - Sync 1 DAGs
[2025-02-13T00:11:21.970+0000] {logging_mixin.py:190} INFO - [2025-02-13T00:11:21.970+0000] {dag.py:4180} INFO - Setting next_dagrun for example_python_decorator to None, run_after=None
[2025-02-13T00:11:21.989+0000] {processor.py:208} INFO - Processing /home/airflow/.local/lib/python3.12/site-packages/airflow/example_dags/example_python_decorator.py took 0.091 seconds
[2025-02-13T00:11:52.368+0000] {processor.py:186} INFO - Started process (PID=1330) to work on /home/airflow/.local/lib/python3.12/site-packages/airflow/example_dags/example_python_decorator.py
[2025-02-13T00:11:52.368+0000] {processor.py:914} INFO - Processing file /home/airflow/.local/lib/python3.12/site-packages/airflow/example_dags/example_python_decorator.py for tasks to queue
[2025-02-13T00:11:52.371+0000] {logging_mixin.py:190} INFO - [2025-02-13T00:11:52.370+0000] {dagbag.py:588} INFO - Filling up the DagBag from /home/airflow/.local/lib/python3.12/site-packages/airflow/example_dags/example_python_decorator.py
[2025-02-13T00:11:52.389+0000] {processor.py:925} INFO - DAG(s) 'example_python_decorator' retrieved from /home/airflow/.local/lib/python3.12/site-packages/airflow/example_dags/example_python_decorator.py
[2025-02-13T00:11:52.416+0000] {logging_mixin.py:190} INFO - [2025-02-13T00:11:52.416+0000] {dag.py:3239} INFO - Sync 1 DAGs
[2025-02-13T00:11:52.437+0000] {logging_mixin.py:190} INFO - [2025-02-13T00:11:52.437+0000] {dag.py:4180} INFO - Setting next_dagrun for example_python_decorator to None, run_after=None
[2025-02-13T00:11:52.469+0000] {processor.py:208} INFO - Processing /home/airflow/.local/lib/python3.12/site-packages/airflow/example_dags/example_python_decorator.py took 0.108 seconds
[2025-02-13T00:12:22.928+0000] {processor.py:186} INFO - Started process (PID=1388) to work on /home/airflow/.local/lib/python3.12/site-packages/airflow/example_dags/example_python_decorator.py
[2025-02-13T00:12:22.928+0000] {processor.py:914} INFO - Processing file /home/airflow/.local/lib/python3.12/site-packages/airflow/example_dags/example_python_decorator.py for tasks to queue
[2025-02-13T00:12:22.931+0000] {logging_mixin.py:190} INFO - [2025-02-13T00:12:22.930+0000] {dagbag.py:588} INFO - Filling up the DagBag from /home/airflow/.local/lib/python3.12/site-packages/airflow/example_dags/example_python_decorator.py
[2025-02-13T00:12:22.948+0000] {processor.py:925} INFO - DAG(s) 'example_python_decorator' retrieved from /home/airflow/.local/lib/python3.12/site-packages/airflow/example_dags/example_python_decorator.py
[2025-02-13T00:12:22.979+0000] {logging_mixin.py:190} INFO - [2025-02-13T00:12:22.978+0000] {dag.py:3239} INFO - Sync 1 DAGs
[2025-02-13T00:12:22.997+0000] {logging_mixin.py:190} INFO - [2025-02-13T00:12:22.996+0000] {dag.py:4180} INFO - Setting next_dagrun for example_python_decorator to None, run_after=None
[2025-02-13T00:12:23.016+0000] {processor.py:208} INFO - Processing /home/airflow/.local/lib/python3.12/site-packages/airflow/example_dags/example_python_decorator.py took 0.094 seconds
[2025-02-13T00:12:53.244+0000] {processor.py:186} INFO - Started process (PID=1446) to work on /home/airflow/.local/lib/python3.12/site-packages/airflow/example_dags/example_python_decorator.py
[2025-02-13T00:12:53.245+0000] {processor.py:914} INFO - Processing file /home/airflow/.local/lib/python3.12/site-packages/airflow/example_dags/example_python_decorator.py for tasks to queue
[2025-02-13T00:12:53.247+0000] {logging_mixin.py:190} INFO - [2025-02-13T00:12:53.247+0000] {dagbag.py:588} INFO - Filling up the DagBag from /home/airflow/.local/lib/python3.12/site-packages/airflow/example_dags/example_python_decorator.py
[2025-02-13T00:12:53.266+0000] {processor.py:925} INFO - DAG(s) 'example_python_decorator' retrieved from /home/airflow/.local/lib/python3.12/site-packages/airflow/example_dags/example_python_decorator.py
[2025-02-13T00:12:53.293+0000] {logging_mixin.py:190} INFO - [2025-02-13T00:12:53.293+0000] {dag.py:3239} INFO - Sync 1 DAGs
[2025-02-13T00:12:53.310+0000] {logging_mixin.py:190} INFO - [2025-02-13T00:12:53.309+0000] {dag.py:4180} INFO - Setting next_dagrun for example_python_decorator to None, run_after=None
[2025-02-13T00:12:53.328+0000] {processor.py:208} INFO - Processing /home/airflow/.local/lib/python3.12/site-packages/airflow/example_dags/example_python_decorator.py took 0.090 seconds
[2025-02-13T00:13:23.513+0000] {processor.py:186} INFO - Started process (PID=1504) to work on /home/airflow/.local/lib/python3.12/site-packages/airflow/example_dags/example_python_decorator.py
[2025-02-13T00:13:23.519+0000] {processor.py:914} INFO - Processing file /home/airflow/.local/lib/python3.12/site-packages/airflow/example_dags/example_python_decorator.py for tasks to queue
[2025-02-13T00:13:23.523+0000] {logging_mixin.py:190} INFO - [2025-02-13T00:13:23.523+0000] {dagbag.py:588} INFO - Filling up the DagBag from /home/airflow/.local/lib/python3.12/site-packages/airflow/example_dags/example_python_decorator.py
[2025-02-13T00:13:23.541+0000] {processor.py:925} INFO - DAG(s) 'example_python_decorator' retrieved from /home/airflow/.local/lib/python3.12/site-packages/airflow/example_dags/example_python_decorator.py
[2025-02-13T00:13:23.567+0000] {logging_mixin.py:190} INFO - [2025-02-13T00:13:23.567+0000] {dag.py:3239} INFO - Sync 1 DAGs
[2025-02-13T00:13:23.585+0000] {logging_mixin.py:190} INFO - [2025-02-13T00:13:23.585+0000] {dag.py:4180} INFO - Setting next_dagrun for example_python_decorator to None, run_after=None
[2025-02-13T00:13:23.605+0000] {processor.py:208} INFO - Processing /home/airflow/.local/lib/python3.12/site-packages/airflow/example_dags/example_python_decorator.py took 0.108 seconds
[2025-02-13T00:13:53.839+0000] {processor.py:186} INFO - Started process (PID=1562) to work on /home/airflow/.local/lib/python3.12/site-packages/airflow/example_dags/example_python_decorator.py
[2025-02-13T00:13:53.840+0000] {processor.py:914} INFO - Processing file /home/airflow/.local/lib/python3.12/site-packages/airflow/example_dags/example_python_decorator.py for tasks to queue
[2025-02-13T00:13:53.842+0000] {logging_mixin.py:190} INFO - [2025-02-13T00:13:53.842+0000] {dagbag.py:588} INFO - Filling up the DagBag from /home/airflow/.local/lib/python3.12/site-packages/airflow/example_dags/example_python_decorator.py
[2025-02-13T00:13:53.859+0000] {processor.py:925} INFO - DAG(s) 'example_python_decorator' retrieved from /home/airflow/.local/lib/python3.12/site-packages/airflow/example_dags/example_python_decorator.py
[2025-02-13T00:13:53.887+0000] {logging_mixin.py:190} INFO - [2025-02-13T00:13:53.886+0000] {dag.py:3239} INFO - Sync 1 DAGs
[2025-02-13T00:13:53.906+0000] {logging_mixin.py:190} INFO - [2025-02-13T00:13:53.905+0000] {dag.py:4180} INFO - Setting next_dagrun for example_python_decorator to None, run_after=None
[2025-02-13T00:13:53.924+0000] {processor.py:208} INFO - Processing /home/airflow/.local/lib/python3.12/site-packages/airflow/example_dags/example_python_decorator.py took 0.092 seconds
[2025-02-13T00:14:24.676+0000] {processor.py:186} INFO - Started process (PID=1620) to work on /home/airflow/.local/lib/python3.12/site-packages/airflow/example_dags/example_python_decorator.py
[2025-02-13T00:14:24.677+0000] {processor.py:914} INFO - Processing file /home/airflow/.local/lib/python3.12/site-packages/airflow/example_dags/example_python_decorator.py for tasks to queue
[2025-02-13T00:14:24.680+0000] {logging_mixin.py:190} INFO - [2025-02-13T00:14:24.679+0000] {dagbag.py:588} INFO - Filling up the DagBag from /home/airflow/.local/lib/python3.12/site-packages/airflow/example_dags/example_python_decorator.py
[2025-02-13T00:14:24.698+0000] {processor.py:925} INFO - DAG(s) 'example_python_decorator' retrieved from /home/airflow/.local/lib/python3.12/site-packages/airflow/example_dags/example_python_decorator.py
[2025-02-13T00:14:24.726+0000] {logging_mixin.py:190} INFO - [2025-02-13T00:14:24.725+0000] {dag.py:3239} INFO - Sync 1 DAGs
[2025-02-13T00:14:24.743+0000] {logging_mixin.py:190} INFO - [2025-02-13T00:14:24.743+0000] {dag.py:4180} INFO - Setting next_dagrun for example_python_decorator to None, run_after=None
[2025-02-13T00:14:24.762+0000] {processor.py:208} INFO - Processing /home/airflow/.local/lib/python3.12/site-packages/airflow/example_dags/example_python_decorator.py took 0.092 seconds
[2025-02-13T00:14:55.139+0000] {processor.py:186} INFO - Started process (PID=1678) to work on /home/airflow/.local/lib/python3.12/site-packages/airflow/example_dags/example_python_decorator.py
[2025-02-13T00:14:55.140+0000] {processor.py:914} INFO - Processing file /home/airflow/.local/lib/python3.12/site-packages/airflow/example_dags/example_python_decorator.py for tasks to queue
[2025-02-13T00:14:55.142+0000] {logging_mixin.py:190} INFO - [2025-02-13T00:14:55.142+0000] {dagbag.py:588} INFO - Filling up the DagBag from /home/airflow/.local/lib/python3.12/site-packages/airflow/example_dags/example_python_decorator.py
[2025-02-13T00:14:55.160+0000] {processor.py:925} INFO - DAG(s) 'example_python_decorator' retrieved from /home/airflow/.local/lib/python3.12/site-packages/airflow/example_dags/example_python_decorator.py
[2025-02-13T00:14:55.189+0000] {logging_mixin.py:190} INFO - [2025-02-13T00:14:55.188+0000] {dag.py:3239} INFO - Sync 1 DAGs
[2025-02-13T00:14:55.207+0000] {logging_mixin.py:190} INFO - [2025-02-13T00:14:55.206+0000] {dag.py:4180} INFO - Setting next_dagrun for example_python_decorator to None, run_after=None
[2025-02-13T00:14:55.226+0000] {processor.py:208} INFO - Processing /home/airflow/.local/lib/python3.12/site-packages/airflow/example_dags/example_python_decorator.py took 0.093 seconds
[2025-02-13T00:15:25.445+0000] {processor.py:186} INFO - Started process (PID=1736) to work on /home/airflow/.local/lib/python3.12/site-packages/airflow/example_dags/example_python_decorator.py
[2025-02-13T00:15:25.446+0000] {processor.py:914} INFO - Processing file /home/airflow/.local/lib/python3.12/site-packages/airflow/example_dags/example_python_decorator.py for tasks to queue
[2025-02-13T00:15:25.449+0000] {logging_mixin.py:190} INFO - [2025-02-13T00:15:25.448+0000] {dagbag.py:588} INFO - Filling up the DagBag from /home/airflow/.local/lib/python3.12/site-packages/airflow/example_dags/example_python_decorator.py
[2025-02-13T00:15:25.472+0000] {processor.py:925} INFO - DAG(s) 'example_python_decorator' retrieved from /home/airflow/.local/lib/python3.12/site-packages/airflow/example_dags/example_python_decorator.py
[2025-02-13T00:15:25.526+0000] {logging_mixin.py:190} INFO - [2025-02-13T00:15:25.525+0000] {dag.py:3239} INFO - Sync 1 DAGs
[2025-02-13T00:15:25.547+0000] {logging_mixin.py:190} INFO - [2025-02-13T00:15:25.547+0000] {dag.py:4180} INFO - Setting next_dagrun for example_python_decorator to None, run_after=None
[2025-02-13T00:15:25.566+0000] {processor.py:208} INFO - Processing /home/airflow/.local/lib/python3.12/site-packages/airflow/example_dags/example_python_decorator.py took 0.127 seconds
[2025-02-13T00:15:55.763+0000] {processor.py:186} INFO - Started process (PID=1794) to work on /home/airflow/.local/lib/python3.12/site-packages/airflow/example_dags/example_python_decorator.py
[2025-02-13T00:15:55.764+0000] {processor.py:914} INFO - Processing file /home/airflow/.local/lib/python3.12/site-packages/airflow/example_dags/example_python_decorator.py for tasks to queue
[2025-02-13T00:15:55.766+0000] {logging_mixin.py:190} INFO - [2025-02-13T00:15:55.766+0000] {dagbag.py:588} INFO - Filling up the DagBag from /home/airflow/.local/lib/python3.12/site-packages/airflow/example_dags/example_python_decorator.py
[2025-02-13T00:15:55.786+0000] {processor.py:925} INFO - DAG(s) 'example_python_decorator' retrieved from /home/airflow/.local/lib/python3.12/site-packages/airflow/example_dags/example_python_decorator.py
[2025-02-13T00:15:55.814+0000] {logging_mixin.py:190} INFO - [2025-02-13T00:15:55.814+0000] {dag.py:3239} INFO - Sync 1 DAGs
[2025-02-13T00:15:55.832+0000] {logging_mixin.py:190} INFO - [2025-02-13T00:15:55.831+0000] {dag.py:4180} INFO - Setting next_dagrun for example_python_decorator to None, run_after=None
[2025-02-13T00:15:55.851+0000] {processor.py:208} INFO - Processing /home/airflow/.local/lib/python3.12/site-packages/airflow/example_dags/example_python_decorator.py took 0.094 seconds
[2025-02-13T00:16:26.030+0000] {processor.py:186} INFO - Started process (PID=1852) to work on /home/airflow/.local/lib/python3.12/site-packages/airflow/example_dags/example_python_decorator.py
[2025-02-13T00:16:26.031+0000] {processor.py:914} INFO - Processing file /home/airflow/.local/lib/python3.12/site-packages/airflow/example_dags/example_python_decorator.py for tasks to queue
[2025-02-13T00:16:26.034+0000] {logging_mixin.py:190} INFO - [2025-02-13T00:16:26.033+0000] {dagbag.py:588} INFO - Filling up the DagBag from /home/airflow/.local/lib/python3.12/site-packages/airflow/example_dags/example_python_decorator.py
[2025-02-13T00:16:26.051+0000] {processor.py:925} INFO - DAG(s) 'example_python_decorator' retrieved from /home/airflow/.local/lib/python3.12/site-packages/airflow/example_dags/example_python_decorator.py
[2025-02-13T00:16:26.079+0000] {logging_mixin.py:190} INFO - [2025-02-13T00:16:26.079+0000] {dag.py:3239} INFO - Sync 1 DAGs
[2025-02-13T00:16:26.097+0000] {logging_mixin.py:190} INFO - [2025-02-13T00:16:26.097+0000] {dag.py:4180} INFO - Setting next_dagrun for example_python_decorator to None, run_after=None
[2025-02-13T00:16:26.116+0000] {processor.py:208} INFO - Processing /home/airflow/.local/lib/python3.12/site-packages/airflow/example_dags/example_python_decorator.py took 0.092 seconds
[2025-02-13T00:16:56.308+0000] {processor.py:186} INFO - Started process (PID=1910) to work on /home/airflow/.local/lib/python3.12/site-packages/airflow/example_dags/example_python_decorator.py
[2025-02-13T00:16:56.308+0000] {processor.py:914} INFO - Processing file /home/airflow/.local/lib/python3.12/site-packages/airflow/example_dags/example_python_decorator.py for tasks to queue
[2025-02-13T00:16:56.310+0000] {logging_mixin.py:190} INFO - [2025-02-13T00:16:56.310+0000] {dagbag.py:588} INFO - Filling up the DagBag from /home/airflow/.local/lib/python3.12/site-packages/airflow/example_dags/example_python_decorator.py
[2025-02-13T00:16:56.328+0000] {processor.py:925} INFO - DAG(s) 'example_python_decorator' retrieved from /home/airflow/.local/lib/python3.12/site-packages/airflow/example_dags/example_python_decorator.py
[2025-02-13T00:16:56.357+0000] {logging_mixin.py:190} INFO - [2025-02-13T00:16:56.357+0000] {dag.py:3239} INFO - Sync 1 DAGs
[2025-02-13T00:16:56.374+0000] {logging_mixin.py:190} INFO - [2025-02-13T00:16:56.374+0000] {dag.py:4180} INFO - Setting next_dagrun for example_python_decorator to None, run_after=None
[2025-02-13T00:16:56.394+0000] {processor.py:208} INFO - Processing /home/airflow/.local/lib/python3.12/site-packages/airflow/example_dags/example_python_decorator.py took 0.093 seconds
[2025-02-13T00:17:26.617+0000] {processor.py:186} INFO - Started process (PID=1968) to work on /home/airflow/.local/lib/python3.12/site-packages/airflow/example_dags/example_python_decorator.py
[2025-02-13T00:17:26.618+0000] {processor.py:914} INFO - Processing file /home/airflow/.local/lib/python3.12/site-packages/airflow/example_dags/example_python_decorator.py for tasks to queue
[2025-02-13T00:17:26.620+0000] {logging_mixin.py:190} INFO - [2025-02-13T00:17:26.620+0000] {dagbag.py:588} INFO - Filling up the DagBag from /home/airflow/.local/lib/python3.12/site-packages/airflow/example_dags/example_python_decorator.py
[2025-02-13T00:17:26.639+0000] {processor.py:925} INFO - DAG(s) 'example_python_decorator' retrieved from /home/airflow/.local/lib/python3.12/site-packages/airflow/example_dags/example_python_decorator.py
[2025-02-13T00:17:26.668+0000] {logging_mixin.py:190} INFO - [2025-02-13T00:17:26.667+0000] {dag.py:3239} INFO - Sync 1 DAGs
[2025-02-13T00:17:26.687+0000] {logging_mixin.py:190} INFO - [2025-02-13T00:17:26.687+0000] {dag.py:4180} INFO - Setting next_dagrun for example_python_decorator to None, run_after=None
[2025-02-13T00:17:26.708+0000] {processor.py:208} INFO - Processing /home/airflow/.local/lib/python3.12/site-packages/airflow/example_dags/example_python_decorator.py took 0.098 seconds
[2025-02-13T00:17:56.848+0000] {processor.py:186} INFO - Started process (PID=2026) to work on /home/airflow/.local/lib/python3.12/site-packages/airflow/example_dags/example_python_decorator.py
[2025-02-13T00:17:56.849+0000] {processor.py:914} INFO - Processing file /home/airflow/.local/lib/python3.12/site-packages/airflow/example_dags/example_python_decorator.py for tasks to queue
[2025-02-13T00:17:56.852+0000] {logging_mixin.py:190} INFO - [2025-02-13T00:17:56.851+0000] {dagbag.py:588} INFO - Filling up the DagBag from /home/airflow/.local/lib/python3.12/site-packages/airflow/example_dags/example_python_decorator.py
[2025-02-13T00:17:56.870+0000] {processor.py:925} INFO - DAG(s) 'example_python_decorator' retrieved from /home/airflow/.local/lib/python3.12/site-packages/airflow/example_dags/example_python_decorator.py
[2025-02-13T00:17:56.897+0000] {logging_mixin.py:190} INFO - [2025-02-13T00:17:56.897+0000] {dag.py:3239} INFO - Sync 1 DAGs
[2025-02-13T00:17:56.914+0000] {logging_mixin.py:190} INFO - [2025-02-13T00:17:56.914+0000] {dag.py:4180} INFO - Setting next_dagrun for example_python_decorator to None, run_after=None
[2025-02-13T00:17:56.933+0000] {processor.py:208} INFO - Processing /home/airflow/.local/lib/python3.12/site-packages/airflow/example_dags/example_python_decorator.py took 0.091 seconds
[2025-02-13T00:18:27.185+0000] {processor.py:186} INFO - Started process (PID=2084) to work on /home/airflow/.local/lib/python3.12/site-packages/airflow/example_dags/example_python_decorator.py
[2025-02-13T00:18:27.186+0000] {processor.py:914} INFO - Processing file /home/airflow/.local/lib/python3.12/site-packages/airflow/example_dags/example_python_decorator.py for tasks to queue
[2025-02-13T00:18:27.188+0000] {logging_mixin.py:190} INFO - [2025-02-13T00:18:27.188+0000] {dagbag.py:588} INFO - Filling up the DagBag from /home/airflow/.local/lib/python3.12/site-packages/airflow/example_dags/example_python_decorator.py
[2025-02-13T00:18:27.206+0000] {processor.py:925} INFO - DAG(s) 'example_python_decorator' retrieved from /home/airflow/.local/lib/python3.12/site-packages/airflow/example_dags/example_python_decorator.py
[2025-02-13T00:18:27.239+0000] {logging_mixin.py:190} INFO - [2025-02-13T00:18:27.238+0000] {dag.py:3239} INFO - Sync 1 DAGs
[2025-02-13T00:18:27.258+0000] {logging_mixin.py:190} INFO - [2025-02-13T00:18:27.258+0000] {dag.py:4180} INFO - Setting next_dagrun for example_python_decorator to None, run_after=None
[2025-02-13T00:18:27.277+0000] {processor.py:208} INFO - Processing /home/airflow/.local/lib/python3.12/site-packages/airflow/example_dags/example_python_decorator.py took 0.099 seconds
[2025-02-13T00:18:57.418+0000] {processor.py:186} INFO - Started process (PID=2142) to work on /home/airflow/.local/lib/python3.12/site-packages/airflow/example_dags/example_python_decorator.py
[2025-02-13T00:18:57.418+0000] {processor.py:914} INFO - Processing file /home/airflow/.local/lib/python3.12/site-packages/airflow/example_dags/example_python_decorator.py for tasks to queue
[2025-02-13T00:18:57.421+0000] {logging_mixin.py:190} INFO - [2025-02-13T00:18:57.420+0000] {dagbag.py:588} INFO - Filling up the DagBag from /home/airflow/.local/lib/python3.12/site-packages/airflow/example_dags/example_python_decorator.py
[2025-02-13T00:18:57.439+0000] {processor.py:925} INFO - DAG(s) 'example_python_decorator' retrieved from /home/airflow/.local/lib/python3.12/site-packages/airflow/example_dags/example_python_decorator.py
[2025-02-13T00:18:57.467+0000] {logging_mixin.py:190} INFO - [2025-02-13T00:18:57.466+0000] {dag.py:3239} INFO - Sync 1 DAGs
[2025-02-13T00:18:57.491+0000] {logging_mixin.py:190} INFO - [2025-02-13T00:18:57.491+0000] {dag.py:4180} INFO - Setting next_dagrun for example_python_decorator to None, run_after=None
[2025-02-13T00:18:57.529+0000] {processor.py:208} INFO - Processing /home/airflow/.local/lib/python3.12/site-packages/airflow/example_dags/example_python_decorator.py took 0.118 seconds
[2025-02-13T00:19:27.688+0000] {processor.py:186} INFO - Started process (PID=2200) to work on /home/airflow/.local/lib/python3.12/site-packages/airflow/example_dags/example_python_decorator.py
[2025-02-13T00:19:27.688+0000] {processor.py:914} INFO - Processing file /home/airflow/.local/lib/python3.12/site-packages/airflow/example_dags/example_python_decorator.py for tasks to queue
[2025-02-13T00:19:27.691+0000] {logging_mixin.py:190} INFO - [2025-02-13T00:19:27.690+0000] {dagbag.py:588} INFO - Filling up the DagBag from /home/airflow/.local/lib/python3.12/site-packages/airflow/example_dags/example_python_decorator.py
[2025-02-13T00:19:27.719+0000] {processor.py:925} INFO - DAG(s) 'example_python_decorator' retrieved from /home/airflow/.local/lib/python3.12/site-packages/airflow/example_dags/example_python_decorator.py
[2025-02-13T00:19:27.755+0000] {logging_mixin.py:190} INFO - [2025-02-13T00:19:27.754+0000] {dag.py:3239} INFO - Sync 1 DAGs
[2025-02-13T00:19:27.776+0000] {logging_mixin.py:190} INFO - [2025-02-13T00:19:27.776+0000] {dag.py:4180} INFO - Setting next_dagrun for example_python_decorator to None, run_after=None
[2025-02-13T00:19:27.801+0000] {processor.py:208} INFO - Processing /home/airflow/.local/lib/python3.12/site-packages/airflow/example_dags/example_python_decorator.py took 0.120 seconds
[2025-02-13T00:19:58.817+0000] {processor.py:186} INFO - Started process (PID=2258) to work on /home/airflow/.local/lib/python3.12/site-packages/airflow/example_dags/example_python_decorator.py
[2025-02-13T00:19:58.818+0000] {processor.py:914} INFO - Processing file /home/airflow/.local/lib/python3.12/site-packages/airflow/example_dags/example_python_decorator.py for tasks to queue
[2025-02-13T00:19:58.821+0000] {logging_mixin.py:190} INFO - [2025-02-13T00:19:58.820+0000] {dagbag.py:588} INFO - Filling up the DagBag from /home/airflow/.local/lib/python3.12/site-packages/airflow/example_dags/example_python_decorator.py
[2025-02-13T00:19:58.838+0000] {processor.py:925} INFO - DAG(s) 'example_python_decorator' retrieved from /home/airflow/.local/lib/python3.12/site-packages/airflow/example_dags/example_python_decorator.py
[2025-02-13T00:19:58.867+0000] {logging_mixin.py:190} INFO - [2025-02-13T00:19:58.867+0000] {dag.py:3239} INFO - Sync 1 DAGs
[2025-02-13T00:19:58.886+0000] {logging_mixin.py:190} INFO - [2025-02-13T00:19:58.886+0000] {dag.py:4180} INFO - Setting next_dagrun for example_python_decorator to None, run_after=None
[2025-02-13T00:19:58.908+0000] {processor.py:208} INFO - Processing /home/airflow/.local/lib/python3.12/site-packages/airflow/example_dags/example_python_decorator.py took 0.098 seconds
[2025-02-13T00:20:29.089+0000] {processor.py:186} INFO - Started process (PID=2316) to work on /home/airflow/.local/lib/python3.12/site-packages/airflow/example_dags/example_python_decorator.py
[2025-02-13T00:20:29.090+0000] {processor.py:914} INFO - Processing file /home/airflow/.local/lib/python3.12/site-packages/airflow/example_dags/example_python_decorator.py for tasks to queue
[2025-02-13T00:20:29.097+0000] {logging_mixin.py:190} INFO - [2025-02-13T00:20:29.096+0000] {dagbag.py:588} INFO - Filling up the DagBag from /home/airflow/.local/lib/python3.12/site-packages/airflow/example_dags/example_python_decorator.py
[2025-02-13T00:20:29.132+0000] {processor.py:925} INFO - DAG(s) 'example_python_decorator' retrieved from /home/airflow/.local/lib/python3.12/site-packages/airflow/example_dags/example_python_decorator.py
[2025-02-13T00:20:29.166+0000] {logging_mixin.py:190} INFO - [2025-02-13T00:20:29.165+0000] {dag.py:3239} INFO - Sync 1 DAGs
[2025-02-13T00:20:29.187+0000] {logging_mixin.py:190} INFO - [2025-02-13T00:20:29.187+0000] {dag.py:4180} INFO - Setting next_dagrun for example_python_decorator to None, run_after=None
[2025-02-13T00:20:29.210+0000] {processor.py:208} INFO - Processing /home/airflow/.local/lib/python3.12/site-packages/airflow/example_dags/example_python_decorator.py took 0.128 seconds
[2025-02-13T00:20:59.339+0000] {processor.py:186} INFO - Started process (PID=2374) to work on /home/airflow/.local/lib/python3.12/site-packages/airflow/example_dags/example_python_decorator.py
[2025-02-13T00:20:59.340+0000] {processor.py:914} INFO - Processing file /home/airflow/.local/lib/python3.12/site-packages/airflow/example_dags/example_python_decorator.py for tasks to queue
[2025-02-13T00:20:59.343+0000] {logging_mixin.py:190} INFO - [2025-02-13T00:20:59.342+0000] {dagbag.py:588} INFO - Filling up the DagBag from /home/airflow/.local/lib/python3.12/site-packages/airflow/example_dags/example_python_decorator.py
[2025-02-13T00:20:59.360+0000] {processor.py:925} INFO - DAG(s) 'example_python_decorator' retrieved from /home/airflow/.local/lib/python3.12/site-packages/airflow/example_dags/example_python_decorator.py
[2025-02-13T00:20:59.390+0000] {logging_mixin.py:190} INFO - [2025-02-13T00:20:59.389+0000] {dag.py:3239} INFO - Sync 1 DAGs
[2025-02-13T00:20:59.424+0000] {logging_mixin.py:190} INFO - [2025-02-13T00:20:59.424+0000] {dag.py:4180} INFO - Setting next_dagrun for example_python_decorator to None, run_after=None
[2025-02-13T00:20:59.473+0000] {processor.py:208} INFO - Processing /home/airflow/.local/lib/python3.12/site-packages/airflow/example_dags/example_python_decorator.py took 0.142 seconds
[2025-02-13T00:21:29.585+0000] {processor.py:186} INFO - Started process (PID=2432) to work on /home/airflow/.local/lib/python3.12/site-packages/airflow/example_dags/example_python_decorator.py
[2025-02-13T00:21:29.586+0000] {processor.py:914} INFO - Processing file /home/airflow/.local/lib/python3.12/site-packages/airflow/example_dags/example_python_decorator.py for tasks to queue
[2025-02-13T00:21:29.589+0000] {logging_mixin.py:190} INFO - [2025-02-13T00:21:29.588+0000] {dagbag.py:588} INFO - Filling up the DagBag from /home/airflow/.local/lib/python3.12/site-packages/airflow/example_dags/example_python_decorator.py
[2025-02-13T00:21:29.606+0000] {processor.py:925} INFO - DAG(s) 'example_python_decorator' retrieved from /home/airflow/.local/lib/python3.12/site-packages/airflow/example_dags/example_python_decorator.py
[2025-02-13T00:21:29.657+0000] {logging_mixin.py:190} INFO - [2025-02-13T00:21:29.656+0000] {dag.py:3239} INFO - Sync 1 DAGs
[2025-02-13T00:21:29.676+0000] {logging_mixin.py:190} INFO - [2025-02-13T00:21:29.675+0000] {dag.py:4180} INFO - Setting next_dagrun for example_python_decorator to None, run_after=None
[2025-02-13T00:21:29.693+0000] {processor.py:208} INFO - Processing /home/airflow/.local/lib/python3.12/site-packages/airflow/example_dags/example_python_decorator.py took 0.114 seconds
[2025-02-13T00:21:59.943+0000] {processor.py:186} INFO - Started process (PID=2490) to work on /home/airflow/.local/lib/python3.12/site-packages/airflow/example_dags/example_python_decorator.py
[2025-02-13T00:21:59.944+0000] {processor.py:914} INFO - Processing file /home/airflow/.local/lib/python3.12/site-packages/airflow/example_dags/example_python_decorator.py for tasks to queue
[2025-02-13T00:21:59.946+0000] {logging_mixin.py:190} INFO - [2025-02-13T00:21:59.946+0000] {dagbag.py:588} INFO - Filling up the DagBag from /home/airflow/.local/lib/python3.12/site-packages/airflow/example_dags/example_python_decorator.py
[2025-02-13T00:21:59.963+0000] {processor.py:925} INFO - DAG(s) 'example_python_decorator' retrieved from /home/airflow/.local/lib/python3.12/site-packages/airflow/example_dags/example_python_decorator.py
[2025-02-13T00:22:00.003+0000] {logging_mixin.py:190} INFO - [2025-02-13T00:22:00.003+0000] {dag.py:3239} INFO - Sync 1 DAGs
[2025-02-13T00:22:00.022+0000] {logging_mixin.py:190} INFO - [2025-02-13T00:22:00.022+0000] {dag.py:4180} INFO - Setting next_dagrun for example_python_decorator to None, run_after=None
[2025-02-13T00:22:00.041+0000] {processor.py:208} INFO - Processing /home/airflow/.local/lib/python3.12/site-packages/airflow/example_dags/example_python_decorator.py took 0.106 seconds
[2025-02-13T00:22:30.116+0000] {processor.py:186} INFO - Started process (PID=2548) to work on /home/airflow/.local/lib/python3.12/site-packages/airflow/example_dags/example_python_decorator.py
[2025-02-13T00:22:30.117+0000] {processor.py:914} INFO - Processing file /home/airflow/.local/lib/python3.12/site-packages/airflow/example_dags/example_python_decorator.py for tasks to queue
[2025-02-13T00:22:30.119+0000] {logging_mixin.py:190} INFO - [2025-02-13T00:22:30.119+0000] {dagbag.py:588} INFO - Filling up the DagBag from /home/airflow/.local/lib/python3.12/site-packages/airflow/example_dags/example_python_decorator.py
[2025-02-13T00:22:30.136+0000] {processor.py:925} INFO - DAG(s) 'example_python_decorator' retrieved from /home/airflow/.local/lib/python3.12/site-packages/airflow/example_dags/example_python_decorator.py
[2025-02-13T00:22:30.163+0000] {logging_mixin.py:190} INFO - [2025-02-13T00:22:30.163+0000] {dag.py:3239} INFO - Sync 1 DAGs
[2025-02-13T00:22:30.181+0000] {logging_mixin.py:190} INFO - [2025-02-13T00:22:30.181+0000] {dag.py:4180} INFO - Setting next_dagrun for example_python_decorator to None, run_after=None
[2025-02-13T00:22:30.200+0000] {processor.py:208} INFO - Processing /home/airflow/.local/lib/python3.12/site-packages/airflow/example_dags/example_python_decorator.py took 0.090 seconds
[2025-02-13T00:23:00.427+0000] {processor.py:186} INFO - Started process (PID=2606) to work on /home/airflow/.local/lib/python3.12/site-packages/airflow/example_dags/example_python_decorator.py
[2025-02-13T00:23:00.428+0000] {processor.py:914} INFO - Processing file /home/airflow/.local/lib/python3.12/site-packages/airflow/example_dags/example_python_decorator.py for tasks to queue
[2025-02-13T00:23:00.430+0000] {logging_mixin.py:190} INFO - [2025-02-13T00:23:00.430+0000] {dagbag.py:588} INFO - Filling up the DagBag from /home/airflow/.local/lib/python3.12/site-packages/airflow/example_dags/example_python_decorator.py
[2025-02-13T00:23:00.448+0000] {processor.py:925} INFO - DAG(s) 'example_python_decorator' retrieved from /home/airflow/.local/lib/python3.12/site-packages/airflow/example_dags/example_python_decorator.py
[2025-02-13T00:23:00.480+0000] {logging_mixin.py:190} INFO - [2025-02-13T00:23:00.480+0000] {dag.py:3239} INFO - Sync 1 DAGs
[2025-02-13T00:23:00.498+0000] {logging_mixin.py:190} INFO - [2025-02-13T00:23:00.498+0000] {dag.py:4180} INFO - Setting next_dagrun for example_python_decorator to None, run_after=None
[2025-02-13T00:23:00.517+0000] {processor.py:208} INFO - Processing /home/airflow/.local/lib/python3.12/site-packages/airflow/example_dags/example_python_decorator.py took 0.097 seconds
[2025-02-13T00:23:30.777+0000] {processor.py:186} INFO - Started process (PID=2664) to work on /home/airflow/.local/lib/python3.12/site-packages/airflow/example_dags/example_python_decorator.py
[2025-02-13T00:23:30.791+0000] {processor.py:914} INFO - Processing file /home/airflow/.local/lib/python3.12/site-packages/airflow/example_dags/example_python_decorator.py for tasks to queue
[2025-02-13T00:23:30.794+0000] {logging_mixin.py:190} INFO - [2025-02-13T00:23:30.793+0000] {dagbag.py:588} INFO - Filling up the DagBag from /home/airflow/.local/lib/python3.12/site-packages/airflow/example_dags/example_python_decorator.py
[2025-02-13T00:23:30.817+0000] {processor.py:925} INFO - DAG(s) 'example_python_decorator' retrieved from /home/airflow/.local/lib/python3.12/site-packages/airflow/example_dags/example_python_decorator.py
[2025-02-13T00:23:30.843+0000] {logging_mixin.py:190} INFO - [2025-02-13T00:23:30.843+0000] {dag.py:3239} INFO - Sync 1 DAGs
[2025-02-13T00:23:30.861+0000] {logging_mixin.py:190} INFO - [2025-02-13T00:23:30.861+0000] {dag.py:4180} INFO - Setting next_dagrun for example_python_decorator to None, run_after=None
[2025-02-13T00:23:30.880+0000] {processor.py:208} INFO - Processing /home/airflow/.local/lib/python3.12/site-packages/airflow/example_dags/example_python_decorator.py took 0.113 seconds
[2025-02-13T00:24:01.062+0000] {processor.py:186} INFO - Started process (PID=2722) to work on /home/airflow/.local/lib/python3.12/site-packages/airflow/example_dags/example_python_decorator.py
[2025-02-13T00:24:01.063+0000] {processor.py:914} INFO - Processing file /home/airflow/.local/lib/python3.12/site-packages/airflow/example_dags/example_python_decorator.py for tasks to queue
[2025-02-13T00:24:01.065+0000] {logging_mixin.py:190} INFO - [2025-02-13T00:24:01.065+0000] {dagbag.py:588} INFO - Filling up the DagBag from /home/airflow/.local/lib/python3.12/site-packages/airflow/example_dags/example_python_decorator.py
[2025-02-13T00:24:01.083+0000] {processor.py:925} INFO - DAG(s) 'example_python_decorator' retrieved from /home/airflow/.local/lib/python3.12/site-packages/airflow/example_dags/example_python_decorator.py
[2025-02-13T00:24:01.111+0000] {logging_mixin.py:190} INFO - [2025-02-13T00:24:01.111+0000] {dag.py:3239} INFO - Sync 1 DAGs
[2025-02-13T00:24:01.129+0000] {logging_mixin.py:190} INFO - [2025-02-13T00:24:01.129+0000] {dag.py:4180} INFO - Setting next_dagrun for example_python_decorator to None, run_after=None
[2025-02-13T00:24:01.148+0000] {processor.py:208} INFO - Processing /home/airflow/.local/lib/python3.12/site-packages/airflow/example_dags/example_python_decorator.py took 0.092 seconds
[2025-02-13T00:24:31.413+0000] {processor.py:186} INFO - Started process (PID=2780) to work on /home/airflow/.local/lib/python3.12/site-packages/airflow/example_dags/example_python_decorator.py
[2025-02-13T00:24:31.414+0000] {processor.py:914} INFO - Processing file /home/airflow/.local/lib/python3.12/site-packages/airflow/example_dags/example_python_decorator.py for tasks to queue
[2025-02-13T00:24:31.416+0000] {logging_mixin.py:190} INFO - [2025-02-13T00:24:31.416+0000] {dagbag.py:588} INFO - Filling up the DagBag from /home/airflow/.local/lib/python3.12/site-packages/airflow/example_dags/example_python_decorator.py
[2025-02-13T00:24:31.434+0000] {processor.py:925} INFO - DAG(s) 'example_python_decorator' retrieved from /home/airflow/.local/lib/python3.12/site-packages/airflow/example_dags/example_python_decorator.py
[2025-02-13T00:24:31.462+0000] {logging_mixin.py:190} INFO - [2025-02-13T00:24:31.461+0000] {dag.py:3239} INFO - Sync 1 DAGs
[2025-02-13T00:24:31.492+0000] {logging_mixin.py:190} INFO - [2025-02-13T00:24:31.492+0000] {dag.py:4180} INFO - Setting next_dagrun for example_python_decorator to None, run_after=None
[2025-02-13T00:24:31.511+0000] {processor.py:208} INFO - Processing /home/airflow/.local/lib/python3.12/site-packages/airflow/example_dags/example_python_decorator.py took 0.105 seconds
[2025-02-13T00:25:01.597+0000] {processor.py:186} INFO - Started process (PID=2838) to work on /home/airflow/.local/lib/python3.12/site-packages/airflow/example_dags/example_python_decorator.py
[2025-02-13T00:25:01.597+0000] {processor.py:914} INFO - Processing file /home/airflow/.local/lib/python3.12/site-packages/airflow/example_dags/example_python_decorator.py for tasks to queue
[2025-02-13T00:25:01.600+0000] {logging_mixin.py:190} INFO - [2025-02-13T00:25:01.599+0000] {dagbag.py:588} INFO - Filling up the DagBag from /home/airflow/.local/lib/python3.12/site-packages/airflow/example_dags/example_python_decorator.py
[2025-02-13T00:25:01.617+0000] {processor.py:925} INFO - DAG(s) 'example_python_decorator' retrieved from /home/airflow/.local/lib/python3.12/site-packages/airflow/example_dags/example_python_decorator.py
[2025-02-13T00:25:01.645+0000] {logging_mixin.py:190} INFO - [2025-02-13T00:25:01.645+0000] {dag.py:3239} INFO - Sync 1 DAGs
[2025-02-13T00:25:01.665+0000] {logging_mixin.py:190} INFO - [2025-02-13T00:25:01.665+0000] {dag.py:4180} INFO - Setting next_dagrun for example_python_decorator to None, run_after=None
[2025-02-13T00:25:01.690+0000] {processor.py:208} INFO - Processing /home/airflow/.local/lib/python3.12/site-packages/airflow/example_dags/example_python_decorator.py took 0.100 seconds
[2025-02-13T00:25:31.745+0000] {processor.py:186} INFO - Started process (PID=2896) to work on /home/airflow/.local/lib/python3.12/site-packages/airflow/example_dags/example_python_decorator.py
[2025-02-13T00:25:31.746+0000] {processor.py:914} INFO - Processing file /home/airflow/.local/lib/python3.12/site-packages/airflow/example_dags/example_python_decorator.py for tasks to queue
[2025-02-13T00:25:31.748+0000] {logging_mixin.py:190} INFO - [2025-02-13T00:25:31.748+0000] {dagbag.py:588} INFO - Filling up the DagBag from /home/airflow/.local/lib/python3.12/site-packages/airflow/example_dags/example_python_decorator.py
[2025-02-13T00:25:31.766+0000] {processor.py:925} INFO - DAG(s) 'example_python_decorator' retrieved from /home/airflow/.local/lib/python3.12/site-packages/airflow/example_dags/example_python_decorator.py
[2025-02-13T00:25:31.793+0000] {logging_mixin.py:190} INFO - [2025-02-13T00:25:31.792+0000] {dag.py:3239} INFO - Sync 1 DAGs
[2025-02-13T00:25:31.811+0000] {logging_mixin.py:190} INFO - [2025-02-13T00:25:31.810+0000] {dag.py:4180} INFO - Setting next_dagrun for example_python_decorator to None, run_after=None
[2025-02-13T00:25:31.829+0000] {processor.py:208} INFO - Processing /home/airflow/.local/lib/python3.12/site-packages/airflow/example_dags/example_python_decorator.py took 0.091 seconds
[2025-02-13T00:26:02.192+0000] {processor.py:186} INFO - Started process (PID=2954) to work on /home/airflow/.local/lib/python3.12/site-packages/airflow/example_dags/example_python_decorator.py
[2025-02-13T00:26:02.192+0000] {processor.py:914} INFO - Processing file /home/airflow/.local/lib/python3.12/site-packages/airflow/example_dags/example_python_decorator.py for tasks to queue
[2025-02-13T00:26:02.194+0000] {logging_mixin.py:190} INFO - [2025-02-13T00:26:02.194+0000] {dagbag.py:588} INFO - Filling up the DagBag from /home/airflow/.local/lib/python3.12/site-packages/airflow/example_dags/example_python_decorator.py
[2025-02-13T00:26:02.213+0000] {processor.py:925} INFO - DAG(s) 'example_python_decorator' retrieved from /home/airflow/.local/lib/python3.12/site-packages/airflow/example_dags/example_python_decorator.py
[2025-02-13T00:26:02.255+0000] {logging_mixin.py:190} INFO - [2025-02-13T00:26:02.254+0000] {dag.py:3239} INFO - Sync 1 DAGs
[2025-02-13T00:26:02.273+0000] {logging_mixin.py:190} INFO - [2025-02-13T00:26:02.273+0000] {dag.py:4180} INFO - Setting next_dagrun for example_python_decorator to None, run_after=None
[2025-02-13T00:26:02.292+0000] {processor.py:208} INFO - Processing /home/airflow/.local/lib/python3.12/site-packages/airflow/example_dags/example_python_decorator.py took 0.107 seconds
[2025-02-13T00:26:32.587+0000] {processor.py:186} INFO - Started process (PID=3012) to work on /home/airflow/.local/lib/python3.12/site-packages/airflow/example_dags/example_python_decorator.py
[2025-02-13T00:26:32.588+0000] {processor.py:914} INFO - Processing file /home/airflow/.local/lib/python3.12/site-packages/airflow/example_dags/example_python_decorator.py for tasks to queue
[2025-02-13T00:26:32.591+0000] {logging_mixin.py:190} INFO - [2025-02-13T00:26:32.590+0000] {dagbag.py:588} INFO - Filling up the DagBag from /home/airflow/.local/lib/python3.12/site-packages/airflow/example_dags/example_python_decorator.py
[2025-02-13T00:26:32.608+0000] {processor.py:925} INFO - DAG(s) 'example_python_decorator' retrieved from /home/airflow/.local/lib/python3.12/site-packages/airflow/example_dags/example_python_decorator.py
[2025-02-13T00:26:32.635+0000] {logging_mixin.py:190} INFO - [2025-02-13T00:26:32.635+0000] {dag.py:3239} INFO - Sync 1 DAGs
[2025-02-13T00:26:32.653+0000] {logging_mixin.py:190} INFO - [2025-02-13T00:26:32.653+0000] {dag.py:4180} INFO - Setting next_dagrun for example_python_decorator to None, run_after=None
[2025-02-13T00:26:32.672+0000] {processor.py:208} INFO - Processing /home/airflow/.local/lib/python3.12/site-packages/airflow/example_dags/example_python_decorator.py took 0.091 seconds
[2025-02-13T00:27:02.757+0000] {processor.py:186} INFO - Started process (PID=3070) to work on /home/airflow/.local/lib/python3.12/site-packages/airflow/example_dags/example_python_decorator.py
[2025-02-13T00:27:02.758+0000] {processor.py:914} INFO - Processing file /home/airflow/.local/lib/python3.12/site-packages/airflow/example_dags/example_python_decorator.py for tasks to queue
[2025-02-13T00:27:02.760+0000] {logging_mixin.py:190} INFO - [2025-02-13T00:27:02.759+0000] {dagbag.py:588} INFO - Filling up the DagBag from /home/airflow/.local/lib/python3.12/site-packages/airflow/example_dags/example_python_decorator.py
[2025-02-13T00:27:02.782+0000] {processor.py:925} INFO - DAG(s) 'example_python_decorator' retrieved from /home/airflow/.local/lib/python3.12/site-packages/airflow/example_dags/example_python_decorator.py
[2025-02-13T00:27:02.848+0000] {logging_mixin.py:190} INFO - [2025-02-13T00:27:02.847+0000] {dag.py:3239} INFO - Sync 1 DAGs
[2025-02-13T00:27:02.896+0000] {logging_mixin.py:190} INFO - [2025-02-13T00:27:02.895+0000] {dag.py:4180} INFO - Setting next_dagrun for example_python_decorator to None, run_after=None
[2025-02-13T00:27:02.917+0000] {processor.py:208} INFO - Processing /home/airflow/.local/lib/python3.12/site-packages/airflow/example_dags/example_python_decorator.py took 0.166 seconds
[2025-02-13T00:27:33.142+0000] {processor.py:186} INFO - Started process (PID=3128) to work on /home/airflow/.local/lib/python3.12/site-packages/airflow/example_dags/example_python_decorator.py
[2025-02-13T00:27:33.142+0000] {processor.py:914} INFO - Processing file /home/airflow/.local/lib/python3.12/site-packages/airflow/example_dags/example_python_decorator.py for tasks to queue
[2025-02-13T00:27:33.145+0000] {logging_mixin.py:190} INFO - [2025-02-13T00:27:33.145+0000] {dagbag.py:588} INFO - Filling up the DagBag from /home/airflow/.local/lib/python3.12/site-packages/airflow/example_dags/example_python_decorator.py
[2025-02-13T00:27:33.163+0000] {processor.py:925} INFO - DAG(s) 'example_python_decorator' retrieved from /home/airflow/.local/lib/python3.12/site-packages/airflow/example_dags/example_python_decorator.py
[2025-02-13T00:27:33.191+0000] {logging_mixin.py:190} INFO - [2025-02-13T00:27:33.190+0000] {dag.py:3239} INFO - Sync 1 DAGs
[2025-02-13T00:27:33.209+0000] {logging_mixin.py:190} INFO - [2025-02-13T00:27:33.208+0000] {dag.py:4180} INFO - Setting next_dagrun for example_python_decorator to None, run_after=None
[2025-02-13T00:27:33.228+0000] {processor.py:208} INFO - Processing /home/airflow/.local/lib/python3.12/site-packages/airflow/example_dags/example_python_decorator.py took 0.092 seconds
[2025-02-13T00:28:03.671+0000] {processor.py:186} INFO - Started process (PID=3186) to work on /home/airflow/.local/lib/python3.12/site-packages/airflow/example_dags/example_python_decorator.py
[2025-02-13T00:28:03.672+0000] {processor.py:914} INFO - Processing file /home/airflow/.local/lib/python3.12/site-packages/airflow/example_dags/example_python_decorator.py for tasks to queue
[2025-02-13T00:28:03.674+0000] {logging_mixin.py:190} INFO - [2025-02-13T00:28:03.674+0000] {dagbag.py:588} INFO - Filling up the DagBag from /home/airflow/.local/lib/python3.12/site-packages/airflow/example_dags/example_python_decorator.py
[2025-02-13T00:28:03.692+0000] {processor.py:925} INFO - DAG(s) 'example_python_decorator' retrieved from /home/airflow/.local/lib/python3.12/site-packages/airflow/example_dags/example_python_decorator.py
[2025-02-13T00:28:03.745+0000] {logging_mixin.py:190} INFO - [2025-02-13T00:28:03.744+0000] {dag.py:3239} INFO - Sync 1 DAGs
[2025-02-13T00:28:03.783+0000] {logging_mixin.py:190} INFO - [2025-02-13T00:28:03.783+0000] {dag.py:4180} INFO - Setting next_dagrun for example_python_decorator to None, run_after=None
[2025-02-13T00:28:03.840+0000] {processor.py:208} INFO - Processing /home/airflow/.local/lib/python3.12/site-packages/airflow/example_dags/example_python_decorator.py took 0.175 seconds
