[2025-02-13T00:01:02.790+0000] {processor.py:186} INFO - Started process (PID=182) to work on /home/airflow/.local/lib/python3.12/site-packages/airflow/example_dags/example_inlet_event_extra.py
[2025-02-13T00:01:02.795+0000] {processor.py:914} INFO - Processing file /home/airflow/.local/lib/python3.12/site-packages/airflow/example_dags/example_inlet_event_extra.py for tasks to queue
[2025-02-13T00:01:02.816+0000] {logging_mixin.py:190} INFO - [2025-02-13T00:01:02.815+0000] {dagbag.py:588} INFO - Filling up the DagBag from /home/airflow/.local/lib/python3.12/site-packages/airflow/example_dags/example_inlet_event_extra.py
[2025-02-13T00:01:03.925+0000] {processor.py:925} INFO - DAG(s) 'read_dataset_event', 'read_dataset_event_from_classic' retrieved from /home/airflow/.local/lib/python3.12/site-packages/airflow/example_dags/example_inlet_event_extra.py
[2025-02-13T00:01:04.021+0000] {logging_mixin.py:190} INFO - [2025-02-13T00:01:04.021+0000] {dag.py:3239} INFO - Sync 2 DAGs
[2025-02-13T00:01:04.186+0000] {logging_mixin.py:190} INFO - [2025-02-13T00:01:04.186+0000] {dag.py:4180} INFO - Setting next_dagrun for read_dataset_event to 2025-02-12 00:00:00+00:00, run_after=2025-02-13 00:00:00+00:00
[2025-02-13T00:01:04.222+0000] {logging_mixin.py:190} INFO - [2025-02-13T00:01:04.222+0000] {dag.py:4180} INFO - Setting next_dagrun for read_dataset_event_from_classic to 2025-02-12 00:00:00+00:00, run_after=2025-02-13 00:00:00+00:00
[2025-02-13T00:01:04.320+0000] {processor.py:208} INFO - Processing /home/airflow/.local/lib/python3.12/site-packages/airflow/example_dags/example_inlet_event_extra.py took 1.558 seconds
[2025-02-13T00:01:36.390+0000] {processor.py:186} INFO - Started process (PID=241) to work on /home/airflow/.local/lib/python3.12/site-packages/airflow/example_dags/example_inlet_event_extra.py
[2025-02-13T00:01:36.395+0000] {processor.py:914} INFO - Processing file /home/airflow/.local/lib/python3.12/site-packages/airflow/example_dags/example_inlet_event_extra.py for tasks to queue
[2025-02-13T00:01:36.398+0000] {logging_mixin.py:190} INFO - [2025-02-13T00:01:36.397+0000] {dagbag.py:588} INFO - Filling up the DagBag from /home/airflow/.local/lib/python3.12/site-packages/airflow/example_dags/example_inlet_event_extra.py
[2025-02-13T00:01:37.547+0000] {processor.py:925} INFO - DAG(s) 'read_dataset_event', 'read_dataset_event_from_classic' retrieved from /home/airflow/.local/lib/python3.12/site-packages/airflow/example_dags/example_inlet_event_extra.py
[2025-02-13T00:01:37.606+0000] {logging_mixin.py:190} INFO - [2025-02-13T00:01:37.605+0000] {dag.py:3239} INFO - Sync 2 DAGs
[2025-02-13T00:01:37.671+0000] {logging_mixin.py:190} INFO - [2025-02-13T00:01:37.666+0000] {dag.py:4180} INFO - Setting next_dagrun for read_dataset_event to 2025-02-12 00:00:00+00:00, run_after=2025-02-13 00:00:00+00:00
[2025-02-13T00:01:37.690+0000] {logging_mixin.py:190} INFO - [2025-02-13T00:01:37.690+0000] {dag.py:4180} INFO - Setting next_dagrun for read_dataset_event_from_classic to 2025-02-12 00:00:00+00:00, run_after=2025-02-13 00:00:00+00:00
[2025-02-13T00:01:38.779+0000] {processor.py:208} INFO - Processing /home/airflow/.local/lib/python3.12/site-packages/airflow/example_dags/example_inlet_event_extra.py took 2.405 seconds
[2025-02-13T00:02:35.621+0000] {processor.py:186} INFO - Started process (PID=300) to work on /home/airflow/.local/lib/python3.12/site-packages/airflow/example_dags/example_inlet_event_extra.py
[2025-02-13T00:02:35.638+0000] {processor.py:914} INFO - Processing file /home/airflow/.local/lib/python3.12/site-packages/airflow/example_dags/example_inlet_event_extra.py for tasks to queue
[2025-02-13T00:02:35.656+0000] {logging_mixin.py:190} INFO - [2025-02-13T00:02:35.643+0000] {dagbag.py:588} INFO - Filling up the DagBag from /home/airflow/.local/lib/python3.12/site-packages/airflow/example_dags/example_inlet_event_extra.py
[2025-02-13T00:02:37.186+0000] {processor.py:925} INFO - DAG(s) 'read_dataset_event_from_classic', 'read_dataset_event' retrieved from /home/airflow/.local/lib/python3.12/site-packages/airflow/example_dags/example_inlet_event_extra.py
[2025-02-13T00:02:37.231+0000] {logging_mixin.py:190} INFO - [2025-02-13T00:02:37.231+0000] {dag.py:3239} INFO - Sync 2 DAGs
[2025-02-13T00:02:37.310+0000] {logging_mixin.py:190} INFO - [2025-02-13T00:02:37.309+0000] {dag.py:4180} INFO - Setting next_dagrun for read_dataset_event to 2025-02-12 00:00:00+00:00, run_after=2025-02-13 00:00:00+00:00
[2025-02-13T00:02:37.322+0000] {logging_mixin.py:190} INFO - [2025-02-13T00:02:37.322+0000] {dag.py:4180} INFO - Setting next_dagrun for read_dataset_event_from_classic to 2025-02-12 00:00:00+00:00, run_after=2025-02-13 00:00:00+00:00
[2025-02-13T00:02:38.312+0000] {processor.py:208} INFO - Processing /home/airflow/.local/lib/python3.12/site-packages/airflow/example_dags/example_inlet_event_extra.py took 2.782 seconds
[2025-02-13T00:03:08.767+0000] {processor.py:186} INFO - Started process (PID=359) to work on /home/airflow/.local/lib/python3.12/site-packages/airflow/example_dags/example_inlet_event_extra.py
[2025-02-13T00:03:10.321+0000] {processor.py:914} INFO - Processing file /home/airflow/.local/lib/python3.12/site-packages/airflow/example_dags/example_inlet_event_extra.py for tasks to queue
[2025-02-13T00:03:10.324+0000] {logging_mixin.py:190} INFO - [2025-02-13T00:03:10.324+0000] {dagbag.py:588} INFO - Filling up the DagBag from /home/airflow/.local/lib/python3.12/site-packages/airflow/example_dags/example_inlet_event_extra.py
[2025-02-13T00:03:10.907+0000] {processor.py:925} INFO - DAG(s) 'read_dataset_event', 'read_dataset_event_from_classic' retrieved from /home/airflow/.local/lib/python3.12/site-packages/airflow/example_dags/example_inlet_event_extra.py
[2025-02-13T00:03:10.938+0000] {logging_mixin.py:190} INFO - [2025-02-13T00:03:10.937+0000] {dag.py:3239} INFO - Sync 2 DAGs
[2025-02-13T00:03:10.968+0000] {logging_mixin.py:190} INFO - [2025-02-13T00:03:10.968+0000] {dag.py:4180} INFO - Setting next_dagrun for read_dataset_event to 2025-02-12 00:00:00+00:00, run_after=2025-02-13 00:00:00+00:00
[2025-02-13T00:03:10.975+0000] {logging_mixin.py:190} INFO - [2025-02-13T00:03:10.974+0000] {dag.py:4180} INFO - Setting next_dagrun for read_dataset_event_from_classic to 2025-02-12 00:00:00+00:00, run_after=2025-02-13 00:00:00+00:00
[2025-02-13T00:03:11.048+0000] {processor.py:208} INFO - Processing /home/airflow/.local/lib/python3.12/site-packages/airflow/example_dags/example_inlet_event_extra.py took 2.302 seconds
[2025-02-13T00:03:41.201+0000] {processor.py:186} INFO - Started process (PID=416) to work on /home/airflow/.local/lib/python3.12/site-packages/airflow/example_dags/example_inlet_event_extra.py
[2025-02-13T00:03:42.607+0000] {processor.py:914} INFO - Processing file /home/airflow/.local/lib/python3.12/site-packages/airflow/example_dags/example_inlet_event_extra.py for tasks to queue
[2025-02-13T00:03:42.610+0000] {logging_mixin.py:190} INFO - [2025-02-13T00:03:42.610+0000] {dagbag.py:588} INFO - Filling up the DagBag from /home/airflow/.local/lib/python3.12/site-packages/airflow/example_dags/example_inlet_event_extra.py
[2025-02-13T00:03:43.030+0000] {processor.py:925} INFO - DAG(s) 'read_dataset_event', 'read_dataset_event_from_classic' retrieved from /home/airflow/.local/lib/python3.12/site-packages/airflow/example_dags/example_inlet_event_extra.py
[2025-02-13T00:03:43.094+0000] {logging_mixin.py:190} INFO - [2025-02-13T00:03:43.094+0000] {dag.py:3239} INFO - Sync 2 DAGs
[2025-02-13T00:03:43.173+0000] {logging_mixin.py:190} INFO - [2025-02-13T00:03:43.172+0000] {dag.py:4180} INFO - Setting next_dagrun for read_dataset_event to 2025-02-12 00:00:00+00:00, run_after=2025-02-13 00:00:00+00:00
[2025-02-13T00:03:43.179+0000] {logging_mixin.py:190} INFO - [2025-02-13T00:03:43.179+0000] {dag.py:4180} INFO - Setting next_dagrun for read_dataset_event_from_classic to 2025-02-12 00:00:00+00:00, run_after=2025-02-13 00:00:00+00:00
[2025-02-13T00:03:43.210+0000] {processor.py:208} INFO - Processing /home/airflow/.local/lib/python3.12/site-packages/airflow/example_dags/example_inlet_event_extra.py took 2.024 seconds
[2025-02-13T00:04:13.613+0000] {processor.py:186} INFO - Started process (PID=476) to work on /home/airflow/.local/lib/python3.12/site-packages/airflow/example_dags/example_inlet_event_extra.py
[2025-02-13T00:04:13.622+0000] {processor.py:914} INFO - Processing file /home/airflow/.local/lib/python3.12/site-packages/airflow/example_dags/example_inlet_event_extra.py for tasks to queue
[2025-02-13T00:04:13.626+0000] {logging_mixin.py:190} INFO - [2025-02-13T00:04:13.626+0000] {dagbag.py:588} INFO - Filling up the DagBag from /home/airflow/.local/lib/python3.12/site-packages/airflow/example_dags/example_inlet_event_extra.py
[2025-02-13T00:04:13.958+0000] {processor.py:925} INFO - DAG(s) 'read_dataset_event', 'read_dataset_event_from_classic' retrieved from /home/airflow/.local/lib/python3.12/site-packages/airflow/example_dags/example_inlet_event_extra.py
[2025-02-13T00:04:13.990+0000] {logging_mixin.py:190} INFO - [2025-02-13T00:04:13.989+0000] {dag.py:3239} INFO - Sync 2 DAGs
[2025-02-13T00:04:14.027+0000] {logging_mixin.py:190} INFO - [2025-02-13T00:04:14.027+0000] {dag.py:4180} INFO - Setting next_dagrun for read_dataset_event to 2025-02-12 00:00:00+00:00, run_after=2025-02-13 00:00:00+00:00
[2025-02-13T00:04:14.034+0000] {logging_mixin.py:190} INFO - [2025-02-13T00:04:14.034+0000] {dag.py:4180} INFO - Setting next_dagrun for read_dataset_event_from_classic to 2025-02-12 00:00:00+00:00, run_after=2025-02-13 00:00:00+00:00
[2025-02-13T00:04:15.642+0000] {processor.py:208} INFO - Processing /home/airflow/.local/lib/python3.12/site-packages/airflow/example_dags/example_inlet_event_extra.py took 2.047 seconds
[2025-02-13T00:04:45.874+0000] {processor.py:186} INFO - Started process (PID=533) to work on /home/airflow/.local/lib/python3.12/site-packages/airflow/example_dags/example_inlet_event_extra.py
[2025-02-13T00:04:45.899+0000] {processor.py:914} INFO - Processing file /home/airflow/.local/lib/python3.12/site-packages/airflow/example_dags/example_inlet_event_extra.py for tasks to queue
[2025-02-13T00:04:45.904+0000] {logging_mixin.py:190} INFO - [2025-02-13T00:04:45.904+0000] {dagbag.py:588} INFO - Filling up the DagBag from /home/airflow/.local/lib/python3.12/site-packages/airflow/example_dags/example_inlet_event_extra.py
[2025-02-13T00:04:46.237+0000] {processor.py:925} INFO - DAG(s) 'read_dataset_event_from_classic', 'read_dataset_event' retrieved from /home/airflow/.local/lib/python3.12/site-packages/airflow/example_dags/example_inlet_event_extra.py
[2025-02-13T00:04:46.258+0000] {logging_mixin.py:190} INFO - [2025-02-13T00:04:46.257+0000] {dag.py:3239} INFO - Sync 2 DAGs
[2025-02-13T00:04:46.279+0000] {logging_mixin.py:190} INFO - [2025-02-13T00:04:46.279+0000] {dag.py:4180} INFO - Setting next_dagrun for read_dataset_event to 2025-02-12 00:00:00+00:00, run_after=2025-02-13 00:00:00+00:00
[2025-02-13T00:04:46.289+0000] {logging_mixin.py:190} INFO - [2025-02-13T00:04:46.289+0000] {dag.py:4180} INFO - Setting next_dagrun for read_dataset_event_from_classic to 2025-02-12 00:00:00+00:00, run_after=2025-02-13 00:00:00+00:00
[2025-02-13T00:04:48.235+0000] {processor.py:208} INFO - Processing /home/airflow/.local/lib/python3.12/site-packages/airflow/example_dags/example_inlet_event_extra.py took 2.373 seconds
[2025-02-13T00:05:18.474+0000] {processor.py:186} INFO - Started process (PID=591) to work on /home/airflow/.local/lib/python3.12/site-packages/airflow/example_dags/example_inlet_event_extra.py
[2025-02-13T00:05:18.481+0000] {processor.py:914} INFO - Processing file /home/airflow/.local/lib/python3.12/site-packages/airflow/example_dags/example_inlet_event_extra.py for tasks to queue
[2025-02-13T00:05:18.487+0000] {logging_mixin.py:190} INFO - [2025-02-13T00:05:18.486+0000] {dagbag.py:588} INFO - Filling up the DagBag from /home/airflow/.local/lib/python3.12/site-packages/airflow/example_dags/example_inlet_event_extra.py
[2025-02-13T00:05:18.892+0000] {processor.py:925} INFO - DAG(s) 'read_dataset_event', 'read_dataset_event_from_classic' retrieved from /home/airflow/.local/lib/python3.12/site-packages/airflow/example_dags/example_inlet_event_extra.py
[2025-02-13T00:05:18.931+0000] {logging_mixin.py:190} INFO - [2025-02-13T00:05:18.930+0000] {dag.py:3239} INFO - Sync 2 DAGs
[2025-02-13T00:05:18.965+0000] {logging_mixin.py:190} INFO - [2025-02-13T00:05:18.965+0000] {dag.py:4180} INFO - Setting next_dagrun for read_dataset_event to 2025-02-12 00:00:00+00:00, run_after=2025-02-13 00:00:00+00:00
[2025-02-13T00:05:18.973+0000] {logging_mixin.py:190} INFO - [2025-02-13T00:05:18.973+0000] {dag.py:4180} INFO - Setting next_dagrun for read_dataset_event_from_classic to 2025-02-12 00:00:00+00:00, run_after=2025-02-13 00:00:00+00:00
[2025-02-13T00:05:19.335+0000] {processor.py:208} INFO - Processing /home/airflow/.local/lib/python3.12/site-packages/airflow/example_dags/example_inlet_event_extra.py took 0.876 seconds
[2025-02-13T00:05:50.955+0000] {processor.py:186} INFO - Started process (PID=651) to work on /home/airflow/.local/lib/python3.12/site-packages/airflow/example_dags/example_inlet_event_extra.py
[2025-02-13T00:05:50.957+0000] {processor.py:914} INFO - Processing file /home/airflow/.local/lib/python3.12/site-packages/airflow/example_dags/example_inlet_event_extra.py for tasks to queue
[2025-02-13T00:05:50.960+0000] {logging_mixin.py:190} INFO - [2025-02-13T00:05:50.959+0000] {dagbag.py:588} INFO - Filling up the DagBag from /home/airflow/.local/lib/python3.12/site-packages/airflow/example_dags/example_inlet_event_extra.py
[2025-02-13T00:05:51.227+0000] {processor.py:925} INFO - DAG(s) 'read_dataset_event', 'read_dataset_event_from_classic' retrieved from /home/airflow/.local/lib/python3.12/site-packages/airflow/example_dags/example_inlet_event_extra.py
[2025-02-13T00:05:51.252+0000] {logging_mixin.py:190} INFO - [2025-02-13T00:05:51.252+0000] {dag.py:3239} INFO - Sync 2 DAGs
[2025-02-13T00:05:51.284+0000] {logging_mixin.py:190} INFO - [2025-02-13T00:05:51.284+0000] {dag.py:4180} INFO - Setting next_dagrun for read_dataset_event to 2025-02-12 00:00:00+00:00, run_after=2025-02-13 00:00:00+00:00
[2025-02-13T00:05:51.294+0000] {logging_mixin.py:190} INFO - [2025-02-13T00:05:51.293+0000] {dag.py:4180} INFO - Setting next_dagrun for read_dataset_event_from_classic to 2025-02-12 00:00:00+00:00, run_after=2025-02-13 00:00:00+00:00
[2025-02-13T00:05:51.674+0000] {processor.py:208} INFO - Processing /home/airflow/.local/lib/python3.12/site-packages/airflow/example_dags/example_inlet_event_extra.py took 0.726 seconds
[2025-02-13T00:06:22.629+0000] {processor.py:186} INFO - Started process (PID=710) to work on /home/airflow/.local/lib/python3.12/site-packages/airflow/example_dags/example_inlet_event_extra.py
[2025-02-13T00:06:22.630+0000] {processor.py:914} INFO - Processing file /home/airflow/.local/lib/python3.12/site-packages/airflow/example_dags/example_inlet_event_extra.py for tasks to queue
[2025-02-13T00:06:22.634+0000] {logging_mixin.py:190} INFO - [2025-02-13T00:06:22.633+0000] {dagbag.py:588} INFO - Filling up the DagBag from /home/airflow/.local/lib/python3.12/site-packages/airflow/example_dags/example_inlet_event_extra.py
[2025-02-13T00:06:22.974+0000] {processor.py:925} INFO - DAG(s) 'read_dataset_event', 'read_dataset_event_from_classic' retrieved from /home/airflow/.local/lib/python3.12/site-packages/airflow/example_dags/example_inlet_event_extra.py
[2025-02-13T00:06:23.032+0000] {logging_mixin.py:190} INFO - [2025-02-13T00:06:23.032+0000] {dag.py:3239} INFO - Sync 2 DAGs
[2025-02-13T00:06:23.081+0000] {logging_mixin.py:190} INFO - [2025-02-13T00:06:23.080+0000] {dag.py:4180} INFO - Setting next_dagrun for read_dataset_event to 2025-02-12 00:00:00+00:00, run_after=2025-02-13 00:00:00+00:00
[2025-02-13T00:06:23.087+0000] {logging_mixin.py:190} INFO - [2025-02-13T00:06:23.087+0000] {dag.py:4180} INFO - Setting next_dagrun for read_dataset_event_from_classic to 2025-02-12 00:00:00+00:00, run_after=2025-02-13 00:00:00+00:00
[2025-02-13T00:06:23.105+0000] {processor.py:208} INFO - Processing /home/airflow/.local/lib/python3.12/site-packages/airflow/example_dags/example_inlet_event_extra.py took 0.484 seconds
[2025-02-13T00:06:53.954+0000] {processor.py:186} INFO - Started process (PID=769) to work on /home/airflow/.local/lib/python3.12/site-packages/airflow/example_dags/example_inlet_event_extra.py
[2025-02-13T00:06:53.955+0000] {processor.py:914} INFO - Processing file /home/airflow/.local/lib/python3.12/site-packages/airflow/example_dags/example_inlet_event_extra.py for tasks to queue
[2025-02-13T00:06:53.957+0000] {logging_mixin.py:190} INFO - [2025-02-13T00:06:53.957+0000] {dagbag.py:588} INFO - Filling up the DagBag from /home/airflow/.local/lib/python3.12/site-packages/airflow/example_dags/example_inlet_event_extra.py
[2025-02-13T00:06:54.187+0000] {processor.py:925} INFO - DAG(s) 'read_dataset_event_from_classic', 'read_dataset_event' retrieved from /home/airflow/.local/lib/python3.12/site-packages/airflow/example_dags/example_inlet_event_extra.py
[2025-02-13T00:06:54.248+0000] {logging_mixin.py:190} INFO - [2025-02-13T00:06:54.247+0000] {dag.py:3239} INFO - Sync 2 DAGs
[2025-02-13T00:06:54.305+0000] {logging_mixin.py:190} INFO - [2025-02-13T00:06:54.304+0000] {dag.py:4180} INFO - Setting next_dagrun for read_dataset_event to 2025-02-12 00:00:00+00:00, run_after=2025-02-13 00:00:00+00:00
[2025-02-13T00:06:54.322+0000] {logging_mixin.py:190} INFO - [2025-02-13T00:06:54.322+0000] {dag.py:4180} INFO - Setting next_dagrun for read_dataset_event_from_classic to 2025-02-12 00:00:00+00:00, run_after=2025-02-13 00:00:00+00:00
[2025-02-13T00:06:54.353+0000] {processor.py:208} INFO - Processing /home/airflow/.local/lib/python3.12/site-packages/airflow/example_dags/example_inlet_event_extra.py took 0.407 seconds
[2025-02-13T00:07:24.518+0000] {processor.py:186} INFO - Started process (PID=827) to work on /home/airflow/.local/lib/python3.12/site-packages/airflow/example_dags/example_inlet_event_extra.py
[2025-02-13T00:07:24.519+0000] {processor.py:914} INFO - Processing file /home/airflow/.local/lib/python3.12/site-packages/airflow/example_dags/example_inlet_event_extra.py for tasks to queue
[2025-02-13T00:07:24.522+0000] {logging_mixin.py:190} INFO - [2025-02-13T00:07:24.521+0000] {dagbag.py:588} INFO - Filling up the DagBag from /home/airflow/.local/lib/python3.12/site-packages/airflow/example_dags/example_inlet_event_extra.py
[2025-02-13T00:07:24.766+0000] {processor.py:925} INFO - DAG(s) 'read_dataset_event_from_classic', 'read_dataset_event' retrieved from /home/airflow/.local/lib/python3.12/site-packages/airflow/example_dags/example_inlet_event_extra.py
[2025-02-13T00:07:24.812+0000] {logging_mixin.py:190} INFO - [2025-02-13T00:07:24.811+0000] {dag.py:3239} INFO - Sync 2 DAGs
[2025-02-13T00:07:24.846+0000] {logging_mixin.py:190} INFO - [2025-02-13T00:07:24.845+0000] {dag.py:4180} INFO - Setting next_dagrun for read_dataset_event to 2025-02-12 00:00:00+00:00, run_after=2025-02-13 00:00:00+00:00
[2025-02-13T00:07:24.852+0000] {logging_mixin.py:190} INFO - [2025-02-13T00:07:24.852+0000] {dag.py:4180} INFO - Setting next_dagrun for read_dataset_event_from_classic to 2025-02-12 00:00:00+00:00, run_after=2025-02-13 00:00:00+00:00
[2025-02-13T00:07:24.868+0000] {processor.py:208} INFO - Processing /home/airflow/.local/lib/python3.12/site-packages/airflow/example_dags/example_inlet_event_extra.py took 0.380 seconds
[2025-02-13T00:07:55.031+0000] {processor.py:186} INFO - Started process (PID=886) to work on /home/airflow/.local/lib/python3.12/site-packages/airflow/example_dags/example_inlet_event_extra.py
[2025-02-13T00:07:55.032+0000] {processor.py:914} INFO - Processing file /home/airflow/.local/lib/python3.12/site-packages/airflow/example_dags/example_inlet_event_extra.py for tasks to queue
[2025-02-13T00:07:55.035+0000] {logging_mixin.py:190} INFO - [2025-02-13T00:07:55.035+0000] {dagbag.py:588} INFO - Filling up the DagBag from /home/airflow/.local/lib/python3.12/site-packages/airflow/example_dags/example_inlet_event_extra.py
[2025-02-13T00:07:55.218+0000] {processor.py:925} INFO - DAG(s) 'read_dataset_event_from_classic', 'read_dataset_event' retrieved from /home/airflow/.local/lib/python3.12/site-packages/airflow/example_dags/example_inlet_event_extra.py
[2025-02-13T00:07:55.269+0000] {logging_mixin.py:190} INFO - [2025-02-13T00:07:55.268+0000] {dag.py:3239} INFO - Sync 2 DAGs
[2025-02-13T00:07:55.345+0000] {logging_mixin.py:190} INFO - [2025-02-13T00:07:55.344+0000] {dag.py:4180} INFO - Setting next_dagrun for read_dataset_event to 2025-02-12 00:00:00+00:00, run_after=2025-02-13 00:00:00+00:00
[2025-02-13T00:07:55.351+0000] {logging_mixin.py:190} INFO - [2025-02-13T00:07:55.351+0000] {dag.py:4180} INFO - Setting next_dagrun for read_dataset_event_from_classic to 2025-02-12 00:00:00+00:00, run_after=2025-02-13 00:00:00+00:00
[2025-02-13T00:07:55.378+0000] {processor.py:208} INFO - Processing /home/airflow/.local/lib/python3.12/site-packages/airflow/example_dags/example_inlet_event_extra.py took 0.354 seconds
[2025-02-13T00:08:25.445+0000] {processor.py:186} INFO - Started process (PID=945) to work on /home/airflow/.local/lib/python3.12/site-packages/airflow/example_dags/example_inlet_event_extra.py
[2025-02-13T00:08:25.447+0000] {processor.py:914} INFO - Processing file /home/airflow/.local/lib/python3.12/site-packages/airflow/example_dags/example_inlet_event_extra.py for tasks to queue
[2025-02-13T00:08:25.449+0000] {logging_mixin.py:190} INFO - [2025-02-13T00:08:25.449+0000] {dagbag.py:588} INFO - Filling up the DagBag from /home/airflow/.local/lib/python3.12/site-packages/airflow/example_dags/example_inlet_event_extra.py
[2025-02-13T00:08:25.623+0000] {processor.py:925} INFO - DAG(s) 'read_dataset_event', 'read_dataset_event_from_classic' retrieved from /home/airflow/.local/lib/python3.12/site-packages/airflow/example_dags/example_inlet_event_extra.py
[2025-02-13T00:08:25.649+0000] {logging_mixin.py:190} INFO - [2025-02-13T00:08:25.648+0000] {dag.py:3239} INFO - Sync 2 DAGs
[2025-02-13T00:08:25.676+0000] {logging_mixin.py:190} INFO - [2025-02-13T00:08:25.676+0000] {dag.py:4180} INFO - Setting next_dagrun for read_dataset_event to 2025-02-12 00:00:00+00:00, run_after=2025-02-13 00:00:00+00:00
[2025-02-13T00:08:25.682+0000] {logging_mixin.py:190} INFO - [2025-02-13T00:08:25.682+0000] {dag.py:4180} INFO - Setting next_dagrun for read_dataset_event_from_classic to 2025-02-12 00:00:00+00:00, run_after=2025-02-13 00:00:00+00:00
[2025-02-13T00:08:25.698+0000] {processor.py:208} INFO - Processing /home/airflow/.local/lib/python3.12/site-packages/airflow/example_dags/example_inlet_event_extra.py took 0.260 seconds
[2025-02-13T00:08:56.064+0000] {processor.py:186} INFO - Started process (PID=1000) to work on /home/airflow/.local/lib/python3.12/site-packages/airflow/example_dags/example_inlet_event_extra.py
[2025-02-13T00:08:56.064+0000] {processor.py:914} INFO - Processing file /home/airflow/.local/lib/python3.12/site-packages/airflow/example_dags/example_inlet_event_extra.py for tasks to queue
[2025-02-13T00:08:56.067+0000] {logging_mixin.py:190} INFO - [2025-02-13T00:08:56.067+0000] {dagbag.py:588} INFO - Filling up the DagBag from /home/airflow/.local/lib/python3.12/site-packages/airflow/example_dags/example_inlet_event_extra.py
[2025-02-13T00:08:56.239+0000] {processor.py:925} INFO - DAG(s) 'read_dataset_event_from_classic', 'read_dataset_event' retrieved from /home/airflow/.local/lib/python3.12/site-packages/airflow/example_dags/example_inlet_event_extra.py
[2025-02-13T00:08:56.290+0000] {logging_mixin.py:190} INFO - [2025-02-13T00:08:56.289+0000] {dag.py:3239} INFO - Sync 2 DAGs
[2025-02-13T00:08:56.385+0000] {logging_mixin.py:190} INFO - [2025-02-13T00:08:56.385+0000] {dag.py:4180} INFO - Setting next_dagrun for read_dataset_event to 2025-02-12 00:00:00+00:00, run_after=2025-02-13 00:00:00+00:00
[2025-02-13T00:08:56.398+0000] {logging_mixin.py:190} INFO - [2025-02-13T00:08:56.398+0000] {dag.py:4180} INFO - Setting next_dagrun for read_dataset_event_from_classic to 2025-02-12 00:00:00+00:00, run_after=2025-02-13 00:00:00+00:00
[2025-02-13T00:08:56.421+0000] {processor.py:208} INFO - Processing /home/airflow/.local/lib/python3.12/site-packages/airflow/example_dags/example_inlet_event_extra.py took 0.364 seconds
[2025-02-13T00:09:26.472+0000] {processor.py:186} INFO - Started process (PID=1059) to work on /home/airflow/.local/lib/python3.12/site-packages/airflow/example_dags/example_inlet_event_extra.py
[2025-02-13T00:09:26.473+0000] {processor.py:914} INFO - Processing file /home/airflow/.local/lib/python3.12/site-packages/airflow/example_dags/example_inlet_event_extra.py for tasks to queue
[2025-02-13T00:09:26.475+0000] {logging_mixin.py:190} INFO - [2025-02-13T00:09:26.475+0000] {dagbag.py:588} INFO - Filling up the DagBag from /home/airflow/.local/lib/python3.12/site-packages/airflow/example_dags/example_inlet_event_extra.py
[2025-02-13T00:09:26.649+0000] {processor.py:925} INFO - DAG(s) 'read_dataset_event_from_classic', 'read_dataset_event' retrieved from /home/airflow/.local/lib/python3.12/site-packages/airflow/example_dags/example_inlet_event_extra.py
[2025-02-13T00:09:26.678+0000] {logging_mixin.py:190} INFO - [2025-02-13T00:09:26.678+0000] {dag.py:3239} INFO - Sync 2 DAGs
[2025-02-13T00:09:26.708+0000] {logging_mixin.py:190} INFO - [2025-02-13T00:09:26.708+0000] {dag.py:4180} INFO - Setting next_dagrun for read_dataset_event to 2025-02-12 00:00:00+00:00, run_after=2025-02-13 00:00:00+00:00
[2025-02-13T00:09:26.714+0000] {logging_mixin.py:190} INFO - [2025-02-13T00:09:26.713+0000] {dag.py:4180} INFO - Setting next_dagrun for read_dataset_event_from_classic to 2025-02-12 00:00:00+00:00, run_after=2025-02-13 00:00:00+00:00
[2025-02-13T00:09:26.729+0000] {processor.py:208} INFO - Processing /home/airflow/.local/lib/python3.12/site-packages/airflow/example_dags/example_inlet_event_extra.py took 0.264 seconds
[2025-02-13T00:09:56.865+0000] {processor.py:186} INFO - Started process (PID=1118) to work on /home/airflow/.local/lib/python3.12/site-packages/airflow/example_dags/example_inlet_event_extra.py
[2025-02-13T00:09:56.866+0000] {processor.py:914} INFO - Processing file /home/airflow/.local/lib/python3.12/site-packages/airflow/example_dags/example_inlet_event_extra.py for tasks to queue
[2025-02-13T00:09:56.872+0000] {logging_mixin.py:190} INFO - [2025-02-13T00:09:56.872+0000] {dagbag.py:588} INFO - Filling up the DagBag from /home/airflow/.local/lib/python3.12/site-packages/airflow/example_dags/example_inlet_event_extra.py
[2025-02-13T00:09:57.050+0000] {processor.py:925} INFO - DAG(s) 'read_dataset_event_from_classic', 'read_dataset_event' retrieved from /home/airflow/.local/lib/python3.12/site-packages/airflow/example_dags/example_inlet_event_extra.py
[2025-02-13T00:09:57.072+0000] {logging_mixin.py:190} INFO - [2025-02-13T00:09:57.072+0000] {dag.py:3239} INFO - Sync 2 DAGs
[2025-02-13T00:09:57.104+0000] {logging_mixin.py:190} INFO - [2025-02-13T00:09:57.104+0000] {dag.py:4180} INFO - Setting next_dagrun for read_dataset_event to 2025-02-12 00:00:00+00:00, run_after=2025-02-13 00:00:00+00:00
[2025-02-13T00:09:57.110+0000] {logging_mixin.py:190} INFO - [2025-02-13T00:09:57.110+0000] {dag.py:4180} INFO - Setting next_dagrun for read_dataset_event_from_classic to 2025-02-12 00:00:00+00:00, run_after=2025-02-13 00:00:00+00:00
[2025-02-13T00:09:57.125+0000] {processor.py:208} INFO - Processing /home/airflow/.local/lib/python3.12/site-packages/airflow/example_dags/example_inlet_event_extra.py took 0.276 seconds
[2025-02-13T00:10:27.533+0000] {processor.py:186} INFO - Started process (PID=1172) to work on /home/airflow/.local/lib/python3.12/site-packages/airflow/example_dags/example_inlet_event_extra.py
[2025-02-13T00:10:27.535+0000] {processor.py:914} INFO - Processing file /home/airflow/.local/lib/python3.12/site-packages/airflow/example_dags/example_inlet_event_extra.py for tasks to queue
[2025-02-13T00:10:27.538+0000] {logging_mixin.py:190} INFO - [2025-02-13T00:10:27.538+0000] {dagbag.py:588} INFO - Filling up the DagBag from /home/airflow/.local/lib/python3.12/site-packages/airflow/example_dags/example_inlet_event_extra.py
[2025-02-13T00:10:27.739+0000] {processor.py:925} INFO - DAG(s) 'read_dataset_event_from_classic', 'read_dataset_event' retrieved from /home/airflow/.local/lib/python3.12/site-packages/airflow/example_dags/example_inlet_event_extra.py
[2025-02-13T00:10:27.772+0000] {logging_mixin.py:190} INFO - [2025-02-13T00:10:27.772+0000] {dag.py:3239} INFO - Sync 2 DAGs
[2025-02-13T00:10:27.808+0000] {logging_mixin.py:190} INFO - [2025-02-13T00:10:27.808+0000] {dag.py:4180} INFO - Setting next_dagrun for read_dataset_event to 2025-02-12 00:00:00+00:00, run_after=2025-02-13 00:00:00+00:00
[2025-02-13T00:10:27.815+0000] {logging_mixin.py:190} INFO - [2025-02-13T00:10:27.814+0000] {dag.py:4180} INFO - Setting next_dagrun for read_dataset_event_from_classic to 2025-02-12 00:00:00+00:00, run_after=2025-02-13 00:00:00+00:00
[2025-02-13T00:10:27.830+0000] {processor.py:208} INFO - Processing /home/airflow/.local/lib/python3.12/site-packages/airflow/example_dags/example_inlet_event_extra.py took 0.312 seconds
[2025-02-13T00:10:58.896+0000] {processor.py:186} INFO - Started process (PID=1231) to work on /home/airflow/.local/lib/python3.12/site-packages/airflow/example_dags/example_inlet_event_extra.py
[2025-02-13T00:10:58.897+0000] {processor.py:914} INFO - Processing file /home/airflow/.local/lib/python3.12/site-packages/airflow/example_dags/example_inlet_event_extra.py for tasks to queue
[2025-02-13T00:10:58.899+0000] {logging_mixin.py:190} INFO - [2025-02-13T00:10:58.899+0000] {dagbag.py:588} INFO - Filling up the DagBag from /home/airflow/.local/lib/python3.12/site-packages/airflow/example_dags/example_inlet_event_extra.py
[2025-02-13T00:10:59.056+0000] {processor.py:925} INFO - DAG(s) 'read_dataset_event', 'read_dataset_event_from_classic' retrieved from /home/airflow/.local/lib/python3.12/site-packages/airflow/example_dags/example_inlet_event_extra.py
[2025-02-13T00:10:59.078+0000] {logging_mixin.py:190} INFO - [2025-02-13T00:10:59.078+0000] {dag.py:3239} INFO - Sync 2 DAGs
[2025-02-13T00:10:59.108+0000] {logging_mixin.py:190} INFO - [2025-02-13T00:10:59.107+0000] {dag.py:4180} INFO - Setting next_dagrun for read_dataset_event to 2025-02-12 00:00:00+00:00, run_after=2025-02-13 00:00:00+00:00
[2025-02-13T00:10:59.113+0000] {logging_mixin.py:190} INFO - [2025-02-13T00:10:59.113+0000] {dag.py:4180} INFO - Setting next_dagrun for read_dataset_event_from_classic to 2025-02-12 00:00:00+00:00, run_after=2025-02-13 00:00:00+00:00
[2025-02-13T00:10:59.129+0000] {processor.py:208} INFO - Processing /home/airflow/.local/lib/python3.12/site-packages/airflow/example_dags/example_inlet_event_extra.py took 0.240 seconds
[2025-02-13T00:11:29.340+0000] {processor.py:186} INFO - Started process (PID=1289) to work on /home/airflow/.local/lib/python3.12/site-packages/airflow/example_dags/example_inlet_event_extra.py
[2025-02-13T00:11:29.341+0000] {processor.py:914} INFO - Processing file /home/airflow/.local/lib/python3.12/site-packages/airflow/example_dags/example_inlet_event_extra.py for tasks to queue
[2025-02-13T00:11:29.343+0000] {logging_mixin.py:190} INFO - [2025-02-13T00:11:29.343+0000] {dagbag.py:588} INFO - Filling up the DagBag from /home/airflow/.local/lib/python3.12/site-packages/airflow/example_dags/example_inlet_event_extra.py
[2025-02-13T00:11:29.588+0000] {processor.py:925} INFO - DAG(s) 'read_dataset_event', 'read_dataset_event_from_classic' retrieved from /home/airflow/.local/lib/python3.12/site-packages/airflow/example_dags/example_inlet_event_extra.py
[2025-02-13T00:11:29.610+0000] {logging_mixin.py:190} INFO - [2025-02-13T00:11:29.610+0000] {dag.py:3239} INFO - Sync 2 DAGs
[2025-02-13T00:11:29.642+0000] {logging_mixin.py:190} INFO - [2025-02-13T00:11:29.642+0000] {dag.py:4180} INFO - Setting next_dagrun for read_dataset_event to 2025-02-12 00:00:00+00:00, run_after=2025-02-13 00:00:00+00:00
[2025-02-13T00:11:29.653+0000] {logging_mixin.py:190} INFO - [2025-02-13T00:11:29.653+0000] {dag.py:4180} INFO - Setting next_dagrun for read_dataset_event_from_classic to 2025-02-12 00:00:00+00:00, run_after=2025-02-13 00:00:00+00:00
[2025-02-13T00:11:29.757+0000] {processor.py:208} INFO - Processing /home/airflow/.local/lib/python3.12/site-packages/airflow/example_dags/example_inlet_event_extra.py took 0.425 seconds
[2025-02-13T00:12:00.610+0000] {processor.py:186} INFO - Started process (PID=1348) to work on /home/airflow/.local/lib/python3.12/site-packages/airflow/example_dags/example_inlet_event_extra.py
[2025-02-13T00:12:00.611+0000] {processor.py:914} INFO - Processing file /home/airflow/.local/lib/python3.12/site-packages/airflow/example_dags/example_inlet_event_extra.py for tasks to queue
[2025-02-13T00:12:00.614+0000] {logging_mixin.py:190} INFO - [2025-02-13T00:12:00.613+0000] {dagbag.py:588} INFO - Filling up the DagBag from /home/airflow/.local/lib/python3.12/site-packages/airflow/example_dags/example_inlet_event_extra.py
[2025-02-13T00:12:00.836+0000] {processor.py:925} INFO - DAG(s) 'read_dataset_event_from_classic', 'read_dataset_event' retrieved from /home/airflow/.local/lib/python3.12/site-packages/airflow/example_dags/example_inlet_event_extra.py
[2025-02-13T00:12:00.857+0000] {logging_mixin.py:190} INFO - [2025-02-13T00:12:00.857+0000] {dag.py:3239} INFO - Sync 2 DAGs
[2025-02-13T00:12:00.889+0000] {logging_mixin.py:190} INFO - [2025-02-13T00:12:00.889+0000] {dag.py:4180} INFO - Setting next_dagrun for read_dataset_event to 2025-02-12 00:00:00+00:00, run_after=2025-02-13 00:00:00+00:00
[2025-02-13T00:12:00.895+0000] {logging_mixin.py:190} INFO - [2025-02-13T00:12:00.895+0000] {dag.py:4180} INFO - Setting next_dagrun for read_dataset_event_from_classic to 2025-02-12 00:00:00+00:00, run_after=2025-02-13 00:00:00+00:00
[2025-02-13T00:12:00.911+0000] {processor.py:208} INFO - Processing /home/airflow/.local/lib/python3.12/site-packages/airflow/example_dags/example_inlet_event_extra.py took 0.308 seconds
[2025-02-13T00:12:31.321+0000] {processor.py:186} INFO - Started process (PID=1406) to work on /home/airflow/.local/lib/python3.12/site-packages/airflow/example_dags/example_inlet_event_extra.py
[2025-02-13T00:12:31.321+0000] {processor.py:914} INFO - Processing file /home/airflow/.local/lib/python3.12/site-packages/airflow/example_dags/example_inlet_event_extra.py for tasks to queue
[2025-02-13T00:12:31.324+0000] {logging_mixin.py:190} INFO - [2025-02-13T00:12:31.323+0000] {dagbag.py:588} INFO - Filling up the DagBag from /home/airflow/.local/lib/python3.12/site-packages/airflow/example_dags/example_inlet_event_extra.py
[2025-02-13T00:12:31.507+0000] {processor.py:925} INFO - DAG(s) 'read_dataset_event', 'read_dataset_event_from_classic' retrieved from /home/airflow/.local/lib/python3.12/site-packages/airflow/example_dags/example_inlet_event_extra.py
[2025-02-13T00:12:31.531+0000] {logging_mixin.py:190} INFO - [2025-02-13T00:12:31.530+0000] {dag.py:3239} INFO - Sync 2 DAGs
[2025-02-13T00:12:31.562+0000] {logging_mixin.py:190} INFO - [2025-02-13T00:12:31.562+0000] {dag.py:4180} INFO - Setting next_dagrun for read_dataset_event to 2025-02-12 00:00:00+00:00, run_after=2025-02-13 00:00:00+00:00
[2025-02-13T00:12:31.568+0000] {logging_mixin.py:190} INFO - [2025-02-13T00:12:31.567+0000] {dag.py:4180} INFO - Setting next_dagrun for read_dataset_event_from_classic to 2025-02-12 00:00:00+00:00, run_after=2025-02-13 00:00:00+00:00
[2025-02-13T00:12:31.583+0000] {processor.py:208} INFO - Processing /home/airflow/.local/lib/python3.12/site-packages/airflow/example_dags/example_inlet_event_extra.py took 0.270 seconds
[2025-02-13T00:13:02.562+0000] {processor.py:186} INFO - Started process (PID=1465) to work on /home/airflow/.local/lib/python3.12/site-packages/airflow/example_dags/example_inlet_event_extra.py
[2025-02-13T00:13:02.571+0000] {processor.py:914} INFO - Processing file /home/airflow/.local/lib/python3.12/site-packages/airflow/example_dags/example_inlet_event_extra.py for tasks to queue
[2025-02-13T00:13:02.574+0000] {logging_mixin.py:190} INFO - [2025-02-13T00:13:02.574+0000] {dagbag.py:588} INFO - Filling up the DagBag from /home/airflow/.local/lib/python3.12/site-packages/airflow/example_dags/example_inlet_event_extra.py
[2025-02-13T00:13:02.758+0000] {processor.py:925} INFO - DAG(s) 'read_dataset_event', 'read_dataset_event_from_classic' retrieved from /home/airflow/.local/lib/python3.12/site-packages/airflow/example_dags/example_inlet_event_extra.py
[2025-02-13T00:13:02.801+0000] {logging_mixin.py:190} INFO - [2025-02-13T00:13:02.800+0000] {dag.py:3239} INFO - Sync 2 DAGs
[2025-02-13T00:13:02.882+0000] {logging_mixin.py:190} INFO - [2025-02-13T00:13:02.881+0000] {dag.py:4180} INFO - Setting next_dagrun for read_dataset_event to 2025-02-12 00:00:00+00:00, run_after=2025-02-13 00:00:00+00:00
[2025-02-13T00:13:02.888+0000] {logging_mixin.py:190} INFO - [2025-02-13T00:13:02.888+0000] {dag.py:4180} INFO - Setting next_dagrun for read_dataset_event_from_classic to 2025-02-12 00:00:00+00:00, run_after=2025-02-13 00:00:00+00:00
[2025-02-13T00:13:02.903+0000] {processor.py:208} INFO - Processing /home/airflow/.local/lib/python3.12/site-packages/airflow/example_dags/example_inlet_event_extra.py took 0.352 seconds
[2025-02-13T00:13:33.728+0000] {processor.py:186} INFO - Started process (PID=1524) to work on /home/airflow/.local/lib/python3.12/site-packages/airflow/example_dags/example_inlet_event_extra.py
[2025-02-13T00:13:33.729+0000] {processor.py:914} INFO - Processing file /home/airflow/.local/lib/python3.12/site-packages/airflow/example_dags/example_inlet_event_extra.py for tasks to queue
[2025-02-13T00:13:33.732+0000] {logging_mixin.py:190} INFO - [2025-02-13T00:13:33.731+0000] {dagbag.py:588} INFO - Filling up the DagBag from /home/airflow/.local/lib/python3.12/site-packages/airflow/example_dags/example_inlet_event_extra.py
[2025-02-13T00:13:33.895+0000] {processor.py:925} INFO - DAG(s) 'read_dataset_event_from_classic', 'read_dataset_event' retrieved from /home/airflow/.local/lib/python3.12/site-packages/airflow/example_dags/example_inlet_event_extra.py
[2025-02-13T00:13:33.920+0000] {logging_mixin.py:190} INFO - [2025-02-13T00:13:33.920+0000] {dag.py:3239} INFO - Sync 2 DAGs
[2025-02-13T00:13:33.952+0000] {logging_mixin.py:190} INFO - [2025-02-13T00:13:33.951+0000] {dag.py:4180} INFO - Setting next_dagrun for read_dataset_event to 2025-02-12 00:00:00+00:00, run_after=2025-02-13 00:00:00+00:00
[2025-02-13T00:13:33.957+0000] {logging_mixin.py:190} INFO - [2025-02-13T00:13:33.957+0000] {dag.py:4180} INFO - Setting next_dagrun for read_dataset_event_from_classic to 2025-02-12 00:00:00+00:00, run_after=2025-02-13 00:00:00+00:00
[2025-02-13T00:13:33.972+0000] {processor.py:208} INFO - Processing /home/airflow/.local/lib/python3.12/site-packages/airflow/example_dags/example_inlet_event_extra.py took 0.251 seconds
[2025-02-13T00:14:04.967+0000] {processor.py:186} INFO - Started process (PID=1583) to work on /home/airflow/.local/lib/python3.12/site-packages/airflow/example_dags/example_inlet_event_extra.py
[2025-02-13T00:14:04.968+0000] {processor.py:914} INFO - Processing file /home/airflow/.local/lib/python3.12/site-packages/airflow/example_dags/example_inlet_event_extra.py for tasks to queue
[2025-02-13T00:14:04.971+0000] {logging_mixin.py:190} INFO - [2025-02-13T00:14:04.970+0000] {dagbag.py:588} INFO - Filling up the DagBag from /home/airflow/.local/lib/python3.12/site-packages/airflow/example_dags/example_inlet_event_extra.py
[2025-02-13T00:14:05.146+0000] {processor.py:925} INFO - DAG(s) 'read_dataset_event', 'read_dataset_event_from_classic' retrieved from /home/airflow/.local/lib/python3.12/site-packages/airflow/example_dags/example_inlet_event_extra.py
[2025-02-13T00:14:05.173+0000] {logging_mixin.py:190} INFO - [2025-02-13T00:14:05.172+0000] {dag.py:3239} INFO - Sync 2 DAGs
[2025-02-13T00:14:05.204+0000] {logging_mixin.py:190} INFO - [2025-02-13T00:14:05.203+0000] {dag.py:4180} INFO - Setting next_dagrun for read_dataset_event to 2025-02-12 00:00:00+00:00, run_after=2025-02-13 00:00:00+00:00
[2025-02-13T00:14:05.210+0000] {logging_mixin.py:190} INFO - [2025-02-13T00:14:05.210+0000] {dag.py:4180} INFO - Setting next_dagrun for read_dataset_event_from_classic to 2025-02-12 00:00:00+00:00, run_after=2025-02-13 00:00:00+00:00
[2025-02-13T00:14:05.226+0000] {processor.py:208} INFO - Processing /home/airflow/.local/lib/python3.12/site-packages/airflow/example_dags/example_inlet_event_extra.py took 0.266 seconds
[2025-02-13T00:14:35.413+0000] {processor.py:186} INFO - Started process (PID=1641) to work on /home/airflow/.local/lib/python3.12/site-packages/airflow/example_dags/example_inlet_event_extra.py
[2025-02-13T00:14:35.413+0000] {processor.py:914} INFO - Processing file /home/airflow/.local/lib/python3.12/site-packages/airflow/example_dags/example_inlet_event_extra.py for tasks to queue
[2025-02-13T00:14:35.416+0000] {logging_mixin.py:190} INFO - [2025-02-13T00:14:35.416+0000] {dagbag.py:588} INFO - Filling up the DagBag from /home/airflow/.local/lib/python3.12/site-packages/airflow/example_dags/example_inlet_event_extra.py
[2025-02-13T00:14:35.585+0000] {processor.py:925} INFO - DAG(s) 'read_dataset_event', 'read_dataset_event_from_classic' retrieved from /home/airflow/.local/lib/python3.12/site-packages/airflow/example_dags/example_inlet_event_extra.py
[2025-02-13T00:14:35.609+0000] {logging_mixin.py:190} INFO - [2025-02-13T00:14:35.609+0000] {dag.py:3239} INFO - Sync 2 DAGs
[2025-02-13T00:14:35.648+0000] {logging_mixin.py:190} INFO - [2025-02-13T00:14:35.647+0000] {dag.py:4180} INFO - Setting next_dagrun for read_dataset_event to 2025-02-12 00:00:00+00:00, run_after=2025-02-13 00:00:00+00:00
[2025-02-13T00:14:35.655+0000] {logging_mixin.py:190} INFO - [2025-02-13T00:14:35.655+0000] {dag.py:4180} INFO - Setting next_dagrun for read_dataset_event_from_classic to 2025-02-12 00:00:00+00:00, run_after=2025-02-13 00:00:00+00:00
[2025-02-13T00:14:35.671+0000] {processor.py:208} INFO - Processing /home/airflow/.local/lib/python3.12/site-packages/airflow/example_dags/example_inlet_event_extra.py took 0.265 seconds
[2025-02-13T00:15:06.529+0000] {processor.py:186} INFO - Started process (PID=1700) to work on /home/airflow/.local/lib/python3.12/site-packages/airflow/example_dags/example_inlet_event_extra.py
[2025-02-13T00:15:06.530+0000] {processor.py:914} INFO - Processing file /home/airflow/.local/lib/python3.12/site-packages/airflow/example_dags/example_inlet_event_extra.py for tasks to queue
[2025-02-13T00:15:06.533+0000] {logging_mixin.py:190} INFO - [2025-02-13T00:15:06.533+0000] {dagbag.py:588} INFO - Filling up the DagBag from /home/airflow/.local/lib/python3.12/site-packages/airflow/example_dags/example_inlet_event_extra.py
[2025-02-13T00:15:06.714+0000] {processor.py:925} INFO - DAG(s) 'read_dataset_event', 'read_dataset_event_from_classic' retrieved from /home/airflow/.local/lib/python3.12/site-packages/airflow/example_dags/example_inlet_event_extra.py
[2025-02-13T00:15:06.739+0000] {logging_mixin.py:190} INFO - [2025-02-13T00:15:06.739+0000] {dag.py:3239} INFO - Sync 2 DAGs
[2025-02-13T00:15:06.769+0000] {logging_mixin.py:190} INFO - [2025-02-13T00:15:06.769+0000] {dag.py:4180} INFO - Setting next_dagrun for read_dataset_event to 2025-02-12 00:00:00+00:00, run_after=2025-02-13 00:00:00+00:00
[2025-02-13T00:15:06.775+0000] {logging_mixin.py:190} INFO - [2025-02-13T00:15:06.775+0000] {dag.py:4180} INFO - Setting next_dagrun for read_dataset_event_from_classic to 2025-02-12 00:00:00+00:00, run_after=2025-02-13 00:00:00+00:00
[2025-02-13T00:15:06.791+0000] {processor.py:208} INFO - Processing /home/airflow/.local/lib/python3.12/site-packages/airflow/example_dags/example_inlet_event_extra.py took 0.269 seconds
[2025-02-13T00:15:37.024+0000] {processor.py:186} INFO - Started process (PID=1758) to work on /home/airflow/.local/lib/python3.12/site-packages/airflow/example_dags/example_inlet_event_extra.py
[2025-02-13T00:15:37.026+0000] {processor.py:914} INFO - Processing file /home/airflow/.local/lib/python3.12/site-packages/airflow/example_dags/example_inlet_event_extra.py for tasks to queue
[2025-02-13T00:15:37.029+0000] {logging_mixin.py:190} INFO - [2025-02-13T00:15:37.029+0000] {dagbag.py:588} INFO - Filling up the DagBag from /home/airflow/.local/lib/python3.12/site-packages/airflow/example_dags/example_inlet_event_extra.py
[2025-02-13T00:15:37.199+0000] {processor.py:925} INFO - DAG(s) 'read_dataset_event_from_classic', 'read_dataset_event' retrieved from /home/airflow/.local/lib/python3.12/site-packages/airflow/example_dags/example_inlet_event_extra.py
[2025-02-13T00:15:37.221+0000] {logging_mixin.py:190} INFO - [2025-02-13T00:15:37.221+0000] {dag.py:3239} INFO - Sync 2 DAGs
[2025-02-13T00:15:37.249+0000] {logging_mixin.py:190} INFO - [2025-02-13T00:15:37.249+0000] {dag.py:4180} INFO - Setting next_dagrun for read_dataset_event to 2025-02-12 00:00:00+00:00, run_after=2025-02-13 00:00:00+00:00
[2025-02-13T00:15:37.255+0000] {logging_mixin.py:190} INFO - [2025-02-13T00:15:37.255+0000] {dag.py:4180} INFO - Setting next_dagrun for read_dataset_event_from_classic to 2025-02-12 00:00:00+00:00, run_after=2025-02-13 00:00:00+00:00
[2025-02-13T00:15:37.271+0000] {processor.py:208} INFO - Processing /home/airflow/.local/lib/python3.12/site-packages/airflow/example_dags/example_inlet_event_extra.py took 0.253 seconds
[2025-02-13T00:16:07.424+0000] {processor.py:186} INFO - Started process (PID=1817) to work on /home/airflow/.local/lib/python3.12/site-packages/airflow/example_dags/example_inlet_event_extra.py
[2025-02-13T00:16:07.425+0000] {processor.py:914} INFO - Processing file /home/airflow/.local/lib/python3.12/site-packages/airflow/example_dags/example_inlet_event_extra.py for tasks to queue
[2025-02-13T00:16:07.428+0000] {logging_mixin.py:190} INFO - [2025-02-13T00:16:07.427+0000] {dagbag.py:588} INFO - Filling up the DagBag from /home/airflow/.local/lib/python3.12/site-packages/airflow/example_dags/example_inlet_event_extra.py
[2025-02-13T00:16:07.604+0000] {processor.py:925} INFO - DAG(s) 'read_dataset_event_from_classic', 'read_dataset_event' retrieved from /home/airflow/.local/lib/python3.12/site-packages/airflow/example_dags/example_inlet_event_extra.py
[2025-02-13T00:16:07.626+0000] {logging_mixin.py:190} INFO - [2025-02-13T00:16:07.626+0000] {dag.py:3239} INFO - Sync 2 DAGs
[2025-02-13T00:16:07.656+0000] {logging_mixin.py:190} INFO - [2025-02-13T00:16:07.656+0000] {dag.py:4180} INFO - Setting next_dagrun for read_dataset_event to 2025-02-12 00:00:00+00:00, run_after=2025-02-13 00:00:00+00:00
[2025-02-13T00:16:07.662+0000] {logging_mixin.py:190} INFO - [2025-02-13T00:16:07.662+0000] {dag.py:4180} INFO - Setting next_dagrun for read_dataset_event_from_classic to 2025-02-12 00:00:00+00:00, run_after=2025-02-13 00:00:00+00:00
[2025-02-13T00:16:07.678+0000] {processor.py:208} INFO - Processing /home/airflow/.local/lib/python3.12/site-packages/airflow/example_dags/example_inlet_event_extra.py took 0.261 seconds
[2025-02-13T00:16:38.429+0000] {processor.py:186} INFO - Started process (PID=1875) to work on /home/airflow/.local/lib/python3.12/site-packages/airflow/example_dags/example_inlet_event_extra.py
[2025-02-13T00:16:38.430+0000] {processor.py:914} INFO - Processing file /home/airflow/.local/lib/python3.12/site-packages/airflow/example_dags/example_inlet_event_extra.py for tasks to queue
[2025-02-13T00:16:38.433+0000] {logging_mixin.py:190} INFO - [2025-02-13T00:16:38.433+0000] {dagbag.py:588} INFO - Filling up the DagBag from /home/airflow/.local/lib/python3.12/site-packages/airflow/example_dags/example_inlet_event_extra.py
[2025-02-13T00:16:38.614+0000] {processor.py:925} INFO - DAG(s) 'read_dataset_event', 'read_dataset_event_from_classic' retrieved from /home/airflow/.local/lib/python3.12/site-packages/airflow/example_dags/example_inlet_event_extra.py
[2025-02-13T00:16:38.648+0000] {logging_mixin.py:190} INFO - [2025-02-13T00:16:38.647+0000] {dag.py:3239} INFO - Sync 2 DAGs
[2025-02-13T00:16:38.699+0000] {logging_mixin.py:190} INFO - [2025-02-13T00:16:38.699+0000] {dag.py:4180} INFO - Setting next_dagrun for read_dataset_event to 2025-02-12 00:00:00+00:00, run_after=2025-02-13 00:00:00+00:00
[2025-02-13T00:16:38.705+0000] {logging_mixin.py:190} INFO - [2025-02-13T00:16:38.705+0000] {dag.py:4180} INFO - Setting next_dagrun for read_dataset_event_from_classic to 2025-02-12 00:00:00+00:00, run_after=2025-02-13 00:00:00+00:00
[2025-02-13T00:16:38.760+0000] {processor.py:208} INFO - Processing /home/airflow/.local/lib/python3.12/site-packages/airflow/example_dags/example_inlet_event_extra.py took 0.338 seconds
[2025-02-13T00:17:08.889+0000] {processor.py:186} INFO - Started process (PID=1933) to work on /home/airflow/.local/lib/python3.12/site-packages/airflow/example_dags/example_inlet_event_extra.py
[2025-02-13T00:17:08.889+0000] {processor.py:914} INFO - Processing file /home/airflow/.local/lib/python3.12/site-packages/airflow/example_dags/example_inlet_event_extra.py for tasks to queue
[2025-02-13T00:17:08.892+0000] {logging_mixin.py:190} INFO - [2025-02-13T00:17:08.891+0000] {dagbag.py:588} INFO - Filling up the DagBag from /home/airflow/.local/lib/python3.12/site-packages/airflow/example_dags/example_inlet_event_extra.py
[2025-02-13T00:17:09.051+0000] {processor.py:925} INFO - DAG(s) 'read_dataset_event', 'read_dataset_event_from_classic' retrieved from /home/airflow/.local/lib/python3.12/site-packages/airflow/example_dags/example_inlet_event_extra.py
[2025-02-13T00:17:09.081+0000] {logging_mixin.py:190} INFO - [2025-02-13T00:17:09.080+0000] {dag.py:3239} INFO - Sync 2 DAGs
[2025-02-13T00:17:09.121+0000] {logging_mixin.py:190} INFO - [2025-02-13T00:17:09.121+0000] {dag.py:4180} INFO - Setting next_dagrun for read_dataset_event to 2025-02-12 00:00:00+00:00, run_after=2025-02-13 00:00:00+00:00
[2025-02-13T00:17:09.127+0000] {logging_mixin.py:190} INFO - [2025-02-13T00:17:09.127+0000] {dag.py:4180} INFO - Setting next_dagrun for read_dataset_event_from_classic to 2025-02-12 00:00:00+00:00, run_after=2025-02-13 00:00:00+00:00
[2025-02-13T00:17:09.179+0000] {processor.py:208} INFO - Processing /home/airflow/.local/lib/python3.12/site-packages/airflow/example_dags/example_inlet_event_extra.py took 0.300 seconds
[2025-02-13T00:17:40.259+0000] {processor.py:186} INFO - Started process (PID=1993) to work on /home/airflow/.local/lib/python3.12/site-packages/airflow/example_dags/example_inlet_event_extra.py
[2025-02-13T00:17:40.260+0000] {processor.py:914} INFO - Processing file /home/airflow/.local/lib/python3.12/site-packages/airflow/example_dags/example_inlet_event_extra.py for tasks to queue
[2025-02-13T00:17:40.262+0000] {logging_mixin.py:190} INFO - [2025-02-13T00:17:40.262+0000] {dagbag.py:588} INFO - Filling up the DagBag from /home/airflow/.local/lib/python3.12/site-packages/airflow/example_dags/example_inlet_event_extra.py
[2025-02-13T00:17:40.436+0000] {processor.py:925} INFO - DAG(s) 'read_dataset_event', 'read_dataset_event_from_classic' retrieved from /home/airflow/.local/lib/python3.12/site-packages/airflow/example_dags/example_inlet_event_extra.py
[2025-02-13T00:17:40.459+0000] {logging_mixin.py:190} INFO - [2025-02-13T00:17:40.459+0000] {dag.py:3239} INFO - Sync 2 DAGs
[2025-02-13T00:17:40.489+0000] {logging_mixin.py:190} INFO - [2025-02-13T00:17:40.489+0000] {dag.py:4180} INFO - Setting next_dagrun for read_dataset_event to 2025-02-12 00:00:00+00:00, run_after=2025-02-13 00:00:00+00:00
[2025-02-13T00:17:40.495+0000] {logging_mixin.py:190} INFO - [2025-02-13T00:17:40.495+0000] {dag.py:4180} INFO - Setting next_dagrun for read_dataset_event_from_classic to 2025-02-12 00:00:00+00:00, run_after=2025-02-13 00:00:00+00:00
[2025-02-13T00:17:40.511+0000] {processor.py:208} INFO - Processing /home/airflow/.local/lib/python3.12/site-packages/airflow/example_dags/example_inlet_event_extra.py took 0.259 seconds
[2025-02-13T00:18:10.581+0000] {processor.py:186} INFO - Started process (PID=2050) to work on /home/airflow/.local/lib/python3.12/site-packages/airflow/example_dags/example_inlet_event_extra.py
[2025-02-13T00:18:10.581+0000] {processor.py:914} INFO - Processing file /home/airflow/.local/lib/python3.12/site-packages/airflow/example_dags/example_inlet_event_extra.py for tasks to queue
[2025-02-13T00:18:10.583+0000] {logging_mixin.py:190} INFO - [2025-02-13T00:18:10.583+0000] {dagbag.py:588} INFO - Filling up the DagBag from /home/airflow/.local/lib/python3.12/site-packages/airflow/example_dags/example_inlet_event_extra.py
[2025-02-13T00:18:10.684+0000] {processor.py:925} INFO - DAG(s) 'read_dataset_event_from_classic', 'read_dataset_event' retrieved from /home/airflow/.local/lib/python3.12/site-packages/airflow/example_dags/example_inlet_event_extra.py
[2025-02-13T00:18:10.702+0000] {logging_mixin.py:190} INFO - [2025-02-13T00:18:10.702+0000] {dag.py:3239} INFO - Sync 2 DAGs
[2025-02-13T00:18:10.731+0000] {logging_mixin.py:190} INFO - [2025-02-13T00:18:10.730+0000] {dag.py:4180} INFO - Setting next_dagrun for read_dataset_event to 2025-02-12 00:00:00+00:00, run_after=2025-02-13 00:00:00+00:00
[2025-02-13T00:18:10.735+0000] {logging_mixin.py:190} INFO - [2025-02-13T00:18:10.734+0000] {dag.py:4180} INFO - Setting next_dagrun for read_dataset_event_from_classic to 2025-02-12 00:00:00+00:00, run_after=2025-02-13 00:00:00+00:00
[2025-02-13T00:18:10.747+0000] {processor.py:208} INFO - Processing /home/airflow/.local/lib/python3.12/site-packages/airflow/example_dags/example_inlet_event_extra.py took 0.172 seconds
[2025-02-13T00:18:41.688+0000] {processor.py:186} INFO - Started process (PID=2109) to work on /home/airflow/.local/lib/python3.12/site-packages/airflow/example_dags/example_inlet_event_extra.py
[2025-02-13T00:18:41.689+0000] {processor.py:914} INFO - Processing file /home/airflow/.local/lib/python3.12/site-packages/airflow/example_dags/example_inlet_event_extra.py for tasks to queue
[2025-02-13T00:18:41.692+0000] {logging_mixin.py:190} INFO - [2025-02-13T00:18:41.691+0000] {dagbag.py:588} INFO - Filling up the DagBag from /home/airflow/.local/lib/python3.12/site-packages/airflow/example_dags/example_inlet_event_extra.py
[2025-02-13T00:18:41.886+0000] {processor.py:925} INFO - DAG(s) 'read_dataset_event_from_classic', 'read_dataset_event' retrieved from /home/airflow/.local/lib/python3.12/site-packages/airflow/example_dags/example_inlet_event_extra.py
[2025-02-13T00:18:41.911+0000] {logging_mixin.py:190} INFO - [2025-02-13T00:18:41.910+0000] {dag.py:3239} INFO - Sync 2 DAGs
[2025-02-13T00:18:41.943+0000] {logging_mixin.py:190} INFO - [2025-02-13T00:18:41.943+0000] {dag.py:4180} INFO - Setting next_dagrun for read_dataset_event to 2025-02-12 00:00:00+00:00, run_after=2025-02-13 00:00:00+00:00
[2025-02-13T00:18:41.949+0000] {logging_mixin.py:190} INFO - [2025-02-13T00:18:41.949+0000] {dag.py:4180} INFO - Setting next_dagrun for read_dataset_event_from_classic to 2025-02-12 00:00:00+00:00, run_after=2025-02-13 00:00:00+00:00
[2025-02-13T00:18:41.988+0000] {processor.py:208} INFO - Processing /home/airflow/.local/lib/python3.12/site-packages/airflow/example_dags/example_inlet_event_extra.py took 0.307 seconds
[2025-02-13T00:19:13.088+0000] {processor.py:186} INFO - Started process (PID=2169) to work on /home/airflow/.local/lib/python3.12/site-packages/airflow/example_dags/example_inlet_event_extra.py
[2025-02-13T00:19:13.089+0000] {processor.py:914} INFO - Processing file /home/airflow/.local/lib/python3.12/site-packages/airflow/example_dags/example_inlet_event_extra.py for tasks to queue
[2025-02-13T00:19:13.091+0000] {logging_mixin.py:190} INFO - [2025-02-13T00:19:13.091+0000] {dagbag.py:588} INFO - Filling up the DagBag from /home/airflow/.local/lib/python3.12/site-packages/airflow/example_dags/example_inlet_event_extra.py
[2025-02-13T00:19:13.268+0000] {processor.py:925} INFO - DAG(s) 'read_dataset_event', 'read_dataset_event_from_classic' retrieved from /home/airflow/.local/lib/python3.12/site-packages/airflow/example_dags/example_inlet_event_extra.py
[2025-02-13T00:19:13.294+0000] {logging_mixin.py:190} INFO - [2025-02-13T00:19:13.294+0000] {dag.py:3239} INFO - Sync 2 DAGs
[2025-02-13T00:19:13.326+0000] {logging_mixin.py:190} INFO - [2025-02-13T00:19:13.326+0000] {dag.py:4180} INFO - Setting next_dagrun for read_dataset_event to 2025-02-12 00:00:00+00:00, run_after=2025-02-13 00:00:00+00:00
[2025-02-13T00:19:13.332+0000] {logging_mixin.py:190} INFO - [2025-02-13T00:19:13.332+0000] {dag.py:4180} INFO - Setting next_dagrun for read_dataset_event_from_classic to 2025-02-12 00:00:00+00:00, run_after=2025-02-13 00:00:00+00:00
[2025-02-13T00:19:13.349+0000] {processor.py:208} INFO - Processing /home/airflow/.local/lib/python3.12/site-packages/airflow/example_dags/example_inlet_event_extra.py took 0.270 seconds
[2025-02-13T00:19:43.432+0000] {processor.py:186} INFO - Started process (PID=2226) to work on /home/airflow/.local/lib/python3.12/site-packages/airflow/example_dags/example_inlet_event_extra.py
[2025-02-13T00:19:43.433+0000] {processor.py:914} INFO - Processing file /home/airflow/.local/lib/python3.12/site-packages/airflow/example_dags/example_inlet_event_extra.py for tasks to queue
[2025-02-13T00:19:43.434+0000] {logging_mixin.py:190} INFO - [2025-02-13T00:19:43.434+0000] {dagbag.py:588} INFO - Filling up the DagBag from /home/airflow/.local/lib/python3.12/site-packages/airflow/example_dags/example_inlet_event_extra.py
[2025-02-13T00:19:43.547+0000] {processor.py:925} INFO - DAG(s) 'read_dataset_event', 'read_dataset_event_from_classic' retrieved from /home/airflow/.local/lib/python3.12/site-packages/airflow/example_dags/example_inlet_event_extra.py
[2025-02-13T00:19:43.567+0000] {logging_mixin.py:190} INFO - [2025-02-13T00:19:43.567+0000] {dag.py:3239} INFO - Sync 2 DAGs
[2025-02-13T00:19:43.587+0000] {logging_mixin.py:190} INFO - [2025-02-13T00:19:43.587+0000] {dag.py:4180} INFO - Setting next_dagrun for read_dataset_event to 2025-02-12 00:00:00+00:00, run_after=2025-02-13 00:00:00+00:00
[2025-02-13T00:19:43.591+0000] {logging_mixin.py:190} INFO - [2025-02-13T00:19:43.591+0000] {dag.py:4180} INFO - Setting next_dagrun for read_dataset_event_from_classic to 2025-02-12 00:00:00+00:00, run_after=2025-02-13 00:00:00+00:00
[2025-02-13T00:19:43.602+0000] {processor.py:208} INFO - Processing /home/airflow/.local/lib/python3.12/site-packages/airflow/example_dags/example_inlet_event_extra.py took 0.177 seconds
[2025-02-13T00:20:14.784+0000] {processor.py:186} INFO - Started process (PID=2287) to work on /home/airflow/.local/lib/python3.12/site-packages/airflow/example_dags/example_inlet_event_extra.py
[2025-02-13T00:20:14.785+0000] {processor.py:914} INFO - Processing file /home/airflow/.local/lib/python3.12/site-packages/airflow/example_dags/example_inlet_event_extra.py for tasks to queue
[2025-02-13T00:20:14.788+0000] {logging_mixin.py:190} INFO - [2025-02-13T00:20:14.787+0000] {dagbag.py:588} INFO - Filling up the DagBag from /home/airflow/.local/lib/python3.12/site-packages/airflow/example_dags/example_inlet_event_extra.py
[2025-02-13T00:20:14.965+0000] {processor.py:925} INFO - DAG(s) 'read_dataset_event', 'read_dataset_event_from_classic' retrieved from /home/airflow/.local/lib/python3.12/site-packages/airflow/example_dags/example_inlet_event_extra.py
[2025-02-13T00:20:14.991+0000] {logging_mixin.py:190} INFO - [2025-02-13T00:20:14.990+0000] {dag.py:3239} INFO - Sync 2 DAGs
[2025-02-13T00:20:15.022+0000] {logging_mixin.py:190} INFO - [2025-02-13T00:20:15.022+0000] {dag.py:4180} INFO - Setting next_dagrun for read_dataset_event to 2025-02-12 00:00:00+00:00, run_after=2025-02-13 00:00:00+00:00
[2025-02-13T00:20:15.029+0000] {logging_mixin.py:190} INFO - [2025-02-13T00:20:15.028+0000] {dag.py:4180} INFO - Setting next_dagrun for read_dataset_event_from_classic to 2025-02-12 00:00:00+00:00, run_after=2025-02-13 00:00:00+00:00
[2025-02-13T00:20:15.044+0000] {processor.py:208} INFO - Processing /home/airflow/.local/lib/python3.12/site-packages/airflow/example_dags/example_inlet_event_extra.py took 0.267 seconds
[2025-02-13T00:20:45.887+0000] {processor.py:186} INFO - Started process (PID=2345) to work on /home/airflow/.local/lib/python3.12/site-packages/airflow/example_dags/example_inlet_event_extra.py
[2025-02-13T00:20:45.888+0000] {processor.py:914} INFO - Processing file /home/airflow/.local/lib/python3.12/site-packages/airflow/example_dags/example_inlet_event_extra.py for tasks to queue
[2025-02-13T00:20:45.890+0000] {logging_mixin.py:190} INFO - [2025-02-13T00:20:45.890+0000] {dagbag.py:588} INFO - Filling up the DagBag from /home/airflow/.local/lib/python3.12/site-packages/airflow/example_dags/example_inlet_event_extra.py
[2025-02-13T00:20:46.053+0000] {processor.py:925} INFO - DAG(s) 'read_dataset_event_from_classic', 'read_dataset_event' retrieved from /home/airflow/.local/lib/python3.12/site-packages/airflow/example_dags/example_inlet_event_extra.py
[2025-02-13T00:20:46.077+0000] {logging_mixin.py:190} INFO - [2025-02-13T00:20:46.077+0000] {dag.py:3239} INFO - Sync 2 DAGs
[2025-02-13T00:20:46.109+0000] {logging_mixin.py:190} INFO - [2025-02-13T00:20:46.109+0000] {dag.py:4180} INFO - Setting next_dagrun for read_dataset_event to 2025-02-12 00:00:00+00:00, run_after=2025-02-13 00:00:00+00:00
[2025-02-13T00:20:46.115+0000] {logging_mixin.py:190} INFO - [2025-02-13T00:20:46.115+0000] {dag.py:4180} INFO - Setting next_dagrun for read_dataset_event_from_classic to 2025-02-12 00:00:00+00:00, run_after=2025-02-13 00:00:00+00:00
[2025-02-13T00:20:46.131+0000] {processor.py:208} INFO - Processing /home/airflow/.local/lib/python3.12/site-packages/airflow/example_dags/example_inlet_event_extra.py took 0.256 seconds
[2025-02-13T00:21:16.318+0000] {processor.py:186} INFO - Started process (PID=2403) to work on /home/airflow/.local/lib/python3.12/site-packages/airflow/example_dags/example_inlet_event_extra.py
[2025-02-13T00:21:16.320+0000] {processor.py:914} INFO - Processing file /home/airflow/.local/lib/python3.12/site-packages/airflow/example_dags/example_inlet_event_extra.py for tasks to queue
[2025-02-13T00:21:16.323+0000] {logging_mixin.py:190} INFO - [2025-02-13T00:21:16.322+0000] {dagbag.py:588} INFO - Filling up the DagBag from /home/airflow/.local/lib/python3.12/site-packages/airflow/example_dags/example_inlet_event_extra.py
[2025-02-13T00:21:16.530+0000] {processor.py:925} INFO - DAG(s) 'read_dataset_event_from_classic', 'read_dataset_event' retrieved from /home/airflow/.local/lib/python3.12/site-packages/airflow/example_dags/example_inlet_event_extra.py
[2025-02-13T00:21:16.555+0000] {logging_mixin.py:190} INFO - [2025-02-13T00:21:16.554+0000] {dag.py:3239} INFO - Sync 2 DAGs
[2025-02-13T00:21:16.587+0000] {logging_mixin.py:190} INFO - [2025-02-13T00:21:16.587+0000] {dag.py:4180} INFO - Setting next_dagrun for read_dataset_event to 2025-02-12 00:00:00+00:00, run_after=2025-02-13 00:00:00+00:00
[2025-02-13T00:21:16.593+0000] {logging_mixin.py:190} INFO - [2025-02-13T00:21:16.593+0000] {dag.py:4180} INFO - Setting next_dagrun for read_dataset_event_from_classic to 2025-02-12 00:00:00+00:00, run_after=2025-02-13 00:00:00+00:00
[2025-02-13T00:21:16.609+0000] {processor.py:208} INFO - Processing /home/airflow/.local/lib/python3.12/site-packages/airflow/example_dags/example_inlet_event_extra.py took 0.303 seconds
[2025-02-13T00:21:47.675+0000] {processor.py:186} INFO - Started process (PID=2463) to work on /home/airflow/.local/lib/python3.12/site-packages/airflow/example_dags/example_inlet_event_extra.py
[2025-02-13T00:21:47.676+0000] {processor.py:914} INFO - Processing file /home/airflow/.local/lib/python3.12/site-packages/airflow/example_dags/example_inlet_event_extra.py for tasks to queue
[2025-02-13T00:21:47.679+0000] {logging_mixin.py:190} INFO - [2025-02-13T00:21:47.678+0000] {dagbag.py:588} INFO - Filling up the DagBag from /home/airflow/.local/lib/python3.12/site-packages/airflow/example_dags/example_inlet_event_extra.py
[2025-02-13T00:21:47.844+0000] {processor.py:925} INFO - DAG(s) 'read_dataset_event_from_classic', 'read_dataset_event' retrieved from /home/airflow/.local/lib/python3.12/site-packages/airflow/example_dags/example_inlet_event_extra.py
[2025-02-13T00:21:47.869+0000] {logging_mixin.py:190} INFO - [2025-02-13T00:21:47.868+0000] {dag.py:3239} INFO - Sync 2 DAGs
[2025-02-13T00:21:47.901+0000] {logging_mixin.py:190} INFO - [2025-02-13T00:21:47.901+0000] {dag.py:4180} INFO - Setting next_dagrun for read_dataset_event to 2025-02-12 00:00:00+00:00, run_after=2025-02-13 00:00:00+00:00
[2025-02-13T00:21:47.907+0000] {logging_mixin.py:190} INFO - [2025-02-13T00:21:47.907+0000] {dag.py:4180} INFO - Setting next_dagrun for read_dataset_event_from_classic to 2025-02-12 00:00:00+00:00, run_after=2025-02-13 00:00:00+00:00
[2025-02-13T00:21:47.923+0000] {processor.py:208} INFO - Processing /home/airflow/.local/lib/python3.12/site-packages/airflow/example_dags/example_inlet_event_extra.py took 0.255 seconds
[2025-02-13T00:22:18.894+0000] {processor.py:186} INFO - Started process (PID=2521) to work on /home/airflow/.local/lib/python3.12/site-packages/airflow/example_dags/example_inlet_event_extra.py
[2025-02-13T00:22:18.894+0000] {processor.py:914} INFO - Processing file /home/airflow/.local/lib/python3.12/site-packages/airflow/example_dags/example_inlet_event_extra.py for tasks to queue
[2025-02-13T00:22:18.897+0000] {logging_mixin.py:190} INFO - [2025-02-13T00:22:18.897+0000] {dagbag.py:588} INFO - Filling up the DagBag from /home/airflow/.local/lib/python3.12/site-packages/airflow/example_dags/example_inlet_event_extra.py
[2025-02-13T00:22:19.055+0000] {processor.py:925} INFO - DAG(s) 'read_dataset_event_from_classic', 'read_dataset_event' retrieved from /home/airflow/.local/lib/python3.12/site-packages/airflow/example_dags/example_inlet_event_extra.py
[2025-02-13T00:22:19.078+0000] {logging_mixin.py:190} INFO - [2025-02-13T00:22:19.078+0000] {dag.py:3239} INFO - Sync 2 DAGs
[2025-02-13T00:22:19.111+0000] {logging_mixin.py:190} INFO - [2025-02-13T00:22:19.111+0000] {dag.py:4180} INFO - Setting next_dagrun for read_dataset_event to 2025-02-12 00:00:00+00:00, run_after=2025-02-13 00:00:00+00:00
[2025-02-13T00:22:19.117+0000] {logging_mixin.py:190} INFO - [2025-02-13T00:22:19.117+0000] {dag.py:4180} INFO - Setting next_dagrun for read_dataset_event_from_classic to 2025-02-12 00:00:00+00:00, run_after=2025-02-13 00:00:00+00:00
[2025-02-13T00:22:19.134+0000] {processor.py:208} INFO - Processing /home/airflow/.local/lib/python3.12/site-packages/airflow/example_dags/example_inlet_event_extra.py took 0.247 seconds
[2025-02-13T00:22:50.241+0000] {processor.py:186} INFO - Started process (PID=2580) to work on /home/airflow/.local/lib/python3.12/site-packages/airflow/example_dags/example_inlet_event_extra.py
[2025-02-13T00:22:50.242+0000] {processor.py:914} INFO - Processing file /home/airflow/.local/lib/python3.12/site-packages/airflow/example_dags/example_inlet_event_extra.py for tasks to queue
[2025-02-13T00:22:50.244+0000] {logging_mixin.py:190} INFO - [2025-02-13T00:22:50.244+0000] {dagbag.py:588} INFO - Filling up the DagBag from /home/airflow/.local/lib/python3.12/site-packages/airflow/example_dags/example_inlet_event_extra.py
[2025-02-13T00:22:50.418+0000] {processor.py:925} INFO - DAG(s) 'read_dataset_event_from_classic', 'read_dataset_event' retrieved from /home/airflow/.local/lib/python3.12/site-packages/airflow/example_dags/example_inlet_event_extra.py
[2025-02-13T00:22:50.442+0000] {logging_mixin.py:190} INFO - [2025-02-13T00:22:50.441+0000] {dag.py:3239} INFO - Sync 2 DAGs
[2025-02-13T00:22:50.472+0000] {logging_mixin.py:190} INFO - [2025-02-13T00:22:50.472+0000] {dag.py:4180} INFO - Setting next_dagrun for read_dataset_event to 2025-02-12 00:00:00+00:00, run_after=2025-02-13 00:00:00+00:00
[2025-02-13T00:22:50.478+0000] {logging_mixin.py:190} INFO - [2025-02-13T00:22:50.478+0000] {dag.py:4180} INFO - Setting next_dagrun for read_dataset_event_from_classic to 2025-02-12 00:00:00+00:00, run_after=2025-02-13 00:00:00+00:00
[2025-02-13T00:22:50.494+0000] {processor.py:208} INFO - Processing /home/airflow/.local/lib/python3.12/site-packages/airflow/example_dags/example_inlet_event_extra.py took 0.260 seconds
[2025-02-13T00:23:20.594+0000] {processor.py:186} INFO - Started process (PID=2638) to work on /home/airflow/.local/lib/python3.12/site-packages/airflow/example_dags/example_inlet_event_extra.py
[2025-02-13T00:23:20.595+0000] {processor.py:914} INFO - Processing file /home/airflow/.local/lib/python3.12/site-packages/airflow/example_dags/example_inlet_event_extra.py for tasks to queue
[2025-02-13T00:23:20.598+0000] {logging_mixin.py:190} INFO - [2025-02-13T00:23:20.598+0000] {dagbag.py:588} INFO - Filling up the DagBag from /home/airflow/.local/lib/python3.12/site-packages/airflow/example_dags/example_inlet_event_extra.py
[2025-02-13T00:23:20.759+0000] {processor.py:925} INFO - DAG(s) 'read_dataset_event', 'read_dataset_event_from_classic' retrieved from /home/airflow/.local/lib/python3.12/site-packages/airflow/example_dags/example_inlet_event_extra.py
[2025-02-13T00:23:20.783+0000] {logging_mixin.py:190} INFO - [2025-02-13T00:23:20.783+0000] {dag.py:3239} INFO - Sync 2 DAGs
[2025-02-13T00:23:20.813+0000] {logging_mixin.py:190} INFO - [2025-02-13T00:23:20.813+0000] {dag.py:4180} INFO - Setting next_dagrun for read_dataset_event to 2025-02-12 00:00:00+00:00, run_after=2025-02-13 00:00:00+00:00
[2025-02-13T00:23:20.821+0000] {logging_mixin.py:190} INFO - [2025-02-13T00:23:20.821+0000] {dag.py:4180} INFO - Setting next_dagrun for read_dataset_event_from_classic to 2025-02-12 00:00:00+00:00, run_after=2025-02-13 00:00:00+00:00
[2025-02-13T00:23:20.836+0000] {processor.py:208} INFO - Processing /home/airflow/.local/lib/python3.12/site-packages/airflow/example_dags/example_inlet_event_extra.py took 0.249 seconds
[2025-02-13T00:23:51.985+0000] {processor.py:186} INFO - Started process (PID=2699) to work on /home/airflow/.local/lib/python3.12/site-packages/airflow/example_dags/example_inlet_event_extra.py
[2025-02-13T00:23:51.985+0000] {processor.py:914} INFO - Processing file /home/airflow/.local/lib/python3.12/site-packages/airflow/example_dags/example_inlet_event_extra.py for tasks to queue
[2025-02-13T00:23:51.988+0000] {logging_mixin.py:190} INFO - [2025-02-13T00:23:51.987+0000] {dagbag.py:588} INFO - Filling up the DagBag from /home/airflow/.local/lib/python3.12/site-packages/airflow/example_dags/example_inlet_event_extra.py
[2025-02-13T00:23:52.145+0000] {processor.py:925} INFO - DAG(s) 'read_dataset_event_from_classic', 'read_dataset_event' retrieved from /home/airflow/.local/lib/python3.12/site-packages/airflow/example_dags/example_inlet_event_extra.py
[2025-02-13T00:23:52.170+0000] {logging_mixin.py:190} INFO - [2025-02-13T00:23:52.169+0000] {dag.py:3239} INFO - Sync 2 DAGs
[2025-02-13T00:23:52.201+0000] {logging_mixin.py:190} INFO - [2025-02-13T00:23:52.200+0000] {dag.py:4180} INFO - Setting next_dagrun for read_dataset_event to 2025-02-12 00:00:00+00:00, run_after=2025-02-13 00:00:00+00:00
[2025-02-13T00:23:52.208+0000] {logging_mixin.py:190} INFO - [2025-02-13T00:23:52.208+0000] {dag.py:4180} INFO - Setting next_dagrun for read_dataset_event_from_classic to 2025-02-12 00:00:00+00:00, run_after=2025-02-13 00:00:00+00:00
[2025-02-13T00:23:52.224+0000] {processor.py:208} INFO - Processing /home/airflow/.local/lib/python3.12/site-packages/airflow/example_dags/example_inlet_event_extra.py took 0.247 seconds
[2025-02-13T00:24:23.329+0000] {processor.py:186} INFO - Started process (PID=2758) to work on /home/airflow/.local/lib/python3.12/site-packages/airflow/example_dags/example_inlet_event_extra.py
[2025-02-13T00:24:23.330+0000] {processor.py:914} INFO - Processing file /home/airflow/.local/lib/python3.12/site-packages/airflow/example_dags/example_inlet_event_extra.py for tasks to queue
[2025-02-13T00:24:23.332+0000] {logging_mixin.py:190} INFO - [2025-02-13T00:24:23.332+0000] {dagbag.py:588} INFO - Filling up the DagBag from /home/airflow/.local/lib/python3.12/site-packages/airflow/example_dags/example_inlet_event_extra.py
[2025-02-13T00:24:23.502+0000] {processor.py:925} INFO - DAG(s) 'read_dataset_event_from_classic', 'read_dataset_event' retrieved from /home/airflow/.local/lib/python3.12/site-packages/airflow/example_dags/example_inlet_event_extra.py
[2025-02-13T00:24:23.526+0000] {logging_mixin.py:190} INFO - [2025-02-13T00:24:23.526+0000] {dag.py:3239} INFO - Sync 2 DAGs
[2025-02-13T00:24:23.555+0000] {logging_mixin.py:190} INFO - [2025-02-13T00:24:23.555+0000] {dag.py:4180} INFO - Setting next_dagrun for read_dataset_event to 2025-02-12 00:00:00+00:00, run_after=2025-02-13 00:00:00+00:00
[2025-02-13T00:24:23.560+0000] {logging_mixin.py:190} INFO - [2025-02-13T00:24:23.560+0000] {dag.py:4180} INFO - Setting next_dagrun for read_dataset_event_from_classic to 2025-02-12 00:00:00+00:00, run_after=2025-02-13 00:00:00+00:00
[2025-02-13T00:24:23.577+0000] {processor.py:208} INFO - Processing /home/airflow/.local/lib/python3.12/site-packages/airflow/example_dags/example_inlet_event_extra.py took 0.255 seconds
[2025-02-13T00:24:54.491+0000] {processor.py:186} INFO - Started process (PID=2816) to work on /home/airflow/.local/lib/python3.12/site-packages/airflow/example_dags/example_inlet_event_extra.py
[2025-02-13T00:24:54.491+0000] {processor.py:914} INFO - Processing file /home/airflow/.local/lib/python3.12/site-packages/airflow/example_dags/example_inlet_event_extra.py for tasks to queue
[2025-02-13T00:24:54.494+0000] {logging_mixin.py:190} INFO - [2025-02-13T00:24:54.493+0000] {dagbag.py:588} INFO - Filling up the DagBag from /home/airflow/.local/lib/python3.12/site-packages/airflow/example_dags/example_inlet_event_extra.py
[2025-02-13T00:24:54.655+0000] {processor.py:925} INFO - DAG(s) 'read_dataset_event', 'read_dataset_event_from_classic' retrieved from /home/airflow/.local/lib/python3.12/site-packages/airflow/example_dags/example_inlet_event_extra.py
[2025-02-13T00:24:54.678+0000] {logging_mixin.py:190} INFO - [2025-02-13T00:24:54.678+0000] {dag.py:3239} INFO - Sync 2 DAGs
[2025-02-13T00:24:54.709+0000] {logging_mixin.py:190} INFO - [2025-02-13T00:24:54.709+0000] {dag.py:4180} INFO - Setting next_dagrun for read_dataset_event to 2025-02-12 00:00:00+00:00, run_after=2025-02-13 00:00:00+00:00
[2025-02-13T00:24:54.716+0000] {logging_mixin.py:190} INFO - [2025-02-13T00:24:54.715+0000] {dag.py:4180} INFO - Setting next_dagrun for read_dataset_event_from_classic to 2025-02-12 00:00:00+00:00, run_after=2025-02-13 00:00:00+00:00
[2025-02-13T00:24:54.731+0000] {processor.py:208} INFO - Processing /home/airflow/.local/lib/python3.12/site-packages/airflow/example_dags/example_inlet_event_extra.py took 0.247 seconds
[2025-02-13T00:25:25.735+0000] {processor.py:186} INFO - Started process (PID=2874) to work on /home/airflow/.local/lib/python3.12/site-packages/airflow/example_dags/example_inlet_event_extra.py
[2025-02-13T00:25:25.736+0000] {processor.py:914} INFO - Processing file /home/airflow/.local/lib/python3.12/site-packages/airflow/example_dags/example_inlet_event_extra.py for tasks to queue
[2025-02-13T00:25:25.738+0000] {logging_mixin.py:190} INFO - [2025-02-13T00:25:25.738+0000] {dagbag.py:588} INFO - Filling up the DagBag from /home/airflow/.local/lib/python3.12/site-packages/airflow/example_dags/example_inlet_event_extra.py
[2025-02-13T00:25:25.905+0000] {processor.py:925} INFO - DAG(s) 'read_dataset_event_from_classic', 'read_dataset_event' retrieved from /home/airflow/.local/lib/python3.12/site-packages/airflow/example_dags/example_inlet_event_extra.py
[2025-02-13T00:25:25.941+0000] {logging_mixin.py:190} INFO - [2025-02-13T00:25:25.941+0000] {dag.py:3239} INFO - Sync 2 DAGs
[2025-02-13T00:25:25.978+0000] {logging_mixin.py:190} INFO - [2025-02-13T00:25:25.978+0000] {dag.py:4180} INFO - Setting next_dagrun for read_dataset_event to 2025-02-12 00:00:00+00:00, run_after=2025-02-13 00:00:00+00:00
[2025-02-13T00:25:25.984+0000] {logging_mixin.py:190} INFO - [2025-02-13T00:25:25.984+0000] {dag.py:4180} INFO - Setting next_dagrun for read_dataset_event_from_classic to 2025-02-12 00:00:00+00:00, run_after=2025-02-13 00:00:00+00:00
[2025-02-13T00:25:26.001+0000] {processor.py:208} INFO - Processing /home/airflow/.local/lib/python3.12/site-packages/airflow/example_dags/example_inlet_event_extra.py took 0.275 seconds
[2025-02-13T00:25:56.048+0000] {processor.py:186} INFO - Started process (PID=2931) to work on /home/airflow/.local/lib/python3.12/site-packages/airflow/example_dags/example_inlet_event_extra.py
[2025-02-13T00:25:56.048+0000] {processor.py:914} INFO - Processing file /home/airflow/.local/lib/python3.12/site-packages/airflow/example_dags/example_inlet_event_extra.py for tasks to queue
[2025-02-13T00:25:56.050+0000] {logging_mixin.py:190} INFO - [2025-02-13T00:25:56.050+0000] {dagbag.py:588} INFO - Filling up the DagBag from /home/airflow/.local/lib/python3.12/site-packages/airflow/example_dags/example_inlet_event_extra.py
[2025-02-13T00:25:56.275+0000] {processor.py:925} INFO - DAG(s) 'read_dataset_event_from_classic', 'read_dataset_event' retrieved from /home/airflow/.local/lib/python3.12/site-packages/airflow/example_dags/example_inlet_event_extra.py
[2025-02-13T00:25:56.309+0000] {logging_mixin.py:190} INFO - [2025-02-13T00:25:56.309+0000] {dag.py:3239} INFO - Sync 2 DAGs
[2025-02-13T00:25:56.357+0000] {logging_mixin.py:190} INFO - [2025-02-13T00:25:56.357+0000] {dag.py:4180} INFO - Setting next_dagrun for read_dataset_event to 2025-02-12 00:00:00+00:00, run_after=2025-02-13 00:00:00+00:00
[2025-02-13T00:25:56.366+0000] {logging_mixin.py:190} INFO - [2025-02-13T00:25:56.366+0000] {dag.py:4180} INFO - Setting next_dagrun for read_dataset_event_from_classic to 2025-02-12 00:00:00+00:00, run_after=2025-02-13 00:00:00+00:00
[2025-02-13T00:25:56.403+0000] {processor.py:208} INFO - Processing /home/airflow/.local/lib/python3.12/site-packages/airflow/example_dags/example_inlet_event_extra.py took 0.360 seconds
[2025-02-13T00:26:26.533+0000] {processor.py:186} INFO - Started process (PID=2989) to work on /home/airflow/.local/lib/python3.12/site-packages/airflow/example_dags/example_inlet_event_extra.py
[2025-02-13T00:26:26.534+0000] {processor.py:914} INFO - Processing file /home/airflow/.local/lib/python3.12/site-packages/airflow/example_dags/example_inlet_event_extra.py for tasks to queue
[2025-02-13T00:26:26.535+0000] {logging_mixin.py:190} INFO - [2025-02-13T00:26:26.535+0000] {dagbag.py:588} INFO - Filling up the DagBag from /home/airflow/.local/lib/python3.12/site-packages/airflow/example_dags/example_inlet_event_extra.py
[2025-02-13T00:26:26.639+0000] {processor.py:925} INFO - DAG(s) 'read_dataset_event', 'read_dataset_event_from_classic' retrieved from /home/airflow/.local/lib/python3.12/site-packages/airflow/example_dags/example_inlet_event_extra.py
[2025-02-13T00:26:26.656+0000] {logging_mixin.py:190} INFO - [2025-02-13T00:26:26.656+0000] {dag.py:3239} INFO - Sync 2 DAGs
[2025-02-13T00:26:26.676+0000] {logging_mixin.py:190} INFO - [2025-02-13T00:26:26.676+0000] {dag.py:4180} INFO - Setting next_dagrun for read_dataset_event to 2025-02-12 00:00:00+00:00, run_after=2025-02-13 00:00:00+00:00
[2025-02-13T00:26:26.681+0000] {logging_mixin.py:190} INFO - [2025-02-13T00:26:26.681+0000] {dag.py:4180} INFO - Setting next_dagrun for read_dataset_event_from_classic to 2025-02-12 00:00:00+00:00, run_after=2025-02-13 00:00:00+00:00
[2025-02-13T00:26:26.692+0000] {processor.py:208} INFO - Processing /home/airflow/.local/lib/python3.12/site-packages/airflow/example_dags/example_inlet_event_extra.py took 0.164 seconds
[2025-02-13T00:26:56.740+0000] {processor.py:186} INFO - Started process (PID=3047) to work on /home/airflow/.local/lib/python3.12/site-packages/airflow/example_dags/example_inlet_event_extra.py
[2025-02-13T00:26:56.740+0000] {processor.py:914} INFO - Processing file /home/airflow/.local/lib/python3.12/site-packages/airflow/example_dags/example_inlet_event_extra.py for tasks to queue
[2025-02-13T00:26:56.742+0000] {logging_mixin.py:190} INFO - [2025-02-13T00:26:56.742+0000] {dagbag.py:588} INFO - Filling up the DagBag from /home/airflow/.local/lib/python3.12/site-packages/airflow/example_dags/example_inlet_event_extra.py
[2025-02-13T00:26:56.848+0000] {processor.py:925} INFO - DAG(s) 'read_dataset_event', 'read_dataset_event_from_classic' retrieved from /home/airflow/.local/lib/python3.12/site-packages/airflow/example_dags/example_inlet_event_extra.py
[2025-02-13T00:26:56.865+0000] {logging_mixin.py:190} INFO - [2025-02-13T00:26:56.865+0000] {dag.py:3239} INFO - Sync 2 DAGs
[2025-02-13T00:26:56.887+0000] {logging_mixin.py:190} INFO - [2025-02-13T00:26:56.886+0000] {dag.py:4180} INFO - Setting next_dagrun for read_dataset_event to 2025-02-12 00:00:00+00:00, run_after=2025-02-13 00:00:00+00:00
[2025-02-13T00:26:56.891+0000] {logging_mixin.py:190} INFO - [2025-02-13T00:26:56.891+0000] {dag.py:4180} INFO - Setting next_dagrun for read_dataset_event_from_classic to 2025-02-12 00:00:00+00:00, run_after=2025-02-13 00:00:00+00:00
[2025-02-13T00:26:56.905+0000] {processor.py:208} INFO - Processing /home/airflow/.local/lib/python3.12/site-packages/airflow/example_dags/example_inlet_event_extra.py took 0.171 seconds
[2025-02-13T00:27:27.268+0000] {processor.py:186} INFO - Started process (PID=3105) to work on /home/airflow/.local/lib/python3.12/site-packages/airflow/example_dags/example_inlet_event_extra.py
[2025-02-13T00:27:27.268+0000] {processor.py:914} INFO - Processing file /home/airflow/.local/lib/python3.12/site-packages/airflow/example_dags/example_inlet_event_extra.py for tasks to queue
[2025-02-13T00:27:27.271+0000] {logging_mixin.py:190} INFO - [2025-02-13T00:27:27.270+0000] {dagbag.py:588} INFO - Filling up the DagBag from /home/airflow/.local/lib/python3.12/site-packages/airflow/example_dags/example_inlet_event_extra.py
[2025-02-13T00:27:27.434+0000] {processor.py:925} INFO - DAG(s) 'read_dataset_event', 'read_dataset_event_from_classic' retrieved from /home/airflow/.local/lib/python3.12/site-packages/airflow/example_dags/example_inlet_event_extra.py
[2025-02-13T00:27:27.451+0000] {logging_mixin.py:190} INFO - [2025-02-13T00:27:27.451+0000] {dag.py:3239} INFO - Sync 2 DAGs
[2025-02-13T00:27:27.472+0000] {logging_mixin.py:190} INFO - [2025-02-13T00:27:27.472+0000] {dag.py:4180} INFO - Setting next_dagrun for read_dataset_event to 2025-02-12 00:00:00+00:00, run_after=2025-02-13 00:00:00+00:00
[2025-02-13T00:27:27.476+0000] {logging_mixin.py:190} INFO - [2025-02-13T00:27:27.476+0000] {dag.py:4180} INFO - Setting next_dagrun for read_dataset_event_from_classic to 2025-02-12 00:00:00+00:00, run_after=2025-02-13 00:00:00+00:00
[2025-02-13T00:27:27.488+0000] {processor.py:208} INFO - Processing /home/airflow/.local/lib/python3.12/site-packages/airflow/example_dags/example_inlet_event_extra.py took 0.226 seconds
[2025-02-13T00:27:57.617+0000] {processor.py:186} INFO - Started process (PID=3164) to work on /home/airflow/.local/lib/python3.12/site-packages/airflow/example_dags/example_inlet_event_extra.py
[2025-02-13T00:27:57.618+0000] {processor.py:914} INFO - Processing file /home/airflow/.local/lib/python3.12/site-packages/airflow/example_dags/example_inlet_event_extra.py for tasks to queue
[2025-02-13T00:27:57.620+0000] {logging_mixin.py:190} INFO - [2025-02-13T00:27:57.620+0000] {dagbag.py:588} INFO - Filling up the DagBag from /home/airflow/.local/lib/python3.12/site-packages/airflow/example_dags/example_inlet_event_extra.py
[2025-02-13T00:27:57.724+0000] {processor.py:925} INFO - DAG(s) 'read_dataset_event', 'read_dataset_event_from_classic' retrieved from /home/airflow/.local/lib/python3.12/site-packages/airflow/example_dags/example_inlet_event_extra.py
[2025-02-13T00:27:57.742+0000] {logging_mixin.py:190} INFO - [2025-02-13T00:27:57.741+0000] {dag.py:3239} INFO - Sync 2 DAGs
[2025-02-13T00:27:57.764+0000] {logging_mixin.py:190} INFO - [2025-02-13T00:27:57.764+0000] {dag.py:4180} INFO - Setting next_dagrun for read_dataset_event to 2025-02-12 00:00:00+00:00, run_after=2025-02-13 00:00:00+00:00
[2025-02-13T00:27:57.768+0000] {logging_mixin.py:190} INFO - [2025-02-13T00:27:57.768+0000] {dag.py:4180} INFO - Setting next_dagrun for read_dataset_event_from_classic to 2025-02-12 00:00:00+00:00, run_after=2025-02-13 00:00:00+00:00
[2025-02-13T00:27:57.780+0000] {processor.py:208} INFO - Processing /home/airflow/.local/lib/python3.12/site-packages/airflow/example_dags/example_inlet_event_extra.py took 0.167 seconds
