[2025-02-13T00:00:29.272+0000] {processor.py:186} INFO - Started process (PID=155) to work on /home/airflow/.local/lib/python3.12/site-packages/airflow/example_dags/tutorial.py
[2025-02-13T00:00:29.272+0000] {processor.py:914} INFO - Processing file /home/airflow/.local/lib/python3.12/site-packages/airflow/example_dags/tutorial.py for tasks to queue
[2025-02-13T00:00:29.275+0000] {logging_mixin.py:190} INFO - [2025-02-13T00:00:29.275+0000] {dagbag.py:588} INFO - Filling up the DagBag from /home/airflow/.local/lib/python3.12/site-packages/airflow/example_dags/tutorial.py
[2025-02-13T00:00:29.286+0000] {processor.py:925} INFO - DAG(s) 'tutorial' retrieved from /home/airflow/.local/lib/python3.12/site-packages/airflow/example_dags/tutorial.py
[2025-02-13T00:00:29.314+0000] {logging_mixin.py:190} INFO - [2025-02-13T00:00:29.314+0000] {dag.py:3239} INFO - Sync 1 DAGs
[2025-02-13T00:00:29.362+0000] {logging_mixin.py:190} INFO - [2025-02-13T00:00:29.362+0000] {dag.py:4180} INFO - Setting next_dagrun for tutorial to 2025-02-12 00:00:00+00:00, run_after=2025-02-13 00:00:00+00:00
[2025-02-13T00:00:29.966+0000] {processor.py:208} INFO - Processing /home/airflow/.local/lib/python3.12/site-packages/airflow/example_dags/tutorial.py took 0.702 seconds
[2025-02-13T00:01:18.321+0000] {processor.py:186} INFO - Started process (PID=213) to work on /home/airflow/.local/lib/python3.12/site-packages/airflow/example_dags/tutorial.py
[2025-02-13T00:01:18.323+0000] {processor.py:914} INFO - Processing file /home/airflow/.local/lib/python3.12/site-packages/airflow/example_dags/tutorial.py for tasks to queue
[2025-02-13T00:01:18.326+0000] {logging_mixin.py:190} INFO - [2025-02-13T00:01:18.325+0000] {dagbag.py:588} INFO - Filling up the DagBag from /home/airflow/.local/lib/python3.12/site-packages/airflow/example_dags/tutorial.py
[2025-02-13T00:01:18.345+0000] {processor.py:925} INFO - DAG(s) 'tutorial' retrieved from /home/airflow/.local/lib/python3.12/site-packages/airflow/example_dags/tutorial.py
[2025-02-13T00:01:18.400+0000] {logging_mixin.py:190} INFO - [2025-02-13T00:01:18.400+0000] {dag.py:3239} INFO - Sync 1 DAGs
[2025-02-13T00:01:18.524+0000] {logging_mixin.py:190} INFO - [2025-02-13T00:01:18.524+0000] {dag.py:4180} INFO - Setting next_dagrun for tutorial to 2025-02-12 00:00:00+00:00, run_after=2025-02-13 00:00:00+00:00
[2025-02-13T00:01:18.604+0000] {processor.py:208} INFO - Processing /home/airflow/.local/lib/python3.12/site-packages/airflow/example_dags/tutorial.py took 0.290 seconds
[2025-02-13T00:01:59.813+0000] {processor.py:186} INFO - Started process (PID=264) to work on /home/airflow/.local/lib/python3.12/site-packages/airflow/example_dags/tutorial.py
[2025-02-13T00:01:59.825+0000] {processor.py:914} INFO - Processing file /home/airflow/.local/lib/python3.12/site-packages/airflow/example_dags/tutorial.py for tasks to queue
[2025-02-13T00:01:59.845+0000] {logging_mixin.py:190} INFO - [2025-02-13T00:01:59.844+0000] {dagbag.py:588} INFO - Filling up the DagBag from /home/airflow/.local/lib/python3.12/site-packages/airflow/example_dags/tutorial.py
[2025-02-13T00:01:59.972+0000] {processor.py:925} INFO - DAG(s) 'tutorial' retrieved from /home/airflow/.local/lib/python3.12/site-packages/airflow/example_dags/tutorial.py
[2025-02-13T00:02:00.113+0000] {logging_mixin.py:190} INFO - [2025-02-13T00:02:00.112+0000] {dag.py:3239} INFO - Sync 1 DAGs
[2025-02-13T00:02:00.164+0000] {logging_mixin.py:190} INFO - [2025-02-13T00:02:00.163+0000] {dag.py:4180} INFO - Setting next_dagrun for tutorial to 2025-02-12 00:00:00+00:00, run_after=2025-02-13 00:00:00+00:00
[2025-02-13T00:02:00.192+0000] {processor.py:208} INFO - Processing /home/airflow/.local/lib/python3.12/site-packages/airflow/example_dags/tutorial.py took 0.460 seconds
[2025-02-13T00:02:45.315+0000] {processor.py:186} INFO - Started process (PID=322) to work on /home/airflow/.local/lib/python3.12/site-packages/airflow/example_dags/tutorial.py
[2025-02-13T00:02:45.316+0000] {processor.py:914} INFO - Processing file /home/airflow/.local/lib/python3.12/site-packages/airflow/example_dags/tutorial.py for tasks to queue
[2025-02-13T00:02:45.318+0000] {logging_mixin.py:190} INFO - [2025-02-13T00:02:45.318+0000] {dagbag.py:588} INFO - Filling up the DagBag from /home/airflow/.local/lib/python3.12/site-packages/airflow/example_dags/tutorial.py
[2025-02-13T00:02:45.335+0000] {processor.py:925} INFO - DAG(s) 'tutorial' retrieved from /home/airflow/.local/lib/python3.12/site-packages/airflow/example_dags/tutorial.py
[2025-02-13T00:02:45.377+0000] {logging_mixin.py:190} INFO - [2025-02-13T00:02:45.377+0000] {dag.py:3239} INFO - Sync 1 DAGs
[2025-02-13T00:02:45.992+0000] {logging_mixin.py:190} INFO - [2025-02-13T00:02:45.992+0000] {dag.py:4180} INFO - Setting next_dagrun for tutorial to 2025-02-12 00:00:00+00:00, run_after=2025-02-13 00:00:00+00:00
[2025-02-13T00:02:47.307+0000] {processor.py:208} INFO - Processing /home/airflow/.local/lib/python3.12/site-packages/airflow/example_dags/tutorial.py took 2.022 seconds
[2025-02-13T00:03:17.843+0000] {processor.py:186} INFO - Started process (PID=380) to work on /home/airflow/.local/lib/python3.12/site-packages/airflow/example_dags/tutorial.py
[2025-02-13T00:03:17.846+0000] {processor.py:914} INFO - Processing file /home/airflow/.local/lib/python3.12/site-packages/airflow/example_dags/tutorial.py for tasks to queue
[2025-02-13T00:03:17.851+0000] {logging_mixin.py:190} INFO - [2025-02-13T00:03:17.850+0000] {dagbag.py:588} INFO - Filling up the DagBag from /home/airflow/.local/lib/python3.12/site-packages/airflow/example_dags/tutorial.py
[2025-02-13T00:03:17.869+0000] {processor.py:925} INFO - DAG(s) 'tutorial' retrieved from /home/airflow/.local/lib/python3.12/site-packages/airflow/example_dags/tutorial.py
[2025-02-13T00:03:17.920+0000] {logging_mixin.py:190} INFO - [2025-02-13T00:03:17.920+0000] {dag.py:3239} INFO - Sync 1 DAGs
[2025-02-13T00:03:18.430+0000] {logging_mixin.py:190} INFO - [2025-02-13T00:03:18.430+0000] {dag.py:4180} INFO - Setting next_dagrun for tutorial to 2025-02-12 00:00:00+00:00, run_after=2025-02-13 00:00:00+00:00
[2025-02-13T00:03:18.474+0000] {processor.py:208} INFO - Processing /home/airflow/.local/lib/python3.12/site-packages/airflow/example_dags/tutorial.py took 0.638 seconds
[2025-02-13T00:03:50.456+0000] {processor.py:186} INFO - Started process (PID=438) to work on /home/airflow/.local/lib/python3.12/site-packages/airflow/example_dags/tutorial.py
[2025-02-13T00:03:50.459+0000] {processor.py:914} INFO - Processing file /home/airflow/.local/lib/python3.12/site-packages/airflow/example_dags/tutorial.py for tasks to queue
[2025-02-13T00:03:50.462+0000] {logging_mixin.py:190} INFO - [2025-02-13T00:03:50.461+0000] {dagbag.py:588} INFO - Filling up the DagBag from /home/airflow/.local/lib/python3.12/site-packages/airflow/example_dags/tutorial.py
[2025-02-13T00:03:50.512+0000] {processor.py:925} INFO - DAG(s) 'tutorial' retrieved from /home/airflow/.local/lib/python3.12/site-packages/airflow/example_dags/tutorial.py
[2025-02-13T00:03:50.560+0000] {logging_mixin.py:190} INFO - [2025-02-13T00:03:50.560+0000] {dag.py:3239} INFO - Sync 1 DAGs
[2025-02-13T00:03:50.614+0000] {logging_mixin.py:190} INFO - [2025-02-13T00:03:50.614+0000] {dag.py:4180} INFO - Setting next_dagrun for tutorial to 2025-02-12 00:00:00+00:00, run_after=2025-02-13 00:00:00+00:00
[2025-02-13T00:03:50.689+0000] {processor.py:208} INFO - Processing /home/airflow/.local/lib/python3.12/site-packages/airflow/example_dags/tutorial.py took 0.240 seconds
[2025-02-13T00:04:21.322+0000] {processor.py:186} INFO - Started process (PID=496) to work on /home/airflow/.local/lib/python3.12/site-packages/airflow/example_dags/tutorial.py
[2025-02-13T00:04:21.323+0000] {processor.py:914} INFO - Processing file /home/airflow/.local/lib/python3.12/site-packages/airflow/example_dags/tutorial.py for tasks to queue
[2025-02-13T00:04:21.328+0000] {logging_mixin.py:190} INFO - [2025-02-13T00:04:21.327+0000] {dagbag.py:588} INFO - Filling up the DagBag from /home/airflow/.local/lib/python3.12/site-packages/airflow/example_dags/tutorial.py
[2025-02-13T00:04:21.352+0000] {processor.py:925} INFO - DAG(s) 'tutorial' retrieved from /home/airflow/.local/lib/python3.12/site-packages/airflow/example_dags/tutorial.py
[2025-02-13T00:04:21.381+0000] {logging_mixin.py:190} INFO - [2025-02-13T00:04:21.381+0000] {dag.py:3239} INFO - Sync 1 DAGs
[2025-02-13T00:04:21.418+0000] {logging_mixin.py:190} INFO - [2025-02-13T00:04:21.418+0000] {dag.py:4180} INFO - Setting next_dagrun for tutorial to 2025-02-12 00:00:00+00:00, run_after=2025-02-13 00:00:00+00:00
[2025-02-13T00:04:22.141+0000] {processor.py:208} INFO - Processing /home/airflow/.local/lib/python3.12/site-packages/airflow/example_dags/tutorial.py took 0.836 seconds
[2025-02-13T00:04:53.515+0000] {processor.py:186} INFO - Started process (PID=554) to work on /home/airflow/.local/lib/python3.12/site-packages/airflow/example_dags/tutorial.py
[2025-02-13T00:04:53.534+0000] {processor.py:914} INFO - Processing file /home/airflow/.local/lib/python3.12/site-packages/airflow/example_dags/tutorial.py for tasks to queue
[2025-02-13T00:04:53.542+0000] {logging_mixin.py:190} INFO - [2025-02-13T00:04:53.541+0000] {dagbag.py:588} INFO - Filling up the DagBag from /home/airflow/.local/lib/python3.12/site-packages/airflow/example_dags/tutorial.py
[2025-02-13T00:04:53.573+0000] {processor.py:925} INFO - DAG(s) 'tutorial' retrieved from /home/airflow/.local/lib/python3.12/site-packages/airflow/example_dags/tutorial.py
[2025-02-13T00:04:53.627+0000] {logging_mixin.py:190} INFO - [2025-02-13T00:04:53.626+0000] {dag.py:3239} INFO - Sync 1 DAGs
[2025-02-13T00:04:53.701+0000] {logging_mixin.py:190} INFO - [2025-02-13T00:04:53.701+0000] {dag.py:4180} INFO - Setting next_dagrun for tutorial to 2025-02-12 00:00:00+00:00, run_after=2025-02-13 00:00:00+00:00
[2025-02-13T00:04:53.823+0000] {processor.py:208} INFO - Processing /home/airflow/.local/lib/python3.12/site-packages/airflow/example_dags/tutorial.py took 0.332 seconds
[2025-02-13T00:05:26.630+0000] {processor.py:186} INFO - Started process (PID=612) to work on /home/airflow/.local/lib/python3.12/site-packages/airflow/example_dags/tutorial.py
[2025-02-13T00:05:26.631+0000] {processor.py:914} INFO - Processing file /home/airflow/.local/lib/python3.12/site-packages/airflow/example_dags/tutorial.py for tasks to queue
[2025-02-13T00:05:26.636+0000] {logging_mixin.py:190} INFO - [2025-02-13T00:05:26.634+0000] {dagbag.py:588} INFO - Filling up the DagBag from /home/airflow/.local/lib/python3.12/site-packages/airflow/example_dags/tutorial.py
[2025-02-13T00:05:26.658+0000] {processor.py:925} INFO - DAG(s) 'tutorial' retrieved from /home/airflow/.local/lib/python3.12/site-packages/airflow/example_dags/tutorial.py
[2025-02-13T00:05:26.710+0000] {logging_mixin.py:190} INFO - [2025-02-13T00:05:26.710+0000] {dag.py:3239} INFO - Sync 1 DAGs
[2025-02-13T00:05:26.770+0000] {logging_mixin.py:190} INFO - [2025-02-13T00:05:26.769+0000] {dag.py:4180} INFO - Setting next_dagrun for tutorial to 2025-02-12 00:00:00+00:00, run_after=2025-02-13 00:00:00+00:00
[2025-02-13T00:05:26.810+0000] {processor.py:208} INFO - Processing /home/airflow/.local/lib/python3.12/site-packages/airflow/example_dags/tutorial.py took 0.201 seconds
[2025-02-13T00:05:58.147+0000] {processor.py:186} INFO - Started process (PID=670) to work on /home/airflow/.local/lib/python3.12/site-packages/airflow/example_dags/tutorial.py
[2025-02-13T00:05:58.149+0000] {processor.py:914} INFO - Processing file /home/airflow/.local/lib/python3.12/site-packages/airflow/example_dags/tutorial.py for tasks to queue
[2025-02-13T00:05:58.155+0000] {logging_mixin.py:190} INFO - [2025-02-13T00:05:58.155+0000] {dagbag.py:588} INFO - Filling up the DagBag from /home/airflow/.local/lib/python3.12/site-packages/airflow/example_dags/tutorial.py
[2025-02-13T00:05:58.188+0000] {processor.py:925} INFO - DAG(s) 'tutorial' retrieved from /home/airflow/.local/lib/python3.12/site-packages/airflow/example_dags/tutorial.py
[2025-02-13T00:05:58.266+0000] {logging_mixin.py:190} INFO - [2025-02-13T00:05:58.266+0000] {dag.py:3239} INFO - Sync 1 DAGs
[2025-02-13T00:05:58.330+0000] {logging_mixin.py:190} INFO - [2025-02-13T00:05:58.330+0000] {dag.py:4180} INFO - Setting next_dagrun for tutorial to 2025-02-12 00:00:00+00:00, run_after=2025-02-13 00:00:00+00:00
[2025-02-13T00:05:58.373+0000] {processor.py:208} INFO - Processing /home/airflow/.local/lib/python3.12/site-packages/airflow/example_dags/tutorial.py took 0.264 seconds
[2025-02-13T00:06:28.673+0000] {processor.py:186} INFO - Started process (PID=728) to work on /home/airflow/.local/lib/python3.12/site-packages/airflow/example_dags/tutorial.py
[2025-02-13T00:06:28.675+0000] {processor.py:914} INFO - Processing file /home/airflow/.local/lib/python3.12/site-packages/airflow/example_dags/tutorial.py for tasks to queue
[2025-02-13T00:06:28.678+0000] {logging_mixin.py:190} INFO - [2025-02-13T00:06:28.677+0000] {dagbag.py:588} INFO - Filling up the DagBag from /home/airflow/.local/lib/python3.12/site-packages/airflow/example_dags/tutorial.py
[2025-02-13T00:06:28.742+0000] {processor.py:925} INFO - DAG(s) 'tutorial' retrieved from /home/airflow/.local/lib/python3.12/site-packages/airflow/example_dags/tutorial.py
[2025-02-13T00:06:28.873+0000] {logging_mixin.py:190} INFO - [2025-02-13T00:06:28.873+0000] {dag.py:3239} INFO - Sync 1 DAGs
[2025-02-13T00:06:28.912+0000] {logging_mixin.py:190} INFO - [2025-02-13T00:06:28.911+0000] {dag.py:4180} INFO - Setting next_dagrun for tutorial to 2025-02-12 00:00:00+00:00, run_after=2025-02-13 00:00:00+00:00
[2025-02-13T00:06:28.938+0000] {processor.py:208} INFO - Processing /home/airflow/.local/lib/python3.12/site-packages/airflow/example_dags/tutorial.py took 0.272 seconds
[2025-02-13T00:06:59.086+0000] {processor.py:186} INFO - Started process (PID=786) to work on /home/airflow/.local/lib/python3.12/site-packages/airflow/example_dags/tutorial.py
[2025-02-13T00:06:59.086+0000] {processor.py:914} INFO - Processing file /home/airflow/.local/lib/python3.12/site-packages/airflow/example_dags/tutorial.py for tasks to queue
[2025-02-13T00:06:59.089+0000] {logging_mixin.py:190} INFO - [2025-02-13T00:06:59.089+0000] {dagbag.py:588} INFO - Filling up the DagBag from /home/airflow/.local/lib/python3.12/site-packages/airflow/example_dags/tutorial.py
[2025-02-13T00:06:59.099+0000] {processor.py:925} INFO - DAG(s) 'tutorial' retrieved from /home/airflow/.local/lib/python3.12/site-packages/airflow/example_dags/tutorial.py
[2025-02-13T00:06:59.121+0000] {logging_mixin.py:190} INFO - [2025-02-13T00:06:59.121+0000] {dag.py:3239} INFO - Sync 1 DAGs
[2025-02-13T00:06:59.152+0000] {logging_mixin.py:190} INFO - [2025-02-13T00:06:59.152+0000] {dag.py:4180} INFO - Setting next_dagrun for tutorial to 2025-02-12 00:00:00+00:00, run_after=2025-02-13 00:00:00+00:00
[2025-02-13T00:06:59.173+0000] {processor.py:208} INFO - Processing /home/airflow/.local/lib/python3.12/site-packages/airflow/example_dags/tutorial.py took 0.095 seconds
[2025-02-13T00:07:29.393+0000] {processor.py:186} INFO - Started process (PID=843) to work on /home/airflow/.local/lib/python3.12/site-packages/airflow/example_dags/tutorial.py
[2025-02-13T00:07:29.395+0000] {processor.py:914} INFO - Processing file /home/airflow/.local/lib/python3.12/site-packages/airflow/example_dags/tutorial.py for tasks to queue
[2025-02-13T00:07:29.398+0000] {logging_mixin.py:190} INFO - [2025-02-13T00:07:29.397+0000] {dagbag.py:588} INFO - Filling up the DagBag from /home/airflow/.local/lib/python3.12/site-packages/airflow/example_dags/tutorial.py
[2025-02-13T00:07:29.408+0000] {processor.py:925} INFO - DAG(s) 'tutorial' retrieved from /home/airflow/.local/lib/python3.12/site-packages/airflow/example_dags/tutorial.py
[2025-02-13T00:07:29.440+0000] {logging_mixin.py:190} INFO - [2025-02-13T00:07:29.440+0000] {dag.py:3239} INFO - Sync 1 DAGs
[2025-02-13T00:07:29.474+0000] {logging_mixin.py:190} INFO - [2025-02-13T00:07:29.474+0000] {dag.py:4180} INFO - Setting next_dagrun for tutorial to 2025-02-12 00:00:00+00:00, run_after=2025-02-13 00:00:00+00:00
[2025-02-13T00:07:29.494+0000] {processor.py:208} INFO - Processing /home/airflow/.local/lib/python3.12/site-packages/airflow/example_dags/tutorial.py took 0.108 seconds
[2025-02-13T00:07:59.628+0000] {processor.py:186} INFO - Started process (PID=901) to work on /home/airflow/.local/lib/python3.12/site-packages/airflow/example_dags/tutorial.py
[2025-02-13T00:07:59.630+0000] {processor.py:914} INFO - Processing file /home/airflow/.local/lib/python3.12/site-packages/airflow/example_dags/tutorial.py for tasks to queue
[2025-02-13T00:07:59.633+0000] {logging_mixin.py:190} INFO - [2025-02-13T00:07:59.632+0000] {dagbag.py:588} INFO - Filling up the DagBag from /home/airflow/.local/lib/python3.12/site-packages/airflow/example_dags/tutorial.py
[2025-02-13T00:07:59.647+0000] {processor.py:925} INFO - DAG(s) 'tutorial' retrieved from /home/airflow/.local/lib/python3.12/site-packages/airflow/example_dags/tutorial.py
[2025-02-13T00:07:59.688+0000] {logging_mixin.py:190} INFO - [2025-02-13T00:07:59.688+0000] {dag.py:3239} INFO - Sync 1 DAGs
[2025-02-13T00:07:59.726+0000] {logging_mixin.py:190} INFO - [2025-02-13T00:07:59.726+0000] {dag.py:4180} INFO - Setting next_dagrun for tutorial to 2025-02-12 00:00:00+00:00, run_after=2025-02-13 00:00:00+00:00
[2025-02-13T00:07:59.746+0000] {processor.py:208} INFO - Processing /home/airflow/.local/lib/python3.12/site-packages/airflow/example_dags/tutorial.py took 0.127 seconds
[2025-02-13T00:08:29.940+0000] {processor.py:186} INFO - Started process (PID=957) to work on /home/airflow/.local/lib/python3.12/site-packages/airflow/example_dags/tutorial.py
[2025-02-13T00:08:29.941+0000] {processor.py:914} INFO - Processing file /home/airflow/.local/lib/python3.12/site-packages/airflow/example_dags/tutorial.py for tasks to queue
[2025-02-13T00:08:29.943+0000] {logging_mixin.py:190} INFO - [2025-02-13T00:08:29.943+0000] {dagbag.py:588} INFO - Filling up the DagBag from /home/airflow/.local/lib/python3.12/site-packages/airflow/example_dags/tutorial.py
[2025-02-13T00:08:29.953+0000] {processor.py:925} INFO - DAG(s) 'tutorial' retrieved from /home/airflow/.local/lib/python3.12/site-packages/airflow/example_dags/tutorial.py
[2025-02-13T00:08:29.982+0000] {logging_mixin.py:190} INFO - [2025-02-13T00:08:29.982+0000] {dag.py:3239} INFO - Sync 1 DAGs
[2025-02-13T00:08:30.011+0000] {logging_mixin.py:190} INFO - [2025-02-13T00:08:30.011+0000] {dag.py:4180} INFO - Setting next_dagrun for tutorial to 2025-02-12 00:00:00+00:00, run_after=2025-02-13 00:00:00+00:00
[2025-02-13T00:08:30.031+0000] {processor.py:208} INFO - Processing /home/airflow/.local/lib/python3.12/site-packages/airflow/example_dags/tutorial.py took 0.098 seconds
[2025-02-13T00:09:00.301+0000] {processor.py:186} INFO - Started process (PID=1015) to work on /home/airflow/.local/lib/python3.12/site-packages/airflow/example_dags/tutorial.py
[2025-02-13T00:09:00.302+0000] {processor.py:914} INFO - Processing file /home/airflow/.local/lib/python3.12/site-packages/airflow/example_dags/tutorial.py for tasks to queue
[2025-02-13T00:09:00.304+0000] {logging_mixin.py:190} INFO - [2025-02-13T00:09:00.304+0000] {dagbag.py:588} INFO - Filling up the DagBag from /home/airflow/.local/lib/python3.12/site-packages/airflow/example_dags/tutorial.py
[2025-02-13T00:09:00.313+0000] {processor.py:925} INFO - DAG(s) 'tutorial' retrieved from /home/airflow/.local/lib/python3.12/site-packages/airflow/example_dags/tutorial.py
[2025-02-13T00:09:00.335+0000] {logging_mixin.py:190} INFO - [2025-02-13T00:09:00.335+0000] {dag.py:3239} INFO - Sync 1 DAGs
[2025-02-13T00:09:00.364+0000] {logging_mixin.py:190} INFO - [2025-02-13T00:09:00.364+0000] {dag.py:4180} INFO - Setting next_dagrun for tutorial to 2025-02-12 00:00:00+00:00, run_after=2025-02-13 00:00:00+00:00
[2025-02-13T00:09:00.390+0000] {processor.py:208} INFO - Processing /home/airflow/.local/lib/python3.12/site-packages/airflow/example_dags/tutorial.py took 0.096 seconds
[2025-02-13T00:09:30.539+0000] {processor.py:186} INFO - Started process (PID=1073) to work on /home/airflow/.local/lib/python3.12/site-packages/airflow/example_dags/tutorial.py
[2025-02-13T00:09:30.540+0000] {processor.py:914} INFO - Processing file /home/airflow/.local/lib/python3.12/site-packages/airflow/example_dags/tutorial.py for tasks to queue
[2025-02-13T00:09:30.542+0000] {logging_mixin.py:190} INFO - [2025-02-13T00:09:30.542+0000] {dagbag.py:588} INFO - Filling up the DagBag from /home/airflow/.local/lib/python3.12/site-packages/airflow/example_dags/tutorial.py
[2025-02-13T00:09:30.551+0000] {processor.py:925} INFO - DAG(s) 'tutorial' retrieved from /home/airflow/.local/lib/python3.12/site-packages/airflow/example_dags/tutorial.py
[2025-02-13T00:09:30.573+0000] {logging_mixin.py:190} INFO - [2025-02-13T00:09:30.572+0000] {dag.py:3239} INFO - Sync 1 DAGs
[2025-02-13T00:09:30.601+0000] {logging_mixin.py:190} INFO - [2025-02-13T00:09:30.601+0000] {dag.py:4180} INFO - Setting next_dagrun for tutorial to 2025-02-12 00:00:00+00:00, run_after=2025-02-13 00:00:00+00:00
[2025-02-13T00:09:30.619+0000] {processor.py:208} INFO - Processing /home/airflow/.local/lib/python3.12/site-packages/airflow/example_dags/tutorial.py took 0.087 seconds
[2025-02-13T00:10:00.816+0000] {processor.py:186} INFO - Started process (PID=1131) to work on /home/airflow/.local/lib/python3.12/site-packages/airflow/example_dags/tutorial.py
[2025-02-13T00:10:00.817+0000] {processor.py:914} INFO - Processing file /home/airflow/.local/lib/python3.12/site-packages/airflow/example_dags/tutorial.py for tasks to queue
[2025-02-13T00:10:00.818+0000] {logging_mixin.py:190} INFO - [2025-02-13T00:10:00.818+0000] {dagbag.py:588} INFO - Filling up the DagBag from /home/airflow/.local/lib/python3.12/site-packages/airflow/example_dags/tutorial.py
[2025-02-13T00:10:00.825+0000] {processor.py:925} INFO - DAG(s) 'tutorial' retrieved from /home/airflow/.local/lib/python3.12/site-packages/airflow/example_dags/tutorial.py
[2025-02-13T00:10:00.841+0000] {logging_mixin.py:190} INFO - [2025-02-13T00:10:00.841+0000] {dag.py:3239} INFO - Sync 1 DAGs
[2025-02-13T00:10:00.860+0000] {logging_mixin.py:190} INFO - [2025-02-13T00:10:00.859+0000] {dag.py:4180} INFO - Setting next_dagrun for tutorial to 2025-02-12 00:00:00+00:00, run_after=2025-02-13 00:00:00+00:00
[2025-02-13T00:10:00.873+0000] {processor.py:208} INFO - Processing /home/airflow/.local/lib/python3.12/site-packages/airflow/example_dags/tutorial.py took 0.062 seconds
[2025-02-13T00:10:30.980+0000] {processor.py:186} INFO - Started process (PID=1189) to work on /home/airflow/.local/lib/python3.12/site-packages/airflow/example_dags/tutorial.py
[2025-02-13T00:10:30.981+0000] {processor.py:914} INFO - Processing file /home/airflow/.local/lib/python3.12/site-packages/airflow/example_dags/tutorial.py for tasks to queue
[2025-02-13T00:10:30.983+0000] {logging_mixin.py:190} INFO - [2025-02-13T00:10:30.983+0000] {dagbag.py:588} INFO - Filling up the DagBag from /home/airflow/.local/lib/python3.12/site-packages/airflow/example_dags/tutorial.py
[2025-02-13T00:10:30.992+0000] {processor.py:925} INFO - DAG(s) 'tutorial' retrieved from /home/airflow/.local/lib/python3.12/site-packages/airflow/example_dags/tutorial.py
[2025-02-13T00:10:31.015+0000] {logging_mixin.py:190} INFO - [2025-02-13T00:10:31.014+0000] {dag.py:3239} INFO - Sync 1 DAGs
[2025-02-13T00:10:31.043+0000] {logging_mixin.py:190} INFO - [2025-02-13T00:10:31.043+0000] {dag.py:4180} INFO - Setting next_dagrun for tutorial to 2025-02-12 00:00:00+00:00, run_after=2025-02-13 00:00:00+00:00
[2025-02-13T00:10:31.062+0000] {processor.py:208} INFO - Processing /home/airflow/.local/lib/python3.12/site-packages/airflow/example_dags/tutorial.py took 0.088 seconds
[2025-02-13T00:11:01.136+0000] {processor.py:186} INFO - Started process (PID=1247) to work on /home/airflow/.local/lib/python3.12/site-packages/airflow/example_dags/tutorial.py
[2025-02-13T00:11:01.137+0000] {processor.py:914} INFO - Processing file /home/airflow/.local/lib/python3.12/site-packages/airflow/example_dags/tutorial.py for tasks to queue
[2025-02-13T00:11:01.139+0000] {logging_mixin.py:190} INFO - [2025-02-13T00:11:01.139+0000] {dagbag.py:588} INFO - Filling up the DagBag from /home/airflow/.local/lib/python3.12/site-packages/airflow/example_dags/tutorial.py
[2025-02-13T00:11:01.148+0000] {processor.py:925} INFO - DAG(s) 'tutorial' retrieved from /home/airflow/.local/lib/python3.12/site-packages/airflow/example_dags/tutorial.py
[2025-02-13T00:11:01.171+0000] {logging_mixin.py:190} INFO - [2025-02-13T00:11:01.170+0000] {dag.py:3239} INFO - Sync 1 DAGs
[2025-02-13T00:11:01.203+0000] {logging_mixin.py:190} INFO - [2025-02-13T00:11:01.203+0000] {dag.py:4180} INFO - Setting next_dagrun for tutorial to 2025-02-12 00:00:00+00:00, run_after=2025-02-13 00:00:00+00:00
[2025-02-13T00:11:01.222+0000] {processor.py:208} INFO - Processing /home/airflow/.local/lib/python3.12/site-packages/airflow/example_dags/tutorial.py took 0.092 seconds
[2025-02-13T00:11:31.765+0000] {processor.py:186} INFO - Started process (PID=1306) to work on /home/airflow/.local/lib/python3.12/site-packages/airflow/example_dags/tutorial.py
[2025-02-13T00:11:31.766+0000] {processor.py:914} INFO - Processing file /home/airflow/.local/lib/python3.12/site-packages/airflow/example_dags/tutorial.py for tasks to queue
[2025-02-13T00:11:31.769+0000] {logging_mixin.py:190} INFO - [2025-02-13T00:11:31.768+0000] {dagbag.py:588} INFO - Filling up the DagBag from /home/airflow/.local/lib/python3.12/site-packages/airflow/example_dags/tutorial.py
[2025-02-13T00:11:31.778+0000] {processor.py:925} INFO - DAG(s) 'tutorial' retrieved from /home/airflow/.local/lib/python3.12/site-packages/airflow/example_dags/tutorial.py
[2025-02-13T00:11:31.800+0000] {logging_mixin.py:190} INFO - [2025-02-13T00:11:31.799+0000] {dag.py:3239} INFO - Sync 1 DAGs
[2025-02-13T00:11:31.828+0000] {logging_mixin.py:190} INFO - [2025-02-13T00:11:31.828+0000] {dag.py:4180} INFO - Setting next_dagrun for tutorial to 2025-02-12 00:00:00+00:00, run_after=2025-02-13 00:00:00+00:00
[2025-02-13T00:11:31.847+0000] {processor.py:208} INFO - Processing /home/airflow/.local/lib/python3.12/site-packages/airflow/example_dags/tutorial.py took 0.089 seconds
[2025-02-13T00:12:01.926+0000] {processor.py:186} INFO - Started process (PID=1364) to work on /home/airflow/.local/lib/python3.12/site-packages/airflow/example_dags/tutorial.py
[2025-02-13T00:12:01.927+0000] {processor.py:914} INFO - Processing file /home/airflow/.local/lib/python3.12/site-packages/airflow/example_dags/tutorial.py for tasks to queue
[2025-02-13T00:12:01.930+0000] {logging_mixin.py:190} INFO - [2025-02-13T00:12:01.929+0000] {dagbag.py:588} INFO - Filling up the DagBag from /home/airflow/.local/lib/python3.12/site-packages/airflow/example_dags/tutorial.py
[2025-02-13T00:12:01.939+0000] {processor.py:925} INFO - DAG(s) 'tutorial' retrieved from /home/airflow/.local/lib/python3.12/site-packages/airflow/example_dags/tutorial.py
[2025-02-13T00:12:01.961+0000] {logging_mixin.py:190} INFO - [2025-02-13T00:12:01.961+0000] {dag.py:3239} INFO - Sync 1 DAGs
[2025-02-13T00:12:01.990+0000] {logging_mixin.py:190} INFO - [2025-02-13T00:12:01.990+0000] {dag.py:4180} INFO - Setting next_dagrun for tutorial to 2025-02-12 00:00:00+00:00, run_after=2025-02-13 00:00:00+00:00
[2025-02-13T00:12:02.009+0000] {processor.py:208} INFO - Processing /home/airflow/.local/lib/python3.12/site-packages/airflow/example_dags/tutorial.py took 0.089 seconds
[2025-02-13T00:12:32.604+0000] {processor.py:186} INFO - Started process (PID=1422) to work on /home/airflow/.local/lib/python3.12/site-packages/airflow/example_dags/tutorial.py
[2025-02-13T00:12:32.604+0000] {processor.py:914} INFO - Processing file /home/airflow/.local/lib/python3.12/site-packages/airflow/example_dags/tutorial.py for tasks to queue
[2025-02-13T00:12:32.607+0000] {logging_mixin.py:190} INFO - [2025-02-13T00:12:32.606+0000] {dagbag.py:588} INFO - Filling up the DagBag from /home/airflow/.local/lib/python3.12/site-packages/airflow/example_dags/tutorial.py
[2025-02-13T00:12:32.617+0000] {processor.py:925} INFO - DAG(s) 'tutorial' retrieved from /home/airflow/.local/lib/python3.12/site-packages/airflow/example_dags/tutorial.py
[2025-02-13T00:12:32.639+0000] {logging_mixin.py:190} INFO - [2025-02-13T00:12:32.639+0000] {dag.py:3239} INFO - Sync 1 DAGs
[2025-02-13T00:12:32.667+0000] {logging_mixin.py:190} INFO - [2025-02-13T00:12:32.666+0000] {dag.py:4180} INFO - Setting next_dagrun for tutorial to 2025-02-12 00:00:00+00:00, run_after=2025-02-13 00:00:00+00:00
[2025-02-13T00:12:32.685+0000] {processor.py:208} INFO - Processing /home/airflow/.local/lib/python3.12/site-packages/airflow/example_dags/tutorial.py took 0.088 seconds
[2025-02-13T00:13:03.662+0000] {processor.py:186} INFO - Started process (PID=1478) to work on /home/airflow/.local/lib/python3.12/site-packages/airflow/example_dags/tutorial.py
[2025-02-13T00:13:03.663+0000] {processor.py:914} INFO - Processing file /home/airflow/.local/lib/python3.12/site-packages/airflow/example_dags/tutorial.py for tasks to queue
[2025-02-13T00:13:03.665+0000] {logging_mixin.py:190} INFO - [2025-02-13T00:13:03.665+0000] {dagbag.py:588} INFO - Filling up the DagBag from /home/airflow/.local/lib/python3.12/site-packages/airflow/example_dags/tutorial.py
[2025-02-13T00:13:03.676+0000] {processor.py:925} INFO - DAG(s) 'tutorial' retrieved from /home/airflow/.local/lib/python3.12/site-packages/airflow/example_dags/tutorial.py
[2025-02-13T00:13:03.698+0000] {logging_mixin.py:190} INFO - [2025-02-13T00:13:03.697+0000] {dag.py:3239} INFO - Sync 1 DAGs
[2025-02-13T00:13:03.725+0000] {logging_mixin.py:190} INFO - [2025-02-13T00:13:03.725+0000] {dag.py:4180} INFO - Setting next_dagrun for tutorial to 2025-02-12 00:00:00+00:00, run_after=2025-02-13 00:00:00+00:00
[2025-02-13T00:13:03.742+0000] {processor.py:208} INFO - Processing /home/airflow/.local/lib/python3.12/site-packages/airflow/example_dags/tutorial.py took 0.088 seconds
[2025-02-13T00:13:34.735+0000] {processor.py:186} INFO - Started process (PID=1536) to work on /home/airflow/.local/lib/python3.12/site-packages/airflow/example_dags/tutorial.py
[2025-02-13T00:13:34.735+0000] {processor.py:914} INFO - Processing file /home/airflow/.local/lib/python3.12/site-packages/airflow/example_dags/tutorial.py for tasks to queue
[2025-02-13T00:13:34.738+0000] {logging_mixin.py:190} INFO - [2025-02-13T00:13:34.737+0000] {dagbag.py:588} INFO - Filling up the DagBag from /home/airflow/.local/lib/python3.12/site-packages/airflow/example_dags/tutorial.py
[2025-02-13T00:13:34.747+0000] {processor.py:925} INFO - DAG(s) 'tutorial' retrieved from /home/airflow/.local/lib/python3.12/site-packages/airflow/example_dags/tutorial.py
[2025-02-13T00:13:34.769+0000] {logging_mixin.py:190} INFO - [2025-02-13T00:13:34.769+0000] {dag.py:3239} INFO - Sync 1 DAGs
[2025-02-13T00:13:34.798+0000] {logging_mixin.py:190} INFO - [2025-02-13T00:13:34.798+0000] {dag.py:4180} INFO - Setting next_dagrun for tutorial to 2025-02-12 00:00:00+00:00, run_after=2025-02-13 00:00:00+00:00
[2025-02-13T00:13:34.817+0000] {processor.py:208} INFO - Processing /home/airflow/.local/lib/python3.12/site-packages/airflow/example_dags/tutorial.py took 0.089 seconds
[2025-02-13T00:14:05.859+0000] {processor.py:186} INFO - Started process (PID=1594) to work on /home/airflow/.local/lib/python3.12/site-packages/airflow/example_dags/tutorial.py
[2025-02-13T00:14:05.860+0000] {processor.py:914} INFO - Processing file /home/airflow/.local/lib/python3.12/site-packages/airflow/example_dags/tutorial.py for tasks to queue
[2025-02-13T00:14:05.862+0000] {logging_mixin.py:190} INFO - [2025-02-13T00:14:05.862+0000] {dagbag.py:588} INFO - Filling up the DagBag from /home/airflow/.local/lib/python3.12/site-packages/airflow/example_dags/tutorial.py
[2025-02-13T00:14:05.872+0000] {processor.py:925} INFO - DAG(s) 'tutorial' retrieved from /home/airflow/.local/lib/python3.12/site-packages/airflow/example_dags/tutorial.py
[2025-02-13T00:14:05.894+0000] {logging_mixin.py:190} INFO - [2025-02-13T00:14:05.894+0000] {dag.py:3239} INFO - Sync 1 DAGs
[2025-02-13T00:14:05.923+0000] {logging_mixin.py:190} INFO - [2025-02-13T00:14:05.923+0000] {dag.py:4180} INFO - Setting next_dagrun for tutorial to 2025-02-12 00:00:00+00:00, run_after=2025-02-13 00:00:00+00:00
[2025-02-13T00:14:05.942+0000] {processor.py:208} INFO - Processing /home/airflow/.local/lib/python3.12/site-packages/airflow/example_dags/tutorial.py took 0.089 seconds
[2025-02-13T00:14:36.249+0000] {processor.py:186} INFO - Started process (PID=1652) to work on /home/airflow/.local/lib/python3.12/site-packages/airflow/example_dags/tutorial.py
[2025-02-13T00:14:36.250+0000] {processor.py:914} INFO - Processing file /home/airflow/.local/lib/python3.12/site-packages/airflow/example_dags/tutorial.py for tasks to queue
[2025-02-13T00:14:36.253+0000] {logging_mixin.py:190} INFO - [2025-02-13T00:14:36.252+0000] {dagbag.py:588} INFO - Filling up the DagBag from /home/airflow/.local/lib/python3.12/site-packages/airflow/example_dags/tutorial.py
[2025-02-13T00:14:36.262+0000] {processor.py:925} INFO - DAG(s) 'tutorial' retrieved from /home/airflow/.local/lib/python3.12/site-packages/airflow/example_dags/tutorial.py
[2025-02-13T00:14:36.299+0000] {logging_mixin.py:190} INFO - [2025-02-13T00:14:36.298+0000] {dag.py:3239} INFO - Sync 1 DAGs
[2025-02-13T00:14:36.327+0000] {logging_mixin.py:190} INFO - [2025-02-13T00:14:36.326+0000] {dag.py:4180} INFO - Setting next_dagrun for tutorial to 2025-02-12 00:00:00+00:00, run_after=2025-02-13 00:00:00+00:00
[2025-02-13T00:14:36.379+0000] {processor.py:208} INFO - Processing /home/airflow/.local/lib/python3.12/site-packages/airflow/example_dags/tutorial.py took 0.138 seconds
[2025-02-13T00:15:07.481+0000] {processor.py:186} INFO - Started process (PID=1710) to work on /home/airflow/.local/lib/python3.12/site-packages/airflow/example_dags/tutorial.py
[2025-02-13T00:15:07.482+0000] {processor.py:914} INFO - Processing file /home/airflow/.local/lib/python3.12/site-packages/airflow/example_dags/tutorial.py for tasks to queue
[2025-02-13T00:15:07.485+0000] {logging_mixin.py:190} INFO - [2025-02-13T00:15:07.484+0000] {dagbag.py:588} INFO - Filling up the DagBag from /home/airflow/.local/lib/python3.12/site-packages/airflow/example_dags/tutorial.py
[2025-02-13T00:15:07.494+0000] {processor.py:925} INFO - DAG(s) 'tutorial' retrieved from /home/airflow/.local/lib/python3.12/site-packages/airflow/example_dags/tutorial.py
[2025-02-13T00:15:07.517+0000] {logging_mixin.py:190} INFO - [2025-02-13T00:15:07.517+0000] {dag.py:3239} INFO - Sync 1 DAGs
[2025-02-13T00:15:07.545+0000] {logging_mixin.py:190} INFO - [2025-02-13T00:15:07.545+0000] {dag.py:4180} INFO - Setting next_dagrun for tutorial to 2025-02-12 00:00:00+00:00, run_after=2025-02-13 00:00:00+00:00
[2025-02-13T00:15:07.564+0000] {processor.py:208} INFO - Processing /home/airflow/.local/lib/python3.12/site-packages/airflow/example_dags/tutorial.py took 0.090 seconds
[2025-02-13T00:15:37.830+0000] {processor.py:186} INFO - Started process (PID=1768) to work on /home/airflow/.local/lib/python3.12/site-packages/airflow/example_dags/tutorial.py
[2025-02-13T00:15:37.830+0000] {processor.py:914} INFO - Processing file /home/airflow/.local/lib/python3.12/site-packages/airflow/example_dags/tutorial.py for tasks to queue
[2025-02-13T00:15:37.833+0000] {logging_mixin.py:190} INFO - [2025-02-13T00:15:37.833+0000] {dagbag.py:588} INFO - Filling up the DagBag from /home/airflow/.local/lib/python3.12/site-packages/airflow/example_dags/tutorial.py
[2025-02-13T00:15:37.843+0000] {processor.py:925} INFO - DAG(s) 'tutorial' retrieved from /home/airflow/.local/lib/python3.12/site-packages/airflow/example_dags/tutorial.py
[2025-02-13T00:15:37.874+0000] {logging_mixin.py:190} INFO - [2025-02-13T00:15:37.874+0000] {dag.py:3239} INFO - Sync 1 DAGs
[2025-02-13T00:15:37.904+0000] {logging_mixin.py:190} INFO - [2025-02-13T00:15:37.903+0000] {dag.py:4180} INFO - Setting next_dagrun for tutorial to 2025-02-12 00:00:00+00:00, run_after=2025-02-13 00:00:00+00:00
[2025-02-13T00:15:37.922+0000] {processor.py:208} INFO - Processing /home/airflow/.local/lib/python3.12/site-packages/airflow/example_dags/tutorial.py took 0.100 seconds
[2025-02-13T00:16:08.105+0000] {processor.py:186} INFO - Started process (PID=1825) to work on /home/airflow/.local/lib/python3.12/site-packages/airflow/example_dags/tutorial.py
[2025-02-13T00:16:08.106+0000] {processor.py:914} INFO - Processing file /home/airflow/.local/lib/python3.12/site-packages/airflow/example_dags/tutorial.py for tasks to queue
[2025-02-13T00:16:08.108+0000] {logging_mixin.py:190} INFO - [2025-02-13T00:16:08.108+0000] {dagbag.py:588} INFO - Filling up the DagBag from /home/airflow/.local/lib/python3.12/site-packages/airflow/example_dags/tutorial.py
[2025-02-13T00:16:08.118+0000] {processor.py:925} INFO - DAG(s) 'tutorial' retrieved from /home/airflow/.local/lib/python3.12/site-packages/airflow/example_dags/tutorial.py
[2025-02-13T00:16:08.166+0000] {logging_mixin.py:190} INFO - [2025-02-13T00:16:08.166+0000] {dag.py:3239} INFO - Sync 1 DAGs
[2025-02-13T00:16:08.217+0000] {logging_mixin.py:190} INFO - [2025-02-13T00:16:08.216+0000] {dag.py:4180} INFO - Setting next_dagrun for tutorial to 2025-02-12 00:00:00+00:00, run_after=2025-02-13 00:00:00+00:00
[2025-02-13T00:16:08.238+0000] {processor.py:208} INFO - Processing /home/airflow/.local/lib/python3.12/site-packages/airflow/example_dags/tutorial.py took 0.140 seconds
[2025-02-13T00:16:38.296+0000] {processor.py:186} INFO - Started process (PID=1873) to work on /home/airflow/.local/lib/python3.12/site-packages/airflow/example_dags/tutorial.py
[2025-02-13T00:16:38.296+0000] {processor.py:914} INFO - Processing file /home/airflow/.local/lib/python3.12/site-packages/airflow/example_dags/tutorial.py for tasks to queue
[2025-02-13T00:16:38.299+0000] {logging_mixin.py:190} INFO - [2025-02-13T00:16:38.299+0000] {dagbag.py:588} INFO - Filling up the DagBag from /home/airflow/.local/lib/python3.12/site-packages/airflow/example_dags/tutorial.py
[2025-02-13T00:16:38.308+0000] {processor.py:925} INFO - DAG(s) 'tutorial' retrieved from /home/airflow/.local/lib/python3.12/site-packages/airflow/example_dags/tutorial.py
[2025-02-13T00:16:38.331+0000] {logging_mixin.py:190} INFO - [2025-02-13T00:16:38.331+0000] {dag.py:3239} INFO - Sync 1 DAGs
[2025-02-13T00:16:38.361+0000] {logging_mixin.py:190} INFO - [2025-02-13T00:16:38.360+0000] {dag.py:4180} INFO - Setting next_dagrun for tutorial to 2025-02-12 00:00:00+00:00, run_after=2025-02-13 00:00:00+00:00
[2025-02-13T00:16:38.389+0000] {processor.py:208} INFO - Processing /home/airflow/.local/lib/python3.12/site-packages/airflow/example_dags/tutorial.py took 0.100 seconds
[2025-02-13T00:17:08.763+0000] {processor.py:186} INFO - Started process (PID=1931) to work on /home/airflow/.local/lib/python3.12/site-packages/airflow/example_dags/tutorial.py
[2025-02-13T00:17:08.764+0000] {processor.py:914} INFO - Processing file /home/airflow/.local/lib/python3.12/site-packages/airflow/example_dags/tutorial.py for tasks to queue
[2025-02-13T00:17:08.767+0000] {logging_mixin.py:190} INFO - [2025-02-13T00:17:08.766+0000] {dagbag.py:588} INFO - Filling up the DagBag from /home/airflow/.local/lib/python3.12/site-packages/airflow/example_dags/tutorial.py
[2025-02-13T00:17:08.776+0000] {processor.py:925} INFO - DAG(s) 'tutorial' retrieved from /home/airflow/.local/lib/python3.12/site-packages/airflow/example_dags/tutorial.py
[2025-02-13T00:17:08.799+0000] {logging_mixin.py:190} INFO - [2025-02-13T00:17:08.799+0000] {dag.py:3239} INFO - Sync 1 DAGs
[2025-02-13T00:17:08.827+0000] {logging_mixin.py:190} INFO - [2025-02-13T00:17:08.827+0000] {dag.py:4180} INFO - Setting next_dagrun for tutorial to 2025-02-12 00:00:00+00:00, run_after=2025-02-13 00:00:00+00:00
[2025-02-13T00:17:08.846+0000] {processor.py:208} INFO - Processing /home/airflow/.local/lib/python3.12/site-packages/airflow/example_dags/tutorial.py took 0.092 seconds
[2025-02-13T00:17:39.114+0000] {processor.py:186} INFO - Started process (PID=1989) to work on /home/airflow/.local/lib/python3.12/site-packages/airflow/example_dags/tutorial.py
[2025-02-13T00:17:39.114+0000] {processor.py:914} INFO - Processing file /home/airflow/.local/lib/python3.12/site-packages/airflow/example_dags/tutorial.py for tasks to queue
[2025-02-13T00:17:39.116+0000] {logging_mixin.py:190} INFO - [2025-02-13T00:17:39.116+0000] {dagbag.py:588} INFO - Filling up the DagBag from /home/airflow/.local/lib/python3.12/site-packages/airflow/example_dags/tutorial.py
[2025-02-13T00:17:39.123+0000] {processor.py:925} INFO - DAG(s) 'tutorial' retrieved from /home/airflow/.local/lib/python3.12/site-packages/airflow/example_dags/tutorial.py
[2025-02-13T00:17:39.138+0000] {logging_mixin.py:190} INFO - [2025-02-13T00:17:39.138+0000] {dag.py:3239} INFO - Sync 1 DAGs
[2025-02-13T00:17:39.157+0000] {logging_mixin.py:190} INFO - [2025-02-13T00:17:39.157+0000] {dag.py:4180} INFO - Setting next_dagrun for tutorial to 2025-02-12 00:00:00+00:00, run_after=2025-02-13 00:00:00+00:00
[2025-02-13T00:17:39.170+0000] {processor.py:208} INFO - Processing /home/airflow/.local/lib/python3.12/site-packages/airflow/example_dags/tutorial.py took 0.061 seconds
[2025-02-13T00:18:09.370+0000] {processor.py:186} INFO - Started process (PID=2047) to work on /home/airflow/.local/lib/python3.12/site-packages/airflow/example_dags/tutorial.py
[2025-02-13T00:18:09.371+0000] {processor.py:914} INFO - Processing file /home/airflow/.local/lib/python3.12/site-packages/airflow/example_dags/tutorial.py for tasks to queue
[2025-02-13T00:18:09.373+0000] {logging_mixin.py:190} INFO - [2025-02-13T00:18:09.372+0000] {dagbag.py:588} INFO - Filling up the DagBag from /home/airflow/.local/lib/python3.12/site-packages/airflow/example_dags/tutorial.py
[2025-02-13T00:18:09.379+0000] {processor.py:925} INFO - DAG(s) 'tutorial' retrieved from /home/airflow/.local/lib/python3.12/site-packages/airflow/example_dags/tutorial.py
[2025-02-13T00:18:09.395+0000] {logging_mixin.py:190} INFO - [2025-02-13T00:18:09.395+0000] {dag.py:3239} INFO - Sync 1 DAGs
[2025-02-13T00:18:09.414+0000] {logging_mixin.py:190} INFO - [2025-02-13T00:18:09.414+0000] {dag.py:4180} INFO - Setting next_dagrun for tutorial to 2025-02-12 00:00:00+00:00, run_after=2025-02-13 00:00:00+00:00
[2025-02-13T00:18:09.428+0000] {processor.py:208} INFO - Processing /home/airflow/.local/lib/python3.12/site-packages/airflow/example_dags/tutorial.py took 0.063 seconds
[2025-02-13T00:18:39.577+0000] {processor.py:186} INFO - Started process (PID=2105) to work on /home/airflow/.local/lib/python3.12/site-packages/airflow/example_dags/tutorial.py
[2025-02-13T00:18:39.578+0000] {processor.py:914} INFO - Processing file /home/airflow/.local/lib/python3.12/site-packages/airflow/example_dags/tutorial.py for tasks to queue
[2025-02-13T00:18:39.580+0000] {logging_mixin.py:190} INFO - [2025-02-13T00:18:39.580+0000] {dagbag.py:588} INFO - Filling up the DagBag from /home/airflow/.local/lib/python3.12/site-packages/airflow/example_dags/tutorial.py
[2025-02-13T00:18:39.587+0000] {processor.py:925} INFO - DAG(s) 'tutorial' retrieved from /home/airflow/.local/lib/python3.12/site-packages/airflow/example_dags/tutorial.py
[2025-02-13T00:18:39.605+0000] {logging_mixin.py:190} INFO - [2025-02-13T00:18:39.604+0000] {dag.py:3239} INFO - Sync 1 DAGs
[2025-02-13T00:18:39.623+0000] {logging_mixin.py:190} INFO - [2025-02-13T00:18:39.623+0000] {dag.py:4180} INFO - Setting next_dagrun for tutorial to 2025-02-12 00:00:00+00:00, run_after=2025-02-13 00:00:00+00:00
[2025-02-13T00:18:39.636+0000] {processor.py:208} INFO - Processing /home/airflow/.local/lib/python3.12/site-packages/airflow/example_dags/tutorial.py took 0.064 seconds
[2025-02-13T00:19:09.737+0000] {processor.py:186} INFO - Started process (PID=2163) to work on /home/airflow/.local/lib/python3.12/site-packages/airflow/example_dags/tutorial.py
[2025-02-13T00:19:09.738+0000] {processor.py:914} INFO - Processing file /home/airflow/.local/lib/python3.12/site-packages/airflow/example_dags/tutorial.py for tasks to queue
[2025-02-13T00:19:09.740+0000] {logging_mixin.py:190} INFO - [2025-02-13T00:19:09.740+0000] {dagbag.py:588} INFO - Filling up the DagBag from /home/airflow/.local/lib/python3.12/site-packages/airflow/example_dags/tutorial.py
[2025-02-13T00:19:09.746+0000] {processor.py:925} INFO - DAG(s) 'tutorial' retrieved from /home/airflow/.local/lib/python3.12/site-packages/airflow/example_dags/tutorial.py
[2025-02-13T00:19:09.762+0000] {logging_mixin.py:190} INFO - [2025-02-13T00:19:09.762+0000] {dag.py:3239} INFO - Sync 1 DAGs
[2025-02-13T00:19:09.781+0000] {logging_mixin.py:190} INFO - [2025-02-13T00:19:09.781+0000] {dag.py:4180} INFO - Setting next_dagrun for tutorial to 2025-02-12 00:00:00+00:00, run_after=2025-02-13 00:00:00+00:00
[2025-02-13T00:19:09.795+0000] {processor.py:208} INFO - Processing /home/airflow/.local/lib/python3.12/site-packages/airflow/example_dags/tutorial.py took 0.062 seconds
[2025-02-13T00:19:40.043+0000] {processor.py:186} INFO - Started process (PID=2221) to work on /home/airflow/.local/lib/python3.12/site-packages/airflow/example_dags/tutorial.py
[2025-02-13T00:19:40.044+0000] {processor.py:914} INFO - Processing file /home/airflow/.local/lib/python3.12/site-packages/airflow/example_dags/tutorial.py for tasks to queue
[2025-02-13T00:19:40.046+0000] {logging_mixin.py:190} INFO - [2025-02-13T00:19:40.046+0000] {dagbag.py:588} INFO - Filling up the DagBag from /home/airflow/.local/lib/python3.12/site-packages/airflow/example_dags/tutorial.py
[2025-02-13T00:19:40.053+0000] {processor.py:925} INFO - DAG(s) 'tutorial' retrieved from /home/airflow/.local/lib/python3.12/site-packages/airflow/example_dags/tutorial.py
[2025-02-13T00:19:40.069+0000] {logging_mixin.py:190} INFO - [2025-02-13T00:19:40.069+0000] {dag.py:3239} INFO - Sync 1 DAGs
[2025-02-13T00:19:40.092+0000] {logging_mixin.py:190} INFO - [2025-02-13T00:19:40.092+0000] {dag.py:4180} INFO - Setting next_dagrun for tutorial to 2025-02-12 00:00:00+00:00, run_after=2025-02-13 00:00:00+00:00
[2025-02-13T00:19:40.107+0000] {processor.py:208} INFO - Processing /home/airflow/.local/lib/python3.12/site-packages/airflow/example_dags/tutorial.py took 0.069 seconds
[2025-02-13T00:20:10.258+0000] {processor.py:186} INFO - Started process (PID=2279) to work on /home/airflow/.local/lib/python3.12/site-packages/airflow/example_dags/tutorial.py
[2025-02-13T00:20:10.259+0000] {processor.py:914} INFO - Processing file /home/airflow/.local/lib/python3.12/site-packages/airflow/example_dags/tutorial.py for tasks to queue
[2025-02-13T00:20:10.261+0000] {logging_mixin.py:190} INFO - [2025-02-13T00:20:10.261+0000] {dagbag.py:588} INFO - Filling up the DagBag from /home/airflow/.local/lib/python3.12/site-packages/airflow/example_dags/tutorial.py
[2025-02-13T00:20:10.267+0000] {processor.py:925} INFO - DAG(s) 'tutorial' retrieved from /home/airflow/.local/lib/python3.12/site-packages/airflow/example_dags/tutorial.py
[2025-02-13T00:20:10.289+0000] {logging_mixin.py:190} INFO - [2025-02-13T00:20:10.289+0000] {dag.py:3239} INFO - Sync 1 DAGs
[2025-02-13T00:20:10.309+0000] {logging_mixin.py:190} INFO - [2025-02-13T00:20:10.309+0000] {dag.py:4180} INFO - Setting next_dagrun for tutorial to 2025-02-12 00:00:00+00:00, run_after=2025-02-13 00:00:00+00:00
[2025-02-13T00:20:10.332+0000] {processor.py:208} INFO - Processing /home/airflow/.local/lib/python3.12/site-packages/airflow/example_dags/tutorial.py took 0.079 seconds
[2025-02-13T00:20:40.488+0000] {processor.py:186} INFO - Started process (PID=2337) to work on /home/airflow/.local/lib/python3.12/site-packages/airflow/example_dags/tutorial.py
[2025-02-13T00:20:40.488+0000] {processor.py:914} INFO - Processing file /home/airflow/.local/lib/python3.12/site-packages/airflow/example_dags/tutorial.py for tasks to queue
[2025-02-13T00:20:40.490+0000] {logging_mixin.py:190} INFO - [2025-02-13T00:20:40.490+0000] {dagbag.py:588} INFO - Filling up the DagBag from /home/airflow/.local/lib/python3.12/site-packages/airflow/example_dags/tutorial.py
[2025-02-13T00:20:40.497+0000] {processor.py:925} INFO - DAG(s) 'tutorial' retrieved from /home/airflow/.local/lib/python3.12/site-packages/airflow/example_dags/tutorial.py
[2025-02-13T00:20:40.512+0000] {logging_mixin.py:190} INFO - [2025-02-13T00:20:40.512+0000] {dag.py:3239} INFO - Sync 1 DAGs
[2025-02-13T00:20:40.532+0000] {logging_mixin.py:190} INFO - [2025-02-13T00:20:40.532+0000] {dag.py:4180} INFO - Setting next_dagrun for tutorial to 2025-02-12 00:00:00+00:00, run_after=2025-02-13 00:00:00+00:00
[2025-02-13T00:20:40.545+0000] {processor.py:208} INFO - Processing /home/airflow/.local/lib/python3.12/site-packages/airflow/example_dags/tutorial.py took 0.062 seconds
[2025-02-13T00:21:10.794+0000] {processor.py:186} INFO - Started process (PID=2395) to work on /home/airflow/.local/lib/python3.12/site-packages/airflow/example_dags/tutorial.py
[2025-02-13T00:21:10.795+0000] {processor.py:914} INFO - Processing file /home/airflow/.local/lib/python3.12/site-packages/airflow/example_dags/tutorial.py for tasks to queue
[2025-02-13T00:21:10.797+0000] {logging_mixin.py:190} INFO - [2025-02-13T00:21:10.797+0000] {dagbag.py:588} INFO - Filling up the DagBag from /home/airflow/.local/lib/python3.12/site-packages/airflow/example_dags/tutorial.py
[2025-02-13T00:21:10.806+0000] {processor.py:925} INFO - DAG(s) 'tutorial' retrieved from /home/airflow/.local/lib/python3.12/site-packages/airflow/example_dags/tutorial.py
[2025-02-13T00:21:10.829+0000] {logging_mixin.py:190} INFO - [2025-02-13T00:21:10.829+0000] {dag.py:3239} INFO - Sync 1 DAGs
[2025-02-13T00:21:10.853+0000] {logging_mixin.py:190} INFO - [2025-02-13T00:21:10.853+0000] {dag.py:4180} INFO - Setting next_dagrun for tutorial to 2025-02-12 00:00:00+00:00, run_after=2025-02-13 00:00:00+00:00
[2025-02-13T00:21:10.866+0000] {processor.py:208} INFO - Processing /home/airflow/.local/lib/python3.12/site-packages/airflow/example_dags/tutorial.py took 0.077 seconds
[2025-02-13T00:21:41.018+0000] {processor.py:186} INFO - Started process (PID=2453) to work on /home/airflow/.local/lib/python3.12/site-packages/airflow/example_dags/tutorial.py
[2025-02-13T00:21:41.019+0000] {processor.py:914} INFO - Processing file /home/airflow/.local/lib/python3.12/site-packages/airflow/example_dags/tutorial.py for tasks to queue
[2025-02-13T00:21:41.021+0000] {logging_mixin.py:190} INFO - [2025-02-13T00:21:41.021+0000] {dagbag.py:588} INFO - Filling up the DagBag from /home/airflow/.local/lib/python3.12/site-packages/airflow/example_dags/tutorial.py
[2025-02-13T00:21:41.028+0000] {processor.py:925} INFO - DAG(s) 'tutorial' retrieved from /home/airflow/.local/lib/python3.12/site-packages/airflow/example_dags/tutorial.py
[2025-02-13T00:21:41.049+0000] {logging_mixin.py:190} INFO - [2025-02-13T00:21:41.049+0000] {dag.py:3239} INFO - Sync 1 DAGs
[2025-02-13T00:21:41.083+0000] {logging_mixin.py:190} INFO - [2025-02-13T00:21:41.083+0000] {dag.py:4180} INFO - Setting next_dagrun for tutorial to 2025-02-12 00:00:00+00:00, run_after=2025-02-13 00:00:00+00:00
[2025-02-13T00:21:41.111+0000] {processor.py:208} INFO - Processing /home/airflow/.local/lib/python3.12/site-packages/airflow/example_dags/tutorial.py took 0.098 seconds
[2025-02-13T00:22:11.245+0000] {processor.py:186} INFO - Started process (PID=2511) to work on /home/airflow/.local/lib/python3.12/site-packages/airflow/example_dags/tutorial.py
[2025-02-13T00:22:11.245+0000] {processor.py:914} INFO - Processing file /home/airflow/.local/lib/python3.12/site-packages/airflow/example_dags/tutorial.py for tasks to queue
[2025-02-13T00:22:11.248+0000] {logging_mixin.py:190} INFO - [2025-02-13T00:22:11.247+0000] {dagbag.py:588} INFO - Filling up the DagBag from /home/airflow/.local/lib/python3.12/site-packages/airflow/example_dags/tutorial.py
[2025-02-13T00:22:11.254+0000] {processor.py:925} INFO - DAG(s) 'tutorial' retrieved from /home/airflow/.local/lib/python3.12/site-packages/airflow/example_dags/tutorial.py
[2025-02-13T00:22:11.270+0000] {logging_mixin.py:190} INFO - [2025-02-13T00:22:11.270+0000] {dag.py:3239} INFO - Sync 1 DAGs
[2025-02-13T00:22:11.291+0000] {logging_mixin.py:190} INFO - [2025-02-13T00:22:11.290+0000] {dag.py:4180} INFO - Setting next_dagrun for tutorial to 2025-02-12 00:00:00+00:00, run_after=2025-02-13 00:00:00+00:00
[2025-02-13T00:22:11.322+0000] {processor.py:208} INFO - Processing /home/airflow/.local/lib/python3.12/site-packages/airflow/example_dags/tutorial.py took 0.082 seconds
[2025-02-13T00:22:41.427+0000] {processor.py:186} INFO - Started process (PID=2569) to work on /home/airflow/.local/lib/python3.12/site-packages/airflow/example_dags/tutorial.py
[2025-02-13T00:22:41.428+0000] {processor.py:914} INFO - Processing file /home/airflow/.local/lib/python3.12/site-packages/airflow/example_dags/tutorial.py for tasks to queue
[2025-02-13T00:22:41.431+0000] {logging_mixin.py:190} INFO - [2025-02-13T00:22:41.431+0000] {dagbag.py:588} INFO - Filling up the DagBag from /home/airflow/.local/lib/python3.12/site-packages/airflow/example_dags/tutorial.py
[2025-02-13T00:22:41.445+0000] {processor.py:925} INFO - DAG(s) 'tutorial' retrieved from /home/airflow/.local/lib/python3.12/site-packages/airflow/example_dags/tutorial.py
[2025-02-13T00:22:41.472+0000] {logging_mixin.py:190} INFO - [2025-02-13T00:22:41.471+0000] {dag.py:3239} INFO - Sync 1 DAGs
[2025-02-13T00:22:41.502+0000] {logging_mixin.py:190} INFO - [2025-02-13T00:22:41.502+0000] {dag.py:4180} INFO - Setting next_dagrun for tutorial to 2025-02-12 00:00:00+00:00, run_after=2025-02-13 00:00:00+00:00
[2025-02-13T00:22:41.516+0000] {processor.py:208} INFO - Processing /home/airflow/.local/lib/python3.12/site-packages/airflow/example_dags/tutorial.py took 0.105 seconds
[2025-02-13T00:23:11.791+0000] {processor.py:186} INFO - Started process (PID=2627) to work on /home/airflow/.local/lib/python3.12/site-packages/airflow/example_dags/tutorial.py
[2025-02-13T00:23:11.792+0000] {processor.py:914} INFO - Processing file /home/airflow/.local/lib/python3.12/site-packages/airflow/example_dags/tutorial.py for tasks to queue
[2025-02-13T00:23:11.795+0000] {logging_mixin.py:190} INFO - [2025-02-13T00:23:11.794+0000] {dagbag.py:588} INFO - Filling up the DagBag from /home/airflow/.local/lib/python3.12/site-packages/airflow/example_dags/tutorial.py
[2025-02-13T00:23:11.804+0000] {processor.py:925} INFO - DAG(s) 'tutorial' retrieved from /home/airflow/.local/lib/python3.12/site-packages/airflow/example_dags/tutorial.py
[2025-02-13T00:23:11.860+0000] {logging_mixin.py:190} INFO - [2025-02-13T00:23:11.860+0000] {dag.py:3239} INFO - Sync 1 DAGs
[2025-02-13T00:23:11.896+0000] {logging_mixin.py:190} INFO - [2025-02-13T00:23:11.896+0000] {dag.py:4180} INFO - Setting next_dagrun for tutorial to 2025-02-12 00:00:00+00:00, run_after=2025-02-13 00:00:00+00:00
[2025-02-13T00:23:11.916+0000] {processor.py:208} INFO - Processing /home/airflow/.local/lib/python3.12/site-packages/airflow/example_dags/tutorial.py took 0.137 seconds
[2025-02-13T00:23:42.124+0000] {processor.py:186} INFO - Started process (PID=2685) to work on /home/airflow/.local/lib/python3.12/site-packages/airflow/example_dags/tutorial.py
[2025-02-13T00:23:42.125+0000] {processor.py:914} INFO - Processing file /home/airflow/.local/lib/python3.12/site-packages/airflow/example_dags/tutorial.py for tasks to queue
[2025-02-13T00:23:42.126+0000] {logging_mixin.py:190} INFO - [2025-02-13T00:23:42.126+0000] {dagbag.py:588} INFO - Filling up the DagBag from /home/airflow/.local/lib/python3.12/site-packages/airflow/example_dags/tutorial.py
[2025-02-13T00:23:42.134+0000] {processor.py:925} INFO - DAG(s) 'tutorial' retrieved from /home/airflow/.local/lib/python3.12/site-packages/airflow/example_dags/tutorial.py
[2025-02-13T00:23:42.150+0000] {logging_mixin.py:190} INFO - [2025-02-13T00:23:42.150+0000] {dag.py:3239} INFO - Sync 1 DAGs
[2025-02-13T00:23:42.175+0000] {logging_mixin.py:190} INFO - [2025-02-13T00:23:42.175+0000] {dag.py:4180} INFO - Setting next_dagrun for tutorial to 2025-02-12 00:00:00+00:00, run_after=2025-02-13 00:00:00+00:00
[2025-02-13T00:23:42.189+0000] {processor.py:208} INFO - Processing /home/airflow/.local/lib/python3.12/site-packages/airflow/example_dags/tutorial.py took 0.070 seconds
[2025-02-13T00:24:12.455+0000] {processor.py:186} INFO - Started process (PID=2743) to work on /home/airflow/.local/lib/python3.12/site-packages/airflow/example_dags/tutorial.py
[2025-02-13T00:24:12.456+0000] {processor.py:914} INFO - Processing file /home/airflow/.local/lib/python3.12/site-packages/airflow/example_dags/tutorial.py for tasks to queue
[2025-02-13T00:24:12.457+0000] {logging_mixin.py:190} INFO - [2025-02-13T00:24:12.457+0000] {dagbag.py:588} INFO - Filling up the DagBag from /home/airflow/.local/lib/python3.12/site-packages/airflow/example_dags/tutorial.py
[2025-02-13T00:24:12.465+0000] {processor.py:925} INFO - DAG(s) 'tutorial' retrieved from /home/airflow/.local/lib/python3.12/site-packages/airflow/example_dags/tutorial.py
[2025-02-13T00:24:12.485+0000] {logging_mixin.py:190} INFO - [2025-02-13T00:24:12.485+0000] {dag.py:3239} INFO - Sync 1 DAGs
[2025-02-13T00:24:12.511+0000] {logging_mixin.py:190} INFO - [2025-02-13T00:24:12.510+0000] {dag.py:4180} INFO - Setting next_dagrun for tutorial to 2025-02-12 00:00:00+00:00, run_after=2025-02-13 00:00:00+00:00
[2025-02-13T00:24:12.526+0000] {processor.py:208} INFO - Processing /home/airflow/.local/lib/python3.12/site-packages/airflow/example_dags/tutorial.py took 0.075 seconds
[2025-02-13T00:24:42.672+0000] {processor.py:186} INFO - Started process (PID=2801) to work on /home/airflow/.local/lib/python3.12/site-packages/airflow/example_dags/tutorial.py
[2025-02-13T00:24:42.673+0000] {processor.py:914} INFO - Processing file /home/airflow/.local/lib/python3.12/site-packages/airflow/example_dags/tutorial.py for tasks to queue
[2025-02-13T00:24:42.675+0000] {logging_mixin.py:190} INFO - [2025-02-13T00:24:42.675+0000] {dagbag.py:588} INFO - Filling up the DagBag from /home/airflow/.local/lib/python3.12/site-packages/airflow/example_dags/tutorial.py
[2025-02-13T00:24:42.685+0000] {processor.py:925} INFO - DAG(s) 'tutorial' retrieved from /home/airflow/.local/lib/python3.12/site-packages/airflow/example_dags/tutorial.py
[2025-02-13T00:24:42.703+0000] {logging_mixin.py:190} INFO - [2025-02-13T00:24:42.703+0000] {dag.py:3239} INFO - Sync 1 DAGs
[2025-02-13T00:24:42.722+0000] {logging_mixin.py:190} INFO - [2025-02-13T00:24:42.722+0000] {dag.py:4180} INFO - Setting next_dagrun for tutorial to 2025-02-12 00:00:00+00:00, run_after=2025-02-13 00:00:00+00:00
[2025-02-13T00:24:42.736+0000] {processor.py:208} INFO - Processing /home/airflow/.local/lib/python3.12/site-packages/airflow/example_dags/tutorial.py took 0.070 seconds
[2025-02-13T00:25:12.918+0000] {processor.py:186} INFO - Started process (PID=2859) to work on /home/airflow/.local/lib/python3.12/site-packages/airflow/example_dags/tutorial.py
[2025-02-13T00:25:12.919+0000] {processor.py:914} INFO - Processing file /home/airflow/.local/lib/python3.12/site-packages/airflow/example_dags/tutorial.py for tasks to queue
[2025-02-13T00:25:12.921+0000] {logging_mixin.py:190} INFO - [2025-02-13T00:25:12.920+0000] {dagbag.py:588} INFO - Filling up the DagBag from /home/airflow/.local/lib/python3.12/site-packages/airflow/example_dags/tutorial.py
[2025-02-13T00:25:12.928+0000] {processor.py:925} INFO - DAG(s) 'tutorial' retrieved from /home/airflow/.local/lib/python3.12/site-packages/airflow/example_dags/tutorial.py
[2025-02-13T00:25:12.944+0000] {logging_mixin.py:190} INFO - [2025-02-13T00:25:12.944+0000] {dag.py:3239} INFO - Sync 1 DAGs
[2025-02-13T00:25:12.963+0000] {logging_mixin.py:190} INFO - [2025-02-13T00:25:12.963+0000] {dag.py:4180} INFO - Setting next_dagrun for tutorial to 2025-02-12 00:00:00+00:00, run_after=2025-02-13 00:00:00+00:00
[2025-02-13T00:25:12.976+0000] {processor.py:208} INFO - Processing /home/airflow/.local/lib/python3.12/site-packages/airflow/example_dags/tutorial.py took 0.063 seconds
[2025-02-13T00:25:43.225+0000] {processor.py:186} INFO - Started process (PID=2917) to work on /home/airflow/.local/lib/python3.12/site-packages/airflow/example_dags/tutorial.py
[2025-02-13T00:25:43.226+0000] {processor.py:914} INFO - Processing file /home/airflow/.local/lib/python3.12/site-packages/airflow/example_dags/tutorial.py for tasks to queue
[2025-02-13T00:25:43.227+0000] {logging_mixin.py:190} INFO - [2025-02-13T00:25:43.227+0000] {dagbag.py:588} INFO - Filling up the DagBag from /home/airflow/.local/lib/python3.12/site-packages/airflow/example_dags/tutorial.py
[2025-02-13T00:25:43.233+0000] {processor.py:925} INFO - DAG(s) 'tutorial' retrieved from /home/airflow/.local/lib/python3.12/site-packages/airflow/example_dags/tutorial.py
[2025-02-13T00:25:43.249+0000] {logging_mixin.py:190} INFO - [2025-02-13T00:25:43.249+0000] {dag.py:3239} INFO - Sync 1 DAGs
[2025-02-13T00:25:43.268+0000] {logging_mixin.py:190} INFO - [2025-02-13T00:25:43.268+0000] {dag.py:4180} INFO - Setting next_dagrun for tutorial to 2025-02-12 00:00:00+00:00, run_after=2025-02-13 00:00:00+00:00
[2025-02-13T00:25:43.281+0000] {processor.py:208} INFO - Processing /home/airflow/.local/lib/python3.12/site-packages/airflow/example_dags/tutorial.py took 0.061 seconds
[2025-02-13T00:26:13.712+0000] {processor.py:186} INFO - Started process (PID=2975) to work on /home/airflow/.local/lib/python3.12/site-packages/airflow/example_dags/tutorial.py
[2025-02-13T00:26:13.712+0000] {processor.py:914} INFO - Processing file /home/airflow/.local/lib/python3.12/site-packages/airflow/example_dags/tutorial.py for tasks to queue
[2025-02-13T00:26:13.714+0000] {logging_mixin.py:190} INFO - [2025-02-13T00:26:13.714+0000] {dagbag.py:588} INFO - Filling up the DagBag from /home/airflow/.local/lib/python3.12/site-packages/airflow/example_dags/tutorial.py
[2025-02-13T00:26:13.721+0000] {processor.py:925} INFO - DAG(s) 'tutorial' retrieved from /home/airflow/.local/lib/python3.12/site-packages/airflow/example_dags/tutorial.py
[2025-02-13T00:26:13.738+0000] {logging_mixin.py:190} INFO - [2025-02-13T00:26:13.738+0000] {dag.py:3239} INFO - Sync 1 DAGs
[2025-02-13T00:26:13.760+0000] {logging_mixin.py:190} INFO - [2025-02-13T00:26:13.760+0000] {dag.py:4180} INFO - Setting next_dagrun for tutorial to 2025-02-12 00:00:00+00:00, run_after=2025-02-13 00:00:00+00:00
[2025-02-13T00:26:13.776+0000] {processor.py:208} INFO - Processing /home/airflow/.local/lib/python3.12/site-packages/airflow/example_dags/tutorial.py took 0.069 seconds
[2025-02-13T00:26:43.986+0000] {processor.py:186} INFO - Started process (PID=3033) to work on /home/airflow/.local/lib/python3.12/site-packages/airflow/example_dags/tutorial.py
[2025-02-13T00:26:43.986+0000] {processor.py:914} INFO - Processing file /home/airflow/.local/lib/python3.12/site-packages/airflow/example_dags/tutorial.py for tasks to queue
[2025-02-13T00:26:43.988+0000] {logging_mixin.py:190} INFO - [2025-02-13T00:26:43.988+0000] {dagbag.py:588} INFO - Filling up the DagBag from /home/airflow/.local/lib/python3.12/site-packages/airflow/example_dags/tutorial.py
[2025-02-13T00:26:43.995+0000] {processor.py:925} INFO - DAG(s) 'tutorial' retrieved from /home/airflow/.local/lib/python3.12/site-packages/airflow/example_dags/tutorial.py
[2025-02-13T00:26:44.011+0000] {logging_mixin.py:190} INFO - [2025-02-13T00:26:44.010+0000] {dag.py:3239} INFO - Sync 1 DAGs
[2025-02-13T00:26:44.029+0000] {logging_mixin.py:190} INFO - [2025-02-13T00:26:44.029+0000] {dag.py:4180} INFO - Setting next_dagrun for tutorial to 2025-02-12 00:00:00+00:00, run_after=2025-02-13 00:00:00+00:00
[2025-02-13T00:26:44.044+0000] {processor.py:208} INFO - Processing /home/airflow/.local/lib/python3.12/site-packages/airflow/example_dags/tutorial.py took 0.063 seconds
[2025-02-13T00:27:14.471+0000] {processor.py:186} INFO - Started process (PID=3091) to work on /home/airflow/.local/lib/python3.12/site-packages/airflow/example_dags/tutorial.py
[2025-02-13T00:27:14.473+0000] {processor.py:914} INFO - Processing file /home/airflow/.local/lib/python3.12/site-packages/airflow/example_dags/tutorial.py for tasks to queue
[2025-02-13T00:27:14.476+0000] {logging_mixin.py:190} INFO - [2025-02-13T00:27:14.475+0000] {dagbag.py:588} INFO - Filling up the DagBag from /home/airflow/.local/lib/python3.12/site-packages/airflow/example_dags/tutorial.py
[2025-02-13T00:27:14.490+0000] {processor.py:925} INFO - DAG(s) 'tutorial' retrieved from /home/airflow/.local/lib/python3.12/site-packages/airflow/example_dags/tutorial.py
[2025-02-13T00:27:14.520+0000] {logging_mixin.py:190} INFO - [2025-02-13T00:27:14.520+0000] {dag.py:3239} INFO - Sync 1 DAGs
[2025-02-13T00:27:14.542+0000] {logging_mixin.py:190} INFO - [2025-02-13T00:27:14.542+0000] {dag.py:4180} INFO - Setting next_dagrun for tutorial to 2025-02-12 00:00:00+00:00, run_after=2025-02-13 00:00:00+00:00
[2025-02-13T00:27:14.558+0000] {processor.py:208} INFO - Processing /home/airflow/.local/lib/python3.12/site-packages/airflow/example_dags/tutorial.py took 0.095 seconds
[2025-02-13T00:27:44.730+0000] {processor.py:186} INFO - Started process (PID=3149) to work on /home/airflow/.local/lib/python3.12/site-packages/airflow/example_dags/tutorial.py
[2025-02-13T00:27:44.730+0000] {processor.py:914} INFO - Processing file /home/airflow/.local/lib/python3.12/site-packages/airflow/example_dags/tutorial.py for tasks to queue
[2025-02-13T00:27:44.732+0000] {logging_mixin.py:190} INFO - [2025-02-13T00:27:44.732+0000] {dagbag.py:588} INFO - Filling up the DagBag from /home/airflow/.local/lib/python3.12/site-packages/airflow/example_dags/tutorial.py
[2025-02-13T00:27:44.738+0000] {processor.py:925} INFO - DAG(s) 'tutorial' retrieved from /home/airflow/.local/lib/python3.12/site-packages/airflow/example_dags/tutorial.py
[2025-02-13T00:27:44.754+0000] {logging_mixin.py:190} INFO - [2025-02-13T00:27:44.754+0000] {dag.py:3239} INFO - Sync 1 DAGs
[2025-02-13T00:27:44.781+0000] {logging_mixin.py:190} INFO - [2025-02-13T00:27:44.781+0000] {dag.py:4180} INFO - Setting next_dagrun for tutorial to 2025-02-12 00:00:00+00:00, run_after=2025-02-13 00:00:00+00:00
[2025-02-13T00:27:44.800+0000] {processor.py:208} INFO - Processing /home/airflow/.local/lib/python3.12/site-packages/airflow/example_dags/tutorial.py took 0.075 seconds
