[2025-02-13T00:01:19.207+0000] {local_task_job_runner.py:123} INFO - ::group::Pre task execution logs
[2025-02-13T00:01:19.256+0000] {taskinstance.py:2614} INFO - Dependencies all met for dep_context=non-requeueable deps ti=<TaskInstance: zip_csv_ingestion.download_zip manual__2025-02-13T00:00:17.977001+00:00 [queued]>
[2025-02-13T00:01:19.281+0000] {taskinstance.py:2614} INFO - Dependencies all met for dep_context=requeueable deps ti=<TaskInstance: zip_csv_ingestion.download_zip manual__2025-02-13T00:00:17.977001+00:00 [queued]>
[2025-02-13T00:01:19.283+0000] {taskinstance.py:2867} INFO - Starting attempt 1 of 2
[2025-02-13T00:01:19.331+0000] {taskinstance.py:2890} INFO - Executing <Task(PythonOperator): download_zip> on 2025-02-13 00:00:17.977001+00:00
[2025-02-13T00:01:19.360+0000] {warnings.py:112} WARNING - /home/***/.local/lib/python3.12/site-packages/***/task/task_runner/standard_task_runner.py:70: DeprecationWarning: This process (pid=50) is multi-threaded, use of fork() may lead to deadlocks in the child.
  pid = os.fork()

[2025-02-13T00:01:19.361+0000] {standard_task_runner.py:72} INFO - Started process 54 to run task
[2025-02-13T00:01:19.366+0000] {standard_task_runner.py:104} INFO - Running: ['***', 'tasks', 'run', 'zip_csv_ingestion', 'download_zip', 'manual__2025-02-13T00:00:17.977001+00:00', '--job-id', '51', '--raw', '--subdir', 'DAGS_FOLDER/csv_to_gcs.py', '--cfg-path', '/tmp/tmpqy0ee993']
[2025-02-13T00:01:19.367+0000] {standard_task_runner.py:105} INFO - Job 51: Subtask download_zip
[2025-02-13T00:01:19.497+0000] {task_command.py:467} INFO - Running <TaskInstance: zip_csv_ingestion.download_zip manual__2025-02-13T00:00:17.977001+00:00 [running]> on host 4e731c556150
[2025-02-13T00:01:19.757+0000] {taskinstance.py:3134} INFO - Exporting env vars: AIRFLOW_CTX_DAG_OWNER='***' AIRFLOW_CTX_DAG_ID='zip_csv_ingestion' AIRFLOW_CTX_TASK_ID='download_zip' AIRFLOW_CTX_EXECUTION_DATE='2025-02-13T00:00:17.977001+00:00' AIRFLOW_CTX_TRY_NUMBER='1' AIRFLOW_CTX_DAG_RUN_ID='manual__2025-02-13T00:00:17.977001+00:00'
[2025-02-13T00:01:19.763+0000] {logging_mixin.py:190} INFO - Task instance is in running state
[2025-02-13T00:01:19.765+0000] {logging_mixin.py:190} INFO -  Previous state of the Task instance: queued
[2025-02-13T00:01:19.766+0000] {logging_mixin.py:190} INFO - Current task name:download_zip state:running start_date:2025-02-13 00:01:19.257489+00:00
[2025-02-13T00:01:19.767+0000] {logging_mixin.py:190} INFO - Dag name:zip_csv_ingestion and current dag run status:running
[2025-02-13T00:01:19.775+0000] {taskinstance.py:732} INFO - ::endgroup::
[2025-02-13T00:01:53.085+0000] {job.py:229} INFO - Heartbeat recovered after 11.62 seconds
[2025-02-13T00:01:59.071+0000] {job.py:229} INFO - Heartbeat recovered after 10.79 seconds
[2025-02-13T00:02:38.023+0000] {logging_mixin.py:190} INFO - Download completed: /tmp/dataset.zip
[2025-02-13T00:02:38.291+0000] {python.py:240} INFO - Done. Returned value was: None
[2025-02-13T00:02:38.326+0000] {taskinstance.py:341} INFO - ::group::Post task execution logs
[2025-02-13T00:02:38.328+0000] {taskinstance.py:353} INFO - Marking task as SUCCESS. dag_id=zip_csv_ingestion, task_id=download_zip, run_id=manual__2025-02-13T00:00:17.977001+00:00, execution_date=20250213T000017, start_date=20250213T000119, end_date=20250213T000238
[2025-02-13T00:02:39.153+0000] {logging_mixin.py:190} INFO - Task instance in success state
[2025-02-13T00:02:39.153+0000] {logging_mixin.py:190} INFO -  Previous state of the Task instance: running
[2025-02-13T00:02:39.154+0000] {logging_mixin.py:190} INFO - Dag name:zip_csv_ingestion queued_at:2025-02-13 00:00:18.326593+00:00
[2025-02-13T00:02:39.154+0000] {logging_mixin.py:190} INFO - Task hostname:4e731c556150 operator:PythonOperator
[2025-02-13T00:02:39.179+0000] {local_task_job_runner.py:266} INFO - Task exited with return code 0
[2025-02-13T00:02:39.223+0000] {taskinstance.py:3901} INFO - 1 downstream tasks scheduled from follow-on schedule check
[2025-02-13T00:02:39.386+0000] {standard_task_runner.py:217} INFO - Process not found (most likely exited), stop collecting metrics
[2025-02-13T00:02:39.738+0000] {local_task_job_runner.py:245} INFO - ::endgroup::
