[2025-02-12T23:01:12.431+0000] {local_task_job_runner.py:123} INFO - ::group::Pre task execution logs
[2025-02-12T23:01:12.479+0000] {taskinstance.py:2614} INFO - Dependencies all met for dep_context=non-requeueable deps ti=<TaskInstance: zip_csv_ingestion.download_zip manual__2025-02-12T23:01:04.521230+00:00 [queued]>
[2025-02-12T23:01:12.508+0000] {taskinstance.py:2614} INFO - Dependencies all met for dep_context=requeueable deps ti=<TaskInstance: zip_csv_ingestion.download_zip manual__2025-02-12T23:01:04.521230+00:00 [queued]>
[2025-02-12T23:01:12.508+0000] {taskinstance.py:2867} INFO - Starting attempt 1 of 2
[2025-02-12T23:01:12.580+0000] {taskinstance.py:2890} INFO - Executing <Task(PythonOperator): download_zip> on 2025-02-12 23:01:04.521230+00:00
[2025-02-12T23:01:12.611+0000] {standard_task_runner.py:104} INFO - Running: ['***', 'tasks', 'run', 'zip_csv_ingestion', 'download_zip', 'manual__2025-02-12T23:01:04.521230+00:00', '--job-id', '33', '--raw', '--subdir', 'DAGS_FOLDER/csv_to_gcs.py', '--cfg-path', '/tmp/tmpykt8crhc']
[2025-02-12T23:01:12.614+0000] {warnings.py:112} WARNING - /home/***/.local/lib/python3.12/site-packages/***/task/task_runner/standard_task_runner.py:70: DeprecationWarning: This process (pid=83) is multi-threaded, use of fork() may lead to deadlocks in the child.
  pid = os.fork()

[2025-02-12T23:01:12.616+0000] {standard_task_runner.py:72} INFO - Started process 85 to run task
[2025-02-12T23:01:12.613+0000] {standard_task_runner.py:105} INFO - Job 33: Subtask download_zip
[2025-02-12T23:01:12.722+0000] {task_command.py:467} INFO - Running <TaskInstance: zip_csv_ingestion.download_zip manual__2025-02-12T23:01:04.521230+00:00 [running]> on host d402094725ac
[2025-02-12T23:01:12.967+0000] {taskinstance.py:3134} INFO - Exporting env vars: AIRFLOW_CTX_DAG_OWNER='***' AIRFLOW_CTX_DAG_ID='zip_csv_ingestion' AIRFLOW_CTX_TASK_ID='download_zip' AIRFLOW_CTX_EXECUTION_DATE='2025-02-12T23:01:04.521230+00:00' AIRFLOW_CTX_TRY_NUMBER='1' AIRFLOW_CTX_DAG_RUN_ID='manual__2025-02-12T23:01:04.521230+00:00'
[2025-02-12T23:01:12.969+0000] {logging_mixin.py:190} INFO - Task instance is in running state
[2025-02-12T23:01:12.969+0000] {logging_mixin.py:190} INFO -  Previous state of the Task instance: queued
[2025-02-12T23:01:12.970+0000] {logging_mixin.py:190} INFO - Current task name:download_zip state:running start_date:2025-02-12 23:01:12.491160+00:00
[2025-02-12T23:01:12.970+0000] {logging_mixin.py:190} INFO - Dag name:zip_csv_ingestion and current dag run status:running
[2025-02-12T23:01:12.970+0000] {taskinstance.py:732} INFO - ::endgroup::
[2025-02-12T23:03:05.572+0000] {logging_mixin.py:190} INFO - Download completed: /tmp/dataset.zip
[2025-02-12T23:03:05.577+0000] {python.py:240} INFO - Done. Returned value was: None
[2025-02-12T23:03:05.597+0000] {taskinstance.py:341} INFO - ::group::Post task execution logs
[2025-02-12T23:03:05.598+0000] {taskinstance.py:353} INFO - Marking task as SUCCESS. dag_id=zip_csv_ingestion, task_id=download_zip, run_id=manual__2025-02-12T23:01:04.521230+00:00, execution_date=20250212T230104, start_date=20250212T230112, end_date=20250212T230305
[2025-02-12T23:03:05.980+0000] {logging_mixin.py:190} INFO - Task instance in success state
[2025-02-12T23:03:05.981+0000] {logging_mixin.py:190} INFO -  Previous state of the Task instance: running
[2025-02-12T23:03:05.981+0000] {logging_mixin.py:190} INFO - Dag name:zip_csv_ingestion queued_at:2025-02-12 23:01:04.537330+00:00
[2025-02-12T23:03:05.982+0000] {logging_mixin.py:190} INFO - Task hostname:d402094725ac operator:PythonOperator
[2025-02-12T23:03:06.030+0000] {local_task_job_runner.py:266} INFO - Task exited with return code 0
[2025-02-12T23:03:06.114+0000] {taskinstance.py:3901} INFO - 1 downstream tasks scheduled from follow-on schedule check
[2025-02-12T23:03:06.122+0000] {local_task_job_runner.py:245} INFO - ::endgroup::
