[2025-02-12T22:18:39.521+0000] {local_task_job_runner.py:123} INFO - ::group::Pre task execution logs
[2025-02-12T22:18:39.592+0000] {taskinstance.py:2614} INFO - Dependencies all met for dep_context=non-requeueable deps ti=<TaskInstance: zip_csv_ingestion.download_zip manual__2025-02-12T22:18:23.423084+00:00 [queued]>
[2025-02-12T22:18:39.624+0000] {taskinstance.py:2614} INFO - Dependencies all met for dep_context=requeueable deps ti=<TaskInstance: zip_csv_ingestion.download_zip manual__2025-02-12T22:18:23.423084+00:00 [queued]>
[2025-02-12T22:18:39.625+0000] {taskinstance.py:2867} INFO - Starting attempt 1 of 2
[2025-02-12T22:18:39.679+0000] {taskinstance.py:2890} INFO - Executing <Task(PythonOperator): download_zip> on 2025-02-12 22:18:23.423084+00:00
[2025-02-12T22:18:39.717+0000] {warnings.py:112} WARNING - /home/***/.local/lib/python3.12/site-packages/***/task/task_runner/standard_task_runner.py:70: DeprecationWarning: This process (pid=95) is multi-threaded, use of fork() may lead to deadlocks in the child.
  pid = os.fork()

[2025-02-12T22:18:39.725+0000] {standard_task_runner.py:72} INFO - Started process 100 to run task
[2025-02-12T22:18:39.731+0000] {standard_task_runner.py:104} INFO - Running: ['***', 'tasks', 'run', 'zip_csv_ingestion', 'download_zip', 'manual__2025-02-12T22:18:23.423084+00:00', '--job-id', '10', '--raw', '--subdir', 'DAGS_FOLDER/csv_to_gcs.py', '--cfg-path', '/tmp/tmpeb2ndpuh']
[2025-02-12T22:18:39.732+0000] {standard_task_runner.py:105} INFO - Job 10: Subtask download_zip
[2025-02-12T22:18:39.819+0000] {task_command.py:467} INFO - Running <TaskInstance: zip_csv_ingestion.download_zip manual__2025-02-12T22:18:23.423084+00:00 [running]> on host d402094725ac
[2025-02-12T22:18:40.934+0000] {taskinstance.py:3134} INFO - Exporting env vars: AIRFLOW_CTX_DAG_OWNER='***' AIRFLOW_CTX_DAG_ID='zip_csv_ingestion' AIRFLOW_CTX_TASK_ID='download_zip' AIRFLOW_CTX_EXECUTION_DATE='2025-02-12T22:18:23.423084+00:00' AIRFLOW_CTX_TRY_NUMBER='1' AIRFLOW_CTX_DAG_RUN_ID='manual__2025-02-12T22:18:23.423084+00:00'
[2025-02-12T22:18:40.935+0000] {logging_mixin.py:190} INFO - Task instance is in running state
[2025-02-12T22:18:40.935+0000] {logging_mixin.py:190} INFO -  Previous state of the Task instance: queued
[2025-02-12T22:18:40.936+0000] {logging_mixin.py:190} INFO - Current task name:download_zip state:running start_date:2025-02-12 22:18:39.593298+00:00
[2025-02-12T22:18:40.937+0000] {logging_mixin.py:190} INFO - Dag name:zip_csv_ingestion and current dag run status:running
[2025-02-12T22:18:40.937+0000] {taskinstance.py:732} INFO - ::endgroup::
[2025-02-12T22:18:42.336+0000] {python.py:240} INFO - Done. Returned value was: None
[2025-02-12T22:18:42.346+0000] {taskinstance.py:341} INFO - ::group::Post task execution logs
[2025-02-12T22:18:42.346+0000] {taskinstance.py:353} INFO - Marking task as SUCCESS. dag_id=zip_csv_ingestion, task_id=download_zip, run_id=manual__2025-02-12T22:18:23.423084+00:00, execution_date=20250212T221823, start_date=20250212T221839, end_date=20250212T221842
[2025-02-12T22:18:42.371+0000] {logging_mixin.py:190} INFO - Task instance in success state
[2025-02-12T22:18:42.372+0000] {logging_mixin.py:190} INFO -  Previous state of the Task instance: running
[2025-02-12T22:18:42.372+0000] {logging_mixin.py:190} INFO - Dag name:zip_csv_ingestion queued_at:2025-02-12 22:18:23.543906+00:00
[2025-02-12T22:18:42.372+0000] {logging_mixin.py:190} INFO - Task hostname:d402094725ac operator:PythonOperator
[2025-02-12T22:18:42.440+0000] {local_task_job_runner.py:266} INFO - Task exited with return code 0
[2025-02-12T22:18:42.709+0000] {taskinstance.py:3901} INFO - 1 downstream tasks scheduled from follow-on schedule check
[2025-02-12T22:18:42.713+0000] {local_task_job_runner.py:245} INFO - ::endgroup::
